==========================================
SLURM_JOB_ID = 18981520
SLURM_NODELIST = c8-74
==========================================
Module slurm/17.11.5 loaded 
Module openmpi/3.0.1 loaded 
Module gcc/7.3.0 loaded 
Module python/2.7.6 loaded 
Module numpy/1.11.1 loaded 
Module dadi/1.7.0 loaded 
Module matplotlib/2.0 loaded 
Module scipy/0.18.0 loaded 
Beginning. Call:
/home/hemstrow/monarch/github/F-H_2018/DADI/demographic_models/run_3d_mods.py /home/hemstrow/monarch/github/F-H_2018/Data/dadi_inputs/ dadi_snps_10kgap.txt 1st_folded_optim_10kgap_snps_dadi_out.txt lgb_p1tb_2f 10 [NAM,HAW,GUA] True 3 [0.1,0.1,1,1,5,5,.1,.1,.1,.1,2,2] [1,1,10,10,20,20,10,10,10,10,4,4] [1e-3,1e-3,1e-3,1e-3,0.01,0.01,0.01,0.01,0.01,0.01,1,1] [150,15,15] fmin

Ready to begin run. Parameters:

Model:
lgb_p1tb_2f
Maxiters:
10
Pops:
['NAM', 'HAW', 'GUA']
Projection:
[150, 15, 15]
Number of segregating sites in projected sfs:
9454.98941724
Folding spectra:
True
Level of parm folding:
3
Optimizer:
fmin
p0:
[  0.70616488   0.02827581   0.6169056    0.5818437    1.56990279  19.8
   0.06146938   0.04460933   0.1453155    0.11096802   3.96         1.01      ]
Upper Bounds:
[1.0, 1.0, 10.0, 10.0, 20.0, 20.0, 10.0, 10.0, 10.0, 10.0, 4.0, 4.0]
Lower Bounds:
[0.001, 0.001, 0.001, 0.001, 0.01, 0.01, 0.01, 0.01, 0.01, 0.01, 1.0, 1.0]

Beginning optimization ************************************************
optimize_log_fmin.
Iter time: 262.140170097
Iter time: 506.18807292
Iter time: 874.231498957
1       , -27484.3    , array([ 0.706165   ,  0.0282758  ,  0.616906   ,  0.581844   ,  1.5699     ,  19.8       ,  0.0614694  ,  0.0446093  ,  0.145316   ,  0.110968   ,  3.96       ,  1.01       ])
Iter time: 266.247428894
Iter time: 508.130337954
Iter time: 878.064042091
2       , -27484.3    , array([ 0.693987   ,  0.0282758  ,  0.616906   ,  0.581844   ,  1.5699     ,  19.8       ,  0.0614694  ,  0.0446093  ,  0.145316   ,  0.110968   ,  3.96       ,  1.01       ])
Iter time: 298.797662973
Iter time: 559.392198086
Iter time: 974.864616871
3       , -27484.4    , array([ 0.706165   ,  0.0236584  ,  0.616906   ,  0.581844   ,  1.5699     ,  19.8       ,  0.0614694  ,  0.0446093  ,  0.145316   ,  0.110968   ,  3.96       ,  1.01       ])
Iter time: 260.44818306
Iter time: 507.865892172
Iter time: 877.16729188
4       , -27497.7    , array([ 0.706165   ,  0.0282758  ,  0.602185   ,  0.581844   ,  1.5699     ,  19.8       ,  0.0614694  ,  0.0446093  ,  0.145316   ,  0.110968   ,  3.96       ,  1.01       ])
Iter time: 265.594601154
Iter time: 518.464694023
Iter time: 885.591839075
5       , -27471.2    , array([ 0.706165   ,  0.0282758  ,  0.616906   ,  0.5663     ,  1.5699     ,  19.8       ,  0.0614694  ,  0.0446093  ,  0.145316   ,  0.110968   ,  3.96       ,  1.01       ])
Iter time: 264.145750999
Iter time: 511.79974699
Iter time: 887.713943005
6       , -27487.2    , array([ 0.706165   ,  0.0282758  ,  0.616906   ,  0.581844   ,  1.60571    ,  19.8       ,  0.0614694  ,  0.0446093  ,  0.145316   ,  0.110968   ,  3.96       ,  1.01       ])
Iter time: 265.273714066
Iter time: 512.808615923
Iter time: 878.948380947
8       , -27838.4    , array([ 0.706165   ,  0.0282758  ,  0.616906   ,  0.581844   ,  1.5699     ,  19.8       ,  0.0534677  ,  0.0446093  ,  0.145316   ,  0.110968   ,  3.96       ,  1.01       ])
Iter time: 260.003577948
Iter time: 507.289833069
Iter time: 147447.795581
9       , -27706      , array([ 0.706165   ,  0.0282758  ,  0.616906   ,  0.581844   ,  1.5699     ,  19.8       ,  0.0614694  ,  0.0381854  ,  0.145316   ,  0.110968   ,  3.96       ,  1.01       ])
Iter time: 263.261790037
Iter time: 513.237886906
Iter time: 872.718697071
10      , -27557.2    , array([ 0.706165   ,  0.0282758  ,  0.616906   ,  0.581844   ,  1.5699     ,  19.8       ,  0.0614694  ,  0.0446093  ,  0.131956   ,  0.110968   ,  3.96       ,  1.01       ])
Iter time: 262.434209108
Iter time: 511.344630003
Iter time: 874.20172286
11      , -27549.8    , array([ 0.706165   ,  0.0282758  ,  0.616906   ,  0.581844   ,  1.5699     ,  19.8       ,  0.0614694  ,  0.0446093  ,  0.145316   ,  0.0994163  ,  3.96       ,  1.01       ])
Iter time: 260.878113031
Iter time: 513.265089035
Iter time: 873.994235992
13      , -27484.3    , array([ 0.706165   ,  0.0282758  ,  0.616906   ,  0.581844   ,  1.5699     ,  19.8       ,  0.0614694  ,  0.0446093  ,  0.145316   ,  0.110968   ,  3.96       ,  1.0105     ])
Iter time: 261.212988853
Iter time: 511.526213169
Iter time: 889.146162987
16      , -27477.7    , array([ 0.70005    ,  0.0282758  ,  0.616906   ,  0.574019   ,  1.5699     ,  19.8       ,  0.0614694  ,  0.0446093  ,  0.145316   ,  0.110968   ,  3.96       ,  1.01       ])
Iter time: 265.637881994
Iter time: 508.427642107
Iter time: 877.763216972
17      , -27477.7    , array([ 0.706165   ,  0.0282758  ,  0.616906   ,  0.574019   ,  1.5699     ,  19.8       ,  0.0614694  ,  0.0446093  ,  0.145316   ,  0.110968   ,  3.96       ,  1.01       ])
Iter time: 265.633164167
Iter time: 513.770880938
Iter time: 887.344208956
18      , -27477.7    , array([ 0.706165   ,  0.0282758  ,  0.616906   ,  0.574019   ,  1.5699     ,  19.8       ,  0.0614694  ,  0.0446093  ,  0.145316   ,  0.110968   ,  3.96       ,  1.01025    ])
Iter time: 272.605324984
Iter time: 540.619884014
Iter time: 922.477288008
19      , -27477.6    , array([ 0.706165   ,  0.0258643  ,  0.616906   ,  0.574019   ,  1.5699     ,  19.8       ,  0.0614694  ,  0.0446093  ,  0.145316   ,  0.110968   ,  3.96       ,  1.01       ])
Iter time: 260.662964106
Iter time: 512.363590956
Iter time: 888.57634902
20      , -27479.1    , array([ 0.706165   ,  0.0282758  ,  0.616906   ,  0.574019   ,  1.5877     ,  19.8       ,  0.0614694  ,  0.0446093  ,  0.145316   ,  0.110968   ,  3.96       ,  1.01       ])
Iter time: 266.153167009
Iter time: 509.386498928
Iter time: 884.79021287
21      , -27484.2    , array([ 0.706165   ,  0.0282758  ,  0.609501   ,  0.574019   ,  1.5699     ,  19.8       ,  0.0614694  ,  0.0446093  ,  0.145316   ,  0.110968   ,  3.96       ,  1.01       ])
Iter time: 269.34653306
Iter time: 511.715548992
Iter time: 879.872979164
22      , -27510.8    , array([ 0.706165   ,  0.0282758  ,  0.616906   ,  0.574019   ,  1.5699     ,  19.8       ,  0.0614694  ,  0.0446093  ,  0.145316   ,  0.105033   ,  3.96       ,  1.01       ])
Iter time: 263.778225899
Iter time: 514.294322014
Iter time: 880.859990835
23      , -27514.6    , array([ 0.706165   ,  0.0282758  ,  0.616906   ,  0.574019   ,  1.5699     ,  19.8       ,  0.0614694  ,  0.0446093  ,  0.138474   ,  0.110968   ,  3.96       ,  1.01       ])
Iter time: 268.319032192
Iter time: 518.419619083
Iter time: 887.415215015
24      , -27590.7    , array([ 0.706165   ,  0.0282758  ,  0.616906   ,  0.574019   ,  1.5699     ,  19.8       ,  0.0614694  ,  0.0412726  ,  0.145316   ,  0.110968   ,  3.96       ,  1.01       ])
Iter time: 261.91069603
Iter time: 516.747275829
Iter time: 879.058137178
25      , -27657.1    , array([ 0.706165   ,  0.0282758  ,  0.616906   ,  0.574019   ,  1.5699     ,  19.8       ,  0.0573291  ,  0.0446093  ,  0.145316   ,  0.110968   ,  3.96       ,  1.01       ])
Iter time: 273.654577017
Iter time: 524.359827042
Iter time: 911.515050173
30      , -27474.4    , array([ 0.706165   ,  0.0270432  ,  0.616906   ,  0.570147   ,  1.5699     ,  19.8       ,  0.0614694  ,  0.0446093  ,  0.145316   ,  0.110968   ,  3.96       ,  1.01       ])
Iter time: 264.891263962
Iter time: 510.740305901
Iter time: 878.033198833
31      , -27474.4    , array([ 0.703101   ,  0.0282758  ,  0.616906   ,  0.570147   ,  1.5699     ,  19.8       ,  0.0614694  ,  0.0446093  ,  0.145316   ,  0.110968   ,  3.96       ,  1.01       ])
Iter time: 266.702990055
Iter time: 514.739200115
Iter time: 877.439779043
32      , -27474.4    , array([ 0.706165   ,  0.0282758  ,  0.616906   ,  0.570147   ,  1.5699     ,  19.8       ,  0.0614694  ,  0.0446093  ,  0.145316   ,  0.110968   ,  3.96       ,  1.01       ])
Iter time: 265.037121058
Iter time: 512.01553297
Iter time: 882.944428205
33      , -27474.4    , array([ 0.706165   ,  0.0282758  ,  0.616906   ,  0.570147   ,  1.5699     ,  19.8       ,  0.0614694  ,  0.0446093  ,  0.145316   ,  0.110968   ,  3.96       ,  1.01013    ])
Iter time: 272.365849972
Iter time: 517.754900932
Iter time: 889.822534084
34      , -27475.1    , array([ 0.706165   ,  0.0282758  ,  0.616906   ,  0.570147   ,  1.57878    ,  19.8       ,  0.0614694  ,  0.0446093  ,  0.145316   ,  0.110968   ,  3.96       ,  1.01       ])
Iter time: 260.328362942
Iter time: 503.322299004
Iter time: 881.230898142
35      , -27477.7    , array([ 0.706165   ,  0.0282758  ,  0.613192   ,  0.570147   ,  1.5699     ,  19.8       ,  0.0614694  ,  0.0446093  ,  0.145316   ,  0.110968   ,  3.96       ,  1.01       ])
Iter time: 261.963752985
Iter time: 511.197350979
Iter time: 868.383205891
36      , -27491.1    , array([ 0.706165   ,  0.0282758  ,  0.616906   ,  0.570147   ,  1.5699     ,  19.8       ,  0.0614694  ,  0.0446093  ,  0.145316   ,  0.10796    ,  3.96       ,  1.01       ])
Iter time: 261.589030981
Iter time: 507.263528824
Iter time: 876.934736013
37      , -27493      , array([ 0.706165   ,  0.0282758  ,  0.616906   ,  0.570147   ,  1.5699     ,  19.8       ,  0.0614694  ,  0.0446093  ,  0.141854   ,  0.110968   ,  3.96       ,  1.01       ])
Iter time: 260.846663952
Iter time: 510.118716002
Iter time: 882.310361862
38      , -27531.5    , array([ 0.706165   ,  0.0282758  ,  0.616906   ,  0.570147   ,  1.5699     ,  19.8       ,  0.0614694  ,  0.0429085  ,  0.145316   ,  0.110968   ,  3.96       ,  1.01       ])
Iter time: 262.389726162
Iter time: 507.020476103
Iter time: 864.200237036
39      , -27564.7    , array([ 0.706165   ,  0.0282758  ,  0.616906   ,  0.570147   ,  1.5699     ,  19.8       ,  0.0593632  ,  0.0446093  ,  0.145316   ,  0.110968   ,  3.96       ,  1.01       ])
Iter time: 266.076914072
Iter time: 507.213088989
Iter time: 897.442164898
42      , -27524.2    , array([ 0.705653   ,  0.0280665  ,  0.616285   ,  0.569504   ,  1.57138    ,  19.9235    ,  0.0611132  ,  0.0443212  ,  0.144733   ,  0.110461   ,  3.89246    ,  1.01002    ])
Iter time: 264.40376997
Iter time: 507.41661191
Iter time: 875.655266047
43      , -27398.6    , array([ 0.705568   ,  0.0280318  ,  0.616182   ,  0.569397   ,  1.57162    ,  19.0944    ,  0.0610541  ,  0.0442734  ,  0.144636   ,  0.110377   ,  3.94866    ,  1.01002    ])
Iter time: 253.753458023
Iter time: 501.802279949
Iter time: 857.523424149
44      , -27301.1    , array([ 0.70527    ,  0.0279106  ,  0.61582    ,  0.569022   ,  1.57249    ,  18.4045    ,  0.0608475  ,  0.0441064  ,  0.144297   ,  0.110082   ,  3.94301    ,  1.01004    ])
Iter time: 270.463541985
Iter time: 515.253125906
Iter time: 890.58413887
45      , -27379.1    , array([ 0.705419   ,  0.0279711  ,  0.616001   ,  0.569209   ,  1.57206    ,  19.5806    ,  0.063481   ,  0.0441898  ,  0.144466   ,  0.110229   ,  3.94583    ,  1.01003    ])
Iter time: 263.873196125
Iter time: 505.219171047
Iter time: 882.214664936
46      , -27387      , array([ 0.705295   ,  0.0279207  ,  0.61585    ,  0.569053   ,  1.57241    ,  19.5442    ,  0.0616358  ,  0.0461673  ,  0.144325   ,  0.110107   ,  3.94348    ,  1.01004    ])
Iter time: 266.810727119
Iter time: 520.389644146
Iter time: 882.892860889
48      , -27486.2    , array([ 0.705676   ,  0.028076   ,  0.616313   ,  0.569533   ,  1.57131    ,  19.7814    ,  0.0613542  ,  0.0444902  ,  0.144759   ,  0.110484   ,  3.92411    ,  1.01002    ])
Iter time: 262.690404892
Iter time: 510.71656394
Iter time: 881.532292128
49      , -27402      , array([ 0.705154   ,  0.0278635  ,  0.615679   ,  0.568876   ,  1.57282    ,  19.4787    ,  0.061704   ,  0.0446902  ,  0.148278   ,  0.109968   ,  3.94605    ,  1.01004    ])
Iter time: 265.206022978
Iter time: 515.419538021
Iter time: 890.064927101
50      , -27389.1    , array([ 0.704985   ,  0.0277954  ,  0.615475   ,  0.568665   ,  1.57331    ,  19.4256    ,  0.0617432  ,  0.0447037  ,  0.145234   ,  0.113379   ,  3.94373    ,  1.01005    ])
Iter time: 267.683784962
Iter time: 511.502707005
Iter time: 880.223500967
51      , -27378.1    , array([ 0.705358   ,  0.0279463  ,  0.615927   ,  0.569133   ,  1.57223    ,  19.3852    ,  0.0619243  ,  0.0448592  ,  0.145871   ,  0.111268   ,  3.98311    ,  1.01003    ])
Iter time: 263.655997992
Iter time: 513.174818993
Iter time: 888.074553967
52      , -27370.1    , array([ 0.704736   ,  0.0276947  ,  0.619521   ,  0.568351   ,  1.57403    ,  19.2987    ,  0.0618843  ,  0.0447811  ,  0.145405   ,  0.110832   ,  3.95084    ,  1.01006    ])
Iter time: 264.455476999
Iter time: 519.014957905
Iter time: 886.067542076
53      , -27354.8    , array([ 0.704498   ,  0.027599   ,  0.616226   ,  0.568053   ,  1.5644     ,  19.2164    ,  0.0619537  ,  0.0448097  ,  0.14542    ,  0.11081    ,  3.94932    ,  1.01007    ])
Iter time: 263.984549046
Iter time: 518.974477053
Iter time: 884.43870616
54      , -27335.6    , array([ 0.70422    ,  0.0274878  ,  0.616113   ,  0.567704   ,  1.57232    ,  19.1208    ,  0.0620348  ,  0.0448432  ,  0.145438   ,  0.110783   ,  3.94754    ,  1.00993    ])
Iter time: 263.512977123
Iter time: 514.417663097
Iter time: 877.833478928
55      , -27312.4    , array([ 0.703897   ,  0.0273586  ,  0.615981   ,  0.567298   ,  1.57272    ,  19.0099    ,  0.0621296  ,  0.0448823  ,  0.145458   ,  0.110752   ,  3.94547    ,  1.01005    ])
Iter time: 266.404270172
Iter time: 515.038109064
Iter time: 891.630908966
56      , -27285.4    , array([ 0.707098   ,  0.0272087  ,  0.615828   ,  0.566825   ,  1.5732     ,  18.8814    ,  0.0622403  ,  0.044928   ,  0.145482   ,  0.110716   ,  3.94305    ,  1.01006    ])
Iter time: 269.464735985
Iter time: 513.212481976
Iter time: 885.514557838
57      , -27190.6    , array([ 0.709105   ,  0.0266903  ,  0.615289   ,  0.565172   ,  1.57484    ,  18.4381    ,  0.0626294  ,  0.0450882  ,  0.145565   ,  0.110591   ,  3.9346     ,  1.01008    ])
Iter time: 253.761487007
Iter time: 501.997920036
Iter time: 857.553071976
58      , -27238      , array([ 0.704517   ,  0.0283867  ,  0.615558   ,  0.565998   ,  1.57402    ,  18.6584    ,  0.0624345  ,  0.045008   ,  0.145524   ,  0.110654   ,  3.93882    ,  1.01007    ])
Iter time: 261.273684025
Iter time: 504.767965078
Iter time: 880.881303072
59      , -27202.3    , array([ 0.704243   ,  0.0271669  ,  0.615334   ,  0.569792   ,  1.57471    ,  18.4747    ,  0.0625969  ,  0.0450748  ,  0.145558   ,  0.110601   ,  3.93531    ,  1.01008    ])
Iter time: 264.011947155
Iter time: 510.617143154
Iter time: 874.26522994
60      , -27237.9    , array([ 0.705101   ,  0.0274528  ,  0.616502   ,  0.567363   ,  1.5721     ,  18.6146    ,  0.0625083  ,  0.0450575  ,  0.14221    ,  0.111714   ,  3.94742    ,  1.01005    ])
Iter time: 262.809540033
Iter time: 500.60574007
Iter time: 874.184475899
61      , -27226.2    , array([ 0.705289   ,  0.0274633  ,  0.616878   ,  0.567358   ,  1.57141    ,  18.5332    ,  0.062597   ,  0.0451032  ,  0.144684   ,  0.108086   ,  3.95036    ,  1.01004    ])
Iter time: 258.746014118
Iter time: 511.571125984
Iter time: 868.731429815
62      , -27198.3    , array([ 0.704978   ,  0.0272649  ,  0.616674   ,  0.566688   ,  1.57213    ,  18.2583    ,  0.062868   ,  0.0435039  ,  0.145654   ,  0.110956   ,  3.95176    ,  1.01005    ])
Iter time: 257.932018995
Iter time: 502.768748999
Iter time: 858.181426048
63      , -27175.5    , array([ 0.704781   ,  0.0270999  ,  0.616635   ,  0.566114   ,  1.57251    ,  18.0133    ,  0.060942   ,  0.0453323  ,  0.145711   ,  0.110954   ,  3.95039    ,  1.01006    ])
Iter time: 261.114684105
Iter time: 501.186782122
Iter time: 862.449645996
64      , -27068.6    , array([ 0.704462   ,  0.0266746  ,  0.616952   ,  0.564573   ,  1.57273    ,  17.2774    ,  0.0597108  ,  0.0459146  ,  0.146337   ,  0.111317   ,  3.95267    ,  1.01008    ])
Iter time: 262.30725503
Iter time: 503.382069111
Iter time: 870.221301079
65      , -27127.6    , array([ 0.704692   ,  0.0269143  ,  0.61688    ,  0.565432   ,  1.57241    ,  17.8491    ,  0.0620961  ,  0.0448293  ,  0.144384   ,  0.109926   ,  3.90842    ,  1.01007    ])
Iter time: 258.997575045
Iter time: 498.263898134
Iter time: 862.252177
66      , -27095.4    , array([ 0.705307   ,  0.0270297  ,  0.612864   ,  0.565723   ,  1.57035    ,  17.6973    ,  0.0621717  ,  0.0449156  ,  0.144677   ,  0.110207   ,  3.93326    ,  1.01004    ])
Iter time: 256.274919033
Iter time: 496.98109889
Iter time: 856.585165024
67      , -27067      , array([ 0.70568    ,  0.0270294  ,  0.615579   ,  0.565633   ,  1.58102    ,  17.5308    ,  0.0621383  ,  0.0449045  ,  0.144538   ,  0.11013    ,  3.93211    ,  1.01003    ])
Iter time: 257.458395004
Iter time: 485.360770941
Iter time: 841.444365025
68      , -26920.6    , array([ 0.706273   ,  0.0267489  ,  0.615256   ,  0.564427   ,  1.58939    ,  16.7443    ,  0.0622308  ,  0.0449519  ,  0.144099   ,  0.109792   ,  3.92353    ,  1.01001    ])
Iter time: 254.993693829
Iter time: 491.066840887
Iter time: 848.348556042
69      , -27016.6    , array([ 0.706301   ,  0.0270157  ,  0.61555    ,  0.565434   ,  1.57588    ,  17.233     ,  0.0620897  ,  0.0448891  ,  0.144298   ,  0.109991   ,  3.92988    ,  1.01017    ])
Iter time: 254.185364008
Iter time: 492.001621008
Iter time: 840.928846836
70      , -26989.9    , array([ 0.707027   ,  0.0270863  ,  0.61561    ,  0.565529   ,  1.57601    ,  17.0523    ,  0.0619884  ,  0.0448511  ,  0.144086   ,  0.109895   ,  3.92935    ,  1.01008    ])
Iter time: 259.57809186
Iter time: 506.930049896
Iter time: 870.785616159
71      , -26953.8    , array([ 0.705944   ,  0.0264183  ,  0.615736   ,  0.563237   ,  1.57683    ,  17.3907    ,  0.0634909  ,  0.0457676  ,  0.145209   ,  0.110533   ,  3.92953    ,  1.0101     ])
Iter time: 261.807497025
Iter time: 506.592643976
Iter time: 866.9824121
72      , -26965.6    , array([ 0.706936   ,  0.025666   ,  0.616027   ,  0.565786   ,  1.57577    ,  16.954     ,  0.0620502  ,  0.0449761  ,  0.143934   ,  0.109942   ,  3.93215    ,  1.01007    ])
Iter time: 252.303946018
Iter time: 499.948801041
Iter time: 861.635039806
73      , -26920.2    , array([ 0.706657   ,  0.0262431  ,  0.615005   ,  0.564162   ,  1.57831    ,  16.7314    ,  0.0619011  ,  0.0449131  ,  0.147583   ,  0.108608   ,  3.92106    ,  1.0101     ])
Iter time: 253.18051815
Iter time: 486.632069111
Iter time: 852.948720932
74      , -26757.3    , array([ 0.707436   ,  0.0256583  ,  0.614258   ,  0.562568   ,  1.58142    ,  15.8625    ,  0.0615996  ,  0.0448411  ,  0.150345   ,  0.107088   ,  3.90794    ,  1.01012    ])
Iter time: 257.164217949
Iter time: 486.139207125
Iter time: 850.632647038
75      , -26851.6    , array([ 0.706827   ,  0.0259375  ,  0.614195   ,  0.563371   ,  1.58067    ,  16.3747    ,  0.0616481  ,  0.0448241  ,  0.145991   ,  0.112081   ,  3.9111     ,  1.01012    ])
Iter time: 253.239876986
Iter time: 497.517999887
Iter time: 841.845369816
76      , -26816.2    , array([ 0.708309   ,  0.0260189  ,  0.615545   ,  0.559906   ,  1.57836    ,  16.0995    ,  0.0614915  ,  0.0448106  ,  0.145186   ,  0.109775   ,  3.92202    ,  1.01008    ])
Iter time: 252.340073824
Iter time: 492.956310987
Iter time: 843.231795073
77      , -26759.2    , array([ 0.708126   ,  0.025724   ,  0.614021   ,  0.561843   ,  1.58198    ,  15.9521    ,  0.0610008  ,  0.0466583  ,  0.145013   ,  0.109229   ,  3.90078    ,  1.01012    ])
Iter time: 244.933140039
Iter time: 484.429782152
Iter time: 822.276027918
78      , -26688.8    , array([ 0.703843   ,  0.0261168  ,  0.615191   ,  0.562797   ,  1.58045    ,  15.4198    ,  0.0609649  ,  0.0452764  ,  0.145009   ,  0.109364   ,  3.91215    ,  1.01009    ])
Iter time: 240.026018143
Iter time: 474.300598145
Iter time: 802.860954046
79      , -26425.6    , array([ 0.701227   ,  0.0258347  ,  0.615142   ,  0.561613   ,  1.58326    ,  14.1014    ,  0.0601493  ,  0.0453708  ,  0.144732   ,  0.108755   ,  3.90098    ,  1.0101     ])
Iter time: 250.786227942
Iter time: 487.559596062
Iter time: 828.875635862
80      , -26641.4    , array([ 0.707669   ,  0.0257234  ,  0.613316   ,  0.561903   ,  1.5847     ,  15.3151    ,  0.0611629  ,  0.0456291  ,  0.146254   ,  0.109829   ,  3.93711    ,  1.01012    ])
Iter time: 252.983855009
Iter time: 489.687898874
Iter time: 836.498129129
81      , -26597.3    , array([ 0.707446   ,  0.0254029  ,  0.617411   ,  0.560979   ,  1.5892     ,  15.0788    ,  0.0609223  ,  0.0456612  ,  0.146222   ,  0.109485   ,  3.91289    ,  1.01015    ])
Iter time: 250.783529997
Iter time: 484.042062998
Iter time: 830.720312834
82      , -26549.5    , array([ 0.708794   ,  0.0255324  ,  0.613396   ,  0.561525   ,  1.58954    ,  15.0988    ,  0.0636458  ,  0.0446266  ,  0.144545   ,  0.108094   ,  3.88711    ,  1.01013    ])
Iter time: 254.246811867
Iter time: 492.910470009
Iter time: 838.942350149
83      , -26521.5    , array([ 0.707363   ,  0.0249738  ,  0.614434   ,  0.560021   ,  1.58865    ,  14.8078    ,  0.0614602  ,  0.0456015  ,  0.146628   ,  0.109081   ,  3.90253    ,  1.01003    ])
Iter time: 253.636631012
Iter time: 489.750149012
Iter time: 844.292793036
84      , -26470.5    , array([ 0.706692   ,  0.0245739  ,  0.614179   ,  0.559015   ,  1.59064    ,  14.6168    ,  0.0614729  ,  0.0457665  ,  0.147274   ,  0.109041   ,  3.8986     ,  1.01011    ])
Iter time: 243.665943146
Iter time: 473.611394167
Iter time: 811.966651917
85      , -26411.4    , array([ 0.706743   ,  0.0257465  ,  0.613455   ,  0.557641   ,  1.59338    ,  14.3425    ,  0.0613161  ,  0.045772   ,  0.147994   ,  0.108845   ,  3.89026    ,  1.01013    ])
Iter time: 236.650557995
Iter time: 457.795926094
Iter time: 795.11995697
86      , -26129.6    , array([ 0.706646   ,  0.0257868  ,  0.612173   ,  0.553613   ,  1.60226    ,  13.1917    ,  0.0609524  ,  0.0461753  ,  0.150066   ,  0.1083     ,  3.86948    ,  1.01016    ])
Iter time: 239.332397938
Iter time: 462.438544989
Iter time: 805.255403996
87      , -26268.2    , array([ 0.707854   ,  0.0249127  ,  0.613152   ,  0.558557   ,  1.59655    ,  13.353     ,  0.0595187  ,  0.045047   ,  0.1475     ,  0.107896   ,  3.88288    ,  1.01011    ])
Iter time: 244.205410004
Iter time: 475.928240061
Iter time: 817.15820694
88      , -26205.7    , array([ 0.707788   ,  0.0243148  ,  0.613279   ,  0.556409   ,  1.58512    ,  13.3551    ,  0.0602745  ,  0.0458805  ,  0.149216   ,  0.108309   ,  3.88207    ,  1.01022    ])
Iter time: 240.568299055
Iter time: 586.533941031
Iter time: 813.390929937
89      , -26170.7    , array([ 0.707393   ,  0.024807   ,  0.614187   ,  0.556299   ,  1.59461    ,  13.2004    ,  0.0606161  ,  0.0461903  ,  0.147819   ,  0.105494   ,  3.88958    ,  1.01012    ])
Iter time: 238.778081894
Iter time: 464.509114027
Iter time: 809.64606595
90      , -26099.8    , array([ 0.705761   ,  0.0245336  ,  0.612613   ,  0.559139   ,  1.59968    ,  12.9891    ,  0.0606255  ,  0.0464383  ,  0.149085   ,  0.106998   ,  3.87338    ,  1.01016    ])
Iter time: 232.782770872
Iter time: 457.395493031
Iter time: 791.200265884
91      , -25738.4    , array([ 0.704491   ,  0.023823   ,  0.611152   ,  0.558756   ,  1.61045    ,  11.667     ,  0.0601971  ,  0.0472742  ,  0.151073   ,  0.105636   ,  3.84928    ,  1.0102     ])
Iter time: 236.60693717
Iter time: 460.469825983
Iter time: 795.466990948
92      , -25979.8    , array([ 0.705338   ,  0.0244993  ,  0.613655   ,  0.556699   ,  1.60077    ,  12.4431    ,  0.0609782  ,  0.044697   ,  0.150285   ,  0.106934   ,  3.88586    ,  1.01014    ])
Iter time: 232.402399063
Iter time: 458.385764837
Iter time: 780.36204505
93      , -25851.4    , array([ 0.705676   ,  0.0243735  ,  0.613318   ,  0.555012   ,  1.60458    ,  12.0171    ,  0.0602835  ,  0.0464835  ,  0.144945   ,  0.109047   ,  3.87508    ,  1.01014    ])
Iter time: 233.790358067
Iter time: 457.313567877
Iter time: 789.831023932
94      , -25840.6    , array([ 0.705113   ,  0.0240945  ,  0.61426    ,  0.554527   ,  1.60459    ,  11.9536    ,  0.0605676  ,  0.0458221  ,  0.148776   ,  0.106199   ,  3.8362     ,  1.01015    ])
Iter time: 230.382243156
Iter time: 459.362987995
Iter time: 784.44018507
95      , -25759.1    , array([ 0.704947   ,  0.0241843  ,  0.609666   ,  0.55437    ,  1.60262    ,  11.68      ,  0.0607476  ,  0.0458167  ,  0.149238   ,  0.105992   ,  3.84724    ,  1.01012    ])
Iter time: 233.012717962
Iter time: 446.849220991
Iter time: 779.460786104
96      , -25665.6    , array([ 0.702968   ,  0.0238451  ,  0.613034   ,  0.552649   ,  1.60446    ,  11.1759    ,  0.0576982  ,  0.047085   ,  0.151777   ,  0.107005   ,  3.8661     ,  1.01014    ])
Iter time: 225.680548906
Iter time: 439.055468082
Iter time: 758.044754028
97      , -25210.8    , array([ 0.700074   ,  0.0230437  ,  0.612853   ,  0.548264   ,  1.61198    ,  9.61503    ,  0.0549362  ,  0.0483646  ,  0.155528   ,  0.106465   ,  3.85564    ,  1.01014    ])
Iter time: 227.988572836
Iter time: 440.194875956
Iter time: 780.548013926
98      , -25481.3    , array([ 0.703175   ,  0.0240538  ,  0.611735   ,  0.552177   ,  1.60927    ,  10.6042    ,  0.0586429  ,  0.0465323  ,  0.151097   ,  0.105609   ,  3.84308    ,  1.01026    ])
Iter time: 221.065707207
Iter time: 699.171814919
Iter time: 752.226779938
99      , -25365      , array([ 0.703258   ,  0.0243583  ,  0.611583   ,  0.552037   ,  1.61038    ,  10.1833    ,  0.058172   ,  0.046493   ,  0.151079   ,  0.105087   ,  3.83776    ,  1.0102     ])
Iter time: 231.320072174
Iter time: 445.659018993
Iter time: 771.566748857
100     , -25244.7    , array([ 0.709081   ,  0.0229434  ,  0.610035   ,  0.54791    ,  1.62248    ,  9.99804    ,  0.0591218  ,  0.0470898  ,  0.154835   ,  0.104762   ,  3.82499    ,  1.01023    ])
Iter time: 229.02105999
Iter time: 443.265270948
Iter time: 768.872465134
101     , -25234.8    , array([ 0.702645   ,  0.0234682  ,  0.611495   ,  0.549143   ,  1.61329    ,  10.0613    ,  0.0596817  ,  0.0477803  ,  0.153163   ,  0.105079   ,  3.83321    ,  1.01024    ])
Iter time: 226.985310078
Iter time: 430.676361084
Iter time: 741.823940039
102     , -25130.7    , array([ 0.701856   ,  0.0239037  ,  0.611071   ,  0.550057   ,  1.62971    ,  9.59591    ,  0.0588363  ,  0.0472305  ,  0.152063   ,  0.104151   ,  3.82592    ,  1.01013    ])
Iter time: 217.430662155
Iter time: 419.858396053
Iter time: 720.960175991
103     , -24595.9    , array([ 0.698909   ,  0.0237007  ,  0.60997    ,  0.546908   ,  1.65247    ,  8.13403    ,  0.0581302  ,  0.0479203  ,  0.153506   ,  0.102132   ,  3.79815    ,  1.01009    ])
Iter time: 222.793651104
Iter time: 433.510394812
Iter time: 747.646482944
104     , -24899.7    , array([ 0.700837   ,  0.023252   ,  0.609468   ,  0.548607   ,  1.62966    ,  8.95569    ,  0.0580978  ,  0.0472021  ,  0.154469   ,  0.106355   ,  3.80343    ,  1.01022    ])
Iter time: 225.948704958
Iter time: 445.175055981
Iter time: 762.846122026
105     , -24731.6    , array([ 0.700614   ,  0.021986   ,  0.611022   ,  0.550435   ,  1.62647    ,  8.4014     ,  0.0573173  ,  0.0473909  ,  0.15289    ,  0.103286   ,  3.81223    ,  1.0102     ])
Iter time: 224.233975887
Iter time: 436.33531189
Iter time: 738.389979839
106     , -24680.4    , array([ 0.701128   ,  0.0227277  ,  0.60911    ,  0.546352   ,  1.63231    ,  8.34249    ,  0.0567048  ,  0.0494381  ,  0.153106   ,  0.104002   ,  3.78408    ,  1.01022    ])
Iter time: 219.300776005
Iter time: 432.077196121
Iter time: 730.382793903
107     , -24614.3    , array([ 0.700037   ,  0.0225803  ,  0.608745   ,  0.546579   ,  1.63309    ,  8.12843    ,  0.0567762  ,  0.0480289  ,  0.160202   ,  0.101185   ,  3.77961    ,  1.01023    ])
Iter time: 216.768059015
Iter time: 421.926056862
Iter time: 726.936714888
108     , -24419.4    , array([ 0.699753   ,  0.0225961  ,  0.606899   ,  0.545742   ,  1.63788    ,  7.66289    ,  0.0559044  ,  0.0491056  ,  0.158013   ,  0.103065   ,  3.80847    ,  1.01024    ])
Iter time: 212.001649141
Iter time: 418.095644951
Iter time: 714.185608864
109     , -23698      , array([ 0.697088   ,  0.0218822  ,  0.603251   ,  0.541402   ,  1.65479    ,  6.13535    ,  0.0537092  ,  0.0508346  ,  0.162845   ,  0.101532   ,  3.79468    ,  1.01028    ])
Iter time: 222.393137932
Iter time: 418.38165617
Iter time: 728.923619032
110     , -24157.1    , array([ 0.698611   ,  0.0221399  ,  0.610395   ,  0.543747   ,  1.64867    ,  7.04449    ,  0.0546063  ,  0.0499695  ,  0.159831   ,  0.102529   ,  3.78885    ,  1.0103     ])
Iter time: 214.37804389
Iter time: 420.441417933
Iter time: 714.077457905
111     , -23902.7    , array([ 0.698088   ,  0.0222029  ,  0.608785   ,  0.537036   ,  1.64708    ,  6.48353    ,  0.0542178  ,  0.0488784  ,  0.15938    ,  0.102364   ,  3.77686    ,  1.01023    ])
Iter time: 217.884207964
Iter time: 414.864694834
Iter time: 723.493556976
112     , -23909.7    , array([ 0.698548   ,  0.0216984  ,  0.607715   ,  0.540923   ,  1.65468    ,  6.57179    ,  0.0549317  ,  0.0500665  ,  0.160779   ,  0.101858   ,  3.77202    ,  1.01017    ])
Iter time: 218.894479036
Iter time: 426.043588877
Iter time: 723.724084139
113     , -23783.8    , array([ 0.697684   ,  0.0210182  ,  0.607224   ,  0.539229   ,  1.66104    ,  6.36171    ,  0.0548498  ,  0.0507311  ,  0.162475   ,  0.101834   ,  3.76638    ,  1.01022    ])
Iter time: 205.912304878
Iter time: 401.145915031
Iter time: 706.919630051
114     , -23646      , array([ 0.690088   ,  0.0219907  ,  0.608296   ,  0.541846   ,  1.65512    ,  6.00928    ,  0.0532982  ,  0.0507138  ,  0.159811   ,  0.101668   ,  3.76924    ,  1.01019    ])
Iter time: 200.641128778
Iter time: 389.019789934
Iter time: 677.836445808
115     , -22807.7    , array([ 0.680784   ,  0.0215293  ,  0.607428   ,  0.538839   ,  1.67168    ,  4.65882    ,  0.0506052  ,  0.0526291  ,  0.162358   ,  0.100155   ,  3.74167    ,  1.01018    ])
Iter time: 213.053480864
Iter time: 403.885565996
Iter time: 716.296056986
116     , -23233.3    , array([ 0.69275    ,  0.0211922  ,  0.606169   ,  0.538925   ,  1.67443    ,  5.25235    ,  0.0513663  ,  0.0507926  ,  0.163133   ,  0.100554   ,  3.74604    ,  1.01017    ])
Iter time: 208.052725077
Iter time: 405.438341856
Iter time: 702.841987133
117     , -22945.6    , array([ 0.694077   ,  0.0212833  ,  0.603722   ,  0.538246   ,  1.68645    ,  4.96924    ,  0.055182   ,  0.0505904  ,  0.161936   ,  0.0983041  ,  3.70639    ,  1.01028    ])
Iter time: 208.319388151
Iter time: 408.778356075
Iter time: 707.999374866
118     , -22923.4    , array([ 0.692201   ,  0.020784   ,  0.606117   ,  0.536203   ,  1.6777     ,  4.83623    ,  0.0517332  ,  0.0524387  ,  0.164334   ,  0.0971234  ,  3.74112    ,  1.01021    ])
Iter time: 204.153611183
Iter time: 393.807493925
Iter time: 677.80366993
119     , -22804.6    , array([ 0.691029   ,  0.0217758  ,  0.603763   ,  0.532094   ,  1.6897     ,  4.70198    ,  0.0515495  ,  0.0531183  ,  0.168041   ,  0.0989888  ,  3.72078    ,  1.01023    ])
Iter time: 193.702888012
Iter time: 373.603494883
Iter time: 641.211413145
120     , -21894.2    , array([ 0.686286   ,  0.0216715  ,  0.600166   ,  0.523154   ,  1.72223    ,  3.51759    ,  0.0488871  ,  0.0562366  ,  0.17617    ,  0.0969077  ,  3.67588    ,  1.01025    ])
Iter time: 207.071484089
Iter time: 391.102608919
Iter time: 681.809963942
121     , -22374.4    , array([ 0.688065   ,  0.0208987  ,  0.604168   ,  0.532208   ,  1.69877    ,  4.10042    ,  0.0508338  ,  0.0520239  ,  0.171775   ,  0.0971567  ,  3.73039    ,  1.01022    ])
Iter time: 199.918360949
Iter time: 390.043931961
Iter time: 680.135416985
122     , -22093.8    , array([ 0.687159   ,  0.0207656  ,  0.603769   ,  0.52963    ,  1.70916    ,  3.7548     ,  0.0498429  ,  0.0542682  ,  0.166085   ,  0.0991872  ,  3.72664    ,  1.0102     ])
Iter time: 207.340281963
Iter time: 404.350713015
Iter time: 699.900889874
123     , -21749.7    , array([ 0.686325   ,  0.0193528  ,  0.601532   ,  0.526487   ,  1.69863    ,  3.29864    ,  0.0474499  ,  0.0555306  ,  0.17562    ,  0.0977902  ,  3.69672    ,  1.01036    ])
Iter time: 200.627819061
Iter time: 396.899505854
Iter time: 679.638789892
124     , -20861.7    , array([ 0.680118   ,  0.0174878  ,  0.597357   ,  0.516564   ,  1.7222     ,  2.10063    ,  0.0428699  ,  0.0597777  ,  0.187843   ,  0.0956892  ,  3.64702    ,  1.0105     ])
Iter time: 199.416262865
Iter time: 390.816956997
Iter time: 671.356770039
125     , -21586.7    , array([ 0.683556   ,  0.0199184  ,  0.598954   ,  0.52504    ,  1.71498    ,  3.11321    ,  0.0485153  ,  0.0548681  ,  0.173271   ,  0.0962972  ,  3.68231    ,  1.01018    ])
Iter time: 198.317228079
Iter time: 387.792409897
Iter time: 667.023797035
126     , -21472.6    , array([ 0.68115    ,  0.0200359  ,  0.600141   ,  0.525166   ,  1.71897    ,  2.94642    ,  0.0472399  ,  0.0556041  ,  0.174411   ,  0.0960283  ,  3.68393    ,  1.01032    ])
Iter time: 201.12199688
Iter time: 389.785079956
Iter time: 674.82873106
127     , -21199.7    , array([ 0.678814   ,  0.0192483  ,  0.597661   ,  0.527      ,  1.73924    ,  2.61867    ,  0.0467754  ,  0.0581927  ,  0.178605   ,  0.0945421  ,  3.66396    ,  1.01027    ])
Iter time: 186.497558832
Iter time: 363.81085515
Iter time: 616.828667879
128     , -20977.1    , array([ 0.67611    ,  0.0200373  ,  0.597614   ,  0.522854   ,  1.7379     ,  2.30181    ,  0.0450254  ,  0.0573645  ,  0.177989   ,  0.0938644  ,  3.65731    ,  1.01029    ])
Iter time: 183.093567133
Iter time: 362.677237988
Iter time: 619.836958885
129     , -20777.6    , array([ 0.673251   ,  0.0189657  ,  0.600609   ,  0.517739   ,  1.75878    ,  2.02694    ,  0.0446498  ,  0.0584125  ,  0.180236   ,  0.0929192  ,  3.6078     ,  1.01023    ])
Iter time: 156.921068907
Iter time: 303.743878126
Iter time: 524.656604052
130     , -20174      , array([ 0.66164    ,  0.0176566  ,  0.599292   ,  0.506299   ,  1.8132     ,  1.16505    ,  0.0407103  ,  0.0626151  ,  0.189616   ,  0.0888907  ,  3.51783    ,  1.01021    ])
Iter time: 174.493277073
Iter time: 348.355120897
Iter time: 595.937635183
131     , -20587.3    , array([ 0.672298   ,  0.0189965  ,  0.596582   ,  0.514733   ,  1.76136    ,  1.84215    ,  0.0449118  ,  0.0605356  ,  0.184486   ,  0.0919154  ,  3.61656    ,  1.01034    ])
