==========================================
SLURM_JOB_ID = 18981442
SLURM_NODELIST = c8-65
==========================================
Module slurm/17.11.5 loaded 
Module openmpi/3.0.1 loaded 
Module gcc/7.3.0 loaded 
Module python/2.7.6 loaded 
Module numpy/1.11.1 loaded 
Module dadi/1.7.0 loaded 
Module matplotlib/2.0 loaded 
Module scipy/0.18.0 loaded 
Beginning. Call:
/home/hemstrow/monarch/github/F-H_2018/DADI/demographic_models/run_3d_mods.py /home/hemstrow/monarch/github/F-H_2018/Data/dadi_inputs/ dadi_snps_10kgap.txt 1st_folded_optim_10kgap_snps_dadi_out.txt cgrowth 10 [NAM,HAW,GUA] True 3 [0.1,0.1,0.5,0.5,5,5,.1,.1,.1,.1] [1,1,5,5,20,20,10,10,10,10] [.001,.001,.001,.001,.01,.01,.01,.01,.01,.01] [150,15,15] fmin

Ready to begin run. Parameters:

Model:
cgrowth
Maxiters:
10
Pops:
['NAM', 'HAW', 'GUA']
Projection:
[150, 15, 15]
Number of segregating sites in projected sfs:
9454.98941724
Folding spectra:
True
Level of parm folding:
3
Optimizer:
fmin
p0:
[  2.51842756e-01   1.26720483e-02   5.11813675e-01   3.34926936e+00
   3.63946055e+00   1.98000000e+01   1.46566084e-02   6.20228842e-01
   1.80017241e-01   5.05090159e-02]
Upper Bounds:
[1.0, 1.0, 5.0, 5.0, 20.0, 20.0, 10.0, 10.0, 10.0, 10.0]
Lower Bounds:
[0.001, 0.001, 0.001, 0.001, 0.01, 0.01, 0.01, 0.01, 0.01, 0.01]

Beginning optimization ************************************************
optimize_log_fmin.
Iter time: 953.107529163
Iter time: 1856.80022216
Iter time: 3204.37103295
1       , -29523.5    , array([ 0.251843   ,  0.012672   ,  0.511814   ,  3.34927    ,  3.63946    ,  19.8       ,  0.0146566  ,  0.620229   ,  0.180017   ,  0.050509   ])
Iter time: 951.675652981
Iter time: 1855.96016002
Iter time: 3206.06367683
2       , -29523.4    , array([ 0.235064   ,  0.012672   ,  0.511814   ,  3.34927    ,  3.63946    ,  19.8       ,  0.0146566  ,  0.620229   ,  0.180017   ,  0.050509   ])
Iter time: 147586.300366
Iter time: 2310.75389099
Iter time: 3798.13817
3       , -29510.8    , array([ 0.251843   ,  0.0101857  ,  0.511814   ,  3.34927    ,  3.63946    ,  19.8       ,  0.0146566  ,  0.620229   ,  0.180017   ,  0.050509   ])
Iter time: 953.259222984
Iter time: 1851.66219211
Iter time: 3219.105129
4       , -29549.5    , array([ 0.251843   ,  0.012672   ,  0.494957   ,  3.34927    ,  3.63946    ,  19.8       ,  0.0146566  ,  0.620229   ,  0.180017   ,  0.050509   ])
Iter time: 945.866826057
Iter time: 1836.57632494
Iter time: 3179.94071293
5       , -29632.6    , array([ 0.251843   ,  0.012672   ,  0.511814   ,  3.55793    ,  3.63946    ,  19.8       ,  0.0146566  ,  0.620229   ,  0.180017   ,  0.050509   ])
Iter time: 953.63478303
Iter time: 1855.07303214
Iter time: 3205.15060401
6       , -29554.2    , array([ 0.251843   ,  0.012672   ,  0.511814   ,  3.34927    ,  3.8823     ,  19.8       ,  0.0146566  ,  0.620229   ,  0.180017   ,  0.050509   ])
Iter time: 951.393418074
Iter time: 1852.51259494
Iter time: 3212.30482912
8       , -29814.4    , array([ 0.251843   ,  0.012672   ,  0.511814   ,  3.34927    ,  3.63946    ,  19.8       ,  0.0118668  ,  0.620229   ,  0.180017   ,  0.050509   ])
Iter time: 949.509959936
Iter time: 1850.65044308
Iter time: 3199.64127088
9       , -29557.4    , array([ 0.251843   ,  0.012672   ,  0.511814   ,  3.34927    ,  3.63946    ,  19.8       ,  0.0146566  ,  0.605591   ,  0.180017   ,  0.050509   ])
Iter time: 951.058052063
Iter time: 1851.72148085
Iter time: 3198.41329813
10      , -29484.4    , array([ 0.251843   ,  0.012672   ,  0.511814   ,  3.34927    ,  3.63946    ,  19.8       ,  0.0146566  ,  0.620229   ,  0.165227   ,  0.050509   ])
Iter time: 956.261507988
Iter time: 1852.72416401
Iter time: 3215.59568095
11      , -29853.5    , array([ 0.251843   ,  0.012672   ,  0.511814   ,  3.34927    ,  3.63946    ,  19.8       ,  0.0146566  ,  0.620229   ,  0.180017   ,  0.0435048  ])
Iter time: 845.912807941
Iter time: 1647.2324729
Iter time: 2848.91148019
12      , -29301.2    , array([ 0.248394   ,  0.0121304  ,  0.508397   ,  3.39       ,  3.68678    ,  17.0542    ,  0.0140506  ,  0.617273   ,  0.176957   ,  0.0490233  ])
Iter time: 740.359080076
Iter time: 1440.36245418
Iter time: 2493.73652506
13      , -28977.6    , array([ 0.246687   ,  0.0118683  ,  0.506697   ,  3.41055    ,  3.71067    ,  14.6892    ,  0.013757   ,  0.615801   ,  0.175446   ,  0.0482969  ])
Iter time: 933.851605892
Iter time: 1819.54566908
Iter time: 3143.02779603
14      , -29164.8    , array([ 0.247368   ,  0.0119725  ,  0.507376   ,  3.40231    ,  3.7011     ,  18.6523    ,  0.0138737  ,  0.616389   ,  0.176049   ,  0.058118   ])
Iter time: 932.162709951
Iter time: 1816.1952188
Iter time: 3133.4127872
15      , -29066.6    , array([ 0.246483   ,  0.0118373  ,  0.506494   ,  3.41302    ,  3.71355    ,  18.4308    ,  0.0176792  ,  0.615624   ,  0.175266   ,  0.0514834  ])
Iter time: 936.40130496
Iter time: 1827.14673805
Iter time: 3162.72764683
16      , -29169.9    , array([ 0.245425   ,  0.011677   ,  0.505436   ,  3.18625    ,  3.72855    ,  18.1686    ,  0.014861   ,  0.614708   ,  0.174331   ,  0.0516805  ])
Iter time: 926.838356018
Iter time: 1808.04489517
Iter time: 3118.45411801
17      , -29169.9    , array([ 0.244161   ,  0.0114876  ,  0.50417    ,  3.35115    ,  3.74662    ,  17.8588    ,  0.0149023  ,  0.63145    ,  0.173215   ,  0.0519181  ])
Iter time: 922.034631014
Iter time: 1790.46343088
Iter time: 3098.08888006
18      , -29085.5    , array([ 0.242653   ,  0.0112643  ,  0.502656   ,  3.35152    ,  3.48737    ,  17.494     ,  0.0149519  ,  0.618762   ,  0.171886   ,  0.0522046  ])
Iter time: 914.418306112
Iter time: 1781.06469011
Iter time: 3077.52757406
19      , -28999.7    , array([ 0.240856   ,  0.0110021  ,  0.521381   ,  3.35198    ,  3.68844    ,  17.0661    ,  0.0150116  ,  0.618469   ,  0.170304   ,  0.0525505  ])
Iter time: 910.389770031
Iter time: 1766.425699
Iter time: 3053.30649805
20      , -28927.2    , array([ 0.238717   ,  0.0106956  ,  0.506081   ,  3.35252    ,  3.69831    ,  16.5664    ,  0.0150837  ,  0.618118   ,  0.168425   ,  0.0529685  ])
Iter time: 885.990795851
Iter time: 1731.1608119
Iter time: 2983.56916499
21      , -28623.1    , array([ 0.232412   ,  0.00982612 ,  0.503238   ,  3.35414    ,  3.7281     ,  15.1534    ,  0.0153018  ,  0.617065   ,  0.162912   ,  0.0542429  ])
Iter time: 894.510430098
Iter time: 1744.61551094
Iter time: 3012.74610496
22      , -28742.1    , array([ 0.255177   ,  0.0101651  ,  0.504373   ,  3.35349    ,  3.71616    ,  15.7035    ,  0.0152142  ,  0.617486   ,  0.165095   ,  0.0537295  ])
Iter time: 721.062266111
Iter time: 1407.29834199
Iter time: 2558.59870815
23      , -28607.1    , array([ 0.238803   ,  0.0126413  ,  0.502898   ,  3.35434    ,  3.73169    ,  14.9922    ,  0.0153282  ,  0.616939   ,  0.162263   ,  0.0543978  ])
Iter time: 579.575018883
Iter time: 1121.90146804
Iter time: 1940.24130583
24      , -28167      , array([ 0.232538   ,  0.014083   ,  0.498499   ,  3.35687    ,  3.77867    ,  13.0456    ,  0.0156755  ,  0.6153     ,  0.154054   ,  0.0564531  ])
Iter time: 774.103957891
Iter time: 1504.74749517
Iter time: 2603.67509103
25      , -28359.3    , array([ 0.235024   ,  0.0103778  ,  0.500254   ,  3.35586    ,  3.75981    ,  13.7919    ,  0.0155357  ,  0.615955   ,  0.17433    ,  0.0556218  ])
Iter time: 755.232017994
Iter time: 1473.55078816
Iter time: 2543.96721816
26      , -28516.6    , array([ 0.23909    ,  0.0109995  ,  0.505523   ,  3.56433    ,  3.67611    ,  14.2242    ,  0.0154586  ,  0.62174    ,  0.165226   ,  0.0551659  ])
Iter time: 734.738041878
Iter time: 1436.74228501
Iter time: 2464.78449011
27      , -28385.3    , array([ 0.239321   ,  0.0110842  ,  0.507064   ,  3.43101    ,  3.6445     ,  13.8272    ,  0.0155293  ,  0.603382   ,  0.164727   ,  0.055584   ])
Iter time: 692.120928049
Iter time: 1349.67051005
Iter time: 2335.55462313
28      , -28162.2    , array([ 0.234661   ,  0.0104726  ,  0.503798   ,  3.38509    ,  3.67797    ,  12.4696    ,  0.017061   ,  0.615493   ,  0.159935   ,  0.0492137  ])
Iter time: 598.021301985
Iter time: 1163.27560091
Iter time: 2009.37758517
29      , -27583.6    , array([ 0.228555   ,  0.00979468 ,  0.502018   ,  3.37651    ,  3.66647    ,  10.1956    ,  0.0189195  ,  0.615046   ,  0.152439   ,  0.045287   ])
Iter time: 644.113308907
Iter time: 1253.52948308
Iter time: 2171.30987787
30      , -28034.7    , array([ 0.236374   ,  0.0108241  ,  0.5084     ,  3.4415     ,  3.94267    ,  11.9344    ,  0.0165937  ,  0.612395   ,  0.159922   ,  0.0532526  ])
Iter time: 592.019594908
Iter time: 1152.56303716
Iter time: 1998.79994798
31      , -27764.3    , array([ 0.230761   ,  0.0101175  ,  0.504927   ,  3.38511    ,  3.74714    ,  10.3847    ,  0.0138571  ,  0.614869   ,  0.15399    ,  0.0543646  ])
Iter time: 552.138008118
Iter time: 1075.75193095
Iter time: 1860.56585097
32      , -27640.7    , array([ 0.234139   ,  0.0107045  ,  0.487374   ,  3.45355    ,  3.78458    ,  10.1545    ,  0.0160603  ,  0.611327   ,  0.155317   ,  0.0536235  ])
Iter time: 648.707568169
Iter time: 1252.79261899
Iter time: 2168.81487799
33      , -27437.9    , array([ 0.226229   ,  0.00972048 ,  0.497613   ,  3.40275    ,  3.77677    ,  10.9579    ,  0.0180761  ,  0.613081   ,  0.147134   ,  0.0595799  ])
Iter time: 601.813528061
Iter time: 1170.88492584
Iter time: 2026.32824993
34      , -26709.7    , array([ 0.216646   ,  0.00879705 ,  0.493132   ,  3.39886    ,  3.81027    ,  9.46435    ,  0.0207203  ,  0.611726   ,  0.134741   ,  0.0661744  ])
Iter time: 491.731850147
Iter time: 957.186876059
Iter time: 1657.15594292
35      , -27230.1    , array([ 0.211659   ,  0.0110258  ,  0.497657   ,  3.46996    ,  3.79011    ,  9.26288    ,  0.0173864  ,  0.610263   ,  0.150133   ,  0.0558344  ])
Iter time: 442.741454124
Iter time: 858.976211071
Iter time: 1485.23760891
36      , -27067.6    , array([ 0.228083   ,  0.011672   ,  0.497668   ,  3.49292    ,  3.79046    ,  8.69922    ,  0.017734   ,  0.609327   ,  0.149679   ,  0.0556267  ])
Iter time: 465.459948063
Iter time: 906.745283127
Iter time: 1564.67914295
37      , -26884.7    , array([ 0.219632   ,  0.0105514  ,  0.49387    ,  3.27366    ,  3.86768    ,  8.39949    ,  0.018043   ,  0.602311   ,  0.144695   ,  0.054787   ])
Iter time: 437.835237026
Iter time: 854.314672947
Iter time: 1474.60341406
38      , -26728.6    , array([ 0.215685   ,  0.0103681  ,  0.489779   ,  3.36909    ,  3.94789    ,  7.82083    ,  0.018508   ,  0.620416   ,  0.141418   ,  0.0542181  ])
