==========================================
SLURM_JOB_ID = 18981525
SLURM_NODELIST = c8-76
==========================================
Module slurm/17.11.5 loaded 
Module openmpi/3.0.1 loaded 
Module gcc/7.3.0 loaded 
Module python/2.7.6 loaded 
Module numpy/1.11.1 loaded 
Module dadi/1.7.0 loaded 
Module matplotlib/2.0 loaded 
Module scipy/0.18.0 loaded 
Beginning. Call:
/home/hemstrow/monarch/github/F-H_2018/DADI/demographic_models/run_3d_mods.py /home/hemstrow/monarch/github/F-H_2018/Data/dadi_inputs/ dadi_snps_10kgap.txt 1st_folded_optim_10kgap_snps_dadi_out.txt lgb_p1tb_2f 10 [NAM,HAW,GUA] True 3 [0.1,0.1,1,1,5,5,.1,.1,.1,.1,2,2] [1,1,10,10,20,20,10,10,10,10,4,4] [1e-3,1e-3,1e-3,1e-3,0.01,0.01,0.01,0.01,0.01,0.01,1,1] [150,15,15] fmin

Ready to begin run. Parameters:

Model:
lgb_p1tb_2f
Maxiters:
10
Pops:
['NAM', 'HAW', 'GUA']
Projection:
[150, 15, 15]
Number of segregating sites in projected sfs:
9454.98941724
Folding spectra:
True
Level of parm folding:
3
Optimizer:
fmin
p0:
[  5.06469720e-02   3.95737445e-01   2.56536335e-01   1.91628652e+00
   2.92580045e+00   1.50241417e+01   1.22074450e-01   7.35035899e-01
   4.49599086e-02   1.28310703e-02   1.01000000e+00   1.01000000e+00]
Upper Bounds:
[1.0, 1.0, 10.0, 10.0, 20.0, 20.0, 10.0, 10.0, 10.0, 10.0, 4.0, 4.0]
Lower Bounds:
[0.001, 0.001, 0.001, 0.001, 0.01, 0.01, 0.01, 0.01, 0.01, 0.01, 1.0, 1.0]

Beginning optimization ************************************************
optimize_log_fmin.
Iter time: 192.512818098
Iter time: 376.127448082
Iter time: 647.847954988
1       , -23996.8    , array([ 0.050647   ,  0.395737   ,  0.256536   ,  1.91629    ,  2.9258     ,  15.0241    ,  0.122074   ,  0.735036   ,  0.0449599  ,  0.0128311  ,  1.01       ,  1.01       ])
Iter time: 193.506591082
Iter time: 375.577533007
Iter time: 648.821401834
2       , -23996.7    , array([ 0.0436296  ,  0.395737   ,  0.256536   ,  1.91629    ,  2.9258     ,  15.0241    ,  0.122074   ,  0.735036   ,  0.0449599  ,  0.0128311  ,  1.01       ,  1.01       ])
Iter time: 192.823683977
Iter time: 374.429164886
Iter time: 646.345937967
3       , -23996.8    , array([ 0.050647   ,  0.377814   ,  0.256536   ,  1.91629    ,  2.9258     ,  15.0241    ,  0.122074   ,  0.735036   ,  0.0449599  ,  0.0128311  ,  1.01       ,  1.01       ])
Iter time: 205.796411991
Iter time: 401.421177149
Iter time: 691.158073902
4       , -24084.1    , array([ 0.050647   ,  0.395737   ,  0.239666   ,  1.91629    ,  2.9258     ,  15.0241    ,  0.122074   ,  0.735036   ,  0.0449599  ,  0.0128311  ,  1.01       ,  1.01       ])
Iter time: 192.656831026
Iter time: 374.404324055
Iter time: 648.865895987
5       , -24062.4    , array([ 0.050647   ,  0.395737   ,  0.256536   ,  1.97963    ,  2.9258     ,  15.0241    ,  0.122074   ,  0.735036   ,  0.0449599  ,  0.0128311  ,  1.01       ,  1.01       ])
Iter time: 192.267597198
Iter time: 373.812615871
Iter time: 645.001209021
6       , -24005.2    , array([ 0.050647   ,  0.395737   ,  0.256536   ,  1.91629    ,  3.08714    ,  15.0241    ,  0.122074   ,  0.735036   ,  0.0449599  ,  0.0128311  ,  1.01       ,  1.01       ])
Iter time: 219.886512995
Iter time: 429.824043989
Iter time: 740.542307854
7       , -24092.7    , array([ 0.050647   ,  0.395737   ,  0.256536   ,  1.91629    ,  2.9258     ,  17.204     ,  0.122074   ,  0.735036   ,  0.0449599  ,  0.0128311  ,  1.01       ,  1.01       ])
Iter time: 193.748070002
Iter time: 375.875930071
Iter time: 646.063686132
8       , -24420.7    , array([ 0.050647   ,  0.395737   ,  0.256536   ,  1.91629    ,  2.9258     ,  15.0241    ,  0.109889   ,  0.735036   ,  0.0449599  ,  0.0128311  ,  1.01       ,  1.01       ])
Iter time: 192.599109888
Iter time: 374.710833073
Iter time: 646.49140501
9       , -24014.5    , array([ 0.050647   ,  0.395737   ,  0.256536   ,  1.91629    ,  2.9258     ,  15.0241    ,  0.122074   ,  0.723809   ,  0.0449599  ,  0.0128311  ,  1.01       ,  1.01       ])
Iter time: 193.056957006
Iter time: 374.878880024
Iter time: 646.131237984
10      , -23994.6    , array([ 0.050647   ,  0.395737   ,  0.256536   ,  1.91629    ,  2.9258     ,  15.0241    ,  0.122074   ,  0.735036   ,  0.0385005  ,  0.0128311  ,  1.01       ,  1.01       ])
Iter time: 193.173377037
Iter time: 375.570209026
Iter time: 646.829329014
11      , -24059.1    , array([ 0.050647   ,  0.395737   ,  0.256536   ,  1.91629    ,  2.9258     ,  15.0241    ,  0.122074   ,  0.735036   ,  0.0449599  ,  0.0103199  ,  1.01       ,  1.01       ])
Iter time: 192.747335911
Iter time: 375.368323088
Iter time: 648.525673151
12      , -23995.8    , array([ 0.050647   ,  0.395737   ,  0.256536   ,  1.91629    ,  2.9258     ,  15.0241    ,  0.122074   ,  0.735036   ,  0.0449599  ,  0.0128311  ,  1.0105     ,  1.01       ])
Iter time: 193.087674856
Iter time: 375.316184044
Iter time: 649.464056015
13      , -23996.8    , array([ 0.050647   ,  0.395737   ,  0.256536   ,  1.91629    ,  2.9258     ,  15.0241    ,  0.122074   ,  0.735036   ,  0.0449599  ,  0.0128311  ,  1.01       ,  1.0105     ])
Iter time: 200.162821054
Iter time: 393.124098063
Iter time: 685.074903011
14      , -23621.9    , array([ 0.0494035  ,  0.392692   ,  0.253644   ,  1.9267     ,  2.95209    ,  15.3673    ,  0.135611   ,  0.733153   ,  0.0438126  ,  0.0123737  ,  1.01008    ,  1.01008    ])
Iter time: 202.768584013
Iter time: 393.959065914
Iter time: 679.601912022
15      , -23212.4    , array([ 0.0487933  ,  0.391178   ,  0.252211   ,  1.93193    ,  2.96533    ,  15.5417    ,  0.150648   ,  0.732213   ,  0.04325    ,  0.0121511  ,  1.01013    ,  1.01013    ])
Iter time: 172.405511141
Iter time: 334.443193913
Iter time: 579.295746803
16      , -23806      , array([ 0.0490975  ,  0.391934   ,  0.252926   ,  1.92931    ,  2.9587     ,  13.1948    ,  0.126429   ,  0.732683   ,  0.0435304  ,  0.0122619  ,  1.0101     ,  1.0101     ])
Iter time: 179.612282038
Iter time: 348.529752016
Iter time: 600.575986862
17      , -23780      , array([ 0.0488439  ,  0.391304   ,  0.273171   ,  1.93149    ,  2.96422    ,  14.7857    ,  0.12717    ,  0.732291   ,  0.0432966  ,  0.0121695  ,  1.01012    ,  1.01012    ])
Iter time: 189.304920197
Iter time: 367.517359018
Iter time: 632.106822014
18      , -23752.3    , array([ 0.0485497  ,  0.39057    ,  0.257893   ,  1.86204    ,  2.97068    ,  14.7464    ,  0.12804    ,  0.731835   ,  0.0430254  ,  0.0120626  ,  1.01014    ,  1.01014    ])
Iter time: 187.522631884
Iter time: 366.307969809
Iter time: 629.633666992
19      , -23694.4    , array([ 0.0482087  ,  0.389716   ,  0.25812    ,  1.9144     ,  2.97822    ,  14.7006    ,  0.129062   ,  0.731303   ,  0.0427112  ,  0.015393   ,  1.01017    ,  1.01017    ])
Iter time: 187.140372992
Iter time: 363.798090935
Iter time: 626.718320847
20      , -23693.9    , array([ 0.0478139  ,  0.388721   ,  0.258385   ,  1.91409    ,  2.98705    ,  14.6474    ,  0.130265   ,  0.743922   ,  0.0423475  ,  0.0127618  ,  1.01019    ,  1.01019    ])
Iter time: 187.166571856
Iter time: 362.854052067
Iter time: 625.203984976
21      , -23653.5    , array([ 0.0473573  ,  0.387564   ,  0.258694   ,  1.91372    ,  2.81543    ,  14.5855    ,  0.131682   ,  0.734028   ,  0.0419271  ,  0.0127503  ,  1.01023    ,  1.01023    ])
Iter time: 184.777455091
Iter time: 359.107248068
Iter time: 621.031618834
22      , -23604      , array([ 0.0468302  ,  0.386218   ,  0.259056   ,  1.91329    ,  2.95171    ,  14.5136    ,  0.133356   ,  0.73386    ,  0.0414419  ,  0.0127369  ,  1.01026    ,  1.00968    ])
Iter time: 183.776875019
Iter time: 356.580852032
Iter time: 615.563094139
23      , -23537.9    , array([ 0.0462226  ,  0.384654   ,  0.259478   ,  1.91279    ,  2.95605    ,  14.4302    ,  0.135335   ,  0.733664   ,  0.0408829  ,  0.0127213  ,  1.01031    ,  1.01013    ])
Iter time: 182.052850962
Iter time: 353.944192886
Iter time: 610.638823032
24      , -23463.6    , array([ 0.0455238  ,  0.404109   ,  0.259971   ,  1.91221    ,  2.96112    ,  14.3336    ,  0.137681   ,  0.733435   ,  0.0402403  ,  0.012703   ,  1.01036    ,  1.01015    ])
Iter time: 179.515423059
Iter time: 348.735703945
Iter time: 603.114846945
25      , -23375      , array([ 0.0532215  ,  0.387154   ,  0.260548   ,  1.91153    ,  2.96705    ,  14.2216    ,  0.140469   ,  0.733169   ,  0.0395033  ,  0.0126818  ,  1.01042    ,  1.01017    ])
Iter time: 178.91549015
Iter time: 347.205995083
Iter time: 602.628929853
26      , -23272.6    , array([ 0.0462278  ,  0.385742   ,  0.261223   ,  1.91074    ,  2.97398    ,  14.0921    ,  0.143794   ,  0.732858   ,  0.0386606  ,  0.0126571  ,  1.0099     ,  1.0102     ])
Iter time: 177.917870045
Iter time: 344.415430069
Iter time: 589.926565886
27      , -23157      , array([ 0.0455297  ,  0.3841     ,  0.262013   ,  1.90982    ,  2.98208    ,  13.9424    ,  0.147772   ,  0.732496   ,  0.045178   ,  0.0126284  ,  1.01039    ,  1.01023    ])
Iter time: 168.37172389
Iter time: 327.139204979
Iter time: 563.300595999
28      , -22747.9    , array([ 0.0431684  ,  0.378411   ,  0.264795   ,  1.90659    ,  3.01063    ,  13.4312    ,  0.162584   ,  0.73123    ,  0.0489393  ,  0.0125282  ,  1.01058    ,  1.01035    ])
Iter time: 195.928538084
Iter time: 381.880640984
Iter time: 658.684540987
29      , -23132.8    , array([ 0.0459699  ,  0.385564   ,  0.267791   ,  1.89318    ,  2.95748    ,  15.9225    ,  0.14879    ,  0.734606   ,  0.0407454  ,  0.013262   ,  1.01036    ,  1.01017    ])
Iter time: 192.034180164
Iter time: 373.317749023
Iter time: 643.79984808
30      , -23083.1    , array([ 0.0457439  ,  0.385235   ,  0.247125   ,  1.88474    ,  2.95086    ,  14.3857    ,  0.151846   ,  0.735385   ,  0.0405529  ,  0.0135555  ,  1.01039    ,  1.01016    ])
Iter time: 182.646333933
Iter time: 354.744086027
Iter time: 613.944890022
31      , -23004.7    , array([ 0.0455668  ,  0.385075   ,  0.25991    ,  1.959      ,  2.94116    ,  14.3647    ,  0.155162   ,  0.736437   ,  0.040408   ,  0.0139442  ,  1.01041    ,  1.01014    ])
Iter time: 182.469920158
Iter time: 354.334820032
Iter time: 612.846978903
32      , -22919.7    , array([ 0.0454601  ,  0.38515    ,  0.259981   ,  1.91274    ,  2.92759    ,  14.3541    ,  0.158732   ,  0.737833   ,  0.0403309  ,  0.0107487  ,  1.01042    ,  1.01012    ])
Iter time: 182.967591047
Iter time: 355.014245033
Iter time: 613.270962
33      , -22812.4    , array([ 0.0454515  ,  0.385542   ,  0.259981   ,  1.91283    ,  2.90918    ,  14.3578    ,  0.162533   ,  0.724325   ,  0.0403479  ,  0.0125991  ,  1.01043    ,  1.01008    ])
Iter time: 182.316064119
Iter time: 354.127074003
Iter time: 611.950449944
34      , -22709.1    , array([ 0.0455765  ,  0.386357   ,  0.259885   ,  1.91305    ,  3.10341    ,  14.3809    ,  0.166524   ,  0.732462   ,  0.0404925  ,  0.0125855  ,  1.01044    ,  1.01002    ])
Iter time: 180.678199053
Iter time: 350.644949913
Iter time: 605.233769178
35      , -22240      , array([ 0.0447114  ,  0.385755   ,  0.260483   ,  1.91272    ,  3.25827    ,  14.2797    ,  0.187263   ,  0.73168    ,  0.0397937  ,  0.0125038  ,  1.01054    ,  1.00992    ])
Iter time: 183.046245098
Iter time: 355.658597946
Iter time: 614.699995041
36      , -22532.9    , array([ 0.0457352  ,  0.387626   ,  0.259761   ,  1.91339    ,  3.00928    ,  14.413     ,  0.174007   ,  0.732266   ,  0.0406904  ,  0.01256    ,  1.01045    ,  1.01061    ])
Iter time: 184.503494024
Iter time: 358.021706104
Iter time: 617.963122129
37      , -22428.3    , array([ 0.0462546  ,  0.389701   ,  0.259385   ,  1.91398    ,  3.01382    ,  14.4934    ,  0.178797   ,  0.732229   ,  0.0412143  ,  0.0125487  ,  1.01042    ,  1.01024    ])
Iter time: 186.235357046
Iter time: 361.834850073
Iter time: 624.239892006
38      , -22329.7    , array([ 0.0470895  ,  0.368702   ,  0.258795   ,  1.91486    ,  3.01751    ,  14.6182    ,  0.183574   ,  0.732256   ,  0.0420398  ,  0.0125411  ,  1.01038    ,  1.01023    ])
Iter time: 189.855633974
Iter time: 368.91298604
Iter time: 636.684271097
39      , -22240.5    , array([ 0.0394653  ,  0.38173    ,  0.257931   ,  1.9161     ,  3.01996    ,  14.801     ,  0.188138   ,  0.73237    ,  0.0432705  ,  0.0125388  ,  1.01032    ,  1.01022    ])
Iter time: 193.673917055
Iter time: 376.759581089
Iter time: 648.320206881
40      , -22168.3    , array([ 0.0442538  ,  0.38246    ,  0.256722   ,  1.91778    ,  3.02064    ,  15.0597    ,  0.192208   ,  0.732599   ,  0.0450517  ,  0.0125436  ,  1.0109     ,  1.01019    ])
Iter time: 201.418995857
Iter time: 391.497979879
Iter time: 675.562465906
41      , -21618.2    , array([ 0.0432986  ,  0.38083    ,  0.2545     ,  1.92131    ,  3.04424    ,  15.5682    ,  0.222222   ,  0.732469   ,  0.0486332  ,  0.0124872  ,  1.01141    ,  1.01019    ])
Iter time: 170.069482803
Iter time: 330.425024033
Iter time: 569.884279966
42      , -21991.9    , array([ 0.0411004  ,  0.375463   ,  0.266297   ,  1.89501    ,  3.04274    ,  13.6589    ,  0.195744   ,  0.733287   ,  0.0410662  ,  0.0131255  ,  1.0109     ,  1.01028    ])
Iter time: 172.213546991
Iter time: 333.237039804
Iter time: 574.886781216
43      , -21890.2    , array([ 0.0428181  ,  0.379249   ,  0.250569   ,  1.9341     ,  3.06529    ,  12.9958    ,  0.207457   ,  0.73068    ,  0.0436475  ,  0.0120054  ,  1.01074    ,  1.01025    ])
Iter time: 171.822516203
Iter time: 333.69096899
Iter time: 576.281130075
44      , -21722.9    , array([ 0.0425583  ,  0.378583   ,  0.272151   ,  1.95115    ,  3.09172    ,  14.1426    ,  0.214134   ,  0.729125   ,  0.0443955  ,  0.0115101  ,  1.01078    ,  1.01027    ])
Iter time: 179.084286928
Iter time: 347.46234107
Iter time: 599.589140892
45      , -21572.8    , array([ 0.0422401  ,  0.377668   ,  0.260756   ,  1.87594    ,  3.12783    ,  14.1265    ,  0.221116   ,  0.726874   ,  0.0452591  ,  0.0108372  ,  1.01082    ,  1.01031    ])
Iter time: 178.449877024
Iter time: 347.01406002
Iter time: 613.593599081
47      , -21460.8    , array([ 0.041824   ,  0.376362   ,  0.260814   ,  1.9151     ,  3.17716    ,  14.0994    ,  0.22842    ,  0.723691   ,  0.0462253  ,  0.0140781  ,  1.01087    ,  1.01037    ])
Iter time: 183.977753162
Iter time: 355.272814989
Iter time: 592.62519002
48      , -20783.2    , array([ 0.0401165  ,  0.372044   ,  0.261231   ,  1.91627    ,  3.30982    ,  13.9737    ,  0.274012   ,  0.716722   ,  0.0494881  ,  0.0161116  ,  1.0111     ,  1.0105     ])
Iter time: 177.309537888
Iter time: 344.477632046
Iter time: 594.762265921
49      , -21215.9    , array([ 0.0409704  ,  0.373753   ,  0.261022   ,  1.91558    ,  3.26677    ,  14.0322    ,  0.243367   ,  0.735893   ,  0.0478054  ,  0.012513   ,  1.01097    ,  1.01049    ])
Iter time: 194.562928915
Iter time: 377.894287825
Iter time: 653.75750494
50      , -21016.3    , array([ 0.0427631  ,  0.380011   ,  0.255665   ,  1.92335    ,  3.19995    ,  15.1101    ,  0.26021    ,  0.729716   ,  0.0392594  ,  0.0125812  ,  1.01089    ,  1.01023    ])
Iter time: 181.177778006
Iter time: 350.192368031
Iter time: 604.301747084
51      , -20991.8    , array([ 0.0399136  ,  0.369753   ,  0.259931   ,  1.91819    ,  3.23432    ,  14.192     ,  0.259993   ,  0.72826    ,  0.0469373  ,  0.0125529  ,  1.0111     ,  1.00991    ])
Iter time: 178.762217999
Iter time: 346.666800976
Iter time: 597.889935017
52      , -20861.6    , array([ 0.0385074  ,  0.364576   ,  0.260398   ,  1.91829    ,  3.26769    ,  14.0639    ,  0.269319   ,  0.727638   ,  0.0473558  ,  0.0125649  ,  1.01124    ,  1.01023    ])
Iter time: 175.486564875
Iter time: 341.02880311
Iter time: 588.804778099
53      , -20722.1    , array([ 0.0365773  ,  0.384618   ,  0.261261   ,  1.91798    ,  3.3073     ,  13.8544    ,  0.279614   ,  0.726844   ,  0.0473565  ,  0.0125765  ,  1.01142    ,  1.01023    ])
Iter time: 171.124915123
Iter time: 331.495941877
Iter time: 570.36359787
54      , -19995.6    , array([ 0.0322371  ,  0.392832   ,  0.262502   ,  1.91954    ,  3.46247    ,  13.4875    ,  0.345089   ,  0.724153   ,  0.050262   ,  0.0125942  ,  1.01193    ,  1.01024    ])
Iter time: 169.121670008
Iter time: 328.028800011
Iter time: 566.124719143
55      , -20445.4    , array([ 0.0421966  ,  0.373272   ,  0.262904   ,  1.91732    ,  3.3808     ,  13.473     ,  0.301859   ,  0.725366   ,  0.0471726  ,  0.0125881  ,  1.01175    ,  1.01025    ])
Iter time: 175.858040094
Iter time: 341.53708601
Iter time: 589.276296139
56      , -20170.1    , array([ 0.036888   ,  0.367357   ,  0.26073    ,  1.92147    ,  3.15287    ,  13.8301    ,  0.328388   ,  0.725002   ,  0.0527691  ,  0.0126374  ,  1.01173    ,  1.01061    ])
Iter time: 187.799925804
Iter time: 364.75931406
Iter time: 629.193273067
57      , -20096.1    , array([ 0.0394122  ,  0.376056   ,  0.254142   ,  1.94392    ,  3.39626    ,  14.4888    ,  0.342452   ,  0.722043   ,  0.0533161  ,  0.011963   ,  1.01152    ,  1.0103     ])
Iter time: 188.890677929
Iter time: 366.816069126
Iter time: 632.906256199
58      , -19890.3    , array([ 0.037312   ,  0.371779   ,  0.270731   ,  1.90623    ,  3.42938    ,  15.5065    ,  0.351269   ,  0.723185   ,  0.0518641  ,  0.0130715  ,  1.0118     ,  1.01034    ])
Iter time: 198.063544989
Iter time: 385.342610836
Iter time: 663.32306695
59      , -19015.4    , array([ 0.0348305  ,  0.368099   ,  0.281413   ,  1.89245    ,  3.62733    ,  16.9383    ,  0.457084   ,  0.719467   ,  0.0565355  ,  0.0136396  ,  1.01232    ,  1.01038    ])
Iter time: 193.018338203
Iter time: 375.145540953
Iter time: 648.263519049
60      , -19622.4    , array([ 0.0363069  ,  0.370694   ,  0.250656   ,  1.87998    ,  3.49182    ,  14.6841    ,  0.386158   ,  0.723118   ,  0.0530865  ,  0.0140253  ,  1.01202    ,  1.01033    ])
Iter time: 163.759737968
Iter time: 317.427006006
Iter time: 547.559304953
61      , -19427      , array([ 0.0346538  ,  0.366853   ,  0.267361   ,  1.90227    ,  3.62828    ,  13.2101    ,  0.408      ,  0.718278   ,  0.0491737  ,  0.0131805  ,  1.01149    ,  1.01045    ])
Iter time: 181.300829887
Iter time: 351.838366985
Iter time: 607.654278994
62      , -19164.8    , array([ 0.0343693  ,  0.368137   ,  0.262038   ,  1.95281    ,  3.61977    ,  14.3964    ,  0.454117   ,  0.722373   ,  0.0535752  ,  0.015691   ,  1.01219    ,  1.01034    ])
Iter time: 183.842380047
Iter time: 357.29519701
Iter time: 614.776332855
63      , -19132.8    , array([ 0.0344119  ,  0.371057   ,  0.26194    ,  1.91855    ,  3.52559    ,  14.5552    ,  0.457801   ,  0.711318   ,  0.051694   ,  0.014112   ,  1.01224    ,  1.01015    ])
Iter time: 166.092045069
Iter time: 321.917710066
Iter time: 554.922819138
64      , -19002.8    , array([ 0.0317968  ,  0.363498   ,  0.268511   ,  1.91       ,  3.65782    ,  13.4328    ,  0.470443   ,  0.714292   ,  0.0659006  ,  0.0143066  ,  1.01255    ,  1.01038    ])
Iter time: 153.607760191
Iter time: 298.039402962
Iter time: 514.986922026
65      , -18166.4    , array([ 0.0274183  ,  0.355512   ,  0.275174   ,  1.90335    ,  3.91078    ,  12.6654    ,  0.632556   ,  0.706703   ,  0.0853812  ,  0.0152561  ,  1.01338    ,  1.01046    ])
Iter time: 174.225941896
Iter time: 337.551350832
Iter time: 582.389111996
66      , -18599.9    , array([ 0.0320001  ,  0.371145   ,  0.266626   ,  1.91266    ,  3.73533    ,  14.0331    ,  0.546042   ,  0.712145   ,  0.0609008  ,  0.0148126  ,  1.01272    ,  1.01079    ])
Iter time: 175.094959021
Iter time: 339.28570199
Iter time: 585.987159014
67      , -18378.2    , array([ 0.032161   ,  0.377537   ,  0.267197   ,  1.91162    ,  3.78053    ,  14.1557    ,  0.593036   ,  0.710202   ,  0.0629471  ,  0.01521    ,  1.01283    ,  1.01057    ])
Iter time: 177.16179204
Iter time: 343.792328119
Iter time: 591.562673092
68      , -18080.5    , array([ 0.0297545  ,  0.370864   ,  0.26735    ,  1.91286    ,  3.81605    ,  14.2779    ,  0.662922   ,  0.719921   ,  0.0626991  ,  0.0117485  ,  1.01326    ,  1.01031    ])
Iter time: 196.62624383
Iter time: 381.205787897
Iter time: 657.758067846
69      , -17059.7    , array([ 0.0256252  ,  0.370276   ,  0.270463   ,  1.91116    ,  4.09751    ,  14.4325    ,  1.03112    ,  0.721526   ,  0.0705734  ,  0.0100323  ,  1.01434    ,  1.01021    ])
Iter time: 186.054689884
Iter time: 360.342820883
Iter time: 621.664045811
70      , -17825.6    , array([ 0.0260313  ,  0.369148   ,  0.266907   ,  1.91079    ,  3.85759    ,  14.9793    ,  0.738493   ,  0.710714   ,  0.0703446  ,  0.0144788  ,  1.01303    ,  1.01055    ])
Iter time: 180.508453846
Iter time: 350.09061408
Iter time: 603.51041913
71      , -17696.7    , array([ 0.0280968  ,  0.375395   ,  0.270184   ,  1.90489    ,  4.2779     ,  14.7879    ,  0.777004   ,  0.708716   ,  0.0659704  ,  0.0147531  ,  1.01327    ,  1.01019    ])
Iter time: 167.894506931
Iter time: 325.319895029
Iter time: 560.985800028
72      , -17408.6    , array([ 0.0248551  ,  0.366604   ,  0.280031   ,  1.87654    ,  4.12705    ,  14.1638    ,  0.85411    ,  0.709413   ,  0.0676528  ,  0.0161388  ,  1.01378    ,  1.01047    ])
Iter time: 200.926160097
Iter time: 390.70768404
Iter time: 672.4058671
73      , -17145.3    , array([ 0.0290982  ,  0.34693    ,  0.274049   ,  1.89321    ,  4.16835    ,  15.3398    ,  0.985779   ,  0.704926   ,  0.075407   ,  0.0159769  ,  1.01366    ,  1.01058    ])
Iter time: 194.492334843
Iter time: 376.640066147
Iter time: 651.025820017
74      , -17076.5    , array([ 0.0249008  ,  0.363612   ,  0.2913     ,  1.93532    ,  4.25714    ,  14.1928    ,  1.02987    ,  0.702943   ,  0.0756958  ,  0.0146616  ,  1.01386    ,  1.01052    ])
Iter time: 242.749603033
Iter time: 466.074250937
Iter time: 806.29103899
75      , -16869.1    , array([ 0.0246904  ,  0.366876   ,  0.27703    ,  1.91814    ,  4.20763    ,  15.9663    ,  1.13738    ,  0.70514    ,  0.0878106  ,  0.0158807  ,  1.01478    ,  1.01043    ])
Iter time: 437.269845009
Iter time: 850.246690035
Iter time: 1468.32407689
76      , -15957.7    , array([ 0.0208409  ,  0.366887   ,  0.281995   ,  1.92612    ,  4.53112    ,  17.5531    ,  1.89902    ,  0.698661   ,  0.117342   ,  0.0174317  ,  1.01642    ,  1.01042    ])
Iter time: 259.259004116
Iter time: 504.101360083
Iter time: 870.164685965
77      , -16543.2    , array([ 0.0229033  ,  0.365388   ,  0.286137   ,  1.86421    ,  4.37836    ,  15.1428    ,  1.29706    ,  0.697253   ,  0.0918469  ,  0.0135758  ,  1.01479    ,  1.01054    ])
Iter time: 304.564822912
Iter time: 590.616621017
Iter time: 1019.21768093
78      , -16234.9    , array([ 0.0213743  ,  0.361585   ,  0.29049    ,  1.88844    ,  4.66059    ,  15.0767    ,  1.53049    ,  0.705736   ,  0.104759   ,  0.0149977  ,  1.01516    ,  1.01081    ])
Iter time: 314.538336992
Iter time: 608.909976959
Iter time: 1051.58171391
79      , -16011.6    , array([ 0.019467   ,  0.363407   ,  0.271824   ,  1.91381    ,  4.72311    ,  12.7065    ,  1.87492    ,  0.695506   ,  0.106159   ,  0.0157645  ,  1.01555    ,  1.01064    ])
Iter time: 383.637316942
Iter time: 742.650084972
Iter time: 1280.91665506
80      , -15893.7    , array([ 0.0195043  ,  0.359161   ,  0.287824   ,  1.89377    ,  4.76947    ,  15.0853    ,  1.92773    ,  0.699893   ,  0.108113   ,  0.0146676  ,  1.01563    ,  1.0102     ])
Iter time: 742.787109852
Iter time: 1438.49852204
Iter time: 2483.38326001
81      , -15034.7    , array([ 0.0152272  ,  0.353314   ,  0.299047   ,  1.88439    ,  5.3894     ,  15.6407    ,  3.62206    ,  0.693846   ,  0.144046   ,  0.0145956  ,  1.01709    ,  1.00991    ])
Iter time: 479.193933964
Iter time: 932.930124998
Iter time: 1606.24972296
82      , -15556.8    , array([ 0.017133   ,  0.3492     ,  0.29265    ,  1.89027    ,  4.99931    ,  15.2054    ,  2.39977    ,  0.699087   ,  0.120073   ,  0.0141866  ,  1.01623    ,  1.01031    ])
Iter time: 643.556224823
Iter time: 1252.50705194
Iter time: 2160.18919611
83      , -15423.8    , array([ 0.0185818  ,  0.369728   ,  0.287097   ,  1.89631    ,  5.03471    ,  17.5202    ,  2.80973    ,  0.701282   ,  0.0936997  ,  0.0139734  ,  1.01615    ,  1.0104     ])
Iter time: 597.960719824
Iter time: 1161.424613
Iter time: 2006.13131213
84      , -15277.6    , array([ 0.0185026  ,  0.356164   ,  0.299609   ,  1.88653    ,  5.33578    ,  15.2058    ,  3.00702    ,  0.695773   ,  0.119295   ,  0.0146366  ,  1.01702    ,  1.01028    ])
Iter time: 723.494940996
Iter time: 1411.17248511
Iter time: 2430.87185812
85      , -15055.6    , array([ 0.0159895  ,  0.34718    ,  0.301119   ,  1.88932    ,  4.99203    ,  15.4742    ,  3.58106    ,  0.695594   ,  0.140405   ,  0.0143456  ,  1.01741    ,  1.01066    ])
Iter time: 883.577110052
Iter time: 1717.28238702
Iter time: 2965.77421904
86      , -14949.9    , array([ 0.0167936  ,  0.352294   ,  0.294067   ,  1.92003    ,  5.34123    ,  16.3961    ,  4.13686    ,  0.692636   ,  0.15463    ,  0.0128589  ,  1.0175     ,  1.01041    ])
Iter time: 2087.70713902
Iter time: 4063.92773104
Iter time: 7008.28876209
87      , -14392.8    , array([ 0.0138041  ,  0.34535    ,  0.301348   ,  1.94214    ,  6.07634    ,  17.6409    ,  9.10437    ,  0.684397   ,  0.233775   ,  0.0114781  ,  1.01937    ,  1.01037    ])
Iter time: 1052.37261415
Iter time: 2037.87394786
Iter time: 3528.85151601
88      , -14723.7    , array([ 0.0126683  ,  0.37199    ,  0.30528    ,  1.91124    ,  5.63115    ,  15.4959    ,  5.19179    ,  0.69362    ,  0.16752    ,  0.0122926  ,  1.01857    ,  1.01026    ])
Iter time: 1441.10720491
Iter time: 2798.97097182
Iter time: 4845.06135201
89      , -14478.5    , array([ 0.0132268  ,  0.356273   ,  0.289454   ,  1.86576    ,  5.77683    ,  16.9952    ,  6.50736    ,  0.69403    ,  0.190504   ,  0.0130076  ,  1.01916    ,  1.01028    ])
Iter time: 1975.57614493
Iter time: 3842.59333587
Iter time: 6668.61816406
90      , -14330.5    , array([ 0.0115115  ,  0.34762    ,  0.3153     ,  1.88178    ,  6.3555     ,  17.1746    ,  8.83541    ,  0.671791   ,  0.241109   ,  0.0198508  ,  1.01949    ,  1.0106     ])
Iter time: 2103.30841684
Iter time: 4087.7860322
Iter time: 7089.7569859
92      , -14386      , array([ 0.0114843  ,  0.349356   ,  0.302888   ,  1.93219    ,  6.32893    ,  16.7161    ,  9.67062    ,  0.690882   ,  0.217594   ,  0.0156285  ,  1.01982    ,  1.01028    ])
Iter time: 512.349577904
Iter time: 993.885047197
Iter time: 1717.6755662
94      , -15490.2    , array([ 0.0181429  ,  0.358912   ,  0.292945   ,  1.89497    ,  5.0167     ,  15.5545    ,  2.51407    ,  0.699253   ,  0.125459   ,  0.0148057  ,  1.01642    ,  1.01059    ])
Iter time: 530.631782055
Iter time: 1030.77842808
Iter time: 1751.45675778
96      , -15390.2    , array([ 0.0172637  ,  0.359629   ,  0.284261   ,  1.90687    ,  5.06294    ,  14.4004    ,  2.81684    ,  0.694322   ,  0.127176   ,  0.0151398  ,  1.01666    ,  1.0105     ])
Iter time: 631.269559145
Iter time: 1226.54833412
Iter time: 2124.81851888
98      , -15345.1    , array([ 0.017723   ,  0.361046   ,  0.289627   ,  1.91219    ,  4.98195    ,  16.7864    ,  2.88184    ,  0.695715   ,  0.134156   ,  0.015827   ,  1.0171     ,  1.01039    ])
Iter time: 1842.39270091
Iter time: 3584.39927387
Iter time: 6206.52971578
99      , -14446.1    , array([ 0.013333   ,  0.363518   ,  0.301841   ,  1.91017    ,  5.99827    ,  17.23      ,  8.21678    ,  0.685979   ,  0.199582   ,  0.0148239  ,  1.01948    ,  1.01044    ])
Iter time: 2133.55714297
Iter time: 4145.34463596
Iter time: 7143.76684999
100     , -14398.5    , array([ 0.0119608  ,  0.354433   ,  0.303044   ,  1.90797    ,  6.15819    ,  17.1329    ,  9.55465    ,  0.683628   ,  0.20638    ,  0.0142069  ,  1.0198     ,  1.01014    ])
Iter time: 858.944169044
Iter time: 1669.06816792
Iter time: 2881.80367613
102     , -15025.2    , array([ 0.0162438  ,  0.362499   ,  0.293133   ,  1.89937    ,  5.33458    ,  16.8961    ,  3.90506    ,  0.695582   ,  0.126897   ,  0.0142457  ,  1.01728    ,  1.01037    ])
Iter time: 796.397333145
Iter time: 1550.99731588
Iter time: 2672.52201986
104     , -14981.9    , array([ 0.0156174  ,  0.357633   ,  0.292056   ,  1.90434    ,  5.36117    ,  15.4204    ,  3.96359    ,  0.692175   ,  0.147824   ,  0.0147908  ,  1.01756    ,  1.01042    ])
Iter time: 877.060695171
Iter time: 1710.86701107
Iter time: 2945.52566195
106     , -14948.6    , array([ 0.0157406  ,  0.358195   ,  0.294902   ,  1.90667    ,  5.3344     ,  16.5902    ,  4.06265    ,  0.692721   ,  0.152441   ,  0.0150801  ,  1.0178     ,  1.01036    ])
Iter time: 867.304155111
Iter time: 1684.65931606
Iter time: 2909.18102002
108     , -14915.9    , array([ 0.0159751  ,  0.355849   ,  0.299743   ,  1.89466    ,  5.52053    ,  15.8473    ,  4.2023     ,  0.692623   ,  0.145226   ,  0.0145199  ,  1.01779    ,  1.01031    ])
Iter time: 2275.01559496
Iter time: 4420.98304582
Iter time: 7629.98940706
109     , -14366.7    , array([ 0.0118964  ,  0.365591   ,  0.298413   ,  1.91736    ,  6.64556    ,  17.6977    ,  9.89109    ,  0.682947   ,  0.22387    ,  0.0144923  ,  1.0198     ,  1.00996    ])
Iter time: 1020.66908813
Iter time: 1983.58237004
Iter time: 3422.47652888
111     , -14769.9    , array([ 0.0143435  ,  0.355293   ,  0.299378   ,  1.89518    ,  5.62036    ,  16.1713    ,  4.8414     ,  0.691084   ,  0.16277    ,  0.0145026  ,  1.01796    ,  1.01011    ])
Iter time: 1107.1767621
Iter time: 2156.15421295
Iter time: 3734.18449116
113     , -14764.2    , array([ 0.014738   ,  0.35958    ,  0.296664   ,  1.90252    ,  5.60387    ,  16.7771    ,  5.0722     ,  0.691761   ,  0.154367   ,  0.0143384  ,  1.01808    ,  1.01033    ])
Iter time: 1082.84447789
Iter time: 2111.07829404
Iter time: 3640.01052999
115     , -14731.4    , array([ 0.0144162  ,  0.357239   ,  0.296311   ,  1.90494    ,  5.62819    ,  16.0841    ,  5.16284    ,  0.690047   ,  0.166911   ,  0.0145912  ,  1.01824    ,  1.01035    ])
Iter time: 1147.3069191
Iter time: 2225.48206282
Iter time: 3846.12912917
117     , -14710      , array([ 0.01442    ,  0.35748    ,  0.297811   ,  1.90603    ,  5.62668    ,  16.6615    ,  5.27942    ,  0.690209   ,  0.170139   ,  0.014713   ,  1.01838    ,  1.01033    ])
Iter time: 1153.44146204
Iter time: 2240.79991603
Iter time: 3877.47668386
119     , -14690      , array([ 0.0144652  ,  0.356375   ,  0.300164   ,  1.90049    ,  5.72854    ,  16.3182    ,  5.42069    ,  0.690059   ,  0.167163   ,  0.0144451  ,  1.0184     ,  1.0103     ])
Iter time: 1261.64533305
Iter time: 2444.25142598
Iter time: 4216.72633481
121     , -14625.4    , array([ 0.0137114  ,  0.356142   ,  0.300014   ,  1.90098    ,  5.7847     ,  16.4904    ,  5.84576    ,  0.68925    ,  0.177169   ,  0.0144341  ,  1.0185     ,  1.01021    ])
Iter time: 1318.58606505
Iter time: 2559.67907691
Iter time: 4418.43652081
123     , -14620.5    , array([ 0.0138569  ,  0.358141   ,  0.298791   ,  1.90459    ,  5.78386    ,  16.7844    ,  6.01897    ,  0.689483   ,  0.173528   ,  0.0143561  ,  1.01858    ,  1.01031    ])
Iter time: 1315.208606
Iter time: 2548.87838888
Iter time: 4413.41350102
125     , -14601.3    , array([ 0.0136822  ,  0.357011   ,  0.298717   ,  1.90578    ,  5.80299    ,  16.4633    ,  6.11146    ,  0.688605   ,  0.180733   ,  0.0144724  ,  1.01868    ,  1.01032    ])
Iter time: 1315.27163982
Iter time: 2530.96521211
Iter time: 4368.86630702
127     , -14593.2    , array([ 0.0128672  ,  0.363683   ,  0.30293    ,  1.9087     ,  5.81179    ,  16.2003    ,  6.17036    ,  0.690176   ,  0.181637   ,  0.0133743  ,  1.01885    ,  1.01028    ])
Iter time: 1367.41182685
Iter time: 2660.43522
Iter time: 4594.88221407
129     , -14582.6    , array([ 0.013663   ,  0.356775   ,  0.299413   ,  1.90621    ,  5.81732    ,  16.7789    ,  6.26278    ,  0.688475   ,  0.18355    ,  0.0145738  ,  1.01877    ,  1.01031    ])
