==========================================
SLURM_JOB_ID = 18981488
SLURM_NODELIST = c8-72
==========================================
Module slurm/17.11.5 loaded 
Module openmpi/3.0.1 loaded 
Module gcc/7.3.0 loaded 
Module python/2.7.6 loaded 
Module numpy/1.11.1 loaded 
Module dadi/1.7.0 loaded 
Module matplotlib/2.0 loaded 
Module scipy/0.18.0 loaded 
Beginning. Call:
/home/hemstrow/monarch/github/F-H_2018/DADI/demographic_models/run_3d_mods.py /home/hemstrow/monarch/github/F-H_2018/Data/dadi_inputs/ dadi_snps_10kgap.txt 1st_folded_optim_10kgap_snps_dadi_out.txt lgrowth_p3 10 [NAM,HAW,GUA] True 3 [0.1,0.1,0.5,1,5,5,.1,.1,.1,.1,2] [1,1,5,10,20,20,10,10,10,10,4] [1e-3,1e-3,1e-3,1e-3,0.01,0.01,0.01,0.01,0.01,0.01,1] [150,15,15] fmin

Ready to begin run. Parameters:

Model:
lgrowth_p3
Maxiters:
10
Pops:
['NAM', 'HAW', 'GUA']
Projection:
[150, 15, 15]
Number of segregating sites in projected sfs:
9454.98941724
Folding spectra:
True
Level of parm folding:
3
Optimizer:
fmin
p0:
[  5.86817579e-02   2.19251300e-02   5.15455816e-01   2.99054484e-01
   1.49313714e+01   9.61373345e-01   1.43625483e-02   7.60807822e-01
   4.54201655e-02   2.61360983e-02   3.96000000e+00]
Upper Bounds:
[1.0, 1.0, 5.0, 10.0, 20.0, 20.0, 10.0, 10.0, 10.0, 10.0, 4.0]
Lower Bounds:
[0.001, 0.001, 0.001, 0.001, 0.01, 0.01, 0.01, 0.01, 0.01, 0.01, 1.0]

Beginning optimization ************************************************
optimize_log_fmin.
Iter time: 51.5237748623
Iter time: 96.5867068768
Iter time: 163.217541933
1       , -27605.7    , array([ 0.0586818  ,  0.0219251  ,  0.515456   ,  0.299054   ,  14.9314    ,  0.961373   ,  0.0143625  ,  0.760808   ,  0.0454202  ,  0.0261361  ,  3.96       ])
Iter time: 52.3173930645
Iter time: 98.5910069942
Iter time: 165.733443975
2       , -27606.3    , array([ 0.0509247  ,  0.0219251  ,  0.515456   ,  0.299054   ,  14.9314    ,  0.961373   ,  0.0143625  ,  0.760808   ,  0.0454202  ,  0.0261361  ,  3.96       ])
Iter time: 59.369920969
Iter time: 111.36561799
Iter time: 188.717337847
3       , -27625.7    , array([ 0.0586818  ,  0.018113   ,  0.515456   ,  0.299054   ,  14.9314    ,  0.961373   ,  0.0143625  ,  0.760808   ,  0.0454202  ,  0.0261361  ,  3.96       ])
Iter time: 51.6493480206
Iter time: 96.8681969643
Iter time: 163.477022171
4       , -27625      , array([ 0.0586818  ,  0.0219251  ,  0.498656   ,  0.299054   ,  14.9314    ,  0.961373   ,  0.0143625  ,  0.760808   ,  0.0454202  ,  0.0261361  ,  3.96       ])
Iter time: 52.0198729038
Iter time: 97.3928499222
Iter time: 164.558832169
5       , -27615.7    , array([ 0.0586818  ,  0.0219251  ,  0.515456   ,  0.281539   ,  14.9314    ,  0.961373   ,  0.0143625  ,  0.760808   ,  0.0454202  ,  0.0261361  ,  3.96       ])
Iter time: 52.7314748764
Iter time: 98.1837699413
Iter time: 164.886173964
6       , -28304.9    , array([ 0.0586818  ,  0.0219251  ,  0.515456   ,  0.299054   ,  17.0925    ,  0.961373   ,  0.0143625  ,  0.760808   ,  0.0454202  ,  0.0261361  ,  3.96       ])
Iter time: 51.6287379265
Iter time: 96.6671888828
Iter time: 162.761625051
7       , -27606.2    , array([ 0.0586818  ,  0.0219251  ,  0.515456   ,  0.299054   ,  14.9314    ,  0.959482   ,  0.0143625  ,  0.760808   ,  0.0454202  ,  0.0261361  ,  3.96       ])
Iter time: 51.6949961185
Iter time: 96.6769998074
Iter time: 162.958292961
8       , -27990.6    , array([ 0.0586818  ,  0.0219251  ,  0.515456   ,  0.299054   ,  14.9314    ,  0.961373   ,  0.011617   ,  0.760808   ,  0.0454202  ,  0.0261361  ,  3.96       ])
Iter time: 51.5455281734
Iter time: 96.4915668964
Iter time: 162.929140091
9       , -27617.7    , array([ 0.0586818  ,  0.0219251  ,  0.515456   ,  0.299054   ,  14.9314    ,  0.961373   ,  0.0143625  ,  0.750479   ,  0.0454202  ,  0.0261361  ,  3.96       ])
Iter time: 51.6790339947
Iter time: 96.708190918
Iter time: 162.861592054
10      , -27611.8    , array([ 0.0586818  ,  0.0219251  ,  0.515456   ,  0.299054   ,  14.9314    ,  0.961373   ,  0.0143625  ,  0.760808   ,  0.0389145  ,  0.0261361  ,  3.96       ])
Iter time: 51.5109169483
Iter time: 96.5089929104
Iter time: 163.497426987
11      , -27703.8    , array([ 0.0586818  ,  0.0219251  ,  0.515456   ,  0.299054   ,  14.9314    ,  0.961373   ,  0.0143625  ,  0.760808   ,  0.0454202  ,  0.0217823  ,  3.96       ])
Iter time: 55.4365429878
Iter time: 104.074771881
Iter time: 175.669344187
13      , -27857.9    , array([ 0.0571884  ,  0.0211768  ,  0.51236    ,  0.295791   ,  15.3029    ,  0.961029   ,  0.0138191  ,  0.758919   ,  0.0441613  ,  0.0252844  ,  3.69667    ])
Iter time: 52.8132941723
Iter time: 99.3178651333
Iter time: 170.352406025
14      , -27072      , array([ 0.056921   ,  0.0210435  ,  0.511799   ,  0.295201   ,  13.1019    ,  0.960967   ,  0.0137225  ,  0.758577   ,  0.0439362  ,  0.0251325  ,  3.91076    ])
Iter time: 53.5396749973
Iter time: 100.288162947
Iter time: 170.310775042
15      , -26484.2    , array([ 0.0560605  ,  0.020616   ,  0.50998    ,  0.293293   ,  11.471     ,  0.960763   ,  0.0134132  ,  0.757463   ,  0.0432125  ,  0.0246453  ,  3.88638    ])
Iter time: 53.9912919998
Iter time: 101.40040803
Iter time: 171.386634827
16      , -27056.9    , array([ 0.05645    ,  0.0208092  ,  0.510806   ,  0.294159   ,  14.2963    ,  0.960856   ,  0.017415   ,  0.757969   ,  0.04354    ,  0.0248656  ,  3.89744    ])
Iter time: 54.1729660034
Iter time: 101.215945959
Iter time: 171.076073885
18      , -27661.5    , array([ 0.0573375  ,  0.0212512  ,  0.512672   ,  0.296119   ,  14.9064    ,  0.961064   ,  0.014168   ,  0.75911    ,  0.0442869  ,  0.0253692  ,  3.82004    ])
Iter time: 54.2423739433
Iter time: 101.830260992
Iter time: 172.208739042
19      , -27217.6    , array([ 0.05608    ,  0.0206257  ,  0.510022   ,  0.293336   ,  14.1162    ,  0.960768   ,  0.0146545  ,  0.757489   ,  0.0432289  ,  0.0305812  ,  3.90944    ])
Iter time: 53.4663829803
Iter time: 100.163710833
Iter time: 169.260565042
21      , -27542.2    , array([ 0.057294   ,  0.0212295  ,  0.512581   ,  0.296023   ,  14.6746    ,  0.961054   ,  0.0143589  ,  0.759054   ,  0.0442503  ,  0.0258066  ,  3.881      ])
Iter time: 46.6451098919
Iter time: 87.0950529575
Iter time: 146.869277
22      , -27211.2    , array([ 0.0556118  ,  0.0255587  ,  0.509023   ,  0.292291   ,  13.9331    ,  0.960656   ,  0.0147441  ,  0.756877   ,  0.0428355  ,  0.0263068  ,  3.91156    ])
Iter time: 52.243803978
Iter time: 97.9993929863
Iter time: 165.660830975
23      , -27136.4    , array([ 0.0550711  ,  0.0217117  ,  0.528145   ,  0.291078   ,  13.7589    ,  0.960526   ,  0.0148146  ,  0.756164   ,  0.0423817  ,  0.026338   ,  3.90282    ])
Iter time: 52.5527348518
Iter time: 98.4924089909
Iter time: 166.592148781
24      , -27055.7    , array([ 0.0544389  ,  0.0216732  ,  0.513195   ,  0.289651   ,  13.5558    ,  0.960372   ,  0.0148982  ,  0.767624   ,  0.0418514  ,  0.0263749  ,  3.89251    ])
Iter time: 52.024091959
Iter time: 97.6795110703
Iter time: 165.116611004
25      , -26958.6    , array([ 0.0537011  ,  0.0216277  ,  0.512785   ,  0.309265   ,  13.3197    ,  0.96019    ,  0.0149978  ,  0.758431   ,  0.0412334  ,  0.0264185  ,  3.88036    ])
Iter time: 52.791082859
Iter time: 99.0621039867
Iter time: 167.018876791
26      , -26844.7    , array([ 0.0528421  ,  0.021574   ,  0.512301   ,  0.292934   ,  13.0459    ,  0.959974   ,  0.0151163  ,  0.758      ,  0.0486359  ,  0.0264702  ,  3.86606    ])
Iter time: 52.0776240826
Iter time: 98.2982928753
Iter time: 166.382472992
27      , -26715.6    , array([ 0.0613018  ,  0.0215108  ,  0.51173    ,  0.291834   ,  12.7296    ,  0.95972    ,  0.0152575  ,  0.757491   ,  0.0421911  ,  0.0265314  ,  3.84922    ])
Iter time: 53.4633150101
Iter time: 100.710911989
Iter time: 168.408897161
28      , -26558.6    , array([ 0.0536225  ,  0.0214363  ,  0.511055   ,  0.29054    ,  12.3656    ,  0.961656   ,  0.0154261  ,  0.756889   ,  0.0416292  ,  0.0266039  ,  3.82941    ])
Iter time: 53.2278020382
Iter time: 99.9871339798
Iter time: 169.370033979
29      , -26375.4    , array([ 0.0527507  ,  0.0213486  ,  0.510259   ,  0.289019   ,  11.9489    ,  0.959815   ,  0.0156278  ,  0.756179   ,  0.0409747  ,  0.0266899  ,  3.80613    ])
Iter time: 54.0638029575
Iter time: 101.742701054
Iter time: 172.818367958
30      , -25793.4    , array([ 0.0500139  ,  0.021066   ,  0.507681   ,  0.284128   ,  10.6892    ,  0.959037   ,  0.0163016  ,  0.753875   ,  0.0389179  ,  0.0269712  ,  3.73145    ])
Iter time: 51.3699169159
Iter time: 96.4687168598
Iter time: 163.467343092
31      , -26121.9    , array([ 0.0527097  ,  0.0220172  ,  0.512226   ,  0.289809   ,  11.4773    ,  0.959767   ,  0.0159965  ,  0.756982   ,  0.0410874  ,  0.0272485  ,  3.85596    ])
Iter time: 49.878278017
Iter time: 94.1067008972
Iter time: 159.284753084
32      , -26227.6    , array([ 0.0532474  ,  0.0229323  ,  0.5152     ,  0.291821   ,  11.4907    ,  0.959871   ,  0.0159255  ,  0.758455   ,  0.0416715  ,  0.0225168  ,  3.81833    ])
Iter time: 59.430439949
Iter time: 112.672435999
Iter time: 191.795676947
33      , -26070.8    , array([ 0.0532732  ,  0.0181449  ,  0.517344   ,  0.292778   ,  11.2409    ,  0.95984    ,  0.0160522  ,  0.759356   ,  0.041844   ,  0.0254454  ,  3.79957    ])
Iter time: 53.7983751297
Iter time: 101.631808043
Iter time: 172.608428001
34      , -25950.3    , array([ 0.0534726  ,  0.0206742  ,  0.496744   ,  0.29431    ,  10.9725    ,  0.959846   ,  0.0162106  ,  0.760653   ,  0.0421941  ,  0.0252564  ,  3.78956    ])
Iter time: 51.9742541313
Iter time: 98.3312058449
Iter time: 167.061361074
35      , -25804.3    , array([ 0.051655   ,  0.0215453  ,  0.511005   ,  0.291255   ,  10.064     ,  0.959333   ,  0.0136115  ,  0.75933    ,  0.0408378  ,  0.026828   ,  3.77547    ])
Iter time: 53.5757479668
Iter time: 101.415898085
Iter time: 171.356271029
36      , -25615.7    , array([ 0.0530545  ,  0.0206642  ,  0.50823    ,  0.296085   ,  10.0542    ,  0.959628   ,  0.0156517  ,  0.748301   ,  0.0422965  ,  0.0253712  ,  3.75932    ])
Iter time: 54.3768517971
Iter time: 103.316941023
Iter time: 176.443306923
37      , -24951.7    , array([ 0.0523755  ,  0.0201775  ,  0.505766   ,  0.299356   ,  8.65886    ,  0.959256   ,  0.0160426  ,  0.738822   ,  0.0425207  ,  0.0248838  ,  3.69445    ])
Iter time: 54.4094700813
Iter time: 103.235665083
Iter time: 175.746006966
38      , -25350.6    , array([ 0.0535395  ,  0.020448   ,  0.507363   ,  0.27567    ,  9.46182    ,  0.95964    ,  0.0157394  ,  0.753772   ,  0.0431711  ,  0.0250552  ,  3.73758    ])
Iter time: 54.8456151485
Iter time: 104.147588968
Iter time: 176.127460957
39      , -25196.8    , array([ 0.0545398  ,  0.0203001  ,  0.506949   ,  0.287842   ,  9.11236    ,  0.959794   ,  0.0157311  ,  0.753434   ,  0.0358157  ,  0.0247577  ,  3.72843    ])
Iter time: 54.9761338234
Iter time: 104.295747042
Iter time: 177.569684982
40      , -25052.9    , array([ 0.0460247  ,  0.0201464  ,  0.50665    ,  0.288204   ,  8.78806    ,  0.960062   ,  0.0156724  ,  0.753205   ,  0.040075   ,  0.0243918  ,  3.7231     ])
Iter time: 54.6734731197
Iter time: 103.991250038
Iter time: 177.415585041
41      , -24934.9    , array([ 0.0511743  ,  0.0199896  ,  0.506521   ,  0.289063   ,  8.50203    ,  0.957841   ,  0.0155458  ,  0.753135   ,  0.040336   ,  0.0239443  ,  3.72325    ])
Iter time: 56.0836508274
Iter time: 106.903896809
Iter time: 182.710088968
42      , -24205      , array([ 0.0499924  ,  0.0193033  ,  0.504269   ,  0.288327   ,  7.04978    ,  0.955938   ,  0.015606   ,  0.751264   ,  0.0397045  ,  0.022716   ,  3.67127    ])
Iter time: 54.715075016
Iter time: 104.025470972
Iter time: 146636.362976
43      , -24575.8    , array([ 0.0479398  ,  0.0205378  ,  0.506551   ,  0.285462   ,  8.38876    ,  0.957853   ,  0.0183777  ,  0.75144    ,  0.0382644  ,  0.025467   ,  3.63089    ])
Iter time: 80.3631589413
Iter time: 186.136988163
Iter time: 216.072167158
44      , -24534.8    , array([ 0.049518   ,  0.0180969  ,  0.499877   ,  0.285755   ,  7.90871    ,  0.958377   ,  0.0158869  ,  0.749191   ,  0.0390688  ,  0.0285054  ,  3.66192    ])
Iter time: 59.8593668938
Iter time: 114.327199936
Iter time: 195.468476057
45      , -24377      , array([ 0.0494583  ,  0.0181889  ,  0.500554   ,  0.287003   ,  7.39957    ,  0.958228   ,  0.0157967  ,  0.749238   ,  0.0392629  ,  0.0237494  ,  3.5923     ])
Iter time: 51.3052089214
Iter time: 97.6023008823
Iter time: 166.586829901
46      , -24129.9    , array([ 0.0482785  ,  0.0220803  ,  0.492638   ,  0.283065   ,  7.00211    ,  0.957862   ,  0.015696   ,  0.745077   ,  0.0381093  ,  0.0251154  ,  3.60863    ])
Iter time: 47.9244349003
Iter time: 91.1786792278
Iter time: 155.792901039
47      , -23278.9    , array([ 0.0459596  ,  0.0243573  ,  0.480731   ,  0.27833    ,  5.52641    ,  0.956874   ,  0.0155209  ,  0.738038   ,  0.0363688  ,  0.024952   ,  3.51679    ])
Iter time: 55.5493168831
Iter time: 106.17195797
Iter time: 181.553725004
48      , -23775.6    , array([ 0.0467925  ,  0.0199653  ,  0.51002    ,  0.278748   ,  6.33241    ,  0.957316   ,  0.0154202  ,  0.739735   ,  0.0367858  ,  0.0252475  ,  3.56935    ])
Iter time: 58.2326340675
Iter time: 111.442821026
Iter time: 190.732899189
49      , -23532.7    , array([ 0.047576   ,  0.0188946  ,  0.495613   ,  0.279433   ,  6.3463     ,  0.957462   ,  0.0187861  ,  0.73751    ,  0.0372923  ,  0.0235076  ,  3.54629    ])
Iter time: 57.4375910759
Iter time: 110.112646818
Iter time: 188.556911945
50      , -23211.9    , array([ 0.0486927  ,  0.018946   ,  0.49668    ,  0.285576   ,  5.43475    ,  0.957471   ,  0.0160959  ,  0.739888   ,  0.0388296  ,  0.0228057  ,  3.55506    ])
Iter time: 59.934098959
Iter time: 115.745149136
Iter time: 198.39214015
51      , -22141.1    , array([ 0.0480453  ,  0.0179674  ,  0.49127    ,  0.286303   ,  3.87523    ,  0.95669    ,  0.015994   ,  0.732993   ,  0.0387855  ,  0.0209708  ,  3.47002    ])
Iter time: 57.3915958405
Iter time: 110.009582996
Iter time: 188.424434185
52      , -23002.7    , array([ 0.0445996  ,  0.019065   ,  0.494087   ,  0.29637    ,  5.21989    ,  0.956334   ,  0.0167195  ,  0.736238   ,  0.0343289  ,  0.0237682  ,  3.50163    ])
Iter time: 58.1288158894
Iter time: 111.553850889
Iter time: 191.040732145
53      , -22766.7    , array([ 0.0422089  ,  0.018986   ,  0.492185   ,  0.285348   ,  4.89792    ,  0.955553   ,  0.0169146  ,  0.733483   ,  0.0410613  ,  0.023876   ,  3.47039    ])
Iter time: 58.2276439667
Iter time: 111.957202196
Iter time: 192.292917013
54      , -22510.4    , array([ 0.0492371  ,  0.0189256  ,  0.489889   ,  0.284474   ,  4.56655    ,  0.954469   ,  0.0172151  ,  0.730175   ,  0.0368597  ,  0.0241402  ,  3.43123    ])
Iter time: 59.4205219746
Iter time: 114.354321003
Iter time: 196.203161955
55      , -22204.2    , array([ 0.0427834  ,  0.0186776  ,  0.487908   ,  0.27135    ,  4.12571    ,  0.954402   ,  0.0170349  ,  0.742797   ,  0.0338488  ,  0.0235327  ,  3.41168    ])
Iter time: 60.4176740646
Iter time: 116.118807077
Iter time: 200.800318003
56      , -22129.7    , array([ 0.0457848  ,  0.018036   ,  0.483842   ,  0.281945   ,  3.74305    ,  0.955173   ,  0.0146667  ,  0.72879    ,  0.0367846  ,  0.0226659  ,  3.43233    ])
Iter time: 64.1610319614
Iter time: 124.184489965
Iter time: 213.706576109
57      , -21201.5    , array([ 0.0447439  ,  0.0169018  ,  0.472872   ,  0.280203   ,  2.50029    ,  0.953835   ,  0.0131025  ,  0.717722   ,  0.0360663  ,  0.021383   ,  3.33716    ])
Iter time: 55.6075179577
Iter time: 107.378712893
Iter time: 183.993910789
58      , -21605      , array([ 0.043516   ,  0.020216   ,  0.485375   ,  0.280653   ,  3.22024    ,  0.953827   ,  0.0163821  ,  0.725297   ,  0.0355072  ,  0.0192186  ,  3.34626    ])
Iter time: 54.6561410427
Iter time: 105.554849863
Iter time: 181.897034168
59      , -21288      , array([ 0.0425664  ,  0.0205038  ,  0.482013   ,  0.278298   ,  2.95864    ,  0.953177   ,  0.016585   ,  0.720982   ,  0.0346917  ,  0.0221963  ,  3.36739    ])
Iter time: 58.290102005
Iter time: 112.541505098
Iter time: 193.477000952
60      , -20986.3    , array([ 0.0408981  ,  0.0195333  ,  0.474551   ,  0.275243   ,  2.65194    ,  0.954957   ,  0.0169744  ,  0.713678   ,  0.0334743  ,  0.0231087  ,  3.24359    ])
Iter time: 60.2119889259
Iter time: 116.158457994
Iter time: 197.9653759
61      , -19936.7    , array([ 0.0369916  ,  0.0196493  ,  0.460356   ,  0.268925   ,  1.62651    ,  0.954467   ,  0.0177029  ,  0.695596   ,  0.030736   ,  0.0233076  ,  3.04882    ])
Iter time: 59.6301460266
Iter time: 115.544547081
Iter time: 198.335610867
62      , -20660.5    , array([ 0.0418671  ,  0.0188309  ,  0.460541   ,  0.28285    ,  2.3059     ,  0.953066   ,  0.0176156  ,  0.71674    ,  0.0349689  ,  0.0204916  ,  3.24196    ])
Iter time: 57.1074519157
Iter time: 110.47290206
Iter time: 190.330959082
63      , -20487.1    , array([ 0.0402316  ,  0.0198857  ,  0.467647   ,  0.282782   ,  1.91402    ,  0.952125   ,  0.0142912  ,  0.715178   ,  0.0340929  ,  0.0214656  ,  3.21024    ])
Iter time: 73.5783770084
Iter time: 142.721747875
Iter time: 245.817629099
64      , -20242.7    , array([ 0.0406508  ,  0.0148674  ,  0.479711   ,  0.284722   ,  1.81258    ,  0.951848   ,  0.0170401  ,  0.710589   ,  0.0345503  ,  0.0196772  ,  3.18393    ])
Iter time: 62.8289830685
Iter time: 121.630236864
Iter time: 210.562882185
65      , -20069.6    , array([ 0.0411902  ,  0.0181547  ,  0.464244   ,  0.265449   ,  1.58328    ,  0.951572   ,  0.0158733  ,  0.707749   ,  0.0366461  ,  0.0199599  ,  3.14289    ])
Iter time: 62.9744818211
Iter time: 122.16340518
Iter time: 210.67916894
66      , -19895.6    , array([ 0.0433303  ,  0.0180824  ,  0.461112   ,  0.272103   ,  1.37415    ,  0.951627   ,  0.0155099  ,  0.705809   ,  0.0300105  ,  0.0192329  ,  3.11454    ])
Iter time: 66.6261122227
Iter time: 129.213243961
Iter time: 223.702473164
67      , -19310.2    , array([ 0.0439022  ,  0.0176469  ,  0.446319   ,  0.265713   ,  0.727858   ,  0.949671   ,  0.014852   ,  0.692366   ,  0.0256563  ,  0.0172619  ,  2.95054    ])
Iter time: 64.2858850956
Iter time: 124.524001837
Iter time: 215.277004004
68      , -19642.2    , array([ 0.0363788  ,  0.0179109  ,  0.455493   ,  0.269574   ,  1.05548    ,  0.951835   ,  0.0148355  ,  0.702185   ,  0.0312999  ,  0.0178972  ,  3.06482    ])
Iter time: 64.0127761364
Iter time: 124.190169811
Iter time: 214.292490005
69      , -19519.5    , array([ 0.0406499  ,  0.0180109  ,  0.451662   ,  0.282275   ,  0.911789   ,  0.951436   ,  0.0146203  ,  0.683233   ,  0.0336024  ,  0.0174677  ,  3.02288    ])
Iter time: 63.8892629147
Iter time: 124.07266283
Iter time: 214.011514902
70      , -19268.4    , array([ 0.0351144  ,  0.0187311  ,  0.441768   ,  0.266844   ,  0.746174   ,  0.948211   ,  0.0153197  ,  0.683578   ,  0.0285704  ,  0.018961   ,  2.89843    ])
Iter time: 66.4505791664
Iter time: 128.876657963
Iter time: 222.649230957
71      , -18932.1    , array([ 0.0300194  ,  0.019125   ,  0.41892    ,  0.257616   ,  0.327424   ,  0.943999   ,  0.0149933  ,  0.660135   ,  0.0245211  ,  0.0180295  ,  2.64898    ])
Iter time: 71.5403978825
Iter time: 139.116765976
Iter time: 240.620428801
72      , -19139.3    , array([ 0.0362384  ,  0.0164806  ,  0.435321   ,  0.26801    ,  0.592578   ,  0.949267   ,  0.0147178  ,  0.679108   ,  0.0291768  ,  0.0204508  ,  2.88061    ])
Iter time: 76.7249991894
Iter time: 149.259158134
Iter time: 257.74239397
73      , -19165.4    , array([ 0.0359785  ,  0.0156165  ,  0.430312   ,  0.268433   ,  0.481469   ,  0.949205   ,  0.0142254  ,  0.67578    ,  0.0289373  ,  0.0174455  ,  2.78242    ])
Iter time: 66.6626400948
Iter time: 129.503528118
Iter time: 223.634824038
74      , -18757.3    , array([ 0.0328972  ,  0.0186742  ,  0.431172   ,  0.264536   ,  0.422274   ,  0.947711   ,  0.0182776  ,  0.671458   ,  0.0267419  ,  0.0174512  ,  2.71634    ])
Iter time: 67.8036079407
Iter time: 132.565531969
Iter time: 228.121417046
75      , -18392.1    , array([ 0.028208   ,  0.019629   ,  0.411722   ,  0.257034   ,  0.173539   ,  0.944664   ,  0.0215874  ,  0.649456   ,  0.023027   ,  0.0157654  ,  2.45069    ])
Iter time: 73.9031910896
Iter time: 143.750844955
Iter time: 248.220907927
76      , -18984.2    , array([ 0.0327219  ,  0.0168882  ,  0.433789   ,  0.257539   ,  0.286076   ,  0.94695    ,  0.0141069  ,  0.660434   ,  0.0255636  ,  0.0173627  ,  2.65741    ])
Iter time: 81.0093550682
Iter time: 157.655147076
Iter time: 272.365656137
77      , -18773.9    , array([ 0.0327967  ,  0.0155242  ,  0.4214     ,  0.253259   ,  0.243944   ,  0.946948   ,  0.0173473  ,  0.652363   ,  0.0248831  ,  0.0159477  ,  2.59301    ])
Iter time: 63.4656741619
Iter time: 123.345319033
Iter time: 213.092568159
78      , -18875.2    , array([ 0.0312159  ,  0.0209281  ,  0.401235   ,  0.246234   ,  0.178886   ,  0.946335   ,  0.0145962  ,  0.646448   ,  0.0231313  ,  0.016745   ,  2.51865    ])
Iter time: 74.6506798267
Iter time: 145.711481094
Iter time: 251.275990009
79      , -18853.2    , array([ 0.0292925  ,  0.0175874  ,  0.403752   ,  0.260528   ,  0.137764   ,  0.94566    ,  0.0154321  ,  0.638439   ,  0.0200582  ,  0.015989   ,  2.45086    ])
Iter time: 82.0322098732
Iter time: 160.141233921
Iter time: 276.432600975
80      , -19094.7    , array([ 0.0312623  ,  0.0159254  ,  0.397564   ,  0.255682   ,  0.0856064  ,  0.941203   ,  0.013496   ,  0.639545   ,  0.0221295  ,  0.0127856  ,  2.42816    ])
Iter time: 79.4857211113
Iter time: 154.560914993
Iter time: 267.324894905
81      , -18851.9    , array([ 0.0309248  ,  0.0171018  ,  0.391993   ,  0.252625   ,  0.0835525  ,  0.94188    ,  0.0158298  ,  0.622871   ,  0.0204032  ,  0.0156632  ,  2.31536    ])
Iter time: 82.7335801125
Iter time: 160.771129847
Iter time: 278.301911116
82      , -18851.9    , array([ 0.0263333  ,  0.0168474  ,  0.385264   ,  0.236438   ,  0.0626325  ,  0.940548   ,  0.0162966  ,  0.629473   ,  0.017357   ,  0.0157332  ,  2.23639    ])
Iter time: 82.837490797
Iter time: 160.964792013
Iter time: 278.286931038
83      , -18891.5    , array([ 0.0222186  ,  0.0170506  ,  0.379586   ,  0.245902   ,  0.0502304  ,  0.940644   ,  0.0163154  ,  0.610507   ,  0.0211736  ,  0.0156546  ,  2.17863    ])
Iter time: 72.4504611492
Iter time: 141.580582142
Iter time: 244.073010921
84      , -18742.6    , array([ 0.0248371  ,  0.0195777  ,  0.38483    ,  0.239561   ,  0.0503468  ,  0.939556   ,  0.017464   ,  0.614045   ,  0.0177363  ,  0.0151878  ,  2.20977    ])
Iter time: 77.5056080818
Iter time: 151.099046946
Iter time: 261.174059153
85      , -18936.1    , array([ 0.0230221  ,  0.0191413  ,  0.37197    ,  0.235093   ,  0.0261281  ,  0.93774    ,  0.017413   ,  0.599949   ,  0.0160687  ,  0.0122736  ,  2.03399    ])
Iter time: 67.5773921013
Iter time: 131.677953005
Iter time: 227.481147051
86      , -18470.6    , array([ 0.0252426  ,  0.0204822  ,  0.402397   ,  0.242695   ,  0.14576    ,  0.945141   ,  0.0198899  ,  0.629703   ,  0.0199883  ,  0.0194865  ,  2.33652    ])
Iter time: 73.3084449768
Iter time: 143.076301813
Iter time: 247.642417908
87      , -18637      , array([ 0.0230051  ,  0.0200041  ,  0.363791   ,  0.238358   ,  0.0385851  ,  0.939078   ,  0.0202552  ,  0.604525   ,  0.0165462  ,  0.0146539  ,  2.08558    ])
Iter time: 69.2198081017
Iter time: 134.612847805
Iter time: 232.478154898
88      , -18837.2    , array([ 0.0326934  ,  0.0177915  ,  0.42254    ,  0.261772   ,  0.453499   ,  0.948548   ,  0.0168667  ,  0.666392   ,  0.0264638  ,  0.0214088  ,  2.73725    ])
Iter time: 81.9922142029
Iter time: 160.049163103
Iter time: 277.433923006
89      , -18657.1    , array([ 0.0254648  ,  0.0175742  ,  0.375772   ,  0.239582   ,  0.0383967  ,  0.943081   ,  0.0200127  ,  0.606675   ,  0.0175838  ,  0.0150366  ,  2.11433    ])
Iter time: 65.8651771545
Iter time: 128.034275055
Iter time: 221.184219122
90      , -18561.1    , array([ 0.0352689  ,  0.019821   ,  0.413949   ,  0.24981    ,  0.238356   ,  0.946891   ,  0.0190867  ,  0.655241   ,  0.0196874  ,  0.0171912  ,  2.55684    ])
Iter time: 86.6642878056
Iter time: 169.314265013
Iter time: 291.67818594
91      , -18447      , array([ 0.0256669  ,  0.0159898  ,  0.393842   ,  0.250127   ,  0.0705149  ,  0.941298   ,  0.0224012  ,  0.620332   ,  0.0175007  ,  0.0161489  ,  2.21772    ])
Iter time: 75.3423440456
Iter time: 146.464078188
Iter time: 253.705111027
92      , -18357.5    , array([ 0.026703   ,  0.0187005  ,  0.389623   ,  0.234659   ,  0.0810657  ,  0.941178   ,  0.0226733  ,  0.624837   ,  0.0196876  ,  0.016943   ,  2.23802    ])
Iter time: 75.3656330109
Iter time: 146.812271118
Iter time: 254.166612148
93      , -18113.6    , array([ 0.0254954  ,  0.0192832  ,  0.382745   ,  0.222704   ,  0.0621853  ,  0.938945   ,  0.0274827  ,  0.618145   ,  0.0195049  ,  0.0174412  ,  2.13863    ])
Iter time: 70.2797029018
Iter time: 136.84861207
Iter time: 236.470534086
94      , -18220.1    , array([ 0.024421   ,  0.0196559  ,  0.399572   ,  0.236516   ,  0.126675   ,  0.944418   ,  0.0244357  ,  0.639568   ,  0.0191969  ,  0.017637   ,  2.33504    ])
Iter time: 65.6152191162
Iter time: 127.737586975
Iter time: 220.700381041
95      , -18154      , array([ 0.0282888  ,  0.0205198  ,  0.409256   ,  0.252723   ,  0.192074   ,  0.946463   ,  0.0255499  ,  0.634693   ,  0.0229831  ,  0.017927   ,  2.43654    ])
Iter time: 76.6994431019
Iter time: 149.533854961
Iter time: 258.674684048
96      , -18374      , array([ 0.0221938  ,  0.0199416  ,  0.37099    ,  0.22681    ,  0.022691   ,  0.938105   ,  0.0266224  ,  0.594242   ,  0.0146926  ,  0.012756   ,  1.94902    ])
Iter time: 65.2582719326
Iter time: 127.20112896
Iter time: 220.288104057
97      , -18156.7    , array([ 0.0206076  ,  0.0239186  ,  0.363476   ,  0.22978    ,  0.0273908  ,  0.938089   ,  0.0279812  ,  0.596809   ,  0.0141985  ,  0.0164428  ,  1.95336    ])
Iter time: 71.7985088825
Iter time: 139.862293959
Iter time: 241.601770163
98      , -17946.2    , array([ 0.0263036  ,  0.0196697  ,  0.393907   ,  0.241084   ,  0.118811   ,  0.9452     ,  0.0302814  ,  0.630778   ,  0.0191301  ,  0.0175166  ,  2.24131    ])
Iter time: 71.5911228657
Iter time: 139.249055147
Iter time: 240.845988989
99      , -17568.7    , array([ 0.0270689  ,  0.019716   ,  0.398526   ,  0.24185    ,  0.182516   ,  0.948034   ,  0.0398743  ,  0.639314   ,  0.0198675  ,  0.0188117  ,  2.25726    ])
Iter time: 62.2882061005
Iter time: 120.783887148
Iter time: 208.882995129
100     , -17934.2    , array([ 0.0259418  ,  0.0223751  ,  0.407737   ,  0.241476   ,  0.206837   ,  0.942564   ,  0.0299536  ,  0.644553   ,  0.0197292  ,  0.0184282  ,  2.37051    ])
Iter time: 67.2570228577
Iter time: 130.489636898
Iter time: 225.260849953
101     , -17870.9    , array([ 0.0293496  ,  0.0200616  ,  0.429988   ,  0.24329    ,  0.27931    ,  0.94722    ,  0.031777   ,  0.65443    ,  0.021648   ,  0.0197139  ,  2.45979    ])
Iter time: 74.8616478443
Iter time: 145.353766918
Iter time: 251.241739035
102     , -17748.1    , array([ 0.0185151  ,  0.0202914  ,  0.380508   ,  0.231024   ,  0.0465371  ,  0.939463   ,  0.0369971  ,  0.603641   ,  0.0185107  ,  0.0172279  ,  1.99236    ])
Iter time: 74.5936088562
Iter time: 144.999223948
Iter time: 250.195197105
103     , -17601.2    , array([ 0.0244518  ,  0.019603   ,  0.387471   ,  0.235675   ,  0.0618349  ,  0.940173   ,  0.039744   ,  0.623313   ,  0.0179793  ,  0.014862   ,  2.11796    ])
Iter time: 57.0260078907
Iter time: 110.857190847
Iter time: 191.471961975
104     , -17504.9    , array([ 0.0238364  ,  0.0260581  ,  0.394717   ,  0.226211   ,  0.124801   ,  0.943806   ,  0.0391658  ,  0.63328    ,  0.0206359  ,  0.0176649  ,  2.21283    ])
Iter time: 46.9240210056
Iter time: 91.5725681782
Iter time: 157.782335997
105     , -17060.1    , array([ 0.0229707  ,  0.0332653  ,  0.395155   ,  0.215125   ,  0.166031   ,  0.945063   ,  0.0517876  ,  0.639854   ,  0.0224082  ,  0.0184754  ,  2.21039    ])
Iter time: 66.8632650375
Iter time: 130.262081861
Iter time: 225.745144129
106     , -17327.7    , array([ 0.0208941  ,  0.0233637  ,  0.374766   ,  0.213123   ,  0.0503051  ,  0.940515   ,  0.047651   ,  0.603245   ,  0.0156059  ,  0.018624   ,  1.96525    ])
Iter time: 58.3694219589
Iter time: 113.181730986
Iter time: 195.469101191
107     , -17530.3    , array([ 0.0262663  ,  0.0236693  ,  0.416679   ,  0.238805   ,  0.444651   ,  0.947532   ,  0.0429531  ,  0.661101   ,  0.0247281  ,  0.0246574  ,  2.47481    ])
Iter time: 61.0620901585
Iter time: 118.87241888
Iter time: 205.289617062
108     , -17103.2    , array([ 0.0241891  ,  0.0248384  ,  0.389833   ,  0.229406   ,  0.100076   ,  0.941762   ,  0.051851   ,  0.617958   ,  0.0198176  ,  0.0189538  ,  2.08764    ])
Iter time: 65.271187067
Iter time: 126.936162949
Iter time: 218.493324041
109     , -17478.5    , array([ 0.0295128  ,  0.0205523  ,  0.434036   ,  0.236062   ,  0.585777   ,  0.948791   ,  0.0506551  ,  0.666438   ,  0.0284686  ,  0.0208625  ,  2.5259     ])
Iter time: 64.3100390434
Iter time: 125.612481117
Iter time: 216.428163052
110     , -16830.6    , array([ 0.0216654  ,  0.0239633  ,  0.389626   ,  0.211986   ,  0.10231    ,  0.940816   ,  0.0628265  ,  0.632245   ,  0.0182853  ,  0.0196703  ,  2.03831    ])
Iter time: 63.8485221863
Iter time: 124.255264997
Iter time: 214.92401886
111     , -16145.9    , array([ 0.0189602  ,  0.0258961  ,  0.380168   ,  0.19415    ,  0.0746692  ,  0.938005   ,  0.0985191  ,  0.631025   ,  0.0163098  ,  0.0206045  ,  1.86432    ])
Iter time: 54.9559409618
Iter time: 106.920142889
Iter time: 184.230168104
112     , -16653.9    , array([ 0.022779   ,  0.0269044  ,  0.416103   ,  0.234634   ,  0.326696   ,  0.948176   ,  0.0736689  ,  0.65161    ,  0.0208565  ,  0.0208402  ,  2.265      ])
Iter time: 64.538944006
Iter time: 126.180532932
Iter time: 217.144474983
113     , -16460.3    , array([ 0.0218641  ,  0.023977   ,  0.392043   ,  0.215265   ,  0.106733   ,  0.945556   ,  0.0796077  ,  0.626151   ,  0.0208287  ,  0.0201702  ,  2.0266     ])
Iter time: 61.1169118881
Iter time: 119.034040213
Iter time: 205.791635036
114     , -16332.5    , array([ 0.0183181  ,  0.0276231  ,  0.365563   ,  0.208959   ,  0.0663556  ,  0.940607   ,  0.0886764  ,  0.611768   ,  0.0188499  ,  0.0189332  ,  1.88545    ])
Iter time: 51.9765770435
Iter time: 100.921852827
Iter time: 175.019634962
115     , -16413.3    , array([ 0.0289808  ,  0.0288856  ,  0.4101     ,  0.216073   ,  0.424795   ,  0.948583   ,  0.0892851  ,  0.664856   ,  0.0221176  ,  0.0220404  ,  2.30458    ])
Iter time: 49.3185968399
Iter time: 95.735886097
Iter time: 165.243207216
116     , -16321.7    , array([ 0.0226331  ,  0.0320836  ,  0.406908   ,  0.208491   ,  0.453854   ,  0.949403   ,  0.0962908  ,  0.65147    ,  0.0236453  ,  0.0274468  ,  2.20145    ])
Iter time: 47.7546370029
Iter time: 92.8404290676
Iter time: 160.27331996
117     , -15845.4    , array([ 0.0197902  ,  0.0348526  ,  0.397122   ,  0.197759   ,  0.181459   ,  0.941778   ,  0.112663   ,  0.637344   ,  0.0220862  ,  0.0232258  ,  2.05622    ])
Iter time: 45.6575300694
Iter time: 88.6410980225
Iter time: 152.852168083
118     , -14967.2    , array([ 0.0169216  ,  0.0463388  ,  0.396422   ,  0.178826   ,  0.180933   ,  0.938665   ,  0.189376   ,  0.63636    ,  0.0232867  ,  0.0258073  ,  1.96252    ])
Iter time: 57.3207349777
Iter time: 111.515938044
Iter time: 193.185623884
119     , -15593.4    , array([ 0.0188279  ,  0.0328031  ,  0.376395   ,  0.19002    ,  0.06325    ,  0.940667   ,  0.136972   ,  0.612081   ,  0.0175521  ,  0.0178669  ,  1.79801    ])
Iter time: 62.9748189449
Iter time: 122.522442102
Iter time: 211.83807683
120     , -15592.7    , array([ 0.0154419  ,  0.0411301  ,  0.352102   ,  0.184792   ,  0.0320324  ,  0.937952   ,  0.139171   ,  0.597858   ,  0.0139626  ,  0.0205301  ,  1.65607    ])
Iter time: 42.8142039776
Iter time: 82.9248840809
Iter time: 142.797141075
121     , -15187.1    , array([ 0.0206447  ,  0.0400992  ,  0.403189   ,  0.199442   ,  0.343612   ,  0.945736   ,  0.179776   ,  0.65941    ,  0.0249608  ,  0.0234088  ,  2.0633     ])
Iter time: 46.2448630333
Iter time: 89.6447341442
Iter time: 154.697140932
122     , -14893.5    , array([ 0.0173261  ,  0.0411503  ,  0.389987   ,  0.18063    ,  0.21615    ,  0.945206   ,  0.20712    ,  0.651354   ,  0.0204982  ,  0.0239015  ,  1.93819    ])
Iter time: 42.8428440094
Iter time: 82.9144358635
Iter time: 142.757261992
123     , -13817.6    , array([ 0.0146637  ,  0.0529661  ,  0.390064   ,  0.160281   ,  0.317663   ,  0.946933   ,  0.413957   ,  0.668723   ,  0.0208473  ,  0.0268404  ,  1.86752    ])
Iter time: 55.4160218239
Iter time: 107.721354961
Iter time: 186.069736004
124     , -14298.4    , array([ 0.0168153  ,  0.0334375  ,  0.383828   ,  0.182585   ,  0.146599   ,  0.942244   ,  0.302613   ,  0.634132   ,  0.017892   ,  0.0262432  ,  1.77531    ])
Iter time: 58.6972739697
Iter time: 114.32640481
Iter time: 197.470424891
125     , -14418.4    , array([ 0.0160463  ,  0.0430098  ,  0.359193   ,  0.159942   ,  0.0644022  ,  0.938079   ,  0.275038   ,  0.619621   ,  0.0186947  ,  0.0242611  ,  1.65744    ])
Iter time: 47.2927479744
Iter time: 91.8397159576
Iter time: 158.404726982
126     , -14154.8    , array([ 0.0158034  ,  0.0536707  ,  0.375219   ,  0.165166   ,  0.179828   ,  0.939322   ,  0.318874   ,  0.643586   ,  0.0183553  ,  0.0259231  ,  1.78591    ])
Iter time: 76.6308448315
Iter time: 149.25187993
Iter time: 257.988835096
127     , -14016.1    , array([ 0.010678   ,  0.049862   ,  0.352947   ,  0.156704   ,  0.0386454  ,  0.934656   ,  0.358354   ,  0.602547   ,  0.0167095  ,  0.0244337  ,  1.49935    ])
Iter time: 45.1882929802
Iter time: 87.7024810314
Iter time: 151.293933868
128     , -13540.5    , array([ 0.0153145  ,  0.0580516  ,  0.393427   ,  0.153779   ,  0.224239   ,  0.941493   ,  0.465111   ,  0.653029   ,  0.0191811  ,  0.0297936  ,  1.75787    ])
Iter time: 37.8541879654
Iter time: 73.0967099667
Iter time: 125.729336977
129     , -12324.8    , array([ 0.0140028  ,  0.0841559  ,  0.408146   ,  0.131921   ,  0.41222    ,  0.941937   ,  1.0652     ,  0.674691   ,  0.0193489  ,  0.0373742  ,  1.69736    ])
Iter time: 73.7700409889
Iter time: 143.728497028
Iter time: 248.58383894
130     , -12984.4    , array([ 0.0113586  ,  0.0595593  ,  0.353646   ,  0.141818   ,  0.0322163  ,  0.931433   ,  0.663086   ,  0.617149   ,  0.0147436  ,  0.0217387  ,  1.43602    ])
Iter time: 52.6374769211
Iter time: 102.094089031
Iter time: 176.408818007
131     , -12445.8    , array([ 0.0123528  ,  0.085855   ,  0.373577   ,  0.143839   ,  0.168064   ,  0.941546   ,  0.91662    ,  0.634574   ,  0.0209859  ,  0.0292411  ,  1.61711    ])
Iter time: 49.4604899883
Iter time: 95.9202919006
Iter time: 165.348646164
132     , -12446.4    , array([ 0.011522   ,  0.080734   ,  0.376807   ,  0.139711   ,  0.236986   ,  0.939042   ,  0.931496   ,  0.658522   ,  0.0201444  ,  0.0368812  ,  1.64472    ])
Iter time: 34.8495531082
Iter time: 66.9343020916
Iter time: 114.483180046
133     , -12145.9    , array([ 0.0133201  ,  0.0727891  ,  0.407802   ,  0.136541   ,  0.673315   ,  0.941959   ,  1.29532    ,  0.686139   ,  0.0270684  ,  0.0357043  ,  1.78346    ])
Iter time: 55.0660760403
Iter time: 103.937749147
Iter time: 176.43825984
134     , -10615.7    , array([ 0.0123712  ,  0.0968322  ,  0.438873   ,  0.117369   ,  3.08698    ,  0.943969   ,  3.95178    ,  0.735054   ,  0.0376886  ,  0.0470853  ,  1.85079    ])
Iter time: 73.4620728493
Iter time: 142.837773085
Iter time: 247.101390123
135     , -11525.1    , array([ 0.00907746 ,  0.0876407  ,  0.361664   ,  0.114885   ,  0.0935612  ,  0.933889   ,  1.75876    ,  0.634498   ,  0.0163195  ,  0.0355563  ,  1.40345    ])
Iter time: 63.0046310425
Iter time: 122.327857018
Iter time: 210.992344141
136     , -11094.5    , array([ 0.00988906 ,  0.0851563  ,  0.361751   ,  0.118226   ,  0.157606   ,  0.94005    ,  2.50375    ,  0.657129   ,  0.0163977  ,  0.0341867  ,  1.38826    ])
Iter time: 42.7223041058
Iter time: 81.992882967
Iter time: 140.696151972
137     , -11109      , array([ 0.00954988 ,  0.10388    ,  0.399761   ,  0.125117   ,  0.52102    ,  0.940997   ,  2.57586    ,  0.682132   ,  0.0199445  ,  0.0387052  ,  1.59167    ])
Iter time: 62.1542990208
Iter time: 120.278213978
Iter time: 206.810343981
138     , -10713      , array([ 0.00822232 ,  0.1642     ,  0.37688    ,  0.102322   ,  0.288242   ,  0.936612   ,  3.45562    ,  0.675424   ,  0.0212548  ,  0.0384014  ,  1.45678    ])
Iter time: 77.8389761448
Iter time: 150.887531042
Iter time: 259.821707964
139     , -10368.1    , array([ 0.00776883 ,  0.125362   ,  0.385837   ,  0.103682   ,  0.256027   ,  0.939033   ,  5.05776    ,  0.671371   ,  0.0212783  ,  0.0417547  ,  1.39548    ])
Iter time: 94.0974850655
Iter time: 180.814949989
Iter time: 309.693006992
141     , -10106.3    , array([ 0.0108518  ,  0.159563   ,  0.416883   ,  0.101375   ,  1.68016    ,  0.944523   ,  7.2827     ,  0.731339   ,  0.0244242  ,  0.0488332  ,  1.64063    ])
Iter time: 44.7447211742
Iter time: 86.3564240932
Iter time: 148.788166046
144     , -12498.7    , array([ 0.012393   ,  0.0722677  ,  0.387982   ,  0.139203   ,  0.306886   ,  0.943138   ,  0.931612   ,  0.668986   ,  0.0206703  ,  0.0312885  ,  1.70139    ])
Iter time: 98.8476450443
Iter time: 186.135223866
Iter time: 315.822591782
145     , -10125.1    , array([ 0.00981249 ,  0.169085   ,  0.428274   ,  0.102716   ,  4.11035    ,  0.949505   ,  7.05193    ,  0.736471   ,  0.0302946  ,  0.065386   ,  1.7255     ])
Iter time: 90.992264986
Iter time: 176.143141031
Iter time: 302.898612976
146     , -10124.1    , array([ 0.00861967 ,  0.162641   ,  0.397449   ,  0.0990183  ,  0.691623   ,  0.938868   ,  7.25227    ,  0.691381   ,  0.0231636  ,  0.0519438  ,  1.4601     ])
Iter time: 44.6462030411
Iter time: 86.1876080036
Iter time: 148.077764034
148     , -11613.3    , array([ 0.0107697  ,  0.0965823  ,  0.385599   ,  0.126084   ,  0.346909   ,  0.940013   ,  1.70817    ,  0.670703   ,  0.0211287  ,  0.0391645  ,  1.60137    ])
Iter time: 46.0699460506
Iter time: 89.1174321175
Iter time: 153.467692137
150     , -11574.8    , array([ 0.0110819  ,  0.100133   ,  0.384496   ,  0.12717    ,  0.301925   ,  0.941196   ,  1.7431     ,  0.660054   ,  0.0215721  ,  0.0353391  ,  1.58717    ])
Iter time: 38.6263179779
Iter time: 74.4696309566
Iter time: 127.870184898
152     , -11490.7    , array([ 0.011674   ,  0.0999234  ,  0.400803   ,  0.121584   ,  0.466207   ,  0.941357   ,  1.92162    ,  0.679919   ,  0.0208163  ,  0.039851   ,  1.62112    ])
Iter time: 90.783821106
Iter time: 175.259811163
Iter time: 301.55944109
153     , -10137.5    , array([ 0.00892512 ,  0.146652   ,  0.404586   ,  0.0989352  ,  0.845628   ,  0.941789   ,  7.18739    ,  0.701726   ,  0.0236731  ,  0.0462477  ,  1.50033    ])
Iter time: 115.596374989
Iter time: 223.486506939
Iter time: 383.449911118
154     , -10019.5    , array([ 0.00833895 ,  0.151614   ,  0.409521   ,  0.093714   ,  1.17171    ,  0.940713   ,  9.1126     ,  0.721029   ,  0.0235817  ,  0.0538234  ,  1.49836    ])
Iter time: 56.6403970718
Iter time: 109.698707819
Iter time: 189.024895906
157     , -10949.8    , array([ 0.00930547 ,  0.106537   ,  0.380976   ,  0.110958   ,  0.264621   ,  0.937725   ,  2.85311    ,  0.66546    ,  0.0195091  ,  0.0401282  ,  1.47554    ])
Iter time: 44.0805928707
Iter time: 84.6848008633
Iter time: 145.372567892
159     , -10916.2    , array([ 0.0104445  ,  0.11409    ,  0.400137   ,  0.113674   ,  0.575686   ,  0.941302   ,  3.03635    ,  0.688194   ,  0.0219688  ,  0.0424959  ,  1.57907    ])
Iter time: 115.784635067
Iter time: 223.822923899
Iter time: 385.534538984
160     , -10019.6    , array([ 0.00929377 ,  0.16616    ,  0.399253   ,  0.0887137  ,  0.987666   ,  0.941552   ,  9.2074     ,  0.712458   ,  0.0274299  ,  0.0539658  ,  1.48421    ])
Iter time: 56.7532539368
Iter time: 109.635795832
Iter time: 188.780897141
162     , -10677.8    , array([ 0.00962497 ,  0.109036   ,  0.381869   ,  0.110157   ,  0.365495   ,  0.940731   ,  3.70482    ,  0.679326   ,  0.0200475  ,  0.0403564  ,  1.46518    ])
Iter time: 55.7978858948
Iter time: 107.61552906
Iter time: 184.954002142
164     , -10605.5    , array([ 0.00935099 ,  0.122087   ,  0.391926   ,  0.106683   ,  0.480599   ,  0.939703   ,  4.0021     ,  0.684259   ,  0.0218939  ,  0.0437341  ,  1.51005    ])
Iter time: 54.209800005
Iter time: 104.395160913
Iter time: 179.321490049
166     , -10564.2    , array([ 0.00985711 ,  0.12673    ,  0.401283   ,  0.107669   ,  0.703072   ,  0.941421   ,  4.18076    ,  0.695668   ,  0.0232295  ,  0.0450647  ,  1.55896    ])
Iter time: 131.537140846
Iter time: 251.457581043
Iter time: 429.245629072
167     , -10009.5    , array([ 0.0108779  ,  0.115132   ,  0.434646   ,  0.102589   ,  3.008      ,  0.947374   ,  9.92739    ,  0.736109   ,  0.0288476  ,  0.0612265  ,  1.64626    ])
Iter time: 62.2934060097
Iter time: 120.224832058
Iter time: 206.754459143
170     , -10420.4    , array([ 0.00959401 ,  0.122744   ,  0.395455   ,  0.105894   ,  0.642034   ,  0.941655   ,  4.87171    ,  0.69463    ,  0.022652   ,  0.0450823  ,  1.51432    ])
Iter time: 66.9146990776
Iter time: 127.845487118
Iter time: 218.661133051
172     , -10374.6    , array([ 0.010752   ,  0.116925   ,  0.421943   ,  0.108795   ,  1.73734    ,  0.943169   ,  5.07956    ,  0.720705   ,  0.030348   ,  0.0485998  ,  1.68652    ])
Iter time: 65.9379179478
Iter time: 126.790361166
Iter time: 218.010968924
174     , -10368.5    , array([ 0.00940733 ,  0.131032   ,  0.400076   ,  0.103816   ,  0.726739   ,  0.941193   ,  5.16749    ,  0.697      ,  0.0234765  ,  0.0470635  ,  1.53105    ])
Iter time: 68.1983568668
Iter time: 131.418745041
Iter time: 225.473042011
176     , -10339.1    , array([ 0.00963808 ,  0.133703   ,  0.404768   ,  0.104123   ,  0.88032    ,  0.942043   ,  5.33269    ,  0.702848   ,  0.0241936  ,  0.0478684  ,  1.55437    ])
Iter time: 124.880861044
Iter time: 239.847676992
Iter time: 411.157930851
177     , -10003.6    , array([ 0.00926456 ,  0.164651   ,  0.423317   ,  0.0954541  ,  2.00414    ,  0.943747   ,  9.65453    ,  0.72747    ,  0.028367   ,  0.0579767  ,  1.59365    ])
Iter time: 78.6530971527
Iter time: 151.200035095
Iter time: 258.957153082
180     , -10234.2    , array([ 0.0100003  ,  0.130949   ,  0.415558   ,  0.103965   ,  1.41298    ,  0.942961   ,  6.07706    ,  0.71607    ,  0.0276511  ,  0.0502475  ,  1.61447    ])
Iter time: 78.6483960152
Iter time: 151.598056078
Iter time: 260.736237049
182     , -10227.2    , array([ 0.00938008 ,  0.13862    ,  0.405346   ,  0.101565   ,  0.941903   ,  0.942053   ,  6.17477    ,  0.705059   ,  0.0245016  ,  0.0495943  ,  1.54197    ])
Iter time: 77.755907774
Iter time: 150.226994991
Iter time: 258.575263977
184     , -10230.9    , array([ 0.00859749 ,  0.136208   ,  0.39896    ,  0.101404   ,  0.593164   ,  0.941109   ,  6.16453    ,  0.693517   ,  0.0234764  ,  0.0470803  ,  1.47882    ])
Iter time: 81.5079450607
Iter time: 157.334571838
Iter time: 269.333636045
186     , -10203.7    , array([ 0.00952651 ,  0.140786   ,  0.408363   ,  0.101497   ,  1.08033    ,  0.942573   ,  6.3717     ,  0.709157   ,  0.0249988  ,  0.0503713  ,  1.55721    ])
Iter time: 121.885664225
Iter time: 235.177650928
Iter time: 404.44038415
187     , -10004.9    , array([ 0.00878843 ,  0.170045   ,  0.407156   ,  0.0937443  ,  1.18473    ,  0.943177   ,  9.61996    ,  0.713719   ,  0.0236919  ,  0.055939   ,  1.49759    ])
Iter time: 88.748486042
Iter time: 171.689182997
Iter time: 294.613202095
189     , -10145.6    , array([ 0.0089867  ,  0.144012   ,  0.405475   ,  0.0996978  ,  0.90403    ,  0.942182   ,  7.0057     ,  0.705044   ,  0.024523   ,  0.0503536  ,  1.51727    ])
Iter time: 89.9978010654
Iter time: 173.486854076
Iter time: 297.659851074
191     , -10140.2    , array([ 0.00936854 ,  0.145533   ,  0.408713   ,  0.0996928  ,  1.13707    ,  0.942661   ,  7.05188    ,  0.710886   ,  0.0250538  ,  0.0517162  ,  1.54819    ])
Iter time: 91.9472820759
Iter time: 177.116030931
Iter time: 304.135080814
193     , -10127.7    , array([ 0.0094342  ,  0.146887   ,  0.410247   ,  0.0995783  ,  1.2206     ,  0.942925   ,  7.19654    ,  0.713028   ,  0.0253092  ,  0.0521822  ,  1.55541    ])
Iter time: 123.342884064
Iter time: 236.891852856
Iter time: 405.423062801
194     , -10006      , array([ 0.0097992  ,  0.163675   ,  0.419807   ,  0.0957125  ,  2.22182    ,  0.944508   ,  9.47668    ,  0.730488   ,  0.0269274  ,  0.058413   ,  1.59803    ])
Iter time: 128.44716692
Iter time: 246.653249025
Iter time: 424.135966063
195     , -9993.72    , array([ 0.00947693 ,  0.16546    ,  0.418515   ,  0.0950109  ,  1.99525    ,  0.944364   ,  9.93436    ,  0.728077   ,  0.0267048  ,  0.0581471  ,  1.57516    ])
Iter time: 100.393390894
Iter time: 193.064632893
Iter time: 331.828946114
198     , -10084.6    , array([ 0.00919552 ,  0.151684   ,  0.40969    ,  0.0979458  ,  1.1735     ,  0.942767   ,  7.87112    ,  0.711714   ,  0.0248813  ,  0.0508867  ,  1.53406    ])
Iter time: 101.258342981
Iter time: 194.933539867
Iter time: 334.778026104
200     , -10078      , array([ 0.00944313 ,  0.152028   ,  0.412521   ,  0.0981898  ,  1.40735    ,  0.943328   ,  7.90827    ,  0.717363   ,  0.0257067  ,  0.0539913  ,  1.56098    ])
Iter time: 104.387202978
Iter time: 198.985344172
Iter time: 340.183763027
202     , -10074.7    , array([ 0.00961381 ,  0.162324   ,  0.42077    ,  0.0995207  ,  2.45979    ,  0.946333   ,  7.86929    ,  0.72819    ,  0.0279157  ,  0.0599135  ,  1.63664    ])
Iter time: 101.519090176
Iter time: 195.66644001
Iter time: 336.558599949
204     , -10072.5    , array([ 0.00905536 ,  0.159187   ,  0.406397   ,  0.0977354  ,  1.06891    ,  0.941357   ,  8.00997    ,  0.707211   ,  0.024618   ,  0.0537486  ,  1.51336    ])
Iter time: 103.711205959
Iter time: 199.484428167
Iter time: 342.129143
206     , -10062.8    , array([ 0.0100772  ,  0.157657   ,  0.415732   ,  0.0987273  ,  1.63212    ,  0.944043   ,  8.06156    ,  0.726253   ,  0.0252881  ,  0.0523421  ,  1.59831    ])
Iter time: 107.17049098
Iter time: 206.522285938
Iter time: 354.411756992
208     , -10053.9    , array([ 0.00931501 ,  0.153985   ,  0.412405   ,  0.0970783  ,  1.38462    ,  0.943223   ,  8.39002    ,  0.717101   ,  0.0255424  ,  0.0534998  ,  1.54841    ])
Iter time: 108.040992975
Iter time: 207.956257105
Iter time: 357.024330139
210     , -10049.9    , array([ 0.00943374 ,  0.154249   ,  0.413822   ,  0.0971489  ,  1.5152     ,  0.943499   ,  8.43243    ,  0.719929   ,  0.0259551  ,  0.0550847  ,  1.56137    ])
Iter time: 109.608745098
Iter time: 211.067562819
Iter time: 360.361207008
212     , -10047.1    , array([ 0.00951043 ,  0.159018   ,  0.417622   ,  0.0976979  ,  1.95953    ,  0.944872   ,  8.43809    ,  0.724966   ,  0.0269579  ,  0.057806   ,  1.59534    ])
Iter time: 109.129977226
Iter time: 209.584565878
Iter time: 359.855559826
214     , -10045.3    , array([ 0.00925067 ,  0.157466   ,  0.410936   ,  0.096816   ,  1.32781    ,  0.942544   ,  8.53335    ,  0.715252   ,  0.0254203  ,  0.0549327  ,  1.53776    ])
Iter time: 110.424361944
Iter time: 212.312474966
Iter time: 365.406156063
216     , -10039.8    , array([ 0.00972077 ,  0.156699   ,  0.41541    ,  0.0972196  ,  1.62543    ,  0.94382    ,  8.58295    ,  0.724315   ,  0.02577    ,  0.0543284  ,  1.57756    ])
Iter time: 129.014467001
Iter time: 248.006745815
Iter time: 426.704409122
217     , -9992.85    , array([ 0.00951278 ,  0.158029   ,  0.418341   ,  0.0944349  ,  1.94852    ,  0.944077   ,  9.99402    ,  0.729026   ,  0.0270437  ,  0.0596026  ,  1.57112    ])
Iter time: 113.576347828
Iter time: 218.592357874
Iter time: 375.104845047
220     , -10031.1    , array([ 0.00942713 ,  0.15529    ,  0.414796   ,  0.0963215  ,  1.59573    ,  0.943601   ,  8.85536    ,  0.721895   ,  0.026167   ,  0.0559727  ,  1.56099    ])
Iter time: 114.580281019
Iter time: 220.296461105
Iter time: 377.469761133
222     , -10029.1    , array([ 0.00946159 ,  0.157502   ,  0.416568   ,  0.096531   ,  1.79782    ,  0.944229   ,  8.87779    ,  0.724275   ,  0.0266317  ,  0.0572547  ,  1.57632    ])
Iter time: 114.403059006
Iter time: 220.987190962
Iter time: 377.984443188
224     , -10027.5    , array([ 0.00934105 ,  0.156733   ,  0.413475   ,  0.0960815  ,  1.50044    ,  0.943142   ,  8.94383    ,  0.719817   ,  0.0259158  ,  0.0559187  ,  1.54936    ])
Iter time: 115.336321115
Iter time: 222.014339924
Iter time: 381.482517958
226     , -10024.8    , array([ 0.00955812 ,  0.156353   ,  0.415632   ,  0.09623    ,  1.65408    ,  0.943749   ,  8.98659    ,  0.724158   ,  0.0261002  ,  0.0556832  ,  1.56799    ])
Iter time: 117.138300896
Iter time: 225.504860878
Iter time: 386.872327089
228     , -10020.6    , array([ 0.00941856 ,  0.155696   ,  0.415363   ,  0.0957804  ,  1.64157    ,  0.943647   ,  9.13419    ,  0.72305    ,  0.0262974  ,  0.0565063  ,  1.56005    ])
Iter time: 118.01584816
Iter time: 226.836591959
Iter time: 389.011136055
230     , -10019.1    , array([ 0.0094338  ,  0.156719   ,  0.416194   ,  0.0958505  ,  1.73524    ,  0.943934   ,  9.1576     ,  0.724185   ,  0.0265146  ,  0.0571156  ,  1.56695    ])
Iter time: 117.870851994
Iter time: 226.784806013
Iter time: 389.314044952
232     , -10018.3    , array([ 0.00937772 ,  0.156336   ,  0.41477    ,  0.0956166  ,  1.59576    ,  0.943427   ,  9.20147    ,  0.722152   ,  0.026183   ,  0.0564996  ,  1.55429    ])
Iter time: 118.497687101
Iter time: 228.414340019
Iter time: 391.496068001
234     , -10016.5    , array([ 0.00947785 ,  0.156145   ,  0.415811   ,  0.0956626  ,  1.67273    ,  0.943716   ,  9.23335    ,  0.724234   ,  0.0262797  ,  0.0564179  ,  1.56299    ])
Iter time: 127.201179028
Iter time: 244.4742589
Iter time: 418.647017002
235     , -9998.33    , array([ 0.0093887  ,  0.156261   ,  0.416699   ,  0.0944005  ,  1.7491     ,  0.94373    ,  9.87257    ,  0.725791   ,  0.0266215  ,  0.0578092  ,  1.55648    ])
Iter time: 132.474989891
Iter time: 252.556292057
Iter time: 430.936414957
236     , -9996.92    , array([ 0.00953236 ,  0.144795   ,  0.436897   ,  0.103078   ,  3.22548    ,  0.946228   ,  9.91909    ,  0.739068   ,  0.0253839  ,  0.0612926  ,  1.65022    ])
Iter time: 119.695217133
Iter time: 231.272763968
Iter time: 395.767934799
238     , -10011.9    , array([ 0.00891342 ,  0.153031   ,  0.414784   ,  0.0950762  ,  1.51426    ,  0.942549   ,  9.36801    ,  0.724144   ,  0.0250286  ,  0.0559671  ,  1.53806    ])
Iter time: 121.445537806
Iter time: 233.537338972
Iter time: 399.406236887
240     , -10011.4    , array([ 0.00945609 ,  0.155418   ,  0.418085   ,  0.0961184  ,  1.83139    ,  0.944098   ,  9.40081    ,  0.725726   ,  0.02647    ,  0.0576001  ,  1.57154    ])
Iter time: 121.64448595
Iter time: 233.371993065
Iter time: 400.394114017
242     , -10010.7    , array([ 0.00943151 ,  0.155187   ,  0.417521   ,  0.0960239  ,  1.76727    ,  0.943875   ,  9.43249    ,  0.724868   ,  0.026317   ,  0.0573389  ,  1.56596    ])
Iter time: 121.846042156
Iter time: 234.451824188
Iter time: 401.638481855
244     , -10009.6    , array([ 0.00947962 ,  0.155049   ,  0.418122   ,  0.0960634  ,  1.81392    ,  0.944027   ,  9.45799    ,  0.725942   ,  0.0263672  ,  0.0573396  ,  1.57047    ])
Iter time: 122.51534605
Iter time: 235.542455912
Iter time: 404.193594933
246     , -10007.4    , array([ 0.00921879 ,  0.153586   ,  0.417758   ,  0.0958135  ,  1.74009    ,  0.94351    ,  9.53084    ,  0.725978   ,  0.025793   ,  0.057173   ,  1.55938    ])
Iter time: 123.323065996
Iter time: 237.606857061
Iter time: 406.572000027
248     , -10006.9    , array([ 0.00948431 ,  0.154696   ,  0.419402   ,  0.0963233  ,  1.9092     ,  0.944259   ,  9.55348    ,  0.726782   ,  0.026494   ,  0.0579815  ,  1.5757     ])
Iter time: 123.530520916
Iter time: 238.262130976
Iter time: 407.065278053
250     , -10006.3    , array([ 0.00947438 ,  0.154558   ,  0.419205   ,  0.0962896  ,  1.88208    ,  0.944164   ,  9.57511    ,  0.72644    ,  0.0264254  ,  0.0578792  ,  1.57335    ])
Iter time: 123.814324856
Iter time: 237.925162077
Iter time: 408.054860115
252     , -10005.8    , array([ 0.00949827 ,  0.154467   ,  0.419556   ,  0.0963197  ,  1.90996    ,  0.944247   ,  9.5934     ,  0.727      ,  0.0264533  ,  0.0579042  ,  1.57574    ])
Iter time: 120.25788188
Iter time: 231.948436022
Iter time: 398.608476162
253     , -9998.03    , array([ 0.00812349 ,  0.216982   ,  0.405159   ,  0.0898801  ,  1.23798    ,  0.941002   ,  9.47886    ,  0.718471   ,  0.0240346  ,  0.0552823  ,  1.50635    ])
Iter time: 127.551671982
Iter time: 244.841299057
Iter time: 420.033483982
254     , -9995.07    , array([ 0.00936756 ,  0.173202   ,  0.419198   ,  0.0951241  ,  2.01158    ,  0.944398   ,  9.86343    ,  0.727122   ,  0.0265381  ,  0.0588409  ,  1.5803     ])
Iter time: 127.430865049
Iter time: 245.053033113
Iter time: 420.22912693
255     , -9993.25    , array([ 0.00908482 ,  0.175529   ,  0.417517   ,  0.0944053  ,  1.85089    ,  0.943675   ,  9.89735    ,  0.726379   ,  0.0258437  ,  0.0581758  ,  1.56476    ])
Iter time: 128.053080082
Iter time: 246.612178087
Iter time: 422.184261084
256     , -9991.42    , array([ 0.00902518 ,  0.179797   ,  0.417408   ,  0.0940997  ,  1.87187    ,  0.94368    ,  9.93461    ,  0.72671    ,  0.0258061  ,  0.0583328  ,  1.56554    ])
Iter time: 125.118735075
Iter time: 239.540469885
Iter time: 410.982772112
259     , -10001.6    , array([ 0.00948359 ,  0.165888   ,  0.418947   ,  0.0953763  ,  2.02628    ,  0.944177   ,  9.63459    ,  0.728357   ,  0.0264663  ,  0.0582554  ,  1.58219    ])
Iter time: 125.399222851
Iter time: 240.195526123
Iter time: 411.961341858
261     , -10001.3    , array([ 0.00933618 ,  0.161677   ,  0.418793   ,  0.0956356  ,  1.88375    ,  0.944044   ,  9.69563    ,  0.726678   ,  0.0262329  ,  0.0580171  ,  1.57141    ])
Iter time: 132.972145081
Iter time: 254.086874008
Iter time: 432.946493149
262     , -9987.78    , array([ 0.00968836 ,  0.166869   ,  0.431404   ,  0.0965341  ,  3.16991    ,  0.944663   ,  9.9955     ,  0.741639   ,  0.0290985  ,  0.0608093  ,  1.65423    ])
Iter time: 126.118276119
Iter time: 242.175721169
Iter time: 415.082129002
265     , -9999.49    , array([ 0.00926479 ,  0.166641   ,  0.421568   ,  0.0953401  ,  2.01225    ,  0.943875   ,  9.7453     ,  0.728146   ,  0.0273229  ,  0.058276   ,  1.58646    ])
Iter time: 126.027778149
Iter time: 241.987829924
Iter time: 414.745760202
267     , -9998.28    , array([ 0.00936373 ,  0.1673     ,  0.419505   ,  0.0952997  ,  2.02269    ,  0.944076   ,  9.74028    ,  0.72858    ,  0.0264299  ,  0.0584168  ,  1.58094    ])
Iter time: 126.624112844
Iter time: 242.475337029
Iter time: 415.87717104
269     , -9997.96    , array([ 0.00929192 ,  0.16542    ,  0.419461   ,  0.0954138  ,  1.95658    ,  0.944011   ,  9.77313    ,  0.727826   ,  0.026322   ,  0.0583154  ,  1.57598    ])
Iter time: 129.053512096
Iter time: 247.60787487
Iter time: 424.462406158
270     , -9989.93    , array([ 0.00923588 ,  0.171669   ,  0.418314   ,  0.0950586  ,  2.04194    ,  0.944106   ,  9.96353    ,  0.729749   ,  0.0253578  ,  0.0589638  ,  1.5728     ])
Iter time: 129.157989025
Iter time: 247.200330019
Iter time: 422.432091951
271     , -9990.19    , array([ 0.00908684 ,  0.186229   ,  0.423499   ,  0.0961261  ,  2.4162     ,  0.944319   ,  9.85149    ,  0.732841   ,  0.0257969  ,  0.0596539  ,  1.60613    ])
Iter time: 127.333275795
Iter time: 244.01177907
Iter time: 417.767215967
273     , -9995.68    , array([ 0.00928724 ,  0.169761   ,  0.419976   ,  0.0953169  ,  2.05571    ,  0.944062   ,  9.80603    ,  0.729137   ,  0.0262887  ,  0.0586262  ,  1.58216    ])
Iter time: 124.51191783
Iter time: 238.987221003
Iter time: 410.236430883
275     , -9995.13    , array([ 0.00870315 ,  0.191187   ,  0.413407   ,  0.0928144  ,  1.64575    ,  0.942662   ,  9.68847    ,  0.724546   ,  0.0251715  ,  0.0571841  ,  1.54784    ])
Iter time: 127.469245911
Iter time: 244.441427946
Iter time: 418.962153912
277     , -9995.39    , array([ 0.00928037 ,  0.168034   ,  0.420362   ,  0.095509   ,  2.05278    ,  0.944107   ,  9.83382    ,  0.729098   ,  0.0262887  ,  0.0586796  ,  1.58191    ])
Iter time: 125.035913944
Iter time: 241.158401966
Iter time: 414.329847097
278     , -9990.47    , array([ 0.00896881 ,  0.206735   ,  0.403354   ,  0.087451   ,  1.32463    ,  0.941798   ,  9.85526    ,  0.72       ,  0.0273301  ,  0.056433   ,  1.51617    ])
Iter time: 128.898173094
Iter time: 247.229269981
Iter time: 424.19768095
279     , -9988.75    , array([ 0.00914732 ,  0.182763   ,  0.416536   ,  0.0931023  ,  1.91877    ,  0.943547   ,  9.97796    ,  0.728134   ,  0.0265765  ,  0.058592   ,  1.56918    ])
Iter time: 128.547945023
Iter time: 247.690088987
Iter time: 425.48302412
280     , -9987.99    , array([ 0.00913008 ,  0.187484   ,  0.415462   ,  0.092485   ,  1.89808    ,  0.9434     ,  9.97612    ,  0.727998   ,  0.0266293  ,  0.0585229  ,  1.56713    ])
Iter time: 126.223466873
Iter time: 243.431476116
Iter time: 416.222308159
282     , -9992.96    , array([ 0.00897002 ,  0.184049   ,  0.415744   ,  0.0933827  ,  1.8141     ,  0.943241   ,  9.80903    ,  0.726701   ,  0.0258731  ,  0.0579492  ,  1.56199    ])
Iter time: 128.976893902
Iter time: 247.622664928
Iter time: 424.378018856
283     , -9986.53    , array([ 0.00905255 ,  0.183257   ,  0.416365   ,  0.092488   ,  1.95084    ,  0.943033   ,  9.98918    ,  0.730531   ,  0.0265277  ,  0.058446   ,  1.56894    ])
Iter time: 128.603998899
Iter time: 246.829298019
Iter time: 422.031393051
285     , -9986.86    , array([ 0.00887385 ,  0.195428   ,  0.416654   ,  0.0921462  ,  1.95878    ,  0.942825   ,  9.92779    ,  0.730019   ,  0.0263302  ,  0.0591985  ,  1.57293    ])
Iter time: 129.369670153
Iter time: 248.152132988
Iter time: 424.930664778
286     , -9985.86    , array([ 0.0092174  ,  0.18785    ,  0.417492   ,  0.0923297  ,  2.13341    ,  0.943359   ,  9.97047    ,  0.73239    ,  0.0273     ,  0.0593571  ,  1.58488    ])
Iter time: 127.411790133
Iter time: 244.742400169
Iter time: 420.12232995
289     , -9990.94    , array([ 0.00907121 ,  0.182983   ,  0.416703   ,  0.0933241  ,  1.91269    ,  0.943384   ,  9.87857    ,  0.728297   ,  0.0262792  ,  0.0584186  ,  1.56941    ])
Iter time: 128.074815035
Iter time: 245.78499794
Iter time: 420.973026991
290     , -9986.02    , array([ 0.00877025 ,  0.215087   ,  0.416691   ,  0.0919127  ,  2.08012    ,  0.942852   ,  9.88248    ,  0.730633   ,  0.0262074  ,  0.0579776  ,  1.58233    ])
Iter time: 128.981636047
Iter time: 247.336902857
Iter time: 423.735440016
291     , -9985.01    , array([ 0.00919604 ,  0.195308   ,  0.417492   ,  0.0918467  ,  2.20722    ,  0.943099   ,  9.93208    ,  0.73368    ,  0.0275414  ,  0.059174   ,  1.59105    ])
Iter time: 129.566528082
Iter time: 248.135933876
Iter time: 424.660548925
292     , -9981.74    , array([ 0.00928268 ,  0.203559   ,  0.417534   ,  0.0907405  ,  2.3968     ,  0.942808   ,  9.93081    ,  0.737189   ,  0.0284524  ,  0.0595992  ,  1.60397    ])
Iter time: 130.026787996
Iter time: 249.189935923
Iter time: 426.763640881
293     , -9983.89    , array([ 0.00918781 ,  0.195662   ,  0.41835    ,  0.0921384  ,  2.25057    ,  0.94329    ,  9.998      ,  0.733699   ,  0.0274391  ,  0.0593024  ,  1.59342    ])
Iter time: 126.946268082
Iter time: 244.186987877
Iter time: 419.163013935
295     , -9988.55    , array([ 0.00905864 ,  0.197288   ,  0.41106    ,  0.0902655  ,  1.69822    ,  0.942635   ,  9.90307    ,  0.726097   ,  0.0270954  ,  0.0577632  ,  1.55193    ])
Iter time: 128.926534891
Iter time: 247.928386927
Iter time: 423.153903961
297     , -9988.24    , array([ 0.00911676 ,  0.187739   ,  0.42063    ,  0.0943666  ,  2.25712    ,  0.943819   ,  9.90352    ,  0.732236   ,  0.0263832  ,  0.0593019  ,  1.59482    ])
Iter time: 129.110388041
Iter time: 247.574418068
Iter time: 423.959091902
298     , -9983.92    , array([ 0.00903718 ,  0.21208    ,  0.417665   ,  0.0901617  ,  2.21725    ,  0.942482   ,  9.93722    ,  0.733972   ,  0.0289197  ,  0.0590015  ,  1.59848    ])
Iter time: 129.556699038
Iter time: 247.959043026
Iter time: 424.433335066
299     , -9983.6     , array([ 0.0091046  ,  0.204668   ,  0.419654   ,  0.0915205  ,  2.42243    ,  0.942847   ,  9.91546    ,  0.736669   ,  0.0280207  ,  0.0594511  ,  1.60756    ])
Iter time: 132.606384039
Iter time: 252.943677902
Iter time: 431.272176027
300     , -9982.71    , array([ 0.00920219 ,  0.190871   ,  0.426847   ,  0.0946341  ,  2.91963    ,  0.943797   ,  9.99273    ,  0.740679   ,  0.0276525  ,  0.0606207  ,  1.63587    ])
Iter time: 129.460062027
Iter time: 247.721428871
Iter time: 424.235538006
302     , -9986.72    , array([ 0.00912731 ,  0.191013   ,  0.420034   ,  0.0934023  ,  2.26824    ,  0.943517   ,  9.92968    ,  0.733176   ,  0.0269308  ,  0.0592975  ,  1.59593    ])
Iter time: 131.221065998
Iter time: 250.218123913
Iter time: 427.706792116
303     , -9982.05    , array([ 0.00914517 ,  0.202141   ,  0.424297   ,  0.0925766  ,  2.82748    ,  0.943049   ,  9.92731    ,  0.741242   ,  0.028436   ,  0.0602174  ,  1.63291    ])
Iter time: 126.69351697
Iter time: 243.914839983
Iter time: 418.850567102
304     , -9981.84    , array([ 0.00852826 ,  0.235171   ,  0.407385   ,  0.088021   ,  1.65821    ,  0.941496   ,  9.89574    ,  0.727536   ,  0.0259143  ,  0.0578503  ,  1.54329    ])
Iter time: 130.609457016
Iter time: 249.887139082
Iter time: 427.225144148
305     , -9981.12    , array([ 0.00924404 ,  0.207678   ,  0.420085   ,  0.0914478  ,  2.60344    ,  0.943089   ,  9.95738    ,  0.73866    ,  0.028556   ,  0.059176   ,  1.61745    ])
Iter time: 132.19156909
Iter time: 252.010348797
Iter time: 430.777166843
306     , -9978.06    , array([ 0.00943488 ,  0.214089   ,  0.421811   ,  0.0911006  ,  3.00144    ,  0.943222   ,  9.97221    ,  0.743019   ,  0.0297385  ,  0.0591648  ,  1.64018    ])
Iter time: 130.349935055
Iter time: 249.146831036
Iter time: 425.526973963
307     , -9980.12    , array([ 0.00904166 ,  0.21693    ,  0.417025   ,  0.0898096  ,  2.36571    ,  0.942344   ,  9.96322    ,  0.737265   ,  0.0284272  ,  0.0590531  ,  1.60209    ])
Iter time: 131.000195026
Iter time: 249.844089985
Iter time: 426.848339081
308     , -9979.67    , array([ 0.00911433 ,  0.233154   ,  0.420821   ,  0.0902141  ,  2.84874    ,  0.942702   ,  9.89919    ,  0.741169   ,  0.0292243  ,  0.0600261  ,  1.63586    ])
Iter time: 129.260944843
Iter time: 249.163780928
Iter time: 424.141999006
310     , -9984.06    , array([ 0.00894107 ,  0.211629   ,  0.417825   ,  0.0915503  ,  2.24631    ,  0.942853   ,  9.91399    ,  0.733705   ,  0.0271471  ,  0.0586934  ,  1.59457    ])
Iter time: 130.567928076
Iter time: 249.949319124
Iter time: 428.28519702
311     , -9978.77    , array([ 0.00896443 ,  0.235869   ,  0.420498   ,  0.0899241  ,  2.78421    ,  0.942257   ,  9.91057    ,  0.741456   ,  0.0289362  ,  0.0593576  ,  1.63103    ])
Iter time: 130.993694067
Iter time: 250.941995859
Iter time: 429.319555998
312     , -9978.75    , array([ 0.00924586 ,  0.213536   ,  0.420651   ,  0.0903946  ,  2.74952    ,  0.942655   ,  9.9664     ,  0.741544   ,  0.0294388  ,  0.0601517  ,  1.6278     ])
Iter time: 131.653586149
Iter time: 251.501103163
Iter time: 429.330688
313     , -9977.93    , array([ 0.00918559 ,  0.213347   ,  0.421357   ,  0.0918298  ,  2.89669    ,  0.943058   ,  9.94842    ,  0.742658   ,  0.027724   ,  0.0600481  ,  1.62919    ])
Iter time: 133.512942791
Iter time: 254.055373907
Iter time: 434.344153166
314     , -9974.72    , array([ 0.00926071 ,  0.213983   ,  0.423216   ,  0.0926754  ,  3.3109     ,  0.943346   ,  9.95402    ,  0.74704    ,  0.0271448  ,  0.0605783  ,  1.64477    ])
Iter time: 131.165886879
Iter time: 250.001159906
Iter time: 427.622864008
315     , -9976.71    , array([ 0.00904799 ,  0.235043   ,  0.421553   ,  0.0899548  ,  3.06131    ,  0.94226    ,  9.88001    ,  0.745373   ,  0.0291627  ,  0.059975   ,  1.64382    ])
Iter time: 130.883404016
Iter time: 251.962555885
Iter time: 430.202316999
316     , -9975.64    , array([ 0.00912033 ,  0.230425   ,  0.420587   ,  0.0902784  ,  2.96777    ,  0.942596   ,  9.95577    ,  0.743955   ,  0.0287656  ,  0.0599206  ,  1.63598    ])
Iter time: 129.02310586
Iter time: 247.409881115
Iter time: 423.021507978
317     , -9976.54    , array([ 0.00900896 ,  0.255689   ,  0.412391   ,  0.0865633  ,  2.46971    ,  0.941429   ,  9.87214    ,  0.740521   ,  0.0293585  ,  0.0586405  ,  1.60769    ])
Iter time: 130.340806007
Iter time: 248.803589106
Iter time: 425.594375134
318     , -9975.5     , array([ 0.00904043 ,  0.251972   ,  0.412728   ,  0.0874133  ,  2.48824    ,  0.941881   ,  9.92713    ,  0.739828   ,  0.0287158  ,  0.0587491  ,  1.60605    ])
Iter time: 137.038165092
Iter time: 259.249454975
Iter time: 440.44079423
319     , -9971.85    , array([ 0.00979774 ,  0.219317   ,  0.430882   ,  0.0918216  ,  4.5677     ,  0.943505   ,  9.96453    ,  0.756064   ,  0.0321038  ,  0.0613247  ,  1.71168    ])
Iter time: 147.206077814
Iter time: 273.756495953
Iter time: 460.412837982
320     , -9963.71    , array([ 0.0105017  ,  0.211795   ,  0.443134   ,  0.0937829  ,  7.581      ,  0.944512   ,  9.9991     ,  0.770745   ,  0.0357326  ,  0.0631393  ,  1.80265    ])
Iter time: 134.892306089
Iter time: 256.487766981
Iter time: 435.633046865
321     , -9971.5     , array([ 0.00920567 ,  0.25521    ,  0.424982   ,  0.0896054  ,  3.89612    ,  0.942501   ,  9.94172    ,  0.752228   ,  0.0304766  ,  0.0601529  ,  1.68227    ])
Iter time: 135.625375986
Iter time: 256.758337021
Iter time: 437.4187181
322     , -9970.99    , array([ 0.00948201 ,  0.246661   ,  0.426965   ,  0.0904967  ,  4.32213    ,  0.942993   ,  9.90549    ,  0.754904   ,  0.0308921  ,  0.0609132  ,  1.69926    ])
Iter time: 134.993687153
Iter time: 256.118370056
Iter time: 436.207937002
323     , -9969.94    , array([ 0.00947428 ,  0.23186    ,  0.424231   ,  0.0901422  ,  3.87189    ,  0.942688   ,  9.97071    ,  0.753437   ,  0.0303542  ,  0.0600858  ,  1.67573    ])
Iter time: 136.332123041
Iter time: 258.101300955
Iter time: 438.310212135
324     , -9969.01    , array([ 0.00973007 ,  0.228477   ,  0.425239   ,  0.0904728  ,  4.20643    ,  0.943212   ,  9.97022    ,  0.755344   ,  0.0309243  ,  0.0608974  ,  1.68897    ])
Iter time: 137.049787045
Iter time: 258.159955978
Iter time: 438.646332026
325     , -9967.72    , array([ 0.00952187 ,  0.255495   ,  0.425924   ,  0.0900159  ,  4.60185    ,  0.942915   ,  9.91506    ,  0.757792   ,  0.0306696  ,  0.0602282  ,  1.70371    ])
Iter time: 136.238566875
Iter time: 257.680315971
Iter time: 438.821411848
326     , -9966.88    , array([ 0.00934669 ,  0.263161   ,  0.425503   ,  0.0891241  ,  4.55625    ,  0.942293   ,  9.89894    ,  0.758999   ,  0.0305312  ,  0.0614315  ,  1.70257    ])
Iter time: 138.53003788
Iter time: 261.039843082
Iter time: 443.779362917
327     , -9965.31    , array([ 0.00980408 ,  0.244676   ,  0.426485   ,  0.0901072  ,  4.80207    ,  0.94326    ,  9.99479    ,  0.759098   ,  0.0313948  ,  0.0608666  ,  1.70969    ])
Iter time: 132.423594952
Iter time: 252.524969101
Iter time: 429.633788824
329     , -9973.64    , array([ 0.00924691 ,  0.247128   ,  0.4188     ,  0.0884413  ,  3.17164    ,  0.942177   ,  9.91019    ,  0.747181   ,  0.0298959  ,  0.0596241  ,  1.64629    ])
Iter time: 140.105754137
Iter time: 263.757912159
Iter time: 448.809283972
330     , -9963.82    , array([ 0.00990183 ,  0.250759   ,  0.429751   ,  0.0901042  ,  5.65793    ,  0.943181   ,  9.93274    ,  0.76458    ,  0.0324451  ,  0.0612807  ,  1.73918    ])
Iter time: 147.996301174
Iter time: 275.374812126
Iter time: 460.48357892
331     , -9960.39    , array([ 0.010156   ,  0.229114   ,  0.441164   ,  0.0935719  ,  7.83542    ,  0.944134   ,  9.96242    ,  0.773459   ,  0.0332311  ,  0.062984   ,  1.79743    ])
Iter time: 167.076050997
Iter time: 301.850457907
Iter time: 499.024168015
332     , -9949.93    , array([ 0.0107644  ,  0.218475   ,  0.456109   ,  0.0968121  ,  13.9042    ,  0.945263   ,  9.98011    ,  0.790844   ,  0.0357484  ,  0.0652145  ,  1.90151    ])
Iter time: 146.458182812
Iter time: 272.733206987
Iter time: 459.008419037
333     , -9958.5     , array([ 0.0101894  ,  0.270812   ,  0.436127   ,  0.0889624  ,  7.64395    ,  0.943016   ,  9.94023    ,  0.773969   ,  0.0369587  ,  0.0619067  ,  1.80202    ])
Iter time: 153.162388086
Iter time: 281.436078072
Iter time: 471.427103043
334     , -9955.71    , array([ 0.0103863  ,  0.238425   ,  0.443986   ,  0.0933211  ,  9.36355    ,  0.944338   ,  9.98969    ,  0.778796   ,  0.034877   ,  0.0633285  ,  1.83018    ])
Iter time: 151.075333118
Iter time: 278.908979177
Iter time: 467.866048098
335     , -9955.37    , array([ 0.0106643  ,  0.228036   ,  0.441022   ,  0.0927916  ,  8.93984    ,  0.944349   ,  9.96673    ,  0.778468   ,  0.0350618  ,  0.0633617  ,  1.8187     ])
Iter time: 138.953725815
Iter time: 262.162702084
Iter time: 444.366297007
337     , -9966.88    , array([ 0.00974465 ,  0.243067   ,  0.43057    ,  0.0909435  ,  5.22019    ,  0.94327    ,  9.93261    ,  0.761114   ,  0.0319612  ,  0.0614334  ,  1.72936    ])
Iter time: 156.910001993
Iter time: 287.052391052
Iter time: 478.675355196
338     , -9953.24    , array([ 0.01064    ,  0.249576   ,  0.445613   ,  0.0928093  ,  10.8398    ,  0.944514   ,  9.94197    ,  0.783015   ,  0.0363624  ,  0.0641467  ,  1.85911    ])
Iter time: 159.890172958
Iter time: 294.734456062
Iter time: 484.960004091
339     , -9951.79    , array([ 0.01053    ,  0.257372   ,  0.448355   ,  0.0928999  ,  11.8516    ,  0.944226   ,  9.93733    ,  0.786165   ,  0.036759   ,  0.0638928  ,  1.877      ])
Iter time: 163.451179028
Iter time: 297.807625055
Iter time: 494.458111048
340     , -9949.31    , array([ 0.010959   ,  0.230462   ,  0.451831   ,  0.0939082  ,  12.8664    ,  0.944762   ,  9.9967     ,  0.78888    ,  0.038305   ,  0.0653003  ,  1.89383    ])
Iter time: 142.355710983
Iter time: 266.801011086
Iter time: 449.993771076
343     , -9962.66    , array([ 0.00984223 ,  0.251181   ,  0.433225   ,  0.0907372  ,  6.20717    ,  0.943177   ,  9.93176    ,  0.767402   ,  0.0326844  ,  0.0622415  ,  1.75727    ])
Iter time: 167.355178118
Iter time: 303.026628017
Iter time: 501.788923025
344     , -9946.25    , array([ 0.0110428  ,  0.237888   ,  0.452367   ,  0.0937996  ,  14.1367    ,  0.944839   ,  9.99672    ,  0.792154   ,  0.0384608  ,  0.0648881  ,  1.90775    ])
Iter time: 180.920308828
Iter time: 321.764389038
Iter time: 525.092325926
346     , -9943.15    , array([ 0.0112159  ,  0.235118   ,  0.461617   ,  0.0953639  ,  18.701     ,  0.945136   ,  9.93488    ,  0.800437   ,  0.0406269  ,  0.0662586  ,  1.96854    ])
Iter time: 184.696646929
Iter time: 327.781487942
Iter time: 534.334840059
348     , -9941.56    , array([ 0.0113596  ,  0.226743   ,  0.464106   ,  0.096356   ,  19.7259    ,  0.945571   ,  9.99734    ,  0.801349   ,  0.0409523  ,  0.0667521  ,  1.97924    ])
Iter time: 177.237226963
Iter time: 316.762408972
Iter time: 519.296949148
350     , -9939.94    , array([ 0.0108648  ,  0.271807   ,  0.45389    ,  0.093033   ,  17.5178    ,  0.944432   ,  9.93067    ,  0.800586   ,  0.038118   ,  0.0654458  ,  1.94228    ])
Iter time: 150.664441109
Iter time: 279.591907024
Iter time: 468.120800972
353     , -9956.61    , array([ 0.0102996  ,  0.246374   ,  0.441721   ,  0.0921672  ,  8.86604    ,  0.943881   ,  9.94823    ,  0.777906   ,  0.0349748  ,  0.0633981  ,  1.82159    ])
Iter time: 154.104942083
Iter time: 283.53971386
Iter time: 473.789132118
355     , -9954.08    , array([ 0.0104848  ,  0.254723   ,  0.443455   ,  0.0914082  ,  9.90534    ,  0.94384    ,  9.95284    ,  0.781407   ,  0.0370983  ,  0.0632958  ,  1.84555    ])
Iter time: 181.992603064
Iter time: 323.666363001
Iter time: 529.127025843
356     , -9941.05    , array([ 0.0113377  ,  0.23441    ,  0.460609   ,  0.0955651  ,  18.9612    ,  0.945441   ,  9.98355    ,  0.800737   ,  0.0400756  ,  0.0660422  ,  1.9659     ])
Iter time: 159.084482193
Iter time: 290.570777893
Iter time: 484.148383141
358     , -9951.88    , array([ 0.0106364  ,  0.239185   ,  0.44826    ,  0.0936867  ,  11.3775    ,  0.94455    ,  9.9775     ,  0.784991   ,  0.0363639  ,  0.0641361  ,  1.86708    ])
Iter time: 158.321358204
Iter time: 289.078085184
Iter time: 481.612448931
360     , -9951.55    , array([ 0.0107766  ,  0.234424   ,  0.447092   ,  0.0934613  ,  11.2396    ,  0.944564   ,  9.96651    ,  0.785123   ,  0.0365206  ,  0.0641883  ,  1.86343    ])
Iter time: 160.192408085
Iter time: 292.761940956
Iter time: 485.138450861
362     , -9950.76    , array([ 0.0106988  ,  0.246828   ,  0.44849    ,  0.0928557  ,  11.8992    ,  0.944342   ,  9.96018    ,  0.786774   ,  0.0375395  ,  0.0641958  ,  1.87796    ])
Iter time: 183.739268064
Iter time: 325.495704889
Iter time: 530.618568182
363     , -9940.53    , array([ 0.0112129  ,  0.228752   ,  0.462237   ,  0.0958763  ,  19.1721    ,  0.945145   ,  9.99649    ,  0.802144   ,  0.0399126  ,  0.0660941  ,  1.96783    ])
Iter time: 164.292777061
Iter time: 298.629891872
Iter time: 493.451632023
365     , -9948.98    , array([ 0.0108045  ,  0.238577   ,  0.451676   ,  0.0941068  ,  13.1144    ,  0.944717   ,  9.97421    ,  0.789523   ,  0.0373778  ,  0.0647111  ,  1.89427    ])
Iter time: 165.006276131
Iter time: 299.29882884
Iter time: 494.825980902
367     , -9948.6     , array([ 0.0107629  ,  0.24663    ,  0.451875   ,  0.0937657  ,  13.4465    ,  0.944577   ,  9.95579    ,  0.790266   ,  0.0376088  ,  0.0646257  ,  1.90009    ])
Iter time: 164.566524029
Iter time: 298.392868042
Iter time: 493.88080883
369     , -9948.56    , array([ 0.0108875  ,  0.235921   ,  0.451457   ,  0.0940626  ,  13.2019    ,  0.944747   ,  9.96991    ,  0.789977   ,  0.0375368  ,  0.0647949  ,  1.89488    ])
Iter time: 165.457861185
Iter time: 299.777359962
Iter time: 496.082206011
371     , -9948.03    , array([ 0.0108568  ,  0.241586   ,  0.452297   ,  0.0938124  ,  13.648     ,  0.944654   ,  9.96718    ,  0.790953   ,  0.0380567  ,  0.0648261  ,  1.90303    ])
Iter time: 177.685401917
Iter time: 317.476167202
Iter time: 520.7626369
372     , -9940.6     , array([ 0.0112934  ,  0.260637   ,  0.455468   ,  0.0922588  ,  17.5643    ,  0.944559   ,  9.96592    ,  0.799508   ,  0.0421144  ,  0.0656402  ,  1.95603    ])
Iter time: 168.526685953
Iter time: 303.933523178
Iter time: 501.021181107
374     , -9946.87    , array([ 0.0110073  ,  0.235824   ,  0.453971   ,  0.0941318  ,  14.3819    ,  0.944827   ,  9.98345    ,  0.792498   ,  0.0387187  ,  0.065379   ,  1.91393    ])
Iter time: 167.908380032
Iter time: 304.848161936
Iter time: 502.177289963
376     , -9946.59    , array([ 0.0109387  ,  0.239813   ,  0.453997   ,  0.0942324  ,  14.5809    ,  0.94481    ,  9.97263    ,  0.792956   ,  0.0383086  ,  0.0651138  ,  1.91506    ])
Iter time: 184.530057192
Iter time: 327.171735048
Iter time: 534.276098013
377     , -9938.82    , array([ 0.0114289  ,  0.234411   ,  0.461224   ,  0.0950402  ,  19.8348    ,  0.94527    ,  9.98942    ,  0.803086   ,  0.0411265  ,  0.0665157  ,  1.97555    ])
Iter time: 170.201431036
Iter time: 306.97245717
Iter time: 505.194674015
380     , -9945.8     , array([ 0.011013   ,  0.238102   ,  0.454426   ,  0.0942758  ,  14.9577    ,  0.944859   ,  9.97213    ,  0.7939     ,  0.038582   ,  0.065256   ,  1.91968    ])
Iter time: 170.668726921
Iter time: 306.801039934
Iter time: 506.358328104
382     , -9945.48    , array([ 0.0110046  ,  0.240784   ,  0.454946   ,  0.0941715  ,  15.2718    ,  0.944822   ,  9.971      ,  0.794525   ,  0.0388725  ,  0.0652913  ,  1.92457    ])
Iter time: 172.068751097
Iter time: 309.700621843
Iter time: 509.211477041
384     , -9944.77    , array([ 0.0110805  ,  0.238121   ,  0.455831   ,  0.0943335  ,  15.7198    ,  0.944908   ,  9.97856    ,  0.795393   ,  0.0392162  ,  0.0655651  ,  1.93056    ])
Iter time: 172.835376024
Iter time: 311.159481049
Iter time: 510.54916811
386     , -9944.57    , array([ 0.0110524  ,  0.240049   ,  0.455928   ,  0.0943885  ,  15.8824    ,  0.944904   ,  9.97342    ,  0.795733   ,  0.0390495  ,  0.0654526  ,  1.93183    ])
Iter time: 172.436303854
Iter time: 310.030236959
Iter time: 509.669794798
388     , -9944.3     , array([ 0.0111053  ,  0.239182   ,  0.455271   ,  0.0941982  ,  15.7216    ,  0.944921   ,  9.98441    ,  0.795494   ,  0.039154   ,  0.0653647  ,  1.92924    ])
Iter time: 173.455763102
Iter time: 312.274263144
Iter time: 512.580046177
390     , -9944.06    , array([ 0.0110945  ,  0.239339   ,  0.456344   ,  0.0944335  ,  16.2083    ,  0.944934   ,  9.97268    ,  0.796443   ,  0.0392419  ,  0.0655547  ,  1.93571    ])
Iter time: 173.735081911
Iter time: 312.525746107
Iter time: 513.559130907
392     , -9943.76    , array([ 0.0110944  ,  0.240617   ,  0.456669   ,  0.0943932  ,  16.422     ,  0.944921   ,  9.97218    ,  0.796843   ,  0.0394063  ,  0.0655845  ,  1.93868    ])
Iter time: 185.261467934
Iter time: 328.159659863
Iter time: 534.640383005
393     , -9939.17    , array([ 0.0112928  ,  0.243263   ,  0.461135   ,  0.0949091  ,  19.9952    ,  0.945134   ,  9.96702    ,  0.803229   ,  0.040728   ,  0.0661979  ,  1.97698    ])
Iter time: 175.889955044
Iter time: 315.285372019
Iter time: 516.589676142
395     , -9942.94    , array([ 0.01113    ,  0.240509   ,  0.457436   ,  0.0945282  ,  16.9569    ,  0.944973   ,  9.97282    ,  0.797855   ,  0.0395802  ,  0.0657001  ,  1.94474    ])
Iter time: 175.804747105
Iter time: 314.940239906
Iter time: 516.844082117
397     , -9942.84    , array([ 0.0111577  ,  0.240134   ,  0.457205   ,  0.0944479  ,  16.929     ,  0.944984   ,  9.97778    ,  0.797843   ,  0.0396527  ,  0.0656713  ,  1.94415    ])
Iter time: 176.497711897
Iter time: 315.873797178
Iter time: 518.238942862
399     , -9942.66    , array([ 0.0111552  ,  0.240249   ,  0.457783   ,  0.0945664  ,  17.223     ,  0.944993   ,  9.97215    ,  0.798382   ,  0.0397159  ,  0.065772   ,  1.94779    ])
Iter time: 176.635712862
Iter time: 316.782990932
Iter time: 519.272397995
401     , -9942.51    , array([ 0.0111579  ,  0.240873   ,  0.457996   ,  0.0945541  ,  17.3738    ,  0.94499    ,  9.9719     ,  0.798653   ,  0.0398132  ,  0.0657954  ,  1.94969    ])
Iter time: 180.483103991
Iter time: 321.063483
Iter time: 524.489928007
403     , -9942.11    , array([ 0.0112161  ,  0.238367   ,  0.460306   ,  0.0950023  ,  18.4782    ,  0.94509    ,  9.95491    ,  0.800371   ,  0.0403879  ,  0.0661116  ,  1.9638     ])
Iter time: 184.243514061
Iter time: 327.923319101
Iter time: 534.959881067
404     , -9939.01    , array([ 0.0113194  ,  0.242423   ,  0.461091   ,  0.0948421  ,  19.9687    ,  0.945138   ,  9.9739     ,  0.80322    ,  0.0408786  ,  0.0663061  ,  1.97698    ])
Iter time: 178.413115025
Iter time: 318.34591198
Iter time: 521.012938023
406     , -9941.77    , array([ 0.0111982  ,  0.240902   ,  0.458407   ,  0.0945843  ,  17.7828    ,  0.945027   ,  9.97539    ,  0.799431   ,  0.0399927  ,  0.0658655  ,  1.95394    ])
Iter time: 178.718199968
Iter time: 319.184360981
Iter time: 523.633818865
408     , -9941.62    , array([ 0.0111989  ,  0.240989   ,  0.458725   ,  0.0946444  ,  17.9627    ,  0.945033   ,  9.97273    ,  0.799749   ,  0.0400372  ,  0.0659202  ,  1.95605    ])
Iter time: 178.840633869
Iter time: 319.505633116
Iter time: 522.658865929
410     , -9941.5     , array([ 0.0112022  ,  0.241307   ,  0.458866   ,  0.0946424  ,  18.0684    ,  0.945033   ,  9.97264    ,  0.799934   ,  0.0400965  ,  0.0659376  ,  1.9573     ])
Iter time: 182.544322968
Iter time: 324.099055052
Iter time: 529.972962141
411     , -9938.82    , array([ 0.0112747  ,  0.245713   ,  0.458906   ,  0.0943948  ,  19.031     ,  0.945052   ,  9.99511    ,  0.801986   ,  0.0403224  ,  0.0660169  ,  1.96488    ])
Iter time: 179.608303785
Iter time: 320.651165009
Iter time: 524.69619894
413     , -9940.97    , array([ 0.0112253  ,  0.241674   ,  0.459029   ,  0.0946325  ,  18.3176    ,  0.94505    ,  9.97609    ,  0.80042    ,  0.0401885  ,  0.0659717  ,  1.95963    ])
Iter time: 184.687964916
Iter time: 327.392647028
Iter time: 534.942884922
414     , -9938.62    , array([ 0.0113108  ,  0.24404    ,  0.460634   ,  0.0947149  ,  19.8909    ,  0.945117   ,  9.98145    ,  0.803198   ,  0.0407644  ,  0.0662457  ,  1.97532    ])
Iter time: 179.033422947
Iter time: 319.416662931
Iter time: 522.539618969
416     , -9938.42    , array([ 0.0111421  ,  0.262864   ,  0.454673   ,  0.0927424  ,  18.1403    ,  0.944497   ,  9.954      ,  0.801931   ,  0.0398202  ,  0.0653296  ,  1.95147    ])
