==========================================
SLURM_JOB_ID = 18981498
SLURM_NODELIST = c8-72
==========================================
Module slurm/17.11.5 loaded 
Module openmpi/3.0.1 loaded 
Module gcc/7.3.0 loaded 
Module python/2.7.6 loaded 
Module numpy/1.11.1 loaded 
Module dadi/1.7.0 loaded 
Module matplotlib/2.0 loaded 
Module scipy/0.18.0 loaded 
Beginning. Call:
/home/hemstrow/monarch/github/F-H_2018/DADI/demographic_models/run_3d_mods.py /home/hemstrow/monarch/github/F-H_2018/Data/dadi_inputs/ dadi_snps_10kgap.txt 1st_folded_optim_10kgap_snps_dadi_out.txt lgrowth_p3 10 [NAM,GUA,HAW] True 3 [0.1,0.1,0.5,1,5,5,.1,.1,.1,.1,2] [1,1,5,10,20,20,10,10,10,10,4] [1e-3,1e-3,1e-3,1e-3,0.01,0.01,0.01,0.01,0.01,0.01,1] [150,15,15] fmin

Ready to begin run. Parameters:

Model:
lgrowth_p3
Maxiters:
10
Pops:
['NAM', 'GUA', 'HAW']
Projection:
[150, 15, 15]
Number of segregating sites in projected sfs:
9454.98941724
Folding spectra:
True
Level of parm folding:
3
Optimizer:
fmin
p0:
[  5.55246697e-01   1.30656979e-01   1.90103987e+00   2.46786475e+00
   1.98000000e+01   1.20530038e+01   2.90748834e-02   1.83324681e-02
   4.76776309e-01   1.18576210e-01   3.96000000e+00]
Upper Bounds:
[1.0, 1.0, 5.0, 10.0, 20.0, 20.0, 10.0, 10.0, 10.0, 10.0, 4.0]
Lower Bounds:
[0.001, 0.001, 0.001, 0.001, 0.01, 0.01, 0.01, 0.01, 0.01, 0.01, 1.0]

Beginning optimization ************************************************
optimize_log_fmin.
Iter time: 81.2654490471
Iter time: 157.762556076
Iter time: 271.018277884
1       , -32034.8    , array([ 0.555247   ,  0.130657   ,  1.90104    ,  2.46786    ,  19.8       ,  12.053     ,  0.0290749  ,  0.0183325  ,  0.476776   ,  0.118576   ,  3.96       ])
Iter time: 81.6057479382
Iter time: 157.775315046
Iter time: 271.685433865
2       , -32031.3    , array([ 0.539151   ,  0.130657   ,  1.90104    ,  2.46786    ,  19.8       ,  12.053     ,  0.0290749  ,  0.0183325  ,  0.476776   ,  0.118576   ,  3.96       ])
Iter time: 81.74249506
Iter time: 158.256801128
Iter time: 272.715145111
3       , -32034.9    , array([ 0.555247   ,  0.118016   ,  1.90104    ,  2.46786    ,  19.8       ,  12.053     ,  0.0290749  ,  0.0183325  ,  0.476776   ,  0.118576   ,  3.96       ])
Iter time: 81.1812551022
Iter time: 157.022275925
Iter time: 270.904395103
4       , -32091      , array([ 0.555247   ,  0.130657   ,  1.96309    ,  2.46786    ,  19.8       ,  12.053     ,  0.0290749  ,  0.0183325  ,  0.476776   ,  0.118576   ,  3.96       ])
Iter time: 81.1259160042
Iter time: 157.136343956
Iter time: 271.013621092
5       , -32070      , array([ 0.555247   ,  0.130657   ,  1.90104    ,  2.58189    ,  19.8       ,  12.053     ,  0.0290749  ,  0.0183325  ,  0.476776   ,  0.118576   ,  3.96       ])
Iter time: 91.4589090347
Iter time: 177.121444941
Iter time: 305.23904705
7       , -32224.7    , array([ 0.555247   ,  0.130657   ,  1.90104    ,  2.46786    ,  19.8       ,  13.6505    ,  0.0290749  ,  0.0183325  ,  0.476776   ,  0.118576   ,  3.96       ])
Iter time: 81.1372818947
Iter time: 157.260626078
Iter time: 270.993135929
8       , -32453.5    , array([ 0.555247   ,  0.130657   ,  1.90104    ,  2.46786    ,  19.8       ,  12.053     ,  0.0243609  ,  0.0183325  ,  0.476776   ,  0.118576   ,  3.96       ])
Iter time: 80.687237978
Iter time: 156.35624814
Iter time: 269.206161976
9       , -32216.8    , array([ 0.555247   ,  0.130657   ,  1.90104    ,  2.46786    ,  19.8       ,  12.053     ,  0.0290749  ,  0.01501    ,  0.476776   ,  0.118576   ,  3.96       ])
Iter time: 78.6803331375
Iter time: 152.177737951
Iter time: 262.237066031
10      , -32079.2    , array([ 0.555247   ,  0.130657   ,  1.90104    ,  2.46786    ,  19.8       ,  12.053     ,  0.0290749  ,  0.0183325  ,  0.459442   ,  0.118576   ,  3.96       ])
Iter time: 81.1595609188
Iter time: 157.271942139
Iter time: 270.95591712
11      , -32003      , array([ 0.555247   ,  0.130657   ,  1.90104    ,  2.46786    ,  19.8       ,  12.053     ,  0.0290749  ,  0.0183325  ,  0.476776   ,  0.106585   ,  3.96       ])
Iter time: 81.2584700584
Iter time: 157.260091066
Iter time: 270.997390985
15      , -32016.8    , array([ 0.54714    ,  0.130657   ,  1.90104    ,  2.46786    ,  19.8       ,  12.053     ,  0.0290749  ,  0.0183325  ,  0.476776   ,  0.112421   ,  3.96       ])
Iter time: 81.3526530266
Iter time: 157.146803856
Iter time: 271.126991034
16      , -32018.6    , array([ 0.555247   ,  0.130657   ,  1.90104    ,  2.46786    ,  19.8       ,  12.053     ,  0.0290749  ,  0.0183325  ,  0.476776   ,  0.112421   ,  3.96       ])
Iter time: 81.5226109028
Iter time: 157.671644211
Iter time: 271.654232979
17      , -32018.4    , array([ 0.555247   ,  0.124176   ,  1.90104    ,  2.46786    ,  19.8       ,  12.053     ,  0.0290749  ,  0.0183325  ,  0.476776   ,  0.112421   ,  3.96       ])
Iter time: 81.220911026
Iter time: 157.208796978
Iter time: 270.901798964
18      , -32034.6    , array([ 0.555247   ,  0.130657   ,  1.90104    ,  2.52423    ,  19.8       ,  12.053     ,  0.0290749  ,  0.0183325  ,  0.476776   ,  0.112421   ,  3.96       ])
Iter time: 79.836414814
Iter time: 154.805221796
Iter time: 266.419579029
19      , -32040.9    , array([ 0.555247   ,  0.130657   ,  1.90104    ,  2.46786    ,  19.8       ,  12.053     ,  0.0290749  ,  0.0183325  ,  0.468029   ,  0.112421   ,  3.96       ])
Iter time: 81.3507871628
Iter time: 157.535497904
Iter time: 271.830234051
20      , -32046.2    , array([ 0.555247   ,  0.130657   ,  1.93182    ,  2.46786    ,  19.8       ,  12.053     ,  0.0290749  ,  0.0183325  ,  0.476776   ,  0.112421   ,  3.96       ])
Iter time: 80.9138669968
Iter time: 156.699697971
Iter time: 270.234782934
21      , -32109.8    , array([ 0.555247   ,  0.130657   ,  1.90104    ,  2.46786    ,  19.8       ,  12.053     ,  0.0290749  ,  0.0165883  ,  0.476776   ,  0.112421   ,  3.96       ])
Iter time: 86.0411698818
Iter time: 167.425756931
Iter time: 287.659857988
22      , -32112.2    , array([ 0.555247   ,  0.130657   ,  1.90104    ,  2.46786    ,  19.8       ,  12.8269    ,  0.0290749  ,  0.0183325  ,  0.476776   ,  0.112421   ,  3.96       ])
Iter time: 81.2016170025
Iter time: 157.437442064
Iter time: 270.992038965
23      , -32233.1    , array([ 0.555247   ,  0.130657   ,  1.90104    ,  2.46786    ,  19.8       ,  12.053     ,  0.0266137  ,  0.0183325  ,  0.476776   ,  0.112421   ,  3.96       ])
Iter time: 81.2029151917
Iter time: 157.209058046
Iter time: 271.01793313
28      , -32009.8    , array([ 0.551178   ,  0.130657   ,  1.90104    ,  2.46786    ,  19.8       ,  12.053     ,  0.0290749  ,  0.0183325  ,  0.476776   ,  0.109464   ,  3.96       ])
Iter time: 81.3593451977
Iter time: 157.462351084
Iter time: 272.061156034
29      , -32010.4    , array([ 0.555247   ,  0.127375   ,  1.90104    ,  2.46786    ,  19.8       ,  12.053     ,  0.0290749  ,  0.0183325  ,  0.476776   ,  0.109464   ,  3.96       ])
Iter time: 81.1050829887
Iter time: 157.274526834
Iter time: 270.917066813
30      , -32010.7    , array([ 0.555247   ,  0.130657   ,  1.90104    ,  2.46786    ,  19.8       ,  12.053     ,  0.0290749  ,  0.0183325  ,  0.476776   ,  0.109464   ,  3.96       ])
Iter time: 81.2592790127
Iter time: 157.460257053
Iter time: 271.085780144
31      , -32018.9    , array([ 0.555247   ,  0.130657   ,  1.90104    ,  2.49589    ,  19.8       ,  12.053     ,  0.0290749  ,  0.0183325  ,  0.476776   ,  0.109464   ,  3.96       ])
Iter time: 80.5233039856
Iter time: 155.95360899
Iter time: 268.715816975
32      , -32021.5    , array([ 0.555247   ,  0.130657   ,  1.90104    ,  2.46786    ,  19.8       ,  12.053     ,  0.0290749  ,  0.0183325  ,  0.472382   ,  0.109464   ,  3.96       ])
Iter time: 81.216037035
Iter time: 157.257834911
Iter time: 271.301561117
33      , -32024.4    , array([ 0.555247   ,  0.130657   ,  1.91637    ,  2.46786    ,  19.8       ,  12.053     ,  0.0290749  ,  0.0183325  ,  0.476776   ,  0.109464   ,  3.96       ])
Iter time: 81.0306179523
Iter time: 146665.09937
Iter time: 336.456908941
34      , -32055.8    , array([ 0.555247   ,  0.130657   ,  1.90104    ,  2.46786    ,  19.8       ,  12.053     ,  0.0290749  ,  0.0174386  ,  0.476776   ,  0.109464   ,  3.96       ])
Iter time: 83.7693629265
Iter time: 162.227327108
Iter time: 279.079515934
35      , -32056.2    , array([ 0.555247   ,  0.130657   ,  1.90104    ,  2.46786    ,  19.8       ,  12.4339    ,  0.0290749  ,  0.0183325  ,  0.476776   ,  0.109464   ,  3.96       ])
Iter time: 81.1441938877
Iter time: 157.135979891
Iter time: 270.825215101
36      , -32119.2    , array([ 0.555247   ,  0.130657   ,  1.90104    ,  2.46786    ,  19.8       ,  12.053     ,  0.0278171  ,  0.0183325  ,  0.476776   ,  0.109464   ,  3.96       ])
Iter time: 81.5644340515
Iter time: 157.855373859
Iter time: 273.003345966
39      , -32066.8    , array([ 0.554505   ,  0.130054   ,  1.90382    ,  2.47294    ,  19.9348    ,  12.1214    ,  0.028842   ,  0.0181666  ,  0.475974   ,  0.108935   ,  3.89246    ])
Iter time: 82.4563801289
Iter time: 157.803992033
Iter time: 272.043134928
40      , -31979.7    , array([ 0.55437    ,  0.129945   ,  1.90432    ,  2.47386    ,  19.0982    ,  12.1339    ,  0.0287999  ,  0.0181366  ,  0.475829   ,  0.108839   ,  3.94763    ])
Iter time: 81.6195380688
Iter time: 158.078416109
Iter time: 273.066825867
41      , -31923.1    , array([ 0.553932   ,  0.12959    ,  1.90597    ,  2.47686    ,  18.4099    ,  12.1745    ,  0.0286634  ,  0.0180395  ,  0.475356   ,  0.108528   ,  3.94146    ])
Iter time: 81.658107996
Iter time: 158.251744986
Iter time: 272.541100979
42      , -31916.4    , array([ 0.554131   ,  0.129751   ,  1.90522    ,  2.4755     ,  19.5638    ,  12.156     ,  0.0302666  ,  0.0180836  ,  0.475571   ,  0.108669   ,  3.94427    ])
Iter time: 81.9086601734
Iter time: 158.651010036
Iter time: 273.895587921
43      , -31812.5    , array([ 0.553574   ,  0.129301   ,  1.90731    ,  2.47932    ,  19.4468    ,  12.2078    ,  0.0315711  ,  0.0179604  ,  0.474969   ,  0.108274   ,  3.93642    ])
Iter time: 81.5214879513
Iter time: 157.68818593
Iter time: 273.264883995
45      , -32030.2    , array([ 0.554554   ,  0.130094   ,  1.90363    ,  2.4726     ,  19.7855    ,  12.1168    ,  0.029048   ,  0.0181776  ,  0.476028   ,  0.10897    ,  3.92418    ])
Iter time: 78.9565579891
Iter time: 153.174916029
Iter time: 263.474505901
46      , -31929.5    , array([ 0.553836   ,  0.129512   ,  1.90633    ,  2.47752    ,  19.4732    ,  11.7435    ,  0.0294322  ,  0.0180182  ,  0.475252   ,  0.10846    ,  3.94581    ])
Iter time: 81.0891509056
Iter time: 156.926960945
Iter time: 271.14144516
47      , -31907.6    , array([ 0.55358    ,  0.129305   ,  1.90729    ,  2.47928    ,  19.4144    ,  12.0575    ,  0.0294977  ,  0.0190548  ,  0.474975   ,  0.108278   ,  3.94323    ])
Iter time: 81.2803759575
Iter time: 156.545043945
Iter time: 268.924984932
48      , -31909.2    , array([ 0.554094   ,  0.129721   ,  1.90536    ,  2.47575    ,  19.3619    ,  11.9833    ,  0.0296075  ,  0.0184374  ,  0.475531   ,  0.108643   ,  3.98273    ])
Iter time: 80.7127649784
Iter time: 156.306378126
Iter time: 269.484364033
49      , -31895.2    , array([ 0.553194   ,  0.128994   ,  1.89071    ,  2.48194    ,  19.2691    ,  12.0341    ,  0.029678   ,  0.0183006  ,  0.474559   ,  0.108005   ,  3.95081    ])
Iter time: 81.4495618343
Iter time: 157.796571016
Iter time: 272.082247972
50      , -31875.1    , array([ 0.552822   ,  0.128694   ,  1.90407    ,  2.48451    ,  19.1742    ,  12.0306    ,  0.029789   ,  0.0182949  ,  0.479373   ,  0.107742   ,  3.94915    ])
Iter time: 80.8203361034
Iter time: 157.300318003
Iter time: 270.245970964
51      , -31852.1    , array([ 0.552382   ,  0.12834    ,  1.90462    ,  2.45457    ,  19.0625    ,  12.0266    ,  0.0299207  ,  0.018288   ,  0.475425   ,  0.107431   ,  3.94717    ])
Iter time: 80.7186050415
Iter time: 156.561509848
Iter time: 271.109654903
52      , -31832      , array([ 0.551863   ,  0.127923   ,  1.90528    ,  2.48       ,  18.9314    ,  12.0218    ,  0.0300771  ,  0.01828    ,  0.475179   ,  0.107066   ,  3.94485    ])
Iter time: 80.6346838474
Iter time: 156.0525949
Iter time: 269.02205801
53      , -31799.7    , array([ 0.55125    ,  0.131322   ,  1.90605    ,  2.48222    ,  18.7776    ,  12.0161    ,  0.030263   ,  0.0182704  ,  0.474889   ,  0.106635   ,  3.9421     ])
Iter time: 80.1696400642
Iter time: 155.328022003
Iter time: 267.692929029
54      , -31696      , array([ 0.549262   ,  0.133341   ,  1.90856    ,  2.48942    ,  18.2864    ,  11.9977    ,  0.0308751  ,  0.0182395  ,  0.473949   ,  0.105249   ,  3.93318    ])
Iter time: 81.2020161152
Iter time: 157.425869942
Iter time: 269.119468927
55      , -31744.6    , array([ 0.554967   ,  0.128497   ,  1.90741    ,  2.48615    ,  18.5081    ,  12.0061    ,  0.0305954  ,  0.0182536  ,  0.474376   ,  0.105877   ,  3.93723    ])
Iter time: 80.6363310814
Iter time: 155.939212084
Iter time: 268.516671896
56      , -31706.5    , array([ 0.55085    ,  0.128108   ,  1.90858    ,  2.48948    ,  18.2824    ,  11.9976    ,  0.0308802  ,  0.0182393  ,  0.473941   ,  0.108605   ,  3.9331     ])
Iter time: 82.8533918858
Iter time: 160.661496878
Iter time: 276.930697918
57      , -31737.1    , array([ 0.551711   ,  0.128985   ,  1.90369    ,  2.48195    ,  18.3771    ,  12.3618    ,  0.0307728  ,  0.0185985  ,  0.475222   ,  0.106754   ,  3.94494    ])
Iter time: 80.4802939892
Iter time: 156.471584797
Iter time: 269.190998077
58      , -31701.5    , array([ 0.551212   ,  0.128798   ,  1.90364    ,  2.48354    ,  19.4322    ,  11.9573    ,  0.0320089  ,  0.01868    ,  0.475095   ,  0.106367   ,  3.94992    ])
Iter time: 81.521668911
Iter time: 157.770752907
Iter time: 272.114792109
59      , -31683.8    , array([ 0.550529   ,  0.1285     ,  1.90393    ,  2.48607    ,  18.489     ,  12.1432    ,  0.0314307  ,  0.0183203  ,  0.47484    ,  0.105847   ,  3.90312    ])
Iter time: 82.0566430092
Iter time: 158.830242872
Iter time: 273.773700953
60      , -31572.3    , array([ 0.548755   ,  0.127894   ,  1.90322    ,  2.49125    ,  18.0674    ,  12.224     ,  0.0323839  ,  0.0182621  ,  0.474496   ,  0.104475   ,  3.86391    ])
Iter time: 81.1201291084
Iter time: 157.072709799
Iter time: 271.043499947
61      , -31625.7    , array([ 0.550164   ,  0.128656   ,  1.90127    ,  2.48471    ,  18.1995    ,  12.0987    ,  0.0320878  ,  0.0175903  ,  0.475308   ,  0.105515   ,  3.92768    ])
Iter time: 81.7147769928
Iter time: 159.790971041
Iter time: 272.963350058
62      , -31588.1    , array([ 0.549998   ,  0.128906   ,  1.91987    ,  2.48255    ,  18.1472    ,  12.134     ,  0.0323487  ,  0.0181838  ,  0.475862   ,  0.105334   ,  3.91595    ])
Iter time: 80.751488924
Iter time: 156.596037865
Iter time: 269.909701824
63      , -31555.5    , array([ 0.549856   ,  0.129245   ,  1.90927    ,  2.47963    ,  18.0555    ,  12.1564    ,  0.0327149  ,  0.0181694  ,  0.470454   ,  0.105159   ,  3.9116     ])
Iter time: 80.5081720352
Iter time: 155.928765059
Iter time: 268.882194042
64      , -31400      , array([ 0.54838    ,  0.129522   ,  1.91188    ,  2.4772     ,  17.5209    ,  12.2197    ,  0.0342839  ,  0.0181071  ,  0.466056   ,  0.103891   ,  3.89296    ])
Iter time: 81.3474009037
Iter time: 157.726830959
Iter time: 272.5245471
65      , -31497.1    , array([ 0.549567   ,  0.129818   ,  1.91004    ,  2.51407    ,  17.8849    ,  12.1958    ,  0.0333871  ,  0.0181434  ,  0.472648   ,  0.104822   ,  3.90373    ])
Iter time: 81.5111761093
Iter time: 158.093077183
Iter time: 272.290344954
66      , -31455.8    , array([ 0.549667   ,  0.130589   ,  1.91025    ,  2.49447    ,  17.8236    ,  12.2325    ,  0.03385    ,  0.0181267  ,  0.472433   ,  0.104775   ,  3.89859    ])
Iter time: 80.4736309052
Iter time: 156.066123962
Iter time: 268.343703032
67      , -31411.9    , array([ 0.547263   ,  0.129431   ,  1.90875    ,  2.49791    ,  17.0784    ,  12.0505    ,  0.0326594  ,  0.0184802  ,  0.472182   ,  0.102989   ,  3.90008    ])
Iter time: 81.7137129307
Iter time: 158.243545055
Iter time: 273.761629105
68      , -31416.9    , array([ 0.544503   ,  0.130412   ,  1.90889    ,  2.4932     ,  17.6843    ,  12.2613    ,  0.0341033  ,  0.0182242  ,  0.472374   ,  0.104793   ,  3.89257    ])
Iter time: 79.0994100571
Iter time: 153.65903306
Iter time: 265.644739866
69      , -31366      , array([ 0.546409   ,  0.13018    ,  1.91357    ,  2.49946    ,  17.6863    ,  11.8908    ,  0.0345461  ,  0.0178202  ,  0.471017   ,  0.103583   ,  3.87553    ])
Iter time: 77.4082899094
Iter time: 149.773560047
Iter time: 258.051383018
70      , -31179.2    , array([ 0.543778   ,  0.130781   ,  1.91853    ,  2.50827    ,  17.3506    ,  11.6621    ,  0.0366029  ,  0.0174433  ,  0.468929   ,  0.102033   ,  3.84129    ])
Iter time: 81.0734272003
Iter time: 156.98645997
Iter time: 271.787262917
71      , -31299.9    , array([ 0.545978   ,  0.131563   ,  1.91048    ,  2.49531    ,  17.6096    ,  12.1888    ,  0.0355067  ,  0.0180244  ,  0.471379   ,  0.100668   ,  3.87054    ])
Iter time: 81.11997509
Iter time: 157.356252909
Iter time: 271.140210867
72      , -31245.7    , array([ 0.544674   ,  0.131365   ,  1.91669    ,  2.50344    ,  16.2736    ,  12.2725    ,  0.0349068  ,  0.0174851  ,  0.469563   ,  0.101762   ,  3.83986    ])
Iter time: 81.527536869
Iter time: 157.854521036
Iter time: 272.439178944
73      , -31156.7    , array([ 0.545775   ,  0.126546   ,  1.91323    ,  2.50007    ,  16.9305    ,  12.2816    ,  0.0370052  ,  0.0177704  ,  0.469904   ,  0.102215   ,  3.83941    ])
Iter time: 82.2094838619
Iter time: 159.323323011
Iter time: 274.814572096
74      , -30886.7    , array([ 0.54404    ,  0.12328    ,  1.91557    ,  2.50541    ,  16.2908    ,  12.4261    ,  0.0405126  ,  0.0175404  ,  0.467894   ,  0.100732   ,  3.79337    ])
Iter time: 80.7712380886
Iter time: 156.616084814
Iter time: 270.002523184
75      , -31096.3    , array([ 0.543773   ,  0.130139   ,  1.92318    ,  2.50859    ,  16.6721    ,  12.2385    ,  0.0371485  ,  0.0184167  ,  0.467222   ,  0.101101   ,  3.82054    ])
Iter time: 80.2643518448
Iter time: 155.706226826
Iter time: 270.052077055
76      , -31047.7    , array([ 0.542812   ,  0.130112   ,  1.90514    ,  2.51554    ,  16.4643    ,  12.2218    ,  0.0377875  ,  0.0178569  ,  0.465126   ,  0.100522   ,  3.81483    ])
Iter time: 79.555462122
Iter time: 154.245442867
Iter time: 265.699538231
77      , -30966.4    , array([ 0.542966   ,  0.131552   ,  1.92216    ,  2.51118    ,  16.2601    ,  12.1315    ,  0.0388205  ,  0.0177079  ,  0.464777   ,  0.10064    ,  3.85723    ])
Iter time: 79.7643589973
Iter time: 154.61100316
Iter time: 266.568595171
78      , -30944.3    , array([ 0.540974   ,  0.129916   ,  1.9175     ,  2.48787    ,  16.1439    ,  12.1479    ,  0.0387006  ,  0.0177452  ,  0.465172   ,  0.0995673  ,  3.80958    ])
Iter time: 79.3939778805
Iter time: 153.695011139
Iter time: 265.210030079
79      , -30894.3    , array([ 0.539309   ,  0.129027   ,  1.9186     ,  2.50621    ,  15.9106    ,  12.0961    ,  0.0391122  ,  0.0176931  ,  0.464075   ,  0.0986923  ,  3.79861    ])
Iter time: 78.6900539398
Iter time: 152.467311144
Iter time: 263.040687084
80      , -30837.5    , array([ 0.543476   ,  0.128952   ,  1.92175    ,  2.50986    ,  15.7308    ,  12.038     ,  0.0398011  ,  0.017504   ,  0.462639   ,  0.0976053  ,  3.78763    ])
Iter time: 77.2853269577
Iter time: 149.782727957
Iter time: 259.28964901
81      , -30555.6    , array([ 0.542963   ,  0.128228   ,  1.92821    ,  2.51823    ,  14.8365    ,  11.9279    ,  0.0429976  ,  0.0171547  ,  0.457848   ,  0.0941984  ,  3.73623    ])
Iter time: 79.437764883
Iter time: 154.355639935
Iter time: 265.498121023
82      , -30667.2    , array([ 0.539961   ,  0.129709   ,  1.92544    ,  2.50881    ,  15.8773    ,  12.2258    ,  0.0436917  ,  0.0170295  ,  0.46024    ,  0.0977166  ,  3.75095    ])
Iter time: 79.1433179379
Iter time: 153.529649973
Iter time: 265.075325012
83      , -30563.7    , array([ 0.537347   ,  0.129652   ,  1.92476    ,  2.53563    ,  15.2016    ,  12.0576    ,  0.0434975  ,  0.0171876  ,  0.465226   ,  0.0957959  ,  3.7325     ])
Iter time: 79.5307230949
Iter time: 152.125191927
Iter time: 262.019778967
84      , -30539.7    , array([ 0.538149   ,  0.127301   ,  1.92878    ,  2.52457    ,  14.726     ,  12.0645    ,  0.0435784  ,  0.0171179  ,  0.458876   ,  0.0979747  ,  3.72942    ])
Iter time: 77.0126731396
Iter time: 149.346740007
Iter time: 257.474389791
85      , -30179      , array([ 0.534277   ,  0.125223   ,  1.93799    ,  2.53933    ,  13.4664    ,  12.0028    ,  0.0482783  ,  0.0166819  ,  0.452749   ,  0.0966551  ,  3.6608     ])
Iter time: 77.3785359859
Iter time: 150.398146868
Iter time: 258.802825928
86      , -30372.9    , array([ 0.537551   ,  0.126388   ,  1.9264     ,  2.5229     ,  15.3957    ,  11.9338    ,  0.0470197  ,  0.0174956  ,  0.457606   ,  0.0960188  ,  3.72671    ])
Iter time: 81.2228271961
Iter time: 157.610283852
Iter time: 271.83849597
87      , -30323.4    , array([ 0.537311   ,  0.126166   ,  1.92598    ,  2.52071    ,  14.1296    ,  12.6111    ,  0.04693    ,  0.017547   ,  0.456193   ,  0.0947117  ,  3.70487    ])
Iter time: 77.8466529846
Iter time: 151.007282019
Iter time: 260.406095982
88      , -30248.9    , array([ 0.536149   ,  0.126076   ,  1.92183    ,  2.52259    ,  14.2688    ,  12.0829    ,  0.0482481  ,  0.0164741  ,  0.455876   ,  0.094457   ,  3.70423    ])
Iter time: 77.9863541126
Iter time: 151.204787016
Iter time: 260.84563303
89      , -30157.2    , array([ 0.535893   ,  0.125381   ,  1.94311    ,  2.51691    ,  14.0777    ,  12.0743    ,  0.0495873  ,  0.0167434  ,  0.456261   ,  0.0939324  ,  3.68999    ])
Iter time: 76.8739290237
Iter time: 149.714938879
Iter time: 257.089331865
90      , -29722.9    , array([ 0.532466   ,  0.12308    ,  1.96238    ,  2.5176     ,  13.0175    ,  12.0012    ,  0.0568044  ,  0.016213   ,  0.451891   ,  0.0908016  ,  3.62911    ])
Iter time: 78.2019507885
Iter time: 152.687354088
Iter time: 262.757986069
91      , -30009.4    , array([ 0.533843   ,  0.122517   ,  1.93317    ,  2.52245    ,  13.6896    ,  12.1403    ,  0.0517268  ,  0.0166156  ,  0.454275   ,  0.0920836  ,  3.6092     ])
Iter time: 77.6915979385
Iter time: 150.690392971
Iter time: 259.711626053
92      , -29864.5    , array([ 0.534517   ,  0.122744   ,  1.94074    ,  2.55248    ,  13.3808    ,  12.1225    ,  0.0546975  ,  0.0163836  ,  0.451937   ,  0.0917625  ,  3.61861    ])
Iter time: 77.7811348438
Iter time: 150.889053106
Iter time: 260.451751947
93      , -29721.9    , array([ 0.535298   ,  0.122473   ,  1.94367    ,  2.54224    ,  13.1563    ,  12.1793    ,  0.0575249  ,  0.0162038  ,  0.450828   ,  0.0913588  ,  3.59717    ])
Iter time: 77.2869999409
Iter time: 149.671535015
Iter time: 258.324449062
94      , -29145.6    , array([ 0.533303   ,  0.119321   ,  1.95632    ,  2.56045    ,  11.9634    ,  12.2211    ,  0.0697633  ,  0.0155069  ,  0.444347   ,  0.087899   ,  3.50049    ])
Iter time: 74.3470220566
Iter time: 144.034126997
Iter time: 248.493573904
95      , -29444.2    , array([ 0.528723   ,  0.127425   ,  1.95421    ,  2.55313    ,  12.1478    ,  11.82      ,  0.0613048  ,  0.0159827  ,  0.44297    ,  0.0873188  ,  3.54991    ])
Iter time: 75.8621180058
Iter time: 147.190201998
Iter time: 254.253792048
96      , -29438      , array([ 0.530685   ,  0.120718   ,  1.94945    ,  2.55779    ,  11.872     ,  11.9402    ,  0.0604546  ,  0.0162734  ,  0.447215   ,  0.0881903  ,  3.55428    ])
Iter time: 75.785834074
Iter time: 147.047190905
Iter time: 253.112388134
97      , -29325.5    , array([ 0.532057   ,  0.119213   ,  1.95466    ,  2.53475    ,  11.8547    ,  12.0853    ,  0.0644701  ,  0.0159643  ,  0.439258   ,  0.0886157  ,  3.54021    ])
Iter time: 77.6295399666
Iter time: 149.768716097
Iter time: 258.869227171
98      , -29097      , array([ 0.524615   ,  0.11895    ,  1.956      ,  2.55529    ,  11.6608    ,  12.2458    ,  0.0702041  ,  0.0157871  ,  0.442985   ,  0.089123   ,  3.5022     ])
Iter time: 78.7951381207
Iter time: 149.872341871
Iter time: 258.671826124
99      , -28384.3    , array([ 0.515675   ,  0.114566   ,  1.97004    ,  2.57403    ,  10.3378    ,  12.4079    ,  0.0897061  ,  0.0151448  ,  0.435736   ,  0.0866888  ,  3.39074    ])
Iter time: 76.9759719372
Iter time: 149.389015913
Iter time: 257.694885015
100     , -28958.3    , array([ 0.525909   ,  0.118546   ,  1.96583    ,  2.55988    ,  10.4523    ,  12.3268    ,  0.0721995  ,  0.0150787  ,  0.439291   ,  0.0858233  ,  3.45133    ])
Iter time: 72.8093419075
Iter time: 140.907763958
Iter time: 243.124154091
101     , -28728.6    , array([ 0.524097   ,  0.117418   ,  1.9736     ,  2.5693     ,  10.7815    ,  11.6164    ,  0.0782311  ,  0.0146257  ,  0.437636   ,  0.0854627  ,  3.42722    ])
Iter time: 74.7566740513
Iter time: 145.684215069
Iter time: 250.506285906
102     , -28548.7    , array([ 0.523066   ,  0.115991   ,  1.98744    ,  2.57596    ,  10.1459    ,  12.0377    ,  0.0830831  ,  0.0152448  ,  0.434702   ,  0.0841482  ,  3.37971    ])
Iter time: 75.2340731621
Iter time: 146.105401993
Iter time: 252.085330009
103     , -28281      , array([ 0.522878   ,  0.115167   ,  1.97992    ,  2.56565    ,  10.2111    ,  12.1245    ,  0.0916445  ,  0.0148103  ,  0.434478   ,  0.0801886  ,  3.37049    ])
Iter time: 74.4938471317
Iter time: 144.697598934
Iter time: 249.958709955
104     , -27346      , array([ 0.517271   ,  0.110446   ,  2.00122    ,  2.57891    ,  8.89163    ,  12.1859    ,  0.126265   ,  0.0139548  ,  0.425621   ,  0.0730393  ,  3.23409    ])
Iter time: 73.4510669708
Iter time: 143.126582146
Iter time: 246.037128925
105     , -28011.2    , array([ 0.520312   ,  0.115511   ,  1.99738    ,  2.59324    ,  9.28663    ,  11.9954    ,  0.100603   ,  0.014405   ,  0.42792    ,  0.0806973  ,  3.35115    ])
Iter time: 73.377822876
Iter time: 142.111362934
Iter time: 247.165550947
106     , -27824.9    , array([ 0.517116   ,  0.114031   ,  2.00002    ,  2.57012    ,  8.89048    ,  11.9899    ,  0.106286   ,  0.0142711  ,  0.425884   ,  0.0791096  ,  3.29609    ])
Iter time: 73.360904932
Iter time: 142.473733902
Iter time: 245.796041012
107     , -27627.6    , array([ 0.516355   ,  0.112152   ,  1.98481    ,  2.61554    ,  8.52652    ,  12.1091    ,  0.114692   ,  0.0140906  ,  0.421362   ,  0.0779681  ,  3.22954    ])
Iter time: 76.1105811596
Iter time: 147.209038973
Iter time: 255.120308161
108     , -27540.2    , array([ 0.517777   ,  0.105842   ,  1.99874    ,  2.59049    ,  8.56742    ,  12.3488    ,  0.119092   ,  0.0139699  ,  0.425957   ,  0.0794253  ,  3.2453     ])
Iter time: 74.3116619587
Iter time: 143.881410837
Iter time: 248.535318136
109     , -27192.9    , array([ 0.513559   ,  0.109083   ,  2.01274    ,  2.59175    ,  8.26166    ,  12.2995    ,  0.13661    ,  0.0133449  ,  0.418194   ,  0.0771578  ,  3.18816    ])
Iter time: 73.5102319717
Iter time: 142.558463097
Iter time: 246.169266939
110     , -26125.4    , array([ 0.505205   ,  0.103693   ,  2.04516    ,  2.60889    ,  6.89191    ,  12.4832    ,  0.205357   ,  0.0120846  ,  0.404398   ,  0.0721704  ,  3.01949    ])
Iter time: 73.9126849174
Iter time: 143.854315042
Iter time: 248.358635187
111     , -26749.5    , array([ 0.507434   ,  0.107694   ,  2.02396    ,  2.62905    ,  7.49676    ,  12.2237    ,  0.158138   ,  0.0129318  ,  0.419417   ,  0.0739743  ,  3.10957    ])
Iter time: 71.9844839573
Iter time: 139.807945013
Iter time: 241.437628984
112     , -26552.3    , array([ 0.501692   ,  0.105609   ,  2.03478    ,  2.6152     ,  6.82342    ,  12.0883    ,  0.169585   ,  0.0128809  ,  0.410283   ,  0.0722752  ,  3.07786    ])
Iter time: 71.5255949497
Iter time: 138.456140995
Iter time: 239.352527142
113     , -26239.4    , array([ 0.504403   ,  0.104089   ,  2.03767    ,  2.62597    ,  7.2272     ,  11.9422    ,  0.191385   ,  0.0128726  ,  0.409883   ,  0.0717465  ,  3.05736    ])
Iter time: 75.2861459255
Iter time: 146.794397116
Iter time: 253.965301991
114     , -26040.4    , array([ 0.502635   ,  0.102813   ,  2.04147    ,  2.62674    ,  6.51507    ,  12.7363    ,  0.207828   ,  0.0129667  ,  0.406561   ,  0.0697937  ,  3.01561    ])
Iter time: 77.155807972
Iter time: 149.46953702
Iter time: 258.534476042
115     , -24871.4    , array([ 0.492236   ,  0.0962064  ,  2.07628    ,  2.65595    ,  5.06453    ,  13.3361    ,  0.338739   ,  0.0122092  ,  0.39186    ,  0.0630719  ,  2.82873    ])
Iter time: 73.5304989815
Iter time: 142.903133154
Iter time: 247.179417849
116     , -25540.8    , array([ 0.498094   ,  0.100597   ,  2.04344    ,  2.63456    ,  6.10158    ,  12.5216    ,  0.252664   ,  0.0119479  ,  0.401656   ,  0.0672639  ,  2.96064    ])
Iter time: 70.8128108978
Iter time: 137.596325159
Iter time: 237.518798113
117     , -25281.2    , array([ 0.502056   ,  0.0994696  ,  2.07524    ,  2.6477     ,  5.44091    ,  12.1683    ,  0.282489   ,  0.0115193  ,  0.394813   ,  0.0623493  ,  2.87912    ])
Iter time: 73.8856599331
Iter time: 143.489006996
Iter time: 247.726834059
118     , -25093      , array([ 0.494361   ,  0.0960097  ,  2.06112    ,  2.63804    ,  5.49575    ,  12.6195    ,  0.303906   ,  0.0116286  ,  0.396181   ,  0.0639097  ,  2.83382    ])
Iter time: 75.1773650646
Iter time: 146.15089798
Iter time: 252.34071207
119     , -24810.8    , array([ 0.493363   ,  0.0942609  ,  2.06969    ,  2.67442    ,  5.2599     ,  12.7433    ,  0.348202   ,  0.0113087  ,  0.392877   ,  0.0627117  ,  2.80307    ])
Iter time: 123.116869211
Iter time: 239.461299181
Iter time: 413.768857002
120     , -23706.2    , array([ 0.481899   ,  0.0857009  ,  2.10543    ,  2.72815    ,  4.0458     ,  13.1376    ,  0.630244   ,  0.0100667  ,  0.377345   ,  0.0558352  ,  2.58495    ])
Iter time: 89.9058001041
Iter time: 175.802253962
Iter time: 303.281013966
121     , -24303.9    , array([ 0.487926   ,  0.0912662  ,  2.10805    ,  2.6482     ,  4.78922    ,  12.8062    ,  0.43986    ,  0.0107742  ,  0.389207   ,  0.0598819  ,  2.74735    ])
Iter time: 103.205674887
Iter time: 200.63068819
Iter time: 346.302898884
122     , -23966.9    , array([ 0.48136    ,  0.0941362  ,  2.11372    ,  2.68454    ,  4.28807    ,  12.641     ,  0.5372     ,  0.010366   ,  0.378744   ,  0.0558408  ,  2.65244    ])
Iter time: 73.7478461266
Iter time: 143.376437902
Iter time: 247.438036203
124     , -26235.4    , array([ 0.506514   ,  0.104238   ,  2.03319    ,  2.6126     ,  7.10186    ,  12.3596    ,  0.190867   ,  0.0127848  ,  0.411278   ,  0.0688978  ,  3.05272    ])
Iter time: 106.830951929
Iter time: 207.514616013
Iter time: 358.598697901
125     , -23947.7    , array([ 0.484629   ,  0.0893372  ,  2.10998    ,  2.6615     ,  4.24991    ,  12.8817    ,  0.544718   ,  0.0105869  ,  0.375236   ,  0.0563657  ,  2.66127    ])
Iter time: 122.677580833
Iter time: 238.35767293
Iter time: 411.891139984
126     , -23683.8    , array([ 0.487101   ,  0.0883711  ,  2.11265    ,  2.68415    ,  4.28416    ,  13.1774    ,  0.628006   ,  0.0102564  ,  0.377412   ,  0.055141   ,  2.61852    ])
Iter time: 72.5491790771
Iter time: 141.075383902
Iter time: 243.176286936
129     , -25439.3    , array([ 0.498556   ,  0.0995346  ,  2.05881    ,  2.64031    ,  6.1042     ,  12.332     ,  0.263784   ,  0.0120388  ,  0.400106   ,  0.0664997  ,  2.92544    ])
Iter time: 73.6229770184
Iter time: 142.990514994
Iter time: 249.30870986
131     , -25398.7    , array([ 0.499239   ,  0.0993967  ,  2.05772    ,  2.63485    ,  6.00955    ,  12.5444    ,  0.267329   ,  0.011965   ,  0.400285   ,  0.0650613  ,  2.91756    ])
Iter time: 134.90720582
Iter time: 263.405743837
Iter time: 453.365301132
132     , -23467.7    , array([ 0.478238   ,  0.0859703  ,  2.12298    ,  2.71144    ,  3.65986    ,  12.9972    ,  0.716215   ,  0.010357   ,  0.37462    ,  0.0513254  ,  2.55895    ])
Iter time: 134.309377193
Iter time: 260.048619032
Iter time: 449.714277029
134     , -23533.2    , array([ 0.481491   ,  0.0861199  ,  2.13957    ,  2.6991     ,  3.76706    ,  13.0454    ,  0.70353    ,  0.0102069  ,  0.372429   ,  0.052427   ,  2.54154    ])
Iter time: 74.1496698856
Iter time: 144.143578053
Iter time: 248.973586082
136     , -24797.9    , array([ 0.493338   ,  0.0956207  ,  2.07845    ,  2.6561     ,  5.29234    ,  12.5866    ,  0.348695   ,  0.011444   ,  0.3921     ,  0.0621656  ,  2.81475    ])
Iter time: 75.6703369617
Iter time: 147.088903904
Iter time: 254.206054211
138     , -24753.5    , array([ 0.493409   ,  0.0953864  ,  2.07885    ,  2.65432    ,  5.22089    ,  12.6964    ,  0.355296   ,  0.0113858  ,  0.39182    ,  0.0613625  ,  2.80637    ])
Iter time: 160.513998985
Iter time: 312.137597084
Iter time: 541.14827013
139     , -23278.8    , array([ 0.472156   ,  0.083599   ,  2.12611    ,  2.70165    ,  3.75289    ,  13.6757    ,  0.822951   ,  0.0101693  ,  0.372061   ,  0.0535643  ,  2.51919    ])
Iter time: 83.612030983
Iter time: 162.658251047
Iter time: 280.490491867
142     , -24499.2    , array([ 0.489581   ,  0.0929818  ,  2.08367    ,  2.6591     ,  4.8977     ,  12.8057    ,  0.400524   ,  0.0111505  ,  0.38856    ,  0.0602871  ,  2.74785    ])
Iter time: 89.5937490463
Iter time: 174.192447901
Iter time: 300.997946978
144     , -24385.6    , array([ 0.488408   ,  0.0929329  ,  2.09165    ,  2.66826    ,  4.69448    ,  13.14      ,  0.426088   ,  0.0113785  ,  0.386287   ,  0.0597678  ,  2.74176    ])
Iter time: 89.0114820004
Iter time: 172.976105928
Iter time: 299.491433859
146     , -24334.6    , array([ 0.48873    ,  0.0925296  ,  2.09335    ,  2.66889    ,  4.77282    ,  12.7904    ,  0.436261   ,  0.0110133  ,  0.386143   ,  0.0592309  ,  2.73171    ])
Iter time: 90.6573328972
Iter time: 176.190768003
Iter time: 304.283977032
148     , -24296.2    , array([ 0.488554   ,  0.0922885  ,  2.09421    ,  2.66866    ,  4.7212     ,  12.8504    ,  0.444499   ,  0.0109687  ,  0.385749   ,  0.0587525  ,  2.72431    ])
Iter time: 95.861645937
Iter time: 186.244045019
Iter time: 322.486465931
150     , -24171.3    , array([ 0.486609   ,  0.0910868  ,  2.09712    ,  2.6715     ,  4.56512    ,  12.9076    ,  0.474184   ,  0.0108466  ,  0.384014   ,  0.0581672  ,  2.6947     ])
Iter time: 99.5953671932
Iter time: 194.346971035
Iter time: 334.7232759
152     , -24112.3    , array([ 0.485944   ,  0.0909799  ,  2.10138    ,  2.67624    ,  4.46373    ,  13.0644    ,  0.491465   ,  0.0109331  ,  0.382787   ,  0.0578447  ,  2.68959    ])
Iter time: 145.281356096
Iter time: 280.063049078
Iter time: 482.949636221
153     , -23422.7    , array([ 0.477814   ,  0.0854728  ,  2.13059    ,  2.70104    ,  3.72867    ,  13.2421    ,  0.752726   ,  0.0100072  ,  0.372022   ,  0.0526868  ,  2.54112    ])
Iter time: 155.674865007
Iter time: 302.977221012
Iter time: 524.160405874
154     , -23328.7    , array([ 0.476783   ,  0.0856288  ,  2.11983    ,  2.73194    ,  3.55058    ,  13.3065    ,  0.823171   ,  0.0100928  ,  0.366075   ,  0.0509151  ,  2.49106    ])
Iter time: 105.430678844
Iter time: 205.494423866
Iter time: 354.685146093
156     , -23967.8    , array([ 0.48489    ,  0.0900177  ,  2.10521    ,  2.68204    ,  4.35554    ,  12.9723    ,  0.531865   ,  0.0106545  ,  0.380677   ,  0.0565877  ,  2.6588     ])
Iter time: 109.236616135
Iter time: 211.981822014
Iter time: 366.06427002
158     , -23902.6    , array([ 0.483846   ,  0.0893817  ,  2.10704    ,  2.68394    ,  4.2738     ,  13.0041    ,  0.552211   ,  0.0105865  ,  0.379669   ,  0.0562347  ,  2.6427     ])
Iter time: 111.629761934
Iter time: 216.883923054
Iter time: 377.325900078
160     , -23865.7    , array([ 0.48342    ,  0.0892573  ,  2.10944    ,  2.68668    ,  4.21773    ,  13.0801    ,  0.56517    ,  0.010613   ,  0.378921   ,  0.0560067  ,  2.63809    ])
Iter time: 115.121978998
Iter time: 224.09127903
Iter time: 387.313642979
162     , -23793.7    , array([ 0.482829   ,  0.0887498  ,  2.11155    ,  2.6898     ,  4.16022    ,  13.0388    ,  0.589565   ,  0.0104751  ,  0.377796   ,  0.0553689  ,  2.62201    ])
Iter time: 158.149009943
Iter time: 307.690680981
Iter time: 531.688711882
163     , -23313.7    , array([ 0.480461   ,  0.0804646  ,  2.12172    ,  2.71164    ,  3.66208    ,  13.6643    ,  0.808601   ,  0.0102513  ,  0.371      ,  0.0524805  ,  2.51541    ])
Iter time: 118.572145939
Iter time: 230.483317137
Iter time: 398.479628801
165     , -23748.5    , array([ 0.482577   ,  0.087759   ,  2.11438    ,  2.68199    ,  4.07613    ,  13.0464    ,  0.610031   ,  0.0104315  ,  0.37485    ,  0.0550598  ,  2.61514    ])
Iter time: 120.466448069
Iter time: 233.857733011
Iter time: 404.130910873
167     , -23718.8    , array([ 0.482129   ,  0.0877078  ,  2.11324    ,  2.69319    ,  4.07879    ,  13.1103    ,  0.616999   ,  0.0104243  ,  0.37684    ,  0.0549431  ,  2.60476    ])
Iter time: 122.157197952
Iter time: 239.168502092
Iter time: 411.091839075
169     , -23695.7    , array([ 0.481858   ,  0.087577   ,  2.11461    ,  2.69485    ,  4.04578    ,  13.1499    ,  0.626691   ,  0.0104288  ,  0.376374   ,  0.0547838  ,  2.60098    ])
Iter time: 158.462978125
Iter time: 307.851001978
Iter time: 532.313054085
170     , -23294.9    , array([ 0.477612   ,  0.0829955  ,  2.12864    ,  2.7173     ,  3.6019     ,  13.4244    ,  0.828218   ,  0.0100175  ,  0.369678   ,  0.0517635  ,  2.50439    ])
Iter time: 128.134015083
Iter time: 249.152547836
Iter time: 430.310276031
172     , -23614.4    , array([ 0.481167   ,  0.0865665  ,  2.11787    ,  2.69433    ,  3.94998    ,  13.1551    ,  0.662035   ,  0.0103182  ,  0.374046   ,  0.0541404  ,  2.58361    ])
Iter time: 129.376900911
Iter time: 251.679397821
Iter time: 434.453059912
174     , -23594.7    , array([ 0.480901   ,  0.0864897  ,  2.11751    ,  2.7        ,  3.9455     ,  13.1892    ,  0.667941   ,  0.0103098  ,  0.37491    ,  0.0540468  ,  2.57752    ])
Iter time: 159.918406963
Iter time: 310.902019978
Iter time: 536.869980097
175     , -23255.4    , array([ 0.477282   ,  0.0850196  ,  2.14053    ,  2.68063    ,  3.58395    ,  13.4108    ,  0.838421   ,  0.010373   ,  0.368254   ,  0.0503238  ,  2.51533    ])
Iter time: 182.641152859
Iter time: 354.657002211
Iter time: 613.074774027
176     , -23062.8    , array([ 0.47499    ,  0.084681   ,  2.1583     ,  2.65718    ,  3.37319    ,  13.5495    ,  0.967028   ,  0.0105296  ,  0.36379    ,  0.0477756  ,  2.48123    ])
Iter time: 172.730423212
Iter time: 336.010357857
Iter time: 580.688347101
177     , -23161      , array([ 0.476078   ,  0.0826912  ,  2.13917    ,  2.70681    ,  3.46742    ,  13.4713    ,  0.912368   ,  0.0100304  ,  0.366929   ,  0.0500289  ,  2.4785     ])
Iter time: 183.456336975
Iter time: 358.243671894
Iter time: 620.171389818
178     , -23096.6    , array([ 0.468998   ,  0.0809643  ,  2.14601    ,  2.72177    ,  3.15095    ,  13.4972    ,  0.974432   ,  0.0101577  ,  0.36405    ,  0.0488333  ,  2.43742    ])
Iter time: 187.517781973
Iter time: 365.456403017
Iter time: 630.784989119
179     , -23059.6    , array([ 0.472575   ,  0.0816528  ,  2.14586    ,  2.71648    ,  3.27995    ,  13.5834    ,  0.991645   ,  0.0100682  ,  0.365521   ,  0.0488117  ,  2.44433    ])
Iter time: 199.090624094
Iter time: 387.474585056
Iter time: 669.479796886
181     , -22995.8    , array([ 0.471338   ,  0.0808746  ,  2.15142    ,  2.71378    ,  3.1752     ,  13.6209    ,  1.05609    ,  0.0100331  ,  0.363001   ,  0.0479988  ,  2.42658    ])
Iter time: 206.961776018
Iter time: 402.478840113
Iter time: 697.251525879
183     , -22949.2    , array([ 0.46894    ,  0.0802991  ,  2.13139    ,  2.71735    ,  3.22384    ,  13.8796    ,  1.07953    ,  0.0101026  ,  0.363719   ,  0.0486942  ,  2.44031    ])
Iter time: 259.517282009
Iter time: 505.407102823
Iter time: 876.686215162
184     , -22724.5    , array([ 0.462788   ,  0.0775379  ,  2.12732    ,  2.72653    ,  2.98235    ,  14.3165    ,  1.33724    ,  0.0100508  ,  0.359441   ,  0.0469287  ,  2.39121    ])
Iter time: 153.805300951
Iter time: 299.295244217
Iter time: 517.150568962
186     , -23299.8    , array([ 0.475993   ,  0.0841569  ,  2.12941    ,  2.71051    ,  3.53822    ,  13.2829    ,  0.812787   ,  0.0102413  ,  0.370622   ,  0.0507173  ,  2.51668    ])
Iter time: 219.040637016
Iter time: 426.71835494
Iter time: 738.287244081
187     , -22895.3    , array([ 0.46941    ,  0.0791789  ,  2.14095    ,  2.71987    ,  3.10826    ,  13.9237    ,  1.14616    ,  0.0102913  ,  0.361142   ,  0.0473423  ,  2.40658    ])
Iter time: 214.265506983
Iter time: 418.005928993
Iter time: 724.127352953
188     , -22880.9    , array([ 0.469094   ,  0.0779173  ,  2.1557     ,  2.68695    ,  3.18616    ,  13.971     ,  1.11309    ,  0.0102402  ,  0.366105   ,  0.048346   ,  2.43959    ])
Iter time: 223.702985048
Iter time: 435.929506063
Iter time: 752.239945173
189     , -22841.1    , array([ 0.46348    ,  0.0824344  ,  2.16001    ,  2.70257    ,  3.01193    ,  13.6602    ,  1.20094    ,  0.01008    ,  0.360373   ,  0.0462093  ,  2.40257    ])
Iter time: 248.049057961
Iter time: 480.152976036
Iter time: 829.394186974
190     , -22780.9    , array([ 0.465571   ,  0.0785219  ,  2.15779    ,  2.70225    ,  3.02741    ,  14.1242    ,  1.28264    ,  0.0100606  ,  0.358905   ,  0.0470133  ,  2.38118    ])
Iter time: 259.815668106
Iter time: 505.825979948
Iter time: 874.809895992
191     , -22708.6    , array([ 0.461843   ,  0.0788226  ,  2.16392    ,  2.69278    ,  2.88141    ,  14.1051    ,  1.36293    ,  0.0102935  ,  0.357892   ,  0.045264   ,  2.37102    ])
Iter time: 336.280751228
Iter time: 655.969949007
Iter time: 1134.18832803
192     , -22501.9    , array([ 0.454155   ,  0.0768155  ,  2.18178    ,  2.68059    ,  2.57716    ,  14.4583    ,  1.74839    ,  0.0104344  ,  0.352141   ,  0.042327   ,  2.30703    ])
Iter time: 294.391260147
Iter time: 573.83942008
Iter time: 990.108175993
193     , -22618.5    , array([ 0.46389    ,  0.0770588  ,  2.1767     ,  2.70453    ,  2.58282    ,  13.9866    ,  1.57307    ,  0.0101874  ,  0.352061   ,  0.0419092  ,  2.31969    ])
Iter time: 301.116932869
Iter time: 586.231526136
Iter time: 1009.16549587
194     , -22596.2    , array([ 0.457904   ,  0.0769119  ,  2.17027    ,  2.69895    ,  2.6497     ,  14.2961    ,  1.56662    ,  0.0103577  ,  0.35431    ,  0.0434489  ,  2.32956    ])
Iter time: 308.373084068
Iter time: 599.970053911
Iter time: 1037.45056295
195     , -22552.4    , array([ 0.462797   ,  0.0778224  ,  2.16778    ,  2.68002    ,  2.8254     ,  14.4186    ,  1.5991     ,  0.0102642  ,  0.355355   ,  0.0435772  ,  2.3494     ])
Iter time: 214.619758129
Iter time: 414.553016186
Iter time: 715.519828081
197     , -22896.4    , array([ 0.469861   ,  0.0816724  ,  2.15801    ,  2.67995    ,  3.14704    ,  13.7873    ,  1.1241     ,  0.010357   ,  0.361342   ,  0.04675    ,  2.43068    ])
Iter time: 340.670274019
Iter time: 662.788158178
Iter time: 1146.99931884
198     , -22496.6    , array([ 0.456649   ,  0.0759936  ,  2.17188    ,  2.68281    ,  2.60853    ,  14.5294    ,  1.76152    ,  0.0103606  ,  0.351682   ,  0.0425384  ,  2.31726    ])
Iter time: 465.228332043
Iter time: 907.426898003
Iter time: 1560.17761517
199     , -22330.2    , array([ 0.448889   ,  0.0733128  ,  2.18501    ,  2.66613    ,  2.32627    ,  15.0268    ,  2.34776    ,  0.0105099  ,  0.344961   ,  0.0397109  ,  2.25623    ])
Iter time: 373.755628109
Iter time: 729.350163937
Iter time: 1259.74079895
200     , -22428.3    , array([ 0.453803   ,  0.0753676  ,  2.17238    ,  2.67685    ,  2.5464     ,  14.7504    ,  1.9126     ,  0.010485   ,  0.350857   ,  0.0417933  ,  2.30352    ])
Iter time: 386.416534901
Iter time: 752.130553961
Iter time: 1302.28888202
201     , -22432.2    , array([ 0.452361   ,  0.0735492  ,  2.16836    ,  2.71006    ,  2.47213    ,  14.7524    ,  1.97919    ,  0.0101798  ,  0.350586   ,  0.0420442  ,  2.27728    ])
Iter time: 417.256275177
Iter time: 812.143974066
Iter time: 1407.59078503
202     , -22364.2    , array([ 0.449761   ,  0.0748548  ,  2.1907     ,  2.66853    ,  2.40091    ,  14.7623    ,  2.14379    ,  0.0102245  ,  0.348894   ,  0.0406318  ,  2.2771     ])
Iter time: 484.565336943
Iter time: 943.310580015
Iter time: 1631.0103991
203     , -22359.6    , array([ 0.446633   ,  0.0755142  ,  2.18209    ,  2.69785    ,  2.22476    ,  14.8603    ,  2.48687    ,  0.0102726  ,  0.341164   ,  0.0385504  ,  2.21832    ])
Iter time: 531.733683825
Iter time: 1037.14931798
Iter time: 1790.05423188
204     , -22295.6    , array([ 0.449009   ,  0.0702474  ,  2.18178    ,  2.6814     ,  2.22732    ,  15.4329    ,  2.63113    ,  0.010472   ,  0.343156   ,  0.0390257  ,  2.22006    ])
Iter time: 830.409957886
Iter time: 1618.25441313
Iter time: 2795.45085883
205     , -22249.6    , array([ 0.441944   ,  0.0648472  ,  2.19274    ,  2.67088    ,  1.91537    ,  16.4038    ,  3.89451    ,  0.0106736  ,  0.334858   ,  0.0358643  ,  2.13407    ])
Iter time: 604.818757057
Iter time: 1173.99726701
Iter time: 2033.15230298
206     , -22256.8    , array([ 0.44278    ,  0.0712261  ,  2.1904     ,  2.67603    ,  2.03896    ,  15.3375    ,  3.0148     ,  0.0106055  ,  0.340241   ,  0.0365162  ,  2.19582    ])
Iter time: 671.110647917
Iter time: 1301.91811109
Iter time: 2252.11965895
207     , -22253.4    , array([ 0.441878   ,  0.071025   ,  2.23362    ,  2.64321    ,  1.9315     ,  15.3223    ,  3.35229    ,  0.0107201  ,  0.336361   ,  0.0349509  ,  2.15298    ])
Iter time: 679.771043062
Iter time: 1329.58782911
Iter time: 2289.23044991
208     , -22211.7    , array([ 0.436949   ,  0.070415   ,  2.19321    ,  2.65361    ,  2.1155     ,  15.9459    ,  3.27001    ,  0.0106748  ,  0.340575   ,  0.0378662  ,  2.18947    ])
