==========================================
SLURM_JOB_ID = 18981443
SLURM_NODELIST = c8-65
==========================================
Module slurm/17.11.5 loaded 
Module openmpi/3.0.1 loaded 
Module gcc/7.3.0 loaded 
Module python/2.7.6 loaded 
Module numpy/1.11.1 loaded 
Module dadi/1.7.0 loaded 
Module matplotlib/2.0 loaded 
Module scipy/0.18.0 loaded 
Beginning. Call:
/home/hemstrow/monarch/github/F-H_2018/DADI/demographic_models/run_3d_mods.py /home/hemstrow/monarch/github/F-H_2018/Data/dadi_inputs/ dadi_snps_10kgap.txt 1st_folded_optim_10kgap_snps_dadi_out.txt cgrowth 10 [NAM,HAW,GUA] True 3 [0.1,0.1,0.5,0.5,5,5,.1,.1,.1,.1] [1,1,5,5,20,20,10,10,10,10] [.001,.001,.001,.001,.01,.01,.01,.01,.01,.01] [150,15,15] fmin

Ready to begin run. Parameters:

Model:
cgrowth
Maxiters:
10
Pops:
['NAM', 'HAW', 'GUA']
Projection:
[150, 15, 15]
Number of segregating sites in projected sfs:
9454.98941724
Folding spectra:
True
Level of parm folding:
3
Optimizer:
fmin
p0:
[  0.25743148   0.01815913   0.22711036   1.46319563  10.65541281
   6.59744531   0.03762781   0.03264598   0.06445917   0.04305509]
Upper Bounds:
[1.0, 1.0, 5.0, 5.0, 20.0, 20.0, 10.0, 10.0, 10.0, 10.0]
Lower Bounds:
[0.001, 0.001, 0.001, 0.001, 0.01, 0.01, 0.01, 0.01, 0.01, 0.01]

Beginning optimization ************************************************
optimize_log_fmin.
Iter time: 286.886113882
Iter time: 560.616813183
Iter time: 962.226804972
1       , -30624.3    , array([ 0.257431   ,  0.0181591  ,  0.22711    ,  1.4632     ,  10.6554    ,  6.59745    ,  0.0376278  ,  0.032646   ,  0.0644592  ,  0.0430551  ])
Iter time: 287.028146029
Iter time: 558.129575014
Iter time: 963.680009842
2       , -30623.7    , array([ 0.240544   ,  0.0181591  ,  0.22711    ,  1.4632     ,  10.6554    ,  6.59745    ,  0.0376278  ,  0.032646   ,  0.0644592  ,  0.0430551  ])
Iter time: 330.767349958
Iter time: 645.261711121
Iter time: 1111.49095798
3       , -30611.5    , array([ 0.257431   ,  0.0148611  ,  0.22711    ,  1.4632     ,  10.6554    ,  6.59745    ,  0.0376278  ,  0.032646   ,  0.0644592  ,  0.0430551  ])
Iter time: 290.398281097
Iter time: 563.430490017
Iter time: 972.051079988
4       , -30741.6    , array([ 0.257431   ,  0.0181591  ,  0.210887   ,  1.4632     ,  10.6554    ,  6.59745    ,  0.0376278  ,  0.032646   ,  0.0644592  ,  0.0430551  ])
Iter time: 286.443480968
Iter time: 558.894946098
Iter time: 962.582182884
5       , -30637.6    , array([ 0.257431   ,  0.0181591  ,  0.22711    ,  1.49131    ,  10.6554    ,  6.59745    ,  0.0376278  ,  0.032646   ,  0.0644592  ,  0.0430551  ])
Iter time: 288.093690872
Iter time: 558.461143017
Iter time: 963.82149601
6       , -30920.7    , array([ 0.257431   ,  0.0181591  ,  0.22711    ,  1.4632     ,  11.9936    ,  6.59745    ,  0.0376278  ,  0.032646   ,  0.0644592  ,  0.0430551  ])
Iter time: 315.096124172
Iter time: 615.549741983
Iter time: 147516.145659
7       , -30865.6    , array([ 0.257431   ,  0.0181591  ,  0.22711    ,  1.4632     ,  10.6554    ,  7.25011    ,  0.0376278  ,  0.032646   ,  0.0644592  ,  0.0430551  ])
Iter time: 402.063511848
Iter time: 557.489377975
Iter time: 965.671839952
8       , -30971.8    , array([ 0.257431   ,  0.0181591  ,  0.22711    ,  1.4632     ,  10.6554    ,  6.59745    ,  0.0319363  ,  0.032646   ,  0.0644592  ,  0.0430551  ])
Iter time: 289.10375309
Iter time: 557.160158873
Iter time: 962.587143898
9       , -30815.8    , array([ 0.257431   ,  0.0181591  ,  0.22711    ,  1.4632     ,  10.6554    ,  6.59745    ,  0.0376278  ,  0.0275119  ,  0.0644592  ,  0.0430551  ])
Iter time: 287.230206013
Iter time: 557.354238987
Iter time: 966.796126842
10      , -30668.7    , array([ 0.257431   ,  0.0181591  ,  0.22711    ,  1.4632     ,  10.6554    ,  6.59745    ,  0.0376278  ,  0.032646   ,  0.0562016  ,  0.0430551  ])
Iter time: 289.656780958
Iter time: 558.367431879
Iter time: 963.968924999
11      , -30722.9    , array([ 0.257431   ,  0.0181591  ,  0.22711    ,  1.4632     ,  10.6554    ,  6.59745    ,  0.0376278  ,  0.032646   ,  0.0644592  ,  0.0367897  ])
Iter time: 300.928092003
Iter time: 586.478299141
Iter time: 1010.470824
12      , -30444.9    , array([ 0.253962   ,  0.0174456  ,  0.223769   ,  1.46878    ,  10.9105    ,  6.7231     ,  0.0443337  ,  0.0315477  ,  0.0627159  ,  0.041722   ])
Iter time: 309.963668823
Iter time: 599.832062006
Iter time: 1035.08348298
13      , -30135      , array([ 0.252244   ,  0.0170994  ,  0.222116   ,  1.47157    ,  11.0404    ,  6.78682    ,  0.0522346  ,  0.0310125  ,  0.061862   ,  0.041071   ])
Iter time: 304.800037146
Iter time: 593.218585968
Iter time: 1025.78933001
14      , -30403      , array([ 0.25293    ,  0.0172371  ,  0.222776   ,  1.47045    ,  9.53399    ,  6.76126    ,  0.040179   ,  0.0312255  ,  0.0622022  ,  0.0413301  ])
Iter time: 276.369216919
Iter time: 537.222084999
Iter time: 929.067342997
15      , -30340.9    , array([ 0.252039   ,  0.0170584  ,  0.221919   ,  1.47191    ,  10.4953    ,  6.0673     ,  0.0407096  ,  0.0309489  ,  0.0617603  ,  0.0409935  ])
Iter time: 301.688114882
Iter time: 585.787059069
Iter time: 1012.81157207
16      , -30287.5    , array([ 0.250974   ,  0.0168463  ,  0.220895   ,  1.47366    ,  10.4635    ,  6.55674    ,  0.0413556  ,  0.0375992  ,  0.0612343  ,  0.0405932  ])
Iter time: 301.104581118
Iter time: 586.398072004
Iter time: 1010.68837285
17      , -30280.8    , array([ 0.249702   ,  0.0165954  ,  0.240105   ,  1.47576    ,  10.4256    ,  6.54863    ,  0.0421444  ,  0.0325942  ,  0.0606089  ,  0.040118   ])
Iter time: 306.911635876
Iter time: 596.5368011
Iter time: 1031.39467096
18      , -30206.9    , array([ 0.248185   ,  0.0162992  ,  0.225448   ,  1.47829    ,  10.3802    ,  6.53892    ,  0.0431107  ,  0.0325838  ,  0.0598669  ,  0.0477706  ])
Iter time: 311.194243908
Iter time: 604.297743082
Iter time: 1044.07348299
19      , -30163.3    , array([ 0.246376   ,  0.0159507  ,  0.225117   ,  1.48132    ,  10.326     ,  6.52727    ,  0.0442997  ,  0.0325714  ,  0.0695361  ,  0.0416763  ])
Iter time: 318.373263121
Iter time: 616.531481981
Iter time: 1065.5912571
20      , -30101.8    , array([ 0.244222   ,  0.0155424  ,  0.22472    ,  1.45145    ,  10.2614    ,  6.51333    ,  0.0457698  ,  0.0325565  ,  0.0615545  ,  0.0414059  ])
Iter time: 334.408300161
Iter time: 650.504930973
Iter time: 1124.51296616
21      , -29825.2    , array([ 0.237874   ,  0.014379   ,  0.223534   ,  1.43192    ,  10.0699    ,  6.47167    ,  0.0504794  ,  0.0325119  ,  0.0601516  ,  0.0406051  ])
Iter time: 325.946093082
Iter time: 635.491469145
Iter time: 1100.33466315
22      , -29954.3    , array([ 0.240393   ,  0.0148335  ,  0.224008   ,  1.47295    ,  10.146     ,  6.4883     ,  0.04854    ,  0.0325297  ,  0.0607088  ,  0.0409236  ])
Iter time: 334.244762897
Iter time: 650.095726013
Iter time: 1125.4394629
23      , -29817.3    , array([ 0.257237   ,  0.0142454  ,  0.223393   ,  1.47491    ,  10.0471    ,  6.46669    ,  0.0510762  ,  0.0325065  ,  0.0599854  ,  0.0405101  ])
Iter time: 362.050669193
Iter time: 706.470159054
Iter time: 1215.33028316
24      , -29389.3    , array([ 0.266014   ,  0.0126172  ,  0.221557   ,  1.48081    ,  9.75613    ,  6.40229    ,  0.0595077  ,  0.0324371  ,  0.0578663  ,  0.0392946  ])
Iter time: 294.936235189
Iter time: 573.60013485
Iter time: 991.815862179
25      , -29576.7    , array([ 0.241944   ,  0.0168462  ,  0.222289   ,  1.47845    ,  9.87151    ,  6.42797    ,  0.0559798  ,  0.0324648  ,  0.0587048  ,  0.0397763  ])
Iter time: 317.953226089
Iter time: 618.093667984
Iter time: 1067.9526751
26      , -29604.7    , array([ 0.244073   ,  0.0144576  ,  0.226515   ,  1.47275    ,  11.1097    ,  6.20914    ,  0.0560206  ,  0.0342069  ,  0.0601349  ,  0.0411201  ])
Iter time: 361.091636896
Iter time: 702.699877977
Iter time: 1215.74321389
27      , -29527.5    , array([ 0.243368   ,  0.0141336  ,  0.228324   ,  1.47146    ,  10.2076    ,  6.95137    ,  0.0589359  ,  0.0352105  ,  0.0602429  ,  0.0414833  ])
Iter time: 344.005197048
Iter time: 667.911197901
Iter time: 1155.61967301
28      , -29418.3    , array([ 0.2429     ,  0.0138177  ,  0.230905   ,  1.46927    ,  10.188     ,  6.5081     ,  0.0622747  ,  0.0286047  ,  0.0605624  ,  0.0420745  ])
Iter time: 353.210690022
Iter time: 686.654700994
Iter time: 1183.58390307
29      , -29255.1    , array([ 0.242793   ,  0.013522   ,  0.210777   ,  1.46588    ,  10.178     ,  6.50808    ,  0.0660726  ,  0.0321466  ,  0.0611779  ,  0.0429803  ])
Iter time: 382.370878935
Iter time: 741.95715189
Iter time: 1283.84683299
30      , -28681.1    , array([ 0.23941    ,  0.0122059  ,  0.197486   ,  1.46097    ,  10.0564    ,  6.48789    ,  0.0827298  ,  0.0319251  ,  0.0614644  ,  0.0444871  ])
Iter time: 361.467638016
Iter time: 705.590823174
Iter time: 1215.27526903
31      , -28973.9    , array([ 0.242525   ,  0.012994   ,  0.218614   ,  1.45994    ,  10.1579    ,  6.50755    ,  0.0735852  ,  0.0320257  ,  0.0622632  ,  0.0355846  ])
Iter time: 367.610023975
Iter time: 717.004019976
Iter time: 1236.51866603
32      , -28802.9    , array([ 0.243538   ,  0.0127445  ,  0.217655   ,  1.45271    ,  10.1778    ,  6.51521    ,  0.0792598  ,  0.0319299  ,  0.0524339  ,  0.0395193  ])
Iter time: 385.232911825
Iter time: 749.662050962
Iter time: 1293.87477899
33      , -28646.9    , array([ 0.236206   ,  0.0112096  ,  0.219702   ,  1.45857    ,  9.36559    ,  6.21507    ,  0.0730659  ,  0.033731   ,  0.0570212  ,  0.039794   ])
Iter time: 435.281906128
Iter time: 843.565984011
Iter time: 1457.12211704
34      , -27906.1    , array([ 0.228574   ,  0.00907596 ,  0.218505   ,  1.45211    ,  8.62603    ,  5.94752    ,  0.0864158  ,  0.0351783  ,  0.0547447  ,  0.0391705  ])
Iter time: 383.610447168
Iter time: 747.998939991
Iter time: 1288.93646479
35      , -28329.6    , array([ 0.245365   ,  0.0117127  ,  0.216766   ,  1.45305    ,  9.86564    ,  6.38884    ,  0.0882412  ,  0.0326651  ,  0.0569149  ,  0.0395892  ])
Iter time: 384.783679008
Iter time: 748.41078496
Iter time: 1293.29270697
36      , -28147      , array([ 0.249506   ,  0.0115973  ,  0.215893   ,  1.49908    ,  9.89961    ,  6.38878    ,  0.0948787  ,  0.0327138  ,  0.0568103  ,  0.039698   ])
Iter time: 420.234682083
Iter time: 817.726819038
Iter time: 1413.04670501
37      , -28185.2    , array([ 0.244241   ,  0.0110368  ,  0.211016   ,  1.4627     ,  8.76848    ,  6.697      ,  0.0949946  ,  0.0308164  ,  0.0561834  ,  0.0389258  ])
Iter time: 490.560039043
Iter time: 955.805783033
Iter time: 1651.33197999
38      , -27828.1    , array([ 0.246856   ,  0.00870374 ,  0.212801   ,  1.45394    ,  9.63718    ,  6.52228    ,  0.105669   ,  0.0321334  ,  0.0570489  ,  0.0400673  ])
Iter time: 640.111488819
Iter time: 1246.55608487
Iter time: 2158.27998304
39      , -26829.5    , array([ 0.249349   ,  0.00625617 ,  0.20821    ,  1.44184    ,  9.52212    ,  6.56995    ,  0.145181   ,  0.031969   ,  0.0562386  ,  0.0402135  ])
Iter time: 445.217718124
Iter time: 870.569077969
Iter time: 1498.20743895
40      , -27360      , array([ 0.246607   ,  0.00881384 ,  0.20339    ,  1.45492    ,  9.19121    ,  5.96349    ,  0.1202     ,  0.029061   ,  0.0548329  ,  0.0381804  ])
Iter time: 493.211822987
Iter time: 960.136826992
Iter time: 1661.13475299
41      , -27061.1    , array([ 0.247831   ,  0.00824005 ,  0.196078   ,  1.45423    ,  9.02122    ,  6.25931    ,  0.129746   ,  0.0358855  ,  0.0534701  ,  0.0369198  ])
Iter time: 498.535847187
Iter time: 968.960766077
Iter time: 1675.67710304
42      , -26510.3    , array([ 0.223116   ,  0.00828696 ,  0.199418   ,  1.43768    ,  9.27411    ,  6.33408    ,  0.158685   ,  0.0322917  ,  0.055084   ,  0.039042   ])
Iter time: 585.985242128
Iter time: 1140.98421597
Iter time: 1973.4044528
43      , -24869.7    , array([ 0.204336   ,  0.00671601 ,  0.189193   ,  1.41659    ,  9.04211    ,  6.30025    ,  0.25913    ,  0.0322192  ,  0.0537435  ,  0.0389163  ])
Iter time: 550.857088089
Iter time: 1072.79296899
Iter time: 1854.59986281
44      , -26292.8    , array([ 0.23648    ,  0.0070516  ,  0.196344   ,  1.44947    ,  8.70239    ,  6.19142    ,  0.165068   ,  0.0327458  ,  0.0497094  ,  0.043891   ])
Iter time: 588.40884614
Iter time: 1145.73457289
Iter time: 1988.40117002
45      , -25951.9    , array([ 0.234116   ,  0.00638708 ,  0.193186   ,  1.45603    ,  8.41761    ,  6.12141    ,  0.177469   ,  0.0330103  ,  0.0584014  ,  0.0403592  ])
Iter time: 621.936258078
Iter time: 1211.93717718
Iter time: 2096.51130104
46      , -25520.9    , array([ 0.23709    ,  0.00585871 ,  0.211981   ,  1.44681    ,  8.22138    ,  6.07611    ,  0.198065   ,  0.0332367  ,  0.0493142  ,  0.0351608  ])
Iter time: 678.305716038
Iter time: 1323.72242594
Iter time: 2289.17490411
47      , -25319.3    , array([ 0.229755   ,  0.00531549 ,  0.192266   ,  1.45345    ,  8.08031    ,  6.10868    ,  0.218285   ,  0.0325966  ,  0.051751   ,  0.0385845  ])
Iter time: 683.289105177
Iter time: 1328.97200394
Iter time: 2296.49797797
48      , -24785.9    , array([ 0.228006   ,  0.00487413 ,  0.193864   ,  1.44203    ,  8.94396    ,  5.7214     ,  0.239476   ,  0.0349424  ,  0.0515702  ,  0.0391729  ])
Iter time: 878.590131998
Iter time: 1714.36994505
Iter time: 2961.87925005
49      , -22987.9    , array([ 0.220298   ,  0.00323909 ,  0.185818   ,  1.43181    ,  9.03301    ,  5.28827    ,  0.380228   ,  0.0372081  ,  0.0494077  ,  0.0392971  ])
Iter time: 884.634857893
Iter time: 1724.91784501
Iter time: 3115.10879493
50      , -23908.4    , array([ 0.217706   ,  0.00359414 ,  0.183883   ,  1.39417    ,  7.77819    ,  5.77489    ,  0.316495   ,  0.0337742  ,  0.0495967  ,  0.0383331  ])
Iter time: 898.454502821
Iter time: 1753.03343701
Iter time: 3027.23359489
51      , -23099.6    , array([ 0.235339   ,  0.00381594 ,  0.175524   ,  1.4276     ,  8.74379    ,  6.16691    ,  0.450503   ,  0.0311533  ,  0.0504615  ,  0.0386817  ])
Iter time: 1008.88670492
Iter time: 1965.74878812
Iter time: 3397.64265084
52      , -23026.9    , array([ 0.216098   ,  0.00332366 ,  0.183092   ,  1.41944    ,  8.12462    ,  6.19179    ,  0.421836   ,  0.038239   ,  0.0495502  ,  0.0397885  ])
Iter time: 1053.40011907
Iter time: 2060.33684993
Iter time: 3549.28789616
53      , -22538.5    , array([ 0.209219   ,  0.00296475 ,  0.187335   ,  1.41326    ,  8.10621    ,  5.88638    ,  0.494728   ,  0.0313628  ,  0.0500452  ,  0.0417675  ])
Iter time: 1566.46275806
Iter time: 3050.199512
Iter time: 5272.93892097
54      , -20607.1    , array([ 0.192231   ,  0.00177835 ,  0.183111   ,  1.39321    ,  7.68412    ,  5.70834    ,  0.966057   ,  0.02932    ,  0.0484158  ,  0.044425   ])
Iter time: 958.809189081
Iter time: 1872.26913381
Iter time: 3238.417696
55      , -21596.9    , array([ 0.197402   ,  0.00303635 ,  0.171945   ,  1.41566    ,  7.35736    ,  5.45259    ,  0.645907   ,  0.0346013  ,  0.0461774  ,  0.039118   ])
Iter time: 1258.20883393
Iter time: 2454.44384694
Iter time: 4242.37151504
56      , -21158.3    , array([ 0.200759   ,  0.00227607 ,  0.17756    ,  1.40157    ,  7.78456    ,  5.64075    ,  0.746304   ,  0.0341549  ,  0.0514782  ,  0.0350247  ])
Iter time: 1370.8796649
Iter time: 2676.38939691
Iter time: 4632.24161386
57      , -20674.8    , array([ 0.196647   ,  0.00204431 ,  0.177445   ,  1.38467    ,  7.92306    ,  5.61272    ,  0.925155   ,  0.034113   ,  0.0427247  ,  0.0370249  ])
