==========================================
SLURM_JOB_ID = 18981465
SLURM_NODELIST = c8-68
==========================================
Module slurm/17.11.5 loaded 
Module openmpi/3.0.1 loaded 
Module gcc/7.3.0 loaded 
Module python/2.7.6 loaded 
Module numpy/1.11.1 loaded 
Module dadi/1.7.0 loaded 
Module matplotlib/2.0 loaded 
Module scipy/0.18.0 loaded 
Beginning. Call:
/home/hemstrow/monarch/github/F-H_2018/DADI/demographic_models/run_3d_mods.py /home/hemstrow/monarch/github/F-H_2018/Data/dadi_inputs/ dadi_snps_10kgap.txt 1st_folded_optim_10kgap_snps_dadi_out.txt lgrowth_both 10 [NAM,HAW,GUA] True 3 [0.1,0.1,1,1,5,5,.1,.1,.1,.1,2,2] [1,1,10,10,20,20,10,10,10,10,4,4] [1e-3,1e-3,1e-3,1e-3,0.01,0.01,0.01,0.01,0.01,0.01,1,1] [150,15,15] fmin

Ready to begin run. Parameters:

Model:
lgrowth_both
Maxiters:
10
Pops:
['NAM', 'HAW', 'GUA']
Projection:
[150, 15, 15]
Number of segregating sites in projected sfs:
9454.98941724
Folding spectra:
True
Level of parm folding:
3
Optimizer:
fmin
p0:
[  0.05813756   0.5524726    4.52804564   1.4453218   19.8         12.43726836
   0.05725099   0.36382321   0.12139202   0.64092616   3.96         1.01      ]
Upper Bounds:
[1.0, 1.0, 10.0, 10.0, 20.0, 20.0, 10.0, 10.0, 10.0, 10.0, 4.0, 4.0]
Lower Bounds:
[0.001, 0.001, 0.001, 0.001, 0.01, 0.01, 0.01, 0.01, 0.01, 0.01, 1.0, 1.0]

Beginning optimization ************************************************
optimize_log_fmin.
Iter time: 113.432453871
Iter time: 219.961709023
Iter time: 380.507864952
1       , -23571      , array([ 0.0581376  ,  0.552473   ,  4.52805    ,  1.44532    ,  19.8       ,  12.4373    ,  0.057251   ,  0.363823   ,  0.121392   ,  0.640926   ,  3.96       ,  1.01       ])
Iter time: 113.512309074
Iter time: 220.192741156
Iter time: 379.310137987
2       , -23571      , array([ 0.0504289  ,  0.552473   ,  4.52805    ,  1.44532    ,  19.8       ,  12.4373    ,  0.057251   ,  0.363823   ,  0.121392   ,  0.640926   ,  3.96       ,  1.01       ])
Iter time: 113.368761063
Iter time: 220.058378935
Iter time: 379.263655901
3       , -23570.9    , array([ 0.0581376  ,  0.536323   ,  4.52805    ,  1.44532    ,  19.8       ,  12.4373    ,  0.057251   ,  0.363823   ,  0.121392   ,  0.640926   ,  3.96       ,  1.01       ])
Iter time: 113.32113719
Iter time: 219.804227114
Iter time: 379.225124121
4       , -23698.1    , array([ 0.0581376  ,  0.552473   ,  4.88322    ,  1.44532    ,  19.8       ,  12.4373    ,  0.057251   ,  0.363823   ,  0.121392   ,  0.640926   ,  3.96       ,  1.01       ])
Iter time: 113.401046038
Iter time: 219.806414843
Iter time: 379.248629093
5       , -23612.5    , array([ 0.0581376  ,  0.552473   ,  4.52805    ,  1.47219    ,  19.8       ,  12.4373    ,  0.057251   ,  0.363823   ,  0.121392   ,  0.640926   ,  3.96       ,  1.01       ])
Iter time: 128.373586178
Iter time: 249.137717009
Iter time: 430.348571062
7       , -23451.3    , array([ 0.0581376  ,  0.552473   ,  4.52805    ,  1.44532    ,  19.8       ,  14.1079    ,  0.057251   ,  0.363823   ,  0.121392   ,  0.640926   ,  3.96       ,  1.01       ])
Iter time: 112.073272943
Iter time: 217.454441071
Iter time: 375.511226892
8       , -23714.4    , array([ 0.0581376  ,  0.552473   ,  4.52805    ,  1.44532    ,  19.8       ,  12.4373    ,  0.0496218  ,  0.363823   ,  0.121392   ,  0.640926   ,  3.96       ,  1.01       ])
Iter time: 121.400578022
Iter time: 220.005138159
Iter time: 391.661591053
9       , -23720      , array([ 0.0581376  ,  0.552473   ,  4.52805    ,  1.44532    ,  19.8       ,  12.4373    ,  0.057251   ,  0.345888   ,  0.121392   ,  0.640926   ,  3.96       ,  1.01       ])
Iter time: 113.302244902
Iter time: 219.957172155
Iter time: 381.490152836
10      , -23501.4    , array([ 0.0581376  ,  0.552473   ,  4.52805    ,  1.44532    ,  19.8       ,  12.4373    ,  0.057251   ,  0.363823   ,  0.109245   ,  0.640926   ,  3.96       ,  1.01       ])
Iter time: 111.326180935
Iter time: 215.931448936
Iter time: 371.915508032
11      , -23633.6    , array([ 0.0581376  ,  0.552473   ,  4.52805    ,  1.44532    ,  19.8       ,  12.4373    ,  0.057251   ,  0.363823   ,  0.121392   ,  0.626828   ,  3.96       ,  1.01       ])
Iter time: 113.575354099
Iter time: 222.260535955
Iter time: 379.854865074
13      , -23571      , array([ 0.0581376  ,  0.552473   ,  4.52805    ,  1.44532    ,  19.8       ,  12.4373    ,  0.057251   ,  0.363823   ,  0.121392   ,  0.640926   ,  3.96       ,  1.0105     ])
Iter time: 122.692538023
Iter time: 245.381735086
Iter time: 476.61691308
16      , -23470.4    , array([ 0.0581376  ,  0.552473   ,  4.52805    ,  1.44532    ,  19.8       ,  13.2463    ,  0.057251   ,  0.363823   ,  0.115158   ,  0.640926   ,  3.96       ,  1.01       ])
Iter time: 120.803408861
Iter time: 234.294337034
Iter time: 404.959316969
17      , -23505.5    , array([ 0.0581376  ,  0.544338   ,  4.52805    ,  1.44532    ,  19.8       ,  13.2463    ,  0.057251   ,  0.363823   ,  0.121392   ,  0.640926   ,  3.96       ,  1.01       ])
Iter time: 120.744563103
Iter time: 234.286849976
Iter time: 404.188483953
18      , -23505.5    , array([ 0.0541462  ,  0.552473   ,  4.52805    ,  1.44532    ,  19.8       ,  13.2463    ,  0.057251   ,  0.363823   ,  0.121392   ,  0.640926   ,  3.96       ,  1.01       ])
Iter time: 120.699615955
Iter time: 234.5480721
Iter time: 404.034428835
19      , -23505.5    , array([ 0.0581376  ,  0.552473   ,  4.52805    ,  1.44532    ,  19.8       ,  13.2463    ,  0.057251   ,  0.363823   ,  0.121392   ,  0.640926   ,  3.96       ,  1.01       ])
Iter time: 120.715801001
Iter time: 234.521951914
Iter time: 403.968050957
20      , -23505.5    , array([ 0.0581376  ,  0.552473   ,  4.52805    ,  1.44532    ,  19.8       ,  13.2463    ,  0.057251   ,  0.363823   ,  0.121392   ,  0.640926   ,  3.96       ,  1.01025    ])
Iter time: 120.573237896
Iter time: 233.83812809
Iter time: 403.95777297
21      , -23526.2    , array([ 0.0581376  ,  0.552473   ,  4.52805    ,  1.45869    ,  19.8       ,  13.2463    ,  0.057251   ,  0.363823   ,  0.121392   ,  0.640926   ,  3.96       ,  1.01       ])
Iter time: 119.559823036
Iter time: 146691.069184
Iter time: 514.809475183
22      , -23537.6    , array([ 0.0581376  ,  0.552473   ,  4.52805    ,  1.44532    ,  19.8       ,  13.2463    ,  0.057251   ,  0.363823   ,  0.121392   ,  0.633838   ,  3.96       ,  1.01       ])
Iter time: 120.578004122
Iter time: 233.930408955
Iter time: 405.506057024
23      , -23569      , array([ 0.0581376  ,  0.552473   ,  4.70228    ,  1.44532    ,  19.8       ,  13.2463    ,  0.057251   ,  0.363823   ,  0.121392   ,  0.640926   ,  3.96       ,  1.01       ])
Iter time: 119.915215015
Iter time: 232.819355011
Iter time: 401.574082136
24      , -23575.7    , array([ 0.0581376  ,  0.552473   ,  4.52805    ,  1.44532    ,  19.8       ,  13.2463    ,  0.0533     ,  0.363823   ,  0.121392   ,  0.640926   ,  3.96       ,  1.01       ])
Iter time: 120.584628105
Iter time: 233.959506989
Iter time: 404.576206207
25      , -23578.4    , array([ 0.0581376  ,  0.552473   ,  4.52805    ,  1.44532    ,  19.8       ,  13.2463    ,  0.057251   ,  0.354742   ,  0.121392   ,  0.640926   ,  3.96       ,  1.01       ])
Iter time: 124.372878075
Iter time: 241.813765049
Iter time: 416.768718004
30      , -23459.5    , array([ 0.0581376  ,  0.552473   ,  4.52805    ,  1.44532    ,  19.8       ,  13.6703    ,  0.057251   ,  0.363823   ,  0.118234   ,  0.640926   ,  3.96       ,  1.01       ])
Iter time: 125.048995972
Iter time: 241.467073202
Iter time: 416.646554947
31      , -23477.1    , array([ 0.0581376  ,  0.54839    ,  4.52805    ,  1.44532    ,  19.8       ,  13.6703    ,  0.057251   ,  0.363823   ,  0.121392   ,  0.640926   ,  3.96       ,  1.01       ])
Iter time: 124.394691944
Iter time: 241.608819008
Iter time: 416.508121014
32      , -23477.1    , array([ 0.0561064  ,  0.552473   ,  4.52805    ,  1.44532    ,  19.8       ,  13.6703    ,  0.057251   ,  0.363823   ,  0.121392   ,  0.640926   ,  3.96       ,  1.01       ])
Iter time: 124.654706955
Iter time: 241.331778049
Iter time: 416.614943027
33      , -23477.1    , array([ 0.0581376  ,  0.552473   ,  4.52805    ,  1.44532    ,  19.8       ,  13.6703    ,  0.057251   ,  0.363823   ,  0.121392   ,  0.640926   ,  3.96       ,  1.01       ])
Iter time: 124.480775118
Iter time: 242.043166876
Iter time: 416.688619137
34      , -23477.1    , array([ 0.0581376  ,  0.552473   ,  4.52805    ,  1.44532    ,  19.8       ,  13.6703    ,  0.057251   ,  0.363823   ,  0.121392   ,  0.640926   ,  3.96       ,  1.01013    ])
Iter time: 124.425857067
Iter time: 241.52321291
Iter time: 416.692677975
35      , -23487.4    , array([ 0.0581376  ,  0.552473   ,  4.52805    ,  1.45199    ,  19.8       ,  13.6703    ,  0.057251   ,  0.363823   ,  0.121392   ,  0.640926   ,  3.96       ,  1.01       ])
Iter time: 123.75256896
Iter time: 240.163897038
Iter time: 414.766236067
36      , -23493.2    , array([ 0.0581376  ,  0.552473   ,  4.52805    ,  1.44532    ,  19.8       ,  13.6703    ,  0.057251   ,  0.363823   ,  0.121392   ,  0.637372   ,  3.96       ,  1.01       ])
Iter time: 124.449706078
Iter time: 241.830102205
Iter time: 416.548382998
37      , -23508.8    , array([ 0.0581376  ,  0.552473   ,  4.61434    ,  1.44532    ,  19.8       ,  13.6703    ,  0.057251   ,  0.363823   ,  0.121392   ,  0.640926   ,  3.96       ,  1.01       ])
Iter time: 124.083163023
Iter time: 241.187232018
Iter time: 415.570355892
38      , -23511.9    , array([ 0.0581376  ,  0.552473   ,  4.52805    ,  1.44532    ,  19.8       ,  13.6703    ,  0.0552402  ,  0.363823   ,  0.121392   ,  0.640926   ,  3.96       ,  1.01       ])
Iter time: 124.753901958
Iter time: 242.846521854
Iter time: 417.779644012
39      , -23513.1    , array([ 0.0581376  ,  0.552473   ,  4.52805    ,  1.44532    ,  19.8       ,  13.6703    ,  0.057251   ,  0.359254   ,  0.121392   ,  0.640926   ,  3.96       ,  1.01       ])
Iter time: 125.375679016
Iter time: 242.917825937
Iter time: 419.355249882
42      , -23492.4    , array([ 0.057794   ,  0.55179    ,  4.54232    ,  1.44643    ,  19.9235    ,  13.7423    ,  0.0569108  ,  0.363058   ,  0.12086    ,  0.640332   ,  3.89246    ,  1.01002    ])
Iter time: 125.514327049
Iter time: 243.601872206
Iter time: 420.466016054
43      , -23487.6    , array([ 0.0577369  ,  0.551676   ,  4.5447     ,  1.44662    ,  19.0944    ,  13.7543    ,  0.0568543  ,  0.36293    ,  0.120771   ,  0.640234   ,  3.94866    ,  1.01002    ])
Iter time: 125.538873911
Iter time: 243.657066107
Iter time: 420.790943146
44      , -23453.4    , array([ 0.0576704  ,  0.551544   ,  4.54748    ,  1.44683    ,  19.701     ,  13.7683    ,  0.0567885  ,  0.36817    ,  0.120668   ,  0.640118   ,  3.94678    ,  1.01003    ])
Iter time: 125.714995146
Iter time: 244.232456923
Iter time: 420.466719866
45      , -23443.5    , array([ 0.0575929  ,  0.551389   ,  4.55073    ,  1.44708    ,  19.6846    ,  13.7847    ,  0.0591274  ,  0.364267   ,  0.120548   ,  0.639984   ,  3.94458    ,  1.01003    ])
Iter time: 126.604882002
Iter time: 245.283625126
Iter time: 423.328094959
46      , -23410      , array([ 0.0573226  ,  0.550848   ,  4.56211    ,  1.44797    ,  19.6271    ,  13.8423    ,  0.0611725  ,  0.364489   ,  0.120128   ,  0.639513   ,  3.93689    ,  1.01005    ])
Iter time: 125.505287886
Iter time: 243.528446913
Iter time: 419.893177032
47      , -23431.9    , array([ 0.0574576  ,  0.551119   ,  4.45716    ,  1.44752    ,  19.6558    ,  13.8135    ,  0.0576842  ,  0.364378   ,  0.120338   ,  0.639748   ,  3.94073    ,  1.01004    ])
Iter time: 126.686309099
Iter time: 245.610723972
Iter time: 423.601711035
48      , -23438.1    , array([ 0.057345   ,  0.550893   ,  4.53017    ,  1.44789    ,  19.6319    ,  13.8375    ,  0.0577567  ,  0.364471   ,  0.120163   ,  0.643715   ,  3.93753    ,  1.01005    ])
Iter time: 125.086990833
Iter time: 242.596395016
Iter time: 419.259799957
50      , -23476.3    , array([ 0.0577482  ,  0.551699   ,  4.5352     ,  1.44658    ,  19.8072    ,  13.7519    ,  0.0572415  ,  0.363661   ,  0.120789   ,  0.640575   ,  3.92238    ,  1.01002    ])
Iter time: 125.038526058
Iter time: 243.017410994
Iter time: 418.933692932
52      , -23473.9    , array([ 0.0577201  ,  0.551643   ,  4.53599    ,  1.44667    ,  19.4203    ,  13.7578    ,  0.0572292  ,  0.363627   ,  0.120745   ,  0.640539   ,  3.9495     ,  1.01003    ])
Iter time: 126.2353549
Iter time: 244.942038059
Iter time: 422.646224976
53      , -23430.2    , array([ 0.0572037  ,  0.55061    ,  4.52789    ,  1.4406     ,  19.6402    ,  13.8678    ,  0.0579608  ,  0.364796   ,  0.119944   ,  0.6407     ,  3.93896    ,  1.01006    ])
Iter time: 126.644737959
Iter time: 245.615983963
Iter time: 424.752690077
54      , -23432.2    , array([ 0.0570495  ,  0.5503     ,  4.52787    ,  1.44645    ,  19.6137    ,  13.901     ,  0.0580799  ,  0.364958   ,  0.119704   ,  0.640662   ,  3.93546    ,  1.00992    ])
Iter time: 127.041234016
Iter time: 246.811799765
Iter time: 425.298673868
55      , -23425.5    , array([ 0.0568701  ,  0.549939   ,  4.52784    ,  1.44664    ,  19.5829    ,  13.9399    ,  0.0582192  ,  0.365148   ,  0.119425   ,  0.640618   ,  3.93139    ,  1.01003    ])
Iter time: 127.334782839
Iter time: 247.485924006
Iter time: 426.521619081
56      , -23416.2    , array([ 0.0590619  ,  0.549517   ,  4.52781    ,  1.44686    ,  19.5469    ,  13.9853    ,  0.0583822  ,  0.365369   ,  0.1191     ,  0.640567   ,  3.92664    ,  1.01004    ])
Iter time: 127.963595867
Iter time: 248.218654871
Iter time: 428.181995869
57      , -23405.8    , array([ 0.0571485  ,  0.553798   ,  4.52777    ,  1.44712    ,  19.505     ,  14.0385    ,  0.0585729  ,  0.365628   ,  0.118722   ,  0.640507   ,  3.9211     ,  1.01004    ])
Iter time: 129.672926903
Iter time: 251.783195019
Iter time: 434.834465027
58      , -23373.4    , array([ 0.0566603  ,  0.556522   ,  4.52763    ,  1.44802    ,  19.3592    ,  14.2264    ,  0.0592452  ,  0.366533   ,  0.11741    ,  0.640297   ,  3.9018     ,  1.01007    ])
Iter time: 128.131696939
Iter time: 249.095609903
Iter time: 429.512310028
59      , -23389.9    , array([ 0.0573517  ,  0.551276   ,  4.51936    ,  1.4461     ,  19.4237    ,  14.0343    ,  0.0589195  ,  0.366271   ,  0.118752   ,  0.640812   ,  3.95524    ,  1.01003    ])
Iter time: 128.805577993
Iter time: 249.934358835
Iter time: 431.050009966
60      , -23378.9    , array([ 0.0573184  ,  0.55127    ,  4.51581    ,  1.44592    ,  19.8113    ,  14.0749    ,  0.0592187  ,  0.366747   ,  0.118466   ,  0.640893   ,  3.92903    ,  1.01003    ])
Iter time: 129.924247026
Iter time: 251.844606876
Iter time: 435.198513985
61      , -23380.3    , array([ 0.0567724  ,  0.550243   ,  4.52169    ,  1.44737    ,  19.4332    ,  14.234     ,  0.0595305  ,  0.367039   ,  0.121022   ,  0.6405     ,  3.91349    ,  1.01006    ])
Iter time: 129.881343842
Iter time: 252.113245964
Iter time: 435.093710184
62      , -23373.3    , array([ 0.0570828  ,  0.550952   ,  4.49811    ,  1.44594    ,  19.4863    ,  14.2112    ,  0.0604889  ,  0.362519   ,  0.118638   ,  0.641373   ,  3.92107    ,  1.01003    ])
Iter time: 132.407858849
Iter time: 257.033871889
Iter time: 443.60176897
63      , -23334.4    , array([ 0.0567912  ,  0.550657   ,  4.47362    ,  1.4455     ,  19.3799    ,  14.438     ,  0.0624285  ,  0.359726   ,  0.117636   ,  0.642001   ,  3.90827    ,  1.01003    ])
Iter time: 127.396502018
Iter time: 247.197049141
Iter time: 426.271718025
64      , -23355.5    , array([ 0.0564034  ,  0.549724   ,  4.50832    ,  1.44748    ,  19.3198    ,  13.9228    ,  0.0608723  ,  0.366159   ,  0.117315   ,  0.640743   ,  3.89942    ,  1.01007    ])
Iter time: 129.32891798
Iter time: 251.000406981
Iter time: 433.526391029
65      , -23355.6    , array([ 0.0570253  ,  0.551105   ,  4.50257    ,  1.44485    ,  19.4332    ,  14.2093    ,  0.06087    ,  0.36579    ,  0.118041   ,  0.637476   ,  3.91532    ,  1.01002    ])
Iter time: 129.890239954
Iter time: 251.740442038
Iter time: 434.174181938
66      , -23348      , array([ 0.0573167  ,  0.551834   ,  4.50065    ,  1.44601    ,  19.4212    ,  14.1962    ,  0.0610065  ,  0.36544    ,  0.118218   ,  0.639981   ,  3.91403    ,  1.01017    ])
Iter time: 131.573518038
Iter time: 255.212867022
Iter time: 440.371380091
67      , -23334.8    , array([ 0.0568863  ,  0.551133   ,  4.57946    ,  1.44469    ,  19.3409    ,  14.3513    ,  0.0620009  ,  0.3662     ,  0.117248   ,  0.640934   ,  3.90437    ,  1.01007    ])
Iter time: 131.604473114
Iter time: 255.313098907
Iter time: 441.194643021
68      , -23322.2    , array([ 0.0570859  ,  0.55173    ,  4.51644    ,  1.45233    ,  19.3068    ,  14.377     ,  0.062402   ,  0.366014   ,  0.117188   ,  0.640021   ,  3.90039    ,  1.01005    ])
Iter time: 134.196286917
Iter time: 260.834238052
Iter time: 449.66209507
69      , -23270.3    , array([ 0.0570271  ,  0.552291   ,  4.51072    ,  1.45823    ,  19.1422    ,  14.6386    ,  0.0647486  ,  0.366625   ,  0.115835   ,  0.639682   ,  3.88124    ,  1.01005    ])
Iter time: 132.068549156
Iter time: 256.23646903
Iter time: 442.636554956
70      , -23300.4    , array([ 0.0574471  ,  0.552796   ,  4.51364    ,  1.44818    ,  19.29      ,  14.4198    ,  0.0632354  ,  0.365907   ,  0.1171     ,  0.639947   ,  3.89955    ,  1.01008    ])
Iter time: 132.486505985
Iter time: 256.992518187
Iter time: 443.518095016
71      , -23289      , array([ 0.0550603  ,  0.553769   ,  4.51132    ,  1.44818    ,  19.2829    ,  14.4464    ,  0.0639037  ,  0.365775   ,  0.117089   ,  0.639895   ,  3.89976    ,  1.01008    ])
Iter time: 134.596863031
Iter time: 260.908480883
Iter time: 450.269101858
72      , -23276.9    , array([ 0.0563515  ,  0.552918   ,  4.46905    ,  1.44712    ,  19.1476    ,  14.6999    ,  0.0614345  ,  0.366874   ,  0.115592   ,  0.641013   ,  3.88347    ,  1.01007    ])
Iter time: 133.906915188
Iter time: 259.935823202
Iter time: 448.849854946
73      , -23276.6    , array([ 0.056158   ,  0.552764   ,  4.50291    ,  1.44915    ,  19.302     ,  14.6112    ,  0.0642295  ,  0.365189   ,  0.116406   ,  0.639747   ,  3.85367    ,  1.0101     ])
Iter time: 132.684667826
Iter time: 258.027307034
Iter time: 444.711016893
74      , -23268.5    , array([ 0.0566282  ,  0.554223   ,  4.49746    ,  1.44818    ,  19.2708    ,  14.4692    ,  0.0643802  ,  0.364118   ,  0.113486   ,  0.639933   ,  3.88479    ,  1.01008    ])
Iter time: 134.224279881
Iter time: 260.460096121
Iter time: 449.712269068
75      , -23212.6    , array([ 0.0565562  ,  0.556224   ,  4.4854     ,  1.44859    ,  19.19      ,  14.5882    ,  0.0669513  ,  0.362667   ,  0.109896   ,  0.639649   ,  3.87053    ,  1.01009    ])
Iter time: 135.259037018
Iter time: 262.732469082
Iter time: 453.434309006
76      , -23244      , array([ 0.0559638  ,  0.554016   ,  4.49826    ,  1.45008    ,  18.8029    ,  14.7204    ,  0.0660567  ,  0.363729   ,  0.114492   ,  0.639334   ,  3.85976    ,  1.01012    ])
Iter time: 134.897976875
Iter time: 261.737462997
Iter time: 451.745536804
77      , -23225      , array([ 0.0564973  ,  0.548375   ,  4.48165    ,  1.44832    ,  19.1487    ,  14.6468    ,  0.0672357  ,  0.363476   ,  0.115039   ,  0.639768   ,  3.87969    ,  1.01009    ])
Iter time: 136.116741896
Iter time: 264.304238081
Iter time: 456.075385094
78      , -23223.3    , array([ 0.0560486  ,  0.553307   ,  4.5031     ,  1.45208    ,  19.029     ,  14.7386    ,  0.0665349  ,  0.363829   ,  0.113933   ,  0.642984   ,  3.86041    ,  1.01015    ])
Iter time: 139.849023104
Iter time: 271.548199177
Iter time: 469.326968908
79      , -23205      , array([ 0.0566071  ,  0.555297   ,  4.49649    ,  1.4502     ,  19.0924    ,  15.1854    ,  0.067526   ,  0.363077   ,  0.114081   ,  0.640078   ,  3.86967    ,  1.01012    ])
Iter time: 146.757488012
Iter time: 285.093943119
Iter time: 492.18443799
80      , -23137.5    , array([ 0.0567091  ,  0.558105   ,  4.49059    ,  1.45156    ,  18.9797    ,  15.859     ,  0.0711208  ,  0.361545   ,  0.112498   ,  0.639746   ,  3.85488    ,  1.01014    ])
Iter time: 140.492413044
Iter time: 272.917124987
Iter time: 470.226104975
81      , -23175.3    , array([ 0.0556062  ,  0.554218   ,  4.50247    ,  1.4526     ,  18.92      ,  15.1704    ,  0.0691223  ,  0.363142   ,  0.112277   ,  0.640801   ,  3.84545    ,  1.01001    ])
Iter time: 140.011444092
Iter time: 271.601135015
Iter time: 468.644918919
82      , -23158.5    , array([ 0.0558148  ,  0.555438   ,  4.41249    ,  1.45525    ,  18.929     ,  15.1459    ,  0.0692574  ,  0.361883   ,  0.112392   ,  0.639826   ,  3.84521    ,  1.01011    ])
Iter time: 139.957336187
Iter time: 271.510969877
Iter time: 469.439539909
83      , -23132      , array([ 0.0557469  ,  0.556721   ,  4.50655    ,  1.45607    ,  18.817     ,  15.1756    ,  0.0699834  ,  0.368762   ,  0.111173   ,  0.638402   ,  3.83096    ,  1.01015    ])
Iter time: 144.151114941
Iter time: 279.162535906
Iter time: 481.851868153
84      , -23038.1    , array([ 0.055232   ,  0.559778   ,  4.5231     ,  1.46139    ,  18.5417    ,  15.5584    ,  0.074097   ,  0.373365   ,  0.108076   ,  0.63661    ,  3.79288    ,  1.01021    ])
Iter time: 142.436712027
Iter time: 276.153575897
Iter time: 477.119417906
85      , -23122.5    , array([ 0.0547504  ,  0.555727   ,  4.46815    ,  1.45557    ,  18.7804    ,  15.3884    ,  0.0709401  ,  0.363754   ,  0.110198   ,  0.639893   ,  3.82183    ,  1.01013    ])
Iter time: 143.563918114
Iter time: 279.439002037
Iter time: 483.173290968
86      , -23107      , array([ 0.0570701  ,  0.555078   ,  4.46329    ,  1.45681    ,  18.7048    ,  15.5226    ,  0.071431   ,  0.363549   ,  0.109101   ,  0.639944   ,  3.80878    ,  1.01013    ])
Iter time: 143.085893869
Iter time: 278.202719927
Iter time: 479.653023005
87      , -23083      , array([ 0.0558803  ,  0.556293   ,  4.50454    ,  1.4595     ,  18.7637    ,  15.394     ,  0.0761926  ,  0.361911   ,  0.109455   ,  0.63865    ,  3.8124     ,  1.01015    ])
Iter time: 145.254346132
Iter time: 282.320101023
Iter time: 488.005045176
88      , -23058.3    , array([ 0.0560266  ,  0.557039   ,  4.47093    ,  1.45919    ,  18.5261    ,  15.6227    ,  0.0749815  ,  0.363034   ,  0.107579   ,  0.639731   ,  3.83499    ,  1.01013    ])
Iter time: 146.873427153
Iter time: 284.888022184
Iter time: 491.999963999
89      , -23027.5    , array([ 0.0550102  ,  0.558312   ,  4.45661    ,  1.45026    ,  18.5792    ,  15.7635    ,  0.0762217  ,  0.361021   ,  0.106786   ,  0.639804   ,  3.80015    ,  1.0102     ])
Iter time: 153.754263878
Iter time: 299.497818947
Iter time: 515.502731085
90      , -22913.1    , array([ 0.0540286  ,  0.561347   ,  4.4298     ,  1.44628    ,  18.3039    ,  16.358     ,  0.0826994  ,  0.358251   ,  0.10253    ,  0.639866   ,  3.76024    ,  1.01027    ])
Iter time: 148.924808025
Iter time: 289.387258053
Iter time: 498.989529133
91      , -23000.2    , array([ 0.0557275  ,  0.557794   ,  4.45754    ,  1.45777    ,  18.8298    ,  15.9539    ,  0.0775632  ,  0.362975   ,  0.106069   ,  0.640242   ,  3.80469    ,  1.01015    ])
Iter time: 151.689541101
Iter time: 294.769919872
Iter time: 507.631134987
92      , -22986.6    , array([ 0.0550752  ,  0.565133   ,  4.47004    ,  1.46113    ,  18.4381    ,  16.2643    ,  0.0780398  ,  0.363144   ,  0.104146   ,  0.639886   ,  3.77285    ,  1.01019    ])
Iter time: 153.885500193
Iter time: 297.457123995
Iter time: 514.401393175
93      , -22945.7    , array([ 0.0553543  ,  0.562074   ,  4.44329    ,  1.45885    ,  18.4568    ,  16.4304    ,  0.0809861  ,  0.362678   ,  0.103595   ,  0.636173   ,  3.77723    ,  1.01014    ])
Iter time: 158.852821827
Iter time: 308.367684841
Iter time: 532.411965132
94      , -22917.9    , array([ 0.0546614  ,  0.560102   ,  4.45382    ,  1.46409    ,  18.1834    ,  16.9321    ,  0.0830761  ,  0.363842   ,  0.106349   ,  0.638909   ,  3.75207    ,  1.0102     ])
Iter time: 155.254016876
Iter time: 301.498790979
Iter time: 521.910122156
95      , -22905.3    , array([ 0.0554367  ,  0.56312    ,  4.42891    ,  1.46197    ,  18.3213    ,  16.5832    ,  0.0829711  ,  0.363483   ,  0.103157   ,  0.637447   ,  3.7611     ,  1.01031    ])
Iter time: 163.918761969
Iter time: 317.780433893
Iter time: 548.786218166
96      , -22775      , array([ 0.0553521  ,  0.567625   ,  4.39258    ,  1.46667    ,  18.0291    ,  17.3382    ,  0.0909035  ,  0.363653   ,  0.0988784  ,  0.635776   ,  3.71962    ,  1.01046    ])
Iter time: 159.913071871
Iter time: 310.535181999
Iter time: 536.064476967
97      , -22861.2    , array([ 0.055153   ,  0.563919   ,  4.51581    ,  1.46121    ,  18.1645    ,  16.9886    ,  0.0866492  ,  0.365044   ,  0.100874   ,  0.637743   ,  3.74057    ,  1.01027    ])
Iter time: 154.43509388
Iter time: 300.042062998
Iter time: 518.048440933
98      , -22829.7    , array([ 0.054032   ,  0.562194   ,  4.44142    ,  1.46654    ,  17.9839    ,  16.4117    ,  0.0872025  ,  0.365972   ,  0.0989642  ,  0.637489   ,  3.71252    ,  1.01026    ])
Iter time: 161.554738998
Iter time: 314.035736799
Iter time: 542.099241018
99      , -22798      , array([ 0.0558419  ,  0.56569    ,  4.45926    ,  1.46433    ,  18.044     ,  17.0961    ,  0.0904843  ,  0.364119   ,  0.0992345  ,  0.636943   ,  3.72656    ,  1.0103     ])
Iter time: 163.282963037
Iter time: 317.24447608
Iter time: 547.627987862
100     , -22761      , array([ 0.0533783  ,  0.568142   ,  4.46345    ,  1.46434    ,  18.0087    ,  17.2232    ,  0.0934744  ,  0.364419   ,  0.0986617  ,  0.636393   ,  3.72574    ,  1.01032    ])
Iter time: 174.723133087
Iter time: 339.225869894
Iter time: 585.784384012
101     , -22588.2    , array([ 0.0516229  ,  0.574789   ,  4.46352    ,  1.46812    ,  17.6704    ,  18.1422    ,  0.106929   ,  0.364854   ,  0.0938228  ,  0.634625   ,  3.6849     ,  1.01041    ])
Iter time: 169.379312038
Iter time: 328.559657812
Iter time: 567.154611111
102     , -22712.7    , array([ 0.0537996  ,  0.57       ,  4.41584    ,  1.46307    ,  17.7734    ,  17.8491    ,  0.092725   ,  0.366563   ,  0.0958492  ,  0.637011   ,  3.70117    ,  1.01035    ])
Iter time: 171.20501399
Iter time: 332.494876862
Iter time: 574.511055946
103     , -22674.3    , array([ 0.0532976  ,  0.571423   ,  4.43984    ,  1.46404    ,  17.8773    ,  17.9828    ,  0.097618   ,  0.366018   ,  0.0956622  ,  0.635483   ,  3.65764    ,  1.0104     ])
Iter time: 178.318332911
Iter time: 346.277567148
Iter time: 597.304959059
104     , -22633.1    , array([ 0.053744   ,  0.570582   ,  4.37507    ,  1.46228    ,  17.754     ,  18.4982    ,  0.103428   ,  0.354714   ,  0.0933057  ,  0.638411   ,  3.67594    ,  1.01036    ])
Iter time: 177.271368027
Iter time: 343.959057093
Iter time: 594.161709785
105     , -22610.4    , array([ 0.0529454  ,  0.574778   ,  4.42562    ,  1.46666    ,  17.3118    ,  18.49      ,  0.10366    ,  0.36347    ,  0.0930609  ,  0.634487   ,  3.64357    ,  1.01045    ])
Iter time: 178.456181049
Iter time: 346.525810957
Iter time: 598.386170149
106     , -22555      , array([ 0.0532214  ,  0.568916   ,  4.40591    ,  1.46421    ,  17.4948    ,  18.5291    ,  0.10802    ,  0.363355   ,  0.0930177  ,  0.633943   ,  3.65302    ,  1.01046    ])
Iter time: 194.352609158
Iter time: 378.655001879
Iter time: 652.089953899
107     , -22333      , array([ 0.052318   ,  0.570816   ,  4.37419    ,  1.46575    ,  17.0414    ,  19.7772    ,  0.127085   ,  0.36346    ,  0.0879077  ,  0.630993   ,  3.59454    ,  1.01059    ])
Iter time: 183.793343067
Iter time: 357.275316954
Iter time: 616.407866955
108     , -22497.2    , array([ 0.0524576  ,  0.573485   ,  4.42086    ,  1.46764    ,  17.2462    ,  18.9174    ,  0.112207   ,  0.363953   ,  0.0909883  ,  0.636775   ,  3.61877    ,  1.01058    ])
Iter time: 181.685945034
Iter time: 352.942093134
Iter time: 609.327654839
109     , -22453.7    , array([ 0.0527594  ,  0.577774   ,  4.40496    ,  1.46299    ,  17.3518    ,  18.6991    ,  0.115004   ,  0.362807   ,  0.0863575  ,  0.633694   ,  3.62114    ,  1.01059    ])
Iter time: 193.265935183
Iter time: 375.743238926
Iter time: 649.056682825
110     , -22386.6    , array([ 0.0531663  ,  0.579271   ,  4.4247     ,  1.48383    ,  17.0847    ,  19.7918    ,  0.122055   ,  0.369246   ,  0.0870479  ,  0.631726   ,  3.59064    ,  1.01057    ])
Iter time: 191.641436815
Iter time: 373.329060078
Iter time: 643.611422062
111     , -22352.6    , array([ 0.0517649  ,  0.579216   ,  4.3257     ,  1.47245    ,  17.0409    ,  19.5485    ,  0.123337   ,  0.363066   ,  0.0863291  ,  0.632828   ,  3.58499    ,  1.01061    ])
Iter time: 165.928866863
Iter time: 321.976500034
Iter time: 554.968635082
113     , -22698.7    , array([ 0.0536353  ,  0.567541   ,  4.42569    ,  1.46692    ,  17.7479    ,  17.4204    ,  0.0963279  ,  0.36489    ,  0.0955546  ,  0.636189   ,  3.68178    ,  1.01037    ])
Iter time: 169.634469032
Iter time: 329.390079975
Iter time: 568.986814022
115     , -22679.7    , array([ 0.0544347  ,  0.56938    ,  4.43318    ,  1.46592    ,  17.7653    ,  17.7939    ,  0.09838    ,  0.363997   ,  0.0955345  ,  0.635886   ,  3.68688    ,  1.01039    ])
Iter time: 196.128798008
Iter time: 381.221194029
Iter time: 657.549020052
116     , -22326.6    , array([ 0.0507271  ,  0.578915   ,  4.42874    ,  1.46825    ,  16.9269    ,  19.8685    ,  0.127533   ,  0.364157   ,  0.0850598  ,  0.633903   ,  3.57177    ,  1.01049    ])
Iter time: 194.414315939
Iter time: 378.206626177
Iter time: 653.358971119
118     , -22314.8    , array([ 0.051682   ,  0.577996   ,  4.40756    ,  1.47273    ,  17.0314    ,  19.6475    ,  0.131849   ,  0.36087    ,  0.0860187  ,  0.632158   ,  3.56835    ,  1.01062    ])
Iter time: 174.587190151
Iter time: 338.452130079
Iter time: 584.75227499
121     , -22594      , array([ 0.0530987  ,  0.571188   ,  4.41793    ,  1.46765    ,  17.5422    ,  18.1526    ,  0.104562   ,  0.364129   ,  0.0927403  ,  0.635216   ,  3.65312    ,  1.01044    ])
Iter time: 176.622182131
Iter time: 343.057977915
Iter time: 592.109712839
123     , -22580.7    , array([ 0.0534375  ,  0.572188   ,  4.42103    ,  1.46722    ,  17.5415    ,  18.3614    ,  0.105939   ,  0.363689   ,  0.092616   ,  0.635036   ,  3.65425    ,  1.01045    ])
Iter time: 177.535548925
Iter time: 346.240527868
Iter time: 593.451457977
125     , -22574.4    , array([ 0.0528822  ,  0.573245   ,  4.42357    ,  1.46641    ,  17.5828    ,  18.4746    ,  0.105888   ,  0.3646     ,  0.092553   ,  0.634817   ,  3.63959    ,  1.01046    ])
Iter time: 191.233541012
Iter time: 371.47031498
Iter time: 642.056812048
126     , -22301      , array([ 0.0510886  ,  0.580051   ,  4.44806    ,  1.47602    ,  16.8172    ,  19.4699    ,  0.128053   ,  0.373572   ,  0.0858195  ,  0.629327   ,  3.56221    ,  1.01069    ])
Iter time: 199.05655694
Iter time: 386.109822035
Iter time: 668.586291075
127     , -22133.8    , array([ 0.0498105  ,  0.584845   ,  4.48501    ,  1.48294    ,  16.3676    ,  19.9747    ,  0.142484   ,  0.383373   ,  0.0823048  ,  0.624834   ,  3.50666    ,  1.01085    ])
Iter time: 195.990250826
Iter time: 381.471320868
Iter time: 658.218810081
128     , -22241.7    , array([ 0.0513343  ,  0.577486   ,  4.40703    ,  1.47433    ,  17.0863    ,  19.7309    ,  0.134722   ,  0.367826   ,  0.0843017  ,  0.631604   ,  3.57099    ,  1.01066    ])
Iter time: 182.089890957
Iter time: 352.129776955
Iter time: 607.900422096
130     , -22496.2    , array([ 0.0525399  ,  0.573916   ,  4.41667    ,  1.46935    ,  17.3505    ,  18.6852    ,  0.112341   ,  0.365038   ,  0.0902732  ,  0.633978   ,  3.6266     ,  1.0105     ])
Iter time: 182.393261909
Iter time: 352.484714985
Iter time: 608.746913195
132     , -22490      , array([ 0.0518427  ,  0.575686   ,  4.43745    ,  1.46963    ,  17.4006    ,  18.7029    ,  0.113839   ,  0.365409   ,  0.0906527  ,  0.633656   ,  3.63992    ,  1.0105     ])
Iter time: 182.745822906
Iter time: 354.943779945
Iter time: 613.182281971
134     , -22483.3    , array([ 0.0526794  ,  0.574528   ,  4.41696    ,  1.46928    ,  17.3312    ,  18.83      ,  0.11365    ,  0.364897   ,  0.0899874  ,  0.633804   ,  3.62416    ,  1.01052    ])
Iter time: 183.357975006
Iter time: 356.232342958
Iter time: 615.284327984
136     , -22475.6    , array([ 0.0523966  ,  0.575112   ,  4.41795    ,  1.469      ,  17.3412    ,  18.9029    ,  0.113959   ,  0.365366   ,  0.0898515  ,  0.633652   ,  3.61624    ,  1.01052    ])
Iter time: 196.03982687
Iter time: 380.972958088
Iter time: 655.800980806
137     , -22249.7    , array([ 0.0513689  ,  0.580778   ,  4.40335    ,  1.47577    ,  16.9761    ,  19.772     ,  0.134399   ,  0.368565   ,  0.0834499  ,  0.62772    ,  3.56707    ,  1.01058    ])
Iter time: 185.8781178
Iter time: 360.787248135
Iter time: 622.823260784
139     , -22426.1    , array([ 0.0521752  ,  0.575801   ,  4.41383    ,  1.47079    ,  17.2145    ,  19.0546    ,  0.118336   ,  0.365791   ,  0.0884016  ,  0.632842   ,  3.60719    ,  1.01055    ])
Iter time: 186.022063971
Iter time: 361.832035065
Iter time: 624.670293093
141     , -22419.2    , array([ 0.0518416  ,  0.576693   ,  4.42321    ,  1.47098    ,  17.2316    ,  19.0784    ,  0.119315   ,  0.365993   ,  0.0884944  ,  0.632648   ,  3.61244    ,  1.01055    ])
Iter time: 187.10402894
Iter time: 364.103126049
Iter time: 628.303483963
143     , -22413.5    , array([ 0.0522234  ,  0.576203   ,  4.41325    ,  1.47088    ,  17.1931    ,  19.1536    ,  0.119458   ,  0.365782   ,  0.0881077  ,  0.632674   ,  3.60413    ,  1.01056    ])
Iter time: 187.338604212
Iter time: 364.172052145
Iter time: 628.830362082
145     , -22407      , array([ 0.0520759  ,  0.576541   ,  4.41355    ,  1.47081    ,  17.1919    ,  19.2012    ,  0.119855   ,  0.366034   ,  0.0879693  ,  0.632557   ,  3.59969    ,  1.01056    ])
Iter time: 186.855072021
Iter time: 362.948771954
Iter time: 627.666438103
147     , -22394.3    , array([ 0.0522275  ,  0.577823   ,  4.40741    ,  1.46813    ,  17.1905    ,  19.1185    ,  0.120611   ,  0.364885   ,  0.0863083  ,  0.632531   ,  3.60123    ,  1.01059    ])
Iter time: 188.927258015
Iter time: 367.162078142
Iter time: 635.289544106
149     , -22377.5    , array([ 0.0519396  ,  0.57692    ,  4.41158    ,  1.47192    ,  17.1214    ,  19.3021    ,  0.122443   ,  0.366344   ,  0.0872367  ,  0.632092   ,  3.59404    ,  1.01057    ])
Iter time: 189.294948816
Iter time: 367.798573971
Iter time: 634.91553998
151     , -22373.5    , array([ 0.0517774  ,  0.577376   ,  4.41578    ,  1.47206    ,  17.1253    ,  19.3235    ,  0.123081   ,  0.36646    ,  0.0872304  ,  0.631972   ,  3.59589    ,  1.01058    ])
Iter time: 189.862509966
Iter time: 369.214760065
Iter time: 636.638924837
153     , -22369.4    , array([ 0.0519492  ,  0.577179   ,  4.41091    ,  1.47206    ,  17.1033    ,  19.3686    ,  0.123308   ,  0.366382   ,  0.0870033  ,  0.631956   ,  3.59141    ,  1.01058    ])
Iter time: 190.261153936
Iter time: 369.588255882
Iter time: 641.493206978
155     , -22363.4    , array([ 0.0518705  ,  0.577375   ,  4.41095    ,  1.47208    ,  17.0991    ,  19.3997    ,  0.123659   ,  0.366523   ,  0.086895   ,  0.631872   ,  3.58885    ,  1.01058    ])
Iter time: 190.404833078
Iter time: 369.92379117
Iter time: 639.356856108
157     , -22356.9    , array([ 0.0519311  ,  0.577998   ,  4.40803    ,  1.4709     ,  17.0946    ,  19.3697    ,  0.124177   ,  0.366016   ,  0.0860951  ,  0.631832   ,  3.58911    ,  1.0106     ])
Iter time: 192.308737993
Iter time: 374.168130159
Iter time: 645.985691071
158     , -22245.2    , array([ 0.0499544  ,  0.576865   ,  4.38991    ,  1.46145    ,  16.9157    ,  19.3882    ,  0.134304   ,  0.364533   ,  0.0845771  ,  0.63056    ,  3.5632     ,  1.01065    ])
Iter time: 197.516387939
Iter time: 384.101238966
Iter time: 666.719300032
159     , -22230.8    , array([ 0.0508031  ,  0.579208   ,  4.39935    ,  1.47152    ,  16.8455    ,  19.8949    ,  0.135958   ,  0.367117   ,  0.0839596  ,  0.629939   ,  3.55472    ,  1.01066    ])
Iter time: 198.617575884
Iter time: 385.83885479
Iter time: 666.980484009
160     , -22211.7    , array([ 0.0508011  ,  0.579056   ,  4.39243    ,  1.47129    ,  16.7955    ,  19.9696    ,  0.137515   ,  0.36711    ,  0.0834325  ,  0.629721   ,  3.54608    ,  1.01067    ])
Iter time: 192.279803991
Iter time: 373.397955179
Iter time: 646.014016867
162     , -22325.2    , array([ 0.051569   ,  0.577775   ,  4.40673    ,  1.47183    ,  17.0184    ,  19.5306    ,  0.127234   ,  0.366614   ,  0.0860024  ,  0.631307   ,  3.57924    ,  1.01061    ])
Iter time: 192.441056013
Iter time: 373.988070965
Iter time: 648.920569897
164     , -22320      , array([ 0.0515174  ,  0.57789    ,  4.40657    ,  1.47183    ,  17.013     ,  19.5518    ,  0.127567   ,  0.366688   ,  0.0859118  ,  0.631242   ,  3.57757    ,  1.01061    ])
Iter time: 192.753280878
Iter time: 374.144894123
Iter time: 839.857057095
166     , -22315.7    , array([ 0.0515303  ,  0.578197   ,  4.40505    ,  1.47128    ,  17.0073    ,  19.5442    ,  0.127977   ,  0.366462   ,  0.0855079  ,  0.631197   ,  3.57722    ,  1.01062    ])
Iter time: 198.526772022
Iter time: 386.044450045
Iter time: 821.710956812
167     , -22187      , array([ 0.0504697  ,  0.577407   ,  4.49339    ,  1.4707     ,  16.7955    ,  19.893     ,  0.141914   ,  0.371369   ,  0.0834102  ,  0.628036   ,  3.54457    ,  1.01066    ])
Iter time: 361.659643888
Iter time: 381.684854984
Iter time: 659.994573832
168     , -22184.5    , array([ 0.0496378  ,  0.587026   ,  4.46354    ,  1.47825    ,  16.7543    ,  19.6821    ,  0.140285   ,  0.372299   ,  0.0811986  ,  0.62937    ,  3.52691    ,  1.01069    ])
Iter time: 195.923936129
Iter time: 379.636855841
Iter time: 654.987497091
169     , -22164.6    , array([ 0.0510096  ,  0.580158   ,  4.41431    ,  1.4774     ,  16.8389    ,  19.561     ,  0.142031   ,  0.372959   ,  0.08327    ,  0.625732   ,  3.54193    ,  1.01082    ])
Iter time: 199.810405016
Iter time: 387.702610016
Iter time: 669.922810078
170     , -22140.3    , array([ 0.0500858  ,  0.581701   ,  4.43763    ,  1.47473    ,  16.7187    ,  19.9045    ,  0.144999   ,  0.37152    ,  0.0819153  ,  0.627377   ,  3.52836    ,  1.01074    ])
Iter time: 201.16003108
Iter time: 390.133991003
Iter time: 672.344614029
171     , -22112.1    , array([ 0.049901   ,  0.582223   ,  4.44299    ,  1.47522    ,  16.6756    ,  19.9423    ,  0.147741   ,  0.372257   ,  0.0813532  ,  0.626799   ,  3.52188    ,  1.01076    ])
Iter time: 194.729038
Iter time: 378.179998875
Iter time: 653.320439816
174     , -22259      , array([ 0.0510465  ,  0.579291   ,  4.41647    ,  1.47257    ,  16.9113    ,  19.6614    ,  0.133344   ,  0.3682     ,  0.084374   ,  0.629923   ,  3.56107    ,  1.01066    ])
Iter time: 199.509735107
Iter time: 388.702157021
Iter time: 669.097794056
175     , -22079.5    , array([ 0.0493745  ,  0.583007   ,  4.44985    ,  1.47494    ,  16.5833    ,  19.9142    ,  0.146681   ,  0.380521   ,  0.0803216  ,  0.624793   ,  3.52062    ,  1.01078    ])
Iter time: 199.943677187
Iter time: 388.852750063
Iter time: 671.576435089
177     , -22104.2    , array([ 0.0497125  ,  0.582324   ,  4.44645    ,  1.47551    ,  16.6467    ,  19.9426    ,  0.147359   ,  0.374998   ,  0.0812182  ,  0.626157   ,  3.5211     ,  1.01076    ])
Iter time: 359.124206066
Iter time: 538.932630062
Iter time: 674.938325167
178     , -22089.3    , array([ 0.0491313  ,  0.581091   ,  4.46694    ,  1.47226    ,  16.529     ,  19.8594    ,  0.148463   ,  0.375709   ,  0.0817475  ,  0.628093   ,  3.50758    ,  1.01087    ])
Iter time: 195.462373018
Iter time: 396.937278032
Iter time: 656.390605927
180     , -22201.2    , array([ 0.0500612  ,  0.579072   ,  4.41561    ,  1.46817    ,  16.817     ,  19.6204    ,  0.138313   ,  0.36877    ,  0.0834614  ,  0.629129   ,  3.54785    ,  1.0107     ])
Iter time: 200.450643063
Iter time: 390.279047012
Iter time: 673.639260054
181     , -22062.3    , array([ 0.0488237  ,  0.585383   ,  4.47761    ,  1.47449    ,  16.316     ,  19.9619    ,  0.151263   ,  0.378525   ,  0.0803296  ,  0.623415   ,  3.49077    ,  1.01084    ])
Iter time: 199.392034054
Iter time: 388.234843016
Iter time: 670.428366899
183     , -22047.3    , array([ 0.0490086  ,  0.584675   ,  4.49864    ,  1.4778     ,  16.4613    ,  19.8085    ,  0.152577   ,  0.381196   ,  0.080065   ,  0.623978   ,  3.49616    ,  1.01086    ])
Iter time: 200.709369898
Iter time: 390.32040596
Iter time: 673.913505077
184     , -21954.2    , array([ 0.0481352  ,  0.587427   ,  4.54913    ,  1.48095    ,  16.2725    ,  19.7655    ,  0.161634   ,  0.388436   ,  0.0781859  ,  0.621019   ,  3.46724    ,  1.01097    ])
Iter time: 198.797981024
Iter time: 386.475852966
Iter time: 667.393759966
185     , -22023.8    , array([ 0.0485721  ,  0.586229   ,  4.53213    ,  1.47964    ,  16.4236    ,  19.7007    ,  0.154968   ,  0.384807   ,  0.0797034  ,  0.622749   ,  3.49157    ,  1.0109     ])
Iter time: 197.253546
Iter time: 383.697054148
Iter time: 662.219247818
187     , -22150.9    , array([ 0.0498046  ,  0.581146   ,  4.44343    ,  1.47229    ,  16.6959    ,  19.7306    ,  0.14277    ,  0.372956   ,  0.0823402  ,  0.627409   ,  3.5309     ,  1.01075    ])
Iter time: 199.874699116
Iter time: 394.633671999
Iter time: 669.324980021
188     , -22014.4    , array([ 0.0485381  ,  0.589742   ,  4.44128    ,  1.48242    ,  16.3427    ,  19.7629    ,  0.15319    ,  0.383375   ,  0.0789448  ,  0.623256   ,  3.48152    ,  1.01096    ])
Iter time: 201.934702873
Iter time: 392.428615093
Iter time: 677.485795021
189     , -21986.5    , array([ 0.0491678  ,  0.580524   ,  4.46726    ,  1.47554    ,  16.3151    ,  19.9884    ,  0.157259   ,  0.38429    ,  0.0807154  ,  0.620923   ,  3.4914     ,  1.01098    ])
Iter time: 197.30269599
Iter time: 383.378126144
Iter time: 663.395359039
191     , -22117.3    , array([ 0.0501226  ,  0.581975   ,  4.44199    ,  1.47707    ,  16.6634    ,  19.7151    ,  0.145862   ,  0.376062   ,  0.0819986  ,  0.625231   ,  3.52337    ,  1.01084    ])
Iter time: 198.854347944
Iter time: 386.269910812
Iter time: 666.473506927
193     , -22110.2    , array([ 0.0495402  ,  0.582505   ,  4.45655    ,  1.47471    ,  16.5912    ,  19.7997    ,  0.146371   ,  0.376191   ,  0.0815255  ,  0.625978   ,  3.51757    ,  1.0108     ])
Iter time: 199.619184971
Iter time: 388.37677002
Iter time: 673.670881033
194     , -21992.1    , array([ 0.0483932  ,  0.586174   ,  4.50523    ,  1.47954    ,  16.2379    ,  19.8163    ,  0.155549   ,  0.388364   ,  0.0794764  ,  0.621504   ,  3.4786     ,  1.01098    ])
Iter time: 200.861791134
Iter time: 390.43453908
Iter time: 676.541204929
195     , -21973      , array([ 0.0484271  ,  0.583244   ,  4.46099    ,  1.47079    ,  16.5643    ,  19.7205    ,  0.160626   ,  0.377169   ,  0.0786407  ,  0.623478   ,  3.49544    ,  1.01089    ])
Iter time: 203.270959854
Iter time: 395.136363983
Iter time: 681.614688873
196     , -21965.5    , array([ 0.0478503  ,  0.586333   ,  4.50739    ,  1.47559    ,  16.2541    ,  19.9811    ,  0.159448   ,  0.384691   ,  0.0783861  ,  0.62279    ,  3.47426    ,  1.01091    ])
Iter time: 200.517031193
Iter time: 389.164398193
Iter time: 671.863123894
197     , -21946.7    , array([ 0.0477279  ,  0.58677    ,  4.5172     ,  1.47751    ,  16.1731    ,  19.7599    ,  0.159433   ,  0.390757   ,  0.0785203  ,  0.620568   ,  3.46785    ,  1.01101    ])
Iter time: 199.718271017
Iter time: 388.733149052
Iter time: 671.222508907
198     , -21863.6    , array([ 0.046677   ,  0.589057   ,  4.55477    ,  1.47865    ,  15.9275    ,  19.6693    ,  0.165621   ,  0.40035    ,  0.0771411  ,  0.617476   ,  3.44116    ,  1.01114    ])
Iter time: 201.990454912
Iter time: 393.206118822
Iter time: 679.074032068
199     , -21907.1    , array([ 0.0476008  ,  0.587581   ,  4.51984    ,  1.47867    ,  16.1451    ,  19.8802    ,  0.164274   ,  0.390702   ,  0.0776358  ,  0.619968   ,  3.45941    ,  1.01103    ])
Iter time: 200.846992016
Iter time: 390.437995911
Iter time: 674.21757412
200     , -21880.9    , array([ 0.0470939  ,  0.588645   ,  4.54249    ,  1.4784     ,  16.0094    ,  19.7275    ,  0.166155   ,  0.394634   ,  0.0773458  ,  0.618766   ,  3.44578    ,  1.01111    ])
Iter time: 201.245707989
Iter time: 390.645441055
Iter time: 675.177434921
201     , -21860.6    , array([ 0.0473158  ,  0.591166   ,  4.53431    ,  1.48268    ,  16.0378    ,  19.7881    ,  0.168043   ,  0.397127   ,  0.0761393  ,  0.615322   ,  3.44883    ,  1.01105    ])
Iter time: 201.770252943
Iter time: 394.441016912
Iter time: 678.661688089
202     , -21745.4    , array([ 0.0464333  ,  0.596269   ,  4.56837    ,  1.48792    ,  15.7977    ,  19.7525    ,  0.17878    ,  0.40829    ,  0.0734812  ,  0.609034   ,  3.41982    ,  1.01114    ])
Iter time: 202.835094929
Iter time: 393.841822863
Iter time: 679.679147959
203     , -21811.4    , array([ 0.0466033  ,  0.591435   ,  4.57172    ,  1.48215    ,  15.8565    ,  19.7069    ,  0.175787   ,  0.396735   ,  0.07635    ,  0.615944   ,  3.41946    ,  1.01119    ])
Iter time: 202.455802917
Iter time: 392.133990049
Iter time: 676.708647966
204     , -21788.6    , array([ 0.0467648  ,  0.590046   ,  4.55914    ,  1.48389    ,  16.0398    ,  19.6177    ,  0.174785   ,  0.401963   ,  0.0756985  ,  0.616066   ,  3.43686    ,  1.0112     ])
Iter time: 203.638315916
Iter time: 395.753430128
Iter time: 684.464143038
205     , -21788      , array([ 0.0467109  ,  0.589832   ,  4.50877    ,  1.47944    ,  15.872     ,  19.8638    ,  0.174063   ,  0.398286   ,  0.0756406  ,  0.615617   ,  3.42704    ,  1.01118    ])
Iter time: 204.485588074
Iter time: 399.182053089
Iter time: 684.876678944
206     , -21757.9    , array([ 0.0464456  ,  0.586333   ,  4.61257    ,  1.47616    ,  15.8731    ,  19.8181    ,  0.179872   ,  0.402324   ,  0.0758252  ,  0.613854   ,  3.42791    ,  1.01115    ])
Iter time: 204.354768038
Iter time: 397.249927044
Iter time: 685.957804918
207     , -21742.6    , array([ 0.0462669  ,  0.589928   ,  4.56498    ,  1.47847    ,  15.9151    ,  19.7649    ,  0.181486   ,  0.399499   ,  0.0747299  ,  0.614314   ,  3.4224     ,  1.01117    ])
Iter time: 209.076887131
Iter time: 403.400761843
Iter time: 698.55062604
208     , -21612.8    , array([ 0.045239   ,  0.591815   ,  4.59515    ,  1.47793    ,  15.7562    ,  19.7393    ,  0.196034   ,  0.405186   ,  0.072464   ,  0.61075    ,  3.39464    ,  1.01127    ])
Iter time: 203.533401966
Iter time: 395.698331833
Iter time: 681.142753839
209     , -21688.4    , array([ 0.0449103  ,  0.597585   ,  4.62549    ,  1.48289    ,  15.7481    ,  19.5539    ,  0.186229   ,  0.407313   ,  0.0722721  ,  0.613198   ,  3.39392    ,  1.01121    ])
Iter time: 204.661505938
Iter time: 397.698340893
Iter time: 686.841740847
210     , -21657.9    , array([ 0.0450278  ,  0.597212   ,  4.66003    ,  1.48971    ,  15.3811    ,  19.7915    ,  0.186875   ,  0.420355   ,  0.073142   ,  0.608996   ,  3.37338    ,  1.01136    ])
Iter time: 202.862142086
Iter time: 394.759419918
Iter time: 680.417590857
211     , -21609.4    , array([ 0.0451112  ,  0.595888   ,  4.63773    ,  1.48722    ,  15.5311    ,  19.5024    ,  0.193302   ,  0.418272   ,  0.0725376  ,  0.607396   ,  3.37733    ,  1.01141    ])
Iter time: 204.027220011
Iter time: 395.473662138
Iter time: 682.870047092
212     , -21425.4    , array([ 0.043801   ,  0.600723   ,  4.7043     ,  1.49306    ,  15.1817    ,  19.2674    ,  0.212837   ,  0.436147   ,  0.0697791  ,  0.599843   ,  3.32989    ,  1.01166    ])
Iter time: 205.766190052
Iter time: 399.850219011
Iter time: 689.429049015
213     , -21532.3    , array([ 0.0441445  ,  0.597001   ,  4.62094    ,  1.48385    ,  15.3351    ,  19.6314    ,  0.199638   ,  0.422315   ,  0.0713575  ,  0.605617   ,  3.36145    ,  1.01147    ])
Iter time: 204.315457106
Iter time: 396.656410933
Iter time: 685.914476871
214     , -21517.3    , array([ 0.0440827  ,  0.598428   ,  4.66806    ,  1.487      ,  15.3241    ,  19.4772    ,  0.202918   ,  0.425345   ,  0.0708602  ,  0.60428    ,  3.35296    ,  1.01149    ])
Iter time: 206.118898869
Iter time: 400.657112122
Iter time: 692.044827938
215     , -21481.6    , array([ 0.0440692  ,  0.59899    ,  4.66594    ,  1.48871    ,  15.3416    ,  19.5863    ,  0.207416   ,  0.426401   ,  0.0700954  ,  0.603068   ,  3.35093    ,  1.01147    ])
Iter time: 208.587257147
Iter time: 405.177239895
Iter time: 704.809101105
216     , -21430.7    , array([ 0.0440388  ,  0.600241   ,  4.6721     ,  1.49014    ,  15.3245    ,  19.6305    ,  0.216037   ,  0.424753   ,  0.0691683  ,  0.601955   ,  3.34061    ,  1.0115     ])
Iter time: 206.50247407
Iter time: 401.248139858
Iter time: 693.325941086
217     , -21427.8    , array([ 0.0436944  ,  0.599303   ,  4.67166    ,  1.48795    ,  15.3058    ,  19.5803    ,  0.210659   ,  0.433525   ,  0.0687439  ,  0.601146   ,  3.34876    ,  1.01149    ])
Iter time: 208.758991957
Iter time: 405.83325696
Iter time: 700.996831894
218     , -21386.3    , array([ 0.0430534  ,  0.602274   ,  4.70362    ,  1.48688    ,  15.0133    ,  19.6631    ,  0.218562   ,  0.433312   ,  0.0682307  ,  0.598576   ,  3.31742    ,  1.01154    ])
Iter time: 213.525484085
Iter time: 414.96232605
Iter time: 715.670629025
219     , -21176.1    , array([ 0.0413096  ,  0.608483   ,  4.77757    ,  1.48838    ,  14.5249    ,  19.6859    ,  0.244406   ,  0.449892   ,  0.0647777  ,  0.590017   ,  3.25927    ,  1.01171    ])
Iter time: 207.203207016
Iter time: 403.843379974
Iter time: 697.932355165
220     , -21281.5    , array([ 0.0422292  ,  0.605627   ,  4.8023     ,  1.49286    ,  14.9493    ,  19.3903    ,  0.232242   ,  0.446283   ,  0.0665412  ,  0.594787   ,  3.29921    ,  1.01164    ])
Iter time: 208.329097033
Iter time: 404.650555134
Iter time: 699.153179884
221     , -21235.4    , array([ 0.0418021  ,  0.612538   ,  4.72587    ,  1.49898    ,  14.7998    ,  19.3646    ,  0.234521   ,  0.449506   ,  0.0649499  ,  0.593367   ,  3.2774     ,  1.01175    ])
Iter time: 212.045614004
Iter time: 412.920525074
Iter time: 710.874437094
222     , -21156.5    , array([ 0.0410874  ,  0.605039   ,  4.79862    ,  1.48897    ,  14.7095    ,  19.3647    ,  0.246869   ,  0.450095   ,  0.0656572  ,  0.595471   ,  3.26194    ,  1.01186    ])
