==========================================
SLURM_JOB_ID = 18981518
SLURM_NODELIST = c8-74
==========================================
Module slurm/17.11.5 loaded 
Module openmpi/3.0.1 loaded 
Module gcc/7.3.0 loaded 
Module python/2.7.6 loaded 
Module numpy/1.11.1 loaded 
Module dadi/1.7.0 loaded 
Module matplotlib/2.0 loaded 
Module scipy/0.18.0 loaded 
Beginning. Call:
/home/hemstrow/monarch/github/F-H_2018/DADI/demographic_models/run_3d_mods.py /home/hemstrow/monarch/github/F-H_2018/Data/dadi_inputs/ dadi_snps_10kgap.txt 1st_folded_optim_10kgap_snps_dadi_out.txt lgrowth_p2 10 [NAM,GUA,HAW] True 3 [0.1,0.1,0.5,1,5,5,.1,.1,.1,.1,2] [1,1,5,10,20,20,10,10,10,10,4] [1e-3,1e-3,1e-3,1e-3,0.01,0.01,0.01,0.01,0.01,0.01,1] [150,15,15] fmin

Ready to begin run. Parameters:

Model:
lgrowth_p2
Maxiters:
10
Pops:
['NAM', 'GUA', 'HAW']
Projection:
[150, 15, 15]
Number of segregating sites in projected sfs:
9454.98941724
Folding spectra:
True
Level of parm folding:
3
Optimizer:
fmin
p0:
[  1.60748591e-02   6.09973605e-01   1.03710650e+00   5.32351872e-01
   8.99975178e+00   1.98000000e+01   9.57289229e-02   1.57937740e-01
   1.21493360e-01   2.31776579e-02   1.01000000e+00]
Upper Bounds:
[1.0, 1.0, 5.0, 10.0, 20.0, 20.0, 10.0, 10.0, 10.0, 10.0, 4.0]
Lower Bounds:
[0.001, 0.001, 0.001, 0.001, 0.01, 0.01, 0.01, 0.01, 0.01, 0.01, 1.0]

Beginning optimization ************************************************
optimize_log_fmin.
Iter time: 150.367511988
Iter time: 286.055964947
Iter time: 490.244715929
1       , -24570.2    , array([ 0.0160749  ,  0.609974   ,  1.03711    ,  0.532352   ,  8.99975    ,  19.8       ,  0.0957289  ,  0.157938   ,  0.121493   ,  0.0231777  ,  1.01       ])
Iter time: 154.434627056
Iter time: 294.951528072
Iter time: 499.433061123
2       , -24570.5    , array([ 0.0130754  ,  0.609974   ,  1.03711    ,  0.532352   ,  8.99975    ,  19.8       ,  0.0957289  ,  0.157938   ,  0.121493   ,  0.0231777  ,  1.01       ])
Iter time: 149.803451061
Iter time: 294.516289949
Iter time: 498.526083946
3       , -24569.6    , array([ 0.0160749  ,  0.595082   ,  1.03711    ,  0.532352   ,  8.99975    ,  19.8       ,  0.0957289  ,  0.157938   ,  0.121493   ,  0.0231777  ,  1.01       ])
Iter time: 153.655112028
Iter time: 292.830546141
Iter time: 501.692028046
4       , -24570.8    , array([ 0.0160749  ,  0.609974   ,  1.039      ,  0.532352   ,  8.99975    ,  19.8       ,  0.0957289  ,  0.157938   ,  0.121493   ,  0.0231777  ,  1.01       ])
Iter time: 152.381194115
Iter time: 297.159620047
Iter time: 516.93800807
5       , -24563.4    , array([ 0.0160749  ,  0.609974   ,  1.03711    ,  0.515833   ,  8.99975    ,  19.8       ,  0.0957289  ,  0.157938   ,  0.121493   ,  0.0231777  ,  1.01       ])
Iter time: 155.362872124
Iter time: 292.362753868
Iter time: 494.85847187
6       , -24602      , array([ 0.0160749  ,  0.609974   ,  1.03711    ,  0.532352   ,  10.0448    ,  19.8       ,  0.0957289  ,  0.157938   ,  0.121493   ,  0.0231777  ,  1.01       ])
Iter time: 152.702595949
Iter time: 293.605279922
Iter time: 491.729871988
8       , -24986.6    , array([ 0.0160749  ,  0.609974   ,  1.03711    ,  0.532352   ,  8.99975    ,  19.8       ,  0.0851325  ,  0.157938   ,  0.121493   ,  0.0231777  ,  1.01       ])
Iter time: 148.443148136
Iter time: 289.406521082
Iter time: 498.71932888
9       , -24810.5    , array([ 0.0160749  ,  0.609974   ,  1.03711    ,  0.532352   ,  8.99975    ,  19.8       ,  0.0957289  ,  0.144016   ,  0.121493   ,  0.0231777  ,  1.01       ])
Iter time: 152.22734189
Iter time: 290.789255142
Iter time: 490.972334862
10      , -24623.7    , array([ 0.0160749  ,  0.609974   ,  1.03711    ,  0.532352   ,  8.99975    ,  19.8       ,  0.0957289  ,  0.157938   ,  0.10934    ,  0.0231777  ,  1.01       ])
Iter time: 150.535815954
Iter time: 293.848410845
Iter time: 495.538962126
11      , -24614.3    , array([ 0.0160749  ,  0.609974   ,  1.03711    ,  0.532352   ,  8.99975    ,  19.8       ,  0.0957289  ,  0.157938   ,  0.121493   ,  0.019201   ,  1.01       ])
Iter time: 152.305766821
Iter time: 290.14436388
Iter time: 504.413753033
12      , -24570.3    , array([ 0.0160749  ,  0.609974   ,  1.03711    ,  0.532352   ,  8.99975    ,  19.8       ,  0.0957289  ,  0.157938   ,  0.121493   ,  0.0231777  ,  1.0105     ])
Iter time: 135.38043189
Iter time: 254.669271946
Iter time: 434.648697853
13      , -24618.2    , array([ 0.0154824  ,  0.607239   ,  1.03745    ,  0.529309   ,  9.18132    ,  17.0542    ,  0.0937087  ,  0.15531    ,  0.119187   ,  0.0223979  ,  1.01009    ])
Iter time: 151.823372126
Iter time: 284.078990936
Iter time: 482.264678001
14      , -24231      , array([ 0.0153771  ,  0.606743   ,  1.03751    ,  0.528758   ,  9.21473    ,  19.2698    ,  0.107228   ,  0.154837   ,  0.118773   ,  0.0222589  ,  1.01011    ])
Iter time: 146.993193865
Iter time: 282.272921801
Iter time: 146986.503748
15      , -23856.2    , array([ 0.0150397  ,  0.605133   ,  1.03772    ,  0.52697    ,  9.32414    ,  19.0101    ,  0.120341   ,  0.153309   ,  0.117436   ,  0.0218133  ,  1.01016    ])
Iter time: 212.105358839
Iter time: 282.357657909
Iter time: 483.808952093
16      , -24231.9    , array([ 0.0151921  ,  0.605864   ,  1.03762    ,  0.527782   ,  9.27425    ,  19.1277    ,  0.0994091  ,  0.171747   ,  0.118042   ,  0.0220147  ,  1.01014    ])
Iter time: 149.640124083
Iter time: 280.329995155
Iter time: 477.167776108
17      , -24342.9    , array([ 0.0150369  ,  0.60512    ,  1.03772    ,  0.526956   ,  9.32505    ,  19.0079    ,  0.100093   ,  0.159012   ,  0.133001   ,  0.0218097  ,  1.01016    ])
Iter time: 139.783231974
Iter time: 270.148735046
Iter time: 464.201775074
19      , -24542.8    , array([ 0.0154942  ,  0.607294   ,  1.03744    ,  0.529371   ,  9.17761    ,  18.2792    ,  0.0960623  ,  0.157052   ,  0.120486   ,  0.0224134  ,  1.01009    ])
Iter time: 147.067248821
Iter time: 286.699172974
Iter time: 484.886368036
20      , -24290.6    , array([ 0.0148576  ,  0.604252   ,  1.03783    ,  0.525992   ,  9.38475    ,  19.1068    ,  0.101364   ,  0.159532   ,  0.121922   ,  0.0269469  ,  1.01019    ])
Iter time: 149.721803904
Iter time: 283.415215969
Iter time: 488.935838938
21      , -24251.3    , array([ 0.0146464  ,  0.603217   ,  1.03796    ,  0.524843   ,  8.30509    ,  18.9834    ,  0.102424   ,  0.159823   ,  0.122      ,  0.0229436  ,  1.01023    ])
Iter time: 143.490376949
Iter time: 281.213215828
Iter time: 486.215463877
22      , -24222.9    , array([ 0.0144006  ,  0.601997   ,  1.03588    ,  0.52349    ,  9.13509    ,  18.8386    ,  0.10369    ,  0.160169   ,  0.122093   ,  0.0229013  ,  1.01027    ])
Iter time: 143.444390059
Iter time: 276.756476879
Iter time: 479.228733063
23      , -24160.6    , array([ 0.0180176  ,  0.600558   ,  1.03755    ,  0.521894   ,  9.15991    ,  18.6689    ,  0.105207   ,  0.160578   ,  0.122202   ,  0.0228514  ,  1.01032    ])
Iter time: 144.911961079
Iter time: 279.914602995
Iter time: 473.782169819
24      , -24086.9    , array([ 0.0149628  ,  0.598862   ,  1.03763    ,  0.520015   ,  9.18933    ,  18.4703    ,  0.107029   ,  0.161062   ,  0.122331   ,  0.0227925  ,  1.00978    ])
Iter time: 143.364741087
Iter time: 272.438886881
Iter time: 476.166770935
25      , -23999.8    , array([ 0.014769   ,  0.596863   ,  1.03772    ,  0.517803   ,  9.22423    ,  18.2383    ,  0.109222   ,  0.161637   ,  0.122484   ,  0.0227232  ,  1.01024    ])
Iter time: 141.963753939
Iter time: 275.198185205
Iter time: 467.544005871
26      , -23898.5    , array([ 0.0145433  ,  0.612132   ,  1.03783    ,  0.515201   ,  9.26564    ,  17.9679    ,  0.111873   ,  0.162319   ,  0.122665   ,  0.0226415  ,  1.01029    ])
Iter time: 137.985610008
Iter time: 258.349392891
Iter time: 444.666805029
27      , -23788.1    , array([ 0.0142809  ,  0.597572   ,  1.03796    ,  0.531581   ,  9.31482    ,  17.6534    ,  0.115088   ,  0.163129   ,  0.12288    ,  0.0225454  ,  1.01034    ])
Iter time: 125.048278093
Iter time: 245.391292095
Iter time: 412.644957066
28      , -23412.5    , array([ 0.0134605  ,  0.591465   ,  1.03839    ,  0.539635   ,  9.47647    ,  16.6691    ,  0.12619    ,  0.165788   ,  0.123579   ,  0.0222358  ,  1.01051    ])
Iter time: 147.119430065
Iter time: 285.001130819
Iter time: 485.288042784
29      , -23588.6    , array([ 0.0144418  ,  0.597333   ,  1.0378     ,  0.519798   ,  9.18768    ,  18.8043    ,  0.12052    ,  0.165671   ,  0.124479   ,  0.0232805  ,  1.01033    ])
Iter time: 141.217939854
Iter time: 273.5205369
Iter time: 463.002466917
30      , -23661.5    , array([ 0.0147722  ,  0.598069   ,  1.03754    ,  0.520884   ,  9.01805    ,  18.048     ,  0.119639   ,  0.164854   ,  0.111417   ,  0.0242105  ,  1.01028    ])
Iter time: 138.73173213
Iter time: 269.630565166
Iter time: 455.379981995
31      , -23586.1    , array([ 0.0149349  ,  0.597809   ,  1.03738    ,  0.520913   ,  8.89598    ,  17.7694    ,  0.121754   ,  0.1653     ,  0.119566   ,  0.0192171  ,  1.01027    ])
Iter time: 138.108232021
Iter time: 266.063732147
Iter time: 452.182486057
32      , -23508.9    , array([ 0.0152041  ,  0.597855   ,  1.03714    ,  0.52134    ,  10.1789    ,  17.6713    ,  0.124342   ,  0.166012   ,  0.119052   ,  0.0218545  ,  1.01024    ])
Iter time: 137.030689955
Iter time: 254.939677
Iter time: 452.964646816
33      , -23416.2    , array([ 0.01466    ,  0.593804   ,  1.03739    ,  0.517281   ,  9.27074    ,  17.2873    ,  0.133433   ,  0.153536   ,  0.123235   ,  0.0227463  ,  1.01035    ])
Iter time: 132.914175987
Iter time: 258.14253211
Iter time: 450.452943087
34      , -23271.3    , array([ 0.015516   ,  0.596132   ,  1.03941    ,  0.520392   ,  9.43722    ,  17.2805    ,  0.133926   ,  0.163374   ,  0.119348   ,  0.0218388  ,  1.01023    ])
Iter time: 129.955891848
Iter time: 247.368337154
Iter time: 428.859215975
35      , -22812.7    , array([ 0.0161057  ,  0.593221   ,  1.04118    ,  0.51885    ,  9.59201    ,  16.5504    ,  0.152205   ,  0.165      ,  0.117999   ,  0.0213263  ,  1.01022    ])
Iter time: 133.21538496
Iter time: 257.305639029
Iter time: 443.258422136
36      , -23088.9    , array([ 0.0121508  ,  0.596226   ,  1.0384     ,  0.521428   ,  9.49085    ,  17.0598    ,  0.141162   ,  0.163765   ,  0.118485   ,  0.0216134  ,  1.01017    ])
Iter time: 132.889706135
Iter time: 257.833302021
Iter time: 431.69756484
37      , -22982.8    , array([ 0.0140881  ,  0.597436   ,  1.03846    ,  0.523571   ,  9.51616    ,  16.996     ,  0.145922   ,  0.163767   ,  0.117675   ,  0.0214609  ,  1.01078    ])
Iter time: 132.959707022
Iter time: 255.405513048
Iter time: 431.974389076
38      , -22886.2    , array([ 0.014151   ,  0.599541   ,  1.03851    ,  0.526868   ,  9.53402    ,  16.9929    ,  0.150724   ,  0.163573   ,  0.116675   ,  0.0213038  ,  1.01041    ])
Iter time: 131.805738926
Iter time: 255.181210995
Iter time: 433.823935986
39      , -22804.6    , array([ 0.0142994  ,  0.582381   ,  1.03852    ,  0.531689   ,  9.54081    ,  17.0745    ,  0.155349   ,  0.163114   ,  0.115447   ,  0.0211452  ,  1.01039    ])
Iter time: 127.657265902
Iter time: 238.384469986
Iter time: 414.890583992
40      , -22292.7    , array([ 0.0141789  ,  0.568051   ,  1.03886    ,  0.54013    ,  9.68144    ,  16.6446    ,  0.183063   ,  0.163513   ,  0.111999   ,  0.0204346  ,  1.01044    ])
Iter time: 121.812487841
Iter time: 238.467780828
Iter time: 403.699189901
41      , -22558.4    , array([ 0.01368    ,  0.582382   ,  1.03884    ,  0.52215    ,  9.546      ,  15.7532    ,  0.155864   ,  0.174735   ,  0.119553   ,  0.0216891  ,  1.01056    ])
Iter time: 127.389328003
Iter time: 237.74629283
Iter time: 411.63144207
42      , -22531.6    , array([ 0.0137346  ,  0.58642    ,  1.03925    ,  0.528485   ,  9.97263    ,  16.1877    ,  0.164502   ,  0.164228   ,  0.127637   ,  0.0191547  ,  1.01049    ])
Iter time: 121.001859188
Iter time: 223.075314999
Iter time: 386.130697966
43      , -22446.5    , array([ 0.0139211  ,  0.585177   ,  1.03926    ,  0.531188   ,  9.93551    ,  15.1191    ,  0.172802   ,  0.163158   ,  0.114765   ,  0.0192258  ,  1.01048    ])
Iter time: 120.747209072
Iter time: 234.301721096
Iter time: 397.644740105
44      , -22252.4    , array([ 0.0132906  ,  0.582445   ,  1.04002    ,  0.531936   ,  10.4696    ,  15.5366    ,  0.182295   ,  0.163136   ,  0.118594   ,  0.0232929  ,  1.01058    ])
Iter time: 114.036365032
Iter time: 211.582423925
Iter time: 368.649215937
45      , -21657.1    , array([ 0.0125376  ,  0.574912   ,  1.04134    ,  0.537534   ,  11.3579    ,  14.5277    ,  0.22306    ,  0.162065   ,  0.118111   ,  0.0256444  ,  1.01073    ])
Iter time: 117.764019012
Iter time: 224.226288795
Iter time: 379.376714945
46      , -22004.1    , array([ 0.0126055  ,  0.578272   ,  1.04102    ,  0.534465   ,  9.3342     ,  15.0762    ,  0.198512   ,  0.161727   ,  0.118934   ,  0.0210862  ,  1.01069    ])
Iter time: 119.749711037
Iter time: 222.490222931
Iter time: 372.900252104
47      , -21807.2    , array([ 0.0127193  ,  0.579417   ,  1.04143    ,  0.541869   ,  10.2613    ,  15.0324    ,  0.198842   ,  0.176529   ,  0.114157   ,  0.0199822  ,  1.01065    ])
Iter time: 122.908581972
Iter time: 232.390789032
Iter time: 396.526669979
48      , -21569.9    , array([ 0.0137108  ,  0.579536   ,  1.04098    ,  0.519813   ,  10.1848    ,  15.2997    ,  0.228379   ,  0.165361   ,  0.11221    ,  0.0200477  ,  1.01051    ])
Iter time: 121.416770935
Iter time: 228.407328129
Iter time: 390.752019167
49      , -20804.9    , array([ 0.0138377  ,  0.573662   ,  1.04227    ,  0.510176   ,  10.5585    ,  14.6578    ,  0.307235   ,  0.165148   ,  0.106924   ,  0.0190358  ,  1.01052    ])
Iter time: 110.224197865
Iter time: 215.17228508
Iter time: 366.566398144
50      , -21438.3    , array([ 0.0155518  ,  0.57089    ,  1.04167    ,  0.535834   ,  10.3684    ,  14.5424    ,  0.235164   ,  0.16766    ,  0.114869   ,  0.0201543  ,  1.01092    ])
Iter time: 111.419312954
Iter time: 207.356564999
Iter time: 362.759924173
51      , -21271.7    , array([ 0.0136566  ,  0.565045   ,  1.0422     ,  0.535892   ,  10.5033    ,  14.1891    ,  0.248114   ,  0.168375   ,  0.115154   ,  0.020067   ,  1.01033    ])
Iter time: 108.941951036
Iter time: 205.271885872
Iter time: 350.476291895
52      , -21084.3    , array([ 0.0135083  ,  0.557027   ,  1.04283    ,  0.534185   ,  10.6698    ,  13.734     ,  0.262994   ,  0.169464   ,  0.115864   ,  0.0199963  ,  1.01069    ])
Iter time: 106.058495998
Iter time: 200.936444998
Iter time: 344.065885067
53      , -20879.8    , array([ 0.0114953  ,  0.556555   ,  1.04045    ,  0.54532    ,  10.8127    ,  13.6309    ,  0.287663   ,  0.168815   ,  0.114184   ,  0.0197427  ,  1.01096    ])
Iter time: 109.339276075
Iter time: 209.990696907
Iter time: 346.360144854
54      , -20860.2    , array([ 0.0131121  ,  0.562257   ,  1.04309    ,  0.546168   ,  11.1137    ,  13.9488    ,  0.314019   ,  0.158415   ,  0.111762   ,  0.0190834  ,  1.01069    ])
Iter time: 102.600064039
Iter time: 192.407299995
Iter time: 332.315466166
55      , -20610      , array([ 0.0129504  ,  0.554129   ,  1.04337    ,  0.54286    ,  10.8499    ,  13.2119    ,  0.334644   ,  0.167449   ,  0.102187   ,  0.0215937  ,  1.0108     ])
Iter time: 101.574541807
Iter time: 193.046339035
Iter time: 331.641844034
56      , -19921.5    , array([ 0.0125752  ,  0.538657   ,  1.04544    ,  0.550193   ,  11.3171    ,  11.9359    ,  0.477297   ,  0.169084   ,  0.091433   ,  0.0229274  ,  1.01095    ])
Iter time: 107.27866292
Iter time: 202.061069012
Iter time: 337.527378798
57      , -20229.7    , array([ 0.0125428  ,  0.547006   ,  1.04449    ,  0.543561   ,  11.1513    ,  13.5506    ,  0.383204   ,  0.169644   ,  0.109047   ,  0.0222138  ,  1.01089    ])
Iter time: 95.8140690327
Iter time: 176.93226409
Iter time: 302.657730103
58      , -20003.4    , array([ 0.0120432  ,  0.559642   ,  1.04592    ,  0.535177   ,  11.7419    ,  11.8569    ,  0.413724   ,  0.170413   ,  0.111199   ,  0.0212194  ,  1.01102    ])
Iter time: 100.3785429
Iter time: 188.102893114
Iter time: 318.071499825
59      , -19919.4    , array([ 0.0134346  ,  0.546488   ,  1.04464    ,  0.540982   ,  12.6976    ,  12.531     ,  0.436025   ,  0.173941   ,  0.103442   ,  0.0205872  ,  1.01082    ])
Iter time: 127.779184103
Iter time: 242.962786913
Iter time: 408.935923815
60      , -19193.6    , array([ 0.0138694  ,  0.531257   ,  1.04646    ,  0.54427    ,  14.8096    ,  11.4243    ,  0.646211   ,  0.180389   ,  0.0964703  ,  0.0203421  ,  1.01089    ])
Iter time: 110.022881985
Iter time: 217.895464897
Iter time: 364.540688038
61      , -19735.1    , array([ 0.0135256  ,  0.53687    ,  1.04514    ,  0.534018   ,  12.3472    ,  11.9558    ,  0.539331   ,  0.159984   ,  0.104523   ,  0.0217952  ,  1.01091    ])
Iter time: 115.403825045
Iter time: 219.805170059
Iter time: 375.436414003
62      , -19483.6    , array([ 0.0139121  ,  0.534384   ,  1.04593    ,  0.537683   ,  11.3258    ,  11.9405    ,  0.564493   ,  0.173853   ,  0.0988029  ,  0.0164881  ,  1.01086    ])
Iter time: 124.665823936
Iter time: 239.884956121
Iter time: 402.38014698
63      , -19388.5    , array([ 0.0109908  ,  0.531721   ,  1.04637    ,  0.539727   ,  12.6074    ,  11.5084    ,  0.627844   ,  0.169164   ,  0.0988461  ,  0.0202275  ,  1.01067    ])
Iter time: 136.90910387
Iter time: 258.232728958
Iter time: 447.509427071
64      , -19261      , array([ 0.0120315  ,  0.531317   ,  1.0466     ,  0.540369   ,  12.8656    ,  11.3544    ,  0.7045     ,  0.168588   ,  0.0959014  ,  0.020345   ,  1.01131    ])
Iter time: 150.917126894
Iter time: 290.217654943
Iter time: 499.731712103
65      , -19173      , array([ 0.0119103  ,  0.534353   ,  1.04665    ,  0.543231   ,  13.1031    ,  11.3318    ,  0.795049   ,  0.167347   ,  0.0920923  ,  0.0204812  ,  1.01107    ])
Iter time: 236.50693202
Iter time: 446.635710001
Iter time: 773.790631056
66      , -18795      , array([ 0.0111836  ,  0.523365   ,  1.04857    ,  0.547811   ,  14.5205    ,  10.2932    ,  1.38235    ,  0.166298   ,  0.0821031  ,  0.0207281  ,  1.01127    ])
Iter time: 174.960325003
Iter time: 335.130896091
Iter time: 573.396368027
67      , -18972.8    , array([ 0.0139262  ,  0.528861   ,  1.05054    ,  0.53258    ,  13.6421    ,  10.8491    ,  0.966953   ,  0.167532   ,  0.0880082  ,  0.0209287  ,  1.01085    ])
Iter time: 186.960080147
Iter time: 351.775587082
Iter time: 605.536689997
68      , -18643      , array([ 0.0123434  ,  0.517702   ,  1.04923    ,  0.529323   ,  13.7765    ,  10.1283    ,  1.08678    ,  0.180356   ,  0.0860924  ,  0.0220182  ,  1.01115    ])
Iter time: 289.58394599
Iter time: 551.597221851
Iter time: 943.271547079
69      , -18166      , array([ 0.0119762  ,  0.496766   ,  1.05232    ,  0.521096   ,  15.3384    ,  8.63055    ,  2.02179    ,  0.192442   ,  0.0755614  ,  0.0236508  ,  1.01138    ])
Iter time: 228.705805063
Iter time: 439.13092804
Iter time: 745.407393932
70      , -18459.5    , array([ 0.0113929  ,  0.494304   ,  1.05189    ,  0.568852   ,  15.5197    ,  8.75352    ,  1.5646     ,  0.177882   ,  0.0844831  ,  0.0229619  ,  1.01149    ])
Iter time: 234.848974943
Iter time: 453.476494074
Iter time: 764.905223131
71      , -18486.1    , array([ 0.0123512  ,  0.508931   ,  1.051      ,  0.538346   ,  15.6049    ,  8.74559    ,  1.62006    ,  0.174667   ,  0.0790825  ,  0.0197958  ,  1.01122    ])
Iter time: 303.330851078
Iter time: 580.792760134
Iter time: 980.221107006
72      , -18586.6    , array([ 0.0129228  ,  0.488923   ,  1.05049    ,  0.547367   ,  15.6066    ,  9.45678    ,  1.92325    ,  0.17466    ,  0.0728919  ,  0.0204634  ,  1.01113    ])
Iter time: 319.997658014
Iter time: 611.97525692
Iter time: 1042.11152101
73      , -18344.3    , array([ 0.0124376  ,  0.499101   ,  1.05189    ,  0.531931   ,  17.1668    ,  9.00479    ,  2.14784    ,  0.177075   ,  0.0850712  ,  0.0185515  ,  1.01123    ])
Iter time: 342.667068005
Iter time: 663.204015017
Iter time: 1128.34299803
74      , -18277.1    , array([ 0.0113887  ,  0.494165   ,  1.05342    ,  0.547652   ,  16.7062    ,  8.53828    ,  2.44373    ,  0.190633   ,  0.0716829  ,  0.0189517  ,  1.01132    ])
Iter time: 408.579252958
Iter time: 787.235754967
Iter time: 1328.76286793
75      , -18430.2    , array([ 0.0106766  ,  0.489451   ,  1.054      ,  0.545739   ,  19.5466    ,  8.04346    ,  3.0476     ,  0.178388   ,  0.0715351  ,  0.0256942  ,  1.01146    ])
Iter time: 479.101451159
Iter time: 904.025519133
Iter time: 1547.38442898
76      , -18415.7    , array([ 0.0134434  ,  0.484549   ,  1.05495    ,  0.544768   ,  19.0168    ,  7.8192     ,  3.65184    ,  0.185112   ,  0.0674209  ,  0.0218752  ,  1.01179    ])
Iter time: 187.082317114
Iter time: 367.488617182
Iter time: 630.527811766
78      , -18747.4    , array([ 0.0121545  ,  0.517146   ,  1.049      ,  0.541504   ,  14.3671    ,  10.2038    ,  1.11305    ,  0.173458   ,  0.0870753  ,  0.0207555  ,  1.01129    ])
Iter time: 622.30441618
Iter time: 1214.87013483
Iter time: 2057.77005792
79      , -18715.3    , array([ 0.0106125  ,  0.474587   ,  1.05685    ,  0.540517   ,  17.2856    ,  7.21061    ,  5.2827     ,  0.175316   ,  0.0635984  ,  0.0221214  ,  1.01173    ])
Iter time: 572.882947922
Iter time: 1082.05979991
Iter time: 1854.77711606
80      , -18425      , array([ 0.0100598  ,  0.467443   ,  1.05389    ,  0.553869   ,  19.5901    ,  7.04934    ,  4.80736    ,  0.190335   ,  0.0657153  ,  0.0217192  ,  1.01193    ])
Iter time: 492.769998074
Iter time: 936.252907038
Iter time: 1590.44678617
81      , -18190.8    , array([ 0.0122878  ,  0.462747   ,  1.05684    ,  0.539548   ,  19.4349    ,  6.93585    ,  4.21804    ,  0.196512   ,  0.0676471  ,  0.0221165  ,  1.01164    ])
Iter time: 266.254481077
Iter time: 512.966197014
Iter time: 873.197993994
83      , -18449.6    , array([ 0.0119426  ,  0.501937   ,  1.0512     ,  0.542493   ,  15.7503    ,  9.12376    ,  1.74176    ,  0.178086   ,  0.0796372  ,  0.0211417  ,  1.01139    ])
Iter time: 183.273314238
Iter time: 363.281287909
Iter time: 605.644294977
84      , -18434.6    , array([ 0.0132563  ,  0.505219   ,  1.04896    ,  0.546831   ,  16.9587    ,  9.63336    ,  1.14937    ,  0.191226   ,  0.0868931  ,  0.0207921  ,  1.01117    ])
Iter time: 361.096727133
Iter time: 680.488333941
Iter time: 1168.98929811
85      , -18025.9    , array([ 0.010937   ,  0.493338   ,  1.05504    ,  0.539892   ,  19.069     ,  7.37       ,  2.87495    ,  0.195133   ,  0.0782755  ,  0.022542   ,  1.01179    ])
Iter time: 484.752989054
Iter time: 927.258999109
Iter time: 1594.68998504
87      , -18197      , array([ 0.0111929  ,  0.471268   ,  1.05526    ,  0.549224   ,  19.7791    ,  7.72519    ,  3.78813    ,  0.199096   ,  0.0720136  ,  0.0238592  ,  1.0118     ])
Iter time: 292.808762789
Iter time: 554.511192083
Iter time: 934.074185848
89      , -18313.3    , array([ 0.0115646  ,  0.49095    ,  1.05266    ,  0.555276   ,  16.6954    ,  8.4343     ,  2.04949    ,  0.183066   ,  0.0792695  ,  0.0223778  ,  1.01151    ])
Iter time: 313.407123089
Iter time: 593.902005911
Iter time: 1016.79920506
91      , -18315.7    , array([ 0.011823   ,  0.494228   ,  1.05238    ,  0.542834   ,  16.8636    ,  8.58012    ,  2.17847    ,  0.183401   ,  0.0769463  ,  0.0215281  ,  1.01147    ])
Iter time: 799.300333977
Iter time: 1528.05467892
Iter time: 2603.96274495
92      , -18772.4    , array([ 0.0101218  ,  0.466869   ,  1.05881    ,  0.538823   ,  19.2035    ,  6.61766    ,  7.2553     ,  0.18514    ,  0.0622207  ,  0.023259   ,  1.01198    ])
Iter time: 273.908611059
Iter time: 512.747698069
Iter time: 860.676390886
93      , -18242      , array([ 0.0123917  ,  0.495346   ,  1.05142    ,  0.544818   ,  17.494     ,  8.7702     ,  1.82183    ,  0.189686   ,  0.0799324  ,  0.0213832  ,  1.01137    ])
Iter time: 332.016048908
Iter time: 636.338721991
Iter time: 1087.60564899
94      , -18021.2    , array([ 0.0129125  ,  0.482959   ,  1.05328    ,  0.539735   ,  16.3283    ,  8.05138    ,  2.49189    ,  0.200692   ,  0.0771197  ,  0.0182034  ,  1.01168    ])
Iter time: 300.821910143
Iter time: 581.151072025
Iter time: 974.706568956
95      , -17830.3    , array([ 0.0142003  ,  0.479745   ,  1.05293    ,  0.536757   ,  14.9237    ,  8.05534    ,  2.25328    ,  0.212869   ,  0.0800735  ,  0.0153219  ,  1.01179    ])
Iter time: 214.989120007
Iter time: 411.3352561
Iter time: 700.051708937
96      , -18269.8    , array([ 0.0145906  ,  0.508092   ,  1.05321    ,  0.528787   ,  15.5058    ,  9.41236    ,  1.3764     ,  0.191961   ,  0.0870206  ,  0.0202112  ,  1.01118    ])
Iter time: 222.437872887
Iter time: 428.897421122
Iter time: 733.703022957
97      , -18080.4    , array([ 0.011082   ,  0.494401   ,  1.05185    ,  0.534718   ,  15.3913    ,  8.77662    ,  1.51738    ,  0.198686   ,  0.0888473  ,  0.0197805  ,  1.0112     ])
Iter time: 302.672766924
Iter time: 571.918842077
Iter time: 987.809037924
98      , -17896.4    , array([ 0.0117295  ,  0.479161   ,  1.05489    ,  0.548143   ,  16.7148    ,  7.58559    ,  2.42195    ,  0.212098   ,  0.0709719  ,  0.0235979  ,  1.01176    ])
Iter time: 310.627950907
Iter time: 604.117976904
Iter time: 1036.46157694
99      , -17865.3    , array([ 0.0123214  ,  0.481169   ,  1.05486    ,  0.538085   ,  16.988     ,  7.7847     ,  2.43434    ,  0.210267   ,  0.0773212  ,  0.0206775  ,  1.01158    ])
Iter time: 348.934720993
Iter time: 660.769670963
Iter time: 1131.76703715
100     , -17796.1    , array([ 0.0127428  ,  0.482614   ,  1.05498    ,  0.523028   ,  17.2135    ,  7.80473    ,  2.66977    ,  0.216025   ,  0.0747163  ,  0.0196085  ,  1.01155    ])
Iter time: 379.641147137
Iter time: 729.122076035
Iter time: 1245.3678689
101     , -17557.1    , array([ 0.0133761  ,  0.478499   ,  1.05615    ,  0.507613   ,  17.4785    ,  7.50779    ,  3.04711    ,  0.234666   ,  0.0725387  ,  0.0183551  ,  1.01156    ])
Iter time: 296.471667051
Iter time: 562.277269125
Iter time: 957.815133095
102     , -17693      , array([ 0.0133236  ,  0.476673   ,  1.05471    ,  0.52304    ,  17.3442    ,  7.53148    ,  2.33073    ,  0.215439   ,  0.0828024  ,  0.0230191  ,  1.01178    ])
Iter time: 504.789031029
Iter time: 965.403624058
Iter time: 1615.86809802
103     , -17916.7    , array([ 0.0102294  ,  0.458258   ,  1.05519    ,  0.540625   ,  19.0716    ,  6.56068    ,  4.55396    ,  0.218484   ,  0.0675947  ,  0.0221012  ,  1.01203    ])
Iter time: 453.14230895
Iter time: 861.577971935
Iter time: 1472.73703098
104     , -17704      , array([ 0.0116318  ,  0.463446   ,  1.05769    ,  0.523981   ,  17.1715    ,  6.67909    ,  4.06414    ,  0.22686    ,  0.0713796  ,  0.0210157  ,  1.01196    ])
Iter time: 243.372084141
Iter time: 470.402814865
Iter time: 794.301729918
105     , -17634.2    , array([ 0.012968   ,  0.485643   ,  1.05428    ,  0.515349   ,  14.8023    ,  7.38463    ,  1.97973    ,  0.221329   ,  0.0791014  ,  0.0184052  ,  1.01156    ])
Iter time: 219.811985016
Iter time: 415.271942854
Iter time: 825.954948902
106     , -17648.7    , array([ 0.0119288  ,  0.498948   ,  1.05224    ,  0.520233   ,  14.3368    ,  8.31933    ,  1.5495     ,  0.229141   ,  0.0866366  ,  0.0192033  ,  1.0117     ])
Iter time: 343.983363152
Iter time: 649.850584984
Iter time: 1115.67045903
107     , -17401.1    , array([ 0.0122304  ,  0.465149   ,  1.05674    ,  0.538491   ,  17.944     ,  6.64125    ,  3.08006    ,  0.241533   ,  0.0795154  ,  0.0172901  ,  1.01202    ])
Iter time: 370.440973997
Iter time: 714.006888151
Iter time: 1209.48508883
108     , -17093      , array([ 0.0123595  ,  0.450104   ,  1.05895    ,  0.547405   ,  19.4084    ,  5.8258     ,  3.80163    ,  0.270592   ,  0.0815693  ,  0.0147833  ,  1.01233    ])
Iter time: 497.060070992
Iter time: 933.626636982
Iter time: 1594.19082379
109     , -17545.9    , array([ 0.013482   ,  0.459466   ,  1.05851    ,  0.527016   ,  18.6526    ,  6.06182    ,  4.84981    ,  0.247456   ,  0.0665821  ,  0.0196071  ,  1.0124     ])
Iter time: 320.430508852
Iter time: 628.076104879
Iter time: 1069.68769097
110     , -17196.2    , array([ 0.0141904  ,  0.454539   ,  1.05594    ,  0.51968    ,  14.9948    ,  6.96678    ,  2.81499    ,  0.263084   ,  0.0733838  ,  0.0167742  ,  1.01193    ])
Iter time: 213.169162989
Iter time: 408.273783922
Iter time: 697.224161863
111     , -17437.9    , array([ 0.0161023  ,  0.48861    ,  1.05592    ,  0.51526    ,  14.3513    ,  7.91213    ,  1.6283     ,  0.243036   ,  0.0862584  ,  0.016272   ,  1.01167    ])
Iter time: 320.448517799
Iter time: 620.806307077
Iter time: 1068.81330395
112     , -17134.5    , array([ 0.0148757  ,  0.468957   ,  1.05641    ,  0.502509   ,  15.9272    ,  6.89574    ,  2.84845    ,  0.256629   ,  0.0851199  ,  0.014244   ,  1.01193    ])
Iter time: 317.405206919
Iter time: 603.042013884
Iter time: 1309.91267586
113     , -17034      , array([ 0.0146545  ,  0.464822   ,  1.05673    ,  0.505575   ,  15.4884    ,  6.57285    ,  2.91606    ,  0.268414   ,  0.0795072  ,  0.0151908  ,  1.01217    ])
Iter time: 322.84077096
Iter time: 605.244277
Iter time: 1038.33109093
114     , -16637.6    , array([ 0.0159819  ,  0.456858   ,  1.05766    ,  0.490064   ,  14.7891    ,  6.03962    ,  3.19156    ,  0.303265   ,  0.0806233  ,  0.0130203  ,  1.01247    ])
Iter time: 335.895356894
Iter time: 638.046959877
Iter time: 1093.00679994
115     , -16873.6    , array([ 0.0129918  ,  0.462077   ,  1.05953    ,  0.498507   ,  17.6018    ,  6.02797    ,  3.35623    ,  0.282756   ,  0.07687    ,  0.0199027  ,  1.01208    ])
Iter time: 215.743417025
Iter time: 402.665576935
Iter time: 697.417237997
116     , -16979.2    , array([ 0.0161826  ,  0.478071   ,  1.05509    ,  0.506057   ,  15.3667    ,  7.13572    ,  1.79715    ,  0.276158   ,  0.0874022  ,  0.0143675  ,  1.01194    ])
Iter time: 311.380987167
Iter time: 586.116987228
Iter time: 1001.91311312
117     , -16703.9    , array([ 0.0146362  ,  0.465053   ,  1.05813    ,  0.503933   ,  14.8825    ,  6.26633    ,  2.98905    ,  0.304227   ,  0.0760892  ,  0.0120398  ,  1.01215    ])
Iter time: 454.291334152
Iter time: 866.284807205
Iter time: 1472.18391895
118     , -16887.7    , array([ 0.0169669  ,  0.438644   ,  1.0617     ,  0.503728   ,  18.1271    ,  5.388      ,  5.06657    ,  0.301161   ,  0.0710254  ,  0.0132576  ,  1.0123     ])
Iter time: 447.987321138
Iter time: 849.052582026
Iter time: 1446.09518886
119     , -16642.4    , array([ 0.0163888  ,  0.442398   ,  1.061      ,  0.506398   ,  18.216     ,  5.73186    ,  4.70437    ,  0.329749   ,  0.076283   ,  0.0130316  ,  1.01258    ])
Iter time: 289.993340969
Iter time: 562.360976934
Iter time: 960.980036974
120     , -16386.3    , array([ 0.0164866  ,  0.442645   ,  1.06001    ,  0.513891   ,  15.5432    ,  5.36785    ,  3.3076     ,  0.330851   ,  0.083949   ,  0.0122781  ,  1.01276    ])
Iter time: 263.083661079
Iter time: 497.051357031
Iter time: 838.664859056
121     , -15844      , array([ 0.0183035  ,  0.425738   ,  1.06194    ,  0.51706    ,  14.6574    ,  4.53884    ,  3.44608    ,  0.392847   ,  0.0903106  ,  0.010042   ,  1.01336    ])
Iter time: 203.091955185
Iter time: 383.362151861
Iter time: 662.497804165
122     , -16267.1    , array([ 0.0172922  ,  0.454635   ,  1.05826    ,  0.493259   ,  13.9403    ,  6.30758    ,  1.95296    ,  0.341256   ,  0.0966713  ,  0.0101775  ,  1.01209    ])
Iter time: 473.294897079
Iter time: 904.412100077
Iter time: 1529.36802602
123     , -16357.5    , array([ 0.0146671  ,  0.421951   ,  1.06129    ,  0.500525   ,  18.0228    ,  4.63741    ,  6.01231    ,  0.36958    ,  0.076182   ,  0.0112606  ,  1.01291    ])
Iter time: 331.638077021
Iter time: 618.705719948
Iter time: 1047.63215017
124     , -16086.9    , array([ 0.0167436  ,  0.447486   ,  1.06224    ,  0.492891   ,  17.836     ,  4.89102    ,  3.99226    ,  0.363183   ,  0.090159   ,  0.0101599  ,  1.01282    ])
Iter time: 330.803046942
Iter time: 621.979979992
Iter time: 1052.74401212
125     , -15953.9    , array([ 0.0163194  ,  0.430048   ,  1.06283    ,  0.507946   ,  17.1411    ,  4.64223    ,  4.19512    ,  0.396584   ,  0.0785452  ,  0.0112517  ,  1.01299    ])
Iter time: 278.124636889
Iter time: 526.354192019
Iter time: 898.120069027
126     , -15751.1    , array([ 0.0206598  ,  0.444363   ,  1.06099    ,  0.459986   ,  13.7524    ,  5.27254    ,  3.20007    ,  0.403191   ,  0.0814031  ,  0.0103163  ,  1.0127     ])
Iter time: 264.426022053
Iter time: 501.584283113
Iter time: 858.750954151
129     , -16592.7    , array([ 0.0162603  ,  0.460856   ,  1.05779    ,  0.50174    ,  15.7649    ,  6.20282    ,  2.57019    ,  0.30726    ,  0.08412    ,  0.0131213  ,  1.01226    ])
Iter time: 218.075525999
Iter time: 413.963022947
Iter time: 706.389746904
130     , -15847.3    , array([ 0.0156118  ,  0.454011   ,  1.0586     ,  0.490917   ,  14.0686    ,  5.53572    ,  2.35713    ,  0.389487   ,  0.0951699  ,  0.0108108  ,  1.01287    ])
Iter time: 319.759362221
Iter time: 607.537817955
Iter time: 1033.73238182
132     , -16532.8    , array([ 0.0146631  ,  0.453737   ,  1.0598     ,  0.497547   ,  16.5959    ,  5.7155     ,  3.35139    ,  0.315755   ,  0.0802735  ,  0.0150137  ,  1.01237    ])
Iter time: 300.720916033
Iter time: 568.353796005
Iter time: 971.907522917
133     , -15699.8    , array([ 0.0187189  ,  0.424952   ,  1.0623     ,  0.488216   ,  16.7809    ,  4.60889    ,  3.82557    ,  0.411452   ,  0.0932567  ,  0.0110903  ,  1.0132     ])
Iter time: 300.25960207
Iter time: 560.420139074
Iter time: 950.320959091
134     , -15248.2    , array([ 0.0211693  ,  0.406218   ,  1.06439    ,  0.480543   ,  17.819     ,  3.95265    ,  4.3279     ,  0.478498   ,  0.103243   ,  0.010644   ,  1.01373    ])
Iter time: 360.807744026
Iter time: 690.850220919
Iter time: 1184.75934601
136     , -16333.2    , array([ 0.016663   ,  0.441756   ,  1.06076    ,  0.499986   ,  16.9498    ,  5.45712    ,  3.97339    ,  0.347393   ,  0.0812716  ,  0.0121589  ,  1.01268    ])
Iter time: 309.309461117
Iter time: 594.736646891
Iter time: 998.423813105
138     , -16329.5    , array([ 0.0164861  ,  0.448232   ,  1.05923    ,  0.492305   ,  15.3674    ,  5.57595    ,  3.30551    ,  0.335214   ,  0.0835821  ,  0.0121159  ,  1.01263    ])
Iter time: 283.179941893
Iter time: 533.138001919
Iter time: 910.56755805
140     , -16289.1    , array([ 0.0166395  ,  0.449622   ,  1.05936    ,  0.497705   ,  15.8479    ,  5.62348    ,  3.00044    ,  0.338753   ,  0.0853505  ,  0.0121188  ,  1.01255    ])
Iter time: 309.450196028
Iter time: 586.131514072
Iter time: 1001.83582306
142     , -16257.6    , array([ 0.0158922  ,  0.44595    ,  1.06035    ,  0.495628   ,  16.2262    ,  5.39408    ,  3.40904    ,  0.344503   ,  0.083609   ,  0.0128377  ,  1.01261    ])
