==========================================
SLURM_JOB_ID = 18981526
SLURM_NODELIST = c8-76
==========================================
Module slurm/17.11.5 loaded 
Module openmpi/3.0.1 loaded 
Module gcc/7.3.0 loaded 
Module python/2.7.6 loaded 
Module numpy/1.11.1 loaded 
Module dadi/1.7.0 loaded 
Module matplotlib/2.0 loaded 
Module scipy/0.18.0 loaded 
Beginning. Call:
/home/hemstrow/monarch/github/F-H_2018/DADI/demographic_models/run_3d_mods.py /home/hemstrow/monarch/github/F-H_2018/Data/dadi_inputs/ dadi_snps_10kgap.txt 1st_folded_optim_10kgap_snps_dadi_out.txt lgb_p1tb_2f 10 [NAM,HAW,GUA] True 3 [0.1,0.1,1,1,5,5,.1,.1,.1,.1,2,2] [1,1,10,10,20,20,10,10,10,10,4,4] [1e-3,1e-3,1e-3,1e-3,0.01,0.01,0.01,0.01,0.01,0.01,1,1] [150,15,15] fmin

Ready to begin run. Parameters:

Model:
lgb_p1tb_2f
Maxiters:
10
Pops:
['NAM', 'HAW', 'GUA']
Projection:
[150, 15, 15]
Number of segregating sites in projected sfs:
9454.98941724
Folding spectra:
True
Level of parm folding:
3
Optimizer:
fmin
p0:
[ 0.41676376  0.09086317  0.65574743  0.90689461  7.01568113  4.94413601
  0.05660194  0.06643966  0.0533556   0.0205319   1.01        1.96915443]
Upper Bounds:
[1.0, 1.0, 10.0, 10.0, 20.0, 20.0, 10.0, 10.0, 10.0, 10.0, 4.0, 4.0]
Lower Bounds:
[0.001, 0.001, 0.001, 0.001, 0.01, 0.01, 0.01, 0.01, 0.01, 0.01, 1.0, 1.0]

Beginning optimization ************************************************
optimize_log_fmin.
Iter time: 38.3316020966
Iter time: 74.2754721642
Iter time: 128.271286964
1       , -25824.6    , array([ 0.416764   ,  0.0908632  ,  0.655747   ,  0.906895   ,  7.01568    ,  4.94414    ,  0.0566019  ,  0.0664397  ,  0.0533556  ,  0.0205319  ,  1.01       ,  1.96915    ])
Iter time: 38.3479938507
Iter time: 74.4224522114
Iter time: 129.296962976
2       , -25824.6    , array([ 0.398919   ,  0.0908632  ,  0.655747   ,  0.906895   ,  7.01568    ,  4.94414    ,  0.0566019  ,  0.0664397  ,  0.0533556  ,  0.0205319  ,  1.01       ,  1.96915    ])
Iter time: 40.5485949516
Iter time: 78.6138319969
Iter time: 135.3649261
3       , -25823.6    , array([ 0.416764   ,  0.0805948  ,  0.655747   ,  0.906895   ,  7.01568    ,  4.94414    ,  0.0566019  ,  0.0664397  ,  0.0533556  ,  0.0205319  ,  1.01       ,  1.96915    ])
Iter time: 38.6925230026
Iter time: 74.9600641727
Iter time: 129.120625973
4       , -25837.3    , array([ 0.416764   ,  0.0908632  ,  0.642057   ,  0.906895   ,  7.01568    ,  4.94414    ,  0.0566019  ,  0.0664397  ,  0.0533556  ,  0.0205319  ,  1.01       ,  1.96915    ])
Iter time: 38.3558750153
Iter time: 74.28540802
Iter time: 127.994735956
5       , -25820.8    , array([ 0.416764   ,  0.0908632  ,  0.655747   ,  0.902474   ,  7.01568    ,  4.94414    ,  0.0566019  ,  0.0664397  ,  0.0533556  ,  0.0205319  ,  1.01       ,  1.96915    ])
Iter time: 38.4076900482
Iter time: 74.3679280281
Iter time: 128.256113052
6       , -25986      , array([ 0.416764   ,  0.0908632  ,  0.655747   ,  0.906895   ,  7.73345    ,  4.94414    ,  0.0566019  ,  0.0664397  ,  0.0533556  ,  0.0205319  ,  1.01       ,  1.96915    ])
Iter time: 40.3795359135
Iter time: 78.2102320194
Iter time: 134.886176109
7       , -26030.8    , array([ 0.416764   ,  0.0908632  ,  0.655747   ,  0.906895   ,  7.01568    ,  5.35544    ,  0.0566019  ,  0.0664397  ,  0.0533556  ,  0.0205319  ,  1.01       ,  1.96915    ])
Iter time: 38.3503010273
Iter time: 74.32721591
Iter time: 127.980040073
8       , -26174      , array([ 0.416764   ,  0.0908632  ,  0.655747   ,  0.906895   ,  7.01568    ,  4.94414    ,  0.0490312  ,  0.0664397  ,  0.0533556  ,  0.0205319  ,  1.01       ,  1.96915    ])
Iter time: 38.3282558918
Iter time: 74.3002238274
Iter time: 127.979182959
9       , -25942.5    , array([ 0.416764   ,  0.0908632  ,  0.655747   ,  0.906895   ,  7.01568    ,  4.94414    ,  0.0566019  ,  0.0580161  ,  0.0533556  ,  0.0205319  ,  1.01       ,  1.96915    ])
Iter time: 38.385217905
Iter time: 74.3629858494
Iter time: 127.946122885
10      , -25846.2    , array([ 0.416764   ,  0.0908632  ,  0.655747   ,  0.906895   ,  7.01568    ,  4.94414    ,  0.0566019  ,  0.0664397  ,  0.0460828  ,  0.0205319  ,  1.01       ,  1.96915    ])
Iter time: 38.353441
Iter time: 74.2724380493
Iter time: 127.985991001
11      , -25898.3    , array([ 0.416764   ,  0.0908632  ,  0.655747   ,  0.906895   ,  7.01568    ,  4.94414    ,  0.0566019  ,  0.0664397  ,  0.0533556  ,  0.0169064  ,  1.01       ,  1.96915    ])
Iter time: 38.3529191017
Iter time: 74.2449188232
Iter time: 128.174983978
12      , -25824.6    , array([ 0.416764   ,  0.0908632  ,  0.655747   ,  0.906895   ,  7.01568    ,  4.94414    ,  0.0566019  ,  0.0664397  ,  0.0533556  ,  0.0205319  ,  1.0105     ,  1.96915    ])
Iter time: 37.8968999386
Iter time: 73.5636451244
Iter time: 126.465667963
13      , -25825.7    , array([ 0.416764   ,  0.0908632  ,  0.655747   ,  0.906895   ,  7.01568    ,  4.94414    ,  0.0566019  ,  0.0664397  ,  0.0533556  ,  0.0205319  ,  1.01       ,  2.03701    ])
Iter time: 38.9976511002
Iter time: 75.5430212021
Iter time: 130.211898088
14      , -25556      , array([ 0.413735   ,  0.0890651  ,  0.653446   ,  0.906156   ,  7.13051    ,  5.01042    ,  0.0653416  ,  0.0649553  ,  0.0520683  ,  0.0198777  ,  1.01008    ,  1.98031    ])
Iter time: 39.3397991657
Iter time: 76.2141709328
Iter time: 131.494124889
15      , -25219      , array([ 0.412229   ,  0.0881795  ,  0.652298   ,  0.905787   ,  7.18862    ,  5.0439     ,  0.0754307  ,  0.0642255  ,  0.0514363  ,  0.0195585  ,  1.01013    ,  1.9859     ])
Iter time: 36.9773669243
Iter time: 71.6596269608
Iter time: 123.685259104
16      , -25584.2    , array([ 0.412981   ,  0.0886212  ,  0.652871   ,  0.905972   ,  7.15951    ,  4.57965    ,  0.0593769  ,  0.0645894  ,  0.0517513  ,  0.0197174  ,  1.0101     ,  1.9831     ])
Iter time: 38.5314919949
Iter time: 75.1923949718
Iter time: 130.009495974
17      , -25575      , array([ 0.412354   ,  0.088253   ,  0.652393   ,  0.905818   ,  6.41206    ,  4.89771    ,  0.0598524  ,  0.064286   ,  0.0514887  ,  0.0195849  ,  1.01012    ,  1.98544    ])
Iter time: 38.6465418339
Iter time: 74.9777150154
Iter time: 128.998607159
18      , -25544.4    , array([ 0.411624   ,  0.0878253  ,  0.651836   ,  0.905639   ,  6.96289    ,  4.89002    ,  0.060412   ,  0.0748899  ,  0.0511839  ,  0.0194313  ,  1.01014    ,  1.98816    ])
Iter time: 38.8196761608
Iter time: 74.9606790543
Iter time: 129.132334948
19      , -25524.9    , array([ 0.410774   ,  0.087329   ,  0.651186   ,  0.90543    ,  6.95413    ,  4.88106    ,  0.0610715  ,  0.066713   ,  0.0508307  ,  0.0241522  ,  1.01017    ,  1.99135    ])
Iter time: 38.7551321983
Iter time: 75.0819420815
Iter time: 129.358905077
20      , -25529.5    , array([ 0.409784   ,  0.0867534  ,  0.650429   ,  0.905186   ,  6.94392    ,  4.87062    ,  0.0618501  ,  0.0667587  ,  0.0598225  ,  0.020433   ,  1.01019    ,  1.99507    ])
Iter time: 38.4269480705
Iter time: 74.3972361088
Iter time: 128.239123821
21      , -25489.2    , array([ 0.408632   ,  0.0860868  ,  0.665734   ,  0.904901   ,  6.93203    ,  4.85848    ,  0.0627709  ,  0.066812   ,  0.0526629  ,  0.0204166  ,  1.01023    ,  1.99943    ])
Iter time: 39.3452219963
Iter time: 76.2452430725
Iter time: 131.676632881
22      , -25443.1    , array([ 0.407292   ,  0.0853155  ,  0.653479   ,  0.90457    ,  6.91819    ,  4.84434    ,  0.0638625  ,  0.0668743  ,  0.0525483  ,  0.0203974  ,  1.01026    ,  1.92683    ])
Iter time: 39.0274858475
Iter time: 75.5875680447
Iter time: 130.282662153
23      , -25380.1    , array([ 0.405734   ,  0.0844244  ,  0.653102   ,  0.904183   ,  6.90207    ,  4.82791    ,  0.0651601  ,  0.066947   ,  0.0524149  ,  0.0203751  ,  1.01031    ,  1.98602    ])
Iter time: 39.2743000984
Iter time: 75.844673872
Iter time: 131.287540913
24      , -25305.1    , array([ 0.403924   ,  0.0833965  ,  0.652662   ,  0.903731   ,  6.88332    ,  4.80881    ,  0.0667074  ,  0.0670319  ,  0.0522598  ,  0.0203491  ,  1.00977    ,  1.98885    ])
Iter time: 39.2873990536
Iter time: 76.1075649261
Iter time: 131.188486099
25      , -25217.2    , array([ 0.422871   ,  0.0822131  ,  0.652149   ,  0.903205   ,  6.8615     ,  4.78661    ,  0.068559   ,  0.0671311  ,  0.0520793  ,  0.0203187  ,  1.01024    ,  1.99215    ])
Iter time: 39.826086998
Iter time: 77.1727409363
Iter time: 133.044612885
26      , -24906.9    , array([ 0.435382   ,  0.078202   ,  0.650357   ,  0.901366   ,  6.78568    ,  4.70975    ,  0.0754537  ,  0.0674795  ,  0.0514527  ,  0.020213   ,  1.01036    ,  2.00375    ])
Iter time: 37.1085989475
Iter time: 71.8737361431
Iter time: 123.66869998
27      , -25063.9    , array([ 0.407724   ,  0.0922232  ,  0.651253   ,  0.902285   ,  6.82349    ,  4.74802    ,  0.0719238  ,  0.0673051  ,  0.0517651  ,  0.0202658  ,  1.0103     ,  1.99794    ])
Iter time: 38.9662299156
Iter time: 75.4444439411
Iter time: 130.036509991
28      , -24937.9    , array([ 0.406236   ,  0.082004   ,  0.650507   ,  0.906673   ,  6.79197    ,  4.7161     ,  0.0748536  ,  0.0674504  ,  0.0515046  ,  0.0202218  ,  1.01035    ,  2.00278    ])
Iter time: 40.6841330528
Iter time: 78.8568708897
Iter time: 135.918581009
29      , -25072.6    , array([ 0.408833   ,  0.0829981  ,  0.652977   ,  0.903289   ,  6.59733    ,  5.11643    ,  0.0741639  ,  0.0698857  ,  0.053059   ,  0.0211459  ,  1.01028    ,  1.99197    ])
Iter time: 39.4192740917
Iter time: 76.3573231697
Iter time: 131.544615984
30      , -24981.2    , array([ 0.40887    ,  0.082496   ,  0.653553   ,  0.903022   ,  7.40142    ,  4.81912    ,  0.0762512  ,  0.0711997  ,  0.0535974  ,  0.0215629  ,  1.01029    ,  1.99072    ])
Iter time: 39.5621681213
Iter time: 76.4240210056
Iter time: 131.751446009
31      , -24926.9    , array([ 0.409138   ,  0.0820373  ,  0.654399   ,  0.902765   ,  6.88564    ,  4.81497    ,  0.0785341  ,  0.0606058  ,  0.0543321  ,  0.0221136  ,  1.0103     ,  1.98841    ])
Iter time: 39.489784956
Iter time: 76.4887449741
Iter time: 131.841603041
32      , -24842.1    , array([ 0.410867   ,  0.0822808  ,  0.65648    ,  0.902814   ,  6.89475    ,  4.8249     ,  0.079823   ,  0.0669007  ,  0.0457464  ,  0.0213084  ,  1.01026    ,  1.98042    ])
Iter time: 39.8375198841
Iter time: 77.5544099808
Iter time: 133.256577969
33      , -24482.9    , array([ 0.41141    ,  0.0801318  ,  0.659526   ,  0.90163    ,  6.8703     ,  4.80219    ,  0.0906822  ,  0.0669718  ,  0.040004   ,  0.0217601  ,  1.0103     ,  1.97314    ])
Iter time: 39.7204310894
Iter time: 76.9626269341
Iter time: 132.670988083
34      , -24647.9    , array([ 0.409983   ,  0.0805752  ,  0.657109   ,  0.901938   ,  6.87073    ,  4.80153    ,  0.0863462  ,  0.0669897  ,  0.051732   ,  0.0177165  ,  1.01031    ,  1.98109    ])
Iter time: 40.1996920109
Iter time: 77.8900310993
Iter time: 134.25158596
35      , -24560.6    , array([ 0.412359   ,  0.0808415  ,  0.641354   ,  0.901972   ,  6.88244    ,  4.81437    ,  0.0885941  ,  0.0669201  ,  0.049784   ,  0.0204684  ,  1.01027    ,  1.97006    ])
Iter time: 39.3961701393
Iter time: 76.3076720238
Iter time: 131.860419035
36      , -24457.2    , array([ 0.414569   ,  0.0808432  ,  0.651345   ,  0.90187    ,  6.89026    ,  4.82343    ,  0.0919623  ,  0.0668654  ,  0.0494452  ,  0.0204995  ,  1.01023    ,  2.05186    ])
Iter time: 39.4460039139
Iter time: 76.3307039738
Iter time: 131.557928085
37      , -23933.1    , array([ 0.418256   ,  0.0786958  ,  0.650281   ,  0.900524   ,  6.87633    ,  4.813      ,  0.110355   ,  0.0668609  ,  0.047963   ,  0.0205507  ,  1.01021    ,  2.11738    ])
Iter time: 39.7629218102
Iter time: 77.0623409748
Iter time: 132.800064087
38      , -24276.5    , array([ 0.418274   ,  0.0807454  ,  0.651251   ,  0.901647   ,  6.90205    ,  4.83735    ,  0.0984032  ,  0.0667784  ,  0.048843   ,  0.0205513  ,  1.01017    ,  2.01207    ])
Iter time: 39.7435500622
Iter time: 77.0076231956
Iter time: 132.722781897
39      , -24176      , array([ 0.4226     ,  0.0813016  ,  0.651455   ,  0.90175    ,  6.92399    ,  4.86136    ,  0.102555   ,  0.0666517  ,  0.0484391  ,  0.0206115  ,  1.01077    ,  2.0131     ])
Iter time: 39.7717678547
Iter time: 77.0649278164
Iter time: 132.834737062
40      , -24126.7    , array([ 0.415804   ,  0.075858   ,  0.651679   ,  0.899033   ,  6.5886     ,  4.60639    ,  0.095459   ,  0.0699954  ,  0.0487246  ,  0.021633   ,  1.01052    ,  2.02066    ])
Iter time: 38.2228319645
Iter time: 74.062538147
Iter time: 127.617725134
41      , -24084.4    , array([ 0.420441   ,  0.0793944  ,  0.650784   ,  0.90081    ,  7.17754    ,  4.4623     ,  0.101261   ,  0.0643431  ,  0.0465683  ,  0.020085   ,  1.01041    ,  2.01931    ])
Iter time: 42.4823617935
Iter time: 82.1179111004
Iter time: 141.501470089
42      , -23920.6    , array([ 0.423749   ,  0.0696909  ,  0.65243    ,  0.901566   ,  6.9984     ,  4.75906    ,  0.110541   ,  0.0663109  ,  0.046898   ,  0.020926   ,  1.01041    ,  2.01685    ])
Iter time: 45.5924720764
Iter time: 88.421145916
Iter time: 152.408203125
43      , -23302.7    , array([ 0.431996   ,  0.060582   ,  0.653019   ,  0.901207   ,  7.08753    ,  4.76458    ,  0.137041   ,  0.0658193  ,  0.0446389  ,  0.0212642  ,  1.01046    ,  2.02637    ])
Iter time: 40.5594229698
Iter time: 78.6917099953
Iter time: 135.541872025
44      , -23766.8    , array([ 0.426453   ,  0.0740006  ,  0.650044   ,  0.900529   ,  6.40551    ,  4.67996    ,  0.11497    ,  0.0618682  ,  0.0439349  ,  0.0196216  ,  1.01044    ,  2.03016    ])
Iter time: 41.3529808521
Iter time: 80.2025089264
Iter time: 138.105801105
45      , -23566.8    , array([ 0.432706   ,  0.0731812  ,  0.653011   ,  0.895886   ,  6.91245    ,  4.77606    ,  0.1258     ,  0.0643736  ,  0.0445247  ,  0.0208181  ,  1.0104     ,  2.02251    ])
Iter time: 41.2304289341
Iter time: 79.7660150528
Iter time: 137.456256866
46      , -23348.7    , array([ 0.433667   ,  0.0717719  ,  0.648898   ,  0.898619   ,  6.82284    ,  4.67167    ,  0.1297     ,  0.0723676  ,  0.0408302  ,  0.0188465  ,  1.01047    ,  2.0429     ])
Iter time: 40.9140148163
Iter time: 79.3901190758
Iter time: 136.705921173
47      , -23083      , array([ 0.407259   ,  0.0742229  ,  0.652686   ,  0.899555   ,  6.92964    ,  4.76959    ,  0.14775    ,  0.0657579  ,  0.0414851  ,  0.0203795  ,  1.01043    ,  2.03382    ])
Iter time: 41.5156679153
Iter time: 80.4198820591
Iter time: 138.553648949
48      , -22102.3    , array([ 0.393886   ,  0.0723099  ,  0.653853   ,  0.898651   ,  7.00276    ,  4.79979    ,  0.206752   ,  0.0649136  ,  0.0372506  ,  0.0204632  ,  1.01047    ,  2.04902    ])
Iter time: 41.3596100807
Iter time: 80.1230800152
Iter time: 138.630588055
49      , -22968.1    , array([ 0.429611   ,  0.070749   ,  0.645445   ,  0.898438   ,  6.86561    ,  4.67813    ,  0.149336   ,  0.0658921  ,  0.0390634  ,  0.0238165  ,  1.0105     ,  2.06867    ])
Iter time: 41.0843408108
Iter time: 79.6256790161
Iter time: 137.305421114
50      , -22786.2    , array([ 0.430063   ,  0.068966   ,  0.662002   ,  0.897817   ,  6.85114    ,  4.64338    ,  0.158781   ,  0.0657907  ,  0.038984   ,  0.0211416  ,  1.01059    ,  2.09726    ])
Iter time: 41.6351809502
Iter time: 80.7547008991
Iter time: 139.094155073
51      , -22561.2    , array([ 0.434252   ,  0.0678583  ,  0.644163   ,  0.897523   ,  6.86004    ,  4.62914    ,  0.170305   ,  0.0655452  ,  0.0483062  ,  0.0197913  ,  1.01061    ,  2.11538    ])
Iter time: 42.1686170101
Iter time: 81.7244639397
Iter time: 141.020612955
52      , -22507.4    , array([ 0.429804   ,  0.0654191  ,  0.65116    ,  0.896821   ,  6.82155    ,  4.56192    ,  0.171966   ,  0.0655311  ,  0.0394916  ,  0.0208242  ,  1.01081    ,  2.09184    ])
Iter time: 42.6652719975
Iter time: 82.944247961
Iter time: 142.748666048
53      , -22333.9    , array([ 0.426605   ,  0.06266    ,  0.650907   ,  0.8959     ,  6.78306    ,  4.49154    ,  0.179849   ,  0.0654704  ,  0.0384883  ,  0.0207989  ,  1.01021    ,  2.10418    ])
Iter time: 42.9598350525
Iter time: 83.2082479
Iter time: 143.775540113
54      , -22012.3    , array([ 0.435433   ,  0.0650508  ,  0.650555   ,  0.898084   ,  7.16298    ,  4.72025    ,  0.214732   ,  0.0616523  ,  0.0367881  ,  0.0196874  ,  1.01041    ,  2.11051    ])
Iter time: 44.6455790997
Iter time: 86.5215201378
Iter time: 149.175991058
55      , -20936.4    , array([ 0.445593   ,  0.0602391  ,  0.649994   ,  0.89761    ,  7.46869    ,  4.77824    ,  0.32206    ,  0.0578615  ,  0.0319659  ,  0.0187812  ,  1.01035    ,  2.15692    ])
Iter time: 45.8358740807
Iter time: 88.8817279339
Iter time: 153.327586889
56      , -21615.5    , array([ 0.434822   ,  0.059358   ,  0.651317   ,  0.895782   ,  6.61896    ,  4.92854    ,  0.245482   ,  0.0658918  ,  0.0361519  ,  0.0209688  ,  1.01052    ,  2.13525    ])
Iter time: 46.1500360966
Iter time: 89.5064339638
Iter time: 154.310284853
57      , -21358.9    , array([ 0.439932   ,  0.0571354  ,  0.651995   ,  0.895278   ,  6.86511    ,  4.58753    ,  0.257361   ,  0.0632563  ,  0.0334851  ,  0.0205626  ,  1.01076    ,  2.0392     ])
Iter time: 45.3588540554
Iter time: 87.9572031498
Iter time: 151.570218086
58      , -21073.1    , array([ 0.433719   ,  0.0581969  ,  0.652557   ,  0.894401   ,  7.45532    ,  4.70228    ,  0.282537   ,  0.0686144  ,  0.0349373  ,  0.0217051  ,  1.01058    ,  2.12839    ])
Iter time: 45.2589919567
Iter time: 87.9536409378
Iter time: 151.347332001
59      , -20924.3    , array([ 0.427618   ,  0.0566438  ,  0.649517   ,  0.898787   ,  6.99617    ,  4.59573    ,  0.295491   ,  0.0666489  ,  0.033109   ,  0.0206004  ,  1.01065    ,  2.15469    ])
Iter time: 51.028783083
Iter time: 99.1741850376
Iter time: 170.767518044
60      , -19737.6    , array([ 0.425096   ,  0.0498343  ,  0.647776   ,  0.900241   ,  7.03841    ,  4.50813    ,  0.452873   ,  0.0678166  ,  0.0285508  ,  0.0204923  ,  1.01078    ,  2.22399    ])
Iter time: 46.5268008709
Iter time: 90.256483078
Iter time: 155.61793685
61      , -20565.1    , array([ 0.425254   ,  0.0543492  ,  0.653446   ,  0.896324   ,  7.1249     ,  4.6706     ,  0.353015   ,  0.0586483  ,  0.0340151  ,  0.0230752  ,  1.01064    ,  2.16359    ])
Iter time: 43.0457770824
Iter time: 83.4637570381
Iter time: 143.907768011
62      , -20192.8    , array([ 0.425781   ,  0.0632332  ,  0.649393   ,  0.89294    ,  6.86483    ,  4.56434    ,  0.391175   ,  0.0632552  ,  0.0297348  ,  0.0207321  ,  1.01067    ,  2.20519    ])
Iter time: 49.0008060932
Iter time: 95.1996669769
Iter time: 163.806012869
63      , -20044.5    , array([ 0.427506   ,  0.0531422  ,  0.657681   ,  0.894777   ,  7.08659    ,  4.62964    ,  0.421461   ,  0.0627567  ,  0.0324682  ,  0.0180873  ,  1.01066    ,  2.18323    ])
Iter time: 51.8227040768
Iter time: 100.453325987
Iter time: 173.167376995
64      , -19816.8    , array([ 0.426632   ,  0.0521986  ,  0.640533   ,  0.894889   ,  7.14167    ,  4.66199    ,  0.466429   ,  0.0623608  ,  0.0315576  ,  0.0198527  ,  1.01059    ,  2.16794    ])
Iter time: 54.9838440418
Iter time: 106.52018404
Iter time: 183.667706013
65      , -19643      , array([ 0.421272   ,  0.0507809  ,  0.657651   ,  0.894744   ,  7.18038    ,  4.68185    ,  0.514379   ,  0.0620769  ,  0.023723   ,  0.0212181  ,  1.01057    ,  2.15817    ])
Iter time: 77.3693110943
Iter time: 149.782580137
Iter time: 259.111179113
66      , -18657.5    , array([ 0.414927   ,  0.0439288  ,  0.6645     ,  0.893358   ,  7.34612    ,  4.70843    ,  0.893948   ,  0.0604123  ,  0.0166247  ,  0.0219696  ,  1.01055    ,  2.17989    ])
Iter time: 63.4765779972
Iter time: 122.960101128
Iter time: 211.878391027
67      , -19143.7    , array([ 0.42314    ,  0.0492916  ,  0.652788   ,  0.894867   ,  7.31061    ,  4.77593    ,  0.67047    ,  0.0612543  ,  0.0251214  ,  0.0203465  ,  1.01032    ,  2.19751    ])
Iter time: 71.173776865
Iter time: 133.915333986
Iter time: 237.094277859
68      , -18909.9    , array([ 0.425735   ,  0.0494445  ,  0.653356   ,  0.895615   ,  7.44445    ,  4.90065    ,  0.798284   ,  0.0606347  ,  0.024007   ,  0.0202967  ,  1.01094    ,  2.20048    ])
Iter time: 76.5629000664
Iter time: 148.261644125
Iter time: 255.543768883
69      , -18580.1    , array([ 0.467113   ,  0.0402158  ,  0.650329   ,  0.89237    ,  7.28477    ,  4.60184    ,  0.869762   ,  0.0604637  ,  0.0230534  ,  0.0206016  ,  1.01076    ,  2.28674    ])
Iter time: 129.464531183
Iter time: 250.25868988
Iter time: 430.755278111
70      , -17576      , array([ 0.508684   ,  0.0299914  ,  0.648575   ,  0.889245   ,  7.43001    ,  4.50595    ,  1.78392    ,  0.0583545  ,  0.0181357  ,  0.0206711  ,  1.0109     ,  2.41576    ])
Iter time: 79.5174291134
Iter time: 153.793893099
Iter time: 264.912338972
71      , -18247.9    , array([ 0.434348   ,  0.0437222  ,  0.652403   ,  0.894136   ,  7.8571     ,  4.41517    ,  1.01951    ,  0.0583722  ,  0.0211741  ,  0.020057   ,  1.01078    ,  2.24       ])
Iter time: 93.3884840012
Iter time: 180.512027025
Iter time: 310.492669821
72      , -18148.5    , array([ 0.428389   ,  0.0434419  ,  0.651792   ,  0.894449   ,  7.74772    ,  4.71319    ,  1.22323    ,  0.0599953  ,  0.0211792  ,  0.0203685  ,  1.01053    ,  2.38251    ])
Iter time: 103.695482016
Iter time: 200.728880167
Iter time: 345.246158838
73      , -18004.3    , array([ 0.433631   ,  0.0406208  ,  0.651103   ,  0.895334   ,  7.18024    ,  4.59995    ,  1.42249    ,  0.0540866  ,  0.0186742  ,  0.0190931  ,  1.0107     ,  2.326      ])
Iter time: 113.822174072
Iter time: 219.988637924
Iter time: 378.766963005
74      , -17609.8    , array([ 0.420167   ,  0.0367492  ,  0.653857   ,  0.891755   ,  7.1205     ,  4.49823    ,  1.59847    ,  0.0634209  ,  0.0186611  ,  0.0221261  ,  1.01099    ,  2.32427    ])
Iter time: 128.847548008
Iter time: 250.065317869
Iter time: 428.325146198
75      , -17516.9    , array([ 0.43938    ,  0.0381601  ,  0.65047    ,  0.892275   ,  7.4633     ,  4.57314    ,  1.87572    ,  0.0633913  ,  0.0158671  ,  0.0178832  ,  1.01077    ,  2.34494    ])
Iter time: 266.993427038
Iter time: 515.074198961
Iter time: 886.904040813
76      , -16838.4    , array([ 0.446619   ,  0.0319756  ,  0.648988   ,  0.890258   ,  7.63848    ,  4.52518    ,  4.32371    ,  0.0659047  ,  0.010837   ,  0.0157432  ,  1.01083    ,  2.44125    ])
Iter time: 175.491355896
Iter time: 338.685190916
Iter time: 583.175866127
77      , -17368.8    , array([ 0.442345   ,  0.0292754  ,  0.654462   ,  0.895207   ,  7.88515    ,  4.67289    ,  2.52642    ,  0.0591777  ,  0.0153407  ,  0.0190117  ,  1.01075    ,  2.34003    ])
Iter time: 205.969669819
Iter time: 398.154542923
Iter time: 684.067917109
78      , -17181.1    , array([ 0.443072   ,  0.0315393  ,  0.645686   ,  0.893442   ,  7.77555    ,  4.61412    ,  3.16041    ,  0.0590669  ,  0.0123989  ,  0.0219735  ,  1.01078    ,  2.39105    ])
Iter time: 248.943046093
Iter time: 480.536638975
Iter time: 826.339533091
79      , -17049.3    , array([ 0.446787   ,  0.0295233  ,  0.663859   ,  0.893088   ,  7.82571    ,  4.57423    ,  3.92833    ,  0.0589067  ,  0.0109173  ,  0.020361   ,  1.01089    ,  2.44754    ])
Iter time: 372.294667959
Iter time: 715.622262001
Iter time: 1230.66058803
80      , -17128.8    , array([ 0.452136   ,  0.0283401  ,  0.659124   ,  0.886599   ,  8.0821     ,  4.74184    ,  5.79948    ,  0.0529109  ,  0.0102806  ,  0.0197043  ,  1.01071    ,  2.42426    ])
Iter time: 341.575447083
Iter time: 657.877876043
Iter time: 1131.64858294
81      , -16860.7    , array([ 0.459271   ,  0.0261274  ,  0.655117   ,  0.890545   ,  7.91237    ,  4.47061    ,  5.61247    ,  0.057167   ,  0.0100675  ,  0.0197398  ,  1.01124    ,  2.49395    ])
Iter time: 102.650135994
Iter time: 198.497451067
Iter time: 341.824891806
83      , -18056.4    , array([ 0.43459    ,  0.0410189  ,  0.653727   ,  0.893946   ,  7.5437     ,  4.74047    ,  1.34975    ,  0.0597538  ,  0.0188445  ,  0.020145   ,  1.01087    ,  2.28155    ])
Iter time: 377.353701115
Iter time: 727.036517859
Iter time: 1250.15401506
84      , -16776.7    , array([ 0.477992   ,  0.0260608  ,  0.642108   ,  0.891303   ,  7.9898     ,  4.47087    ,  6.24038    ,  0.057293   ,  0.0134394  ,  0.0179358  ,  1.01111    ,  2.58669    ])
Iter time: 117.303489923
Iter time: 226.603711843
Iter time: 390.747824907
87      , -17661.4    , array([ 0.44157    ,  0.037642   ,  0.652373   ,  0.893115   ,  7.76395    ,  4.50316    ,  1.67344    ,  0.0585561  ,  0.0174566  ,  0.0198608  ,  1.01082    ,  2.32019    ])
Iter time: 130.047659874
Iter time: 251.418056965
Iter time: 432.321064949
89      , -17627.6    , array([ 0.439085   ,  0.0372977  ,  0.652092   ,  0.893215   ,  7.71039    ,  4.64383    ,  1.85712    ,  0.0593046  ,  0.0173187  ,  0.0199934  ,  1.01071    ,  2.39021    ])
Iter time: 371.603652954
Iter time: 717.213080168
Iter time: 1229.04392505
90      , -16768.2    , array([ 0.466855   ,  0.0246062  ,  0.650786   ,  0.889903   ,  7.83348    ,  4.40113    ,  6.21137    ,  0.0574389  ,  0.010494   ,  0.0190946  ,  1.01087    ,  2.5399     ])
Iter time: 146.066476107
Iter time: 282.216261148
Iter time: 485.769154072
93      , -17493.9    , array([ 0.443314   ,  0.0351812  ,  0.651666   ,  0.8934     ,  7.45642    ,  4.57534    ,  2.15803    ,  0.0564321  ,  0.0158206  ,  0.0193512  ,  1.01079    ,  2.37497    ])
Iter time: 415.099632025
Iter time: 801.367941141
Iter time: 1377.94488597
94      , -16892.4    , array([ 0.465469   ,  0.0243882  ,  0.651967   ,  0.889876   ,  7.67069    ,  4.61127    ,  6.68234    ,  0.0588408  ,  0.0101234  ,  0.0192844  ,  1.01095    ,  2.54436    ])
Iter time: 174.192140102
Iter time: 336.418950081
Iter time: 578.958997011
96      , -17290      , array([ 0.447252   ,  0.0330268  ,  0.652125   ,  0.892215   ,  7.71212    ,  4.59881    ,  2.6286     ,  0.0589814  ,  0.0148376  ,  0.019751   ,  1.0108     ,  2.41616    ])
Iter time: 164.712139845
Iter time: 318.17305398
Iter time: 547.565774202
98      , -17248.4    , array([ 0.438652   ,  0.0326375  ,  0.652935   ,  0.891504   ,  7.43593    ,  4.53031    ,  2.48977    ,  0.0608098  ,  0.0152555  ,  0.0206797  ,  1.01094    ,  2.38645    ])
Iter time: 177.605960131
Iter time: 342.38437891
Iter time: 588.773652792
100     , -17237.2    , array([ 0.479681   ,  0.0295884  ,  0.650474   ,  0.890343   ,  7.59607    ,  4.53522    ,  2.66702    ,  0.0584306  ,  0.0149312  ,  0.0199886  ,  1.0109     ,  2.43172    ])
Iter time: 192.329445124
Iter time: 371.400789022
Iter time: 638.987346888
102     , -17211.4    , array([ 0.449274   ,  0.031816   ,  0.651973   ,  0.892293   ,  7.61545    ,  4.56833    ,  2.95937    ,  0.0575435  ,  0.0139121  ,  0.019366   ,  1.01084    ,  2.41348    ])
Iter time: 211.673466921
Iter time: 409.637674093
Iter time: 702.152256966
104     , -17158.9    , array([ 0.449073   ,  0.0291237  ,  0.653266   ,  0.893074   ,  7.81998    ,  4.61242    ,  3.22319    ,  0.058858   ,  0.0136437  ,  0.0192102  ,  1.01083    ,  2.39875    ])
Iter time: 213.447165012
Iter time: 412.0260849
Iter time: 709.280904055
106     , -17117.7    , array([ 0.451634   ,  0.0307718  ,  0.652147   ,  0.891616   ,  7.73818    ,  4.57627    ,  3.31578    ,  0.0587551  ,  0.0133714  ,  0.0195575  ,  1.01086    ,  2.43672    ])
Iter time: 209.424376011
Iter time: 404.518840075
Iter time: 695.889078856
108     , -17087.1    , array([ 0.447814   ,  0.030515   ,  0.652518   ,  0.891265   ,  7.61098    ,  4.54398    ,  3.26578    ,  0.0595735  ,  0.0134841  ,  0.0199655  ,  1.01092    ,  2.4238     ])
Iter time: 218.804221869
Iter time: 422.546065092
Iter time: 726.303552866
110     , -17082.8    , array([ 0.46695    ,  0.029092   ,  0.651373   ,  0.890723   ,  7.69313    ,  4.5468     ,  3.40867    ,  0.0584436  ,  0.0132835  ,  0.0196281  ,  1.0109     ,  2.44635    ])
Iter time: 229.947553873
Iter time: 443.780411005
Iter time: 763.299786091
112     , -17073.4    , array([ 0.452635   ,  0.0300549  ,  0.652097   ,  0.891633   ,  7.70619    ,  4.56247    ,  3.61185    ,  0.0580358  ,  0.0127974  ,  0.0193309  ,  1.01088    ,  2.43853    ])
Iter time: 382.262132883
Iter time: 736.436080933
Iter time: 1266.39275312
113     , -16823.3    , array([ 0.471021   ,  0.0253531  ,  0.65991    ,  0.88821    ,  7.80887    ,  4.4914     ,  6.28698    ,  0.0578325  ,  0.0112361  ,  0.0165863  ,  1.01105    ,  2.54717    ])
Iter time: 248.206395864
Iter time: 479.638840914
Iter time: 823.957232952
115     , -17031.4    , array([ 0.453838   ,  0.0285322  ,  0.653288   ,  0.891744   ,  7.80561    ,  4.57721    ,  3.89743    ,  0.0586089  ,  0.0125879  ,  0.0190336  ,  1.01088    ,  2.43916    ])
Iter time: 218.974977016
Iter time: 422.867763996
Iter time: 726.861356974
116     , -16772.1    , array([ 0.465556   ,  0.0276015  ,  0.646589   ,  0.895113   ,  7.46745    ,  4.32556    ,  3.58415    ,  0.0654789  ,  0.01357    ,  0.0179452  ,  1.01118    ,  2.54014    ])
Iter time: 381.073632956
Iter time: 735.627903223
Iter time: 1264.83753991
117     , -16751      , array([ 0.468437   ,  0.0249639  ,  0.652576   ,  0.890658   ,  7.75318    ,  4.44016    ,  6.35073    ,  0.0600404  ,  0.010459   ,  0.0178226  ,  1.01109    ,  2.54472    ])
Iter time: 249.75695014
Iter time: 481.618577003
Iter time: 828.355044842
120     , -16963.5    , array([ 0.454698   ,  0.0288396  ,  0.652442   ,  0.891176   ,  7.68396    ,  4.52145    ,  3.97998    ,  0.0595032  ,  0.0124948  ,  0.0192157  ,  1.01095    ,  2.46173    ])
Iter time: 257.275685072
Iter time: 495.106917858
Iter time: 851.643074989
122     , -16959.8    , array([ 0.463797   ,  0.0281489  ,  0.651914   ,  0.890924   ,  7.72493    ,  4.5218     ,  4.09245    ,  0.0589803  ,  0.0123699  ,  0.0190358  ,  1.01095    ,  2.4738     ])
Iter time: 407.877418995
Iter time: 786.129456997
Iter time: 1351.50037885
123     , -16710.1    , array([ 0.470747   ,  0.0244143  ,  0.652782   ,  0.890498   ,  7.81104    ,  4.42573    ,  6.8246     ,  0.0612108  ,  0.0103102  ,  0.0175859  ,  1.01112    ,  2.57237    ])
Iter time: 407.235630989
Iter time: 785.973340988
Iter time: 1352.43457985
125     , -16656.9    , array([ 0.481079   ,  0.0240791  ,  0.639421   ,  0.888616   ,  7.68933    ,  4.39013    ,  6.87982    ,  0.0606926  ,  0.011971   ,  0.0162933  ,  1.01115    ,  2.58424    ])
Iter time: 524.874907017
Iter time: 1014.70328212
Iter time: 1743.26910591
126     , -16546.9    , array([ 0.4992     ,  0.0217459  ,  0.627542   ,  0.886389   ,  7.62203    ,  4.30088    ,  9.10462    ,  0.0616058  ,  0.0125354  ,  0.0145752  ,  1.01128    ,  2.65542    ])
Iter time: 465.54517293
Iter time: 897.882284164
Iter time: 1543.583781
127     , -16623.2    , array([ 0.481185   ,  0.0238128  ,  0.645428   ,  0.889062   ,  7.67862    ,  4.34198    ,  7.98767    ,  0.0615101  ,  0.0103751  ,  0.0166714  ,  1.01122    ,  2.63009    ])
Iter time: 514.056346893
Iter time: 994.862800121
Iter time: 1704.57530499
128     , -16658.8    , array([ 0.484828   ,  0.0228188  ,  0.645101   ,  0.889277   ,  7.79928    ,  4.36596    ,  8.785      ,  0.0609216  ,  0.0101335  ,  0.016127   ,  1.01119    ,  2.63487    ])
Iter time: 310.519544125
Iter time: 598.942312002
Iter time: 1032.74550915
130     , -16826.2    , array([ 0.467514   ,  0.0266381  ,  0.650051   ,  0.890506   ,  7.73625    ,  4.47569    ,  5.07833    ,  0.0596716  ,  0.0117003  ,  0.0181797  ,  1.01102    ,  2.51666    ])
Iter time: 326.938450098
Iter time: 630.538613081
Iter time: 1083.11317897
131     , -16556      , array([ 0.477471   ,  0.0264421  ,  0.644127   ,  0.890407   ,  7.83636    ,  4.23485    ,  5.677      ,  0.0620857  ,  0.0123938  ,  0.0154786  ,  1.01125    ,  2.57154    ])
Iter time: 395.030684948
Iter time: 765.534955025
Iter time: 1311.39249206
132     , -16535.5    , array([ 0.48706    ,  0.0247313  ,  0.639224   ,  0.889715   ,  7.58479    ,  4.32883    ,  6.77205    ,  0.0647886  ,  0.0129021  ,  0.0145209  ,  1.01097    ,  2.63695    ])
Iter time: 425.535134077
Iter time: 821.97988081
Iter time: 1413.59445596
133     , -16381.2    , array([ 0.501579   ,  0.0240615  ,  0.631422   ,  0.889301   ,  7.42612    ,  4.25963    ,  7.43881    ,  0.0689724  ,  0.0146059  ,  0.0124542  ,  1.01083    ,  2.7115     ])
Iter time: 548.568325996
Iter time: 1058.28731394
Iter time: 1817.89472485
134     , -16594.3    , array([ 0.510639   ,  0.0192726  ,  0.642317   ,  0.889842   ,  7.81991    ,  4.23374    ,  9.6226     ,  0.0566267  ,  0.0125972  ,  0.0175097  ,  1.01137    ,  2.74144    ])
Iter time: 519.246101856
Iter time: 1002.68224812
Iter time: 1720.45148802
135     , -16517.4    , array([ 0.495044   ,  0.0219194  ,  0.639989   ,  0.889484   ,  7.73495    ,  4.24109    ,  9.11361    ,  0.0619982  ,  0.0118122  ,  0.0150684  ,  1.01124    ,  2.69748    ])
Iter time: 442.040271997
Iter time: 853.323781967
Iter time: 1465.17817807
136     , -16410.3    , array([ 0.495449   ,  0.0224786  ,  0.627214   ,  0.891996   ,  7.65088    ,  4.18605    ,  7.83148    ,  0.0647157  ,  0.0124032  ,  0.0162539  ,  1.01125    ,  2.69075    ])
Iter time: 459.098041058
Iter time: 886.222157001
Iter time: 1523.33729911
137     , -16394.2    , array([ 0.49115    ,  0.0213357  ,  0.642088   ,  0.889016   ,  7.42379    ,  4.15939    ,  8.19433    ,  0.066665   ,  0.010232   ,  0.0147863  ,  1.01121    ,  2.66712    ])
Iter time: 309.769833803
Iter time: 597.752407074
Iter time: 1027.56588197
139     , -16613.8    , array([ 0.476007   ,  0.0252395  ,  0.644152   ,  0.892378   ,  7.58177    ,  4.31189    ,  5.24008    ,  0.0636613  ,  0.0124671  ,  0.0169577  ,  1.01117    ,  2.58826    ])
Iter time: 515.750458002
Iter time: 995.275086164
Iter time: 1710.65896201
140     , -16361.6    , array([ 0.509017   ,  0.0217396  ,  0.631708   ,  0.889813   ,  7.52347    ,  4.1835     ,  9.18509    ,  0.067848   ,  0.0128657  ,  0.0131846  ,  1.0115     ,  2.74705    ])
Iter time: 526.874162912
Iter time: 1016.65493488
Iter time: 1745.73057795
142     , -16315.4    , array([ 0.514371   ,  0.0209399  ,  0.626573   ,  0.888917   ,  7.56339    ,  4.10578    ,  9.55338    ,  0.0662444  ,  0.013362   ,  0.0134334  ,  1.01135    ,  2.77704    ])
WARNING:Numerics:Extrapolation may have failed. Check resulting frequency spectrum for unexpected results.
Iter time: 514.235718012
Iter time: 991.330978155
Iter time: 1702.51635504
144     , -16275.8    , array([ 0.519463   ,  0.0208705  ,  0.622112   ,  0.888814   ,  7.46716    ,  4.06797    ,  9.40265    ,  0.0658393  ,  0.0141535  ,  0.0130166  ,  1.01136    ,  2.78246    ])
Iter time: 407.376444101
Iter time: 785.763510942
Iter time: 1350.23994517
146     , -16252.8    , array([ 0.51021    ,  0.022      ,  0.625722   ,  0.889957   ,  7.42438    ,  4.07535    ,  7.38761    ,  0.0670132  ,  0.015225   ,  0.0136962  ,  1.01131    ,  2.74125    ])
Iter time: 363.1677742
Iter time: 702.744390965
Iter time: 1203.58356905
147     , -16059.6    , array([ 0.523395   ,  0.0216016  ,  0.616252   ,  0.890297   ,  7.24374    ,  3.93739    ,  6.77462    ,  0.0702837  ,  0.0186619  ,  0.0126218  ,  1.01138    ,  2.79603    ])
Iter time: 431.057094097
Iter time: 831.776843071
Iter time: 1428.50865507
148     , -16183.5    , array([ 0.521328   ,  0.020742   ,  0.620603   ,  0.890378   ,  7.46813    ,  4.0316     ,  7.90502    ,  0.0678635  ,  0.016399   ,  0.0126485  ,  1.01131    ,  2.77438    ])
Iter time: 377.852159977
Iter time: 727.507017851
Iter time: 1250.48602605
150     , -16475.3    , array([ 0.490126   ,  0.0234912  ,  0.637508   ,  0.890965   ,  7.57244    ,  4.23554    ,  6.56432    ,  0.0643043  ,  0.0128987  ,  0.0155017  ,  1.01122    ,  2.65182    ])
Iter time: 363.548046827
Iter time: 702.191668987
Iter time: 1207.50929379
151     , -16162.6    , array([ 0.495363   ,  0.0256355  ,  0.618974   ,  0.889452   ,  7.27565    ,  4.0889     ,  6.59337    ,  0.0761012  ,  0.0141936  ,  0.0112382  ,  1.01116    ,  2.6778     ])
Iter time: 384.255989075
Iter time: 740.251744986
Iter time: 1271.85166001
153     , -16433.3    , array([ 0.490793   ,  0.0242121  ,  0.636239   ,  0.889987   ,  7.66447    ,  4.19148    ,  6.76655    ,  0.0643847  ,  0.0129463  ,  0.01454    ,  1.01126    ,  2.64404    ])
Iter time: 368.460175991
Iter time: 708.677234173
Iter time: 1217.87485504
154     , -16123.8    , array([ 0.50839    ,  0.0230112  ,  0.6308     ,  0.89336    ,  7.37957    ,  3.98446    ,  6.79966    ,  0.0728984  ,  0.0146681  ,  0.0127942  ,  1.01123    ,  2.78128    ])
Iter time: 351.304114103
Iter time: 677.937015057
Iter time: 1157.28045678
155     , -16094.4    , array([ 0.514936   ,  0.0230147  ,  0.617044   ,  0.890897   ,  7.21506    ,  3.99883    ,  6.46931    ,  0.074419   ,  0.0161382  ,  0.0120425  ,  1.01127    ,  2.7519     ])
Iter time: 478.036241055
Iter time: 921.097365141
Iter time: 1584.51562691
156     , -16062.9    , array([ 0.524401   ,  0.0214017  ,  0.616085   ,  0.889405   ,  7.31076    ,  3.96586    ,  8.9599     ,  0.0735185  ,  0.0153412  ,  0.0112234  ,  1.01129    ,  2.81662    ])
Iter time: 488.145591974
Iter time: 938.373109102
Iter time: 1612.32516313
157     , -16041.4    , array([ 0.529501   ,  0.0203417  ,  0.614011   ,  0.890285   ,  7.16632    ,  3.97077    ,  9.10854    ,  0.0750683  ,  0.0157233  ,  0.0114604  ,  1.01127    ,  2.85483    ])
Iter time: 438.902266026
Iter time: 846.391188145
Iter time: 1454.42665911
160     , -16303.7    , array([ 0.503957   ,  0.0222424  ,  0.625565   ,  0.890994   ,  7.50959    ,  4.12342    ,  7.89059    ,  0.0674916  ,  0.0134348  ,  0.0142757  ,  1.01126    ,  2.72565    ])
Iter time: 408.99794507
Iter time: 790.043905973
Iter time: 1357.19441414
161     , -15972      , array([ 0.537311   ,  0.0228611  ,  0.603636   ,  0.891303   ,  7.33244    ,  3.96061    ,  7.66483    ,  0.0744689  ,  0.0216577  ,  0.0105699  ,  1.01133    ,  2.86855    ])
Iter time: 438.187707901
Iter time: 845.247956991
Iter time: 1452.99232101
163     , -15933.1    , array([ 0.532209   ,  0.0200991  ,  0.609246   ,  0.891352   ,  7.31464    ,  3.82077    ,  8.48553    ,  0.0729032  ,  0.0162016  ,  0.0122106  ,  1.01178    ,  2.8482     ])
Iter time: 444.679161072
Iter time: 857.604073048
Iter time: 1472.67262816
164     , -15713      , array([ 0.548218   ,  0.0183698  ,  0.598452   ,  0.892379   ,  7.25953    ,  3.6186     ,  9.0629     ,  0.0749519  ,  0.0170637  ,  0.0120906  ,  1.01226    ,  2.91912    ])
Iter time: 354.722502947
Iter time: 684.690459967
Iter time: 1175.79229784
165     , -15864.1    , array([ 0.530957   ,  0.02163    ,  0.603506   ,  0.891266   ,  7.17715    ,  3.79737    ,  6.85693    ,  0.0753516  ,  0.0192794  ,  0.0113689  ,  1.01124    ,  2.83995    ])
Iter time: 325.320477009
Iter time: 627.845700026
Iter time: 1077.14907885
166     , -15857.9    , array([ 0.528217   ,  0.0225778  ,  0.60466    ,  0.892557   ,  7.07717    ,  3.81923    ,  6.23809    ,  0.0788506  ,  0.0197329  ,  0.0108523  ,  1.01137    ,  2.81979    ])
Iter time: 419.999004841
Iter time: 809.63601613
Iter time: 1390.7918129
168     , -16164.7    , array([ 0.513535   ,  0.0220052  ,  0.619643   ,  0.89093    ,  7.39399    ,  4.02796    ,  7.72867    ,  0.0702956  ,  0.0150085  ,  0.0129797  ,  1.01131    ,  2.76566    ])
Iter time: 306.854605913
Iter time: 591.285968065
Iter time: 1016.23194313
169     , -15813.8    , array([ 0.526146   ,  0.0229108  ,  0.605155   ,  0.893275   ,  7.08623    ,  3.79955    ,  5.89872    ,  0.082313   ,  0.0200571  ,  0.0106944  ,  1.01138    ,  2.82742    ])
Iter time: 343.610202789
Iter time: 662.509809971
Iter time: 1138.45956683
170     , -15799.5    , array([ 0.525069   ,  0.0234379  ,  0.604082   ,  0.892189   ,  7.0236     ,  3.79612    ,  6.68212    ,  0.0824687  ,  0.0179016  ,  0.0107021  ,  1.01143    ,  2.84462    ])
Iter time: 341.2842381
Iter time: 657.990956068
Iter time: 1130.26637006
171     , -15756.2    , array([ 0.535014   ,  0.0223259  ,  0.602459   ,  0.891846   ,  7.03352    ,  3.76221    ,  6.67085    ,  0.0817631  ,  0.0201433  ,  0.010099   ,  1.01145    ,  2.867      ])
Iter time: 390.014347076
Iter time: 751.658248901
Iter time: 1293.06184793
172     , -15678.9    , array([ 0.561803   ,  0.0187278  ,  0.600398   ,  0.893729   ,  7.10771    ,  3.65505    ,  7.83472    ,  0.0764343  ,  0.0225796  ,  0.0114581  ,  1.01166    ,  2.99495    ])
Iter time: 406.480517149
Iter time: 782.807696819
Iter time: 1343.05732012
173     , -15432.5    , array([ 0.598294   ,  0.016007   ,  0.591321   ,  0.895875   ,  7.0252     ,  3.4557     ,  8.54046    ,  0.0766014  ,  0.0284793  ,  0.0115696  ,  1.01191    ,  3.16735    ])
Iter time: 374.270387888
Iter time: 722.44049716
Iter time: 1239.062217
175     , -15994.6    , array([ 0.521401   ,  0.0221174  ,  0.61845    ,  0.892578   ,  7.26985    ,  3.90152    ,  7.0575     ,  0.0747181  ,  0.0166589  ,  0.0119988  ,  1.01135    ,  2.82174    ])
Iter time: 416.145552874
Iter time: 799.565618038
Iter time: 1371.64169312
176     , -15630.4    , array([ 0.556473   ,  0.0195062  ,  0.596049   ,  0.892977   ,  7.11782    ,  3.63478    ,  8.41532    ,  0.078863   ,  0.0222985  ,  0.0105086  ,  1.01167    ,  2.9906     ])
Iter time: 300.233580112
Iter time: 582.125053883
Iter time: 999.095574141
177     , -15616.5    , array([ 0.551862   ,  0.0206547  ,  0.593696   ,  0.895073   ,  6.9934     ,  3.61213    ,  6.01294    ,  0.080768   ,  0.0249656  ,  0.0111525  ,  1.01171    ,  2.95122    ])
Iter time: 367.57699585
Iter time: 707.446171999
Iter time: 1215.896029
179     , -15920.9    , array([ 0.531798   ,  0.0212715  ,  0.609545   ,  0.891464   ,  7.18634    ,  3.84653    ,  7.01668    ,  0.0740206  ,  0.0193439  ,  0.0118221  ,  1.01145    ,  2.84565    ])
Iter time: 272.661652088
Iter time: 525.567517996
Iter time: 904.103054047
180     , -15563.5    , array([ 0.551791   ,  0.0217304  ,  0.591291   ,  0.895183   ,  7.09596    ,  3.53741    ,  5.55165    ,  0.0807656  ,  0.0264681  ,  0.0107544  ,  1.01182    ,  2.93647    ])
Iter time: 334.071135044
Iter time: 643.59642911
Iter time: 1107.83221793
181     , -15480      , array([ 0.565678   ,  0.0199271  ,  0.58267    ,  0.893317   ,  6.96674    ,  3.54189    ,  6.88412    ,  0.0822035  ,  0.0269857  ,  0.0100862  ,  1.01182    ,  2.99071    ])
Iter time: 297.295939922
Iter time: 575.172350883
Iter time: 985.014382839
182     , -15432.8    , array([ 0.553655   ,  0.0188426  ,  0.593462   ,  0.894931   ,  6.84862    ,  3.42467    ,  6.22617    ,  0.0838483  ,  0.0215322  ,  0.0113607  ,  1.01192    ,  2.96243    ])
Iter time: 317.755688906
Iter time: 612.159412146
Iter time: 1023.41757393
183     , -15398      , array([ 0.563163   ,  0.0198455  ,  0.585096   ,  0.895349   ,  6.93202    ,  3.45862    ,  6.66715    ,  0.0861271  ,  0.0245421  ,  0.0100901  ,  1.01188    ,  3.00635    ])
Iter time: 323.521388054
Iter time: 624.929709911
Iter time: 1067.87620592
185     , -15375.3    , array([ 0.569619   ,  0.0192385  ,  0.587908   ,  0.89623    ,  6.90081    ,  3.44925    ,  6.79064    ,  0.0865116  ,  0.025635   ,  0.0102857  ,  1.0122     ,  3.04111    ])
Iter time: 350.829275131
Iter time: 678.102000952
Iter time: 1162.43930292
187     , -15303.3    , array([ 0.57982    ,  0.0179458  ,  0.584045   ,  0.895547   ,  6.96892    ,  3.37176    ,  7.57063    ,  0.0839603  ,  0.0261624  ,  0.0106795  ,  1.0122     ,  3.10166    ])
Iter time: 364.694351912
Iter time: 701.798310041
Iter time: 1206.42105293
188     , -15036.1    , array([ 0.607481   ,  0.0159994  ,  0.574002   ,  0.897046   ,  6.91542    ,  3.16809    ,  8.34012    ,  0.086638   ,  0.0301246  ,  0.0105942  ,  1.01262    ,  3.253      ])
Iter time: 384.521687031
Iter time: 739.047964096
Iter time: 1265.55154514
189     , -15227      , array([ 0.596215   ,  0.0166577  ,  0.578449   ,  0.895456   ,  6.93177    ,  3.28811    ,  8.48193    ,  0.0811179  ,  0.0275448  ,  0.0108201  ,  1.01241    ,  3.16643    ])
Iter time: 348.927723885
Iter time: 671.41503787
Iter time: 1156.41830206
190     , -15113.7    , array([ 0.610227   ,  0.0153822  ,  0.575304   ,  0.897092   ,  6.97826    ,  3.2132     ,  7.79115    ,  0.0807423  ,  0.0331595  ,  0.0108322  ,  1.01251    ,  3.20401    ])
Iter time: 352.198978901
Iter time: 679.709661007
Iter time: 1165.28087211
191     , -15059.6    , array([ 0.612158   ,  0.0151762  ,  0.572436   ,  0.898314   ,  6.95927    ,  3.15805    ,  8.00888    ,  0.0812687  ,  0.0320221  ,  0.0116139  ,  1.01267    ,  3.23843    ])
Iter time: 388.192011118
Iter time: 750.816161871
Iter time: 1288.32525086
193     , -15530.4    , array([ 0.562704   ,  0.0182427  ,  0.59173    ,  0.893973   ,  7.11416    ,  3.51174    ,  8.09719    ,  0.0784288  ,  0.0213709  ,  0.0114238  ,  1.01218    ,  2.99533    ])
Iter time: 279.088778973
Iter time: 537.286101103
Iter time: 921.575196981
194     , -15093.1    , array([ 0.600587   ,  0.016639   ,  0.573626   ,  0.898336   ,  6.82802    ,  3.17714    ,  6.17936    ,  0.0853227  ,  0.0319     ,  0.0112421  ,  1.0126     ,  3.1596     ])
Iter time: 375.818378925
Iter time: 724.300405979
Iter time: 1244.36425686
195     , -15018.1    , array([ 0.614205   ,  0.0151577  ,  0.572609   ,  0.896776   ,  6.92183    ,  3.12942    ,  8.68768    ,  0.0840755  ,  0.0296801  ,  0.0106071  ,  1.01271    ,  3.23838    ])
Iter time: 306.437211037
Iter time: 624.426595926
Iter time: 1014.54325414
198     , -15404.4    , array([ 0.569328   ,  0.0193165  ,  0.586375   ,  0.89562    ,  7.01913    ,  3.43109    ,  6.45375    ,  0.0817179  ,  0.0269703  ,  0.010809   ,  1.01206    ,  3.02528    ])
Iter time: 297.742819071
Iter time: 571.681119919
Iter time: 980.398288012
199     , -14981.7    , array([ 0.614423   ,  0.0163166  ,  0.57058    ,  0.898421   ,  6.76104    ,  3.14161    ,  6.69344    ,  0.0877635  ,  0.0367384  ,  0.0102366  ,  1.01238    ,  3.24854    ])
Iter time: 336.969086885
Iter time: 647.09306407
Iter time: 1110.79396796
201     , -14940.6    , array([ 0.619671   ,  0.0144479  ,  0.57743    ,  0.899935   ,  6.86972    ,  3.05323    ,  7.83614    ,  0.0846518  ,  0.0306296  ,  0.0116229  ,  1.01282    ,  3.29871    ])
Iter time: 338.652823925
Iter time: 652.36746788
Iter time: 1120.08344889
202     , -14674.4    , array([ 0.64857    ,  0.0123023  ,  0.574828   ,  0.903262   ,  6.82171    ,  2.8348     ,  8.36044    ,  0.0859031  ,  0.0326321  ,  0.0124769  ,  1.01332    ,  3.4644     ])
Iter time: 385.728309155
Iter time: 745.110638142
Iter time: 1275.52301717
203     , -14867.8    , array([ 0.650045   ,  0.0142315  ,  0.563923   ,  0.8997     ,  6.98361    ,  3.0598     ,  9.10047    ,  0.0833268  ,  0.0411414  ,  0.0104814  ,  1.01296    ,  3.41823    ])
Iter time: 282.230890989
Iter time: 541.683745861
Iter time: 931.610080004
204     , -14787.6    , array([ 0.609921   ,  0.0164275  ,  0.561509   ,  0.899391   ,  6.80134    ,  2.97145    ,  6.70503    ,  0.0924983  ,  0.0330721  ,  0.010124   ,  1.01315    ,  3.23795    ])
Iter time: 365.868546009
Iter time: 702.493909121
Iter time: 1206.57912302
205     , -14711.7    , array([ 0.648352   ,  0.0132503  ,  0.56217    ,  0.900277   ,  6.77156    ,  2.92188    ,  8.92966    ,  0.0885162  ,  0.03613    ,  0.0107188  ,  1.01318    ,  3.42861    ])
Iter time: 361.986576796
Iter time: 696.298817873
Iter time: 1194.85384798
206     , -14585.6    , array([ 0.67102    ,  0.0120574  ,  0.559658   ,  0.901373   ,  6.82994    ,  2.81828    ,  9.07519    ,  0.0843685  ,  0.0423482  ,  0.0115989  ,  1.01358    ,  3.52661    ])
Iter time: 363.358036995
Iter time: 699.015020847
Iter time: 1198.75636601
208     , -14475.5    , array([ 0.681779   ,  0.011506   ,  0.552428   ,  0.901346   ,  6.84903    ,  2.73236    ,  9.35139    ,  0.0836431  ,  0.0440806  ,  0.0116084  ,  1.01348    ,  3.57344    ])
Iter time: 306.36453104
Iter time: 588.171020031
Iter time: 1009.8414712
210     , -14503      , array([ 0.666088   ,  0.012494   ,  0.557171   ,  0.903112   ,  6.80481    ,  2.77918    ,  7.60949    ,  0.0896616  ,  0.0443685  ,  0.0111651  ,  1.01345    ,  3.50187    ])
Iter time: 325.22738409
Iter time: 625.655121088
Iter time: 1074.9446032
211     , -14513.9    , array([ 0.660364   ,  0.013069   ,  0.557235   ,  0.90247    ,  6.73117    ,  2.77601    ,  8.25166    ,  0.0916657  ,  0.0386888  ,  0.0112091  ,  1.0135     ,  3.51245    ])
Iter time: 307.95106411
Iter time: 593.213531017
Iter time: 1018.97809601
213     , -14921.5    , array([ 0.619903   ,  0.0152058  ,  0.569212   ,  0.899228   ,  6.83673    ,  3.06313    ,  7.12428    ,  0.0859324  ,  0.0340749  ,  0.0111286  ,  1.01284    ,  3.27008    ])
Iter time: 323.426707983
Iter time: 622.975944042
Iter time: 1068.07100701
214     , -14452.2    , array([ 0.670176   ,  0.012728   ,  0.556802   ,  0.902085   ,  6.71359    ,  2.74766    ,  8.26099    ,  0.0930281  ,  0.0418029  ,  0.0103755  ,  1.01352    ,  3.54272    ])
Iter time: 308.355526924
Iter time: 593.272394896
Iter time: 1018.77571487
216     , -14369.5    , array([ 0.686482   ,  0.0116215  ,  0.552475   ,  0.904205   ,  6.72289    ,  2.67471    ,  7.9203     ,  0.0883038  ,  0.0469299  ,  0.0113347  ,  1.01373    ,  3.57737    ])
Iter time: 288.44973588
Iter time: 552.797279119
Iter time: 952.133275986
217     , -14033.1    , array([ 0.729755   ,  0.00990471 ,  0.542015   ,  0.907805   ,  6.62864    ,  2.45763    ,  7.71838    ,  0.0891487  ,  0.0585753  ,  0.0117241  ,  1.01428    ,  3.75149    ])
Iter time: 286.265676022
Iter time: 550.744859934
Iter time: 945.00070405
218     , -14235.6    , array([ 0.698757   ,  0.011427   ,  0.548774   ,  0.906321   ,  6.66839    ,  2.60088    ,  7.45499    ,  0.0918882  ,  0.0533474  ,  0.0115113  ,  1.01389    ,  3.68269    ])
Iter time: 358.583999157
Iter time: 687.827156067
Iter time: 1181.27473903
219     , -14163.1    , array([ 0.713645   ,  0.0100035  ,  0.547161   ,  0.905982   ,  6.81129    ,  2.51049    ,  9.85148    ,  0.0887032  ,  0.0458624  ,  0.0121636  ,  1.01448    ,  3.74873    ])
Iter time: 352.591497898
Iter time: 676.831134081
Iter time: 1161.79759884
220     , -14090.5    , array([ 0.724134   ,  0.0100107  ,  0.544876   ,  0.906299   ,  6.7317     ,  2.49084    ,  9.76945    ,  0.0910738  ,  0.0519573  ,  0.0113557  ,  1.01429    ,  3.8098     ])
Iter time: 282.567049026
Iter time: 543.001107931
Iter time: 932.007606983
221     , -14005.2    , array([ 0.70309    ,  0.0100869  ,  0.546845   ,  0.906928   ,  6.54989    ,  2.4095     ,  7.73893    ,  0.0953236  ,  0.0447401  ,  0.0122189  ,  1.0144     ,  3.71115    ])
Iter time: 251.2588799
Iter time: 483.744895935
Iter time: 825.192316055
222     , -13587.9    , array([ 0.731215   ,  0.00849206 ,  0.538501   ,  0.910564   ,  6.34324    ,  2.13817    ,  7.13657    ,  0.101955   ,  0.0466558  ,  0.0131929  ,  1.01512    ,  3.8669     ])
Iter time: 301.325752974
Iter time: 581.774015188
Iter time: 996.309036016
224     , -14557.1    , array([ 0.647005   ,  0.0136489  ,  0.557432   ,  0.90181    ,  6.7626     ,  2.80178    ,  7.52082    ,  0.0911642  ,  0.0382122  ,  0.0108226  ,  1.0135     ,  3.42117    ])
Iter time: 280.723839998
Iter time: 539.028271914
Iter time: 924.450027943
225     , -13932.7    , array([ 0.726309   ,  0.0097537  ,  0.543971   ,  0.908471   ,  6.67548    ,  2.37191    ,  7.74456    ,  0.0916519  ,  0.0544591  ,  0.0125074  ,  1.01456    ,  3.80964    ])
Iter time: 290.325423956
Iter time: 557.903122902
Iter time: 957.456448078
226     , -13836.5    , array([ 0.739895   ,  0.0101066  ,  0.527123   ,  0.906337   ,  6.6025     ,  2.3732     ,  8.16703    ,  0.095465   ,  0.0656697  ,  0.0107494  ,  1.01462    ,  3.83045    ])
Iter time: 263.804151058
Iter time: 508.109517813
Iter time: 869.60016489
227     , -13823.4    , array([ 0.726882   ,  0.010013   ,  0.536034   ,  0.909068   ,  6.55743    ,  2.31969    ,  7.39274    ,  0.0992241  ,  0.0544415  ,  0.0114175  ,  1.01454    ,  3.81507    ])
Iter time: 303.10346818
Iter time: 580.925457001
Iter time: 998.518856049
229     , -14345      , array([ 0.675476   ,  0.0120892  ,  0.551653   ,  0.903812   ,  6.71873    ,  2.65555    ,  7.84309    ,  0.0916526  ,  0.0434708  ,  0.0111849  ,  1.01382    ,  3.55856    ])
Iter time: 285.460910082
Iter time: 548.854840994
Iter time: 938.623658895
230     , -13718.3    , array([ 0.755927   ,  0.00865987 ,  0.533967   ,  0.909402   ,  6.61753    ,  2.26525    ,  8.03898    ,  0.0926215  ,  0.064452   ,  0.011916   ,  1.01484    ,  3.90914    ])
Iter time: 297.545214176
Iter time: 568.900777102
Iter time: 975.802479029
231     , -13610.8    , array([ 0.765402   ,  0.00852164 ,  0.530255   ,  0.909807   ,  6.51555    ,  2.18685    ,  8.79753    ,  0.0952058  ,  0.0598099  ,  0.0120934  ,  1.01512    ,  3.99352    ])
Iter time: 246.043003082
Iter time: 474.964715004
Iter time: 804.171748161
232     , -13523.7    , array([ 0.762345   ,  0.00880167 ,  0.531169   ,  0.91301    ,  6.41985    ,  2.14328    ,  7.08631    ,  0.104283   ,  0.0633415  ,  0.0117112  ,  1.01537    ,  3.98671    ])
Iter time: 304.610034943
Iter time: 585.173943043
Iter time: 1004.01304817
235     , -14178.4    , array([ 0.698836   ,  0.0111449  ,  0.548119   ,  0.905073   ,  6.65972    ,  2.55206    ,  8.14826    ,  0.0936557  ,  0.0478198  ,  0.0110545  ,  1.01405    ,  3.67477    ])
Iter time: 295.25405407
Iter time: 566.668545008
Iter time: 972.295414925
237     , -14117.6    , array([ 0.702588   ,  0.0108249  ,  0.545433   ,  0.905991   ,  6.65983    ,  2.50476    ,  7.95212    ,  0.0930445  ,  0.0489585  ,  0.011472   ,  1.01421    ,  3.68791    ])
Iter time: 294.485760927
Iter time: 564.074911118
Iter time: 966.640122175
238     , -13527.9    , array([ 0.764985   ,  0.00814804 ,  0.529415   ,  0.909979   ,  6.53376    ,  2.13262    ,  8.8142     ,  0.0973013  ,  0.0561812  ,  0.0120204  ,  1.01536    ,  3.96744    ])
Iter time: 296.091300964
Iter time: 568.624490023
Iter time: 975.626577854
240     , -14002.4    , array([ 0.717495   ,  0.0102357  ,  0.542758   ,  0.906813   ,  6.62489    ,  2.43335    ,  8.15383    ,  0.0942546  ,  0.0515105  ,  0.0114432  ,  1.01439    ,  3.75985    ])
Iter time: 231.601270914
Iter time: 446.235115051
Iter time: 763.542206049
241     , -13510.6    , array([ 0.761085   ,  0.00886793 ,  0.527202   ,  0.911279   ,  6.34694    ,  2.13314    ,  6.54825    ,  0.10247    ,  0.0684412  ,  0.011419   ,  1.01497    ,  3.94959    ])
Iter time: 285.996908903
Iter time: 550.139065981
Iter time: 944.230148077
244     , -13939.6    , array([ 0.721982   ,  0.0100138  ,  0.540478   ,  0.907528   ,  6.60403    ,  2.39151    ,  7.92745    ,  0.0945639  ,  0.0531092  ,  0.0116254  ,  1.0145     ,  3.77781    ])
Iter time: 221.370937109
Iter time: 425.437543869
Iter time: 729.790187836
245     , -13463.4    , array([ 0.759748   ,  0.00857234 ,  0.525711   ,  0.912051   ,  6.35038    ,  2.07904    ,  6.17411    ,  0.102059   ,  0.0641156  ,  0.0122699  ,  1.01532    ,  3.92541    ])
Iter time: 185.964627981
Iter time: 357.994166851
Iter time: 615.205069065
246     , -13225.7    , array([ 0.778207   ,  0.00793262 ,  0.516383   ,  0.91494    ,  6.16791    ,  1.89942    ,  4.90825    ,  0.108038   ,  0.0712233  ,  0.0127543  ,  1.01584    ,  3.98453    ])
Iter time: 275.347227812
Iter time: 528.697890043
Iter time: 906.588879824
248     , -13854.5    , array([ 0.73769    ,  0.00949061 ,  0.537515   ,  0.908784   ,  6.56356    ,  2.33963    ,  7.59771    ,  0.0934535  ,  0.0586202  ,  0.0118053  ,  1.01461    ,  3.81847    ])
Iter time: 277.620270967
Iter time: 534.067045927
Iter time: 914.913885832
250     , -13832.1    , array([ 0.732314   ,  0.00961755 ,  0.537665   ,  0.908369   ,  6.55916    ,  2.32424    ,  7.78614    ,  0.0960584  ,  0.0552685  ,  0.0116782  ,  1.01467    ,  3.82519    ])
Iter time: 272.718801975
Iter time: 525.108941078
Iter time: 899.664902925
252     , -13797.1    , array([ 0.735035   ,  0.00949673 ,  0.536418   ,  0.908762   ,  6.54697    ,  2.30143    ,  7.67154    ,  0.0962787  ,  0.0562129  ,  0.011773   ,  1.01473    ,  3.8363     ])
Iter time: 243.374734879
Iter time: 466.891653061
Iter time: 800.870413065
253     , -13362.1    , array([ 0.772541   ,  0.0082794  ,  0.51984    ,  0.911577   ,  6.29005    ,  2.05764    ,  7.10527    ,  0.105705   ,  0.0653474  ,  0.0112509  ,  1.01541    ,  3.98834    ])
Iter time: 266.633630991
Iter time: 511.673161983
Iter time: 876.746890068
255     , -13728.6    , array([ 0.744789   ,  0.00918266 ,  0.53389    ,  0.909519   ,  6.51004    ,  2.26134    ,  7.4864     ,  0.0964019  ,  0.0594038  ,  0.0118102  ,  1.01483    ,  3.86502    ])
Iter time: 272.00535202
Iter time: 521.960196018
Iter time: 897.848488808
257     , -13715.4    , array([ 0.746106   ,  0.00943822 ,  0.528984   ,  0.908427   ,  6.52549    ,  2.27293    ,  7.73373    ,  0.0974735  ,  0.0626121  ,  0.0113139  ,  1.01484    ,  3.87252    ])
Iter time: 266.739243984
Iter time: 512.647456884
Iter time: 878.143496037
259     , -13708      , array([ 0.742851   ,  0.00919979 ,  0.533886   ,  0.909447   ,  6.50264    ,  2.24727    ,  7.54911    ,  0.0978356  ,  0.0577394  ,  0.011777   ,  1.01488    ,  3.87185    ])
Iter time: 260.158646822
Iter time: 498.69986701
Iter time: 855.114109039
261     , -13699.7    , array([ 0.740761   ,  0.00935395 ,  0.532986   ,  0.909813   ,  6.49951    ,  2.24211    ,  7.36235    ,  0.0993763  ,  0.0574464  ,  0.0116599  ,  1.01483    ,  3.86911    ])
Iter time: 263.698961973
Iter time: 506.451366186
Iter time: 868.335387945
263     , -13681.7    , array([ 0.745145   ,  0.00910387 ,  0.533035   ,  0.909703   ,  6.49236    ,  2.23084    ,  7.48704    ,  0.0980195  ,  0.0584263  ,  0.0118353  ,  1.01493    ,  3.88123    ])
Iter time: 244.644399166
Iter time: 469.92412591
Iter time: 805.588656902
264     , -13400.3    , array([ 0.766211   ,  0.00828254 ,  0.525349   ,  0.911804   ,  6.36426    ,  2.06312    ,  7.13198    ,  0.103588   ,  0.061908   ,  0.0119904  ,  1.01542    ,  3.99213    ])
Iter time: 223.621926069
Iter time: 429.149038076
Iter time: 735.030842066
265     , -13363.5    , array([ 0.756624   ,  0.00871759 ,  0.52385    ,  0.912322   ,  6.22029    ,  2.02773    ,  6.51054    ,  0.109845   ,  0.0566773  ,  0.0118962  ,  1.01551    ,  3.96092    ])
Iter time: 258.591031075
Iter time: 497.806280851
Iter time: 855.639746904
267     , -13611.2    , array([ 0.751612   ,  0.00902578 ,  0.528719   ,  0.909805   ,  6.45753    ,  2.19664    ,  7.42649    ,  0.0996503  ,  0.0612616  ,  0.0116305  ,  1.01504    ,  3.90728    ])
Iter time: 255.802927971
Iter time: 492.189786911
Iter time: 844.261215925
269     , -13603.5    , array([ 0.750337   ,  0.00890396 ,  0.530948   ,  0.910331   ,  6.44435    ,  2.18213    ,  7.33231    ,  0.0999117  ,  0.0589749  ,  0.01186    ,  1.01506    ,  3.90842    ])
Iter time: 253.274344921
Iter time: 486.130362988
Iter time: 833.792350054
271     , -13595.7    , array([ 0.749682   ,  0.00895983 ,  0.530416   ,  0.910536   ,  6.44051    ,  2.17716    ,  7.2398     ,  0.100718   ,  0.0588894  ,  0.0118092  ,  1.01504    ,  3.90869    ])
Iter time: 254.002337933
Iter time: 487.712962866
Iter time: 838.014834881
273     , -13583      , array([ 0.752087   ,  0.00883337 ,  0.530331   ,  0.910516   ,  6.43481    ,  2.16948    ,  7.29065    ,  0.100141   ,  0.0594091  ,  0.0118966  ,  1.0151     ,  3.91596    ])
Iter time: 234.581395864
Iter time: 448.867161989
Iter time: 769.912115812
274     , -13355.9    , array([ 0.766731   ,  0.00810978 ,  0.526833   ,  0.912973   ,  6.29531    ,  2.02222    ,  6.76588    ,  0.105124   ,  0.0592631  ,  0.0123417  ,  1.01552    ,  3.99667    ])
Iter time: 200.311334133
Iter time: 385.471714973
Iter time: 661.007169008
275     , -13362.1    , array([ 0.753135   ,  0.00851892 ,  0.52474    ,  0.913499   ,  6.20359    ,  2.00494    ,  5.4669     ,  0.111865   ,  0.0606087  ,  0.0119096  ,  1.01549    ,  3.91088    ])
Iter time: 219.135429144
Iter time: 420.305110931
Iter time: 719.814250946
276     , -13286.4    , array([ 0.768732   ,  0.00809329 ,  0.523029   ,  0.913503   ,  6.23246    ,  1.98112    ,  6.24614    ,  0.108622   ,  0.0617475  ,  0.0121525  ,  1.01563    ,  3.99644    ])
Iter time: 242.42866993
Iter time: 466.308882952
Iter time: 800.517493963
278     , -13504.9    , array([ 0.755354   ,  0.00868433 ,  0.528383   ,  0.911349   ,  6.38007    ,  2.11927    ,  6.95673    ,  0.102755   ,  0.0597307  ,  0.0119211  ,  1.01522    ,  3.93401    ])
Iter time: 241.637768984
Iter time: 464.135725975
Iter time: 796.771277905
280     , -13498.4    , array([ 0.747003   ,  0.00846249 ,  0.531974   ,  0.911396   ,  6.33324    ,  2.09943    ,  6.89961    ,  0.103418   ,  0.0537159  ,  0.0125471  ,  1.01526    ,  3.91574    ])
Iter time: 242.642061949
Iter time: 465.6141119
Iter time: 798.912896872
282     , -13491.5    , array([ 0.757375   ,  0.00861546 ,  0.527992   ,  0.911408   ,  6.37456    ,  2.11185    ,  6.95769    ,  0.102632   ,  0.0603606  ,  0.0119412  ,  1.01526    ,  3.94049    ])
Iter time: 181.468091011
Iter time: 349.487923145
Iter time: 599.690150976
283     , -13358.1    , array([ 0.759156   ,  0.00874673 ,  0.521703   ,  0.91487    ,  6.07827    ,  1.97844    ,  4.80868    ,  0.114721   ,  0.0677501  ,  0.0119382  ,  1.01546    ,  3.9584     ])
Iter time: 203.162417889
Iter time: 389.989330053
Iter time: 668.231858969
284     , -13257.6    , array([ 0.761253   ,  0.00808874 ,  0.518424   ,  0.912141   ,  6.13001    ,  1.94251    ,  5.6069     ,  0.108756   ,  0.0607691  ,  0.0122927  ,  1.01546    ,  3.93459    ])
Iter time: 209.084287882
Iter time: 401.673757076
Iter time: 690.173316002
285     , -13214.1    , array([ 0.762542   ,  0.00790617 ,  0.520866   ,  0.914018   ,  6.16459    ,  1.92153    ,  5.91267    ,  0.111784   ,  0.0551376  ,  0.0127631  ,  1.01595    ,  3.96906    ])
Iter time: 200.925555944
Iter time: 385.740175009
Iter time: 661.218943834
286     , -13062.1    , array([ 0.763271   ,  0.00746515 ,  0.517726   ,  0.915391   ,  6.0754     ,  1.82374    ,  5.6184     ,  0.116753   ,  0.0494895  ,  0.0134934  ,  1.01644    ,  3.97883    ])
Iter time: 194.697415113
Iter time: 375.57553792
Iter time: 644.75886488
287     , -13166.6    , array([ 0.769663   ,  0.00787233 ,  0.517939   ,  0.914622   ,  6.08277    ,  1.8863     ,  5.3708     ,  0.113872   ,  0.0612285  ,  0.0124807  ,  1.0159     ,  3.9923     ])
Iter time: 226.02908206
Iter time: 434.118174076
Iter time: 743.845863104
289     , -13396.8    , array([ 0.75564    ,  0.00833971 ,  0.526949   ,  0.912324   ,  6.27068    ,  2.03968    ,  6.42674    ,  0.106193   ,  0.057307   ,  0.0123684  ,  1.01544    ,  3.9425     ])
Iter time: 187.619240999
Iter time: 361.667883158
Iter time: 620.229701042
290     , -13117.7    , array([ 0.771147   ,  0.00779783 ,  0.515848   ,  0.915255   ,  6.03069    ,  1.8487     ,  5.08279    ,  0.116514   ,  0.0613925  ,  0.0125218  ,  1.01599    ,  3.99897    ])
Iter time: 178.31537199
Iter time: 343.777446985
Iter time: 590.084872961
291     , -13176.7    , array([ 0.76307    ,  0.00803014 ,  0.516869   ,  0.915434   ,  5.98649    ,  1.85808    ,  4.68639    ,  0.117723   ,  0.0597746  ,  0.0125609  ,  1.01592    ,  3.94836    ])
Iter time: 183.651283979
Iter time: 353.982352018
Iter time: 606.02070713
292     , -13123.2    , array([ 0.775009   ,  0.00792498 ,  0.513644   ,  0.915431   ,  6.02905    ,  1.85044    ,  4.93401    ,  0.116825   ,  0.065029   ,  0.0122084  ,  1.01599    ,  3.99905    ])
Iter time: 182.298211098
Iter time: 351.454713821
Iter time: 605.534785986
293     , -13124      , array([ 0.777104   ,  0.00746196 ,  0.51499    ,  0.915952   ,  6.04633    ,  1.83319    ,  4.65054    ,  0.114106   ,  0.0672753  ,  0.0127479  ,  1.016      ,  3.98682    ])
Iter time: 198.410079956
Iter time: 381.943968058
Iter time: 655.195719004
295     , -13286.3    , array([ 0.760927   ,  0.00824342 ,  0.521656   ,  0.913919   ,  6.16145    ,  1.95877    ,  5.44784    ,  0.112002   ,  0.061443   ,  0.0121448  ,  1.01565    ,  3.9454     ])
Iter time: 163.764696836
Iter time: 315.637239933
Iter time: 542.173614979
296     , -13122.5    , array([ 0.763148   ,  0.00767975 ,  0.517644   ,  0.917503   ,  5.93328    ,  1.76523    ,  3.96833    ,  0.120122   ,  0.0587666  ,  0.0138076  ,  1.01622    ,  3.96496    ])
Iter time: 204.574954033
Iter time: 392.550361872
Iter time: 674.716483831
297     , -13014.3    , array([ 0.777283   ,  0.0071135  ,  0.515124   ,  0.914639   ,  6.11535    ,  1.80133    ,  5.67884    ,  0.111533   ,  0.0553544  ,  0.0133319  ,  1.0163     ,  3.99604    ])
Iter time: 163.199413061
Iter time: 314.699090004
Iter time: 540.835554123
299     , -13028.7    , array([ 0.771359   ,  0.00750642 ,  0.508201   ,  0.916818   ,  5.87605    ,  1.72868    ,  3.91998    ,  0.122921   ,  0.0625661  ,  0.013063   ,  1.01637    ,  3.95769    ])
Iter time: 164.64772892
Iter time: 316.88676095
Iter time: 544.974833012
300     , -13033.9    , array([ 0.769789   ,  0.00742793 ,  0.509449   ,  0.91684    ,  5.87733    ,  1.72491    ,  3.92894    ,  0.12144    ,  0.0601807  ,  0.0134271  ,  1.01638    ,  3.95149    ])
Iter time: 190.346276045
Iter time: 367.445531845
Iter time: 627.472498894
302     , -13198.4    , array([ 0.765452   ,  0.00796007 ,  0.518407   ,  0.914666   ,  6.09462    ,  1.89283    ,  5.12471    ,  0.113801   ,  0.0611476  ,  0.0125076  ,  1.01586    ,  3.95988    ])
Iter time: 191.238518
Iter time: 368.337001801
Iter time: 632.198267937
304     , -13180.8    , array([ 0.765791   ,  0.00787977 ,  0.516797   ,  0.913881   ,  6.07759    ,  1.88292    ,  5.17954    ,  0.112352   ,  0.0608271  ,  0.0125926  ,  1.01578    ,  3.95551    ])
Iter time: 178.97428298
Iter time: 345.101639032
Iter time: 592.058223963
305     , -12976      , array([ 0.760543   ,  0.0074198  ,  0.51404    ,  0.916131   ,  5.87216    ,  1.75125    ,  4.70638    ,  0.125509   ,  0.0506968  ,  0.0130193  ,  1.01636    ,  3.96372    ])
Iter time: 176.529744148
Iter time: 339.961992025
Iter time: 584.303723097
306     , -12839.4    , array([ 0.751862   ,  0.00717596 ,  0.512873   ,  0.916727   ,  5.72965    ,  1.68156    ,  4.60858    ,  0.135276   ,  0.042772   ,  0.0131539  ,  1.01662    ,  3.95335    ])
Iter time: 175.654412031
Iter time: 335.571986914
Iter time: 576.468513966
307     , -12960.3    , array([ 0.770911   ,  0.00726751 ,  0.511119   ,  0.91675    ,  5.88192    ,  1.72302    ,  4.42854    ,  0.122635   ,  0.0556357  ,  0.013388   ,  1.01646    ,  3.9873     ])
Iter time: 171.07339406
Iter time: 329.796674967
Iter time: 566.04508996
308     , -12944.5    , array([ 0.771426   ,  0.00724326 ,  0.511767   ,  0.918017   ,  5.86632    ,  1.70666    ,  4.26875    ,  0.126044   ,  0.0551034  ,  0.0134341  ,  1.01665    ,  3.99703    ])
Iter time: 178.679642916
Iter time: 343.715143919
Iter time: 590.328222036
310     , -13107.8    , array([ 0.766179   ,  0.00775546 ,  0.515358   ,  0.915798   ,  5.9737     ,  1.8186     ,  4.67604    ,  0.118698   ,  0.058628   ,  0.0128176  ,  1.0161     ,  3.96429    ])
Iter time: 166.333135843
Iter time: 320.449791908
Iter time: 550.823937893
311     , -12923.5    , array([ 0.768358   ,  0.00710882 ,  0.509371   ,  0.9179     ,  5.82396    ,  1.66943    ,  3.96068    ,  0.126659   ,  0.0536156  ,  0.0137683  ,  1.01669    ,  3.96364    ])
Iter time: 170.811726093
Iter time: 329.446622849
Iter time: 565.150337934
312     , -12903.3    , array([ 0.759566   ,  0.0074394  ,  0.511352   ,  0.916892   ,  5.82259    ,  1.69122    ,  4.45331    ,  0.128616   ,  0.0469852  ,  0.0136538  ,  1.0167     ,  3.96523    ])
