==========================================
SLURM_JOB_ID = 18981487
SLURM_NODELIST = c8-71
==========================================
Module slurm/17.11.5 loaded 
Module openmpi/3.0.1 loaded 
Module gcc/7.3.0 loaded 
Module python/2.7.6 loaded 
Module numpy/1.11.1 loaded 
Module dadi/1.7.0 loaded 
Module matplotlib/2.0 loaded 
Module scipy/0.18.0 loaded 
Beginning. Call:
/home/hemstrow/monarch/github/F-H_2018/DADI/demographic_models/run_3d_mods.py /home/hemstrow/monarch/github/F-H_2018/Data/dadi_inputs/ dadi_snps_10kgap.txt 1st_folded_optim_10kgap_snps_dadi_out.txt lgrowth_p3 10 [NAM,HAW,GUA] True 3 [0.1,0.1,0.5,1,5,5,.1,.1,.1,.1,2] [1,1,5,10,20,20,10,10,10,10,4] [1e-3,1e-3,1e-3,1e-3,0.01,0.01,0.01,0.01,0.01,0.01,1] [150,15,15] fmin

Ready to begin run. Parameters:

Model:
lgrowth_p3
Maxiters:
10
Pops:
['NAM', 'HAW', 'GUA']
Projection:
[150, 15, 15]
Number of segregating sites in projected sfs:
9454.98941724
Folding spectra:
True
Level of parm folding:
3
Optimizer:
fmin
p0:
[  6.79315380e-02   4.89802536e-02   6.29183672e-02   4.21477434e+00
   1.98000000e+01   1.98000000e+01   2.23479842e-01   1.85232966e-01
   1.48146951e-02   7.52334515e-02   1.01000000e+00]
Upper Bounds:
[1.0, 1.0, 5.0, 10.0, 20.0, 20.0, 10.0, 10.0, 10.0, 10.0, 4.0]
Lower Bounds:
[0.001, 0.001, 0.001, 0.001, 0.01, 0.01, 0.01, 0.01, 0.01, 0.01, 1.0]

Beginning optimization ************************************************
optimize_log_fmin.
Iter time: 1015.92332101
Iter time: 1969.10651708
Iter time: 3396.773031
1       , -29252.6    , array([ 0.0679315  ,  0.0489803  ,  0.0629184  ,  4.21477    ,  19.8       ,  19.8       ,  0.22348    ,  0.185233   ,  0.0148147  ,  0.0752335  ,  1.01       ])
Iter time: 1051.55981088
Iter time: 2036.42026591
Iter time: 149966.380156
2       , -29252.8    , array([ 0.0593848  ,  0.0489803  ,  0.0629184  ,  4.21477    ,  19.8       ,  19.8       ,  0.22348    ,  0.185233   ,  0.0148147  ,  0.0752335  ,  1.01       ])
Iter time: 1137.11373091
Iter time: 1974.22571802
Iter time: 3401.40726614
3       , -29252.5    , array([ 0.0679315  ,  0.0421233  ,  0.0629184  ,  4.21477    ,  19.8       ,  19.8       ,  0.22348    ,  0.185233   ,  0.0148147  ,  0.0752335  ,  1.01       ])
Iter time: 1124.92397499
Iter time: 2184.87311292
Iter time: 3763.70309901
4       , -29512.7    , array([ 0.0679315  ,  0.0489803  ,  0.0547919  ,  4.21477    ,  19.8       ,  19.8       ,  0.22348    ,  0.185233   ,  0.0148147  ,  0.0752335  ,  1.01       ])
Iter time: 1016.83249092
Iter time: 1967.55318093
Iter time: 3394.42047095
5       , -29534.8    , array([ 0.0679315  ,  0.0489803  ,  0.0629184  ,  4.52911    ,  19.8       ,  19.8       ,  0.22348    ,  0.185233   ,  0.0148147  ,  0.0752335  ,  1.01       ])
Iter time: 1018.93678284
Iter time: 1972.97587895
Iter time: 3392.96917605
8       , -29447.7    , array([ 0.0679315  ,  0.0489803  ,  0.0629184  ,  4.21477    ,  19.8       ,  19.8       ,  0.207348   ,  0.185233   ,  0.0148147  ,  0.0752335  ,  1.01       ])
Iter time: 1018.56800485
Iter time: 1974.82097888
Iter time: 3392.02708197
9       , -29556.1    , array([ 0.0679315  ,  0.0489803  ,  0.0629184  ,  4.21477    ,  19.8       ,  19.8       ,  0.22348    ,  0.170257   ,  0.0148147  ,  0.0752335  ,  1.01       ])
Iter time: 1016.31076407
Iter time: 1971.24198699
Iter time: 3392.36557984
10      , -29260.2    , array([ 0.0679315  ,  0.0489803  ,  0.0629184  ,  4.21477    ,  19.8       ,  19.8       ,  0.22348    ,  0.185233   ,  0.0120013  ,  0.0752335  ,  1.01       ])
Iter time: 1016.33139014
Iter time: 1967.05846286
Iter time: 3392.35303998
11      , -29309.8    , array([ 0.0679315  ,  0.0489803  ,  0.0629184  ,  4.21477    ,  19.8       ,  19.8       ,  0.22348    ,  0.185233   ,  0.0148147  ,  0.0661046  ,  1.01       ])
Iter time: 1018.82601118
Iter time: 1972.12820101
Iter time: 3392.50537801
12      , -29252.8    , array([ 0.0679315  ,  0.0489803  ,  0.0629184  ,  4.21477    ,  19.8       ,  19.8       ,  0.22348    ,  0.185233   ,  0.0148147  ,  0.0752335  ,  1.0105     ])
Iter time: 1020.18764114
Iter time: 1975.871984
Iter time: 3404.55872488
15      , -29255.5    , array([ 0.0679315  ,  0.0454226  ,  0.0629184  ,  4.21477    ,  19.8       ,  19.8       ,  0.22348    ,  0.185233   ,  0.0148147  ,  0.0752335  ,  1.01       ])
Iter time: 1037.17969394
Iter time: 2005.84633112
Iter time: 3454.12623715
16      , -29253      , array([ 0.0635146  ,  0.0454226  ,  0.0629184  ,  4.21477    ,  19.8       ,  19.8       ,  0.22348    ,  0.185233   ,  0.0148147  ,  0.0752335  ,  1.01       ])
Iter time: 1017.42130184
Iter time: 1971.59545088
Iter time: 3402.06126881
17      , -29256.4    , array([ 0.0679315  ,  0.0454226  ,  0.0629184  ,  4.21477    ,  19.8       ,  19.8       ,  0.22348    ,  0.185233   ,  0.0148147  ,  0.0752335  ,  1.01025    ])
Iter time: 1017.32932496
Iter time: 1969.95822191
Iter time: 3400.78494
18      , -29259.6    , array([ 0.0679315  ,  0.0454226  ,  0.0629184  ,  4.21477    ,  19.8       ,  19.8       ,  0.22348    ,  0.185233   ,  0.013334   ,  0.0752335  ,  1.01       ])
Iter time: 1016.96541882
Iter time: 1970.81280184
Iter time: 3411.2051239
19      , -29284.7    , array([ 0.0679315  ,  0.0454226  ,  0.0629184  ,  4.21477    ,  19.8       ,  19.8       ,  0.22348    ,  0.185233   ,  0.0148147  ,  0.0705215  ,  1.01       ])
Iter time: 1017.3519392
Iter time: 1969.64742184
Iter time: 3404.16598415
20      , -29352.8    , array([ 0.0679315  ,  0.0454226  ,  0.0629184  ,  4.21477    ,  19.8       ,  19.8       ,  0.215263   ,  0.185233   ,  0.0148147  ,  0.0752335  ,  1.01       ])
Iter time: 1071.43486905
Iter time: 2073.82339406
Iter time: 3591.90006995
21      , -29382.2    , array([ 0.0679315  ,  0.0454226  ,  0.0587147  ,  4.21477    ,  19.8       ,  19.8       ,  0.22348    ,  0.185233   ,  0.0148147  ,  0.0752335  ,  1.01       ])
Iter time: 1020.34447289
Iter time: 1971.30418301
Iter time: 3396.61927891
22      , -29397.6    , array([ 0.0679315  ,  0.0454226  ,  0.0629184  ,  4.36912    ,  19.8       ,  19.8       ,  0.22348    ,  0.185233   ,  0.0148147  ,  0.0752335  ,  1.01       ])
Iter time: 1017.95961285
Iter time: 1970.22975016
Iter time: 3395.73972607
23      , -29407.2    , array([ 0.0679315  ,  0.0454226  ,  0.0629184  ,  4.21477    ,  19.8       ,  19.8       ,  0.22348    ,  0.177587   ,  0.0148147  ,  0.0752335  ,  1.01       ])
Iter time: 1027.42971897
Iter time: 1991.11504412
Iter time: 3427.8661449
28      , -29254.7    , array([ 0.0656859  ,  0.0437418  ,  0.0629184  ,  4.21477    ,  19.8       ,  19.8       ,  0.22348    ,  0.185233   ,  0.0148147  ,  0.0752335  ,  1.01       ])
Iter time: 1021.38796806
Iter time: 1970.8352778
Iter time: 4652.12367415
29      , -29253.6    , array([ 0.0679315  ,  0.0437418  ,  0.0629184  ,  4.21477    ,  19.8       ,  19.8       ,  0.22348    ,  0.185233   ,  0.0148147  ,  0.0752335  ,  1.01       ])
Iter time: 1017.9751339
Iter time: 1970.62403107
Iter time: 3402.81210113
30      , -29253.8    , array([ 0.0679315  ,  0.0437418  ,  0.0629184  ,  4.21477    ,  19.8       ,  19.8       ,  0.22348    ,  0.185233   ,  0.0148147  ,  0.0752335  ,  1.01013    ])
Iter time: 1019.03806996
Iter time: 1973.26022601
Iter time: 3402.96776485
31      , -29255.7    , array([ 0.0679315  ,  0.0437418  ,  0.0629184  ,  4.21477    ,  19.8       ,  19.8       ,  0.22348    ,  0.185233   ,  0.0140549  ,  0.0752335  ,  1.01       ])
Iter time: 1018.81016684
Iter time: 1972.94138217
Iter time: 3403.62734914
32      , -29268.3    , array([ 0.0679315  ,  0.0437418  ,  0.0629184  ,  4.21477    ,  19.8       ,  19.8       ,  0.22348    ,  0.185233   ,  0.0148147  ,  0.0728394  ,  1.01       ])
Iter time: 1020.26149607
Iter time: 1975.076684
Iter time: 3401.78530502
33      , -29302.1    , array([ 0.0679315  ,  0.0437418  ,  0.0629184  ,  4.21477    ,  19.8       ,  19.8       ,  0.219333   ,  0.185233   ,  0.0148147  ,  0.0752335  ,  1.01       ])
Iter time: 1045.23148894
Iter time: 2030.89076591
Iter time: 3488.77949595
34      , -29323.5    , array([ 0.0679315  ,  0.0437418  ,  0.0607802  ,  4.21477    ,  19.8       ,  19.8       ,  0.22348    ,  0.185233   ,  0.0148147  ,  0.0752335  ,  1.01       ])
Iter time: 1019.20920205
Iter time: 1979.916924
Iter time: 3410.91673398
35      , -29324.1    , array([ 0.0679315  ,  0.0437418  ,  0.0629184  ,  4.29125    ,  19.8       ,  19.8       ,  0.22348    ,  0.185233   ,  0.0148147  ,  0.0752335  ,  1.01       ])
