==========================================
SLURM_JOB_ID = 18981494
SLURM_NODELIST = c8-72
==========================================
Module slurm/17.11.5 loaded 
Module openmpi/3.0.1 loaded 
Module gcc/7.3.0 loaded 
Module python/2.7.6 loaded 
Module numpy/1.11.1 loaded 
Module dadi/1.7.0 loaded 
Module matplotlib/2.0 loaded 
Module scipy/0.18.0 loaded 
Beginning. Call:
/home/hemstrow/monarch/github/F-H_2018/DADI/demographic_models/run_3d_mods.py /home/hemstrow/monarch/github/F-H_2018/Data/dadi_inputs/ dadi_snps_10kgap.txt 1st_folded_optim_10kgap_snps_dadi_out.txt lgrowth_p3 10 [NAM,GUA,HAW] True 3 [0.1,0.1,0.5,1,5,5,.1,.1,.1,.1,2] [1,1,5,10,20,20,10,10,10,10,4] [1e-3,1e-3,1e-3,1e-3,0.01,0.01,0.01,0.01,0.01,0.01,1] [150,15,15] fmin

Ready to begin run. Parameters:

Model:
lgrowth_p3
Maxiters:
10
Pops:
['NAM', 'GUA', 'HAW']
Projection:
[150, 15, 15]
Number of segregating sites in projected sfs:
9454.98941724
Folding spectra:
True
Level of parm folding:
3
Optimizer:
fmin
p0:
[  0.0211365    0.06542079   0.15352398   1.07900928  19.8          1.03783929
   0.03363898   0.3863809    0.21758623   0.23006185   3.96      ]
Upper Bounds:
[1.0, 1.0, 5.0, 10.0, 20.0, 20.0, 10.0, 10.0, 10.0, 10.0, 4.0]
Lower Bounds:
[0.001, 0.001, 0.001, 0.001, 0.01, 0.01, 0.01, 0.01, 0.01, 0.01, 1.0]

Beginning optimization ************************************************
optimize_log_fmin.
Iter time: 54.9872899055
Iter time: 91.7167670727
Iter time: 143.16771698
1       , -24362.5    , array([ 0.0211365  ,  0.0654208  ,  0.153524   ,  1.07901    ,  19.8       ,  1.03784    ,  0.033639   ,  0.386381   ,  0.217586   ,  0.230062   ,  3.96       ])
Iter time: 59.2287530899
Iter time: 97.7150797844
Iter time: 151.490319014
2       , -24362.9    , array([ 0.0174295  ,  0.0654208  ,  0.153524   ,  1.07901    ,  19.8       ,  1.03784    ,  0.033639   ,  0.386381   ,  0.217586   ,  0.230062   ,  3.96       ])
Iter time: 56.0236730576
Iter time: 93.8084058762
Iter time: 146.608160973
3       , -24379.7    , array([ 0.0211365  ,  0.0570823  ,  0.153524   ,  1.07901    ,  19.8       ,  1.03784    ,  0.033639   ,  0.386381   ,  0.217586   ,  0.230062   ,  3.96       ])
Iter time: 57.6413660049
Iter time: 96.3038699627
Iter time: 150.776739836
4       , -24404      , array([ 0.0211365  ,  0.0654208  ,  0.139793   ,  1.07901    ,  19.8       ,  1.03784    ,  0.033639   ,  0.386381   ,  0.217586   ,  0.230062   ,  3.96       ])
Iter time: 54.8940029144
Iter time: 91.5065879822
Iter time: 143.046680927
5       , -24361.6    , array([ 0.0211365  ,  0.0654208  ,  0.153524   ,  1.08312    ,  19.8       ,  1.03784    ,  0.033639   ,  0.386381   ,  0.217586   ,  0.230062   ,  3.96       ])
Iter time: 54.9055922031
Iter time: 91.648567915
Iter time: 143.060629129
7       , -24361.5    , array([ 0.0211365  ,  0.0654208  ,  0.153524   ,  1.07901    ,  19.8       ,  1.03977    ,  0.033639   ,  0.386381   ,  0.217586   ,  0.230062   ,  3.96       ])
Iter time: 54.9424579144
Iter time: 91.4415681362
Iter time: 142.936875105
8       , -24720.7    , array([ 0.0211365  ,  0.0654208  ,  0.153524   ,  1.07901    ,  19.8       ,  1.03784    ,  0.0283913  ,  0.386381   ,  0.217586   ,  0.230062   ,  3.96       ])
Iter time: 54.8873388767
Iter time: 91.5392661095
Iter time: 142.898061991
9       , -24441.4    , array([ 0.0211365  ,  0.0654208  ,  0.153524   ,  1.07901    ,  19.8       ,  1.03784    ,  0.033639   ,  0.36844    ,  0.217586   ,  0.230062   ,  3.96       ])
Iter time: 54.8702311516
Iter time: 91.5395789146
Iter time: 143.135390997
10      , -24367.8    , array([ 0.0211365  ,  0.0654208  ,  0.153524   ,  1.07901    ,  19.8       ,  1.03784    ,  0.033639   ,  0.386381   ,  0.20161    ,  0.230062   ,  3.96       ])
Iter time: 54.9958970547
Iter time: 91.5100209713
Iter time: 142.980972052
11      , -24420.3    , array([ 0.0211365  ,  0.0654208  ,  0.153524   ,  1.07901    ,  19.8       ,  1.03784    ,  0.033639   ,  0.386381   ,  0.217586   ,  0.213765   ,  3.96       ])
Iter time: 54.9528470039
Iter time: 91.6301221848
Iter time: 143.120960951
15      , -24361.1    , array([ 0.0211365  ,  0.0654208  ,  0.153524   ,  1.08106    ,  19.8       ,  1.0388     ,  0.033639   ,  0.386381   ,  0.217586   ,  0.230062   ,  3.96       ])
Iter time: 55.0129299164
Iter time: 91.667568922
Iter time: 143.05074501
16      , -24361.6    , array([ 0.0211365  ,  0.0654208  ,  0.153524   ,  1.07901    ,  19.8       ,  1.0388     ,  0.033639   ,  0.386381   ,  0.217586   ,  0.230062   ,  3.96       ])
Iter time: 56.9764640331
Iter time: 94.4424049854
Iter time: 146.958894014
17      , -24362.1    , array([ 0.0191937  ,  0.0654208  ,  0.153524   ,  1.07901    ,  19.8       ,  1.0388     ,  0.033639   ,  0.386381   ,  0.217586   ,  0.230062   ,  3.96       ])
Iter time: 54.9362099171
Iter time: 91.5863399506
Iter time: 142.991006851
18      , -24364.2    , array([ 0.0211365  ,  0.0654208  ,  0.153524   ,  1.07901    ,  19.8       ,  1.0388     ,  0.033639   ,  0.386381   ,  0.209446   ,  0.230062   ,  3.96       ])
Iter time: 55.5263259411
Iter time: 92.5949220657
Iter time: 144.792803764
19      , -24369.8    , array([ 0.0211365  ,  0.0611095  ,  0.153524   ,  1.07901    ,  19.8       ,  1.0388     ,  0.033639   ,  0.386381   ,  0.217586   ,  0.230062   ,  3.96       ])
Iter time: 56.1801819801
Iter time: 93.9234549999
Iter time: 146.791328907
20      , -24381.8    , array([ 0.0211365  ,  0.0654208  ,  0.146498   ,  1.07901    ,  19.8       ,  1.0388     ,  0.033639   ,  0.386381   ,  0.217586   ,  0.230062   ,  3.96       ])
Iter time: 54.9881379604
Iter time: 91.6045670509
Iter time: 143.000383139
21      , -24390.6    , array([ 0.0211365  ,  0.0654208  ,  0.153524   ,  1.07901    ,  19.8       ,  1.0388     ,  0.033639   ,  0.386381   ,  0.217586   ,  0.221764   ,  3.96       ])
Iter time: 54.9277920723
Iter time: 91.6676049232
Iter time: 143.250448942
22      , -24401      , array([ 0.0211365  ,  0.0654208  ,  0.153524   ,  1.07901    ,  19.8       ,  1.0388     ,  0.033639   ,  0.377304   ,  0.217586   ,  0.230062   ,  3.96       ])
Iter time: 54.9224541187
Iter time: 91.5792078972
Iter time: 143.033234835
23      , -24546      , array([ 0.0211365  ,  0.0654208  ,  0.153524   ,  1.07901    ,  19.8       ,  1.0388     ,  0.0309039  ,  0.386381   ,  0.217586   ,  0.230062   ,  3.96       ])
Iter time: 54.9315400124
Iter time: 91.5897960663
Iter time: 142.976508141
28      , -24361      , array([ 0.0211365  ,  0.0654208  ,  0.153524   ,  1.08004    ,  19.8       ,  1.03929    ,  0.033639   ,  0.386381   ,  0.217586   ,  0.230062   ,  3.96       ])
Iter time: 54.9276540279
Iter time: 91.5203669071
Iter time: 143.524589062
29      , -24361.4    , array([ 0.0211365  ,  0.0654208  ,  0.153524   ,  1.08004    ,  19.8       ,  1.0388     ,  0.033639   ,  0.386381   ,  0.217586   ,  0.230062   ,  3.96       ])
Iter time: 56.0127038956
Iter time: 93.2734618187
Iter time: 145.095761061
30      , -24361.7    , array([ 0.0201417  ,  0.0654208  ,  0.153524   ,  1.08004    ,  19.8       ,  1.0388     ,  0.033639   ,  0.386381   ,  0.217586   ,  0.230062   ,  3.96       ])
Iter time: 54.9831960201
Iter time: 91.5252819061
Iter time: 143.037049055
31      , -24362.7    , array([ 0.0211365  ,  0.0654208  ,  0.153524   ,  1.08004    ,  19.8       ,  1.0388     ,  0.033639   ,  0.386381   ,  0.213477   ,  0.230062   ,  3.96       ])
Iter time: 55.181620121
Iter time: 92.0834078789
Iter time: 143.869219065
32      , -24365.7    , array([ 0.0211365  ,  0.0632284  ,  0.153524   ,  1.08004    ,  19.8       ,  1.0388     ,  0.033639   ,  0.386381   ,  0.217586   ,  0.230062   ,  3.96       ])
Iter time: 55.5867819786
Iter time: 92.9475390911
Iter time: 144.856700897
33      , -24371.7    , array([ 0.0211365  ,  0.0654208  ,  0.14997    ,  1.08004    ,  19.8       ,  1.0388     ,  0.033639   ,  0.386381   ,  0.217586   ,  0.230062   ,  3.96       ])
Iter time: 54.9846379757
Iter time: 91.559071064
Iter time: 142.958756924
34      , -24375.9    , array([ 0.0211365  ,  0.0654208  ,  0.153524   ,  1.08004    ,  19.8       ,  1.0388     ,  0.033639   ,  0.386381   ,  0.217586   ,  0.225875   ,  3.96       ])
Iter time: 54.9814281464
Iter time: 91.6296150684
Iter time: 143.238409996
35      , -24381.1    , array([ 0.0211365  ,  0.0654208  ,  0.153524   ,  1.08004    ,  19.8       ,  1.0388     ,  0.033639   ,  0.381815   ,  0.217586   ,  0.230062   ,  3.96       ])
Iter time: 55.0537948608
Iter time: 91.5829110146
Iter time: 142.958909988
36      , -24454.9    , array([ 0.0211365  ,  0.0654208  ,  0.153524   ,  1.08004    ,  19.8       ,  1.0388     ,  0.0322425  ,  0.386381   ,  0.217586   ,  0.230062   ,  3.96       ])
Iter time: 55.5179970264
Iter time: 92.6775379181
Iter time: 144.347116947
39      , -24422.2    , array([ 0.020952   ,  0.0650166  ,  0.152872   ,  1.08022    ,  19.9348    ,  1.03889    ,  0.0333806  ,  0.385547   ,  0.216833   ,  0.229295   ,  3.89246    ])
Iter time: 54.3575940132
Iter time: 90.985822916
Iter time: 142.206429958
40      , -24245.5    , array([ 0.0209187  ,  0.0649434  ,  0.152753   ,  1.08026    ,  19.0982    ,  1.03891    ,  0.0333339  ,  0.385395   ,  0.216697   ,  0.229156   ,  3.94763    ])
Iter time: 53.6945180893
Iter time: 89.7944309711
Iter time: 140.720769167
41      , -24110.2    , array([ 0.0208106  ,  0.064706   ,  0.152369   ,  1.08037    ,  18.4099    ,  1.03896    ,  0.0331824  ,  0.384903   ,  0.216253   ,  0.228704   ,  3.94146    ])
Iter time: 55.1109910011
Iter time: 91.9544401169
Iter time: 143.80024004
42      , -24240.7    , array([ 0.0208597  ,  0.0648138  ,  0.152544   ,  1.08032    ,  19.5638    ,  1.03894    ,  0.0349598  ,  0.385127   ,  0.216455   ,  0.228909   ,  3.94427    ])
Iter time: 55.2465479374
Iter time: 92.1639809608
Iter time: 143.827720881
44      , -24377.3    , array([ 0.0209706  ,  0.0650573  ,  0.152937   ,  1.0802     ,  19.7909    ,  1.03888    ,  0.0335474  ,  0.385631   ,  0.216909   ,  0.229372   ,  3.92454    ])
Iter time: 55.1680870056
Iter time: 91.9746630192
Iter time: 143.685623169
45      , -24283.3    , array([ 0.0208131  ,  0.0647114  ,  0.152378   ,  1.08036    ,  19.4955    ,  1.03896    ,  0.0337746  ,  0.39036    ,  0.216263   ,  0.228714   ,  3.9473     ])
Iter time: 54.8884959221
Iter time: 91.4642419815
Iter time: 142.862459898
46      , -24270.5    , array([ 0.020949   ,  0.0650099  ,  0.152861   ,  1.08023    ,  19.4512    ,  1.03889    ,  0.0339083  ,  0.387355   ,  0.216821   ,  0.229282   ,  3.98716    ])
Iter time: 55.1544780731
Iter time: 91.9381580353
Iter time: 144.010497093
47      , -24252.1    , array([ 0.0207509  ,  0.0645747  ,  0.152157   ,  1.08043    ,  19.3795    ,  1.03899    ,  0.0338651  ,  0.38678    ,  0.216008   ,  0.233467   ,  3.95637    ])
Iter time: 54.379005909
Iter time: 90.6549320221
Iter time: 141.542423964
48      , -24235.1    , array([ 0.0206816  ,  0.064422   ,  0.156173   ,  1.0805     ,  19.304     ,  1.03902    ,  0.0339064  ,  0.386853   ,  0.215722   ,  0.229831   ,  3.95571    ])
Iter time: 54.6591639519
Iter time: 91.3095638752
Iter time: 142.184283972
49      , -24217.6    , array([ 0.0205999  ,  0.0668828  ,  0.153033   ,  1.08058    ,  19.2152    ,  1.03906    ,  0.0339552  ,  0.386939   ,  0.215385   ,  0.229789   ,  3.95492    ])
Iter time: 54.7330601215
Iter time: 91.3452019691
Iter time: 142.891129017
50      , -24193.3    , array([ 0.0205038  ,  0.0649017  ,  0.152944   ,  1.08068    ,  19.1107    ,  1.03911    ,  0.034013   ,  0.38704    ,  0.219886   ,  0.229739   ,  3.954      ])
Iter time: 53.6954591274
Iter time: 89.751349926
Iter time: 140.634142876
51      , -24163.9    , array([ 0.0215863  ,  0.0648078  ,  0.152839   ,  1.0808     ,  18.988     ,  1.03916    ,  0.0340815  ,  0.38716    ,  0.216146   ,  0.229681   ,  3.95291    ])
Iter time: 54.3734400272
Iter time: 90.8330960274
Iter time: 142.180770874
52      , -24128.1    , array([ 0.0206492  ,  0.0646969  ,  0.152715   ,  1.08094    ,  18.8439    ,  1.03923    ,  0.0341625  ,  0.387302   ,  0.215885   ,  0.229612   ,  3.95163    ])
Iter time: 54.1994040012
Iter time: 90.6699140072
Iter time: 141.812680006
53      , -24086.4    , array([ 0.0205619  ,  0.0645662  ,  0.152568   ,  1.07989    ,  18.6751    ,  1.03931    ,  0.0342586  ,  0.38747    ,  0.215577   ,  0.22953    ,  3.95011    ])
Iter time: 53.8205399513
Iter time: 90.2127811909
Iter time: 141.432268143
54      , -23949.7    , array([ 0.0202804  ,  0.0641431  ,  0.152092   ,  1.0793     ,  18.1369    ,  1.03956    ,  0.0345727  ,  0.388016   ,  0.21458    ,  0.229265   ,  3.94517    ])
Iter time: 53.9998121262
Iter time: 90.437155962
Iter time: 141.649810791
55      , -24011.8    , array([ 0.0204079  ,  0.0643351  ,  0.152308   ,  1.08078    ,  18.3796    ,  1.03887    ,  0.0344296  ,  0.387768   ,  0.215033   ,  0.229385   ,  3.94741    ])
Iter time: 146512.841873
Iter time: 89.7671210766
Iter time: 233.582077026
56      , -24041      , array([ 0.0206511  ,  0.0649714  ,  0.153441   ,  1.08053    ,  18.4678    ,  1.03918    ,  0.0344113  ,  0.38335    ,  0.216124   ,  0.23086    ,  3.96013    ])
Iter time: 75.5145769119
Iter time: 89.9451110363
Iter time: 141.059909105
57      , -24010.9    , array([ 0.0204637  ,  0.0646662  ,  0.153062   ,  1.08073    ,  18.336     ,  1.0393     ,  0.0343675  ,  0.385595   ,  0.215442   ,  0.230575   ,  3.9157     ])
Iter time: 53.1998639107
Iter time: 89.2050359249
Iter time: 139.687160969
58      , -23985.9    , array([ 0.0206068  ,  0.0651187  ,  0.153936   ,  1.08058    ,  18.2196    ,  1.03927    ,  0.0345036  ,  0.385952   ,  0.21615    ,  0.22593    ,  3.93877    ])
Iter time: 52.8901219368
Iter time: 88.8126189709
Iter time: 138.981159925
59      , -23943.7    , array([ 0.0204539  ,  0.0649339  ,  0.153799   ,  1.08074    ,  17.8158    ,  1.03938    ,  0.0333434  ,  0.38776    ,  0.215648   ,  0.22988    ,  3.94985    ])
Iter time: 51.625289917
Iter time: 86.9655008316
Iter time: 136.723183155
60      , -23787.5    , array([ 0.020254   ,  0.064994   ,  0.154431   ,  1.08095    ,  17.0013    ,  1.0396     ,  0.0325634  ,  0.389083   ,  0.215246   ,  0.230367   ,  3.95264    ])
Iter time: 53.0702140331
Iter time: 89.2891190052
Iter time: 140.179785967
61      , -23876.1    , array([ 0.0205519  ,  0.0654339  ,  0.149918   ,  1.08064    ,  17.6434    ,  1.0394     ,  0.0341277  ,  0.386434   ,  0.216294   ,  0.229055   ,  3.93787    ])
Iter time: 52.5971159935
Iter time: 88.4961459637
Iter time: 139.532584906
62      , -23831.4    , array([ 0.0206246  ,  0.0627759  ,  0.152424   ,  1.08056    ,  17.4521    ,  1.03942    ,  0.03411    ,  0.386256   ,  0.216799   ,  0.228963   ,  3.93556    ])
Iter time: 52.7947301865
Iter time: 88.3980779648
Iter time: 137.918951035
63      , -23789.2    , array([ 0.0207434  ,  0.0643016  ,  0.152418   ,  1.08044    ,  17.2602    ,  1.03943    ,  0.0340697  ,  0.386012   ,  0.211816   ,  0.228872   ,  3.93313    ])
Iter time: 52.8298370838
Iter time: 88.8100221157
Iter time: 139.509413004
64      , -23750      , array([ 0.019561   ,  0.064303   ,  0.152446   ,  1.08026    ,  17.073     ,  1.03942    ,  0.0339991  ,  0.385685   ,  0.214689   ,  0.228783   ,  3.93063    ])
Iter time: 52.5051469803
Iter time: 88.3979461193
Iter time: 138.991174936
65      , -23541.7    , array([ 0.0186207  ,  0.0640521  ,  0.152251   ,  1.07999    ,  16.1892    ,  1.03955    ,  0.0339581  ,  0.384949   ,  0.213964   ,  0.228336   ,  3.91953    ])
Iter time: 51.9188978672
Iter time: 87.5309090614
Iter time: 137.701817036
66      , -23677.9    , array([ 0.0200678  ,  0.064296   ,  0.152486   ,  1.07995    ,  16.7351    ,  1.03941    ,  0.0338815  ,  0.385116   ,  0.214599   ,  0.228621   ,  3.92608    ])
Iter time: 52.2217729092
Iter time: 87.9374330044
Iter time: 138.404896021
67      , -23622      , array([ 0.0197811  ,  0.0642127  ,  0.152853   ,  1.08044    ,  16.8351    ,  1.03977    ,  0.0350147  ,  0.387555   ,  0.213935   ,  0.229513   ,  3.9334     ])
Iter time: 51.974121809
Iter time: 87.7234699726
Iter time: 138.167411089
68      , -23610.7    , array([ 0.0197785  ,  0.063814   ,  0.15168    ,  1.08026    ,  16.5023    ,  1.03965    ,  0.0338711  ,  0.389898   ,  0.213667   ,  0.227128   ,  3.91004    ])
Iter time: 51.2851109505
Iter time: 86.6281909943
Iter time: 136.528752804
69      , -23565.8    , array([ 0.0199005  ,  0.0643499  ,  0.152693   ,  1.07991    ,  16.2598    ,  1.0401     ,  0.0337527  ,  0.385841   ,  0.214503   ,  0.228177   ,  3.91587    ])
Iter time: 51.0978679657
Iter time: 86.4325869083
Iter time: 136.442862034
70      , -23484.7    , array([ 0.0197457  ,  0.0639634  ,  0.151874   ,  1.07982    ,  15.9462    ,  1.03981    ,  0.0337028  ,  0.38806    ,  0.213925   ,  0.226568   ,  3.94761    ])
Iter time: 49.9819259644
Iter time: 84.8906109333
Iter time: 134.400681019
71      , -23218.3    , array([ 0.0193962  ,  0.0636149  ,  0.151284   ,  1.07937    ,  14.8707    ,  1.04007    ,  0.0333754  ,  0.389299   ,  0.213171   ,  0.224591   ,  3.96367    ])
Iter time: 51.1135709286
Iter time: 86.6174550056
Iter time: 136.677479982
72      , -23367.8    , array([ 0.019394   ,  0.0632496  ,  0.150536   ,  1.07975    ,  15.4663    ,  1.04       ,  0.0333676  ,  0.38831    ,  0.212687   ,  0.230978   ,  3.92899    ])
Iter time: 50.0460438728
Iter time: 84.9537899494
Iter time: 134.34789896
73      , -23296      , array([ 0.0195466  ,  0.0640481  ,  0.152076   ,  1.08111    ,  15.0932    ,  1.03979    ,  0.0330868  ,  0.386298   ,  0.213899   ,  0.227926   ,  3.91969    ])
Iter time: 50.113683939
Iter time: 84.9871599674
Iter time: 134.33446908
74      , -23270      , array([ 0.0191134  ,  0.0625408  ,  0.154683   ,  1.07986    ,  15.0812    ,  1.04002    ,  0.0333299  ,  0.387854   ,  0.211774   ,  0.22793    ,  3.92364    ])
Iter time: 50.1102690697
Iter time: 84.9558758736
Iter time: 134.861484051
75      , -23212.1    , array([ 0.0187843  ,  0.0651444  ,  0.152547   ,  1.07981    ,  14.8471    ,  1.0401     ,  0.0332072  ,  0.388324   ,  0.210383   ,  0.227834   ,  3.92379    ])
Iter time: 49.1499550343
Iter time: 84.5712080002
Iter time: 132.125555038
76      , -22899.2    , array([ 0.0179266  ,  0.0663619  ,  0.152609   ,  1.07943    ,  13.6943    ,  1.04045    ,  0.0327648  ,  0.389362   ,  0.207246   ,  0.227271   ,  3.91792    ])
Iter time: 50.1369202137
Iter time: 85.0780730247
Iter time: 134.517472029
77      , -23091.6    , array([ 0.0181876  ,  0.0639645  ,  0.152588   ,  1.07974    ,  14.3936    ,  1.04028    ,  0.0330113  ,  0.38918    ,  0.21448    ,  0.227634   ,  3.92345    ])
Iter time: 50.1913061142
Iter time: 85.3810651302
Iter time: 135.265842915
78      , -22980.5    , array([ 0.0182661  ,  0.0630995  ,  0.150271   ,  1.07902    ,  14.177     ,  1.04023    ,  0.0346242  ,  0.386126   ,  0.210925   ,  0.225666   ,  3.89882    ])
Iter time: 49.7519459724
Iter time: 84.6158459187
Iter time: 134.357182026
79      , -22953      , array([ 0.018123   ,  0.0635671  ,  0.151783   ,  1.07985    ,  13.9747    ,  1.04057    ,  0.0334087  ,  0.390289   ,  0.210897   ,  0.226853   ,  3.92023    ])
Iter time: 49.1650261879
Iter time: 83.6259770393
Iter time: 133.088479042
80      , -22871.2    , array([ 0.0180954  ,  0.0635327  ,  0.151225   ,  1.07925    ,  13.4292    ,  1.04036    ,  0.0320526  ,  0.388329   ,  0.211003   ,  0.225493   ,  3.91054    ])
Iter time: 47.7018229961
Iter time: 81.9849600792
Iter time: 130.858270168
81      , -22479.6    , array([ 0.0173072  ,  0.0631953  ,  0.150418   ,  1.07865    ,  11.9941    ,  1.04065    ,  0.0306669  ,  0.388717   ,  0.209552   ,  0.223509   ,  3.89916    ])
Iter time: 48.426678896
Iter time: 82.9150371552
Iter time: 131.713082075
82      , -22693      , array([ 0.0176639  ,  0.0638165  ,  0.152164   ,  1.07913    ,  12.9278    ,  1.04066    ,  0.0325415  ,  0.385783   ,  0.210521   ,  0.227196   ,  3.93191    ])
Iter time: 48.6018459797
Iter time: 83.0463750362
Iter time: 132.544135094
83      , -22579.4    , array([ 0.0171791  ,  0.0631893  ,  0.151059   ,  1.07934    ,  12.5848    ,  1.04031    ,  0.0324395  ,  0.389829   ,  0.208988   ,  0.225974   ,  3.92898    ])
Iter time: 47.0295770168
Iter time: 80.8756439686
Iter time: 129.193119049
84      , -22425.3    , array([ 0.0180928  ,  0.0633268  ,  0.151281   ,  1.07915    ,  12.0739    ,  1.041      ,  0.0319762  ,  0.391628   ,  0.20862    ,  0.225391   ,  3.92703    ])
Iter time: 44.8754470348
Iter time: 77.862402916
Iter time: 125.412626982
85      , -21868.9    , array([ 0.0178344  ,  0.0629672  ,  0.150799   ,  1.07873    ,  10.427     ,  1.04172    ,  0.0310291  ,  0.395011   ,  0.205998   ,  0.223932   ,  3.93079    ])
Iter time: 46.9893648624
Iter time: 80.6148331165
Iter time: 128.619403124
86      , -22332.1    , array([ 0.0171086  ,  0.0640781  ,  0.153053   ,  1.0792     ,  11.7641    ,  1.04087    ,  0.032115   ,  0.389448   ,  0.208656   ,  0.221561   ,  3.9179     ])
Iter time: 47.3939070702
Iter time: 81.3773469925
Iter time: 129.861421108
87      , -22231.3    , array([ 0.0165688  ,  0.0632846  ,  0.151679   ,  1.0775     ,  11.5208    ,  1.04127    ,  0.0322124  ,  0.392055   ,  0.206541   ,  0.223375   ,  3.92688    ])
Iter time: 46.8952178955
Iter time: 80.8863670826
Iter time: 129.405287981
88      , -22068.4    , array([ 0.0165099  ,  0.0649493  ,  0.148593   ,  1.07831    ,  10.9791    ,  1.04127    ,  0.0317798  ,  0.391247   ,  0.207666   ,  0.222552   ,  3.92351    ])
Iter time: 46.4398930073
Iter time: 80.158107996
Iter time: 128.744405031
89      , -21910.2    , array([ 0.0157994  ,  0.0640941  ,  0.151436   ,  1.07861    ,  10.5369    ,  1.04144    ,  0.0314551  ,  0.390149   ,  0.205326   ,  0.225486   ,  3.8767     ])
Iter time: 46.4973919392
Iter time: 80.2458720207
Iter time: 127.375859976
90      , -21826.1    , array([ 0.0164236  ,  0.0637674  ,  0.149935   ,  1.07803    ,  10.286     ,  1.04144    ,  0.031524   ,  0.390445   ,  0.202461   ,  0.222089   ,  3.90792    ])
Iter time: 44.1993460655
Iter time: 77.3058710098
Iter time: 124.956123114
91      , -21217.6    , array([ 0.0156068  ,  0.063669   ,  0.148626   ,  1.07718    ,  8.69527    ,  1.04202    ,  0.0308056  ,  0.391079   ,  0.196707   ,  0.219368   ,  3.90018    ])
Iter time: 44.6305260658
Iter time: 77.6103210449
Iter time: 124.709874868
92      , -21588.7    , array([ 0.0158918  ,  0.0647472  ,  0.151942   ,  1.07843    ,  9.55499    ,  1.04181    ,  0.0294237  ,  0.394446   ,  0.203278   ,  0.222876   ,  3.93285    ])
Iter time: 44.299394846
Iter time: 77.2162082195
Iter time: 124.816626072
93      , -21389.5    , array([ 0.0156392  ,  0.0644862  ,  0.150458   ,  1.07733    ,  9.04592    ,  1.0417     ,  0.029798   ,  0.390991   ,  0.201949   ,  0.220998   ,  3.91366    ])
Iter time: 44.2270431519
Iter time: 77.4892859459
Iter time: 125.356166124
94      , -21183      , array([ 0.015423   ,  0.0614492  ,  0.149257   ,  1.07738    ,  8.56075    ,  1.04205    ,  0.0298637  ,  0.392219   ,  0.204541   ,  0.219472   ,  3.91519    ])
Iter time: 42.9179410934
Iter time: 76.1707658768
Iter time: 124.348365068
95      , -20384.6    , array([ 0.0143055  ,  0.0591309  ,  0.147608   ,  1.07635    ,  6.76859    ,  1.04286    ,  0.028511   ,  0.393656   ,  0.203202   ,  0.215674   ,  3.91383    ])
Iter time: 43.6826090813
Iter time: 76.7015929222
Iter time: 124.469613791
96      , -20962.9    , array([ 0.0150636  ,  0.0630203  ,  0.148869   ,  1.07716    ,  8.06177    ,  1.04223    ,  0.0293544  ,  0.397315   ,  0.200068   ,  0.217476   ,  3.89799    ])
Iter time: 42.8171560764
Iter time: 75.3785829544
Iter time: 122.573343992
97      , -20788.4    , array([ 0.015123   ,  0.0636148  ,  0.14956    ,  1.07656    ,  7.63732    ,  1.04294    ,  0.0289165  ,  0.394554   ,  0.199943   ,  0.217134   ,  3.89529    ])
Iter time: 42.6822509766
Iter time: 75.3375880718
Iter time: 122.395628929
98      , -20608.3    , array([ 0.0146473  ,  0.0636853  ,  0.150042   ,  1.07687    ,  7.38211    ,  1.04301    ,  0.0302628  ,  0.396757   ,  0.197711   ,  0.218377   ,  3.92437    ])
Iter time: 42.7909240723
Iter time: 75.7643458843
Iter time: 123.536922932
99      , -20427.9    , array([ 0.0144048  ,  0.0627378  ,  0.146927   ,  1.0759     ,  6.91504    ,  1.04319    ,  0.0285878  ,  0.397352   ,  0.196624   ,  0.219717   ,  3.90677    ])
Iter time: 41.9048771858
Iter time: 74.4840641022
Iter time: 121.795373917
100     , -20211.5    , array([ 0.0145003  ,  0.0634243  ,  0.147401   ,  1.07731    ,  6.4352     ,  1.04312    ,  0.0278894  ,  0.395675   ,  0.196868   ,  0.217281   ,  3.8942     ])
Iter time: 40.732104063
Iter time: 73.6240739822
Iter time: 121.699182034
101     , -19312.9    , array([ 0.0135651  ,  0.0634942  ,  0.145308   ,  1.07721    ,  4.80951    ,  1.04405    ,  0.0259506  ,  0.397497   ,  0.192203   ,  0.214296   ,  3.87797    ])
Iter time: 41.0857748985
Iter time: 73.4856879711
Iter time: 120.656910896
102     , -19875.4    , array([ 0.0140414  ,  0.0615446  ,  0.149853   ,  1.07629    ,  5.81172    ,  1.04363    ,  0.0272466  ,  0.397636   ,  0.193067   ,  0.21659    ,  3.88929    ])
Iter time: 40.8214440346
Iter time: 73.5448768139
Iter time: 121.049991131
103     , -19676.4    , array([ 0.0143615  ,  0.0619072  ,  0.146759   ,  1.07558    ,  5.43469    ,  1.04386    ,  0.0268182  ,  0.400135   ,  0.193093   ,  0.212212   ,  3.93856    ])
Iter time: 41.7169589996
Iter time: 75.0486390591
Iter time: 124.109720945
104     , -19359.4    , array([ 0.0122315  ,  0.0628209  ,  0.146653   ,  1.07489    ,  4.87838    ,  1.04397    ,  0.026475   ,  0.396137   ,  0.190212   ,  0.211607   ,  3.88576    ])
Iter time: 42.3606729507
Iter time: 75.0324668884
Iter time: 123.40299511
105     , -19235      , array([ 0.0130887  ,  0.0607593  ,  0.144615   ,  1.07455    ,  4.7111     ,  1.04427    ,  0.0273886  ,  0.397013   ,  0.190444   ,  0.210614   ,  3.87523    ])
Iter time: 41.9323217869
Iter time: 77.2620518208
Iter time: 128.755337
106     , -18243.3    , array([ 0.0118784  ,  0.0588585  ,  0.141085   ,  1.07262    ,  3.30802    ,  1.0455     ,  0.0264244  ,  0.398303   ,  0.184334   ,  0.204738   ,  3.84673    ])
Iter time: 41.1612920761
Iter time: 74.9263789654
Iter time: 124.204590797
107     , -18850.7    , array([ 0.0126513  ,  0.0600008  ,  0.144344   ,  1.07478    ,  4.14444    ,  1.04507    ,  0.0264601  ,  0.401873   ,  0.188543   ,  0.209472   ,  3.88203    ])
Iter time: 41.0293390751
Iter time: 74.8994288445
Iter time: 124.52651906
108     , -18589.8    , array([ 0.0122027  ,  0.0601187  ,  0.145348   ,  1.0745     ,  3.76811    ,  1.04531    ,  0.0248967  ,  0.403777   ,  0.192081   ,  0.209265   ,  3.89215    ])
Iter time: 41.1160569191
Iter time: 75.2213652134
Iter time: 125.370041847
109     , -18421.6    , array([ 0.0121678  ,  0.0602193  ,  0.144481   ,  1.07403    ,  3.53932    ,  1.04566    ,  0.0253567  ,  0.398606   ,  0.18746    ,  0.209613   ,  3.89327    ])
Iter time: 41.7234809399
Iter time: 76.6805329323
Iter time: 128.767475128
110     , -18179.8    , array([ 0.0116502  ,  0.0590644  ,  0.142912   ,  1.07417    ,  3.24847    ,  1.04545    ,  0.0251331  ,  0.402143   ,  0.185391   ,  0.208603   ,  3.89561    ])
Iter time: 45.2158420086
Iter time: 84.4298040867
Iter time: 142.557179928
111     , -17148.5    , array([ 0.0102254  ,  0.0569128  ,  0.1397     ,  1.07297    ,  2.11859    ,  1.0467     ,  0.0234313  ,  0.405992   ,  0.178517   ,  0.204463   ,  3.89577    ])
Iter time: 42.7617650032
Iter time: 79.3204689026
Iter time: 133.275081873
112     , -17728      , array([ 0.0112677  ,  0.0578052  ,  0.140616   ,  1.07315    ,  2.67836    ,  1.04605    ,  0.0229235  ,  0.401587   ,  0.184035   ,  0.204948   ,  3.8616     ])
Iter time: 43.1942098141
Iter time: 80.2613480091
Iter time: 135.029138088
113     , -17463.9    , array([ 0.010957   ,  0.0578111  ,  0.142456   ,  1.07362    ,  2.40635    ,  1.04639    ,  0.0233116  ,  0.401758   ,  0.18284    ,  0.201136   ,  3.87081    ])
Iter time: 44.9034938812
Iter time: 84.1294720173
Iter time: 141.928166866
114     , -17077      , array([ 0.0105109  ,  0.0610862  ,  0.140884   ,  1.07267    ,  2.03702    ,  1.04737    ,  0.0225343  ,  0.407036   ,  0.173557   ,  0.202324   ,  3.85606    ])
Iter time: 55.6248550415
Iter time: 105.982872009
Iter time: 180.816884995
115     , -16077.9    , array([ 0.00900964 ,  0.0620879  ,  0.137638   ,  1.07084    ,  1.11749    ,  1.04963    ,  0.0200336  ,  0.413896   ,  0.160398   ,  0.195962   ,  3.8275     ])
Iter time: 48.0589969158
Iter time: 90.3428490162
Iter time: 153.089764118
116     , -16810.5    , array([ 0.00987855 ,  0.0587844  ,  0.136646   ,  1.07174    ,  1.7579     ,  1.04768    ,  0.0222978  ,  0.405909   ,  0.176613   ,  0.197835   ,  3.86912    ])
Iter time: 50.6923809052
Iter time: 95.60907197
Iter time: 162.385071993
117     , -16559.8    , array([ 0.00902315 ,  0.0578927  ,  0.137726   ,  1.07176    ,  1.53109    ,  1.04814    ,  0.0219062  ,  0.404426   ,  0.173748   ,  0.199357   ,  3.80838    ])
Iter time: 50.8277640343
Iter time: 96.9255280495
Iter time: 165.116186142
118     , -16381.5    , array([ 0.0100243  ,  0.0562095  ,  0.136261   ,  1.07188    ,  1.38164    ,  1.0488     ,  0.021439   ,  0.410048   ,  0.1735     ,  0.197771   ,  3.84603    ])
Iter time: 57.1030869484
Iter time: 108.808413029
Iter time: 185.626293898
119     , -16093.2    , array([ 0.00855518 ,  0.0543947  ,  0.135925   ,  1.0686     ,  1.11706    ,  1.04958    ,  0.0211257  ,  0.410962   ,  0.168536   ,  0.192461   ,  3.84797    ])
Iter time: 58.9422130585
Iter time: 112.476914167
Iter time: 192.314574957
120     , -15997.8    , array([ 0.00854329 ,  0.0565443  ,  0.135345   ,  1.0699     ,  1.02138    ,  1.04937    ,  0.0198879  ,  0.408143   ,  0.16834    ,  0.193884   ,  3.83779    ])
Iter time: 84.3710150719
Iter time: 162.655224085
Iter time: 279.658084869
121     , -15427.4    , array([ 0.00702054 ,  0.0548915  ,  0.131059   ,  1.06747    ,  0.507049   ,  1.05153    ,  0.017242   ,  0.411314   ,  0.159066   ,  0.18653    ,  3.81586    ])
Iter time: 67.54728508
Iter time: 129.399276972
Iter time: 221.76533699
122     , -15734.4    , array([ 0.00801032 ,  0.0555077  ,  0.131905   ,  1.0689     ,  0.780107   ,  1.05027    ,  0.019771   ,  0.407586   ,  0.159669   ,  0.19006    ,  3.81406    ])
Iter time: 75.7480020523
Iter time: 145.6536479
Iter time: 250.037666082
123     , -15556.4    , array([ 0.00744536 ,  0.0546002  ,  0.130518   ,  1.06844    ,  0.630878   ,  1.05076    ,  0.0185537  ,  0.41455    ,  0.158901   ,  0.186396   ,  3.79874    ])
Iter time: 84.6802139282
Iter time: 163.216028929
Iter time: 281.180200815
124     , -15394.5    , array([ 0.00700572 ,  0.055105   ,  0.131781   ,  1.06909    ,  0.49941    ,  1.05187    ,  0.0166953  ,  0.417892   ,  0.157292   ,  0.187605   ,  3.83593    ])
Iter time: 136.369754076
Iter time: 264.632971048
Iter time: 459.628865957
125     , -15074.8    , array([ 0.00538023 ,  0.0533189  ,  0.127362   ,  1.06733    ,  0.194045   ,  1.05507    ,  0.0132706  ,  0.428044   ,  0.145297   ,  0.179584   ,  3.83054    ])
Iter time: 98.627464056
Iter time: 189.502379179
Iter time: 326.093514204
126     , -15262.8    , array([ 0.00645662 ,  0.0552909  ,  0.129861   ,  1.0675     ,  0.382727   ,  1.05297    ,  0.0174244  ,  0.419311   ,  0.150921   ,  0.182965   ,  3.81555    ])
Iter time: 111.688068867
Iter time: 215.995216131
Iter time: 372.326035976
127     , -15182.5    , array([ 0.00603097 ,  0.0548391  ,  0.126045   ,  1.06592    ,  0.304946   ,  1.05382    ,  0.016251   ,  0.422403   ,  0.1467     ,  0.18325    ,  3.79654    ])
Iter time: 121.796406984
Iter time: 236.022171021
Iter time: 408.073586941
128     , -15152.1    , array([ 0.00587096 ,  0.05533    ,  0.12615    ,  1.06528    ,  0.243487   ,  1.0548     ,  0.0151274  ,  0.421021   ,  0.144984   ,  0.176713   ,  3.75455    ])
Iter time: 132.305424929
Iter time: 256.69503808
Iter time: 442.604897976
129     , -15088.2    , array([ 0.00552851 ,  0.0529818  ,  0.12711    ,  1.06534    ,  0.204849   ,  1.05512    ,  0.0148136  ,  0.423915   ,  0.141382   ,  0.178923   ,  3.75982    ])
Iter time: 141.926985025
Iter time: 274.968075037
Iter time: 476.025431156
130     , -15059.2    , array([ 0.00553683 ,  0.0529377  ,  0.124286   ,  1.06416    ,  0.163154   ,  1.05593    ,  0.0140431  ,  0.429126   ,  0.138426   ,  0.1741     ,  3.81088    ])
Iter time: 204.854553938
Iter time: 398.579075098
Iter time: 688.694274902
131     , -15008      , array([ 0.00433724 ,  0.0506217  ,  0.118066   ,  1.06038    ,  0.0532592  ,  1.05985    ,  0.0112438  ,  0.442036   ,  0.123557   ,  0.162698   ,  3.81213    ])
Iter time: 186.38015604
Iter time: 362.355113983
Iter time: 626.034583807
132     , -15037.1    , array([ 0.00427969 ,  0.0534948  ,  0.122391   ,  1.06195    ,  0.100026   ,  1.05728    ,  0.0127604  ,  0.429062   ,  0.130327   ,  0.169376   ,  3.7675     ])
Iter time: 190.633225918
Iter time: 370.551542044
Iter time: 641.937684059
133     , -15020.8    , array([ 0.00442123 ,  0.0551121  ,  0.120377   ,  1.06401    ,  0.0797791  ,  1.0579     ,  0.0118154  ,  0.431476   ,  0.128038   ,  0.170053   ,  3.75116    ])
Iter time: 232.960449934
Iter time: 452.288899899
Iter time: 781.591675997
134     , -15047.1    , array([ 0.00368853 ,  0.0472482  ,  0.116017   ,  1.06054    ,  0.0493511  ,  1.05936    ,  0.011319   ,  0.431671   ,  0.129134   ,  0.162763   ,  3.75743    ])
Iter time: 238.448621988
Iter time: 463.92325902
Iter time: 802.249257088
135     , -15006.7    , array([ 0.00360309 ,  0.0513237  ,  0.118267   ,  1.06095    ,  0.0427968  ,  1.06038    ,  0.0103633  ,  0.442952   ,  0.124812   ,  0.163153   ,  3.76044    ])
Iter time: 110.915930986
Iter time: 214.711595058
Iter time: 370.979197979
138     , -15194.4    , array([ 0.00611923 ,  0.0538324  ,  0.127107   ,  1.06634    ,  0.300434   ,  1.05347    ,  0.0158709  ,  0.42096    ,  0.148138   ,  0.180078   ,  3.79119    ])
Iter time: 247.50541687
Iter time: 481.896426201
Iter time: 832.746183872
139     , -15008      , array([ 0.00351394 ,  0.0511377  ,  0.116268   ,  1.06082    ,  0.0367052  ,  1.06122    ,  0.0105296  ,  0.446136   ,  0.118362   ,  0.161228   ,  3.74732    ])
Iter time: 132.924510956
Iter time: 257.874888897
Iter time: 445.741587877
141     , -15093.9    , array([ 0.00550851 ,  0.0539321  ,  0.125976   ,  1.06551    ,  0.205404   ,  1.05504    ,  0.0149756  ,  0.425013   ,  0.142323   ,  0.177107   ,  3.79534    ])
Iter time: 244.776546955
Iter time: 476.87499404
Iter time: 825.521322012
142     , -15014.5    , array([ 0.00354101 ,  0.051426   ,  0.117305   ,  1.06058    ,  0.037747   ,  1.06106    ,  0.0103286  ,  0.441624   ,  0.120719   ,  0.162715   ,  3.7601     ])
Iter time: 147.753759146
Iter time: 287.028083086
Iter time: 496.945864916
144     , -15059.1    , array([ 0.00517175 ,  0.0535591  ,  0.123656   ,  1.06444    ,  0.16388    ,  1.05587    ,  0.0141304  ,  0.427627   ,  0.138828   ,  0.176156   ,  3.7844     ])
Iter time: 154.492288113
Iter time: 299.66787219
Iter time: 517.860028982
146     , -15058.1    , array([ 0.00507336 ,  0.0537188  ,  0.123596   ,  1.06409    ,  0.143826   ,  1.05641    ,  0.0135909  ,  0.427229   ,  0.137742   ,  0.172961   ,  3.76477    ])
Iter time: 161.525866985
Iter time: 313.668087006
Iter time: 544.440732956
148     , -15037.1    , array([ 0.00489591 ,  0.0530263  ,  0.123403   ,  1.06414    ,  0.129978   ,  1.05659    ,  0.0134631  ,  0.429351   ,  0.136269   ,  0.172967   ,  3.78378    ])
Iter time: 162.843329906
Iter time: 317.569417953
Iter time: 545.319368124
150     , -15032.7    , array([ 0.00487777 ,  0.0525591  ,  0.123791   ,  1.064      ,  0.127145   ,  1.05669    ,  0.013332   ,  0.429045   ,  0.135591   ,  0.173584   ,  3.76711    ])
Iter time: 260.443745136
Iter time: 506.398571014
Iter time: 877.45652914
151     , -15048.4    , array([ 0.00338164 ,  0.0508537  ,  0.11353    ,  1.0574     ,  0.0297202  ,  1.06178    ,  0.0108576  ,  0.440706   ,  0.114925   ,  0.15695    ,  3.70785    ])
Iter time: 177.314161062
Iter time: 344.01817584
Iter time: 594.715292931
153     , -15023.6    , array([ 0.00460696 ,  0.0526859  ,  0.121467   ,  1.06308    ,  0.103228   ,  1.05741    ,  0.0128686  ,  0.431556   ,  0.132793   ,  0.171071   ,  3.77304    ])
Iter time: 268.750087976
Iter time: 520.574054956
Iter time: 899.884617805
154     , -15028.1    , array([ 0.0032619  ,  0.0498255  ,  0.114822   ,  1.05916    ,  0.0276767  ,  1.06169    ,  0.010006   ,  0.444786   ,  0.116358   ,  0.159257   ,  3.76014    ])
Iter time: 160.824838877
Iter time: 312.382153988
Iter time: 539.392160177
155     , -15024.9    , array([ 0.00486174 ,  0.0524376  ,  0.125261   ,  1.06618    ,  0.132213   ,  1.05631    ,  0.0123403  ,  0.431907   ,  0.139774   ,  0.175969   ,  3.82759    ])
Iter time: 176.231426001
Iter time: 342.879478216
Iter time: 593.25553298
156     , -14982      , array([ 0.00468676 ,  0.0575186  ,  0.124296   ,  1.06404    ,  0.0952452  ,  1.05816    ,  0.0120246  ,  0.440992   ,  0.126198   ,  0.172108   ,  3.78981    ])
Iter time: 151.220309973
Iter time: 293.87382102
Iter time: 507.177962065
157     , -14970.9    , array([ 0.00528303 ,  0.0634628  ,  0.128654   ,  1.0658     ,  0.132317   ,  1.05755    ,  0.0123936  ,  0.445727   ,  0.124756   ,  0.17698    ,  3.80611    ])
Iter time: 210.874016047
Iter time: 410.928160906
Iter time: 708.774599075
158     , -14975.1    , array([ 0.00419707 ,  0.0524052  ,  0.118896   ,  1.06333    ,  0.0494449  ,  1.06029    ,  0.0106099  ,  0.446757   ,  0.124054   ,  0.166715   ,  3.7867     ])
Iter time: 182.790796041
Iter time: 355.569670916
Iter time: 614.118968964
160     , -15010.2    , array([ 0.00452341 ,  0.0529584  ,  0.121803   ,  1.06335    ,  0.0914983  ,  1.05785    ,  0.0123812  ,  0.434349   ,  0.131071   ,  0.170201   ,  3.78056    ])
Iter time: 185.668581963
Iter time: 358.559448957
Iter time: 620.185522079
162     , -15008      , array([ 0.00449957 ,  0.0527427  ,  0.121904   ,  1.06325    ,  0.0891526  ,  1.05796    ,  0.0122795  ,  0.434437   ,  0.130543   ,  0.170352   ,  3.77284    ])
Iter time: 137.280477047
Iter time: 266.550385952
Iter time: 459.668466091
163     , -15045.5    , array([ 0.00559977 ,  0.056806   ,  0.126882   ,  1.06662    ,  0.174658   ,  1.05609    ,  0.0132689  ,  0.433201   ,  0.138624   ,  0.177658   ,  3.79944    ])
Iter time: 232.206935167
Iter time: 451.936874151
Iter time: 780.903594971
164     , -15006.6    , array([ 0.00373375 ,  0.0514858  ,  0.117725   ,  1.06102    ,  0.0438665  ,  1.06029    ,  0.0107375  ,  0.441861   ,  0.121564   ,  0.16367    ,  3.76992    ])
Iter time: 248.928633213
Iter time: 485.677289009
Iter time: 837.140694141
165     , -15015      , array([ 0.003581   ,  0.0537969  ,  0.115004   ,  1.05866    ,  0.0299165  ,  1.0622     ,  0.0104902  ,  0.44797    ,  0.112508   ,  0.158681   ,  3.72219    ])
Iter time: 194.550268888
Iter time: 378.397911072
Iter time: 653.860099077
167     , -15005.4    , array([ 0.00433444 ,  0.0529492  ,  0.120443   ,  1.06254    ,  0.0761633  ,  1.05855    ,  0.0119883  ,  0.436431   ,  0.128076   ,  0.168498   ,  3.77145    ])
Iter time: 233.640401125
Iter time: 455.646049023
Iter time: 788.180243969
168     , -14977.9    , array([ 0.00374796 ,  0.0510081  ,  0.118498   ,  1.05976    ,  0.0392497  ,  1.06159    ,  0.0105845  ,  0.45241    ,  0.119181   ,  0.161702   ,  3.79239    ])
Iter time: 172.028972864
Iter time: 334.252641916
Iter time: 577.218272924
169     , -15001.1    , array([ 0.00466587 ,  0.0517518  ,  0.124711   ,  1.0653     ,  0.109965   ,  1.05718    ,  0.011941   ,  0.436534   ,  0.13706    ,  0.173885   ,  3.83492    ])
Iter time: 166.909528971
Iter time: 324.284776926
Iter time: 560.337109089
170     , -14986      , array([ 0.00496125 ,  0.0541998  ,  0.123633   ,  1.06424    ,  0.105856   ,  1.05762    ,  0.0124521  ,  0.441875   ,  0.130721   ,  0.171633   ,  3.80988    ])
Iter time: 221.971544027
Iter time: 431.902350903
Iter time: 747.591862917
171     , -14973.5    , array([ 0.00394956 ,  0.0528538  ,  0.119391   ,  1.06162    ,  0.044843   ,  1.06078    ,  0.0103984  ,  0.450682   ,  0.120338   ,  0.164335   ,  3.79458    ])
Iter time: 227.069518089
Iter time: 442.478597879
Iter time: 764.686190844
172     , -14971.8    , array([ 0.00387747 ,  0.0530903  ,  0.118841   ,  1.06143    ,  0.0406173  ,  1.06118    ,  0.0101724  ,  0.453609   ,  0.11905    ,  0.16312    ,  3.80632    ])
Iter time: 165.794530153
Iter time: 322.364184856
Iter time: 556.988253832
173     , -14975      , array([ 0.00505474 ,  0.0551308  ,  0.125099   ,  1.06397    ,  0.100488   ,  1.05792    ,  0.0117887  ,  0.44305    ,  0.131439   ,  0.172716   ,  3.84314    ])
Iter time: 195.689075947
Iter time: 380.596503019
Iter time: 659.074167013
174     , -14949.8    , array([ 0.00421083 ,  0.0565636  ,  0.124496   ,  1.06507    ,  0.0777282  ,  1.05894    ,  0.0111353  ,  0.447345   ,  0.127337   ,  0.173025   ,  3.78337    ])
Iter time: 190.526269913
Iter time: 370.199777126
Iter time: 637.941940069
175     , -14926      , array([ 0.00414902 ,  0.0597913  ,  0.127841   ,  1.06743    ,  0.0939011  ,  1.05848    ,  0.0110815  ,  0.450024   ,  0.12927    ,  0.178433   ,  3.76906    ])
Iter time: 159.20452714
Iter time: 309.657973051
Iter time: 534.678045034
176     , -14954.5    , array([ 0.00520051 ,  0.0573607  ,  0.126056   ,  1.06567    ,  0.111586   ,  1.05806    ,  0.0122294  ,  0.447707   ,  0.126864   ,  0.175374   ,  3.83698    ])
Iter time: 151.417882919
Iter time: 293.970381021
Iter time: 508.924684048
177     , -14953.9    , array([ 0.00533015 ,  0.0583145  ,  0.12822    ,  1.06645    ,  0.129006   ,  1.05775    ,  0.0120858  ,  0.449887   ,  0.131267   ,  0.177029   ,  3.83961    ])
Iter time: 178.186776161
Iter time: 346.513714075
Iter time: 596.877089024
178     , -14913.3    , array([ 0.00476739 ,  0.0577067  ,  0.126761   ,  1.06563    ,  0.081773   ,  1.05934    ,  0.0108408  ,  0.458007   ,  0.125152   ,  0.173508   ,  3.85057    ])
Iter time: 169.853630066
Iter time: 330.257380009
Iter time: 570.695853949
179     , -14869      , array([ 0.00499982 ,  0.0602435  ,  0.130043   ,  1.06718    ,  0.0847309  ,  1.05974    ,  0.0103088  ,  0.469191   ,  0.123715   ,  0.176069   ,  3.89075    ])
Iter time: 197.532441854
Iter time: 385.273777008
Iter time: 663.870345116
180     , -14907      , array([ 0.00448477 ,  0.0606956  ,  0.123359   ,  1.06322    ,  0.0540152  ,  1.06118    ,  0.0105967  ,  0.463943   ,  0.114791   ,  0.168515   ,  3.79681    ])
Iter time: 177.786373854
Iter time: 347.780725002
Iter time: 596.691221952
182     , -14961.3    , array([ 0.0047421  ,  0.0553993  ,  0.12382    ,  1.0642     ,  0.087603   ,  1.05856    ,  0.0117487  ,  0.446923   ,  0.127295   ,  0.171263   ,  3.81225    ])
Iter time: 137.936070919
Iter time: 267.802930117
Iter time: 463.474945068
183     , -14954.4    , array([ 0.00572113 ,  0.0638121  ,  0.130814   ,  1.06941    ,  0.154955   ,  1.05687    ,  0.0118315  ,  0.450647   ,  0.130482   ,  0.182505   ,  3.84064    ])
Iter time: 142.933274984
Iter time: 277.467945099
Iter time: 479.201873064
184     , -14937      , array([ 0.00540495 ,  0.0643751  ,  0.132661   ,  1.06692    ,  0.151397   ,  1.05754    ,  0.0120395  ,  0.457069   ,  0.126513   ,  0.179954   ,  3.85631    ])
Iter time: 184.021576166
Iter time: 357.292865038
Iter time: 618.148355961
185     , -14890.6    , array([ 0.00454285 ,  0.0629417  ,  0.127436   ,  1.06681    ,  0.0802578  ,  1.05984    ,  0.0108771  ,  0.463511   ,  0.118578   ,  0.175002   ,  3.80205    ])
Iter time: 126.033792019
Iter time: 241.436401129
Iter time: 416.357475996
186     , -14953.4    , array([ 0.00596389 ,  0.0677719  ,  0.135121   ,  1.07012    ,  0.199927   ,  1.05681    ,  0.0124327  ,  0.457993   ,  0.12917    ,  0.186042   ,  3.85208    ])
Iter time: 103.257696867
Iter time: 199.963663101
Iter time: 345.051832914
187     , -15030.9    , array([ 0.00656941 ,  0.0705327  ,  0.138953   ,  1.07191    ,  0.294917   ,  1.05562    ,  0.0131812  ,  0.455834   ,  0.132519   ,  0.191963   ,  3.84855    ])
Iter time: 194.00974679
Iter time: 377.493785858
Iter time: 652.417817831
188     , -14937.6    , array([ 0.00442377 ,  0.0569979  ,  0.123578   ,  1.06404    ,  0.0666743  ,  1.05979    ,  0.0108532  ,  0.454164   ,  0.122283   ,  0.169896   ,  3.81683    ])
Iter time: 180.555795908
Iter time: 351.873887062
Iter time: 608.779096127
189     , -14880      , array([ 0.00466848 ,  0.0578632  ,  0.127418   ,  1.06719    ,  0.0799238  ,  1.05965    ,  0.0105608  ,  0.465479   ,  0.125999   ,  0.17562    ,  3.85073    ])
Iter time: 154.926851034
Iter time: 300.737156153
Iter time: 520.36093998
190     , -14871.1    , array([ 0.00518623 ,  0.0668119  ,  0.133083   ,  1.06934    ,  0.118722   ,  1.05884    ,  0.0109268  ,  0.46768    ,  0.123256   ,  0.182313   ,  3.85156    ])
Iter time: 172.330289125
Iter time: 335.170275927
Iter time: 579.193130016
191     , -14859.1    , array([ 0.00472672 ,  0.0663418  ,  0.132019   ,  1.06852    ,  0.0942612  ,  1.05948    ,  0.0102844  ,  0.47058    ,  0.123028   ,  0.1793     ,  3.82938    ])
Iter time: 202.882487059
Iter time: 395.041470051
Iter time: 682.604123116
193     , -14869.5    , array([ 0.00414999 ,  0.0600576  ,  0.127429   ,  1.06463    ,  0.0620138  ,  1.06115    ,  0.0103629  ,  0.471204   ,  0.118344   ,  0.171741   ,  3.82369    ])
Iter time: 163.03798008
Iter time: 316.620412111
Iter time: 544.785117865
195     , -14920.4    , array([ 0.00503862 ,  0.0601641  ,  0.128628   ,  1.06665    ,  0.108772   ,  1.05853    ,  0.0114877  ,  0.456275   ,  0.127118   ,  0.176791   ,  3.83515    ])
Iter time: 150.001005888
Iter time: 291.564895868
Iter time: 503.614617109
197     , -14908      , array([ 0.00528906 ,  0.0645095  ,  0.131749   ,  1.06833    ,  0.131714   ,  1.05814    ,  0.0116096  ,  0.460289   ,  0.126007   ,  0.180816   ,  3.84061    ])
Iter time: 152.618500948
Iter time: 296.264733076
Iter time: 512.09880805
198     , -14854.6    , array([ 0.00513769 ,  0.0676568  ,  0.135102   ,  1.06983    ,  0.127817   ,  1.05886    ,  0.0109622  ,  0.472334   ,  0.124237   ,  0.183848   ,  3.84589    ])
Iter time: 132.363184929
Iter time: 256.73546505
Iter time: 443.718451977
199     , -14839.5    , array([ 0.00553675 ,  0.0737118  ,  0.14126    ,  1.07273    ,  0.176972   ,  1.0584     ,  0.0110172  ,  0.481689   ,  0.125225   ,  0.191248   ,  3.8605     ])
Iter time: 158.53954196
Iter time: 306.684960842
Iter time: 528.330168009
201     , -14903.6    , array([ 0.00508173 ,  0.0636173  ,  0.131299   ,  1.06719    ,  0.119063   ,  1.05847    ,  0.0114134  ,  0.461203   ,  0.124816   ,  0.178831   ,  3.84399    ])
Iter time: 151.219680071
Iter time: 293.692522049
Iter time: 507.961158991
202     , -14828.9    , array([ 0.0057086  ,  0.0668535  ,  0.132738   ,  1.06744    ,  0.0974873  ,  1.06033    ,  0.0106213  ,  0.4834     ,  0.116558   ,  0.177073   ,  3.90937    ])
Iter time: 135.143171072
Iter time: 262.547684193
Iter time: 454.776374102
203     , -14782.6    , array([ 0.00669609 ,  0.0706915  ,  0.135257   ,  1.06745    ,  0.0993315  ,  1.06125    ,  0.0103985  ,  0.501005   ,  0.110679   ,  0.176398   ,  3.98146    ])
Iter time: 170.506290913
Iter time: 331.492083073
Iter time: 573.769019127
204     , -14810.7    , array([ 0.00495017 ,  0.0684159  ,  0.133137   ,  1.06836    ,  0.082781   ,  1.06077    ,  0.0100619  ,  0.484953   ,  0.115584   ,  0.178645   ,  3.86824    ])
Iter time: 159.181643009
Iter time: 309.509581089
Iter time: 535.309260845
206     , -14879.2    , array([ 0.00512407 ,  0.0645054  ,  0.131368   ,  1.06792    ,  0.109461   ,  1.05902    ,  0.0110997  ,  0.46642    ,  0.123103   ,  0.179161   ,  3.84738    ])
Iter time: 131.786144018
Iter time: 255.669511795
Iter time: 441.663506031
207     , -14847.4    , array([ 0.0056297  ,  0.0693086  ,  0.140689   ,  1.07268    ,  0.174193   ,  1.05821    ,  0.0107178  ,  0.481952   ,  0.127615   ,  0.189102   ,  3.92182    ])
Iter time: 160.074203968
Iter time: 311.624382973
Iter time: 537.543752193
209     , -14874.5    , array([ 0.00507673 ,  0.064486   ,  0.131933   ,  1.06781    ,  0.109342   ,  1.05907    ,  0.0109973  ,  0.467931   ,  0.123034   ,  0.179126   ,  3.85491    ])
Iter time: 139.122828007
Iter time: 270.253460884
Iter time: 467.973675966
210     , -14810.6    , array([ 0.00577773 ,  0.0681844  ,  0.138781   ,  1.07025    ,  0.1329     ,  1.05935    ,  0.0103435  ,  0.487117   ,  0.124873   ,  0.184731   ,  3.9406     ])
Iter time: 134.596785069
Iter time: 260.997311115
Iter time: 451.694206953
211     , -14815.6    , array([ 0.00584444 ,  0.0764156  ,  0.140974   ,  1.07042    ,  0.146383   ,  1.05949    ,  0.010613   ,  0.489081   ,  0.117327   ,  0.185782   ,  3.90713    ])
Iter time: 150.182440996
Iter time: 290.634054899
Iter time: 501.698086977
212     , -14787.8    , array([ 0.00545369 ,  0.0706916  ,  0.1385     ,  1.07015    ,  0.112683   ,  1.06021    ,  0.0100158  ,  0.492323   ,  0.119042   ,  0.183316   ,  3.92151    ])
Iter time: 156.69660902
Iter time: 304.52402401
Iter time: 526.470402956
214     , -14849.9    , array([ 0.00519735 ,  0.0662655  ,  0.133697   ,  1.06853    ,  0.110349   ,  1.05939    ,  0.0107225  ,  0.474625   ,  0.121858   ,  0.180362   ,  3.87257    ])
Iter time: 154.125125885
Iter time: 299.767079115
Iter time: 518.949381113
216     , -14846.9    , array([ 0.00525362 ,  0.0674247  ,  0.134306   ,  1.06925    ,  0.114603   ,  1.0593     ,  0.0106789  ,  0.474816   ,  0.121905   ,  0.181871   ,  3.87185    ])
Iter time: 105.963963985
Iter time: 205.57761693
Iter time: 354.568078041
217     , -14843.5    , array([ 0.00712367 ,  0.0787297  ,  0.145554   ,  1.07457    ,  0.22066    ,  1.05805    ,  0.0105686  ,  0.493853   ,  0.123497   ,  0.193674   ,  3.97106    ])
Iter time: 118.744095802
Iter time: 229.708376884
Iter time: 396.571031094
218     , -14800.7    , array([ 0.00630595 ,  0.0824003  ,  0.14558    ,  1.07335    ,  0.192198   ,  1.05915    ,  0.0106721  ,  0.500613   ,  0.118098   ,  0.192215   ,  3.91714    ])
Iter time: 110.185465813
Iter time: 213.785364866
Iter time: 370.52886796
219     , -14794.3    , array([ 0.00702922 ,  0.0778339  ,  0.145973   ,  1.07288    ,  0.196659   ,  1.05935    ,  0.0107697  ,  0.504782   ,  0.117878   ,  0.191153   ,  3.99635    ])
Iter time: 114.423524141
Iter time: 221.896173954
Iter time: 383.213615894
220     , -14781.1    , array([ 0.00675345 ,  0.080237   ,  0.146462   ,  1.07367    ,  0.186598   ,  1.05943    ,  0.0103379  ,  0.506116   ,  0.118293   ,  0.192045   ,  3.97444    ])
Iter time: 132.414857864
Iter time: 257.539044142
Iter time: 445.31835413
222     , -14762      , array([ 0.00644456 ,  0.0787836  ,  0.140204   ,  1.0697     ,  0.119694   ,  1.06084    ,  0.0102748  ,  0.502875   ,  0.11141    ,  0.183685   ,  3.93406    ])
Iter time: 131.146233797
Iter time: 254.962861061
Iter time: 440.406206131
223     , -14728.7    , array([ 0.0068952  ,  0.0839964  ,  0.139963   ,  1.06821    ,  0.0992191  ,  1.06216    ,  0.0100602  ,  0.513675   ,  0.104096   ,  0.181034   ,  3.94019    ])
Iter time: 110.829187155
Iter time: 214.652760983
Iter time: 372.307865858
224     , -14744.6    , array([ 0.00725589 ,  0.0842862  ,  0.147973   ,  1.07293    ,  0.177227   ,  1.06026    ,  0.0102009  ,  0.517786   ,  0.113327   ,  0.190827   ,  3.99753    ])
Iter time: 158.588845968
Iter time: 308.353185177
Iter time: 533.888075829
225     , -14758.6    , array([ 0.00536906 ,  0.073084   ,  0.136948   ,  1.06733    ,  0.088449   ,  1.06192    ,  0.0102413  ,  0.502128   ,  0.110131   ,  0.178716   ,  3.90237    ])
Iter time: 133.220775843
Iter time: 258.609411955
Iter time: 446.605245113
227     , -14804.7    , array([ 0.00584347 ,  0.0747464  ,  0.141024   ,  1.07159    ,  0.152358   ,  1.05935    ,  0.0106705  ,  0.49069    ,  0.120144   ,  0.188048   ,  3.90026    ])
Iter time: 131.592905998
Iter time: 255.908364058
Iter time: 441.774688959
228     , -14733.1    , array([ 0.00650754 ,  0.074879   ,  0.140612   ,  1.0707     ,  0.118391   ,  1.06109    ,  0.0100738  ,  0.511178   ,  0.113737   ,  0.184433   ,  3.97273    ])
Iter time: 149.339817047
Iter time: 290.956258059
Iter time: 501.593547106
230     , -14784.2    , array([ 0.00559435 ,  0.0722347  ,  0.137252   ,  1.06956    ,  0.106104   ,  1.06054    ,  0.0102005  ,  0.493603   ,  0.115467   ,  0.18211    ,  3.90859    ])
Iter time: 123.442963123
Iter time: 239.669152021
Iter time: 414.18662405
231     , -14721.1    , array([ 0.00687789 ,  0.0862066  ,  0.143969   ,  1.07117    ,  0.133584   ,  1.0615     ,  0.0103124  ,  0.519425   ,  0.105045   ,  0.186076   ,  3.95226    ])
Iter time: 115.819758177
Iter time: 225.74337697
Iter time: 388.775568008
232     , -14678.1    , array([ 0.0075042  ,  0.0969322  ,  0.146635   ,  1.07164    ,  0.133928   ,  1.06258    ,  0.0102969  ,  0.536373   ,  0.0963444  ,  0.186752   ,  3.9581     ])
Iter time: 131.366868019
Iter time: 256.744251013
Iter time: 440.100948095
234     , -14778.5    , array([ 0.0061387  ,  0.0766006  ,  0.141438   ,  1.07115    ,  0.141647   ,  1.06004    ,  0.0104808  ,  0.498827   ,  0.116133   ,  0.186662   ,  3.9259     ])
Iter time: 124.744181156
Iter time: 241.967524052
Iter time: 418.242043972
236     , -14772.7    , array([ 0.00636921 ,  0.0801606  ,  0.143516   ,  1.07193    ,  0.156901   ,  1.05998    ,  0.010473   ,  0.503764   ,  0.115052   ,  0.188467   ,  3.93479    ])
Iter time: 120.904495001
Iter time: 234.682348967
Iter time: 404.997454166
238     , -14769      , array([ 0.00669449 ,  0.0780122  ,  0.143599   ,  1.07165    ,  0.15709    ,  1.0601     ,  0.0105074  ,  0.50581    ,  0.114818   ,  0.187825   ,  3.97157    ])
Iter time: 111.656910181
Iter time: 216.883747816
Iter time: 374.669317961
239     , -14717      , array([ 0.00773663 ,  0.0880492  ,  0.145032   ,  1.07098    ,  0.148438   ,  1.06149    ,  0.0105847  ,  0.524358   ,  0.10438    ,  0.186626   ,  3.98171    ])
Iter time: 136.958570957
Iter time: 266.118057013
Iter time: 460.665588856
241     , -14763.2    , array([ 0.00611766 ,  0.0761736  ,  0.139822   ,  1.07013    ,  0.118944   ,  1.06074    ,  0.0102655  ,  0.502171   ,  0.112931   ,  0.183736   ,  3.93329    ])
Iter time: 116.324841976
Iter time: 223.518529177
Iter time: 385.750177145
242     , -14721.5    , array([ 0.00657488 ,  0.0925243  ,  0.150914   ,  1.07444    ,  0.18495    ,  1.06053    ,  0.0102399  ,  0.521185   ,  0.11063    ,  0.19626    ,  3.92629    ])
Iter time: 136.47986412
Iter time: 265.421940088
Iter time: 458.918987036
243     , -14713.4    , array([ 0.00648735 ,  0.0836565  ,  0.140129   ,  1.06835    ,  0.0982959  ,  1.06255    ,  0.010282   ,  0.518681   ,  0.102256   ,  0.180982   ,  3.92452    ])
Iter time: 121.549289227
Iter time: 236.451980829
Iter time: 408.337819099
244     , -14685.5    , array([ 0.00720906 ,  0.089043   ,  0.144862   ,  1.07035    ,  0.121167   ,  1.0624     ,  0.0101066  ,  0.530008   ,  0.101776   ,  0.185158   ,  3.97279    ])
Iter time: 126.847575188
Iter time: 246.135637045
Iter time: 425.217931032
245     , -14681.7    , array([ 0.0071064  ,  0.0867299  ,  0.143007   ,  1.06928    ,  0.104367   ,  1.0629     ,  0.0100489  ,  0.529683   ,  0.100467   ,  0.182795   ,  3.97075    ])
Iter time: 123.801810026
Iter time: 240.612027884
Iter time: 417.318286896
247     , -14740.6    , array([ 0.00672932 ,  0.081041   ,  0.143403   ,  1.07102    ,  0.139171   ,  1.0609     ,  0.0103613  ,  0.51223    ,  0.110433   ,  0.186484   ,  3.9621     ])
Iter time: 115.42711997
Iter time: 223.661448002
Iter time: 386.115255833
248     , -14667.3    , array([ 0.00761009 ,  0.0940982  ,  0.147351   ,  1.07082    ,  0.131509   ,  1.06267    ,  0.0101863  ,  0.537772   ,  0.0994935  ,  0.187083   ,  3.97738    ])
Iter time: 105.513075113
Iter time: 205.049557924
Iter time: 354.130617857
249     , -14620.7    , array([ 0.00848773 ,  0.104585   ,  0.151265   ,  1.07116    ,  0.13828    ,  1.06364    ,  0.0101469  ,  0.556509   ,  0.0933866  ,  0.18878    ,  3.99961    ])
Iter time: 138.443167925
Iter time: 269.774137974
Iter time: 466.08694005
251     , -14727.3    , array([ 0.00617993 ,  0.0799526  ,  0.140839   ,  1.06907    ,  0.107335   ,  1.06189    ,  0.0102293  ,  0.513215   ,  0.107239   ,  0.182482   ,  3.93313    ])
Iter time: 135.268079042
Iter time: 263.69373107
Iter time: 454.318212032
252     , -14677.8    , array([ 0.00677287 ,  0.0899002  ,  0.140506   ,  1.06801    ,  0.0873887  ,  1.06376    ,  0.0102387  ,  0.530541   ,  0.095256   ,  0.180461   ,  3.91943    ])
Iter time: 124.395925999
Iter time: 243.271160126
Iter time: 418.64152503
253     , -14653.6    , array([ 0.00731142 ,  0.0952806  ,  0.144447   ,  1.06937    ,  0.102257   ,  1.06365    ,  0.0100585  ,  0.539732   ,  0.0951599  ,  0.183565   ,  3.94671    ])
Iter time: 116.395225048
Iter time: 226.427304983
Iter time: 390.833323956
254     , -14643.9    , array([ 0.00772242 ,  0.10774    ,  0.148036   ,  1.06946    ,  0.117045   ,  1.06392    ,  0.0103427  ,  0.546214   ,  0.0894476  ,  0.185447   ,  3.93144    ])
Iter time: 113.799381971
Iter time: 221.646893978
Iter time: 382.861719847
255     , -14637.6    , array([ 0.00743994 ,  0.100492   ,  0.150248   ,  1.07217    ,  0.143921   ,  1.06317    ,  0.0104089  ,  0.549663   ,  0.0950743  ,  0.189758   ,  3.96231    ])
Iter time: 104.560636044
Iter time: 203.187787056
Iter time: 350.846765041
256     , -14621.2    , array([ 0.00858589 ,  0.110056   ,  0.151078   ,  1.07187    ,  0.140326   ,  1.06367    ,  0.0102694  ,  0.557061   ,  0.0902893  ,  0.189595   ,  3.97476    ])
Iter time: 118.719099045
Iter time: 231.029392004
Iter time: 399.266582012
257     , -14635.5    , array([ 0.00847137 ,  0.0981507  ,  0.14102    ,  1.06606    ,  0.0774498  ,  1.06561    ,  0.0102641  ,  0.555223   ,  0.0843478  ,  0.175181   ,  3.99057    ])
Iter time: 115.762352943
Iter time: 226.749027014
Iter time: 388.694937944
259     , -14684.6    , array([ 0.00763005 ,  0.0920543  ,  0.145272   ,  1.07039    ,  0.129404   ,  1.06246    ,  0.0104024  ,  0.532485   ,  0.0994461  ,  0.185488   ,  3.97039    ])
Iter time: 126.929421186
Iter time: 247.00532198
Iter time: 426.716157913
261     , -14682.8    , array([ 0.00703862 ,  0.0901197  ,  0.143029   ,  1.06916    ,  0.106628   ,  1.06299    ,  0.0102581  ,  0.530228   ,  0.0983046  ,  0.182866   ,  3.94386    ])
Iter time: 115.340346098
Iter time: 224.188554049
Iter time: 387.459807873
262     , -14621.6    , array([ 0.00805468 ,  0.106079   ,  0.146785   ,  1.06939    ,  0.10788    ,  1.06457    ,  0.0103914  ,  0.55437    ,  0.0872035  ,  0.183966   ,  3.94856    ])
Iter time: 120.876988888
Iter time: 235.10168314
Iter time: 405.888993979
263     , -14613.2    , array([ 0.00768557 ,  0.105288   ,  0.146647   ,  1.06917    ,  0.0977264  ,  1.0649     ,  0.010094   ,  0.555846   ,  0.0871401  ,  0.183364   ,  3.94698    ])
Iter time: 109.537032127
Iter time: 213.400820971
Iter time: 367.945602179
265     , -14600.9    , array([ 0.00846562 ,  0.110634   ,  0.149625   ,  1.0704     ,  0.116736   ,  1.06471    ,  0.010206   ,  0.563023   ,  0.0862408  ,  0.186085   ,  3.97411    ])
Iter time: 102.039108038
Iter time: 199.295519114
Iter time: 342.119088888
266     , -14563      , array([ 0.0092842  ,  0.122581   ,  0.153035   ,  1.07102    ,  0.122144   ,  1.06557    ,  0.0101801  ,  0.580173   ,  0.080776   ,  0.187715   ,  3.98933    ])
Iter time: 105.633884907
Iter time: 205.223902941
Iter time: 354.540995121
267     , -14582      , array([ 0.00880248 ,  0.122422   ,  0.151503   ,  1.07059    ,  0.122726   ,  1.06529    ,  0.0104431  ,  0.57301    ,  0.0811027  ,  0.187058   ,  3.95054    ])
Iter time: 112.745285988
Iter time: 219.399019957
Iter time: 379.003767014
268     , -14570.4    , array([ 0.00858125 ,  0.114286   ,  0.148635   ,  1.06805    ,  0.0941303  ,  1.06611    ,  0.0102177  ,  0.572701   ,  0.0819664  ,  0.183149   ,  3.96179    ])
Iter time: 123.548614979
Iter time: 240.42027688
Iter time: 414.998293161
270     , -14643.4    , array([ 0.00745198 ,  0.0983408  ,  0.144394   ,  1.06893    ,  0.0993905  ,  1.06416    ,  0.010247   ,  0.544149   ,  0.0913788  ,  0.182811   ,  3.94156    ])
