==========================================
SLURM_JOB_ID = 18981483
SLURM_NODELIST = c8-71
==========================================
Module slurm/17.11.5 loaded 
Module openmpi/3.0.1 loaded 
Module gcc/7.3.0 loaded 
Module python/2.7.6 loaded 
Module numpy/1.11.1 loaded 
Module dadi/1.7.0 loaded 
Module matplotlib/2.0 loaded 
Module scipy/0.18.0 loaded 
Beginning. Call:
/home/hemstrow/monarch/github/F-H_2018/DADI/demographic_models/run_3d_mods.py /home/hemstrow/monarch/github/F-H_2018/Data/dadi_inputs/ dadi_snps_10kgap.txt 1st_folded_optim_10kgap_snps_dadi_out.txt lgrowth_p3 10 [NAM,HAW,GUA] True 3 [0.1,0.1,0.5,1,5,5,.1,.1,.1,.1,2] [1,1,5,10,20,20,10,10,10,10,4] [1e-3,1e-3,1e-3,1e-3,0.01,0.01,0.01,0.01,0.01,0.01,1] [150,15,15] fmin

Ready to begin run. Parameters:

Model:
lgrowth_p3
Maxiters:
10
Pops:
['NAM', 'HAW', 'GUA']
Projection:
[150, 15, 15]
Number of segregating sites in projected sfs:
9454.98941724
Folding spectra:
True
Level of parm folding:
3
Optimizer:
fmin
p0:
[ 0.21301768  0.04962163  0.09138402  0.16347175  0.79482392  4.77430543
  0.54720205  0.46461466  0.64398074  0.34139241  2.05419329]
Upper Bounds:
[1.0, 1.0, 5.0, 10.0, 20.0, 20.0, 10.0, 10.0, 10.0, 10.0, 4.0]
Lower Bounds:
[0.001, 0.001, 0.001, 0.001, 0.01, 0.01, 0.01, 0.01, 0.01, 0.01, 1.0]

Beginning optimization ************************************************
optimize_log_fmin.
Iter time: 141.469651937
Iter time: 276.093413115
Iter time: 477.132799864
1       , -15734.2    , array([ 0.213018   ,  0.0496216  ,  0.091384   ,  0.163472   ,  0.794824   ,  4.77431    ,  0.547202   ,  0.464615   ,  0.643981   ,  0.341392   ,  2.05419    ])
Iter time: 143.252138138
Iter time: 279.415204048
Iter time: 483.02018714
2       , -15734.7    , array([ 0.197168   ,  0.0496216  ,  0.091384   ,  0.163472   ,  0.794824   ,  4.77431    ,  0.547202   ,  0.464615   ,  0.643981   ,  0.341392   ,  2.05419    ])
Iter time: 146.907657146
Iter time: 285.257168055
Iter time: 492.609449863
3       , -15734.2    , array([ 0.213018   ,  0.0427026  ,  0.091384   ,  0.163472   ,  0.794824   ,  4.77431    ,  0.547202   ,  0.464615   ,  0.643981   ,  0.341392   ,  2.05419    ])
Iter time: 149.691859007
Iter time: 292.394703865
Iter time: 505.148480892
4       , -15908.5    , array([ 0.213018   ,  0.0496216  ,  0.08108    ,  0.163472   ,  0.794824   ,  4.77431    ,  0.547202   ,  0.464615   ,  0.643981   ,  0.341392   ,  2.05419    ])
Iter time: 143.657011032
Iter time: 279.812502146
Iter time: 483.975390911
5       , -15719.5    , array([ 0.213018   ,  0.0496216  ,  0.091384   ,  0.149319   ,  0.794824   ,  4.77431    ,  0.547202   ,  0.464615   ,  0.643981   ,  0.341392   ,  2.05419    ])
Iter time: 141.82863307
Iter time: 276.132747889
Iter time: 475.891095161
6       , -15733.4    , array([ 0.213018   ,  0.0496216  ,  0.091384   ,  0.163472   ,  0.78575    ,  4.77431    ,  0.547202   ,  0.464615   ,  0.643981   ,  0.341392   ,  2.05419    ])
Iter time: 151.588804007
Iter time: 295.26341486
Iter time: 509.019564867
7       , -15766.6    , array([ 0.213018   ,  0.0496216  ,  0.091384   ,  0.163472   ,  0.794824   ,  5.16245    ,  0.547202   ,  0.464615   ,  0.643981   ,  0.341392   ,  2.05419    ])
Iter time: 142.031761885
Iter time: 276.348594904
Iter time: 476.53804493
8       , -15812.8    , array([ 0.213018   ,  0.0496216  ,  0.091384   ,  0.163472   ,  0.794824   ,  4.77431    ,  0.530952   ,  0.464615   ,  0.643981   ,  0.341392   ,  2.05419    ])
Iter time: 141.36936903
Iter time: 275.511636972
Iter time: 476.495085001
9       , -15784      , array([ 0.213018   ,  0.0496216  ,  0.091384   ,  0.163472   ,  0.794824   ,  4.77431    ,  0.547202   ,  0.447144   ,  0.643981   ,  0.341392   ,  2.05419    ])
Iter time: 141.806833029
Iter time: 276.080012083
Iter time: 476.211565971
10      , -15744.8    , array([ 0.213018   ,  0.0496216  ,  0.091384   ,  0.163472   ,  0.794824   ,  4.77431    ,  0.547202   ,  0.464615   ,  0.629965   ,  0.341392   ,  2.05419    ])
Iter time: 141.180878162
Iter time: 275.666924
Iter time: 478.060856819
11      , -15755.5    , array([ 0.213018   ,  0.0496216  ,  0.091384   ,  0.163472   ,  0.794824   ,  4.77431    ,  0.547202   ,  0.464615   ,  0.643981   ,  0.323531   ,  2.05419    ])
Iter time: 140.816262007
Iter time: 274.066836119
Iter time: 475.018348932
12      , -15734.2    , array([ 0.213018   ,  0.0496216  ,  0.091384   ,  0.163472   ,  0.794824   ,  4.77431    ,  0.547202   ,  0.464615   ,  0.643981   ,  0.341392   ,  2.12948    ])
Iter time: 137.22998786
Iter time: 267.078782082
Iter time: 461.418612003
13      , -15600.8    , array([ 0.210044   ,  0.0482851  ,  0.102998   ,  0.160802   ,  0.793166   ,  4.84264    ,  0.544211   ,  0.461388   ,  0.641409   ,  0.338073   ,  2.06768    ])
Iter time: 131.792910814
Iter time: 256.848016977
Iter time: 444.20294714
14      , -15460.6    , array([ 0.208573   ,  0.0476305  ,  0.116087   ,  0.159484   ,  0.792339   ,  4.87717    ,  0.542721   ,  0.459783   ,  0.640128   ,  0.336426   ,  2.07446    ])
Iter time: 142.484111071
Iter time: 146736.817024
Iter time: 595.296139956
15      , -15620.6    , array([ 0.20924    ,  0.0479269  ,  0.0954473  ,  0.160082   ,  0.792715   ,  4.86144    ,  0.563107   ,  0.460512   ,  0.64071    ,  0.337174   ,  2.07137    ])
Iter time: 143.035074949
Iter time: 279.270612001
Iter time: 480.835794926
16      , -15619.7    , array([ 0.208561   ,  0.0476251  ,  0.0962052  ,  0.159473   ,  0.792332   ,  4.87746    ,  0.549238   ,  0.481075   ,  0.640117   ,  0.336412   ,  2.07451    ])
Iter time: 132.270135164
Iter time: 257.839931965
Iter time: 445.718412876
17      , -15607.7    , array([ 0.20776    ,  0.0472708  ,  0.0971088  ,  0.158757   ,  0.79188    ,  4.46441    ,  0.54961    ,  0.465925   ,  0.639417   ,  0.335514   ,  2.07823    ])
Iter time: 139.834650993
Iter time: 272.056490183
Iter time: 470.045364141
18      , -15595.8    , array([ 0.206819   ,  0.0468555  ,  0.0981875  ,  0.157914   ,  0.791346   ,  4.76881    ,  0.550048   ,  0.466164   ,  0.638591   ,  0.356386   ,  2.08263    ])
Iter time: 139.365813971
Iter time: 271.390002012
Iter time: 469.380078077
19      , -15579.8    , array([ 0.205711   ,  0.0463694  ,  0.0994779  ,  0.156924   ,  0.790715   ,  4.76781    ,  0.550567   ,  0.466446   ,  0.654414   ,  0.34039    ,  2.08784    ])
Iter time: 137.688060999
Iter time: 267.828299999
Iter time: 462.582225084
20      , -15562.7    , array([ 0.223968   ,  0.0458014  ,  0.101025   ,  0.155762   ,  0.78997    ,  4.76664    ,  0.551182   ,  0.46678    ,  0.642045   ,  0.340208   ,  2.09402    ])
Iter time: 139.307218075
Iter time: 271.035211802
Iter time: 468.759002209
21      , -15533      , array([ 0.209202   ,  0.0451391  ,  0.102884   ,  0.1544     ,  0.789091   ,  4.76524    ,  0.551908   ,  0.467175   ,  0.641694   ,  0.339993   ,  2.01383    ])
Iter time: 138.103417873
Iter time: 269.043826103
Iter time: 466.42571187
22      , -15497.8    , array([ 0.208515   ,  0.0443687  ,  0.105125   ,  0.152805   ,  0.788053   ,  4.7636     ,  0.552768   ,  0.467642   ,  0.641279   ,  0.339739   ,  2.08012    ])
Iter time: 132.28709507
Iter time: 257.853066921
Iter time: 445.531574011
23      , -15456.7    , array([ 0.207707   ,  0.0519177  ,  0.107837   ,  0.150942   ,  0.786828   ,  4.76165    ,  0.553786   ,  0.468194   ,  0.640789   ,  0.33944    ,  2.08487    ])
Iter time: 126.954241991
Iter time: 247.339411974
Iter time: 429.769556046
24      , -15327.6    , array([ 0.205101   ,  0.0572461  ,  0.117143   ,  0.145042   ,  0.78286    ,  4.75534    ,  0.557108   ,  0.469994   ,  0.639199   ,  0.338468   ,  2.10037    ])
Iter time: 134.70280695
Iter time: 262.308058023
Iter time: 453.220443964
25      , -15386.4    , array([ 0.206282   ,  0.0458549  ,  0.112817   ,  0.147695   ,  0.795381   ,  4.75821    ,  0.555596   ,  0.469175   ,  0.639921   ,  0.338909   ,  2.09331    ])
Iter time: 130.270019054
Iter time: 253.313205004
Iter time: 437.780819893
26      , -15341.3    , array([ 0.20508    ,  0.0452014  ,  0.117223   ,  0.161373   ,  0.786401   ,  4.75528    ,  0.557136   ,  0.470009   ,  0.639186   ,  0.33846    ,  2.1005     ])
Iter time: 129.415218115
Iter time: 252.46378088
Iter time: 436.178808928
27      , -15384      , array([ 0.208021   ,  0.0463041  ,  0.116506   ,  0.150743   ,  0.787348   ,  4.65134    ,  0.540351   ,  0.475959   ,  0.642171   ,  0.342932   ,  2.08838    ])
Iter time: 127.278627157
Iter time: 247.90178299
Iter time: 428.565385103
28      , -15343.5    , array([ 0.208601   ,  0.0463599  ,  0.119682   ,  0.149777   ,  0.786825   ,  4.59623    ,  0.552354   ,  0.454731   ,  0.64314    ,  0.34491    ,  2.08774    ])
Iter time: 136.40539217
Iter time: 265.90803504
Iter time: 459.529947996
29      , -15308.1    , array([ 0.209558   ,  0.0465424  ,  0.123161   ,  0.148869   ,  0.786359   ,  5.04811    ,  0.552482   ,  0.467445   ,  0.644524   ,  0.347573   ,  2.08574    ])
Iter time: 142.687561989
Iter time: 278.917802811
Iter time: 481.028170109
30      , -15172.3    , array([ 0.210463   ,  0.0461825  ,  0.138702   ,  0.144158   ,  0.783612   ,  5.36798    ,  0.553923   ,  0.468206   ,  0.647093   ,  0.353764   ,  2.0895     ])
Iter time: 130.238601923
Iter time: 253.892175913
Iter time: 438.407161951
31      , -15245.7    , array([ 0.211182   ,  0.0468316  ,  0.129704   ,  0.147204   ,  0.785485   ,  4.82868    ,  0.552746   ,  0.467577   ,  0.646912   ,  0.326779   ,  2.08258    ])
Iter time: 130.003801107
Iter time: 252.518265963
Iter time: 437.519246101
32      , -15206      , array([ 0.213335   ,  0.047408   ,  0.134349   ,  0.14642    ,  0.785164   ,  4.84084    ,  0.552621   ,  0.4675     ,  0.629948   ,  0.339606   ,  2.07643    ])
Iter time: 129.077815056
Iter time: 251.508652925
Iter time: 435.129961967
33      , -15160.4    , array([ 0.194219   ,  0.0482977  ,  0.13933    ,  0.145863   ,  0.785033   ,  4.85565    ,  0.552267   ,  0.467296   ,  0.639867   ,  0.339679   ,  2.06713    ])
Iter time: 132.474540234
Iter time: 257.828745842
Iter time: 445.623705149
34      , -14991.8    , array([ 0.180861   ,  0.0495964  ,  0.163626   ,  0.141152   ,  0.782576   ,  4.90078    ,  0.552811   ,  0.467555   ,  0.63878    ,  0.339414   ,  2.05381    ])
Iter time: 128.24933815
Iter time: 250.200631142
Iter time: 431.986918926
35      , -15093.6    , array([ 0.202497   ,  0.0498526  ,  0.148854   ,  0.144769   ,  0.784724   ,  4.8819     ,  0.551704   ,  0.466971   ,  0.639688   ,  0.339788   ,  2.15714    ])
Iter time: 128.140781164
Iter time: 249.49169302
Iter time: 430.978943825
36      , -15058.4    , array([ 0.202084   ,  0.0518043  ,  0.155191   ,  0.14485    ,  0.785153   ,  4.90542    ,  0.550653   ,  0.466383   ,  0.639812   ,  0.340051   ,  2.10225    ])
Iter time: 133.036977053
Iter time: 259.274637222
Iter time: 448.914790154
37      , -15010.2    , array([ 0.200871   ,  0.0489994  ,  0.148154   ,  0.136377   ,  0.779613   ,  4.79622    ,  0.562328   ,  0.475584   ,  0.640906   ,  0.34407    ,  2.11309    ])
Iter time: 128.365245104
Iter time: 250.16237092
Iter time: 432.3842659
38      , -15021.9    , array([ 0.202123   ,  0.0515143  ,  0.16019    ,  0.145143   ,  0.773809   ,  4.92326    ,  0.550502   ,  0.467215   ,  0.641292   ,  0.342488   ,  2.09764    ])
Iter time: 134.647629023
Iter time: 263.035793066
Iter time: 453.407625914
39      , -14957.1    , array([ 0.199387   ,  0.0520131  ,  0.164365   ,  0.141233   ,  0.779243   ,  5.08867    ,  0.567952   ,  0.459006   ,  0.638886   ,  0.338391   ,  2.10429    ])
Iter time: 141.928813934
Iter time: 277.23129797
Iter time: 479.703408957
40      , -14781.9    , array([ 0.195206   ,  0.0551264  ,  0.195227   ,  0.136705   ,  0.775222   ,  5.32252    ,  0.582277   ,  0.450757   ,  0.63725    ,  0.336143   ,  2.1123     ])
Iter time: 139.682817936
Iter time: 271.272013903
Iter time: 469.628955126
41      , -14892.3    , array([ 0.196449   ,  0.0536125  ,  0.17489    ,  0.139802   ,  0.777657   ,  5.2889     ,  0.560964   ,  0.479668   ,  0.636857   ,  0.334879   ,  2.10941    ])
Iter time: 148.057968855
Iter time: 287.649542093
Iter time: 497.09247303
42      , -14855.8    , array([ 0.198265   ,  0.0567195  ,  0.192031   ,  0.126416   ,  0.776496   ,  5.21181    ,  0.556843   ,  0.465795   ,  0.640372   ,  0.340602   ,  2.09821    ])
Iter time: 147.806000948
Iter time: 289.680559158
Iter time: 498.573908091
43      , -14791.7    , array([ 0.197026   ,  0.0447103  ,  0.210231   ,  0.137177   ,  0.778851   ,  5.29933    ,  0.556822   ,  0.46505    ,  0.640572   ,  0.340984   ,  2.09794    ])
Iter time: 144.575496197
Iter time: 281.723596096
Iter time: 488.387337923
44      , -14767.8    , array([ 0.188955   ,  0.0541945  ,  0.207298   ,  0.133441   ,  0.775052   ,  5.30785    ,  0.561967   ,  0.466994   ,  0.631802   ,  0.355923   ,  2.1187     ])
Iter time: 154.83751893
Iter time: 302.767864943
Iter time: 521.840229034
45      , -14615.3    , array([ 0.178734   ,  0.0582992  ,  0.262069   ,  0.127049   ,  0.769888   ,  5.56499    ,  0.566635   ,  0.466703   ,  0.624381   ,  0.371455   ,  2.13699    ])
Iter time: 149.347280025
Iter time: 290.725914955
Iter time: 503.735726118
46      , -14697      , array([ 0.181126   ,  0.0555868  ,  0.225982   ,  0.130738   ,  0.772604   ,  5.43043    ,  0.564659   ,  0.466927   ,  0.64777    ,  0.348107   ,  2.13611    ])
Iter time: 135.499599934
Iter time: 263.525054932
Iter time: 455.304715872
47      , -14650.2    , array([ 0.178654   ,  0.0590176  ,  0.239205   ,  0.13045    ,  0.772146   ,  4.90746    ,  0.565302   ,  0.46599    ,  0.630727   ,  0.333197   ,  2.13128    ])
Iter time: 151.716325045
Iter time: 295.775762081
Iter time: 511.831346035
48      , -14638.7    , array([ 0.1815     ,  0.0563763  ,  0.242967   ,  0.127464   ,  0.76879    ,  5.40121    ,  0.570093   ,  0.467045   ,  0.636394   ,  0.34567    ,  2.05993    ])
Iter time: 156.946102858
Iter time: 305.794929028
Iter time: 530.687491179
49      , -14599.5    , array([ 0.178353   ,  0.0550931  ,  0.252836   ,  0.124465   ,  0.765433   ,  5.47024    ,  0.574796   ,  0.467754   ,  0.635651   ,  0.346434   ,  2.10592    ])
Iter time: 174.734747887
Iter time: 340.712048054
Iter time: 588.635256052
50      , -14472.6    , array([ 0.167553   ,  0.056815   ,  0.32272    ,  0.115375   ,  0.75576    ,  5.77659    ,  0.587262   ,  0.468441   ,  0.63358    ,  0.34967    ,  2.10776    ])
Iter time: 165.727854013
Iter time: 323.529883862
Iter time: 559.898254156
51      , -14541.5    , array([ 0.17234    ,  0.0563987  ,  0.278212   ,  0.119137   ,  0.773329   ,  5.61115    ,  0.581751   ,  0.467143   ,  0.632791   ,  0.345268   ,  2.11239    ])
Iter time: 167.04421401
Iter time: 325.68454504
Iter time: 565.191460848
52      , -14559.4    , array([ 0.16865    ,  0.060829   ,  0.337331   ,  0.123717   ,  0.766443   ,  5.92648    ,  0.573044   ,  0.457431   ,  0.631707   ,  0.343898   ,  2.09682    ])
Iter time: 176.670580149
Iter time: 344.243453979
Iter time: 595.225906134
53      , -14485.6    , array([ 0.184944   ,  0.0623695  ,  0.348375   ,  0.1167     ,  0.760655   ,  6.00394    ,  0.586731   ,  0.463438   ,  0.632527   ,  0.349448   ,  2.16548    ])
Iter time: 173.239250183
Iter time: 337.203463078
Iter time: 582.671762943
54      , -14515.7    , array([ 0.168411   ,  0.0593066  ,  0.369444   ,  0.11402    ,  0.762396   ,  5.6931     ,  0.582944   ,  0.448916   ,  0.63365    ,  0.356933   ,  2.11849    ])
Iter time: 167.296465874
Iter time: 325.89664197
Iter time: 562.968063116
55      , -14448.6    , array([ 0.161989   ,  0.0565143  ,  0.378974   ,  0.123751   ,  0.760996   ,  5.87085    ,  0.59217    ,  0.459194   ,  0.628965   ,  0.353937   ,  2.13352    ])
Iter time: 178.116401911
Iter time: 347.054363966
Iter time: 599.629499197
56      , -14443.8    , array([ 0.146422   ,  0.056412   ,  0.532389   ,  0.122439   ,  0.753362   ,  6.23099    ,  0.610665   ,  0.455929   ,  0.623338   ,  0.360799   ,  2.1514     ])
Iter time: 177.961296082
Iter time: 346.544444084
Iter time: 599.312336922
57      , -14427.5    , array([ 0.154443   ,  0.0747893  ,  0.409877   ,  0.11171    ,  0.754118   ,  5.94643    ,  0.602214   ,  0.458276   ,  0.625658   ,  0.357191   ,  2.14358    ])
Iter time: 201.840317011
Iter time: 393.505678177
Iter time: 679.802625895
58      , -14458.4    , array([ 0.136738   ,  0.0967288  ,  0.572312   ,  0.100808   ,  0.742048   ,  6.29903    ,  0.62628    ,  0.454926   ,  0.618332   ,  0.365581   ,  2.16677    ])
Iter time: 189.44832778
Iter time: 369.584290981
Iter time: 638.238089085
59      , -14516.1    , array([ 0.149384   ,  0.0641174  ,  0.505101   ,  0.108055   ,  0.753857   ,  6.04106    ,  0.579425   ,  0.474233   ,  0.626824   ,  0.366358   ,  2.13471    ])
Iter time: 187.231623173
Iter time: 365.231070042
Iter time: 631.521636963
60      , -14487.2    , array([ 0.155455   ,  0.0652584  ,  0.505071   ,  0.109139   ,  0.753039   ,  6.03685    ,  0.600314   ,  0.459104   ,  0.612969   ,  0.357069   ,  2.11066    ])
Iter time: 220.612996101
Iter time: 430.009953022
Iter time: 743.571457863
61      , -14510.9    , array([ 0.15367    ,  0.0625985  ,  0.546603   ,  0.105889   ,  0.750062   ,  6.93653    ,  0.606219   ,  0.458783   ,  0.626272   ,  0.377769   ,  2.11171    ])
Iter time: 210.484572172
Iter time: 410.079179049
Iter time: 708.782282114
62      , -14571.2    , array([ 0.146751   ,  0.0667906  ,  0.623615   ,  0.104778   ,  0.749966   ,  6.59574    ,  0.607876   ,  0.456265   ,  0.618888   ,  0.370066   ,  2.19473    ])
Iter time: 217.133834124
Iter time: 423.567648172
Iter time: 731.982654095
63      , -14585.9    , array([ 0.143774   ,  0.0662043  ,  0.676869   ,  0.101499   ,  0.745335   ,  6.6025     ,  0.619448   ,  0.454724   ,  0.629784   ,  0.344142   ,  2.12587    ])
Iter time: 199.467040062
Iter time: 387.95062685
Iter time: 670.89556694
64      , -14491.2    , array([ 0.151814   ,  0.0641328  ,  0.533927   ,  0.10736    ,  0.751399   ,  6.32626    ,  0.6058     ,  0.45769    ,  0.628429   ,  0.350776   ,  2.12865    ])
Iter time: 158.96874094
Iter time: 308.976103067
Iter time: 534.302229166
65      , -14559      , array([ 0.176192   ,  0.0573624  ,  0.27653    ,  0.12362    ,  0.7654     ,  5.5286     ,  0.577063   ,  0.465391   ,  0.637142   ,  0.342088   ,  2.05847    ])
Iter time: 196.932126999
Iter time: 382.887007952
Iter time: 661.775430918
66      , -14406.7    , array([ 0.154538   ,  0.0623159  ,  0.49307    ,  0.104681   ,  0.74876    ,  6.07567    ,  0.612918   ,  0.465664   ,  0.625187   ,  0.367765   ,  2.14737    ])
Iter time: 214.516170979
Iter time: 416.26356411
Iter time: 719.886070013
67      , -14408      , array([ 0.147931   ,  0.0630729  ,  0.596122   ,  0.0962911  ,  0.740072   ,  6.15167    ,  0.633884   ,  0.469836   ,  0.621953   ,  0.380313   ,  2.1731     ])
Iter time: 217.5184021
Iter time: 423.24394989
Iter time: 732.173424959
68      , -14585      , array([ 0.144437   ,  0.0670845  ,  0.668175   ,  0.101643   ,  0.746789   ,  6.62562    ,  0.615357   ,  0.457747   ,  0.617722   ,  0.374608   ,  2.20426    ])
Iter time: 170.801084995
Iter time: 332.903119802
Iter time: 575.419847012
69      , -14474.8    , array([ 0.167653   ,  0.0596522  ,  0.34477    ,  0.117716   ,  0.760704   ,  5.78453    ,  0.586407   ,  0.463468   ,  0.632231   ,  0.349944   ,  2.09399    ])
Iter time: 208.234605789
Iter time: 406.069504976
Iter time: 701.545390129
70      , -14613.7    , array([ 0.146928   ,  0.0689302  ,  0.690546   ,  0.105238   ,  0.736924   ,  6.56436    ,  0.611283   ,  0.455376   ,  0.62187    ,  0.372067   ,  2.14458    ])
Iter time: 175.265352011
Iter time: 341.335880041
Iter time: 590.282210112
71      , -14466.1    , array([ 0.165602   ,  0.0592999  ,  0.349205   ,  0.115499   ,  0.764062   ,  5.83562    ,  0.588998   ,  0.464173   ,  0.630043   ,  0.351781   ,  2.12039    ])
Iter time: 178.631337166
Iter time: 347.64849782
Iter time: 601.269138098
72      , -14413.1    , array([ 0.172712   ,  0.0597771  ,  0.355669   ,  0.117445   ,  0.757809   ,  6.05899    ,  0.615569   ,  0.446823   ,  0.628375   ,  0.34807    ,  2.11956    ])
Iter time: 196.736235857
Iter time: 383.703218222
Iter time: 663.853518009
73      , -14377      , array([ 0.153904   ,  0.064719   ,  0.482919   ,  0.111901   ,  0.7485     ,  6.50252    ,  0.617941   ,  0.471621   ,  0.620661   ,  0.35563    ,  2.13599    ])
Iter time: 211.26168704
Iter time: 410.857702017
Iter time: 710.074822903
74      , -14336.6    , array([ 0.147126   ,  0.0676078  ,  0.552124   ,  0.110856   ,  0.741647   ,  6.94942    ,  0.636219   ,  0.4834     ,  0.614267   ,  0.354981   ,  2.14479    ])
Iter time: 153.089422941
Iter time: 298.489459038
Iter time: 516.891710997
75      , -14412.1    , array([ 0.167338   ,  0.0621798  ,  0.326998   ,  0.121502   ,  0.759249   ,  5.3387     ,  0.599457   ,  0.465884   ,  0.625767   ,  0.332236   ,  2.1489     ])
Iter time: 161.790058136
Iter time: 315.764906883
Iter time: 545.009203911
76      , -14432.4    , array([ 0.172408   ,  0.0603519  ,  0.306209   ,  0.122565   ,  0.759332   ,  5.67582    ,  0.598724   ,  0.468506   ,  0.623139   ,  0.354287   ,  2.13548    ])
Iter time: 167.263442993
Iter time: 325.463388205
Iter time: 562.756921053
77      , -14419.3    , array([ 0.171569   ,  0.058474   ,  0.295551   ,  0.123136   ,  0.758824   ,  5.8816     ,  0.603906   ,  0.468787   ,  0.640769   ,  0.347549   ,  2.15827    ])
Iter time: 175.21361208
Iter time: 341.664544106
Iter time: 590.224075079
78      , -14324.3    , array([ 0.142258   ,  0.0604693  ,  0.415867   ,  0.116287   ,  0.750899   ,  5.89175    ,  0.621135   ,  0.465374   ,  0.62242    ,  0.354776   ,  2.10235    ])
Iter time: 174.538565159
Iter time: 340.201151848
Iter time: 589.354656935
79      , -14258.2    , array([ 0.124766   ,  0.059541   ,  0.454368   ,  0.116081   ,  0.746067   ,  5.83644    ,  0.639086   ,  0.466345   ,  0.617427   ,  0.35747    ,  2.07148    ])
Iter time: 182.338900089
Iter time: 355.995830059
Iter time: 612.845068932
80      , -14303.5    , array([ 0.148722   ,  0.0632024  ,  0.441843   ,  0.114991   ,  0.748202   ,  6.12516    ,  0.631275   ,  0.465867   ,  0.620034   ,  0.355647   ,  2.16986    ])
Iter time: 179.615762949
Iter time: 349.907495975
Iter time: 604.93798995
81      , -14316.3    , array([ 0.145619   ,  0.0676565  ,  0.499779   ,  0.117254   ,  0.751722   ,  6.19927    ,  0.638694   ,  0.460459   ,  0.616288   ,  0.357024   ,  2.1671     ])
Iter time: 179.803639174
Iter time: 350.179939032
Iter time: 606.823322058
82      , -14272.9    , array([ 0.143931   ,  0.066394   ,  0.492984   ,  0.11745    ,  0.741355   ,  6.20438    ,  0.64626    ,  0.464015   ,  0.617265   ,  0.355837   ,  2.16274    ])
Iter time: 177.350822926
Iter time: 345.045814991
Iter time: 597.061270952
83      , -14306      , array([ 0.162277   ,  0.0718912  ,  0.318869   ,  0.109957   ,  0.749692   ,  5.80618    ,  0.629783   ,  0.473918   ,  0.622795   ,  0.346071   ,  2.1336     ])
Iter time: 198.976181984
Iter time: 387.731934071
Iter time: 672.053948164
84      , -14332      , array([ 0.136309   ,  0.0693701  ,  0.558498   ,  0.107698   ,  0.742072   ,  6.40048    ,  0.648278   ,  0.46216    ,  0.622932   ,  0.350932   ,  2.14916    ])
Iter time: 184.146340132
Iter time: 358.766736984
Iter time: 620.185696125
85      , -14202.7    , array([ 0.148748   ,  0.0552184  ,  0.441384   ,  0.11738    ,  0.745018   ,  6.19149    ,  0.653216   ,  0.473202   ,  0.619931   ,  0.346961   ,  2.14206    ])
Iter time: 188.272041082
Iter time: 366.567461014
Iter time: 634.460567951
86      , -14093.4    , array([ 0.14598    ,  0.0474467  ,  0.458035   ,  0.120322   ,  0.74051    ,  6.31778    ,  0.680315   ,  0.480846   ,  0.617088   ,  0.341957   ,  2.1413     ])
Iter time: 201.123412132
Iter time: 390.468868017
Iter time: 675.010017157
87      , -14365.7    , array([ 0.130025   ,  0.0679922  ,  0.662876   ,  0.106041   ,  0.737116   ,  6.34168    ,  0.665651   ,  0.464733   ,  0.601181   ,  0.355537   ,  2.12443    ])
Iter time: 191.257405996
Iter time: 372.624686956
Iter time: 644.253293037
88      , -14246.2    , array([ 0.122666   ,  0.0680855  ,  0.616851   ,  0.109134   ,  0.734398   ,  6.20727    ,  0.662392   ,  0.491074   ,  0.608127   ,  0.356378   ,  2.16413    ])
Iter time: 233.217508793
Iter time: 455.795763969
Iter time: 787.808370113
89      , -14345.9    , array([ 0.119655   ,  0.0665434  ,  0.753003   ,  0.103451   ,  0.728583   ,  7.2405     ,  0.692654   ,  0.475514   ,  0.607496   ,  0.378155   ,  2.13731    ])
Iter time: 186.490429878
Iter time: 363.027988911
Iter time: 627.986743927
90      , -14116.8    , array([ 0.123677   ,  0.0671953  ,  0.539345   ,  0.119816   ,  0.735129   ,  6.5684     ,  0.692675   ,  0.477552   ,  0.604894   ,  0.343357   ,  2.13702    ])
Iter time: 180.567865133
Iter time: 351.910010099
Iter time: 607.867368937
91      , -14204.3    , array([ 0.145662   ,  0.0614537  ,  0.386419   ,  0.120936   ,  0.746375   ,  6.3332     ,  0.642433   ,  0.480882   ,  0.629752   ,  0.352922   ,  2.16242    ])
Iter time: 149.031425953
Iter time: 291.520287037
Iter time: 501.950465918
92      , -14384      , array([ 0.164048   ,  0.0618897  ,  0.301311   ,  0.127533   ,  0.758436   ,  5.41361    ,  0.608996   ,  0.47094    ,  0.627297   ,  0.327673   ,  2.15395    ])
Iter time: 208.351310015
Iter time: 405.322357893
Iter time: 700.449318171
93      , -14258.4    , array([ 0.129477   ,  0.0653482  ,  0.598896   ,  0.109008   ,  0.735934   ,  6.73284    ,  0.67072    ,  0.474366   ,  0.612387   ,  0.364848   ,  2.14146    ])
Iter time: 164.525397062
Iter time: 320.2860291
Iter time: 554.64915204
94      , -14136.7    , array([ 0.130354   ,  0.06054    ,  0.417058   ,  0.118651   ,  0.74403    ,  5.60799    ,  0.669413   ,  0.461671   ,  0.620036   ,  0.350809   ,  2.14583    ])
Iter time: 168.064782858
Iter time: 327.223420143
Iter time: 568.596542835
95      , -14127.7    , array([ 0.13956    ,  0.0575594  ,  0.390977   ,  0.1243     ,  0.743959   ,  5.94436    ,  0.660804   ,  0.482795   ,  0.610894   ,  0.354834   ,  2.14087    ])
Iter time: 183.743072033
Iter time: 356.930679083
Iter time: 617.401469946
96      , -14073.9    , array([ 0.129632   ,  0.0573082  ,  0.417838   ,  0.115388   ,  0.733025   ,  6.09062    ,  0.674883   ,  0.488769   ,  0.616494   ,  0.348389   ,  2.11845    ])
Iter time: 185.987910032
Iter time: 361.518625021
Iter time: 626.043997049
97      , -13966.5    , array([ 0.122308   ,  0.0527436  ,  0.382052   ,  0.114466   ,  0.723852   ,  6.03701    ,  0.69374    ,  0.503571   ,  0.616597   ,  0.344149   ,  2.09453    ])
Iter time: 188.060302019
Iter time: 366.367843866
Iter time: 631.461596966
98      , -14188.5    , array([ 0.110496   ,  0.0509794  ,  0.676781   ,  0.123947   ,  0.730337   ,  6.54923    ,  0.696574   ,  0.480159   ,  0.608944   ,  0.359052   ,  2.14449    ])
Iter time: 183.317831993
Iter time: 356.89109993
Iter time: 616.511957884
99      , -14004.1    , array([ 0.114226   ,  0.0557656  ,  0.527791   ,  0.120148   ,  0.728583   ,  6.28418    ,  0.707477   ,  0.491148   ,  0.609651   ,  0.349989   ,  2.10415    ])
Iter time: 186.413875818
Iter time: 362.793515205
Iter time: 627.897983074
100     , -13974.9    , array([ 0.113171   ,  0.0514276  ,  0.478943   ,  0.11812    ,  0.732992   ,  6.21838    ,  0.702538   ,  0.498228   ,  0.611006   ,  0.34875    ,  2.10057    ])
Iter time: 159.517507076
Iter time: 310.811622858
Iter time: 537.438135862
101     , -14013.1    , array([ 0.122764   ,  0.0500237  ,  0.378545   ,  0.129139   ,  0.737854   ,  5.64808    ,  0.682647   ,  0.491725   ,  0.615621   ,  0.337357   ,  2.11401    ])
Iter time: 184.383638144
Iter time: 359.113231897
Iter time: 621.056479931
102     , -13892.2    , array([ 0.127025   ,  0.0531912  ,  0.482663   ,  0.123643   ,  0.726369   ,  6.4768     ,  0.725078   ,  0.505026   ,  0.61027    ,  0.340714   ,  2.19352    ])
Iter time: 189.87807107
Iter time: 369.908109903
Iter time: 637.422302008
103     , -13710.1    , array([ 0.12817    ,  0.050275   ,  0.497464   ,  0.127607   ,  0.716716   ,  6.82287    ,  0.772319   ,  0.525554   ,  0.606722   ,  0.332633   ,  2.25722    ])
Iter time: 170.856103897
Iter time: 332.753515005
Iter time: 575.329607964
104     , -13925.7    , array([ 0.130234   ,  0.0440205  ,  0.34189    ,  0.135307   ,  0.734649   ,  6.19547    ,  0.719371   ,  0.485548   ,  0.619342   ,  0.337501   ,  2.11575    ])
Iter time: 177.545571089
Iter time: 345.075523853
Iter time: 599.529541016
105     , -13835.3    , array([ 0.107464   ,  0.0459006  ,  0.533753   ,  0.124622   ,  0.720781   ,  6.04807    ,  0.757132   ,  0.49671    ,  0.596265   ,  0.338049   ,  2.10905    ])
Iter time: 167.865143061
Iter time: 327.232726097
Iter time: 566.048904896
106     , -13966      , array([ 0.140951   ,  0.0542856  ,  0.29188    ,  0.121714   ,  0.734847   ,  5.76452    ,  0.708949   ,  0.500534   ,  0.614285   ,  0.328655   ,  2.12024    ])
Iter time: 193.104017019
Iter time: 375.546323061
Iter time: 648.768893003
107     , -13764      , array([ 0.121188   ,  0.0448153  ,  0.44389    ,  0.127737   ,  0.719697   ,  6.76581    ,  0.745451   ,  0.528284   ,  0.602274   ,  0.332412   ,  2.1143     ])
Iter time: 193.298897028
Iter time: 377.273514986
Iter time: 652.463755131
108     , -13727.1    , array([ 0.110326   ,  0.0450392  ,  0.484555   ,  0.122538   ,  0.715439   ,  6.53496    ,  0.771895   ,  0.513508   ,  0.60971    ,  0.324764   ,  2.1144     ])
Iter time: 179.929162025
Iter time: 349.990806818
Iter time: 606.943392038
109     , -13717.4    , array([ 0.121935   ,  0.0358738  ,  0.344484   ,  0.127644   ,  0.720467   ,  5.90861    ,  0.751021   ,  0.526043   ,  0.616647   ,  0.33224    ,  2.11411    ])
Iter time: 171.865038872
Iter time: 334.993632078
Iter time: 579.396181107
110     , -13622.1    , array([ 0.0999804  ,  0.0482873  ,  0.38516    ,  0.12848    ,  0.711673   ,  6.06867    ,  0.778537   ,  0.531043   ,  0.604383   ,  0.331856   ,  2.10499    ])
Iter time: 164.365039825
Iter time: 320.185060978
Iter time: 553.780966997
111     , -13406.3    , array([ 0.082742   ,  0.0487132  ,  0.353193   ,  0.132764   ,  0.697678   ,  5.94783    ,  0.832845   ,  0.558074   ,  0.598129   ,  0.326917   ,  2.08707    ])
Iter time: 204.243978024
Iter time: 397.56613493
Iter time: 687.778991938
112     , -13585      , array([ 0.110658   ,  0.0455792  ,  0.460202   ,  0.120312   ,  0.707001   ,  6.85236    ,  0.804445   ,  0.531382   ,  0.602656   ,  0.334463   ,  2.12719    ])
Iter time: 182.492609978
Iter time: 355.586776972
Iter time: 613.668504
113     , -13581.4    , array([ 0.118245   ,  0.0394139  ,  0.321946   ,  0.129347   ,  0.712093   ,  6.25644    ,  0.794553   ,  0.539679   ,  0.607282   ,  0.319743   ,  2.1414     ])
Iter time: 177.9887321
Iter time: 346.831647158
Iter time: 599.739341974
114     , -13509.7    , array([ 0.120302   ,  0.0407203  ,  0.330063   ,  0.133758   ,  0.704097   ,  6.32966    ,  0.818246   ,  0.539795   ,  0.605262   ,  0.315852   ,  2.15257    ])
Iter time: 177.921073914
Iter time: 346.578384876
Iter time: 599.919373989
115     , -13404.4    , array([ 0.110981   ,  0.0378799  ,  0.40291    ,  0.141993   ,  0.70941    ,  6.57618    ,  0.853869   ,  0.540857   ,  0.597754   ,  0.31512    ,  2.16953    ])
Iter time: 176.716315031
Iter time: 343.820225
Iter time: 592.609520197
116     , -13146.8    , array([ 0.105717   ,  0.0321017  ,  0.413762   ,  0.158147   ,  0.702297   ,  6.86356    ,  0.947303   ,  0.560523   ,  0.58855    ,  0.301537   ,  2.20802    ])
Iter time: 197.506010056
Iter time: 384.549557209
Iter time: 664.664805174
117     , -13383.4    , array([ 0.0913949  ,  0.0334511  ,  0.561929   ,  0.140049   ,  0.693062   ,  7.10905    ,  0.880763   ,  0.555453   ,  0.595353   ,  0.32485    ,  2.15909    ])
Iter time: 198.932965994
Iter time: 387.77509594
Iter time: 673.566502094
118     , -13250.4    , array([ 0.0927471  ,  0.0392427  ,  0.52509    ,  0.12677    ,  0.685943   ,  6.78206    ,  0.900542   ,  0.586772   ,  0.586266   ,  0.314146   ,  2.17166    ])
Iter time: 194.96983099
Iter time: 379.989451885
Iter time: 658.133707047
119     , -13221.6    , array([ 0.109429   ,  0.0365781  ,  0.335342   ,  0.138069   ,  0.692872   ,  7.09356    ,  0.883043   ,  0.591229   ,  0.607087   ,  0.309483   ,  2.19019    ])
Iter time: 180.800653934
Iter time: 352.036981106
Iter time: 608.623477936
120     , -13150.5    , array([ 0.0952528  ,  0.0361057  ,  0.383186   ,  0.13662    ,  0.689139   ,  6.39582    ,  0.924931   ,  0.567389   ,  0.6019     ,  0.310667   ,  2.1988     ])
Iter time: 178.589492083
Iter time: 347.361943007
Iter time: 600.611735821
121     , -13118.3    , array([ 0.101873   ,  0.0345107  ,  0.336363   ,  0.145261   ,  0.688536   ,  6.5959     ,  0.923108   ,  0.594402   ,  0.593167   ,  0.315428   ,  2.2144     ])
Iter time: 173.915850878
Iter time: 338.956241131
Iter time: 585.753229141
122     , -12885.1    , array([ 0.0978933  ,  0.030209   ,  0.280247   ,  0.158156   ,  0.675467   ,  6.62658    ,  1.00949    ,  0.639509   ,  0.585064   ,  0.310861   ,  2.26616    ])
Iter time: 190.526359081
Iter time: 369.550185919
Iter time: 639.615156889
123     , -12952.7    , array([ 0.0885663  ,  0.0419948  ,  0.455709   ,  0.144992   ,  0.67576    ,  7.4488     ,  1.00118    ,  0.601214   ,  0.580915   ,  0.304624   ,  2.24284    ])
Iter time: 186.889667034
Iter time: 363.206017017
Iter time: 627.6622262
124     , -12869.6    , array([ 0.0787816  ,  0.0290009  ,  0.310578   ,  0.148442   ,  0.672068   ,  6.55444    ,  1.02061    ,  0.61667    ,  0.58577    ,  0.299436   ,  2.09821    ])
Iter time: 208.952542067
Iter time: 407.400134802
Iter time: 704.004281044
125     , -12565.9    , array([ 0.0617652  ,  0.0220263  ,  0.245401   ,  0.160102   ,  0.650799   ,  6.42422    ,  1.17326    ,  0.667991   ,  0.575567   ,  0.284102   ,  2.02296    ])
Iter time: 173.763556957
Iter time: 338.627137899
Iter time: 584.718976974
126     , -12802.3    , array([ 0.0820701  ,  0.0280268  ,  0.299458   ,  0.165837   ,  0.67112    ,  6.45013    ,  1.04945    ,  0.635812   ,  0.584811   ,  0.289092   ,  2.20622    ])
Iter time: 1437.53011012
Iter time: 362.063040972
Iter time: 626.090224028
127     , -12629.6    , array([ 0.0718706  ,  0.0304627  ,  0.422457   ,  0.161382   ,  0.659179   ,  7.10377    ,  1.11765    ,  0.644979   ,  0.576392   ,  0.296911   ,  2.20349    ])
Iter time: 195.027215004
Iter time: 380.109025955
Iter time: 656.893490076
128     , -12538.9    , array([ 0.0643253  ,  0.0279699  ,  0.43098    ,  0.16148    ,  0.658723   ,  7.17044    ,  1.1486     ,  0.666053   ,  0.573199   ,  0.297208   ,  2.20139    ])
Iter time: 234.547405005
Iter time: 456.110428095
Iter time: 787.905232906
129     , -12144.1    , array([ 0.0470366  ,  0.0231809  ,  0.492478   ,  0.177426   ,  0.637144   ,  7.63183    ,  1.36085    ,  0.739859   ,  0.557809   ,  0.288302   ,  2.22622    ])
Iter time: 218.016600847
Iter time: 424.12437892
Iter time: 732.798602819
130     , -12393.6    , array([ 0.0843978  ,  0.0204275  ,  0.427851   ,  0.171496   ,  0.653902   ,  7.9846     ,  1.23384    ,  0.678127   ,  0.572721   ,  0.28066    ,  2.29729    ])
Iter time: 191.439670086
Iter time: 372.78821516
Iter time: 644.538463116
131     , -12384.2    , array([ 0.0753089  ,  0.0271961  ,  0.255916   ,  0.168675   ,  0.651334   ,  6.82294    ,  1.24046    ,  0.7065     ,  0.571351   ,  0.275037   ,  2.24585    ])
Iter time: 216.964526892
Iter time: 422.616070986
Iter time: 731.038853884
132     , -12406.9    , array([ 0.0714532  ,  0.0216872  ,  0.240322   ,  0.196275   ,  0.651928   ,  7.15972    ,  1.28595    ,  0.691756   ,  0.577494   ,  0.277615   ,  2.24653    ])
Iter time: 220.899734974
Iter time: 421.589621067
Iter time: 729.009889126
133     , -12119.1    , array([ 0.0560442  ,  0.0211575  ,  0.354185   ,  0.192116   ,  0.6383     ,  6.85687    ,  1.40419    ,  0.706424   ,  0.552644   ,  0.276285   ,  2.23783    ])
Iter time: 263.914779902
Iter time: 513.743812084
Iter time: 888.374533176
134     , -11690.8    , array([ 0.0401078  ,  0.0160911  ,  0.364      ,  0.22662    ,  0.612648   ,  6.74151    ,  1.77072    ,  0.772183   ,  0.527282   ,  0.261046   ,  2.26205    ])
Iter time: 258.199758053
Iter time: 502.554750204
Iter time: 867.271694183
135     , -11944.8    , array([ 0.0550158  ,  0.0185052  ,  0.307081   ,  0.212866   ,  0.628175   ,  7.67805    ,  1.50862    ,  0.77853    ,  0.544153   ,  0.266659   ,  2.24059    ])
Iter time: 272.405083179
Iter time: 530.268821955
Iter time: 916.967783928
136     , -11730      , array([ 0.0440198  ,  0.0188298  ,  0.269381   ,  0.194099   ,  0.604032   ,  7.30218    ,  1.60304    ,  0.836576   ,  0.548617   ,  0.268662   ,  2.23718    ])
Iter time: 289.674047947
Iter time: 565.467067003
Iter time: 976.214403868
137     , -11832.5    , array([ 0.0462721  ,  0.0124406  ,  0.222289   ,  0.22324    ,  0.615074   ,  6.70418    ,  1.6523     ,  0.82824    ,  0.550077   ,  0.259933   ,  2.20144    ])
Iter time: 311.087623119
Iter time: 606.02070117
Iter time: 1047.38034987
138     , -11584.8    , array([ 0.0365313  ,  0.0147179  ,  0.346552   ,  0.217894   ,  0.604951   ,  7.552      ,  1.79229    ,  0.816129   ,  0.540086   ,  0.246565   ,  2.16734    ])
Iter time: 447.99775219
Iter time: 871.264059067
Iter time: 1506.544312
139     , -11125.5    , array([ 0.0223162  ,  0.0102731  ,  0.385374   ,  0.255756   ,  0.572503   ,  8.0621     ,  2.38816    ,  0.921965   ,  0.518911   ,  0.219591   ,  2.11955    ])
Iter time: 357.126600027
Iter time: 696.616652012
Iter time: 1204.05682015
140     , -11346.4    , array([ 0.0343877  ,  0.0132178  ,  0.339541   ,  0.224831   ,  0.591527   ,  8.07974    ,  2.00205    ,  0.878252   ,  0.528702   ,  0.252202   ,  2.21006    ])
Iter time: 379.278221846
Iter time: 738.934023857
Iter time: 1276.64401603
141     , -11371.5    , array([ 0.0343422  ,  0.0104481  ,  0.231308   ,  0.245395   ,  0.590501   ,  7.51004    ,  2.09007    ,  0.915756   ,  0.528067   ,  0.238381   ,  2.21399    ])
Iter time: 376.675311804
Iter time: 734.083384037
Iter time: 1270.59797907
142     , -11263.4    , array([ 0.0359159  ,  0.0126174  ,  0.393939   ,  0.267329   ,  0.587624   ,  8.54362    ,  2.2114     ,  0.936408   ,  0.520606   ,  0.241307   ,  2.45147    ])
Iter time: 386.14635396
Iter time: 753.620161057
Iter time: 1301.4848001
143     , -11151.8    , array([ 0.0273964  ,  0.0116129  ,  0.440085   ,  0.230661   ,  0.575635   ,  7.91627    ,  2.22661    ,  0.955419   ,  0.509177   ,  0.240732   ,  2.24282    ])
Iter time: 448.793651104
Iter time: 874.256299973
Iter time: 1510.93680596
144     , -11007.5    , array([ 0.0189034  ,  0.0111258  ,  0.248464   ,  0.278605   ,  0.560747   ,  7.08735    ,  2.5836     ,  1.0373     ,  0.50256    ,  0.231567   ,  2.18372    ])
Iter time: 703.204381943
Iter time: 1369.83712912
Iter time: 2367.27045584
145     , -10685.8    , array([ 0.00894634 ,  0.00821093 ,  0.189343   ,  0.355105   ,  0.519271   ,  6.67727    ,  3.7386     ,  1.28293    ,  0.470771   ,  0.210342   ,  2.12906    ])
Iter time: 628.014672995
Iter time: 1223.67145491
Iter time: 2121.08964109
146     , -10818.4    , array([ 0.0143816  ,  0.00672163 ,  0.393248   ,  0.324321   ,  0.540237   ,  8.26156    ,  3.14063    ,  1.10972    ,  0.486337   ,  0.225057   ,  2.21215    ])
Iter time: 599.554177999
Iter time: 1168.25926709
Iter time: 2018.95401192
147     , -10876.5    , array([ 0.0185631  ,  0.00629645 ,  0.19616    ,  0.344063   ,  0.535947   ,  7.49317    ,  3.33293    ,  1.14074    ,  0.485879   ,  0.205248   ,  2.22908    ])
