==========================================
SLURM_JOB_ID = 18981457
SLURM_NODELIST = c8-66
==========================================
Module slurm/17.11.5 loaded 
Module openmpi/3.0.1 loaded 
Module gcc/7.3.0 loaded 
Module python/2.7.6 loaded 
Module numpy/1.11.1 loaded 
Module dadi/1.7.0 loaded 
Module matplotlib/2.0 loaded 
Module scipy/0.18.0 loaded 
Beginning. Call:
/home/hemstrow/monarch/github/F-H_2018/DADI/demographic_models/run_3d_mods.py /home/hemstrow/monarch/github/F-H_2018/Data/dadi_inputs/ dadi_snps_10kgap.txt 1st_folded_optim_10kgap_snps_dadi_out.txt cgrowth 10 [NAM,GUA,HAW] True 3 [0.1,0.1,0.5,0.5,5,5,.1,.1,.1,.1] [1,1,5,5,20,20,10,10,10,10] [.001,.001,.001,.001,.01,.01,.01,.01,.01,.01] [150,15,15] fmin

Ready to begin run. Parameters:

Model:
cgrowth
Maxiters:
10
Pops:
['NAM', 'GUA', 'HAW']
Projection:
[150, 15, 15]
Number of segregating sites in projected sfs:
9454.98941724
Folding spectra:
True
Level of parm folding:
3
Optimizer:
fmin
p0:
[ 0.03803689  0.01361146  2.2975365   1.62967929  1.3142342   2.1875209
  0.02728926  0.03614451  0.50719335  0.02738831]
Upper Bounds:
[1.0, 1.0, 5.0, 5.0, 20.0, 20.0, 10.0, 10.0, 10.0, 10.0]
Lower Bounds:
[0.001, 0.001, 0.001, 0.001, 0.01, 0.01, 0.01, 0.01, 0.01, 0.01]

Beginning optimization ************************************************
optimize_log_fmin.
Iter time: 110.026317835
Iter time: 213.680086851
Iter time: 369.194428921
1       , -21738.2    , array([ 0.0380369  ,  0.0136115  ,  2.29754    ,  1.62968    ,  1.31423    ,  2.18752    ,  0.0272893  ,  0.0361445  ,  0.507193   ,  0.0273883  ])
Iter time: 110.213104963
Iter time: 213.897130966
Iter time: 369.324843168
2       , -21717.7    , array([ 0.0323009  ,  0.0136115  ,  2.29754    ,  1.62968    ,  1.31423    ,  2.18752    ,  0.0272893  ,  0.0361445  ,  0.507193   ,  0.0273883  ])
Iter time: 130.454774141
Iter time: 252.686171055
Iter time: 436.588460922
3       , -21739      , array([ 0.0380369  ,  0.0109799  ,  2.29754    ,  1.62968    ,  1.31423    ,  2.18752    ,  0.0272893  ,  0.0361445  ,  0.507193   ,  0.0273883  ])
Iter time: 110.471243858
Iter time: 214.103060007
Iter time: 368.884015083
4       , -21778.2    , array([ 0.0380369  ,  0.0136115  ,  2.39511    ,  1.62968    ,  1.31423    ,  2.18752    ,  0.0272893  ,  0.0361445  ,  0.507193   ,  0.0273883  ])
Iter time: 109.916542053
Iter time: 213.109094858
Iter time: 368.006735086
5       , -21739.4    , array([ 0.0380369  ,  0.0136115  ,  2.29754    ,  1.66996    ,  1.31423    ,  2.18752    ,  0.0272893  ,  0.0361445  ,  0.507193   ,  0.0273883  ])
Iter time: 110.415502071
Iter time: 213.845564127
Iter time: 369.910861969
6       , -21756.9    , array([ 0.0380369  ,  0.0136115  ,  2.29754    ,  1.62968    ,  1.33231    ,  2.18752    ,  0.0272893  ,  0.0361445  ,  0.507193   ,  0.0273883  ])
Iter time: 114.444839001
Iter time: 222.672829866
Iter time: 383.374477863
7       , -21834.3    , array([ 0.0380369  ,  0.0136115  ,  2.29754    ,  1.62968    ,  1.31423    ,  2.27483    ,  0.0272893  ,  0.0361445  ,  0.507193   ,  0.0273883  ])
Iter time: 110.375130892
Iter time: 213.762709856
Iter time: 369.442387104
8       , -21903.9    , array([ 0.0380369  ,  0.0136115  ,  2.29754    ,  1.62968    ,  1.31423    ,  2.18752    ,  0.0227925  ,  0.0361445  ,  0.507193   ,  0.0273883  ])
Iter time: 110.380711794
Iter time: 213.687464952
Iter time: 368.912760019
9       , -21899.9    , array([ 0.0380369  ,  0.0136115  ,  2.29754    ,  1.62968    ,  1.31423    ,  2.18752    ,  0.0272893  ,  0.0306157  ,  0.507193   ,  0.0273883  ])
Iter time: 110.152516127
Iter time: 213.453193188
Iter time: 368.620399952
10      , -21757.4    , array([ 0.0380369  ,  0.0136115  ,  2.29754    ,  1.62968    ,  1.31423    ,  2.18752    ,  0.0272893  ,  0.0361445  ,  0.490267   ,  0.0273883  ])
Iter time: 110.325288057
Iter time: 213.770108938
Iter time: 368.9962008
11      , -21747.7    , array([ 0.0380369  ,  0.0136115  ,  2.29754    ,  1.62968    ,  1.31423    ,  2.18752    ,  0.0272893  ,  0.0361445  ,  0.507193   ,  0.0228793  ])
Iter time: 114.783272982
Iter time: 222.94460392
Iter time: 384.949097157
12      , -21633.4    , array([ 0.0368135  ,  0.013039   ,  2.31673    ,  1.63766    ,  1.31783    ,  2.20471    ,  0.0326732  ,  0.0349641  ,  0.503762   ,  0.0264205  ])
Iter time: 117.114172935
Iter time: 227.033398151
Iter time: 391.669403791
13      , -21491.5    , array([ 0.0362166  ,  0.0127618  ,  2.32638    ,  1.64166    ,  1.31963    ,  2.21336    ,  0.0391194  ,  0.0343885  ,  0.502055   ,  0.0259495  ])
Iter time: 115.992200851
Iter time: 225.337404013
Iter time: 389.221660852
14      , -21558.3    , array([ 0.0364542  ,  0.012872   ,  2.32252    ,  1.64006    ,  1.31891    ,  2.20989    ,  0.0293273  ,  0.0422488  ,  0.502737   ,  0.0261369  ])
Iter time: 112.236824989
Iter time: 217.364233017
Iter time: 376.000708818
15      , -21574.8    , array([ 0.0361457  ,  0.012729   ,  2.32755    ,  1.64214    ,  1.31985    ,  2.1128     ,  0.0297528  ,  0.0369208  ,  0.50185    ,  0.0258935  ])
Iter time: 116.831282854
Iter time: 226.524171114
Iter time: 392.55848217
16      , -21588.8    , array([ 0.0357789  ,  0.0125595  ,  2.21998    ,  1.64465    ,  1.32097    ,  2.18191    ,  0.0302716  ,  0.037078   ,  0.500789   ,  0.0256045  ])
Iter time: 118.383950949
Iter time: 229.544950008
Iter time: 396.15012598
17      , -21573.6    , array([ 0.0353436  ,  0.012359   ,  2.29842    ,  1.64766    ,  1.32233    ,  2.18079    ,  0.0309061  ,  0.0372676  ,  0.520284   ,  0.0252619  ])
Iter time: 119.974979877
Iter time: 232.758397102
Iter time: 401.474535227
18      , -21538.6    , array([ 0.0348283  ,  0.0121227  ,  2.2986     ,  1.65128    ,  1.30242    ,  2.17945    ,  0.031685   ,  0.0374964  ,  0.50549    ,  0.0248569  ])
Iter time: 146581.102277
Iter time: 351.735606909
Iter time: 408.394253016
19      , -21506.2    , array([ 0.0342198  ,  0.0118451  ,  2.29881    ,  1.65563    ,  1.31796    ,  2.17784    ,  0.0326458  ,  0.0377728  ,  0.505149   ,  0.0302531  ])
Iter time: 124.988729
Iter time: 242.928689957
Iter time: 418.863711119
20      , -21467.3    , array([ 0.0335036  ,  0.0115204  ,  2.29907    ,  1.61291    ,  1.3187     ,  2.17591    ,  0.0338372  ,  0.0381071  ,  0.504742   ,  0.0257803  ])
Iter time: 133.546452999
Iter time: 259.802893877
Iter time: 447.617239952
21      , -21330.6    , array([ 0.0314438  ,  0.0105986  ,  2.29984    ,  1.58511    ,  1.32094    ,  2.17012    ,  0.0376786  ,  0.039128   ,  0.50352    ,  0.0250121  ])
Iter time: 106.115778923
Iter time: 205.557973146
Iter time: 354.774108887
22      , -21384.7    , array([ 0.0322521  ,  0.0141808  ,  2.29953    ,  1.64364    ,  1.32004    ,  2.17243    ,  0.0360923  ,  0.0387164  ,  0.504008   ,  0.0253166  ])
Iter time: 124.31962204
Iter time: 241.665389061
Iter time: 416.161454916
23      , -21314.6    , array([ 0.0312053  ,  0.0115334  ,  2.29993    ,  1.64644    ,  1.32121    ,  2.16943    ,  0.038168   ,  0.0392523  ,  0.503374   ,  0.0249215  ])
Iter time: 132.382544041
Iter time: 256.287552834
Iter time: 443.532763004
24      , -21100.2    , array([ 0.0282644  ,  0.0106165  ,  2.30113    ,  1.65489    ,  1.32471    ,  2.16044    ,  0.0451391  ,  0.0409051  ,  0.501475   ,  0.0237727  ])
Iter time: 128.617769957
Iter time: 250.533093929
Iter time: 431.383292913
25      , -21211.4    , array([ 0.0357786  ,  0.0109742  ,  2.30065    ,  1.65151    ,  1.32331    ,  2.16403    ,  0.0422096  ,  0.0402358  ,  0.502234   ,  0.0242257  ])
Iter time: 125.102351904
Iter time: 240.83408618
Iter time: 415.381213188
26      , -21267.3    , array([ 0.0323006  ,  0.0115767  ,  2.39808    ,  1.63784    ,  1.31702    ,  2.16602    ,  0.0406671  ,  0.0398692  ,  0.50895    ,  0.0256281  ])
Iter time: 131.662969112
Iter time: 255.732460022
Iter time: 441.533375025
27      , -21216.8    , array([ 0.0312617  ,  0.0112078  ,  2.30095    ,  1.63948    ,  1.31758    ,  2.24804    ,  0.0440447  ,  0.040659   ,  0.509302   ,  0.0252899  ])
Iter time: 127.702683926
Iter time: 247.424505949
Iter time: 426.724112988
28      , -21148.5    , array([ 0.0311959  ,  0.0113197  ,  2.33062    ,  1.63236    ,  1.31417    ,  2.19122    ,  0.0455142  ,  0.0409884  ,  0.489167   ,  0.0259279  ])
Iter time: 132.660237074
Iter time: 257.269426823
Iter time: 443.008546114
29      , -21066.9    , array([ 0.0293178  ,  0.0105929  ,  2.30804    ,  1.63838    ,  1.31662    ,  2.15869    ,  0.0523714  ,  0.0359374  ,  0.503477   ,  0.0250198  ])
Iter time: 141.846414089
Iter time: 274.617820024
Iter time: 473.4564991
30      , -20798.6    , array([ 0.0262919  ,  0.00960945 ,  2.30084    ,  1.63755    ,  1.31548    ,  2.13354    ,  0.069985   ,  0.0331447  ,  0.503847   ,  0.0244793  ])
Iter time: 132.286505938
Iter time: 257.352874994
Iter time: 443.727797985
31      , -20952.7    , array([ 0.0290085  ,  0.0107369  ,  2.33251    ,  1.62454    ,  1.33595    ,  2.17955    ,  0.0567992  ,  0.0395055  ,  0.500409   ,  0.0262277  ])
Iter time: 132.27579689
Iter time: 257.393172026
Iter time: 442.89063096
32      , -20867      , array([ 0.0285647  ,  0.0107747  ,  2.3391     ,  1.61414    ,  1.32379    ,  2.1815     ,  0.0615846  ,  0.0395698  ,  0.499803   ,  0.0209429  ])
Iter time: 141.373636007
Iter time: 274.578194141
Iter time: 473.687673092
33      , -20771.1    , array([ 0.0257385  ,  0.00966791 ,  2.3139     ,  1.62237    ,  1.32294    ,  2.14028    ,  0.0562759  ,  0.0447012  ,  0.502431   ,  0.0233915  ])
Iter time: 155.662883997
Iter time: 302.240060091
Iter time: 521.801321983
34      , -20412.4    , array([ 0.021698   ,  0.00841477 ,  2.30768    ,  1.61282    ,  1.3246     ,  2.10465    ,  0.0674975  ,  0.050965   ,  0.50262    ,  0.0222087  ])
Iter time: 169.334908009
Iter time: 328.876906872
Iter time: 567.42199111
35      , -20675.9    , array([ 0.0266996  ,  0.00783813 ,  2.34257    ,  1.6143     ,  1.32344    ,  2.16682    ,  0.0691314  ,  0.0419481  ,  0.500208   ,  0.0233564  ])
Iter time: 139.935166121
Iter time: 272.410345078
Iter time: 468.8973279
36      , -20598      , array([ 0.0265047  ,  0.00987321 ,  2.3509     ,  1.68002    ,  1.32304    ,  2.16846    ,  0.0747672  ,  0.0420886  ,  0.500032   ,  0.0233191  ])
Iter time: 155.094003916
Iter time: 301.112547874
Iter time: 519.718703985
37      , -20525.8    , array([ 0.024801   ,  0.00875582 ,  2.24566    ,  1.63423    ,  1.32819    ,  2.17305    ,  0.078245   ,  0.0417562  ,  0.492952   ,  0.0223329  ])
Iter time: 150.713169098
Iter time: 292.634951115
Iter time: 504.249156952
38      , -20446.4    , array([ 0.0244658  ,  0.00860827 ,  2.32909    ,  1.63155    ,  1.32976    ,  2.07962    ,  0.0810436  ,  0.0411637  ,  0.489407   ,  0.0220756  ])
Iter time: 159.604319096
Iter time: 308.76511693
Iter time: 533.777709007
39      , -20287.8    , array([ 0.0198123  ,  0.0083748  ,  2.33513    ,  1.61573    ,  1.32529    ,  2.14323    ,  0.0963524  ,  0.0417868  ,  0.493733   ,  0.022621   ])
Iter time: 177.33395505
Iter time: 344.32667613
Iter time: 593.236443043
40      , -19814.7    , array([ 0.0147432  ,  0.00731604 ,  2.35256    ,  1.59814    ,  1.32628    ,  2.1329     ,  0.145575   ,  0.0425845  ,  0.489537   ,  0.021859   ])
Iter time: 171.701436043
Iter time: 333.276739836
Iter time: 575.2882092
41      , -20076.9    , array([ 0.0195595  ,  0.00744041 ,  2.30943    ,  1.62777    ,  1.33696    ,  2.10525    ,  0.11275    ,  0.0413341  ,  0.506999   ,  0.0204264  ])
Iter time: 174.478883982
Iter time: 338.882225037
Iter time: 584.936068773
42      , -19921.6    , array([ 0.0200558  ,  0.00738882 ,  2.34071    ,  1.60031    ,  1.32876    ,  2.12422    ,  0.136528   ,  0.0415048  ,  0.49564    ,  0.0216125  ])
Iter time: 184.475839138
Iter time: 357.588850021
Iter time: 617.28354907
43      , -19876.3    , array([ 0.0181509  ,  0.00677981 ,  2.31083    ,  1.62532    ,  1.31616    ,  2.09479    ,  0.129303   ,  0.0434017  ,  0.495745   ,  0.0188457  ])
Iter time: 197.181507826
Iter time: 383.144233942
Iter time: 660.866715193
44      , -19769.6    , array([ 0.0168348  ,  0.00615816 ,  2.29873    ,  1.63805    ,  1.32672    ,  2.07601    ,  0.138326   ,  0.0441397  ,  0.495538   ,  0.0231085  ])
Iter time: 242.087523222
Iter time: 469.450998068
Iter time: 810.1950109
45      , -19230.2    , array([ 0.012924   ,  0.00465557 ,  2.27881    ,  1.65014    ,  1.32818    ,  2.02519    ,  0.207311   ,  0.046619   ,  0.49342    ,  0.0242738  ])
Iter time: 205.451083183
Iter time: 398.607799053
Iter time: 686.960139036
46      , -19526.5    , array([ 0.0158683  ,  0.0059733  ,  2.33245    ,  1.61711    ,  1.33767    ,  2.10067    ,  0.15125    ,  0.0564169  ,  0.489509   ,  0.0197368  ])
Iter time: 177.814036131
Iter time: 344.892877102
Iter time: 595.075495958
47      , -19415.6    , array([ 0.0140816  ,  0.00693587 ,  2.28892    ,  1.64097    ,  1.33247    ,  2.05562    ,  0.179073   ,  0.0472987  ,  0.490943   ,  0.0200007  ])
Iter time: 226.243322134
Iter time: 438.855699062
Iter time: 758.040035963
48      , -19261.3    , array([ 0.0124997  ,  0.00513078 ,  2.26865    ,  1.56937    ,  1.33477    ,  2.03222    ,  0.197178   ,  0.0482541  ,  0.489316   ,  0.0194269  ])
Iter time: 220.189834118
Iter time: 426.476413012
Iter time: 735.48525095
49      , -19089.9    , array([ 0.0116477  ,  0.00519903 ,  2.37982    ,  1.60034    ,  1.33091    ,  2.00093    ,  0.226669   ,  0.0500658  ,  0.495611   ,  0.0197271  ])
Iter time: 262.783209085
Iter time: 509.512211084
Iter time: 878.889601946
50      , -18427.3    , array([ 0.00798228 ,  0.00400622 ,  2.44988    ,  1.58366    ,  1.33227    ,  1.92006    ,  0.385798   ,  0.0548216  ,  0.496945   ,  0.0185406  ])
Iter time: 253.834785938
Iter time: 493.346675873
Iter time: 847.403588057
51      , -18755.4    , array([ 0.00943766 ,  0.00453802 ,  2.3179     ,  1.59344    ,  1.32984    ,  2.05771    ,  0.298991   ,  0.0537817  ,  0.500729   ,  0.0192724  ])
Iter time: 270.155945063
Iter time: 524.253614187
Iter time: 908.005306959
52      , -18456.6    , array([ 0.00900932 ,  0.00410304 ,  2.34147    ,  1.60806    ,  1.33607    ,  2.02409    ,  0.483463   ,  0.0439086  ,  0.487198   ,  0.0186213  ])
Iter time: 268.492820978
Iter time: 520.730643034
Iter time: 895.807865858
53      , -18496.2    , array([ 0.00855894 ,  0.00411957 ,  2.34616    ,  1.58941    ,  1.32354    ,  2.00767    ,  0.387245   ,  0.0547976  ,  0.479157   ,  0.0198748  ])
Iter time: 287.609117985
Iter time: 558.796309948
Iter time: 955.338609934
54      , -18354.8    , array([ 0.00704002 ,  0.00369088 ,  2.31588    ,  1.61447    ,  1.33066    ,  1.96741    ,  0.393942   ,  0.0576904  ,  0.486834   ,  0.0184718  ])
Iter time: 371.981491089
Iter time: 720.345767975
Iter time: 1241.797014
55      , -17685.8    , array([ 0.004171   ,  0.0026086  ,  2.30356    ,  1.6216     ,  1.33161    ,  1.8934     ,  0.669171   ,  0.0680152  ,  0.48249    ,  0.017077   ])
Iter time: 313.066315889
Iter time: 608.621326923
Iter time: 1048.89910197
56      , -18001      , array([ 0.00579675 ,  0.00332296 ,  2.34434    ,  1.5889     ,  1.34654    ,  1.95512    ,  0.577871   ,  0.0603553  ,  0.4841     ,  0.0207704  ])
Iter time: 366.457916021
Iter time: 710.533211946
Iter time: 1227.77037787
57      , -17736.6    , array([ 0.00592121 ,  0.00262976 ,  2.30115    ,  1.61406    ,  1.34032    ,  1.88705    ,  0.676238   ,  0.0659573  ,  0.489145   ,  0.0177251  ])
Iter time: 356.174581051
Iter time: 691.642536879
Iter time: 1191.60034919
58      , -17663.7    , array([ 0.00451698 ,  0.0027335  ,  2.31472    ,  1.59452    ,  1.32944    ,  1.87535    ,  0.878159   ,  0.0513661  ,  0.4891     ,  0.0192134  ])
Iter time: 480.004925966
Iter time: 928.603243828
Iter time: 1598.35923481
59      , -17141      , array([ 0.00240995 ,  0.00184914 ,  2.3059     ,  1.58334    ,  1.32533    ,  1.77192    ,  2.11598    ,  0.0490128  ,  0.488896   ,  0.0189569  ])
Iter time: 503.033030033
Iter time: 975.021708012
Iter time: 1680.33923888
60      , -17383.7    , array([ 0.003576   ,  0.0018072  ,  2.36223    ,  1.56014    ,  1.33319    ,  1.86036    ,  1.21545    ,  0.0617061  ,  0.487265   ,  0.0187578  ])
Iter time: 464.26008606
Iter time: 900.437724113
Iter time: 1548.20098996
61      , -17271.9    , array([ 0.00313652 ,  0.00198284 ,  2.40268    ,  1.62939    ,  1.33059    ,  1.84882    ,  1.58812    ,  0.0635334  ,  0.488473   ,  0.0191768  ])
Iter time: 498.65101409
Iter time: 963.908831835
Iter time: 1667.04431105
62      , -17100.9    , array([ 0.00228539 ,  0.0018423  ,  2.41743    ,  1.54572    ,  1.33766    ,  1.82174    ,  2.26972    ,  0.0699619  ,  0.483436   ,  0.014641   ])
Iter time: 543.209752083
Iter time: 1046.82253599
Iter time: 1804.57146001
64      , -17102.4    , array([ 0.00235675 ,  0.00157822 ,  2.39674    ,  1.59101    ,  1.33757    ,  1.74979    ,  2.36047    ,  0.0639197  ,  0.473042   ,  0.0174541  ])
Iter time: 587.048140049
Iter time: 1138.54920411
Iter time: 1957.45838785
65      , -16999.1    , array([ 0.00200787 ,  0.00143497 ,  2.37799    ,  1.59537    ,  1.34677    ,  1.74477    ,  2.61621    ,  0.0646969  ,  0.493071   ,  0.0164912  ])
Iter time: 679.721863985
Iter time: 1312.21544981
Iter time: 2261.89254403
67      , -16797      , array([ 0.00141277 ,  0.00116772 ,  2.39014    ,  1.57437    ,  1.33627    ,  1.67997    ,  2.93736    ,  0.0872492  ,  0.486096   ,  0.0171788  ])
Iter time: 348.838318825
Iter time: 676.776813984
Iter time: 1165.09393096
70      , -17732.3    , array([ 0.00489386 ,  0.00278425 ,  2.40444    ,  1.58692    ,  1.33442    ,  1.86913    ,  0.750481   ,  0.0596203  ,  0.491227   ,  0.0181408  ])
Iter time: 724.983611822
Iter time: 1400.55704284
Iter time: 2417.92854285
71      , -16902.6    , array([ 0.00150128 ,  0.00108762 ,  2.3875     ,  1.59108    ,  1.32428    ,  1.67823    ,  3.88607    ,  0.0694854  ,  0.488478   ,  0.014763   ])
Iter time: 716.212632895
Iter time: 1381.01042295
Iter time: 2373.66806889
72      , -16996.7    , array([ 0.00111699 ,  0.00115185 ,  2.45031    ,  1.5618     ,  1.32722    ,  1.69845    ,  4.71112    ,  0.0642499  ,  0.483308   ,  0.0166782  ])
Iter time: 434.885802031
Iter time: 840.344712973
Iter time: 1448.08584285
74      , -17330.2    , array([ 0.00329504 ,  0.00210628 ,  2.39171    ,  1.58605    ,  1.33373    ,  1.82054    ,  1.26872    ,  0.0625323  ,  0.488319   ,  0.0175868  ])
Iter time: 451.506065845
Iter time: 875.874943018
Iter time: 1508.995471
76      , -17283.2    , array([ 0.00300632 ,  0.00201707 ,  2.3454     ,  1.60151    ,  1.33243    ,  1.82873    ,  1.23696    ,  0.0665098  ,  0.484248   ,  0.0170885  ])
Iter time: 606.115305901
Iter time: 1169.65626788
Iter time: 2005.94763613
77      , -16932.9    , array([ 0.00126821 ,  0.00137597 ,  2.41059    ,  1.61192    ,  1.33314    ,  1.67118    ,  4.31652    ,  0.0695847  ,  0.48416    ,  0.0153008  ])
Iter time: 746.316228867
Iter time: 1439.60327101
Iter time: 2477.49619484
78      , -16936.1    , array([ 0.00113709 ,  0.00108422 ,  2.38463    ,  1.59073    ,  1.33249    ,  1.67875    ,  5.28273    ,  0.0701486  ,  0.482289   ,  0.0158713  ])
Iter time: 517.980500937
Iter time: 999.084971189
Iter time: 1721.30431485
80      , -17089.1    , array([ 0.00229784 ,  0.00169254 ,  2.36865    ,  1.5944     ,  1.33277    ,  1.78038    ,  1.92424    ,  0.0665473  ,  0.484673   ,  0.0168344  ])
Iter time: 528.67106986
Iter time: 1019.84505892
Iter time: 1756.79061389
82      , -17093.8    , array([ 0.00231084 ,  0.00166489 ,  2.39569    ,  1.60647    ,  1.33196    ,  1.78676    ,  2.20136    ,  0.0651921  ,  0.486593   ,  0.0177176  ])
Iter time: 767.793634176
Iter time: 1482.194098
Iter time: 2552.38669491
83      , -16861.1    , array([ 0.00119269 ,  0.00103485 ,  2.4935     ,  1.58901    ,  1.34272    ,  1.68561    ,  4.4353     ,  0.0966592  ,  0.480124   ,  0.0139452  ])
Iter time: 731.035529852
Iter time: 1409.04650402
Iter time: 2428.75047898
84      , -16851.3    , array([ 0.0010643  ,  0.00111435 ,  2.41806    ,  1.58094    ,  1.33147    ,  1.69421    ,  4.51047    ,  0.0805081  ,  0.497692   ,  0.014481   ])
Iter time: 569.672470093
Iter time: 1233.77448297
Iter time: 5698.30381513
86      , -16996.8    , array([ 0.00183117 ,  0.00152427 ,  2.41243    ,  1.56748    ,  1.33578    ,  1.76464    ,  2.81646    ,  0.0713425  ,  0.485027   ,  0.0152483  ])
Iter time: 587.282291889
Iter time: 1136.79272699
Iter time: 1960.1352241
88      , -16987.6    , array([ 0.00182004 ,  0.00144264 ,  2.40239    ,  1.59602    ,  1.33312    ,  1.74653    ,  2.80811    ,  0.0691788  ,  0.486529   ,  0.0166487  ])
Iter time: 585.593775988
Iter time: 1137.83242488
Iter time: 2009.917413
90      , -16974.5    , array([ 0.00179389 ,  0.001443   ,  2.39049    ,  1.5901     ,  1.33354    ,  1.74174    ,  2.6755     ,  0.0700298  ,  0.485661   ,  0.0162194  ])
Iter time: 683.80164814
Iter time: 1802.87916708
Iter time: 2475.63944602
92      , -16945.7    , array([ 0.00166746 ,  0.00132904 ,  2.39582    ,  1.59032    ,  1.33986    ,  1.72408    ,  3.12319    ,  0.0693233  ,  0.48948    ,  0.0160399  ])
Iter time: 619.651236057
Iter time: 1197.29605317
Iter time: 2057.7474792
94      , -16945.9    , array([ 0.00158496 ,  0.00136041 ,  2.41228    ,  1.5775     ,  1.33459    ,  1.73185    ,  3.25731    ,  0.0726922  ,  0.485693   ,  0.0154627  ])
Iter time: 617.690574169
Iter time: 1193.02887106
Iter time: 2051.32015395
95      , -16822.5    , array([ 0.00180703 ,  0.00132318 ,  2.36711    ,  1.61701    ,  1.3411     ,  1.70754    ,  2.79803    ,  0.0875198  ,  0.489914   ,  0.0145203  ])
Iter time: 756.392087936
Iter time: 1457.13446689
Iter time: 2508.64700007
96      , -16829      , array([ 0.00110741 ,  0.00103836 ,  2.40719    ,  1.58648    ,  1.33676    ,  1.65305    ,  4.69084    ,  0.0851986  ,  0.487345   ,  0.0141535  ])
Iter time: 632.856780052
Iter time: 1224.14282489
Iter time: 2103.94197893
98      , -16915.5    , array([ 0.00155783 ,  0.00130726 ,  2.39846    ,  1.59049    ,  1.3344     ,  1.71582    ,  3.20487    ,  0.0740458  ,  0.486383   ,  0.0156718  ])
Iter time: 758.273676872
Iter time: 1461.69030499
Iter time: 2516.62994981
99      , -16817.8    , array([ 0.00115073 ,  0.0010228  ,  2.39792    ,  1.60702    ,  1.33589    ,  1.64666    ,  4.50987    ,  0.084635   ,  0.488661   ,  0.0148693  ])
Iter time: 662.253850937
Iter time: 1278.84445095
Iter time: 2196.57561088
101     , -16897.6    , array([ 0.00147307 ,  0.0012358  ,  2.40055    ,  1.59208    ,  1.33735    ,  1.70239    ,  3.52398    ,  0.0744788  ,  0.488285   ,  0.0155363  ])
Iter time: 642.187309027
Iter time: 1237.60267901
Iter time: 2137.26166701
102     , -16792      , array([ 0.00156843 ,  0.00125015 ,  2.42937    ,  1.59726    ,  1.33817    ,  1.68792    ,  2.76003    ,  0.0923753  ,  0.493163   ,  0.0142078  ])
Iter time: 598.023967981
Iter time: 1155.77199697
Iter time: 5314.74513102
103     , -16750.4    , array([ 0.00184205 ,  0.0013424  ,  2.45205    ,  1.60053    ,  1.34101    ,  1.69252    ,  1.99499    ,  0.106004   ,  0.498691   ,  0.0134427  ])
