==========================================
SLURM_JOB_ID = 18981456
SLURM_NODELIST = c8-66
==========================================
Module slurm/17.11.5 loaded 
Module openmpi/3.0.1 loaded 
Module gcc/7.3.0 loaded 
Module python/2.7.6 loaded 
Module numpy/1.11.1 loaded 
Module dadi/1.7.0 loaded 
Module matplotlib/2.0 loaded 
Module scipy/0.18.0 loaded 
Beginning. Call:
/home/hemstrow/monarch/github/F-H_2018/DADI/demographic_models/run_3d_mods.py /home/hemstrow/monarch/github/F-H_2018/Data/dadi_inputs/ dadi_snps_10kgap.txt 1st_folded_optim_10kgap_snps_dadi_out.txt cgrowth 10 [NAM,GUA,HAW] True 3 [0.1,0.1,0.5,0.5,5,5,.1,.1,.1,.1] [1,1,5,5,20,20,10,10,10,10] [.001,.001,.001,.001,.01,.01,.01,.01,.01,.01] [150,15,15] fmin

Ready to begin run. Parameters:

Model:
cgrowth
Maxiters:
10
Pops:
['NAM', 'GUA', 'HAW']
Projection:
[150, 15, 15]
Number of segregating sites in projected sfs:
9454.98941724
Folding spectra:
True
Level of parm folding:
3
Optimizer:
fmin
p0:
[  4.00254605e-02   1.53167912e-02   2.99812705e-01   6.00795529e-01
   1.98000000e+01   1.49101803e+00   4.33472292e-02   7.12749679e-02
   1.22891605e-01   2.75221805e-01]
Upper Bounds:
[1.0, 1.0, 5.0, 5.0, 20.0, 20.0, 10.0, 10.0, 10.0, 10.0]
Lower Bounds:
[0.001, 0.001, 0.001, 0.001, 0.01, 0.01, 0.01, 0.01, 0.01, 0.01]

Beginning optimization ************************************************
optimize_log_fmin.
Iter time: 99.7789621353
Iter time: 186.195678949
Iter time: 314.034093142
1       , -26848.1    , array([ 0.0400255  ,  0.0153168  ,  0.299813   ,  0.600796   ,  19.8       ,  1.49102    ,  0.0433472  ,  0.071275   ,  0.122892   ,  0.275222   ])
Iter time: 101.668709993
Iter time: 188.817557812
Iter time: 317.429512024
2       , -26847.2    , array([ 0.0340764  ,  0.0153168  ,  0.299813   ,  0.600796   ,  19.8       ,  1.49102    ,  0.0433472  ,  0.071275   ,  0.122892   ,  0.275222   ])
Iter time: 114.566998005
Iter time: 214.047838926
Iter time: 361.756111145
3       , -26872.8    , array([ 0.0400255  ,  0.0124287  ,  0.299813   ,  0.600796   ,  19.8       ,  1.49102    ,  0.0433472  ,  0.071275   ,  0.122892   ,  0.275222   ])
Iter time: 100.750916958
Iter time: 187.373110056
Iter time: 315.036557913
4       , -26851.3    , array([ 0.0400255  ,  0.0153168  ,  0.282288   ,  0.600796   ,  19.8       ,  1.49102    ,  0.0433472  ,  0.071275   ,  0.122892   ,  0.275222   ])
Iter time: 100.604936123
Iter time: 187.062909126
Iter time: 316.122400999
5       , -26868.6    , array([ 0.0400255  ,  0.0153168  ,  0.299813   ,  0.585684   ,  19.8       ,  1.49102    ,  0.0433472  ,  0.071275   ,  0.122892   ,  0.275222   ])
Iter time: 101.937203884
Iter time: 189.653879166
Iter time: 320.355903864
7       , -26849.3    , array([ 0.0400255  ,  0.0153168  ,  0.299813   ,  0.600796   ,  19.8       ,  1.5211     ,  0.0433472  ,  0.071275   ,  0.122892   ,  0.275222   ])
Iter time: 99.8511459827
Iter time: 186.64071703
Iter time: 314.219676971
8       , -27261.3    , array([ 0.0400255  ,  0.0153168  ,  0.299813   ,  0.600796   ,  19.8       ,  1.49102    ,  0.0370518  ,  0.071275   ,  0.122892   ,  0.275222   ])
Iter time: 100.131270885
Iter time: 186.271447182
Iter time: 314.519876003
9       , -27053.7    , array([ 0.0400255  ,  0.0153168  ,  0.299813   ,  0.600796   ,  19.8       ,  1.49102    ,  0.0433472  ,  0.0624574  ,  0.122892   ,  0.275222   ])
Iter time: 100.206341982
Iter time: 186.22252202
Iter time: 313.699898005
10      , -26886.6    , array([ 0.0400255  ,  0.0153168  ,  0.299813   ,  0.600796   ,  19.8       ,  1.49102    ,  0.0433472  ,  0.071275   ,  0.110662   ,  0.275222   ])
Iter time: 99.9973499775
Iter time: 186.160614967
Iter time: 313.702080011
11      , -26881.6    , array([ 0.0400255  ,  0.0153168  ,  0.299813   ,  0.600796   ,  19.8       ,  1.49102    ,  0.0433472  ,  0.071275   ,  0.122892   ,  0.258028   ])
Iter time: 101.369909048
Iter time: 190.345941067
Iter time: 321.388900042
12      , -26462.3    , array([ 0.0387579  ,  0.0146899  ,  0.296223   ,  0.597742   ,  17.0542    ,  1.49699    ,  0.0420079  ,  0.0694171  ,  0.120342   ,  0.271694   ])
Iter time: 101.438462019
Iter time: 190.703431845
Iter time: 324.848339081
13      , -25982.7    , array([ 0.0381392  ,  0.0143862  ,  0.294444   ,  0.596221   ,  14.6892    ,  1.49998    ,  0.0413538  ,  0.0685064  ,  0.119087   ,  0.269947   ])
Iter time: 103.704180002
Iter time: 193.69553113
Iter time: 326.887720108
14      , -26319.8    , array([ 0.0383855  ,  0.0145069  ,  0.295154   ,  0.596829   ,  18.6523    ,  1.49878    ,  0.0502371  ,  0.0688692  ,  0.119588   ,  0.270644   ])
Iter time: 104.689441919
Iter time: 195.276540995
Iter time: 331.669761181
15      , -26394.8    , array([ 0.0380656  ,  0.0143501  ,  0.294231   ,  0.596039   ,  18.4308    ,  1.50034    ,  0.0442267  ,  0.0801432  ,  0.118937   ,  0.269738   ])
Iter time: 105.210314989
Iter time: 197.140730143
Iter time: 332.961344004
16      , -26466.9    , array([ 0.0376853  ,  0.0141643  ,  0.293128   ,  0.595092   ,  18.1686    ,  1.50221    ,  0.0444048  ,  0.0718951  ,  0.134001   ,  0.268654   ])
Iter time: 106.455127954
Iter time: 199.552534103
Iter time: 337.026667118
17      , -26390.7    , array([ 0.037234   ,  0.0139444  ,  0.291809   ,  0.593958   ,  17.8588    ,  1.50446    ,  0.0446193  ,  0.0720198  ,  0.122772   ,  0.288878   ])
Iter time: 92.1314239502
Iter time: 171.799000978
Iter time: 289.092658997
18      , -26305.1    , array([ 0.0366995  ,  0.0175847  ,  0.290234   ,  0.5926     ,  17.494     ,  1.50716    ,  0.0448782  ,  0.0721697  ,  0.122748   ,  0.273467   ])
Iter time: 102.631019831
Iter time: 192.528526068
Iter time: 324.866860151
19      , -26197.8    , array([ 0.0360682  ,  0.0146686  ,  0.288355   ,  0.60932    ,  17.0661    ,  1.51041    ,  0.0451908  ,  0.07235    ,  0.12272    ,  0.273118   ])
Iter time: 103.503265142
Iter time: 195.124976873
Iter time: 328.462677002
20      , -26087      , array([ 0.035325   ,  0.0145422  ,  0.307561   ,  0.59567    ,  16.5664    ,  1.51432    ,  0.0455689  ,  0.0725669  ,  0.122685   ,  0.272699   ])
Iter time: 102.149272919
Iter time: 191.873071909
Iter time: 324.053826094
21      , -25934.3    , array([ 0.0344533  ,  0.0143921  ,  0.291065   ,  0.59465    ,  15.9861    ,  1.48305    ,  0.0460267  ,  0.0728281  ,  0.122644   ,  0.272197   ])
Iter time: 103.075145006
Iter time: 193.240810871
Iter time: 327.519287825
22      , -25483.9    , array([ 0.0319653  ,  0.0139509  ,  0.286788   ,  0.5916     ,  14.3641    ,  1.46438    ,  0.0474279  ,  0.0736173  ,  0.12252    ,  0.270697   ])
Iter time: 146564.108763
Iter time: 290.225874901
Iter time: 355.066047192
23      , -25667.7    , array([ 0.0329382  ,  0.0141257  ,  0.288491   ,  0.592818   ,  14.9922    ,  1.50752    ,  0.0468623  ,  0.0733006  ,  0.12257    ,  0.271296   ])
Iter time: 104.036922932
Iter time: 196.401262999
Iter time: 334.135181189
24      , -25438.4    , array([ 0.0384266  ,  0.0138989  ,  0.286279   ,  0.591235   ,  14.1809    ,  1.51084    ,  0.0475988  ,  0.0737126  ,  0.122506   ,  0.270518   ])
Iter time: 106.294202089
Iter time: 202.009040117
Iter time: 343.978657007
25      , -24762.8    , array([ 0.0408058  ,  0.0132399  ,  0.279742   ,  0.586512   ,  12.0012    ,  1.52085    ,  0.0498786  ,  0.0749625  ,  0.122313   ,  0.268196   ])
Iter time: 99.8365659714
Iter time: 187.616525888
Iter time: 318.030853987
26      , -25462.9    , array([ 0.0353039  ,  0.0148283  ,  0.290083   ,  0.59517    ,  14.2242    ,  1.50329    ,  0.0475582  ,  0.07369    ,  0.110317   ,  0.277036   ])
Iter time: 99.9167399406
Iter time: 188.379320145
Iter time: 319.501093149
27      , -25353.2    , array([ 0.0344287  ,  0.0147325  ,  0.288175   ,  0.594051   ,  13.3138    ,  1.50576    ,  0.0484482  ,  0.0650054  ,  0.122433   ,  0.277401   ])
Iter time: 96.70926404
Iter time: 182.245112896
Iter time: 309.35058403
28      , -25153.8    , array([ 0.0346506  ,  0.0153288  ,  0.289841   ,  0.596151   ,  12.9564    ,  1.5019     ,  0.0488192  ,  0.0708702  ,  0.118543   ,  0.256929   ])
Iter time: 98.5811610222
Iter time: 185.857339859
Iter time: 315.292195797
29      , -24878.1    , array([ 0.03293    ,  0.0148978  ,  0.285516   ,  0.593149   ,  11.5333    ,  1.50821    ,  0.0431124  ,  0.074538   ,  0.121486   ,  0.271401   ])
Iter time: 113.279670954
Iter time: 214.94523716
Iter time: 366.407902002
30      , -24717.7    , array([ 0.0337043  ,  0.0118893  ,  0.289407   ,  0.597492   ,  11.3138    ,  1.50003    ,  0.0478746  ,  0.0715901  ,  0.118114   ,  0.268193   ])
Iter time: 127.380446911
Iter time: 244.240926027
Iter time: 419.324045897
31      , -23963.9    , array([ 0.0322996  ,  0.00977615 ,  0.288995   ,  0.599953   ,  9.0985     ,  1.49648    ,  0.0494469  ,  0.0713021  ,  0.115863   ,  0.265594   ])
Iter time: 105.031794071
Iter time: 199.272228003
Iter time: 339.942828894
32      , -24379      , array([ 0.0335456  ,  0.013142   ,  0.291422   ,  0.5793     ,  10.2266    ,  1.49404    ,  0.048407   ,  0.0712036  ,  0.116791   ,  0.26704    ])
Iter time: 104.81201911
Iter time: 199.398555994
Iter time: 339.726068974
33      , -24152.7    , array([ 0.0338991  ,  0.0129904  ,  0.270293   ,  0.589281   ,  9.56618    ,  1.48617    ,  0.048589   ,  0.070722   ,  0.115679   ,  0.26633    ])
Iter time: 107.072293997
Iter time: 203.301079035
Iter time: 346.244670153
34      , -23932.7    , array([ 0.0306664  ,  0.012866   ,  0.277543   ,  0.587359   ,  9.90186    ,  1.4976     ,  0.0552961  ,  0.0753923  ,  0.118483   ,  0.268321   ])
Iter time: 110.478762865
Iter time: 210.565109015
Iter time: 359.299491882
35      , -23015      , array([ 0.0274984  ,  0.0121673  ,  0.26946    ,  0.582977   ,  8.12972    ,  1.49641    ,  0.0639417  ,  0.0790906  ,  0.118183   ,  0.267512   ])
Iter time: 105.359985113
Iter time: 200.947635889
Iter time: 343.704087973
36      , -23679.5    , array([ 0.0342496  ,  0.0127179  ,  0.27943    ,  0.588756   ,  8.58407    ,  1.48791    ,  0.0519253  ,  0.0715408  ,  0.114281   ,  0.266237   ])
Iter time: 108.299305916
Iter time: 206.969595909
Iter time: 354.220411062
37      , -23517.4    , array([ 0.0357826  ,  0.0126412  ,  0.279633   ,  0.5894     ,  8.08278    ,  1.53663    ,  0.0522442  ,  0.0708266  ,  0.112746   ,  0.265941   ])
Iter time: 113.2549932
Iter time: 216.853622198
Iter time: 371.022017002
38      , -23162.8    , array([ 0.032486   ,  0.0115196  ,  0.274435   ,  0.584724   ,  7.28984    ,  1.50344    ,  0.0530896  ,  0.0701981  ,  0.125764   ,  0.25774    ])
Iter time: 116.580864906
Iter time: 222.751940012
Iter time: 381.667254925
39      , -22831.4    , array([ 0.0329272  ,  0.0110378  ,  0.273566   ,  0.583974   ,  6.90444    ,  1.50051    ,  0.0530765  ,  0.080809   ,  0.113929   ,  0.253645   ])
Iter time: 127.442245007
Iter time: 246.171334982
Iter time: 423.017298937
40      , -21720.6    , array([ 0.0322012  ,  0.00955403 ,  0.266541   ,  0.579      ,  4.97213    ,  1.49789    ,  0.055554   ,  0.0900979  ,  0.109902   ,  0.242542   ])
Iter time: 127.595191956
Iter time: 245.642992973
Iter time: 421.421221972
41      , -22366.6    , array([ 0.0322401  ,  0.00965131 ,  0.267473   ,  0.57853    ,  5.85812    ,  1.50357    ,  0.0540524  ,  0.077767   ,  0.1159     ,  0.270717   ])
Iter time: 132.299339056
Iter time: 254.658998013
Iter time: 437.613207102
42      , -22201.3    , array([ 0.0337813  ,  0.00910476 ,  0.268002   ,  0.578564   ,  5.74708    ,  1.49635    ,  0.0640391  ,  0.0745701  ,  0.112032   ,  0.256152   ])
Iter time: 126.59068203
Iter time: 243.893355131
Iter time: 418.29224205
43      , -21816.6    , array([ 0.0262505  ,  0.0095056  ,  0.271198   ,  0.583515   ,  4.76676    ,  1.47909    ,  0.0581889  ,  0.07407    ,  0.109338   ,  0.256842   ])
Iter time: 133.887431145
Iter time: 257.388916016
Iter time: 441.850266933
44      , -21669      , array([ 0.0304036  ,  0.00897569 ,  0.256611   ,  0.591638   ,  4.80191    ,  1.50262    ,  0.0622061  ,  0.0785982  ,  0.113008   ,  0.255954   ])
Iter time: 153.051407099
Iter time: 296.015705109
Iter time: 509.253040791
45      , -20580.1    , array([ 0.0289447  ,  0.00741774 ,  0.240798   ,  0.597906   ,  3.29044    ,  1.50693    ,  0.0705172  ,  0.0825787  ,  0.111163   ,  0.250584   ])
Iter time: 144.794897079
Iter time: 279.433701038
Iter time: 480.042083979
46      , -21187.8    , array([ 0.0291507  ,  0.00811775 ,  0.27035    ,  0.583309   ,  4.14677    ,  1.51477    ,  0.0667658  ,  0.0816249  ,  0.113189   ,  0.253526   ])
Iter time: 120.475944042
Iter time: 232.299548864
Iter time: 399.539126158
47      , -20855.1    , array([ 0.0299729  ,  0.0103931  ,  0.249505   ,  0.569718   ,  3.72586    ,  1.50799    ,  0.0696683  ,  0.0831801  ,  0.112483   ,  0.251876   ])
Iter time: 151.258275986
Iter time: 292.852797985
Iter time: 503.737466097
48      , -20584.3    , array([ 0.0275224  ,  0.00767295 ,  0.252264   ,  0.576749   ,  3.34203    ,  1.52076    ,  0.0703603  ,  0.0854399  ,  0.113679   ,  0.248496   ])
Iter time: 157.209414959
Iter time: 304.565557003
Iter time: 524.44559598
49      , -20180      , array([ 0.0249961  ,  0.00698596 ,  0.246942   ,  0.573624   ,  2.97463    ,  1.46948    ,  0.0742209  ,  0.0896007  ,  0.115416   ,  0.24542    ])
Iter time: 193.63095808
Iter time: 374.708709955
Iter time: 645.386626005
50      , -18925.9    , array([ 0.0208916  ,  0.00519333 ,  0.232059   ,  0.565895   ,  1.80455    ,  1.43702    ,  0.0884647  ,  0.100779   ,  0.116775   ,  0.23576    ])
Iter time: 166.841024876
Iter time: 323.549802065
Iter time: 557.51420188
51      , -19672.4    , array([ 0.0252059  ,  0.006537   ,  0.243319   ,  0.574438   ,  2.49463    ,  1.48841    ,  0.0808923  ,  0.0971832  ,  0.101946   ,  0.248754   ])
Iter time: 191.033603191
Iter time: 370.884708881
Iter time: 640.398479939
52      , -19306.5    , array([ 0.0292638  ,  0.00546584 ,  0.242804   ,  0.574463   ,  1.76618    ,  1.4938     ,  0.0703974  ,  0.0898845  ,  0.105326   ,  0.236208   ])
Iter time: 173.940563917
Iter time: 337.497583866
Iter time: 581.545322895
53      , -19212      , array([ 0.0244809  ,  0.00615006 ,  0.23992    ,  0.578062   ,  1.92844    ,  1.48475    ,  0.087796   ,  0.0941006  ,  0.105366   ,  0.227132   ])
Iter time: 177.145343065
Iter time: 343.814862013
Iter time: 595.733333111
54      , -18823.9    , array([ 0.0219068  ,  0.00602726 ,  0.234204   ,  0.577928   ,  1.58004    ,  1.4896     ,  0.0789315  ,  0.102808   ,  0.107674   ,  0.234343   ])
Iter time: 207.752132893
Iter time: 403.460838079
Iter time: 696.342802048
55      , -17774.2    , array([ 0.0176412  ,  0.00490395 ,  0.218939   ,  0.577611   ,  0.828475   ,  1.48623    ,  0.08763    ,  0.120715   ,  0.105559   ,  0.224145   ])
Iter time: 199.598467112
Iter time: 399.954343081
Iter time: 689.207276821
56      , -18358      , array([ 0.0260373  ,  0.00505734 ,  0.221744   ,  0.571859   ,  1.34247    ,  1.50843    ,  0.0942796  ,  0.114123   ,  0.109553   ,  0.227435   ])
Iter time: 225.939771175
Iter time: 438.263831854
Iter time: 756.869098902
57      , -18096.5    , array([ 0.0203426  ,  0.00443059 ,  0.217467   ,  0.57489    ,  0.990507   ,  1.49159    ,  0.10977    ,  0.0983635  ,  0.108922   ,  0.237766   ])
Iter time: 216.510725975
Iter time: 420.668689966
Iter time: 724.507107973
58      , -17867.3    , array([ 0.0209113  ,  0.00461975 ,  0.20527    ,  0.568987   ,  0.891907   ,  1.47042    ,  0.100886   ,  0.112701   ,  0.104949   ,  0.224564   ])
Iter time: 297.025997877
Iter time: 577.002733946
Iter time: 996.649878979
59      , -17641      , array([ 0.0189248  ,  0.0030682  ,  0.213905   ,  0.582411   ,  0.745798   ,  1.4696     ,  0.104114   ,  0.11752    ,  0.104154   ,  0.220905   ])
Iter time: 479.528856039
Iter time: 935.157917976
Iter time: 1617.76814103
60      , -16843.3    , array([ 0.0150378  ,  0.00166707 ,  0.198058   ,  0.588862   ,  0.333671   ,  1.45077    ,  0.127275   ,  0.139688   ,  0.100224   ,  0.206878   ])
Iter time: 292.603013039
Iter time: 570.008419991
Iter time: 982.720694065
61      , -17215.7    , array([ 0.0182631  ,  0.00306242 ,  0.201572   ,  0.577708   ,  0.524444   ,  1.44359    ,  0.116064   ,  0.126233   ,  0.100494   ,  0.21585    ])
Iter time: 331.128041029
Iter time: 643.544340134
Iter time: 1111.19247818
62      , -16834.6    , array([ 0.0158377  ,  0.00265408 ,  0.203793   ,  0.553449   ,  0.36893    ,  1.44438    ,  0.127942   ,  0.142176   ,  0.100716   ,  0.207758   ])
Iter time: 494.853737831
Iter time: 964.678488016
Iter time: 1670.29372001
63      , -16015.2    , array([ 0.0117152  ,  0.00158758 ,  0.187481   ,  0.532476   ,  0.123535   ,  1.41409    ,  0.172334   ,  0.186554   ,  0.0958665  ,  0.189173   ])
Iter time: 374.258615017
Iter time: 729.629545927
Iter time: 1263.88223004
64      , -16768.8    , array([ 0.015603   ,  0.00226923 ,  0.191436   ,  0.567385   ,  0.266778   ,  1.44744    ,  0.129745   ,  0.13764    ,  0.108479   ,  0.198134   ])
Iter time: 371.119025946
Iter time: 724.239921093
Iter time: 1249.42252111
65      , -16338.4    , array([ 0.011851   ,  0.00227638 ,  0.182935   ,  0.565956   ,  0.258193   ,  1.43316    ,  0.16848    ,  0.162055   ,  0.105619   ,  0.20145    ])
Iter time: 481.673794985
Iter time: 936.70182991
Iter time: 1619.52245092
66      , -16210.5    , array([ 0.012253   ,  0.00165842 ,  0.17536    ,  0.560056   ,  0.158168   ,  1.43173    ,  0.153903   ,  0.172572   ,  0.10563    ,  0.204532   ])
Iter time: 519.449677944
Iter time: 1012.5834229
Iter time: 1749.75497198
67      , -16129.3    , array([ 0.0129049  ,  0.00156307 ,  0.171422   ,  0.570912   ,  0.103874   ,  1.4782     ,  0.170627   ,  0.179437   ,  0.0934164  ,  0.191526   ])
Iter time: 588.373096943
Iter time: 1144.631392
Iter time: 1979.38563299
68      , -16048.5    , array([ 0.00899832 ,  0.00126915 ,  0.170394   ,  0.56477    ,  0.0836937  ,  1.40253    ,  0.180271   ,  0.173466   ,  0.096451   ,  0.19183    ])
Iter time: 647.59393096
Iter time: 1262.65208507
Iter time: 2185.46823096
69      , -15705.6    , array([ 0.00978367 ,  0.00112819 ,  0.165473   ,  0.559801   ,  0.0692     ,  1.40101    ,  0.170981   ,  0.22544    ,  0.094679   ,  0.175782   ])
Iter time: 301.081557989
Iter time: 585.708239079
Iter time: 1013.64618802
72      , -17015.5    , array([ 0.0165357  ,  0.00299508 ,  0.195215   ,  0.567678   ,  0.425246   ,  1.45443    ,  0.120706   ,  0.134118   ,  0.102706   ,  0.211657   ])
Iter time: 301.207694054
Iter time: 586.003313065
Iter time: 1011.27223802
74      , -16954      , array([ 0.0151388  ,  0.00301069 ,  0.200457   ,  0.571468   ,  0.396404   ,  1.46065    ,  0.114313   ,  0.139537   ,  0.102863   ,  0.210855   ])
Iter time: 672.406776905
Iter time: 1308.45932102
Iter time: 2261.08276892
75      , -15755.8    , array([ 0.00890104 ,  0.0011118  ,  0.166927   ,  0.552137   ,  0.0648607  ,  1.43083    ,  0.191007   ,  0.210263   ,  0.100445   ,  0.181421   ])
Iter time: 378.667631865
Iter time: 737.918113947
Iter time: 1275.0041039
77      , -16589.1    , array([ 0.0140772  ,  0.00223722 ,  0.187757   ,  0.565441   ,  0.254922   ,  1.44461    ,  0.137173   ,  0.151179   ,  0.101469   ,  0.203086   ])
Iter time: 383.554071903
Iter time: 746.526525974
Iter time: 1293.54105997
79      , -16548.4    , array([ 0.0134206  ,  0.00220998 ,  0.18964    ,  0.567024   ,  0.240752   ,  1.44689    ,  0.134713   ,  0.154822   ,  0.101477   ,  0.20232    ])
Iter time: 479.644906044
Iter time: 932.199971914
Iter time: 1611.32873487
80      , -15660.7    , array([ 0.00920106 ,  0.00167015 ,  0.161105   ,  0.53349    ,  0.0600255  ,  1.41521    ,  0.20028    ,  0.215638   ,  0.100244   ,  0.181359   ])
Iter time: 479.610662937
Iter time: 935.659049988
Iter time: 1614.34938383
81      , -15188.4    , array([ 0.00719722 ,  0.0016717  ,  0.145301   ,  0.507788   ,  0.0254592  ,  1.39776    ,  0.251237   ,  0.267922   ,  0.100255   ,  0.169806   ])
Iter time: 643.577120066
Iter time: 1254.35021806
Iter time: 2173.82512403
82      , -15370.9    , array([ 0.00759633 ,  0.00115422 ,  0.157735   ,  0.541531   ,  0.0469291  ,  1.40859    ,  0.224227   ,  0.250031   ,  0.0911669  ,  0.183609   ])
Iter time: 710.430629969
Iter time: 1383.95241714
Iter time: 2387.65184212
83      , -15332.1    , array([ 0.0074424  ,  0.00102559 ,  0.155318   ,  0.538718   ,  0.03501    ,  1.40425    ,  0.233989   ,  0.251738   ,  0.0954007  ,  0.175556   ])
Iter time: 459.354690075
Iter time: 893.436568975
Iter time: 1544.82199097
85      , -16143.4    , array([ 0.01138    ,  0.00176074 ,  0.178169   ,  0.557989   ,  0.136951   ,  1.4334     ,  0.159702   ,  0.178066   ,  0.0996125  ,  0.194072   ])
Iter time: 456.199797869
Iter time: 889.109848022
Iter time: 1536.380512
87      , -16025.7    , array([ 0.0106721  ,  0.00176419 ,  0.174761   ,  0.557069   ,  0.137399   ,  1.42659    ,  0.178122   ,  0.183039   ,  0.101328   ,  0.193293   ])
Iter time: 649.805615902
Iter time: 1268.83926082
Iter time: 2192.77129006
88      , -15352.1    , array([ 0.00733251 ,  0.00114121 ,  0.158838   ,  0.536257   ,  0.0328626  ,  1.40746    ,  0.237257   ,  0.250606   ,  0.0887229  ,  0.166287   ])
Iter time: 514.680896044
Iter time: 1004.16935992
Iter time: 1735.45105815
90      , -15904.5    , array([ 0.0101601  ,  0.00152298 ,  0.171453   ,  0.551889   ,  0.092522   ,  1.42515    ,  0.178183   ,  0.19575    ,  0.0976335  ,  0.187729   ])
Iter time: 643.388431072
Iter time: 1254.5399859
Iter time: 2169.947335
91      , -15211      , array([ 0.00607848 ,  0.00110448 ,  0.158803   ,  0.518372   ,  0.0367526  ,  1.34835    ,  0.23365    ,  0.262596   ,  0.0988963  ,  0.171488   ])
Iter time: 582.188630104
Iter time: 1129.85074592
Iter time: 1954.60142207
92      , -15106.9    , array([ 0.0080596  ,  0.00132298 ,  0.157525   ,  0.515101   ,  0.0386921  ,  1.40994    ,  0.232925   ,  0.29512    ,  0.0962655  ,  0.167421   ])
Iter time: 577.183971882
Iter time: 1124.08810401
Iter time: 1944.25677204
93      , -14641.9    , array([ 0.00762763 ,  0.00135074 ,  0.15146    ,  0.49193    ,  0.026308   ,  1.41365    ,  0.264766   ,  0.384938   ,  0.0961729  ,  0.156407   ])
Iter time: 654.434546947
Iter time: 4819.83821297
Iter time: 1758.438236
95      , -15720.5    , array([ 0.00937457 ,  0.0014919  ,  0.168003   ,  0.544747   ,  0.0814097  ,  1.41573    ,  0.194873   ,  0.211211   ,  0.0985542  ,  0.184158   ])
Iter time: 545.433804989
Iter time: 1062.59064889
Iter time: 1836.40585399
97      , -15703      , array([ 0.00971318 ,  0.00141087 ,  0.173058   ,  0.533194   ,  0.0756002  ,  1.40959    ,  0.192862   ,  0.214558   ,  0.0959941  ,  0.181941   ])
Iter time: 709.276235104
Iter time: 1382.43192101
Iter time: 3094.33119798
98      , -14906.7    , array([ 0.00632609 ,  0.00101656 ,  0.149112   ,  0.512977   ,  0.022219   ,  1.38232    ,  0.265617   ,  0.316835   ,  0.0943136  ,  0.162087   ])
Iter time: 947.756624222
Iter time: 1073.79052401
Iter time: 1856.70689392
99      , -14868.3    , array([ 0.00674424 ,  0.00136781 ,  0.149737   ,  0.505257   ,  0.0255821  ,  1.36737    ,  0.264675   ,  0.320174   ,  0.0905259  ,  0.163985   ])
Iter time: 716.072012901
Iter time: 1399.626827
Iter time: 2411.61501098
100     , -14757.9    , array([ 0.00599541 ,  0.00100177 ,  0.145392   ,  0.504461   ,  0.0161694  ,  1.37238    ,  0.275806   ,  0.34639    ,  0.0907082  ,  0.157842   ])
Iter time: 589.366376877
Iter time: 1147.7080431
Iter time: 1984.88397789
101     , -14566.4    , array([ 0.00520873 ,  0.00129361 ,  0.143845   ,  0.480782   ,  0.0142226  ,  1.38108    ,  0.345891   ,  0.353637   ,  0.0936152  ,  0.161841   ])
Iter time: 582.10115099
Iter time: 1133.87417388
Iter time: 1961.69281411
104     , -15353.7    , array([ 0.00807156 ,  0.00129989 ,  0.161896   ,  0.523228   ,  0.0447977  ,  1.39884    ,  0.222987   ,  0.25236    ,  0.0949461  ,  0.174156   ])
Iter time: 588.481581926
Iter time: 1150.22245717
Iter time: 1985.64870214
105     , -14673.9    , array([ 0.0059948  ,  0.00127258 ,  0.146182   ,  0.483487   ,  0.0148764  ,  1.36615    ,  0.296112   ,  0.353024   ,  0.097524   ,  0.149765   ])
Iter time: 653.134889841
Iter time: 1271.41440701
Iter time: 2206.53243899
106     , -14555.4    , array([ 0.00531599 ,  0.00112518 ,  0.139546   ,  0.492556   ,  0.0125007  ,  1.36918    ,  0.315137   ,  0.374054   ,  0.0941452  ,  0.1532     ])
Iter time: 584.852756023
Iter time: 1143.5535121
Iter time: 1970.67383003
108     , -14392.6    , array([ 0.00548726 ,  0.00127801 ,  0.138597   ,  0.472487   ,  0.0140454  ,  1.35331    ,  0.313484   ,  0.408086   ,  0.101951   ,  0.15784    ])
Iter time: 520.07318306
Iter time: 1011.00447488
Iter time: 1752.13670802
110     , -14223.8    , array([ 0.00508655 ,  0.00148607 ,  0.138546   ,  0.458149   ,  0.0109827  ,  1.34642    ,  0.33701    ,  0.447461   ,  0.0960826  ,  0.14636    ])
Iter time: 619.176928997
Iter time: 1203.06559801
Iter time: 5443.65820193
113     , -14941.3    , array([ 0.00606126 ,  0.00118516 ,  0.151589   ,  0.504349   ,  0.0252721  ,  1.36152    ,  0.260884   ,  0.30489    ,  0.0971655  ,  0.164489   ])
