==========================================
SLURM_JOB_ID = 18981502
SLURM_NODELIST = c8-73
==========================================
Module slurm/17.11.5 loaded 
Module openmpi/3.0.1 loaded 
Module gcc/7.3.0 loaded 
Module python/2.7.6 loaded 
Module numpy/1.11.1 loaded 
Module dadi/1.7.0 loaded 
Module matplotlib/2.0 loaded 
Module scipy/0.18.0 loaded 
Beginning. Call:
/home/hemstrow/monarch/github/F-H_2018/DADI/demographic_models/run_3d_mods.py /home/hemstrow/monarch/github/F-H_2018/Data/dadi_inputs/ dadi_snps_10kgap.txt 1st_folded_optim_10kgap_snps_dadi_out.txt lgrowth_p2 10 [NAM,HAW,GUA] True 3 [0.1,0.1,0.5,1,5,5,.1,.1,.1,.1,2] [1,1,5,10,20,20,10,10,10,10,4] [1e-3,1e-3,1e-3,1e-3,0.01,0.01,0.01,0.01,0.01,0.01,1] [150,15,15] fmin

Ready to begin run. Parameters:

Model:
lgrowth_p2
Maxiters:
10
Pops:
['NAM', 'HAW', 'GUA']
Projection:
[150, 15, 15]
Number of segregating sites in projected sfs:
9454.98941724
Folding spectra:
True
Level of parm folding:
3
Optimizer:
fmin
p0:
[  4.66693451e-02   4.69108790e-02   3.18517381e-01   1.40201405e+00
   1.98000000e+01   1.98000000e+01   2.38058580e-02   1.45107613e-02
   3.43328065e-02   9.22284221e-02   1.01000000e+00]
Upper Bounds:
[1.0, 1.0, 5.0, 10.0, 20.0, 20.0, 10.0, 10.0, 10.0, 10.0, 4.0]
Lower Bounds:
[0.001, 0.001, 0.001, 0.001, 0.01, 0.01, 0.01, 0.01, 0.01, 0.01, 1.0]

Beginning optimization ************************************************
optimize_log_fmin.
Iter time: 608.224887133
Iter time: 1182.23151207
Iter time: 2037.68910599
1       , -35117.5    , array([ 0.0466693  ,  0.0469109  ,  0.318517   ,  1.40201    ,  19.8       ,  19.8       ,  0.0238059  ,  0.0145108  ,  0.0343328  ,  0.0922284  ,  1.01       ])
Iter time: 608.564894199
Iter time: 1182.762779
Iter time: 2040.31659508
2       , -35117.5    , array([ 0.040039   ,  0.0469109  ,  0.318517   ,  1.40201    ,  19.8       ,  19.8       ,  0.0238059  ,  0.0145108  ,  0.0343328  ,  0.0922284  ,  1.01       ])
Iter time: 672.698936939
Iter time: 1306.4396441
Iter time: 2263.266644
3       , -35117.3    , array([ 0.0466693  ,  0.0402566  ,  0.318517   ,  1.40201    ,  19.8       ,  19.8       ,  0.0238059  ,  0.0145108  ,  0.0343328  ,  0.0922284  ,  1.01       ])
Iter time: 617.993022919
Iter time: 147779.757054
Iter time: 2079.62003207
4       , -35152.7    , array([ 0.0466693  ,  0.0469109  ,  0.300808   ,  1.40201    ,  19.8       ,  19.8       ,  0.0238059  ,  0.0145108  ,  0.0343328  ,  0.0922284  ,  1.01       ])
Iter time: 608.381387949
Iter time: 1180.86124706
Iter time: 2038.94986892
5       , -35121.5    , array([ 0.0466693  ,  0.0469109  ,  0.318517   ,  1.4259     ,  19.8       ,  19.8       ,  0.0238059  ,  0.0145108  ,  0.0343328  ,  0.0922284  ,  1.01       ])
Iter time: 607.976785183
Iter time: 1183.17349005
Iter time: 2038.6541338
8       , -35554.9    , array([ 0.0466693  ,  0.0469109  ,  0.318517   ,  1.40201    ,  19.8       ,  19.8       ,  0.0197478  ,  0.0145108  ,  0.0343328  ,  0.0922284  ,  1.01       ])
Iter time: 605.987364054
Iter time: 1182.95130706
Iter time: 2040.85667396
9       , -35408.6    , array([ 0.0466693  ,  0.0469109  ,  0.318517   ,  1.40201    ,  19.8       ,  19.8       ,  0.0238059  ,  0.0117429  ,  0.0343328  ,  0.0922284  ,  1.01       ])
Iter time: 605.975754976
Iter time: 1180.04558706
Iter time: 2038.87001419
10      , -35223      , array([ 0.0466693  ,  0.0469109  ,  0.318517   ,  1.40201    ,  19.8       ,  19.8       ,  0.0238059  ,  0.0145108  ,  0.0290065  ,  0.0922284  ,  1.01       ])
Iter time: 607.771496058
Iter time: 1182.23239899
Iter time: 2038.29520798
11      , -35220.6    , array([ 0.0466693  ,  0.0469109  ,  0.318517   ,  1.40201    ,  19.8       ,  19.8       ,  0.0238059  ,  0.0145108  ,  0.0343328  ,  0.0818668  ,  1.01       ])
Iter time: 605.934669971
Iter time: 1179.64715981
Iter time: 2039.2687571
12      , -35117.5    , array([ 0.0466693  ,  0.0469109  ,  0.318517   ,  1.40201    ,  19.8       ,  19.8       ,  0.0238059  ,  0.0145108  ,  0.0343328  ,  0.0922284  ,  1.0105     ])
Iter time: 637.304887056
Iter time: 1240.35285711
Iter time: 2143.40590692
15      , -35117.5    , array([ 0.0432272  ,  0.0434566  ,  0.318517   ,  1.40201    ,  19.8       ,  19.8       ,  0.0238059  ,  0.0145108  ,  0.0343328  ,  0.0922284  ,  1.01       ])
Iter time: 637.022742033
Iter time: 1240.45041513
Iter time: 2142.43554091
16      , -35117.5    , array([ 0.0466693  ,  0.0434566  ,  0.318517   ,  1.40201    ,  19.8       ,  19.8       ,  0.0238059  ,  0.0145108  ,  0.0343328  ,  0.0922284  ,  1.01       ])
Iter time: 637.414088964
Iter time: 1244.10412812
Iter time: 2149.14418578
17      , -35117.5    , array([ 0.0466693  ,  0.0434566  ,  0.318517   ,  1.40201    ,  19.8       ,  19.8       ,  0.0238059  ,  0.0145108  ,  0.0343328  ,  0.0922284  ,  1.01025    ])
Iter time: 637.242885113
Iter time: 1240.42707515
Iter time: 2142.94948506
18      , -35119.4    , array([ 0.0466693  ,  0.0434566  ,  0.318517   ,  1.41391    ,  19.8       ,  19.8       ,  0.0238059  ,  0.0145108  ,  0.0343328  ,  0.0922284  ,  1.01       ])
Iter time: 644.14819479
Iter time: 1252.78742504
Iter time: 2165.93657398
19      , -35134.9    , array([ 0.0466693  ,  0.0434566  ,  0.309536   ,  1.40201    ,  19.8       ,  19.8       ,  0.0238059  ,  0.0145108  ,  0.0343328  ,  0.0922284  ,  1.01       ])
Iter time: 636.930090904
Iter time: 1240.38216686
Iter time: 2144.36227298
20      , -35169.7    , array([ 0.0466693  ,  0.0434566  ,  0.318517   ,  1.40201    ,  19.8       ,  19.8       ,  0.0238059  ,  0.0145108  ,  0.0343328  ,  0.0868933  ,  1.01       ])
Iter time: 636.726789951
Iter time: 1243.115417
Iter time: 2147.80841494
21      , -35171.5    , array([ 0.0466693  ,  0.0434566  ,  0.318517   ,  1.40201    ,  19.8       ,  19.8       ,  0.0238059  ,  0.0145108  ,  0.0315575  ,  0.0922284  ,  1.01       ])
Iter time: 637.022226095
Iter time: 1245.12382102
Iter time: 2142.52746797
22      , -35267.1    , array([ 0.0466693  ,  0.0434566  ,  0.318517   ,  1.40201    ,  19.8       ,  19.8       ,  0.0238059  ,  0.0130537  ,  0.0343328  ,  0.0922284  ,  1.01       ])
Iter time: 636.883309841
Iter time: 1240.37037396
Iter time: 2142.86901283
23      , -35340.3    , array([ 0.0466693  ,  0.0434566  ,  0.318517   ,  1.40201    ,  19.8       ,  19.8       ,  0.0216821  ,  0.0145108  ,  0.0343328  ,  0.0922284  ,  1.01       ])
Iter time: 653.299464941
Iter time: 1272.86862612
Iter time: 2199.38366604
28      , -35117.5    , array([ 0.0449153  ,  0.041826   ,  0.318517   ,  1.40201    ,  19.8       ,  19.8       ,  0.0238059  ,  0.0145108  ,  0.0343328  ,  0.0922284  ,  1.01       ])
Iter time: 654.089693069
Iter time: 1275.26216483
Iter time: 2196.73103595
29      , -35117.5    , array([ 0.0466693  ,  0.041826   ,  0.318517   ,  1.40201    ,  19.8       ,  19.8       ,  0.0238059  ,  0.0145108  ,  0.0343328  ,  0.0922284  ,  1.01       ])
Iter time: 653.237707138
Iter time: 1275.8684361
Iter time: 2201.06314898
30      , -35117.5    , array([ 0.0466693  ,  0.041826   ,  0.318517   ,  1.40201    ,  19.8       ,  19.8       ,  0.0238059  ,  0.0145108  ,  0.0343328  ,  0.0922284  ,  1.01013    ])
Iter time: 655.282491207
Iter time: 1273.54706788
Iter time: 2202.13986111
31      , -35118.4    , array([ 0.0466693  ,  0.041826   ,  0.318517   ,  1.40795    ,  19.8       ,  19.8       ,  0.0238059  ,  0.0145108  ,  0.0343328  ,  0.0922284  ,  1.01       ])
Iter time: 659.032171011
Iter time: 1279.05131388
Iter time: 2211.22506189
32      , -35126.1    , array([ 0.0466693  ,  0.041826   ,  0.313995   ,  1.40201    ,  19.8       ,  19.8       ,  0.0238059  ,  0.0145108  ,  0.0343328  ,  0.0922284  ,  1.01       ])
Iter time: 654.27147007
Iter time: 1274.25361586
Iter time: 2204.57600713
33      , -35143.7    , array([ 0.0466693  ,  0.041826   ,  0.318517   ,  1.40201    ,  19.8       ,  19.8       ,  0.0238059  ,  0.0145108  ,  0.0343328  ,  0.0895211  ,  1.01       ])
Iter time: 653.252552986
Iter time: 1275.48734212
Iter time: 2203.73264909
34      , -35144.8    , array([ 0.0466693  ,  0.041826   ,  0.318517   ,  1.40201    ,  19.8       ,  19.8       ,  0.0238059  ,  0.0145108  ,  0.0329159  ,  0.0922284  ,  1.01       ])
Iter time: 654.043652058
Iter time: 1271.77659798
Iter time: 2198.30120301
35      , -35193.3    , array([ 0.0466693  ,  0.041826   ,  0.318517   ,  1.40201    ,  19.8       ,  19.8       ,  0.0238059  ,  0.0137629  ,  0.0343328  ,  0.0922284  ,  1.01       ])
Iter time: 653.729142904
Iter time: 1276.24268198
Iter time: 2203.88771701
36      , -35229.9    , array([ 0.0466693  ,  0.041826   ,  0.318517   ,  1.40201    ,  19.8       ,  19.8       ,  0.0227192  ,  0.0145108  ,  0.0343328  ,  0.0922284  ,  1.01       ])
Iter time: 634.640450001
Iter time: 1235.44922614
Iter time: 2130.56844306
39      , -35081.1    , array([ 0.0463454  ,  0.0415362  ,  0.31769    ,  1.40309    ,  19.9348    ,  19.0747    ,  0.0236045  ,  0.0143718  ,  0.0340707  ,  0.0917302  ,  1.01002    ])
Iter time: 653.247722149
Iter time: 1273.00597692
Iter time: 2150.96729803
41      , -35077.7    , array([ 0.0462868  ,  0.0414837  ,  0.31754    ,  1.40329    ,  19.0982    ,  19.6661    ,  0.0235681  ,  0.0143467  ,  0.0340233  ,  0.0916399  ,  1.01003    ])
Iter time: 654.197202206
Iter time: 1278.10219288
Iter time: 2205.48636603
42      , -35018.4    , array([ 0.0460966  ,  0.0413136  ,  0.317053   ,  1.40392    ,  18.4099    ,  19.5995    ,  0.02345    ,  0.0142654  ,  0.0338696  ,  0.091347   ,  1.01004    ])
Iter time: 655.323050976
Iter time: 1272.68885112
Iter time: 2332.04535007
43      , -35004.1    , array([ 0.046183   ,  0.0413908  ,  0.317274   ,  1.40363    ,  19.5638    ,  19.6297    ,  0.0248379  ,  0.0143023  ,  0.0339394  ,  0.09148    ,  1.01003    ])
Iter time: 653.901704073
Iter time: 1272.8592
Iter time: 2200.95844793
44      , -34889      , array([ 0.0459417  ,  0.0411749  ,  0.316654   ,  1.40445    ,  19.4468    ,  19.5452    ,  0.0259703  ,  0.0141992  ,  0.0337443  ,  0.0911081  ,  1.01005    ])
Iter time: 654.533526897
Iter time: 1273.48209906
Iter time: 2201.04807401
45      , -34986.4    , array([ 0.0460512  ,  0.0412729  ,  0.316936   ,  1.40408    ,  19.4999    ,  19.5836    ,  0.0240822  ,  0.0151652  ,  0.0338328  ,  0.0912769  ,  1.01004    ])
Iter time: 652.810266972
Iter time: 1274.99590182
Iter time: 2200.16841006
46      , -35006.4    , array([ 0.0459397  ,  0.0411732  ,  0.316649   ,  1.40445    ,  19.4458    ,  19.5445    ,  0.0241327  ,  0.0144995  ,  0.035466   ,  0.091105   ,  1.01005    ])
Iter time: 653.769591093
Iter time: 1276.07038212
Iter time: 2198.35794401
47      , -34983.2    , array([ 0.0458083  ,  0.0410556  ,  0.316311   ,  1.4049     ,  19.3821    ,  19.4984    ,  0.0241926  ,  0.0144975  ,  0.0342036  ,  0.09416    ,  1.01006    ])
Iter time: 649.46479702
Iter time: 1266.44886994
Iter time: 2187.22242212
48      , -34975.1    , array([ 0.0456534  ,  0.040917   ,  0.321296   ,  1.40542    ,  19.307     ,  19.444     ,  0.0242636  ,  0.0144951  ,  0.0341802  ,  0.0917411  ,  1.01007    ])
Iter time: 651.935531139
Iter time: 1273.39358187
Iter time: 2197.27309585
49      , -34956.4    , array([ 0.0454711  ,  0.0407539  ,  0.317234   ,  1.39904    ,  19.2187    ,  19.38      ,  0.0243478  ,  0.0144922  ,  0.0341525  ,  0.0916527  ,  1.01009    ])
Iter time: 655.239897013
Iter time: 1268.88979506
Iter time: 2197.87393308
50      , -34928.1    , array([ 0.0452566  ,  0.0405619  ,  0.317001   ,  1.40442    ,  19.1149    ,  19.3046    ,  0.0244477  ,  0.0144888  ,  0.0341198  ,  0.0915484  ,  1.00995    ])
Iter time: 655.186669827
Iter time: 1267.81890798
Iter time: 2193.26944304
51      , -34893.9    , array([ 0.0450043  ,  0.0403362  ,  0.316726   ,  1.40486    ,  18.9929    ,  19.2158    ,  0.0245662  ,  0.0144848  ,  0.0340813  ,  0.0914254  ,  1.01007    ])
Iter time: 650.363409042
Iter time: 1267.16041398
Iter time: 2191.59289598
52      , -34853.2    , array([ 0.0467786  ,  0.0400711  ,  0.316402   ,  1.40537    ,  18.8497    ,  19.1115    ,  0.0247071  ,  0.0144801  ,  0.0340357  ,  0.0912801  ,  1.01008    ])
Iter time: 649.578155994
Iter time: 1264.41693997
Iter time: 2187.825948
53      , -34720.8    , array([ 0.0477391  ,  0.0392215  ,  0.315349   ,  1.40706    ,  18.3919    ,  18.7762    ,  0.0251704  ,  0.0144649  ,  0.0338881  ,  0.0908096  ,  1.01012    ])
Iter time: 635.154803991
Iter time: 1232.85549116
Iter time: 2137.08948183
54      , -34780.9    , array([ 0.0452064  ,  0.0414366  ,  0.315827   ,  1.40629    ,  18.5986    ,  18.9279    ,  0.0249587  ,  0.0144718  ,  0.0339551  ,  0.0910232  ,  1.0101     ])
Iter time: 672.094308853
Iter time: 1302.08984303
Iter time: 2251.09155202
55      , -34768.2    , array([ 0.0453169  ,  0.0401425  ,  0.316311   ,  1.40579    ,  18.2413    ,  19.6201    ,  0.0254282  ,  0.0146301  ,  0.0341952  ,  0.0913889  ,  1.0101     ])
Iter time: 652.797388077
Iter time: 1268.09274602
Iter time: 2195.35877013
56      , -34776.7    , array([ 0.0454203  ,  0.0401484  ,  0.316813   ,  1.4053     ,  19.7191    ,  19.0983    ,  0.0259754  ,  0.0148071  ,  0.0344582  ,  0.0917799  ,  1.01009    ])
