==========================================
SLURM_JOB_ID = 18981471
SLURM_NODELIST = c8-68
==========================================
Module slurm/17.11.5 loaded 
Module openmpi/3.0.1 loaded 
Module gcc/7.3.0 loaded 
Module python/2.7.6 loaded 
Module numpy/1.11.1 loaded 
Module dadi/1.7.0 loaded 
Module matplotlib/2.0 loaded 
Module scipy/0.18.0 loaded 
Beginning. Call:
/home/hemstrow/monarch/github/F-H_2018/DADI/demographic_models/run_3d_mods.py /home/hemstrow/monarch/github/F-H_2018/Data/dadi_inputs/ dadi_snps_10kgap.txt 1st_folded_optim_10kgap_snps_dadi_out.txt lgrowth_both 10 [NAM,GUA,HAW] True 3 [0.1,0.1,1,1,5,5,.1,.1,.1,.1,2,2] [1,1,10,10,20,20,10,10,10,10,4,4] [1e-3,1e-3,1e-3,1e-3,0.01,0.01,0.01,0.01,0.01,0.01,1,1] [150,15,15] fmin

Ready to begin run. Parameters:

Model:
lgrowth_both
Maxiters:
10
Pops:
['NAM', 'GUA', 'HAW']
Projection:
[150, 15, 15]
Number of segregating sites in projected sfs:
9454.98941724
Folding spectra:
True
Level of parm folding:
3
Optimizer:
fmin
p0:
[  0.47406183   0.12939035   0.16039389   0.39639608   2.86939726  19.8
   0.04856088   0.61517946   0.02760831   0.19625083   3.96         3.96      ]
Upper Bounds:
[1.0, 1.0, 10.0, 10.0, 20.0, 20.0, 10.0, 10.0, 10.0, 10.0, 4.0, 4.0]
Lower Bounds:
[0.001, 0.001, 0.001, 0.001, 0.01, 0.01, 0.01, 0.01, 0.01, 0.01, 1.0, 1.0]

Beginning optimization ************************************************
optimize_log_fmin.
Iter time: 398.709342957
Iter time: 776.953621864
Iter time: 1339.62157202
1       , -19145.5    , array([ 0.474062   ,  0.12939    ,  0.160394   ,  0.396396   ,  2.8694     ,  19.8       ,  0.0485609  ,  0.615179   ,  0.0276083  ,  0.196251   ,  3.96       ,  3.96       ])
Iter time: 398.28509903
Iter time: 776.084929943
Iter time: 1342.54174805
2       , -19145.5    , array([ 0.456696   ,  0.12939    ,  0.160394   ,  0.396396   ,  2.8694     ,  19.8       ,  0.0485609  ,  0.615179   ,  0.0276083  ,  0.196251   ,  3.96       ,  3.96       ])
Iter time: 406.166079998
Iter time: 788.501989126
Iter time: 1345.23880982
3       , -19145.4    , array([ 0.474062   ,  0.116815   ,  0.160394   ,  0.396396   ,  2.8694     ,  19.8       ,  0.0485609  ,  0.615179   ,  0.0276083  ,  0.196251   ,  3.96       ,  3.96       ])
Iter time: 441.072874069
Iter time: 934.364293098
Iter time: 1468.01954293
4       , -19168.6    , array([ 0.474062   ,  0.12939    ,  0.146368   ,  0.396396   ,  2.8694     ,  19.8       ,  0.0485609  ,  0.615179   ,  0.0276083  ,  0.196251   ,  3.96       ,  3.96       ])
Iter time: 398.047420979
Iter time: 777.345039129
Iter time: 1341.97605991
5       , -19169.5    , array([ 0.474062   ,  0.12939    ,  0.160394   ,  0.378474   ,  2.8694     ,  19.8       ,  0.0485609  ,  0.615179   ,  0.0276083  ,  0.196251   ,  3.96       ,  3.96       ])
Iter time: 146972.373614
Iter time: 774.784492016
Iter time: 1341.01982713
6       , -19146.9    , array([ 0.474062   ,  0.12939    ,  0.160394   ,  0.396396   ,  3.02469    ,  19.8       ,  0.0485609  ,  0.615179   ,  0.0276083  ,  0.196251   ,  3.96       ,  3.96       ])
Iter time: 398.838231087
Iter time: 777.714998007
Iter time: 1339.77722287
8       , -19303.6    , array([ 0.474062   ,  0.12939    ,  0.160394   ,  0.396396   ,  2.8694     ,  19.8       ,  0.0417447  ,  0.615179   ,  0.0276083  ,  0.196251   ,  3.96       ,  3.96       ])
Iter time: 398.173905134
Iter time: 777.236438036
Iter time: 1339.23311687
9       , -19218.5    , array([ 0.474062   ,  0.12939    ,  0.160394   ,  0.396396   ,  2.8694     ,  19.8       ,  0.0485609  ,  0.600416   ,  0.0276083  ,  0.196251   ,  3.96       ,  3.96       ])
Iter time: 398.591319084
Iter time: 775.254478216
Iter time: 1345.13522387
10      , -19137.2    , array([ 0.474062   ,  0.12939    ,  0.160394   ,  0.396396   ,  2.8694     ,  19.8       ,  0.0485609  ,  0.615179   ,  0.0230724  ,  0.196251   ,  3.96       ,  3.96       ])
Iter time: 398.047244072
Iter time: 774.793371201
Iter time: 1341.30319691
11      , -19381.8    , array([ 0.474062   ,  0.12939    ,  0.160394   ,  0.396396   ,  2.8694     ,  19.8       ,  0.0485609  ,  0.615179   ,  0.0276083  ,  0.180906   ,  3.96       ,  3.96       ])
Iter time: 398.993880987
Iter time: 776.615216017
Iter time: 1342.71164489
16      , -19141.1    , array([ 0.474062   ,  0.122942   ,  0.160394   ,  0.396396   ,  2.8694     ,  19.8       ,  0.0485609  ,  0.615179   ,  0.0252386  ,  0.196251   ,  3.96       ,  3.96       ])
Iter time: 398.667775869
Iter time: 775.500879049
Iter time: 1343.34976602
17      , -19141.1    , array([ 0.474062   ,  0.12939    ,  0.160394   ,  0.396396   ,  2.8694     ,  19.8       ,  0.0485609  ,  0.615179   ,  0.0252386  ,  0.196251   ,  3.96       ,  3.96       ])
Iter time: 398.050373077
Iter time: 775.756207943
Iter time: 1341.74270701
18      , -19141.1    , array([ 0.465298   ,  0.12939    ,  0.160394   ,  0.396396   ,  2.8694     ,  19.8       ,  0.0485609  ,  0.615179   ,  0.0252386  ,  0.196251   ,  3.96       ,  3.96       ])
Iter time: 399.815012932
Iter time: 775.244897842
Iter time: 1342.78622699
19      , -19141.8    , array([ 0.474062   ,  0.12939    ,  0.160394   ,  0.396396   ,  2.94602    ,  19.8       ,  0.0485609  ,  0.615179   ,  0.0252386  ,  0.196251   ,  3.96       ,  3.96       ])
Iter time: 416.974211931
Iter time: 811.635267019
Iter time: 1407.75334191
20      , -19151.9    , array([ 0.474062   ,  0.12939    ,  0.153221   ,  0.396396   ,  2.8694     ,  19.8       ,  0.0485609  ,  0.615179   ,  0.0252386  ,  0.196251   ,  3.96       ,  3.96       ])
Iter time: 398.200017929
Iter time: 775.054613829
Iter time: 1341.38657999
21      , -19152.9    , array([ 0.474062   ,  0.12939    ,  0.160394   ,  0.387331   ,  2.8694     ,  19.8       ,  0.0485609  ,  0.615179   ,  0.0252386  ,  0.196251   ,  3.96       ,  3.96       ])
Iter time: 399.609513044
Iter time: 774.796974182
Iter time: 1339.72688389
22      , -19177.5    , array([ 0.474062   ,  0.12939    ,  0.160394   ,  0.396396   ,  2.8694     ,  19.8       ,  0.0485609  ,  0.607753   ,  0.0252386  ,  0.196251   ,  3.96       ,  3.96       ])
Iter time: 398.066433191
Iter time: 777.694504976
Iter time: 1339.92293787
23      , -19221.9    , array([ 0.474062   ,  0.12939    ,  0.160394   ,  0.396396   ,  2.8694     ,  19.8       ,  0.045024   ,  0.615179   ,  0.0252386  ,  0.196251   ,  3.96       ,  3.96       ])
Iter time: 398.13228488
Iter time: 775.702764988
Iter time: 1341.38443303
24      , -19259.2    , array([ 0.474062   ,  0.12939    ,  0.160394   ,  0.396396   ,  2.8694     ,  19.8       ,  0.0485609  ,  0.615179   ,  0.0252386  ,  0.188422   ,  3.96       ,  3.96       ])
Iter time: 398.279619932
Iter time: 775.22587204
Iter time: 1340.53414202
30      , -19139.1    , array([ 0.474062   ,  0.12939    ,  0.160394   ,  0.396396   ,  2.8694     ,  19.8       ,  0.0485609  ,  0.615179   ,  0.0241312  ,  0.196251   ,  3.96       ,  3.96       ])
Iter time: 398.195300102
Iter time: 777.253691912
Iter time: 1342.35461593
31      , -19139.1    , array([ 0.469659   ,  0.12939    ,  0.160394   ,  0.396396   ,  2.8694     ,  19.8       ,  0.0485609  ,  0.615179   ,  0.0241312  ,  0.196251   ,  3.96       ,  3.96       ])
Iter time: 398.084652185
Iter time: 775.255035162
Iter time: 1343.48848915
32      , -19139.1    , array([ 0.474062   ,  0.126125   ,  0.160394   ,  0.396396   ,  2.8694     ,  19.8       ,  0.0485609  ,  0.615179   ,  0.0241312  ,  0.196251   ,  3.96       ,  3.96       ])
Iter time: 398.025813103
Iter time: 775.401789904
Iter time: 1339.39193821
33      , -19139.5    , array([ 0.474062   ,  0.12939    ,  0.160394   ,  0.396396   ,  2.90746    ,  19.8       ,  0.0485609  ,  0.615179   ,  0.0241312  ,  0.196251   ,  3.96       ,  3.96       ])
Iter time: 407.625720978
Iter time: 792.803364992
Iter time: 1371.21561909
34      , -19144.4    , array([ 0.474062   ,  0.12939    ,  0.156766   ,  0.396396   ,  2.8694     ,  19.8       ,  0.0485609  ,  0.615179   ,  0.0241312  ,  0.196251   ,  3.96       ,  3.96       ])
Iter time: 398.027135134
Iter time: 776.274451971
Iter time: 1344.52496409
35      , -19145      , array([ 0.474062   ,  0.12939    ,  0.160394   ,  0.391837   ,  2.8694     ,  19.8       ,  0.0485609  ,  0.615179   ,  0.0241312  ,  0.196251   ,  3.96       ,  3.96       ])
Iter time: 398.332382917
Iter time: 775.335498095
Iter time: 1341.16362
36      , -19157.3    , array([ 0.474062   ,  0.12939    ,  0.160394   ,  0.396396   ,  2.8694     ,  19.8       ,  0.0485609  ,  0.611455   ,  0.0241312  ,  0.196251   ,  3.96       ,  3.96       ])
Iter time: 399.301855087
Iter time: 775.33682704
Iter time: 1340.96794295
37      , -19180      , array([ 0.474062   ,  0.12939    ,  0.160394   ,  0.396396   ,  2.8694     ,  19.8       ,  0.046759   ,  0.615179   ,  0.0241312  ,  0.196251   ,  3.96       ,  3.96       ])
Iter time: 398.406080961
Iter time: 776.203154087
Iter time: 1341.41799212
38      , -19198.1    , array([ 0.474062   ,  0.12939    ,  0.160394   ,  0.396396   ,  2.8694     ,  19.8       ,  0.0485609  ,  0.615179   ,  0.0241312  ,  0.192297   ,  3.96       ,  3.96       ])
Iter time: 401.784867048
Iter time: 782.775964975
Iter time: 1354.84553885
42      , -19160.8    , array([ 0.473325   ,  0.12884    ,  0.159784   ,  0.395633   ,  2.87571    ,  19.9235    ,  0.0482558  ,  0.614557   ,  0.0239514  ,  0.195586   ,  3.97137    ,  3.89246    ])
Iter time: 402.394176006
Iter time: 784.119945049
Iter time: 1355.33000898
43      , -19164.5    , array([ 0.473203   ,  0.128749   ,  0.159682   ,  0.395506   ,  2.87676    ,  19.9442    ,  0.0482052  ,  0.614453   ,  0.0239216  ,  0.195476   ,  3.89432    ,  3.94866    ])
Iter time: 386.145822048
Iter time: 753.991308928
Iter time: 1303.23432493
44      , -19165.1    , array([ 0.47306    ,  0.128642   ,  0.159564   ,  0.395357   ,  2.87799    ,  19.1176    ,  0.0481461  ,  0.614333   ,  0.0238868  ,  0.195347   ,  3.95086    ,  3.94678    ])
Iter time: 399.079711914
Iter time: 777.174606085
Iter time: 1344.78742504
45      , -19103.7    , array([ 0.472893   ,  0.128518   ,  0.159426   ,  0.395184   ,  2.87942    ,  19.7289    ,  0.0480773  ,  0.614191   ,  0.0238463  ,  0.199887   ,  3.94934    ,  3.94458    ])
Iter time: 399.740221024
Iter time: 778.472317934
Iter time: 1346.39757705
46      , -19056.3    , array([ 0.472309   ,  0.128084   ,  0.158944   ,  0.39458    ,  2.88445    ,  19.6934    ,  0.0478374  ,  0.613698   ,  0.0237052  ,  0.203794   ,  3.94403    ,  3.93689    ])
Iter time: 399.509156942
Iter time: 780.719106913
Iter time: 1344.50563097
47      , -19100.7    , array([ 0.472601   ,  0.128301   ,  0.159185   ,  0.394882   ,  2.88193    ,  19.7111    ,  0.0501201  ,  0.613945   ,  0.0237756  ,  0.197095   ,  3.94668    ,  3.94073    ])
Iter time: 394.233919144
Iter time: 767.309002161
Iter time: 1324.72880101
49      , -19150.2    , array([ 0.473176   ,  0.128729   ,  0.15966    ,  0.395478   ,  2.87699    ,  19.4587    ,  0.048359   ,  0.614431   ,  0.0239151  ,  0.196081   ,  3.95193    ,  3.94831    ])
Iter time: 400.832546949
Iter time: 781.185976982
Iter time: 1323.36023808
51      , -19149.3    , array([ 0.473246   ,  0.128782   ,  0.159718   ,  0.395551   ,  2.87638    ,  19.8545    ,  0.048395   ,  0.614491   ,  0.0239322  ,  0.196171   ,  3.92595    ,  3.94924    ])
Iter time: 401.56657815
Iter time: 781.89080596
Iter time: 1349.51298785
53      , -19147      , array([ 0.473304   ,  0.128825   ,  0.159766   ,  0.395611   ,  2.87588    ,  19.8414    ,  0.0484263  ,  0.61454    ,  0.0239464  ,  0.196251   ,  3.96269    ,  3.9234     ])
Iter time: 400.120785952
Iter time: 779.705574989
Iter time: 1348.63742304
54      , -19107.3    , array([ 0.472381   ,  0.128137   ,  0.159003   ,  0.394654   ,  2.88383    ,  19.7261    ,  0.0486113  ,  0.618123   ,  0.0237225  ,  0.197588   ,  3.94853    ,  3.94308    ])
Iter time: 397.940667868
Iter time: 771.808924913
Iter time: 1333.90038705
56      , -19139.5    , array([ 0.473165   ,  0.128721   ,  0.159651   ,  0.395467   ,  2.87708    ,  19.6214    ,  0.0484829  ,  0.614759   ,  0.0239125  ,  0.196562   ,  3.95295    ,  3.9497     ])
Iter time: 398.957522869
Iter time: 774.949249029
Iter time: 1341.57769799
57      , -19106.5    , array([ 0.473049   ,  0.128634   ,  0.159555   ,  0.395346   ,  2.87808    ,  19.6779    ,  0.048835   ,  0.615728   ,  0.0238842  ,  0.197986   ,  3.98676    ,  3.95302    ])
Iter time: 397.714291096
Iter time: 774.513511896
Iter time: 1340.32563519
58      , -19102      , array([ 0.472948   ,  0.128559   ,  0.159472   ,  0.395242   ,  2.87894    ,  19.6638    ,  0.0488719  ,  0.615878   ,  0.0238598  ,  0.198196   ,  3.95378    ,  3.98405    ])
Iter time: 400.067873955
Iter time: 779.441512823
Iter time: 1346.91361284
59      , -19097.1    , array([ 0.472007   ,  0.12786    ,  0.158695   ,  0.399624   ,  2.88705    ,  19.6822    ,  0.0487883  ,  0.615353   ,  0.0236324  ,  0.198522   ,  3.95543    ,  3.95121    ])
Iter time: 391.444679022
Iter time: 761.236041069
Iter time: 1312.1879971
60      , -19090      , array([ 0.471666   ,  0.127607   ,  0.162699   ,  0.395563   ,  2.89       ,  19.6627    ,  0.0488264  ,  0.615382   ,  0.0235503  ,  0.198903   ,  3.95467    ,  3.94975    ])
Iter time: 399.330671072
Iter time: 780.25205493
Iter time: 1346.36656189
61      , -19086.2    , array([ 0.47231    ,  0.128085   ,  0.160263   ,  0.396508   ,  2.88444    ,  19.8486    ,  0.0489624  ,  0.615907   ,  0.0237053  ,  0.198981   ,  3.96201    ,  3.96006    ])
Iter time: 397.912933826
Iter time: 775.135891914
Iter time: 1340.83806992
62      , -19077.5    , array([ 0.471126   ,  0.127207   ,  0.159499   ,  0.395597   ,  2.85053    ,  19.6776    ,  0.048951   ,  0.615608   ,  0.0234209  ,  0.199756   ,  3.95529    ,  3.94977    ])
Iter time: 397.971086025
Iter time: 776.86268115
Iter time: 1340.27785683
63      , -19067.6    , array([ 0.475789   ,  0.126846   ,  0.15935    ,  0.395465   ,  2.88516    ,  19.6573    ,  0.0490163  ,  0.615679   ,  0.0233045  ,  0.200346   ,  3.9545     ,  3.94807    ])
Iter time: 398.066509962
Iter time: 777.337792873
Iter time: 1340.25514793
64      , -19055.7    , array([ 0.471656   ,  0.126427   ,  0.159177   ,  0.395309   ,  2.88779    ,  19.6336    ,  0.0490926  ,  0.615762   ,  0.0231695  ,  0.201037   ,  3.95359    ,  3.94608    ])
Iter time: 398.042696953
Iter time: 774.850142002
Iter time: 1341.74946213
65      , -19014.2    , array([ 0.470458   ,  0.124971   ,  0.158572   ,  0.394767   ,  2.89704    ,  19.5509    ,  0.0493607  ,  0.616054   ,  0.0227032  ,  0.203474   ,  3.95038    ,  3.93914    ])
Iter time: 397.98809886
Iter time: 968.208323956
Iter time: 1658.59146905
66      , -19035      , array([ 0.471057   ,  0.129502   ,  0.158874   ,  0.395038   ,  2.89241    ,  19.5922    ,  0.0492265  ,  0.615908   ,  0.0229352  ,  0.202252   ,  3.95198    ,  3.94261    ])
Iter time: 399.745656013
Iter time: 774.584243059
Iter time: 1339.09320211
67      , -19019.9    , array([ 0.470558   ,  0.126252   ,  0.158622   ,  0.394812   ,  2.89626    ,  19.5578    ,  0.0493383  ,  0.61603    ,  0.0239639  ,  0.203269   ,  3.95065    ,  3.93972    ])
Iter time: 395.334383011
Iter time: 770.918465853
Iter time: 1333.95566607
68      , -19035.3    , array([ 0.471928   ,  0.127172   ,  0.159946   ,  0.396581   ,  2.88384    ,  19.6031    ,  0.0494091  ,  0.61275    ,  0.0233465  ,  0.20285    ,  3.96248    ,  3.95607    ])
Iter time: 397.454365969
Iter time: 774.47559309
Iter time: 1340.14396214
69      , -19024      , array([ 0.471076   ,  0.12644    ,  0.159458   ,  0.396093   ,  2.89056    ,  19.6386    ,  0.0492787  ,  0.614635   ,  0.0231006  ,  0.203263   ,  3.92049    ,  3.94662    ])
Iter time: 399.126729012
Iter time: 1082.64828801
Iter time: 1355.18223381
70      , -19015.5    , array([ 0.470865   ,  0.126163   ,  0.159539   ,  0.39634    ,  2.89164    ,  19.6485    ,  0.0493096  ,  0.61428    ,  0.023      ,  0.203903   ,  3.94763    ,  3.90973    ])
Iter time: 395.241780996
Iter time: 771.233797073
Iter time: 1329.99336219
71      , -19001.2    , array([ 0.470922   ,  0.126064   ,  0.159886   ,  0.396945   ,  2.89026    ,  19.591     ,  0.0479511  ,  0.61627    ,  0.0229541  ,  0.206206   ,  3.95488    ,  3.94751    ])
Iter time: 394.421467066
Iter time: 765.074639082
Iter time: 1325.17852211
72      , -18949.8    , array([ 0.470084   ,  0.12496    ,  0.160238   ,  0.39798    ,  2.89443    ,  19.5312    ,  0.046902   ,  0.617436   ,  0.0225541  ,  0.210919   ,  3.95898    ,  3.9509     ])
Iter time: 393.548940182
Iter time: 767.831876993
Iter time: 1326.92127013
73      , -18982.1    , array([ 0.471193   ,  0.126016   ,  0.160638   ,  0.391965   ,  2.88636    ,  19.5945    ,  0.0489374  ,  0.615205   ,  0.0229141  ,  0.206801   ,  3.94673    ,  3.93698    ])
Iter time: 412.197449923
Iter time: 787.973715067
Iter time: 1362.29485106
74      , -18971.1    , array([ 0.471455   ,  0.126002   ,  0.156353   ,  0.395387   ,  2.88281    ,  19.6027    ,  0.0489178  ,  0.615147   ,  0.0228893  ,  0.207748   ,  3.94617    ,  3.93631    ])
Iter time: 395.491004944
Iter time: 771.034407139
Iter time: 1330.93990898
75      , -18955.7    , array([ 0.47067    ,  0.125189   ,  0.158077   ,  0.394258   ,  2.88809    ,  19.3787    ,  0.0487744  ,  0.614496   ,  0.0226073  ,  0.209165   ,  3.93623    ,  3.92213    ])
Iter time: 396.601972103
Iter time: 771.625154018
Iter time: 1334.80970192
76      , -18943.9    , array([ 0.471777   ,  0.125718   ,  0.158597   ,  0.394942   ,  2.92884    ,  19.4973    ,  0.0487565  ,  0.61461    ,  0.0227474  ,  0.209958   ,  3.93974    ,  3.92775    ])
Iter time: 395.574187994
Iter time: 772.032822847
Iter time: 1331.82624102
77      , -18877.4    , array([ 0.472103   ,  0.12498    ,  0.158148   ,  0.394615   ,  2.9688     ,  19.4078    ,  0.0486595  ,  0.614112   ,  0.022418   ,  0.215253   ,  3.93199    ,  3.91679    ])
Iter time: 395.948301077
Iter time: 771.087308884
Iter time: 1337.2682898
78      , -18922.1    , array([ 0.466548   ,  0.125764   ,  0.158544   ,  0.394933   ,  2.9075     ,  19.476     ,  0.0486322  ,  0.614278   ,  0.0227137  ,  0.211859   ,  3.93678    ,  3.92424    ])
Iter time: 394.144812822
Iter time: 767.690510988
Iter time: 1326.21459293
79      , -18911.6    , array([ 0.469025   ,  0.12417    ,  0.158883   ,  0.395877   ,  2.91207    ,  19.4044    ,  0.0499678  ,  0.616358   ,  0.0221714  ,  0.209626   ,  3.94602    ,  3.93327    ])
Iter time: 398.384840012
Iter time: 775.228440046
Iter time: 1338.868155
80      , -18911      , array([ 0.468921   ,  0.124564   ,  0.157712   ,  0.393763   ,  2.91742    ,  19.4606    ,  0.048469   ,  0.617916   ,  0.022319   ,  0.211758   ,  3.92492    ,  3.91044    ])
Iter time: 395.340983868
Iter time: 770.485503912
Iter time: 1334.5500071
81      , -18890.8    , array([ 0.469433   ,  0.121532   ,  0.158582   ,  0.395088   ,  2.91295    ,  19.4496    ,  0.0485233  ,  0.615081   ,  0.0226164  ,  0.214017   ,  3.93084    ,  3.91843    ])
Iter time: 397.784461975
Iter time: 770.571990013
Iter time: 1333.53610706
82      , -18879.3    , array([ 0.469141   ,  0.123657   ,  0.157857   ,  0.393869   ,  2.91856    ,  19.3724    ,  0.0483472  ,  0.616429   ,  0.0223753  ,  0.21479    ,  3.96416    ,  3.90977    ])
Iter time: 395.837491989
Iter time: 768.95017004
Iter time: 1333.86878204
83      , -18860.1    , array([ 0.469421   ,  0.123413   ,  0.15856    ,  0.394989   ,  2.91654    ,  19.4215    ,  0.0481258  ,  0.6151     ,  0.0213241  ,  0.216765   ,  3.93614    ,  3.91164    ])
Iter time: 393.644625902
Iter time: 766.565109015
Iter time: 1326.96957421
84      , -18779.7    , array([ 0.468854   ,  0.122018   ,  0.158529   ,  0.395078   ,  2.92673    ,  19.3538    ,  0.0475308  ,  0.614636   ,  0.0201153  ,  0.223846   ,  3.92891    ,  3.89768    ])
Iter time: 394.601786137
Iter time: 768.927402973
Iter time: 1330.73873901
85      , -18824.8    , array([ 0.468781   ,  0.122815   ,  0.157483   ,  0.393258   ,  2.92709    ,  19.2833    ,  0.0478598  ,  0.616912   ,  0.0217271  ,  0.219478   ,  3.93603    ,  3.93962    ])
Iter time: 393.9825418
Iter time: 767.356899977
Iter time: 1326.09916997
86      , -18794.1    , array([ 0.468907   ,  0.123627   ,  0.158261   ,  0.394573   ,  2.92666    ,  19.335     ,  0.0475649  ,  0.615278   ,  0.0218505  ,  0.222735   ,  3.9309     ,  3.91028    ])
Iter time: 398.239930153
Iter time: 775.845710039
Iter time: 1342.94505501
87      , -18795.8    , array([ 0.467797   ,  0.122212   ,  0.155838   ,  0.397833   ,  2.94429    ,  19.2492    ,  0.0477494  ,  0.616139   ,  0.0214785  ,  0.221879   ,  3.93191    ,  3.908      ])
Iter time: 387.087213993
Iter time: 753.084434032
Iter time: 1303.37042713
88      , -18777.6    , array([ 0.46693    ,  0.121604   ,  0.160021   ,  0.394796   ,  2.9583     ,  19.1829    ,  0.0475764  ,  0.616363   ,  0.0212749  ,  0.223303   ,  3.9301     ,  3.90396    ])
Iter time: 378.082862139
Iter time: 736.287523031
Iter time: 1273.93157911
89      , -18680.6    , array([ 0.464683   ,  0.119463   ,  0.161888   ,  0.394501   ,  2.99679    ,  18.9765    ,  0.0469196  ,  0.616972   ,  0.020511   ,  0.231512   ,  3.92209    ,  3.88789    ])
Iter time: 392.718487978
Iter time: 768.87536788
Iter time: 1321.5121789
90      , -18746.7    , array([ 0.466711   ,  0.121442   ,  0.158906   ,  0.395968   ,  2.97113    ,  19.3369    ,  0.0474089  ,  0.617429   ,  0.0211938  ,  0.225575   ,  3.93766    ,  3.91235    ])
