==========================================
SLURM_JOB_ID = 18981491
SLURM_NODELIST = c8-72
==========================================
Module slurm/17.11.5 loaded 
Module openmpi/3.0.1 loaded 
Module gcc/7.3.0 loaded 
Module python/2.7.6 loaded 
Module numpy/1.11.1 loaded 
Module dadi/1.7.0 loaded 
Module matplotlib/2.0 loaded 
Module scipy/0.18.0 loaded 
Beginning. Call:
/home/hemstrow/monarch/github/F-H_2018/DADI/demographic_models/run_3d_mods.py /home/hemstrow/monarch/github/F-H_2018/Data/dadi_inputs/ dadi_snps_10kgap.txt 1st_folded_optim_10kgap_snps_dadi_out.txt lgrowth_p3 10 [NAM,GUA,HAW] True 3 [0.1,0.1,0.5,1,5,5,.1,.1,.1,.1,2] [1,1,5,10,20,20,10,10,10,10,4] [1e-3,1e-3,1e-3,1e-3,0.01,0.01,0.01,0.01,0.01,0.01,1] [150,15,15] fmin

Ready to begin run. Parameters:

Model:
lgrowth_p3
Maxiters:
10
Pops:
['NAM', 'GUA', 'HAW']
Projection:
[150, 15, 15]
Number of segregating sites in projected sfs:
9454.98941724
Folding spectra:
True
Level of parm folding:
3
Optimizer:
fmin
p0:
[  0.07387839   0.46708194   2.18266197   0.15010326  19.8          1.00384834
   0.02131143   0.11050697   0.40959738   0.11360428   3.96      ]
Upper Bounds:
[1.0, 1.0, 5.0, 10.0, 20.0, 20.0, 10.0, 10.0, 10.0, 10.0, 4.0]
Lower Bounds:
[0.001, 0.001, 0.001, 0.001, 0.01, 0.01, 0.01, 0.01, 0.01, 0.01, 1.0]

Beginning optimization ************************************************
optimize_log_fmin.
Iter time: 23.743448019
Iter time: 43.1970009804
Iter time: 71.5279269218
1       , -30378.3    , array([ 0.0738784  ,  0.467082   ,  2.18266    ,  0.150103   ,  19.8       ,  1.00385    ,  0.0213114  ,  0.110507   ,  0.409597   ,  0.113604   ,  3.96       ])
Iter time: 24.3471541405
Iter time: 44.0283410549
Iter time: 72.7263879776
2       , -30366.6    , array([ 0.064855   ,  0.467082   ,  2.18266    ,  0.150103   ,  19.8       ,  1.00385    ,  0.0213114  ,  0.110507   ,  0.409597   ,  0.113604   ,  3.96       ])
Iter time: 23.7527549267
Iter time: 43.2921469212
Iter time: 72.1674790382
3       , -30378.9    , array([ 0.0738784  ,  0.449638   ,  2.18266    ,  0.150103   ,  19.8       ,  1.00385    ,  0.0213114  ,  0.110507   ,  0.409597   ,  0.113604   ,  3.96       ])
Iter time: 23.795263052
Iter time: 43.7204790115
Iter time: 72.2128498554
4       , -30450.9    , array([ 0.0738784  ,  0.467082   ,  2.26953    ,  0.150103   ,  19.8       ,  1.00385    ,  0.0213114  ,  0.110507   ,  0.409597   ,  0.113604   ,  3.96       ])
Iter time: 25.2974529266
Iter time: 46.2121970654
Iter time: 76.9564580917
5       , -30535.9    , array([ 0.0738784  ,  0.467082   ,  2.18266    ,  0.136524   ,  19.8       ,  1.00385    ,  0.0213114  ,  0.110507   ,  0.409597   ,  0.113604   ,  3.96       ])
Iter time: 23.6829409599
Iter time: 43.076089859
Iter time: 71.4603009224
7       , -30378.2    , array([ 0.0738784  ,  0.467082   ,  2.18266    ,  0.150103   ,  19.8       ,  1.00404    ,  0.0213114  ,  0.110507   ,  0.409597   ,  0.113604   ,  3.96       ])
Iter time: 23.6989831924
Iter time: 43.1406319141
Iter time: 71.5350818634
8       , -30736.5    , array([ 0.0738784  ,  0.467082   ,  2.18266    ,  0.150103   ,  19.8       ,  1.00385    ,  0.017581   ,  0.110507   ,  0.409597   ,  0.113604   ,  3.96       ])
Iter time: 23.7192430496
Iter time: 43.1107771397
Iter time: 71.5077929497
9       , -30507.2    , array([ 0.0738784  ,  0.467082   ,  2.18266    ,  0.150103   ,  19.8       ,  1.00385    ,  0.0213114  ,  0.0989827  ,  0.409597   ,  0.113604   ,  3.96       ])
Iter time: 23.6966190338
Iter time: 43.096296072
Iter time: 71.6240971088
10      , -30405      , array([ 0.0738784  ,  0.467082   ,  2.18266    ,  0.150103   ,  19.8       ,  1.00385    ,  0.0213114  ,  0.110507   ,  0.391719   ,  0.113604   ,  3.96       ])
Iter time: 23.6951611042
Iter time: 43.0676691532
Iter time: 71.4587268829
11      , -30388.2    , array([ 0.0738784  ,  0.467082   ,  2.18266    ,  0.150103   ,  19.8       ,  1.00385    ,  0.0213114  ,  0.110507   ,  0.409597   ,  0.101898   ,  3.96       ])
Iter time: 23.975892067
Iter time: 43.4882898331
Iter time: 72.0889821053
15      , -30372.4    , array([ 0.0692198  ,  0.467082   ,  2.18266    ,  0.150103   ,  19.8       ,  1.00394    ,  0.0213114  ,  0.110507   ,  0.409597   ,  0.113604   ,  3.96       ])
Iter time: 23.9678688049
Iter time: 43.5187981129
Iter time: 72.1991891861
16      , -30372.4    , array([ 0.0692198  ,  0.467082   ,  2.18266    ,  0.150103   ,  19.8       ,  1.00385    ,  0.0213114  ,  0.110507   ,  0.409597   ,  0.113604   ,  3.96       ])
Iter time: 23.9939441681
Iter time: 43.5136699677
Iter time: 72.1125409603
17      , -30372.6    , array([ 0.0692198  ,  0.458277   ,  2.18266    ,  0.150103   ,  19.8       ,  1.00385    ,  0.0213114  ,  0.110507   ,  0.409597   ,  0.113604   ,  3.96       ])
Iter time: 23.9773669243
Iter time: 43.4801530838
Iter time: 72.0065510273
18      , -30377.4    , array([ 0.0692198  ,  0.467082   ,  2.18266    ,  0.150103   ,  19.8       ,  1.00385    ,  0.0213114  ,  0.110507   ,  0.409597   ,  0.107592   ,  3.96       ])
Iter time: 23.9772799015
Iter time: 43.4760420322
Iter time: 72.0111310482
19      , -30385.8    , array([ 0.0692198  ,  0.467082   ,  2.18266    ,  0.150103   ,  19.8       ,  1.00385    ,  0.0213114  ,  0.110507   ,  0.400559   ,  0.113604   ,  3.96       ])
Iter time: 23.9303729534
Iter time: 43.4241030216
Iter time: 72.0011651516
20      , -30408.3    , array([ 0.0692198  ,  0.467082   ,  2.22567    ,  0.150103   ,  19.8       ,  1.00385    ,  0.0213114  ,  0.110507   ,  0.409597   ,  0.113604   ,  3.96       ])
Iter time: 23.9747619629
Iter time: 43.4915699959
Iter time: 72.0138130188
21      , -30437.2    , array([ 0.0692198  ,  0.467082   ,  2.18266    ,  0.150103   ,  19.8       ,  1.00385    ,  0.0213114  ,  0.104586   ,  0.409597   ,  0.113604   ,  3.96       ])
Iter time: 24.7761528492
Iter time: 45.0230782032
Iter time: 74.6393818855
22      , -30450.8    , array([ 0.0692198  ,  0.467082   ,  2.18266    ,  0.143153   ,  19.8       ,  1.00385    ,  0.0213114  ,  0.110507   ,  0.409597   ,  0.113604   ,  3.96       ])
Iter time: 23.9893739223
Iter time: 43.4928119183
Iter time: 72.038328886
23      , -30555.2    , array([ 0.0692198  ,  0.467082   ,  2.18266    ,  0.150103   ,  19.8       ,  1.00385    ,  0.0193565  ,  0.110507   ,  0.409597   ,  0.113604   ,  3.96       ])
Iter time: 24.1345720291
Iter time: 43.6684279442
Iter time: 72.3096950054
28      , -30369.4    , array([ 0.0670019  ,  0.467082   ,  2.18266    ,  0.150103   ,  19.8       ,  1.0039     ,  0.0213114  ,  0.110507   ,  0.409597   ,  0.113604   ,  3.96       ])
Iter time: 24.1439909935
Iter time: 43.6888680458
Iter time: 72.4346868992
29      , -30369.5    , array([ 0.0670019  ,  0.467082   ,  2.18266    ,  0.150103   ,  19.8       ,  1.00385    ,  0.0213114  ,  0.110507   ,  0.409597   ,  0.113604   ,  3.96       ])
Iter time: 24.1583631039
Iter time: 43.7946732044
Iter time: 72.3522291183
30      , -30369.5    , array([ 0.0670019  ,  0.462658   ,  2.18266    ,  0.150103   ,  19.8       ,  1.00385    ,  0.0213114  ,  0.110507   ,  0.409597   ,  0.113604   ,  3.96       ])
Iter time: 24.1203939915
Iter time: 43.676005125
Iter time: 72.3315269947
31      , -30372      , array([ 0.0670019  ,  0.467082   ,  2.18266    ,  0.150103   ,  19.8       ,  1.00385    ,  0.0213114  ,  0.110507   ,  0.409597   ,  0.110557   ,  3.96       ])
Iter time: 24.1435129642
Iter time: 43.718375206
Iter time: 72.2867980003
32      , -30376.2    , array([ 0.0670019  ,  0.467082   ,  2.18266    ,  0.150103   ,  19.8       ,  1.00385    ,  0.0213114  ,  0.110507   ,  0.405053   ,  0.113604   ,  3.96       ])
Iter time: 24.126732111
Iter time: 43.7610480785
Iter time: 72.2588021755
33      , -30387.3    , array([ 0.0670019  ,  0.467082   ,  2.20406    ,  0.150103   ,  19.8       ,  1.00385    ,  0.0213114  ,  0.110507   ,  0.409597   ,  0.113604   ,  3.96       ])
Iter time: 24.1894659996
Iter time: 43.7078340054
Iter time: 72.2854099274
34      , -30402      , array([ 0.0670019  ,  0.467082   ,  2.18266    ,  0.150103   ,  19.8       ,  1.00385    ,  0.0213114  ,  0.107506   ,  0.409597   ,  0.113604   ,  3.96       ])
Iter time: 24.4995090961
Iter time: 44.4329769611
Iter time: 73.6945128441
35      , -30408.5    , array([ 0.0670019  ,  0.467082   ,  2.18266    ,  0.146587   ,  19.8       ,  1.00385    ,  0.0213114  ,  0.110507   ,  0.409597   ,  0.113604   ,  3.96       ])
Iter time: 24.1856658459
Iter time: 43.6720790863
Iter time: 72.2784779072
36      , -30461.8    , array([ 0.0670019  ,  0.467082   ,  2.18266    ,  0.150103   ,  19.8       ,  1.00385    ,  0.0203105  ,  0.110507   ,  0.409597   ,  0.113604   ,  3.96       ])
Iter time: 24.3098750114
Iter time: 44.310297966
Iter time: 73.392013073
39      , -30433.7    , array([ 0.0666063  ,  0.466275   ,  2.18654    ,  0.149458   ,  19.9348    ,  1.00386    ,  0.0211258  ,  0.109955   ,  0.408767   ,  0.113044   ,  3.89246    ])
Iter time: 24.6439130306
Iter time: 43.8727769852
Iter time: 72.2054319382
40      , -30239.2    , array([ 0.0665346  ,  0.466128   ,  2.18724    ,  0.149341   ,  19.0982    ,  1.00386    ,  0.0210923  ,  0.109855   ,  0.408617   ,  0.112943   ,  3.94763    ])
Iter time: 23.8793990612
Iter time: 43.3644781113
Iter time: 71.9652898312
41      , -30085.8    , array([ 0.0663022  ,  0.465652   ,  2.18954    ,  0.148961   ,  18.4099    ,  1.00386    ,  0.0209835  ,  0.109531   ,  0.408127   ,  0.112613   ,  3.94146    ])
Iter time: 24.150906086
Iter time: 43.8012290001
Iter time: 72.6046099663
42      , -30253.6    , array([ 0.0664078  ,  0.465868   ,  2.18849    ,  0.149133   ,  19.5638    ,  1.00386    ,  0.0222633  ,  0.109678   ,  0.408349   ,  0.112763   ,  3.94427    ])
Iter time: 24.1761510372
Iter time: 43.8268709183
Iter time: 72.4904921055
44      , -30387.7    , array([ 0.0666462  ,  0.466356   ,  2.18615    ,  0.149523   ,  19.7909    ,  1.00386    ,  0.0212456  ,  0.110011   ,  0.408851   ,  0.113101   ,  3.92454    ])
Iter time: 23.7359409332
Iter time: 42.9558830261
Iter time: 71.0553281307
45      , -30271.8    , array([ 0.0663075  ,  0.465662   ,  2.18948    ,  0.153202   ,  19.4955    ,  1.00386    ,  0.0214089  ,  0.109538   ,  0.408138   ,  0.112621   ,  3.9473     ])
Iter time: 24.0789651871
Iter time: 43.5676519871
Iter time: 72.1746561527
46      , -30254.5    , array([ 0.0661821  ,  0.465405   ,  2.19073    ,  0.15017    ,  19.4406    ,  1.00387    ,  0.0214267  ,  0.11298    ,  0.407873   ,  0.112443   ,  3.94499    ])
Iter time: 23.985104084
Iter time: 43.4380450249
Iter time: 72.1474618912
47      , -30244.4    , array([ 0.0664508  ,  0.465956   ,  2.18807    ,  0.150871   ,  19.3865    ,  1.00386    ,  0.0215262  ,  0.110943   ,  0.40844    ,  0.112824   ,  3.98441    ])
Iter time: 24.0151450634
Iter time: 43.5407888889
Iter time: 72.0253429413
48      , -30219.1    , array([ 0.0659989  ,  0.465028   ,  2.16741    ,  0.150427   ,  19.3034    ,  1.00387    ,  0.0214989  ,  0.110524   ,  0.407486   ,  0.112183   ,  3.95314    ])
Iter time: 24.0258870125
Iter time: 43.5888240337
Iter time: 71.9420640469
49      , -30201.9    , array([ 0.0658181  ,  0.464656   ,  2.18587    ,  0.150486   ,  19.2144    ,  1.00387    ,  0.0215332  ,  0.110527   ,  0.412507   ,  0.111926   ,  3.95189    ])
Iter time: 23.9497461319
Iter time: 43.4095590115
Iter time: 71.8830230236
50      , -30175      , array([ 0.0656051  ,  0.464216   ,  2.18646    ,  0.150556   ,  19.1098    ,  1.00388    ,  0.0215738  ,  0.110531   ,  0.408456   ,  0.115269   ,  3.95042    ])
Iter time: 23.9253978729
Iter time: 43.3279898167
Iter time: 71.7841889858
51      , -30142.2    , array([ 0.0653543  ,  0.468941   ,  2.18715    ,  0.150638   ,  18.9869    ,  1.00389    ,  0.0216218  ,  0.110536   ,  0.408248   ,  0.112474   ,  3.94868    ])
Iter time: 23.8917360306
Iter time: 43.3028361797
Iter time: 71.729681015
52      , -30101.2    , array([ 0.0650592  ,  0.464835   ,  2.18796    ,  0.150736   ,  18.8427    ,  1.00389    ,  0.0216787  ,  0.110541   ,  0.408004   ,  0.11227    ,  3.94663    ])
Iter time: 23.8350598812
Iter time: 43.2364170551
Iter time: 71.5793159008
53      , -30052.7    , array([ 0.0647121  ,  0.464428   ,  2.18893    ,  0.150851   ,  18.6737    ,  1.00384    ,  0.0217462  ,  0.110547   ,  0.407715   ,  0.112029   ,  3.9442     ])
Iter time: 23.699901104
Iter time: 43.0460598469
Iter time: 71.341119051
54      , -29895.6    , array([ 0.0635967  ,  0.463106   ,  2.19207    ,  0.151226   ,  18.1348    ,  1.00382    ,  0.0219669  ,  0.110567   ,  0.406776   ,  0.111249   ,  3.93633    ])
Iter time: 23.613713026
Iter time: 42.9258699417
Iter time: 71.1738479137
55      , -29970.6    , array([ 0.0666165  ,  0.463706   ,  2.19064    ,  0.151056   ,  18.3778    ,  1.00389    ,  0.0218663  ,  0.110558   ,  0.407203   ,  0.111603   ,  3.9399     ])
Iter time: 24.116163969
Iter time: 43.7791559696
Iter time: 72.609924078
56      , -30009.8    , array([ 0.0652123  ,  0.464764   ,  2.18403    ,  0.147621   ,  18.4656    ,  1.00387    ,  0.0218505  ,  0.111724   ,  0.408488   ,  0.112392   ,  3.95123    ])
Iter time: 23.8236460686
Iter time: 43.2549369335
Iter time: 71.6779150963
57      , -29982.7    , array([ 0.0651608  ,  0.464905   ,  2.18157    ,  0.150134   ,  18.3453    ,  1.00387    ,  0.0219103  ,  0.1081     ,  0.408865   ,  0.112561   ,  3.95468    ])
Iter time: 23.6019878387
Iter time: 42.8755319118
Iter time: 71.0771157742
58      , -29930.2    , array([ 0.0647159  ,  0.464268   ,  2.18254    ,  0.151361   ,  18.0179    ,  1.00388    ,  0.0210257  ,  0.111062   ,  0.408482   ,  0.112204   ,  3.9573     ])
Iter time: 23.7626750469
Iter time: 43.2867629528
Iter time: 71.5934109688
59      , -29885.9    , array([ 0.0643636  ,  0.463874   ,  2.18196    ,  0.149706   ,  17.9422    ,  1.00388    ,  0.0216529  ,  0.109816   ,  0.408399   ,  0.112032   ,  3.91258    ])
Iter time: 23.6163740158
Iter time: 43.0366778374
Iter time: 71.4148359299
60      , -29707.7    , array([ 0.0633447  ,  0.462836   ,  2.17891    ,  0.149127   ,  17.2609    ,  1.00389    ,  0.0217165  ,  0.109257   ,  0.408378   ,  0.111638   ,  3.87715    ])
Iter time: 23.6351571083
Iter time: 43.0124239922
Iter time: 71.330354929
61      , -29818.6    , array([ 0.0643225  ,  0.4644     ,  2.20488    ,  0.149911   ,  17.6568    ,  1.00388    ,  0.0217201  ,  0.110002   ,  0.409518   ,  0.112572   ,  3.92963    ])
Iter time: 23.5950279236
Iter time: 42.9489181042
Iter time: 71.3335900307
62      , -29766.3    , array([ 0.0642302  ,  0.464726   ,  2.1897     ,  0.149748   ,  17.468     ,  1.00387    ,  0.0217196  ,  0.109903   ,  0.403999   ,  0.112948   ,  3.92683    ])
Iter time: 23.5526621342
Iter time: 42.9424898624
Iter time: 71.2697870731
63      , -29718.8    , array([ 0.064191   ,  0.465259   ,  2.1897     ,  0.149532   ,  17.2791    ,  1.00387    ,  0.0217054  ,  0.109786   ,  0.407193   ,  0.109268   ,  3.92402    ])
Iter time: 23.5646080971
Iter time: 42.9602091312
Iter time: 71.3430719376
64      , -29674.2    , array([ 0.0642273  ,  0.459912   ,  2.18948    ,  0.14925    ,  17.0954    ,  1.00386    ,  0.0216723  ,  0.109646   ,  0.407208   ,  0.111396   ,  3.92128    ])
Iter time: 23.3845250607
Iter time: 42.7515459061
Iter time: 71.2390730381
65      , -29442.5    , array([ 0.063671   ,  0.455463   ,  2.19064    ,  0.148561   ,  16.2215    ,  1.00385    ,  0.0216977  ,  0.109203   ,  0.406689   ,  0.110861   ,  3.90765    ])
Iter time: 23.9372990131
Iter time: 43.0936379433
Iter time: 72.5503468513
66      , -29595.5    , array([ 0.0642661  ,  0.462259   ,  2.18915    ,  0.14876    ,  16.7634    ,  1.00384    ,  0.0216189  ,  0.109398   ,  0.407213   ,  0.111343   ,  3.91625    ])
Iter time: 23.4598910809
Iter time: 42.7097380161
Iter time: 70.9419839382
67      , -29523.5    , array([ 0.0627046  ,  0.460836   ,  2.1875     ,  0.150496   ,  16.8677    ,  1.00387    ,  0.0224566  ,  0.110383   ,  0.406924   ,  0.110775   ,  3.91681    ])
Iter time: 23.0561470985
Iter time: 42.0656909943
Iter time: 69.8881230354
68      , -29509.1    , array([ 0.0632998  ,  0.461004   ,  2.19366    ,  0.152395   ,  16.5424    ,  1.00386    ,  0.0216731  ,  0.107979   ,  0.406281   ,  0.1107     ,  3.90091    ])
Iter time: 23.240737915
Iter time: 42.4099121094
Iter time: 70.5193800926
69      , -29449.5    , array([ 0.063017   ,  0.460159   ,  2.19833    ,  0.150253   ,  16.3406    ,  1.00386    ,  0.0215712  ,  0.111575   ,  0.405439   ,  0.1102     ,  3.88783    ])
Iter time: 23.3740029335
Iter time: 42.6503639221
Iter time: 70.930008173
70      , -29367.3    , array([ 0.0610205  ,  0.460704   ,  2.19063    ,  0.149191   ,  15.9669    ,  1.00384    ,  0.0215613  ,  0.109277   ,  0.406773   ,  0.11089    ,  3.89298    ])
Iter time: 23.2906999588
Iter time: 42.5959539413
Iter time: 70.9365079403
71      , -29066.9    , array([ 0.0584013  ,  0.45921    ,  2.19062    ,  0.148268   ,  14.8828    ,  1.00382    ,  0.0214104  ,  0.108642   ,  0.406558   ,  0.110536   ,  3.86972    ])
Iter time: 23.3262619972
Iter time: 42.6126818657
Iter time: 70.9672441483
72      , -29255.7    , array([ 0.0616509  ,  0.459232   ,  2.20023    ,  0.148332   ,  15.7296    ,  1.00383    ,  0.0224973  ,  0.108346   ,  0.405151   ,  0.109996   ,  3.86012    ])
Iter time: 23.1761240959
Iter time: 42.4618690014
Iter time: 70.8194339275
73      , -29170.1    , array([ 0.0623824  ,  0.459681   ,  2.19215    ,  0.147944   ,  15.229     ,  1.0039     ,  0.0216271  ,  0.10843    ,  0.406553   ,  0.110712   ,  3.86692    ])
Iter time: 23.1555280685
Iter time: 42.3497488499
Iter time: 70.8015899658
74      , -29130      , array([ 0.061336   ,  0.457549   ,  2.17712    ,  0.148884   ,  15.2262    ,  1.00384    ,  0.0218557  ,  0.108703   ,  0.403299   ,  0.10908    ,  3.8622     ])
Iter time: 23.075024128
Iter time: 42.253182888
Iter time: 70.4084160328
75      , -29066.8    , array([ 0.0609114  ,  0.455936   ,  2.18992    ,  0.148889   ,  15.0112    ,  1.00384    ,  0.021881   ,  0.108583   ,  0.408679   ,  0.10803    ,  3.8533     ])
Iter time: 22.8599908352
Iter time: 41.9627780914
Iter time: 70.0270090103
76      , -28722.5    , array([ 0.0593169  ,  0.451604   ,  2.19003    ,  0.148461   ,  13.9156    ,  1.00383    ,  0.0219621  ,  0.107929   ,  0.41104    ,  0.105652   ,  3.81706    ])
Iter time: 23.0082838535
Iter time: 42.2113130093
Iter time: 70.5838339329
77      , -28933.8    , array([ 0.0600797  ,  0.452954   ,  2.18998    ,  0.148909   ,  14.5896    ,  1.00384    ,  0.0219423  ,  0.108363   ,  0.406168   ,  0.110987   ,  3.83674    ])
Iter time: 22.8517780304
Iter time: 41.8875460625
Iter time: 69.8746860027
78      , -28806.1    , array([ 0.0602994  ,  0.453542   ,  2.20285    ,  0.149274   ,  14.1652    ,  1.0038     ,  0.0219723  ,  0.108725   ,  0.404589   ,  0.108516   ,  3.87573    ])
Iter time: 22.878647089
Iter time: 41.88732481
Iter time: 69.8510649204
79      , -28773.5    , array([ 0.0587504  ,  0.452539   ,  2.19504    ,  0.149736   ,  14.1458    ,  1.00385    ,  0.0221367  ,  0.108463   ,  0.40527    ,  0.108296   ,  3.82978    ])
Iter time: 22.8193869591
Iter time: 41.9370069504
Iter time: 69.9710800648
80      , -28703.9    , array([ 0.0595045  ,  0.45244    ,  2.19807    ,  0.147872   ,  13.6157    ,  1.00382    ,  0.0212554  ,  0.107153   ,  0.405258   ,  0.108405   ,  3.81363    ])
Iter time: 22.5450890064
Iter time: 41.6332399845
Iter time: 69.6655809879
81      , -28298.1    , array([ 0.0579662  ,  0.448299   ,  2.20337    ,  0.146578   ,  12.2329    ,  1.00379    ,  0.0206791  ,  0.105573   ,  0.404427   ,  0.10724    ,  3.76306    ])
Iter time: 23.0479850769
Iter time: 42.5101978779
Iter time: 70.9875509739
82      , -28505.9    , array([ 0.0580092  ,  0.449983   ,  2.19366    ,  0.145      ,  13.1422    ,  1.00382    ,  0.0218366  ,  0.109091   ,  0.405562   ,  0.107853   ,  3.8042     ])
Iter time: 22.8933610916
Iter time: 42.1181969643
Iter time: 70.4060809612
83      , -28396.2    , array([ 0.0573989  ,  0.44898    ,  2.18815    ,  0.146119   ,  12.7878    ,  1.00381    ,  0.0219886  ,  0.105143   ,  0.406427   ,  0.107919   ,  3.80195    ])
Iter time: 22.6589372158
Iter time: 41.6492550373
Iter time: 69.7044670582
84      , -28215.6    , array([ 0.0557481  ,  0.452427   ,  2.19537    ,  0.147338   ,  12.3365    ,  1.00381    ,  0.0219134  ,  0.106689   ,  0.40513    ,  0.106753   ,  3.76384    ])
Iter time: 22.3182890415
Iter time: 41.2461779118
Iter time: 69.0235669613
85      , -27624.7    , array([ 0.0521644  ,  0.450917   ,  2.19774    ,  0.14673    ,  10.7582    ,  1.0038     ,  0.0220221  ,  0.105453   ,  0.404353   ,  0.104757   ,  3.69393    ])
Iter time: 22.5100080967
Iter time: 41.5759830475
Iter time: 69.6358568668
86      , -28093.7    , array([ 0.055852   ,  0.447227   ,  2.18535    ,  0.147274   ,  11.8733    ,  1.00382    ,  0.0210527  ,  0.107005   ,  0.406522   ,  0.106642   ,  3.77982    ])
Iter time: 22.5138831139
Iter time: 41.5185759068
Iter time: 69.7257170677
87      , -27991.2    , array([ 0.0540984  ,  0.444564   ,  2.19217    ,  0.147539   ,  11.7209    ,  1.00374    ,  0.0217929  ,  0.106665   ,  0.405114   ,  0.105233   ,  3.75758    ])
Iter time: 22.4318299294
Iter time: 41.5819079876
Iter time: 69.5256359577
88      , -27827.5    , array([ 0.0537795  ,  0.444304   ,  2.21007    ,  0.146366   ,  11.1784    ,  1.00377    ,  0.0215536  ,  0.106032   ,  0.408717   ,  0.106112   ,  3.74344    ])
Iter time: 22.1886668205
Iter time: 41.0948340893
Iter time: 69.0052120686
89      , -27672.6    , array([ 0.0556415  ,  0.440048   ,  2.19999    ,  0.14663    ,  10.8564    ,  1.00379    ,  0.0220285  ,  0.105624   ,  0.405831   ,  0.10394    ,  3.71369    ])
Iter time: 22.3182339668
Iter time: 41.2982540131
Iter time: 69.3227460384
90      , -27572.4    , array([ 0.0533376  ,  0.443788   ,  2.20246    ,  0.145589   ,  10.4952    ,  1.00376    ,  0.02151    ,  0.105404   ,  0.40616    ,  0.10229    ,  3.72348    ])
Iter time: 22.0439009666
Iter time: 40.9986829758
Iter time: 69.0649118423
91      , -26924.4    , array([ 0.0502558  ,  0.439275   ,  2.20873    ,  0.143958   ,  8.90149    ,  1.00372    ,  0.021297   ,  0.103955   ,  0.406156   ,  0.0982002  ,  3.66812    ])
Iter time: 22.2952959538
Iter time: 41.6099710464
Iter time: 69.9909689426
92      , -27355.2    , array([ 0.0514117  ,  0.440644   ,  2.19065    ,  0.144279   ,  9.93405    ,  1.00378    ,  0.021359   ,  0.1042     ,  0.408031   ,  0.102736   ,  3.6493     ])
Iter time: 22.6218910217
Iter time: 42.1821680069
Iter time: 69.7142329216
93      , -27137.8    , array([ 0.0515025  ,  0.439487   ,  2.19764    ,  0.142867   ,  9.32853    ,  1.00373    ,  0.021063   ,  0.103693   ,  0.407849   ,  0.101963   ,  3.66081    ])
Iter time: 22.1142089367
Iter time: 41.1711199284
Iter time: 69.4454271793
94      , -26910.3    , array([ 0.0497171  ,  0.438225   ,  2.20406    ,  0.14309    ,  8.81777    ,  1.00373    ,  0.0210696  ,  0.103449   ,  0.401554   ,  0.103842   ,  3.64522    ])
Iter time: 21.9190940857
Iter time: 40.9858679771
Iter time: 69.2400288582
95      , -26060.9    , array([ 0.0455166  ,  0.431685   ,  2.2111     ,  0.140478   ,  7.01919    ,  1.00368    ,  0.020637   ,  0.10128    ,  0.396893   ,  0.102948   ,  3.56222    ])
Iter time: 21.6824021339
Iter time: 40.3702611923
Iter time: 68.0875110626
96      , -26674.6    , array([ 0.0486449  ,  0.436497   ,  2.20358    ,  0.145665   ,  8.3305     ,  1.00372    ,  0.0209741  ,  0.100975   ,  0.405383   ,  0.100865   ,  3.61409    ])
Iter time: 21.6901090145
Iter time: 40.4253270626
Iter time: 68.1334810257
97      , -26471.7    , array([ 0.047705   ,  0.435234   ,  2.21196    ,  0.144467   ,  7.91954    ,  1.00371    ,  0.0206511  ,  0.103998   ,  0.404331   ,  0.099572   ,  3.58307    ])
Iter time: 21.7905108929
Iter time: 40.561715126
Iter time: 68.5311141014
98      , -26251.9    , array([ 0.0455941  ,  0.433557   ,  2.19824    ,  0.143636   ,  7.64952    ,  1.00371    ,  0.0219533  ,  0.103292   ,  0.406312   ,  0.0988609  ,  3.58797    ])
Iter time: 21.7644820213
Iter time: 40.6586871147
Iter time: 68.6520080566
99      , -26120.2    , array([ 0.0456059  ,  0.432151   ,  2.21873    ,  0.142307   ,  7.27575    ,  1.00366    ,  0.0217287  ,  0.101257   ,  0.40418    ,  0.0980547  ,  3.53839    ])
Iter time: 21.6647090912
Iter time: 40.6300561428
Iter time: 68.6421518326
100     , -25885.3    , array([ 0.0456448  ,  0.432506   ,  2.21667    ,  0.141122   ,  6.75826    ,  1.00373    ,  0.0209794  ,  0.100624   ,  0.405415   ,  0.0980993  ,  3.52066    ])
Iter time: 21.4486620426
Iter time: 40.4379088879
Iter time: 68.5941529274
101     , -24879.5    , array([ 0.0419271  ,  0.426601   ,  2.22903    ,  0.138019   ,  5.13183    ,  1.00373    ,  0.0205841  ,  0.0977327  ,  0.405566   ,  0.0947158  ,  3.40786    ])
Iter time: 21.5540249348
Iter time: 40.4466719627
Iter time: 68.4105129242
102     , -25513.3    , array([ 0.0438835  ,  0.429573   ,  2.20214    ,  0.140743   ,  6.15094    ,  1.00369    ,  0.0210355  ,  0.0997351  ,  0.401276   ,  0.0952972  ,  3.47413    ])
Iter time: 21.6423120499
Iter time: 40.7282860279
Iter time: 69.0454030037
103     , -25267.7    , array([ 0.0406231  ,  0.431831   ,  2.21262    ,  0.139447   ,  5.71179    ,  1.00365    ,  0.0204101  ,  0.0990822  ,  0.403301   ,  0.0957653  ,  3.45975    ])
Iter time: 21.5472710133
Iter time: 146499.822281
Iter time: 68.9133450985
104     , -24895.9    , array([ 0.041405   ,  0.418122   ,  2.2176     ,  0.138068   ,  5.13717    ,  1.00362    ,  0.0201358  ,  0.0981239  ,  0.404584   ,  0.0934812  ,  3.43708    ])
Iter time: 41.9712219238
Iter time: 68.4153909683
Iter time: 112.241549969
105     , -24712.4    , array([ 0.0403898  ,  0.423808   ,  2.22974    ,  0.139295   ,  4.93475    ,  1.0036     ,  0.0205395  ,  0.0982257  ,  0.400318   ,  0.0936974  ,  3.44142    ])
Iter time: 21.0951139927
Iter time: 61.8462250233
Iter time: 68.3123641014
106     , -23462.4    , array([ 0.0357995  ,  0.415632   ,  2.24954    ,  0.136868   ,  3.47804    ,  1.00351    ,  0.0201417  ,  0.0953683  ,  0.396517   ,  0.0894807  ,  3.34196    ])
Iter time: 21.1612930298
Iter time: 39.8845438957
Iter time: 67.8658800125
107     , -24254.2    , array([ 0.0377387  ,  0.420633   ,  2.23209    ,  0.139579   ,  4.39211    ,  1.00362    ,  0.0206595  ,  0.0972154  ,  0.398451   ,  0.0921926  ,  3.37423    ])
Iter time: 21.2303769588
Iter time: 40.0493428707
Iter time: 68.1008098125
108     , -23980.5    , array([ 0.0367123  ,  0.417531   ,  2.22514    ,  0.137745   ,  4.04803    ,  1.00361    ,  0.0203199  ,  0.0957957  ,  0.398721   ,  0.0946329  ,  3.31677    ])
Iter time: 21.4866609573
Iter time: 40.6653831005
Iter time: 69.1467239857
109     , -23745.8    , array([ 0.0360361  ,  0.416809   ,  2.23429    ,  0.134754   ,  3.79358    ,  1.00359    ,  0.0205142  ,  0.0976835  ,  0.39828    ,  0.0910701  ,  3.31421    ])
Iter time: 21.4406318665
Iter time: 40.6227090359
Iter time: 69.1746139526
110     , -23477      , array([ 0.0349189  ,  0.414743   ,  2.2299     ,  0.134163   ,  3.49061    ,  1.00358    ,  0.0208099  ,  0.0937693  ,  0.398223   ,  0.0907681  ,  3.29583    ])
Iter time: 21.3101909161
Iter time: 40.4690921307
Iter time: 69.1804788113
111     , -23192.3    , array([ 0.0348059  ,  0.413002   ,  2.24966    ,  0.133276   ,  3.1334     ,  1.00355    ,  0.0193861  ,  0.0927652  ,  0.394834   ,  0.0900124  ,  3.24089    ])
Iter time: 21.388117075
Iter time: 40.8468818665
Iter time: 69.799380064
112     , -21999.1    , array([ 0.0304106  ,  0.403094   ,  2.27582    ,  0.12838    ,  2.00543    ,  1.00347    ,  0.0182173  ,  0.0879115  ,  0.389218   ,  0.0858897  ,  3.08015    ])
Iter time: 21.3300549984
Iter time: 40.5191819668
Iter time: 69.1303150654
113     , -22608.9    , array([ 0.0323251  ,  0.409136   ,  2.2392     ,  0.132024   ,  2.60624    ,  1.00356    ,  0.0189687  ,  0.0922282  ,  0.394204   ,  0.0885929  ,  3.20447    ])
Iter time: 21.0599830151
Iter time: 40.1240589619
Iter time: 68.5288131237
114     , -22164.5    , array([ 0.0304347  ,  0.405602   ,  2.25209    ,  0.132243   ,  2.25618    ,  1.00352    ,  0.0196684  ,  0.0906515  ,  0.400946   ,  0.0821093  ,  3.12237    ])
Iter time: 21.3212900162
Iter time: 40.6724128723
Iter time: 69.3086400032
115     , -22073.6    , array([ 0.0295352  ,  0.403363   ,  2.2705     ,  0.130507   ,  2.14548    ,  1.00349    ,  0.0190614  ,  0.0904708  ,  0.396507   ,  0.0863312  ,  3.14001    ])
Iter time: 21.184855938
Iter time: 40.4758298397
Iter time: 69.1744890213
116     , -21809      , array([ 0.0301092  ,  0.396309   ,  2.27037    ,  0.130143   ,  1.93365    ,  1.0035     ,  0.0194029  ,  0.0895739  ,  0.393299   ,  0.0843045  ,  3.09794    ])
Iter time: 21.3870959282
Iter time: 41.0257971287
Iter time: 70.3359119892
117     , -20798      , array([ 0.0259216  ,  0.379659   ,  2.29981    ,  0.125726   ,  1.12507    ,  1.00342    ,  0.018918   ,  0.0851676  ,  0.388391   ,  0.0790992  ,  2.93148    ])
Iter time: 21.1319971085
Iter time: 40.3834779263
Iter time: 69.1331791878
118     , -21419.2    , array([ 0.0271294  ,  0.402184   ,  2.28032    ,  0.129223   ,  1.6312     ,  1.00349    ,  0.0194454  ,  0.0881496  ,  0.389152   ,  0.0837806  ,  3.02946    ])
Iter time: 21.2738268375
Iter time: 40.7481338978
Iter time: 69.627494812
119     , -21038.9    , array([ 0.0247527  ,  0.389989   ,  2.27804    ,  0.127731   ,  1.32574    ,  1.00334    ,  0.0188261  ,  0.0868574  ,  0.385305   ,  0.0808645  ,  2.99074    ])
Iter time: 21.6078920364
Iter time: 41.4207270145
Iter time: 71.1364579201
120     , -20992.1    , array([ 0.0254699  ,  0.390119   ,  2.28335    ,  0.124283   ,  1.24587    ,  1.0034     ,  0.018443   ,  0.0855491  ,  0.389799   ,  0.0811207  ,  2.95501    ])
Iter time: 21.7229170799
Iter time: 41.6555929184
Iter time: 71.5761270523
121     , -20790.7    , array([ 0.0244982  ,  0.388195   ,  2.30125    ,  0.123604   ,  1.09106    ,  1.00337    ,  0.0184238  ,  0.0850494  ,  0.387936   ,  0.0768459  ,  2.94374    ])
Iter time: 23.8671989441
Iter time: 46.0096020699
Iter time: 79.0008518696
122     , -20159.2    , array([ 0.0200123  ,  0.374308   ,  2.34028    ,  0.117088   ,  0.56644    ,  1.00325    ,  0.0175431  ,  0.0801371  ,  0.382653   ,  0.0692484  ,  2.77327    ])
Iter time: 21.9720768929
Iter time: 42.1733498573
Iter time: 72.3508508205
123     , -20472.5    , array([ 0.0224266  ,  0.381337   ,  2.31123    ,  0.12316    ,  0.823916   ,  1.00333    ,  0.0177375  ,  0.0804566  ,  0.38555    ,  0.0759725  ,  2.85209    ])
Iter time: 22.480891943
Iter time: 43.224241972
Iter time: 74.4135360718
124     , -20291.1    , array([ 0.021354   ,  0.37743    ,  2.33092    ,  0.121794   ,  0.688695   ,  1.00329    ,  0.0169849  ,  0.0815139  ,  0.383344   ,  0.0737987  ,  2.79358    ])
Iter time: 24.3573138714
Iter time: 46.9463639259
Iter time: 81.0202479362
125     , -20106.7    , array([ 0.018961   ,  0.370078   ,  2.32554    ,  0.116881   ,  0.514896   ,  1.00332    ,  0.0170128  ,  0.0778921  ,  0.382636   ,  0.0722833  ,  2.66668    ])
Iter time: 35.284471035
Iter time: 68.3699030876
Iter time: 117.883035898
126     , -19864.8    , array([ 0.0137992  ,  0.349208   ,  2.36449    ,  0.10801    ,  0.198113   ,  1.00322    ,  0.0156356  ,  0.0703944  ,  0.375878   ,  0.064967   ,  2.38207    ])
Iter time: 25.4399499893
Iter time: 49.043792963
Iter time: 84.5585920811
127     , -19984.3    , array([ 0.017988   ,  0.365282   ,  2.35952    ,  0.116825   ,  0.430097   ,  1.0032     ,  0.0174411  ,  0.0766835  ,  0.381564   ,  0.0690043  ,  2.63511    ])
Iter time: 26.9957990646
Iter time: 52.2539541721
Iter time: 89.7014889717
128     , -19973.4    , array([ 0.0173632  ,  0.361517   ,  2.36597    ,  0.114033   ,  0.367565   ,  1.00319    ,  0.0164571  ,  0.0756794  ,  0.371783   ,  0.0721361  ,  2.62224    ])
Iter time: 29.6324160099
Iter time: 57.3268539906
Iter time: 98.7644319534
129     , -19881.6    , array([ 0.0162447  ,  0.356356   ,  2.36443    ,  0.112749   ,  0.280463   ,  1.00316    ,  0.0165336  ,  0.0734087  ,  0.37157    ,  0.0664038  ,  2.52347    ])
Iter time: 34.0428171158
Iter time: 65.8890078068
Iter time: 113.541291237
130     , -19749      , array([ 0.0140772  ,  0.348693   ,  2.37535    ,  0.111944   ,  0.209826   ,  1.00312    ,  0.0169973  ,  0.0731096  ,  0.375349   ,  0.0636944  ,  2.48093    ])
Iter time: 56.2695000172
Iter time: 109.332327127
Iter time: 188.894773006
131     , -19743      , array([ 0.00957769 ,  0.324311   ,  2.42673    ,  0.104533   ,  0.0678713  ,  1.00295    ,  0.0164183  ,  0.0666713  ,  0.368601   ,  0.0548506  ,  2.22657    ])
Iter time: 39.7136189938
Iter time: 77.0553071499
Iter time: 133.164502859
132     , -19843.7    , array([ 0.0130583  ,  0.336071   ,  2.39764    ,  0.107007   ,  0.144711   ,  1.00301    ,  0.0154414  ,  0.0693024  ,  0.371727   ,  0.0604577  ,  2.38511    ])
Iter time: 42.5253999233
Iter time: 82.4712150097
Iter time: 142.306653023
133     , -19862.9    , array([ 0.012741   ,  0.337329   ,  2.42247    ,  0.104828   ,  0.119028   ,  1.0031     ,  0.0153849  ,  0.0675046  ,  0.372999   ,  0.0594118  ,  2.31861    ])
Iter time: 50.0654828548
Iter time: 97.2678580284
Iter time: 167.942866087
134     , -19857.1    , array([ 0.010917   ,  0.328419   ,  2.44297    ,  0.104453   ,  0.0826444  ,  1.00299    ,  0.0151952  ,  0.0656476  ,  0.365756   ,  0.0559636  ,  2.24541    ])
Iter time: 60.1304199696
Iter time: 116.830163002
Iter time: 201.997260809
135     , -19961      , array([ 0.00916617 ,  0.328688   ,  2.45225    ,  0.0998317  ,  0.0569285  ,  1.00289    ,  0.014235   ,  0.0628933  ,  0.363096   ,  0.0538945  ,  2.15632    ])
Iter time: 62.7209248543
Iter time: 122.078317881
Iter time: 210.708212137
136     , -19933.2    , array([ 0.00900399 ,  0.31852    ,  2.46656    ,  0.0980934  ,  0.0478208  ,  1.0029     ,  0.0145872  ,  0.0636605  ,  0.361803   ,  0.0527168  ,  2.10647    ])
Iter time: 70.4203090668
Iter time: 136.736862898
Iter time: 237.073620796
137     , -19987.7    , array([ 0.00808223 ,  0.312039   ,  2.47101    ,  0.095367   ,  0.0352251  ,  1.00286    ,  0.0148179  ,  0.060073   ,  0.360079   ,  0.0510497  ,  2.04299    ])
Iter time: 77.5218200684
Iter time: 150.726433992
Iter time: 260.565032005
138     , -20000.3    , array([ 0.00731341 ,  0.304403   ,  2.48556    ,  0.0955668  ,  0.0258463  ,  1.00283    ,  0.0139126  ,  0.0579859  ,  0.356763   ,  0.0514702  ,  1.94672    ])
Iter time: 59.2763049603
Iter time: 115.53489089
Iter time: 199.007153988
139     , -19915.7    , array([ 0.00940619 ,  0.320549   ,  2.44842    ,  0.100545   ,  0.0559226  ,  1.00294    ,  0.0147429  ,  0.062871   ,  0.363066   ,  0.0554331  ,  2.12679    ])
Iter time: 24.7937870026
Iter time: 47.825895071
Iter time: 82.3117368221
140     , -20017.2    , array([ 0.018615   ,  0.366939   ,  2.35014    ,  0.118467   ,  0.45206    ,  1.00323    ,  0.0164562  ,  0.0779958  ,  0.379699   ,  0.0708725  ,  2.66197    ])
Iter time: 55.5867919922
Iter time: 108.002117872
Iter time: 186.580971003
141     , -19897.5    , array([ 0.00995667 ,  0.324942   ,  2.44022    ,  0.100681   ,  0.0666713  ,  1.00296    ,  0.0152115  ,  0.064125   ,  0.364887   ,  0.0554133  ,  2.18273    ])
Iter time: 76.2878689766
Iter time: 148.342941999
Iter time: 256.39210701
142     , -20025.2    , array([ 0.00751118 ,  0.306855   ,  2.47628    ,  0.094127   ,  0.0263802  ,  1.00285    ,  0.0136377  ,  0.059146   ,  0.355419   ,  0.0503818  ,  1.99434    ])
Iter time: 33.5603041649
Iter time: 65.0246908665
Iter time: 112.003105879
143     , -19822.2    , array([ 0.0144599  ,  0.349707   ,  2.38818    ,  0.110683   ,  0.21404    ,  1.00311    ,  0.0164008  ,  0.0718634  ,  0.374853   ,  0.0637861  ,  2.45781    ])
Iter time: 75.4545021057
Iter time: 146.784093857
Iter time: 253.798434019
144     , -19966.4    , array([ 0.00752685 ,  0.308185   ,  2.47372    ,  0.0959105  ,  0.0279777  ,  1.00285    ,  0.0144441  ,  0.0593697  ,  0.365315   ,  0.0471285  ,  1.98067    ])
Iter time: 60.3181838989
Iter time: 117.335350037
Iter time: 203.107763052
145     , -19906      , array([ 0.00927614 ,  0.320731   ,  2.44633    ,  0.100151   ,  0.0532651  ,  1.00294    ,  0.014923   ,  0.0630838  ,  0.366922   ,  0.0524205  ,  2.1246     ])
Iter time: 35.7540240288
Iter time: 69.3659930229
Iter time: 119.480597019
146     , -19762.3    , array([ 0.0142888  ,  0.337458   ,  2.38564    ,  0.109618   ,  0.17847    ,  1.00316    ,  0.0168428  ,  0.0714788  ,  0.374769   ,  0.0627628  ,  2.40215    ])
Iter time: 30.1018669605
Iter time: 58.3462378979
Iter time: 100.280557156
147     , -19844.8    , array([ 0.0158203  ,  0.351908   ,  2.35746    ,  0.113836   ,  0.26994    ,  1.0032     ,  0.0168715  ,  0.0721205  ,  0.378523   ,  0.0662325  ,  2.51843    ])
Iter time: 28.6619048119
Iter time: 55.4066691399
Iter time: 95.4810020924
148     , -19864.7    , array([ 0.0166453  ,  0.355665   ,  2.35864    ,  0.113597   ,  0.307328   ,  1.00321    ,  0.0171077  ,  0.0748714  ,  0.380077   ,  0.0650587  ,  2.57221    ])
Iter time: 25.1538300514
Iter time: 48.4826989174
Iter time: 83.4414670467
149     , -20008.7    , array([ 0.0187718  ,  0.362208   ,  2.34503    ,  0.116685   ,  0.443751   ,  1.00326    ,  0.0173263  ,  0.0769795  ,  0.3785     ,  0.0715532  ,  2.66595    ])
Iter time: 48.8546609879
Iter time: 94.8124668598
Iter time: 163.778035164
150     , -19838.4    , array([ 0.0110637  ,  0.330632   ,  2.42061    ,  0.104051   ,  0.0904934  ,  1.00302    ,  0.0154906  ,  0.0663029  ,  0.369783   ,  0.0566608  ,  2.24864    ])
Iter time: 26.3412718773
Iter time: 50.8587419987
Iter time: 87.5331289768
151     , -19913.1    , array([ 0.0178272  ,  0.358645   ,  2.34746    ,  0.116768   ,  0.374772   ,  1.00325    ,  0.017054   ,  0.0761909  ,  0.381534   ,  0.0679632  ,  2.60901    ])
Iter time: 46.3655309677
Iter time: 90.0734221935
Iter time: 156.089589119
152     , -19835.8    , array([ 0.0115175  ,  0.333058   ,  2.41669    ,  0.104482   ,  0.102659   ,  1.00303    ,  0.0156526  ,  0.0669493  ,  0.368979   ,  0.0583148  ,  2.28228    ])
Iter time: 53.3680257797
Iter time: 103.493396044
Iter time: 178.59394598
153     , -19832.2    , array([ 0.0102644  ,  0.323033   ,  2.43235    ,  0.102836   ,  0.0742115  ,  1.00302    ,  0.0155349  ,  0.0654501  ,  0.374195   ,  0.0553909  ,  2.21588    ])
Iter time: 47.9719011784
Iter time: 93.2306959629
Iter time: 160.910774946
154     , -19765.6    , array([ 0.0114504  ,  0.325008   ,  2.44484    ,  0.106394   ,  0.0878818  ,  1.00293    ,  0.0164078  ,  0.0673549  ,  0.369605   ,  0.054998   ,  2.31675    ])
Iter time: 63.6069130898
Iter time: 123.762444019
Iter time: 213.891237974
155     , -19909.1    , array([ 0.00886838 ,  0.31392    ,  2.46695    ,  0.0999641  ,  0.0451184  ,  1.00289    ,  0.0148825  ,  0.0621208  ,  0.363669   ,  0.0532683  ,  2.10508    ])
Iter time: 35.132491827
Iter time: 67.9816138744
Iter time: 117.315219879
156     , -19794.7    , array([ 0.014221   ,  0.344735   ,  2.38526    ,  0.110024   ,  0.190235   ,  1.00313    ,  0.016522   ,  0.0714573  ,  0.375907   ,  0.0618865  ,  2.44651    ])
Iter time: 42.905903101
Iter time: 83.1984698772
Iter time: 143.507251978
157     , -19718.3    , array([ 0.0118197  ,  0.332293   ,  2.3952     ,  0.109283   ,  0.126862   ,  1.00299    ,  0.0167649  ,  0.0696166  ,  0.371095   ,  0.0587657  ,  2.35824    ])
Iter time: 43.1066420078
Iter time: 83.6435770988
Iter time: 144.312374115
158     , -19646      , array([ 0.0113844  ,  0.329803   ,  2.38167    ,  0.11158    ,  0.13097    ,  1.00294    ,  0.0175007  ,  0.0706973  ,  0.370146   ,  0.0584454  ,  2.37831    ])
Iter time: 34.8952870369
Iter time: 67.6274211407
Iter time: 116.554779053
159     , -19727.3    , array([ 0.0139001  ,  0.34157    ,  2.36415    ,  0.111      ,  0.198666   ,  1.0031     ,  0.0174159  ,  0.0725569  ,  0.379265   ,  0.0628806  ,  2.46071    ])
Iter time: 59.2710800171
Iter time: 115.03531909
Iter time: 198.442765951
160     , -19813.7    , array([ 0.00936892 ,  0.317048   ,  2.45116    ,  0.101384   ,  0.0575258  ,  1.00287    ,  0.0157763  ,  0.0661174  ,  0.366603   ,  0.0526321  ,  2.18471    ])
Iter time: 49.4058351517
Iter time: 95.9908790588
Iter time: 165.695080996
161     , -19688.5    , array([ 0.0106857  ,  0.32849    ,  2.41979    ,  0.106801   ,  0.0907375  ,  1.00304    ,  0.0173047  ,  0.0682199  ,  0.372364   ,  0.0562244  ,  2.27032    ])
Iter time: 40.0527889729
Iter time: 77.6847980022
Iter time: 134.438076019
162     , -19666.2    , array([ 0.0125326  ,  0.333498   ,  2.39668    ,  0.110357   ,  0.145172   ,  1.00303    ,  0.0176006  ,  0.0716766  ,  0.374796   ,  0.0599077  ,  2.4123     ])
Iter time: 41.2814509869
Iter time: 79.8343861103
Iter time: 137.787777185
163     , -19631      , array([ 0.0122252  ,  0.331149   ,  2.39693    ,  0.111001   ,  0.13629    ,  1.00302    ,  0.017794   ,  0.0718705  ,  0.376682   ,  0.0584945  ,  2.40081    ])
Iter time: 38.6444461346
Iter time: 74.9346189499
Iter time: 129.187479019
164     , -19534      , array([ 0.0125952  ,  0.330198   ,  2.38711    ,  0.114411   ,  0.157036   ,  1.00302    ,  0.0189722  ,  0.0744652  ,  0.380593   ,  0.0585845  ,  2.46236    ])
Iter time: 33.2664408684
Iter time: 64.545019865
Iter time: 111.056677818
165     , -19637.4    , array([ 0.0142376  ,  0.342791   ,  2.37339    ,  0.114986   ,  0.216061   ,  1.00304    ,  0.0185924  ,  0.0752622  ,  0.372578   ,  0.0622131  ,  2.52062    ])
Iter time: 53.44409585
Iter time: 103.57071209
Iter time: 178.824193001
166     , -19614.2    , array([ 0.0100782  ,  0.315495   ,  2.41455    ,  0.107577   ,  0.0750404  ,  1.00292    ,  0.0180169  ,  0.0691238  ,  0.371513   ,  0.0537803  ,  2.28296    ])
Iter time: 28.9491291046
Iter time: 55.9414489269
Iter time: 96.2276031971
167     , -19676.7    , array([ 0.0157623  ,  0.347685   ,  2.34608    ,  0.118717   ,  0.293032   ,  1.00317    ,  0.0191879  ,  0.0757411  ,  0.380794   ,  0.0654337  ,  2.58897    ])
Iter time: 48.6744439602
Iter time: 94.5464429855
Iter time: 163.438570976
168     , -19543.4    , array([ 0.0105805  ,  0.320256   ,  2.40365    ,  0.110918   ,  0.0958519  ,  1.00293    ,  0.0188271  ,  0.0708269  ,  0.372242   ,  0.0562157  ,  2.33584    ])
Iter time: 34.8544549942
Iter time: 67.2240009308
Iter time: 115.998318195
169     , -19546.1    , array([ 0.0129531  ,  0.338787   ,  2.33785    ,  0.115574   ,  0.210789   ,  1.00313    ,  0.0194382  ,  0.0758306  ,  0.379079   ,  0.0635091  ,  2.47036    ])
Iter time: 48.1057929993
Iter time: 93.3776340485
Iter time: 161.881345034
170     , -19482.6    , array([ 0.0101964  ,  0.32652    ,  2.38706    ,  0.113259   ,  0.106985   ,  1.00289    ,  0.019436   ,  0.0722275  ,  0.374633   ,  0.0557717  ,  2.39469    ])
Iter time: 56.469618082
Iter time: 109.702043056
Iter time: 189.491756916
171     , -19363.2    , array([ 0.00861341 ,  0.321185   ,  2.38777    ,  0.115125   ,  0.0828332  ,  1.00275    ,  0.0208787  ,  0.0726048  ,  0.374564   ,  0.0525739  ,  2.39096    ])
Iter time: 29.2565820217
Iter time: 56.5185208321
Iter time: 97.3178329468
172     , -19545.8    , array([ 0.0149213  ,  0.33916    ,  2.33974    ,  0.120871   ,  0.291698   ,  1.00307    ,  0.0208291  ,  0.0786454  ,  0.382015   ,  0.0633267  ,  2.61721    ])
Iter time: 47.306027174
Iter time: 91.8955469131
Iter time: 158.656184196
173     , -19415.6    , array([ 0.0104147  ,  0.321608   ,  2.39715    ,  0.115606   ,  0.106862   ,  1.00291    ,  0.0202855  ,  0.0733324  ,  0.371762   ,  0.0553108  ,  2.39487    ])
Iter time: 32.1593399048
Iter time: 62.2219519615
Iter time: 107.425357103
174     , -19439      , array([ 0.0134845  ,  0.33313    ,  2.33804    ,  0.121894   ,  0.241033   ,  1.00294    ,  0.0210143  ,  0.0790261  ,  0.37854    ,  0.0616749  ,  2.62104    ])
Iter time: 57.7014670372
Iter time: 112.308496952
Iter time: 193.411587
175     , -19484.9    , array([ 0.0088857  ,  0.3123     ,  2.40998    ,  0.110187   ,  0.0720317  ,  1.00277    ,  0.0192678  ,  0.0717302  ,  0.369761   ,  0.0524276  ,  2.30359    ])
Iter time: 44.5807750225
Iter time: 86.4516921043
Iter time: 149.30235219
176     , -19329.4    , array([ 0.0104983  ,  0.32172    ,  2.36148    ,  0.1185     ,  0.128003   ,  1.00286    ,  0.021354   ,  0.0758081  ,  0.374755   ,  0.0558917  ,  2.45166    ])
Iter time: 47.3535709381
Iter time: 91.9666659832
Iter time: 158.504754066
177     , -19162.3    , array([ 0.00960852 ,  0.315988   ,  2.34408    ,  0.122794   ,  0.120195   ,  1.00277    ,  0.0235209  ,  0.0779622  ,  0.374734   ,  0.0539858  ,  2.47157    ])
Iter time: 41.944601059
Iter time: 81.3040299416
Iter time: 140.330193043
178     , -19259.1    , array([ 0.0112062  ,  0.322804   ,  2.36949    ,  0.11926    ,  0.139685   ,  1.00292    ,  0.0226619  ,  0.0782373  ,  0.380314   ,  0.0564694  ,  2.50415    ])
Iter time: 57.3249621391
Iter time: 111.566627979
Iter time: 192.390434027
179     , -19265.2    , array([ 0.00857873 ,  0.307199   ,  2.37706    ,  0.116499   ,  0.0782174  ,  1.0028     ,  0.0221129  ,  0.0740118  ,  0.379246   ,  0.0521233  ,  2.35995    ])
Iter time: 34.2243669033
Iter time: 66.3557400703
Iter time: 114.016986132
180     , -19228.7    , array([ 0.0117695  ,  0.332164   ,  2.32989    ,  0.126338   ,  0.226913   ,  1.00289    ,  0.0236852  ,  0.0815916  ,  0.38176    ,  0.0599543  ,  2.62138    ])
Iter time: 54.7561120987
Iter time: 106.401767015
Iter time: 184.489696026
181     , -19223.1    , array([ 0.00899911 ,  0.308219   ,  2.40484    ,  0.119517   ,  0.0818705  ,  1.00265    ,  0.0227564  ,  0.0753721  ,  0.374621   ,  0.050241   ,  2.44882    ])
Iter time: 71.6279220581
Iter time: 139.37823987
Iter time: 240.731234074
182     , -19306.5    , array([ 0.0071259  ,  0.302572   ,  2.41492    ,  0.114044   ,  0.0469584  ,  1.00263    ,  0.0215813  ,  0.0721149  ,  0.370423   ,  0.0483092  ,  2.28363    ])
Iter time: 47.3281450272
Iter time: 91.8009021282
Iter time: 158.136523962
183     , -19083.4    , array([ 0.00935252 ,  0.317139   ,  2.35271    ,  0.124908   ,  0.125517   ,  1.00272    ,  0.0244763  ,  0.0803384  ,  0.37981    ,  0.0529408  ,  2.54821    ])
Iter time: 46.2241501808
Iter time: 89.5534760952
Iter time: 154.982863903
184     , -18856.1    , array([ 0.00879307 ,  0.315592   ,  2.32764    ,  0.132551   ,  0.143633   ,  1.00261    ,  0.027908   ,  0.085563   ,  0.383651   ,  0.0513756  ,  2.66153    ])
Iter time: 63.1318228245
Iter time: 122.545998096
Iter time: 211.831880093
185     , -18996.4    , array([ 0.00735961 ,  0.305071   ,  2.35817    ,  0.124378   ,  0.0753805  ,  1.00255    ,  0.0260547  ,  0.0783678  ,  0.372016   ,  0.0496017  ,  2.45172    ])
Iter time: 40.8149449825
Iter time: 79.1505358219
Iter time: 136.239517927
186     , -18959.5    , array([ 0.0100806  ,  0.321184   ,  2.32658    ,  0.132023   ,  0.1657     ,  1.00276    ,  0.0271019  ,  0.0826755  ,  0.383338   ,  0.0548712  ,  2.65055    ])
Iter time: 77.6249530315
Iter time: 150.907598019
Iter time: 260.734609842
187     , -19026.4    , array([ 0.00630046 ,  0.299109   ,  2.39603    ,  0.121088   ,  0.046257   ,  1.00256    ,  0.0260258  ,  0.0756613  ,  0.375306   ,  0.0456632  ,  2.33428    ])
Iter time: 59.5774130821
Iter time: 115.713632822
Iter time: 199.708697081
188     , -18846.1    , array([ 0.00744516 ,  0.305766   ,  2.33674    ,  0.128755   ,  0.0896011  ,  1.00253    ,  0.0282104  ,  0.0820006  ,  0.382809   ,  0.0491733  ,  2.54285    ])
Iter time: 67.71925807
Iter time: 131.53717804
Iter time: 227.087379932
189     , -18561.6    , array([ 0.00629489 ,  0.298139   ,  2.30712    ,  0.13588    ,  0.0820461  ,  1.00234    ,  0.0332676  ,  0.0867116  ,  0.388455   ,  0.0463649  ,  2.62023    ])
Iter time: 50.6737580299
Iter time: 98.2454090118
Iter time: 169.454440832
190     , -18755.3    , array([ 0.00850324 ,  0.302052   ,  2.33132    ,  0.133248   ,  0.115393   ,  1.00262    ,  0.0298316  ,  0.0855397  ,  0.382469   ,  0.0505645  ,  2.58976    ])
Iter time: 34.1900138855
Iter time: 66.0206511021
Iter time: 113.702924013
191     , -18831      , array([ 0.0106139  ,  0.320532   ,  2.29039    ,  0.138371   ,  0.239698   ,  1.00272    ,  0.0306103  ,  0.088836   ,  0.389002   ,  0.0554867  ,  2.77422    ])
Iter time: 41.3511760235
Iter time: 80.067759037
Iter time: 138.145210028
192     , -18694.7    , array([ 0.0091643  ,  0.318152   ,  2.31121    ,  0.139761   ,  0.176402   ,  1.00254    ,  0.0316938  ,  0.0894805  ,  0.381711   ,  0.0520145  ,  2.76461    ])
Iter time: 60.1472840309
Iter time: 116.468516111
Iter time: 200.955506802
193     , -18573.8    , array([ 0.00676367 ,  0.301975   ,  2.30811    ,  0.14052    ,  0.103059   ,  1.00235    ,  0.0328709  ,  0.0867398  ,  0.380893   ,  0.0472993  ,  2.65271    ])
Iter time: 78.6328098774
Iter time: 152.841238022
Iter time: 264.177067995
194     , -18585      , array([ 0.00582291 ,  0.288425   ,  2.34333    ,  0.135237   ,  0.0549608  ,  1.00228    ,  0.0333818  ,  0.0841043  ,  0.379293   ,  0.0426704  ,  2.53955    ])
Iter time: 52.106883049
Iter time: 100.893275976
Iter time: 174.043601036
195     , -18384.9    , array([ 0.00703596 ,  0.307103   ,  2.25963    ,  0.146204   ,  0.141683   ,  1.00246    ,  0.037251   ,  0.0928771  ,  0.387393   ,  0.0494301  ,  2.73656    ])
Iter time: 49.089632988
Iter time: 94.8077759743
Iter time: 163.215058088
196     , -17988.5    , array([ 0.00622136 ,  0.306546   ,  2.19034    ,  0.161706   ,  0.186385   ,  1.00237    ,  0.0476602  ,  0.1031     ,  0.393942   ,  0.0490295  ,  2.89287    ])
Iter time: 63.4997091293
Iter time: 123.104162931
Iter time: 212.491482973
197     , -18213.3    , array([ 0.00608898 ,  0.297905   ,  2.28979    ,  0.149605   ,  0.10452    ,  1.00227    ,  0.0409782  ,  0.094472   ,  0.390812   ,  0.0452029  ,  2.79007    ])
Iter time: 31.123593092
Iter time: 59.8925719261
Iter time: 102.879983902
198     , -18399.9    , array([ 0.00922854 ,  0.314486   ,  2.22174    ,  0.15766    ,  0.314974   ,  1.00243    ,  0.0402205  ,  0.101355   ,  0.393099   ,  0.0533432  ,  3.05155    ])
Iter time: 36.4209930897
Iter time: 70.2918150425
Iter time: 120.759634018
199     , -18197.9    , array([ 0.00823226 ,  0.310048   ,  2.23309    ,  0.160251   ,  0.250671   ,  1.00241    ,  0.0434759  ,  0.10254    ,  0.40057    ,  0.0497612  ,  3.02333    ])
Iter time: 61.7777788639
Iter time: 119.649574995
Iter time: 205.914390802
200     , -18014.7    , array([ 0.00579286 ,  0.292611   ,  2.24659    ,  0.156385   ,  0.12295    ,  1.00214    ,  0.0455464  ,  0.101078   ,  0.391859   ,  0.0441901  ,  2.86424    ])
Iter time: 56.5304708481
Iter time: 109.367579937
Iter time: 188.534280062
201     , -17959.9    , array([ 0.00615581 ,  0.293729   ,  2.23114    ,  0.160517   ,  0.137886   ,  1.00221    ,  0.0483507  ,  0.100671   ,  0.393049   ,  0.0459214  ,  2.89074    ])
Iter time: 63.4311490059
Iter time: 122.675446033
Iter time: 211.576344967
202     , -17513.8    , array([ 0.0051506  ,  0.283373   ,  2.1844     ,  0.17664    ,  0.1351     ,  1.002      ,  0.0636415  ,  0.109198   ,  0.397834   ,  0.0434154  ,  3.01265    ])
Iter time: 87.1233739853
Iter time: 169.19602704
Iter time: 292.095390081
203     , -17834.7    , array([ 0.00447156 ,  0.282796   ,  2.24799    ,  0.160745   ,  0.0744451  ,  1.00196    ,  0.0503569  ,  0.10067    ,  0.389229   ,  0.0406641  ,  2.81521    ])
Iter time: 63.4278659821
Iter time: 122.753780127
Iter time: 211.466772079
204     , -17659.1    , array([ 0.0049659  ,  0.296525   ,  2.19395    ,  0.172717   ,  0.142795   ,  1.00195    ,  0.0568318  ,  0.107691   ,  0.39714    ,  0.0428893  ,  3.06184    ])
Iter time: 86.9023621082
Iter time: 168.704339027
Iter time: 290.862509966
205     , -17559      , array([ 0.00412193 ,  0.277939   ,  2.19219    ,  0.171132   ,  0.0898878  ,  1.00192    ,  0.0594847  ,  0.106475   ,  0.400806   ,  0.0402567  ,  2.92195    ])
Iter time: 36.4503350258
Iter time: 69.9892821312
Iter time: 119.95221591
206     , -17629.4    , array([ 0.00609229 ,  0.304527   ,  2.13608    ,  0.18459    ,  0.315497   ,  1.00211    ,  0.0627318  ,  0.118245   ,  0.407428   ,  0.0485555  ,  3.26306    ])
Iter time: 51.1920728683
Iter time: 99.0223491192
Iter time: 169.980236053
207     , -17311.9    , array([ 0.00514616 ,  0.291308   ,  2.13836    ,  0.186684   ,  0.20621    ,  1.00199    ,  0.0716503  ,  0.121296   ,  0.410715   ,  0.0440129  ,  3.24373    ])
Iter time: 44.324450016
Iter time: 85.024408102
Iter time: 145.789062977
208     , -16738.3    , array([ 0.00448883 ,  0.286117   ,  2.05822    ,  0.215176   ,  0.291691   ,  1.00181    ,  0.105784   ,  0.143437   ,  0.426491   ,  0.0424563  ,  3.58693    ])
Iter time: 37.9520719051
Iter time: 72.6483709812
Iter time: 124.831619024
209     , -17091.9    , array([ 0.00519968 ,  0.292856   ,  2.09533    ,  0.209888   ,  0.326208   ,  1.00191    ,  0.0873683  ,  0.132963   ,  0.409617   ,  0.0441866  ,  3.4769     ])
Iter time: 105.942714214
Iter time: 205.629528999
Iter time: 354.681821108
210     , -17006.7    , array([ 0.00319544 ,  0.27406    ,  2.1528     ,  0.190553   ,  0.0855157  ,  1.00173    ,  0.0832116  ,  0.119507   ,  0.40782    ,  0.0371134  ,  3.05714    ])
Iter time: 50.5959498882
Iter time: 97.4262211323
Iter time: 167.219861031
211     , -16901.2    , array([ 0.00430732 ,  0.284958   ,  2.06552    ,  0.209843   ,  0.248471   ,  1.00179    ,  0.092899   ,  0.133814   ,  0.413396   ,  0.0422545  ,  3.39968    ])
Iter time: 107.611252069
Iter time: 209.253978968
Iter time: 360.610898018
212     , -16691.4    , array([ 0.00283194 ,  0.269629   ,  2.08814    ,  0.205745   ,  0.103436   ,  1.00153    ,  0.100524   ,  0.129399   ,  0.405642   ,  0.0372594  ,  3.20504    ])
Iter time: 191.647460938
Iter time: 373.115161896
Iter time: 642.176649094
213     , -16017.1    , array([ 0.00166099 ,  0.25144    ,  2.01924    ,  0.233127   ,  0.0664443  ,  1.00109    ,  0.152856   ,  0.145361   ,  0.408203   ,  0.032241   ,  3.29995    ])
Iter time: 72.2560360432
Iter time: 139.292854071
Iter time: 239.572184086
214     , -16459.7    , array([ 0.00320679 ,  0.277928   ,  2.03572    ,  0.226705   ,  0.188562   ,  1.00161    ,  0.119584   ,  0.140235   ,  0.417752   ,  0.0396195  ,  3.47129    ])
Iter time: 103.47665906
Iter time: 200.086394072
Iter time: 345.049261093
215     , -16204.6    , array([ 0.00264696 ,  0.260608   ,  2.06039    ,  0.233137   ,  0.124649   ,  1.00124    ,  0.135086   ,  0.145393   ,  0.420001   ,  0.0343518  ,  3.55274    ])
Iter time: 46.3166079521
Iter time: 88.2831549644
Iter time: 150.515165091
216     , -16214.8    , array([ 0.00334789 ,  0.278329   ,  1.976      ,  0.250932   ,  0.342741   ,  1.00152    ,  0.152976   ,  0.159195   ,  0.431008   ,  0.0401675  ,  3.8085     ])
Iter time: 73.6531360149
Iter time: 141.840123892
Iter time: 243.590438843
217     , -15977.8    , array([ 0.00280609 ,  0.262404   ,  1.98651    ,  0.24995    ,  0.20952    ,  1.00145    ,  0.162286   ,  0.159776   ,  0.428754   ,  0.0376323  ,  3.64345    ])
Iter time: 77.5249180794
Iter time: 148.572468996
Iter time: 254.400800943
218     , -15214.5    , array([ 0.00210937 ,  0.246845   ,  1.89026    ,  0.300685   ,  0.253793   ,  1.0012     ,  0.274236   ,  0.194616   ,  0.445493   ,  0.0352506  ,  3.97446    ])
Iter time: 154.237821817
Iter time: 299.099426031
Iter time: 515.656322002
219     , -15661.3    , array([ 0.00188611 ,  0.245936   ,  1.99547    ,  0.255569   ,  0.0911503  ,  1.00113    ,  0.192249   ,  0.159315   ,  0.424771   ,  0.0313606  ,  3.5436     ])
Iter time: 83.7633907795
Iter time: 162.152052879
Iter time: 280.080093145
221     , -16968.6    , array([ 0.00360748 ,  0.274266   ,  2.11836    ,  0.196341   ,  0.123542   ,  1.00173    ,  0.0852506  ,  0.123123   ,  0.409416   ,  0.0391873  ,  3.17989    ])
Iter time: 71.1617131233
Iter time: 137.632071018
Iter time: 236.894412994
223     , -16929.8    , array([ 0.00396783 ,  0.276523   ,  2.11164    ,  0.200437   ,  0.150843   ,  1.00176    ,  0.0893585  ,  0.125369   ,  0.408428   ,  0.0405066  ,  3.2368     ])
Iter time: 179.288969994
Iter time: 348.01533699
Iter time: 601.697061062
224     , -15754.5    , array([ 0.00171068 ,  0.246051   ,  1.99147    ,  0.244404   ,  0.0755778  ,  1.00111    ,  0.18092    ,  0.154156   ,  0.428992   ,  0.0318168  ,  3.4334     ])
Iter time: 64.37322402
Iter time: 123.129824162
Iter time: 210.525249004
225     , -15584      , array([ 0.00248472 ,  0.257822   ,  1.91106    ,  0.281666   ,  0.281896   ,  1.00119    ,  0.218769   ,  0.179638   ,  0.434866   ,  0.0368348  ,  3.98811    ])
Iter time: 85.8048739433
Iter time: 164.784753799
Iter time: 282.699249983
226     , -15313.4    , array([ 0.00205666 ,  0.254749   ,  1.9061     ,  0.2919     ,  0.226705   ,  1.00108    ,  0.253447   ,  0.18676    ,  0.437946   ,  0.0344949  ,  3.99533    ])
Iter time: 79.26126194
Iter time: 153.094408035
Iter time: 263.750390053
228     , -16438.2    , array([ 0.00319077 ,  0.26935    ,  2.05034    ,  0.222829   ,  0.161854   ,  1.00155    ,  0.120169   ,  0.140401   ,  0.417188   ,  0.0383104  ,  3.4293     ])
Iter time: 172.086252928
Iter time: 332.93908906
Iter time: 574.351857185
229     , -15026.6    , array([ 0.00144737 ,  0.2391     ,  1.91623    ,  0.295648   ,  0.112285   ,  1.00086    ,  0.294589   ,  0.186375   ,  0.439998   ,  0.0305213  ,  3.88898    ])
Iter time: 243.489724159
Iter time: 473.846385002
Iter time: 814.414984941
231     , -14946.9    , array([ 0.00113052 ,  0.230484   ,  1.89819    ,  0.305467   ,  0.0804073  ,  1.00066    ,  0.311658   ,  0.18235    ,  0.428913   ,  0.028607   ,  3.74055    ])
Iter time: 191.076493979
Iter time: 370.116443157
Iter time: 637.775791883
233     , -14853.9    , array([ 0.00130923 ,  0.229336   ,  1.89492    ,  0.306085   ,  0.106527   ,  1.00068    ,  0.328144   ,  0.195635   ,  0.439989   ,  0.0288928  ,  3.91803    ])
Iter time: 99.960203886
Iter time: 192.834903002
Iter time: 332.034049034
236     , -15952.4    , array([ 0.00245547 ,  0.258872   ,  1.99956    ,  0.245798   ,  0.148605   ,  1.00131    ,  0.161496   ,  0.154814   ,  0.423942   ,  0.0355438  ,  3.57785    ])
Iter time: 319.785081863
Iter time: 621.541114092
Iter time: 1073.23364997
237     , -14940.4    , array([ 0.00100807 ,  0.219494   ,  1.92856    ,  0.291865   ,  0.0466588  ,  1.00058    ,  0.310967   ,  0.182123   ,  0.429311   ,  0.0264783  ,  3.61736    ])
Iter time: 223.954210043
Iter time: 433.111596823
Iter time: 746.518047094
238     , -14565.2    , array([ 0.00106976 ,  0.227215   ,  1.82747    ,  0.327241   ,  0.107304   ,  1.00074    ,  0.409794   ,  0.207747   ,  0.442322   ,  0.0295297  ,  3.8905     ])
Iter time: 173.416461945
Iter time: 336.340669155
Iter time: 580.174418926
241     , -15604.8    , array([ 0.00163873 ,  0.24622    ,  1.97049    ,  0.257698   ,  0.0895916  ,  1.00102    ,  0.198337   ,  0.161545   ,  0.420988   ,  0.031917   ,  3.52895    ])
Iter time: 126.553499937
Iter time: 244.451325178
Iter time: 421.332005024
243     , -15564      , array([ 0.00195617 ,  0.249264   ,  1.95956    ,  0.265177   ,  0.130938   ,  1.00112    ,  0.205778   ,  0.167038   ,  0.428891   ,  0.0333484  ,  3.67224    ])
Iter time: 168.413402081
Iter time: 326.40513587
Iter time: 562.716681957
245     , -15455.7    , array([ 0.00164275 ,  0.243156   ,  1.95416    ,  0.265407   ,  0.0957403  ,  1.00102    ,  0.21908    ,  0.167292   ,  0.431433   ,  0.0316191  ,  3.60836    ])
Iter time: 156.124871016
Iter time: 302.025929928
Iter time: 520.344602108
247     , -15404.1    , array([ 0.00171413 ,  0.242974   ,  1.95426    ,  0.271868   ,  0.105377   ,  1.00103    ,  0.22718    ,  0.170446   ,  0.429609   ,  0.0314034  ,  3.66883    ])
Iter time: 164.49054122
Iter time: 318.44688797
Iter time: 549.100131035
249     , -15367.4    , array([ 0.00160104 ,  0.242968   ,  1.94126    ,  0.273662   ,  0.105246   ,  1.00097    ,  0.232177   ,  0.172054   ,  0.428086   ,  0.0316574  ,  3.66772    ])
Iter time: 106.035361052
Iter time: 204.419898033
Iter time: 351.478724003
251     , -15328.4    , array([ 0.00193246 ,  0.247956   ,  1.91312    ,  0.285732   ,  0.178512   ,  1.00104    ,  0.244504   ,  0.181078   ,  0.434774   ,  0.0337755  ,  3.88421    ])
Iter time: 214.725234985
Iter time: 415.863908052
Iter time: 716.968640804
252     , -14673.4    , array([ 0.00115218 ,  0.227922   ,  1.86367    ,  0.32116    ,  0.103251   ,  1.00067    ,  0.374445   ,  0.202405   ,  0.441646   ,  0.0288285  ,  3.93712    ])
Iter time: 168.684542894
Iter time: 326.453291893
Iter time: 562.697216034
254     , -15241.8    , array([ 0.00154531 ,  0.240036   ,  1.9283     ,  0.280727   ,  0.105871   ,  1.00094    ,  0.252685   ,  0.176912   ,  0.433784   ,  0.0311799  ,  3.71881    ])
Iter time: 162.620242119
Iter time: 314.50662303
Iter time: 542.080200911
256     , -15210      , array([ 0.0015711  ,  0.239814   ,  1.92718    ,  0.284538   ,  0.111096   ,  1.00094    ,  0.258561   ,  0.178874   ,  0.433057   ,  0.0310633  ,  3.75215    ])
Iter time: 166.802744865
Iter time: 322.982029915
Iter time: 556.7660501
258     , -15184.8    , array([ 0.00151709 ,  0.239668   ,  1.92013    ,  0.285982   ,  0.1113     ,  1.00091    ,  0.262672   ,  0.180034   ,  0.432515   ,  0.0311618  ,  3.75546    ])
Iter time: 277.146136999
Iter time: 537.404005051
Iter time: 927.133396149
259     , -14705.9    , array([ 0.00102334 ,  0.224019   ,  1.88668    ,  0.312633   ,  0.0712188  ,  1.00064    ,  0.36592    ,  0.19578    ,  0.438801   ,  0.0274524  ,  3.78351    ])
Iter time: 131.943295956
Iter time: 254.779947042
Iter time: 438.472891092
261     , -15110.8    , array([ 0.00164754 ,  0.243604   ,  1.90209    ,  0.296292   ,  0.151683   ,  1.00094    ,  0.27997    ,  0.187924   ,  0.437403   ,  0.0320749  ,  3.90392    ])
Iter time: 216.302199125
Iter time: 417.806881189
Iter time: 719.917843819
262     , -14636.4    , array([ 0.0011404  ,  0.226672   ,  1.8637     ,  0.325378   ,  0.103859   ,  1.00066    ,  0.385646   ,  0.204347   ,  0.440624   ,  0.0286754  ,  3.94756    ])
Iter time: 130.585645914
Iter time: 251.904109955
Iter time: 434.422448874
264     , -15023.8    , array([ 0.00162725 ,  0.239028   ,  1.89178    ,  0.302539   ,  0.156642   ,  1.00098    ,  0.297156   ,  0.19279    ,  0.441102   ,  0.0321628  ,  3.90111    ])
Iter time: 254.945101023
Iter time: 494.276477098
Iter time: 851.781577826
265     , -14545.2    , array([ 0.00100943 ,  0.22326    ,  1.85374    ,  0.329312   ,  0.0895579  ,  1.00057    ,  0.411255   ,  0.206703   ,  0.44196    ,  0.0278987  ,  3.93542    ])
Iter time: 187.990290165
Iter time: 363.721060991
Iter time: 626.631199121
268     , -14995.6    , array([ 0.00135685 ,  0.234734   ,  1.90201    ,  0.297777   ,  0.104329   ,  1.00082    ,  0.298693   ,  0.187231   ,  0.435421   ,  0.030136   ,  3.80692    ])
Iter time: 170.702895164
Iter time: 330.31841898
Iter time: 568.956003189
270     , -14950.5    , array([ 0.00140156 ,  0.236255   ,  1.89305    ,  0.303166   ,  0.11974    ,  1.00083    ,  0.30928    ,  0.191257   ,  0.437784   ,  0.0304878  ,  3.877      ])
Iter time: 194.097473145
Iter time: 375.329467058
Iter time: 646.592911005
272     , -14909.5    , array([ 0.00131175 ,  0.233933   ,  1.89902    ,  0.303183   ,  0.103324   ,  1.00078    ,  0.317955   ,  0.190692   ,  0.43898    ,  0.0297388  ,  3.86903    ])
Iter time: 173.094582081
Iter time: 335.217217922
Iter time: 577.51631403
274     , -14898.8    , array([ 0.00137731 ,  0.233669   ,  1.8872     ,  0.306725   ,  0.119751   ,  1.00084    ,  0.320321   ,  0.193849   ,  0.439434   ,  0.0304195  ,  3.8736     ])
Iter time: 265.680293083
Iter time: 515.033944845
Iter time: 888.056288958
275     , -14568.8    , array([ 0.00100432 ,  0.222113   ,  1.8608     ,  0.326498   ,  0.0823735  ,  1.00057    ,  0.404265   ,  0.204199   ,  0.440871   ,  0.0275139  ,  3.89837    ])
Iter time: 199.850576878
Iter time: 387.349496841
Iter time: 667.16662097
277     , -14845.1    , array([ 0.00125988 ,  0.231611   ,  1.88569    ,  0.308494   ,  0.103582   ,  1.00075    ,  0.331845   ,  0.193959   ,  0.4381     ,  0.0294915  ,  3.86563    ])
Iter time: 212.886631012
Iter time: 412.479226112
Iter time: 710.163370848
278     , -14531.4    , array([ 0.00115709 ,  0.223883   ,  1.8565     ,  0.323177   ,  0.104559   ,  1.0007     ,  0.41145    ,  0.21457    ,  0.449862   ,  0.0286066  ,  3.99532    ])
Iter time: 269.653133869
Iter time: 523.684432983
Iter time: 903.255068064
281     , -14811.2    , array([ 0.00108051 ,  0.223495   ,  1.89943    ,  0.304231   ,  0.0678514  ,  1.00064    ,  0.337974   ,  0.191222   ,  0.435182   ,  0.0276189  ,  3.75646    ])
Iter time: 209.760015965
Iter time: 404.772130013
Iter time: 698.075119972
283     , -14799      , array([ 0.00122174 ,  0.230251   ,  1.88485    ,  0.310122   ,  0.0990584  ,  1.00073    ,  0.3427     ,  0.195693   ,  0.439882   ,  0.0291717  ,  3.87973    ])
Iter time: 199.786123037
Iter time: 386.773526907
Iter time: 669.493907928
285     , -14788.6    , array([ 0.0012451  ,  0.229967   ,  1.87886    ,  0.312085   ,  0.105727   ,  1.00075    ,  0.34503    ,  0.197392   ,  0.44013    ,  0.0294476  ,  3.8823     ])
Iter time: 209.955271959
Iter time: 406.371694088
Iter time: 700.553619146
287     , -14764.1    , array([ 0.00121117 ,  0.227853   ,  1.88198    ,  0.312035   ,  0.0996844  ,  1.00068    ,  0.350016   ,  0.198379   ,  0.440414   ,  0.028724   ,  3.90288    ])
Iter time: 215.127228022
Iter time: 416.882107019
Iter time: 718.254567862
289     , -14756.3    , array([ 0.001186   ,  0.22881    ,  1.87722    ,  0.313423   ,  0.0981255  ,  1.00071    ,  0.352838   ,  0.19773    ,  0.439573   ,  0.0289852  ,  3.87838    ])
Iter time: 248.437492132
Iter time: 481.392644882
Iter time: 830.471549988
291     , -14735.6    , array([ 0.00110299 ,  0.225006   ,  1.88304    ,  0.311671   ,  0.080761   ,  1.00066    ,  0.356779   ,  0.196629   ,  0.438306   ,  0.0281116  ,  3.82878    ])
Iter time: 252.936735153
Iter time: 490.201591969
Iter time: 845.162930965
292     , -14522.6    , array([ 0.00101854 ,  0.221931   ,  1.84857    ,  0.329032   ,  0.0898818  ,  1.00061    ,  0.416959   ,  0.209082   ,  0.442741   ,  0.0278768  ,  3.91596    ])
Iter time: 216.605865002
Iter time: 419.699272871
Iter time: 723.22935009
295     , -14711.2    , array([ 0.00116782 ,  0.227633   ,  1.87135    ,  0.3165     ,  0.0991468  ,  1.0007     ,  0.364266   ,  0.200343   ,  0.440838   ,  0.0289064  ,  3.89157    ])
Iter time: 222.530234814
Iter time: 430.841433048
Iter time: 742.505912066
297     , -14696.7    , array([ 0.00114989 ,  0.226574   ,  1.87242    ,  0.316678   ,  0.0962481  ,  1.00067    ,  0.367554   ,  0.200933   ,  0.440999   ,  0.0285573  ,  3.90136    ])
Iter time: 225.458952904
Iter time: 436.615875006
Iter time: 752.86134696
299     , -14690.3    , array([ 0.00113628 ,  0.226948   ,  1.86983    ,  0.317531   ,  0.0954088  ,  1.00068    ,  0.369719   ,  0.200751   ,  0.440643   ,  0.0286675  ,  3.89014    ])
Iter time: 219.5482831
Iter time: 424.014513016
Iter time: 730.682712793
300     , -14513.4    , array([ 0.00108033 ,  0.225551   ,  1.83978    ,  0.333165   ,  0.109837   ,  1.00066    ,  0.423401   ,  0.212067   ,  0.445581   ,  0.0286988  ,  3.98798    ])
Iter time: 253.852822065
Iter time: 491.885280132
Iter time: 848.155749083
302     , -14496.8    , array([ 0.00100601 ,  0.222575   ,  1.84555    ,  0.331157   ,  0.0911504  ,  1.0006     ,  0.426198   ,  0.210299   ,  0.443886   ,  0.0278731  ,  3.94113    ])
Iter time: 254.688760042
Iter time: 493.949295998
Iter time: 851.881808996
305     , -14643.1    , array([ 0.00105237 ,  0.224488   ,  1.87062    ,  0.318974   ,  0.0832104  ,  1.00064    ,  0.38235    ,  0.201117   ,  0.440807   ,  0.0279341  ,  3.85647    ])
Iter time: 249.347961187
Iter time: 482.48289609
Iter time: 833.005246162
306     , -14464.9    , array([ 0.00100224 ,  0.222977   ,  1.8368     ,  0.334892   ,  0.0956391  ,  1.00062    ,  0.437386   ,  0.212462   ,  0.444618   ,  0.0281787  ,  3.95221    ])
Iter time: 231.411682844
Iter time: 448.329375982
Iter time: 774.117294788
309     , -14624.5    , array([ 0.00109818 ,  0.225675   ,  1.86065    ,  0.322348   ,  0.0956861  ,  1.00066    ,  0.387972   ,  0.204188   ,  0.441903   ,  0.0284947  ,  3.91119    ])
Iter time: 226.592951059
Iter time: 439.029430866
Iter time: 756.784697056
311     , -14613.8    , array([ 0.00110342 ,  0.226056   ,  1.85745    ,  0.324239   ,  0.0991973  ,  1.00066    ,  0.391074   ,  0.205109   ,  0.442417   ,  0.0285596  ,  3.93355    ])
Iter time: 245.632766008
Iter time: 475.963613033
Iter time: 821.217880011
313     , -14596.9    , array([ 0.00105682 ,  0.224418   ,  1.86031    ,  0.323374   ,  0.0897657  ,  1.00064    ,  0.395586   ,  0.204639   ,  0.44207    ,  0.0281413  ,  3.89656    ])
Iter time: 227.270801067
Iter time: 440.170837879
Iter time: 758.471784115
315     , -14592.3    , array([ 0.00109633 ,  0.225405   ,  1.85671    ,  0.326512   ,  0.0996243  ,  1.00065    ,  0.397747   ,  0.206289   ,  0.442044   ,  0.0284879  ,  3.93998    ])
Iter time: 246.738494873
Iter time: 478.156424046
Iter time: 823.42317605
316     , -14468.4    , array([ 0.00101124 ,  0.222575   ,  1.83821    ,  0.33382    ,  0.0961407  ,  1.00062    ,  0.435728   ,  0.212786   ,  0.445067   ,  0.0281087  ,  3.95904    ])
Iter time: 233.612569809
Iter time: 452.406487942
Iter time: 780.314948082
318     , -14573      , array([ 0.00107406 ,  0.224927   ,  1.85254    ,  0.326563   ,  0.0974027  ,  1.00065    ,  0.402966   ,  0.207115   ,  0.44307    ,  0.0284095  ,  3.93545    ])
Iter time: 233.365092993
Iter time: 451.75267005
Iter time: 779.05429697
319     , -14465.7    , array([ 0.00103733 ,  0.223283   ,  1.83367    ,  0.335124   ,  0.103424   ,  1.00063    ,  0.437293   ,  0.214209   ,  0.445564   ,  0.0284285  ,  3.98576    ])
Iter time: 233.867074013
Iter time: 453.139607906
Iter time: 781.059857845
321     , -14555.4    , array([ 0.00106871 ,  0.224529   ,  1.85077    ,  0.32824    ,  0.0981419  ,  1.00064    ,  0.408487   ,  0.20818    ,  0.443088   ,  0.0283834  ,  3.94252    ])
Iter time: 247.343464851
Iter time: 479.051695108
Iter time: 825.602284193
322     , -14462.1    , array([ 0.00100954 ,  0.222323   ,  1.83687    ,  0.333737   ,  0.0960979  ,  1.00062    ,  0.437829   ,  0.213301   ,  0.445205   ,  0.0281447  ,  3.95596    ])
Iter time: 252.34334898
Iter time: 488.759385109
Iter time: 842.502406836
325     , -14537.6    , array([ 0.00102289 ,  0.222876   ,  1.85164    ,  0.328636   ,  0.0898995  ,  1.0006     ,  0.413571   ,  0.207582   ,  0.442697   ,  0.0279215  ,  3.92457    ])
Iter time: 232.584039927
Iter time: 450.547610998
Iter time: 778.535318136
327     , -14535.2    , array([ 0.00105354 ,  0.225223   ,  1.83608    ,  0.329074   ,  0.101784   ,  1.00068    ,  0.416564   ,  0.20937    ,  0.443442   ,  0.0288527  ,  3.92217    ])
Iter time: 249.151351929
Iter time: 482.009778023
Iter time: 831.578914881
328     , -14451.8    , array([ 0.0010047  ,  0.2221     ,  1.83602    ,  0.33377    ,  0.0956096  ,  1.00062    ,  0.440517   ,  0.214091   ,  0.446112   ,  0.0280841  ,  3.96197    ])
Iter time: 226.268944025
Iter time: 438.818408966
Iter time: 755.193444967
330     , -14446.5    , array([ 0.00106279 ,  0.223152   ,  1.82989    ,  0.333498   ,  0.106027   ,  1.00069    ,  0.443054   ,  0.217002   ,  0.448011   ,  0.0286064  ,  3.97397    ])
Iter time: 212.479475021
Iter time: 411.313265085
Iter time: 708.368643999
331     , -14399.9    , array([ 0.00109052 ,  0.223099   ,  1.81809    ,  0.335611   ,  0.115364   ,  1.00075    ,  0.459864   ,  0.222343   ,  0.451068   ,  0.028967   ,  3.99338    ])
Iter time: 222.159345865
Iter time: 429.820884943
Iter time: 740.407577991
332     , -14429.2    , array([ 0.00106109 ,  0.223577   ,  1.82589    ,  0.335462   ,  0.110524   ,  1.00069    ,  0.449155   ,  0.218799   ,  0.448792   ,  0.0287747  ,  3.99757    ])
Iter time: 234.057301998
Iter time: 454.112898827
Iter time: 782.262727976
334     , -14503.6    , array([ 0.001048   ,  0.224148   ,  1.83693    ,  0.330839   ,  0.101104   ,  1.00066    ,  0.425172   ,  0.211658   ,  0.444829   ,  0.0285942  ,  3.9449     ])
Iter time: 225.80505085
Iter time: 436.093729019
Iter time: 751.721390009
336     , -14500.4    , array([ 0.00109336 ,  0.223492   ,  1.84623    ,  0.32821    ,  0.102317   ,  1.00067    ,  0.423185   ,  0.214138   ,  0.447808   ,  0.0284714  ,  3.97922    ])
Iter time: 244.307725191
Iter time: 473.787337065
Iter time: 815.961348057
338     , -14494.9    , array([ 0.00102913 ,  0.222586   ,  1.84218    ,  0.331132   ,  0.0954245  ,  1.00063    ,  0.426295   ,  0.211611   ,  0.44448    ,  0.0281328  ,  3.94237    ])
Iter time: 228.31666708
Iter time: 442.822559834
Iter time: 762.591219187
340     , -14489.7    , array([ 0.00105755 ,  0.224259   ,  1.8379     ,  0.333113   ,  0.104815   ,  1.00065    ,  0.429709   ,  0.213095   ,  0.445853   ,  0.0285187  ,  3.97638    ])
Iter time: 240.196225882
Iter time: 465.790986061
Iter time: 802.643235922
341     , -14427.4    , array([ 0.00102434 ,  0.221829   ,  1.83529    ,  0.335716   ,  0.0996017  ,  1.00063    ,  0.448195   ,  0.216895   ,  0.447612   ,  0.0280743  ,  3.9906     ])
Iter time: 232.020961046
Iter time: 449.963700056
Iter time: 776.593297005
343     , -14479.5    , array([ 0.0010612  ,  0.223163   ,  1.84067    ,  0.33107    ,  0.101205   ,  1.00066    ,  0.43093    ,  0.214324   ,  0.447004   ,  0.028384   ,  3.97396    ])
Iter time: 245.106047153
Iter time: 475.250335932
Iter time: 820.335870028
345     , -14476.7    , array([ 0.00102039 ,  0.222731   ,  1.84011    ,  0.332549   ,  0.0959782  ,  1.00062    ,  0.432678   ,  0.212577   ,  0.445183   ,  0.0281074  ,  3.95639    ])
Iter time: 241.725371122
Iter time: 467.457940102
Iter time: 804.865634918
347     , -14475.3    , array([ 0.00103165 ,  0.222743   ,  1.83833    ,  0.332601   ,  0.0982285  ,  1.00064    ,  0.43302    ,  0.213283   ,  0.445513   ,  0.0282369  ,  3.95765    ])
Iter time: 248.11097002
Iter time: 479.856348038
Iter time: 828.173019886
348     , -14419.2    , array([ 0.0010068  ,  0.221277   ,  1.83116    ,  0.334947   ,  0.0964016  ,  1.00064    ,  0.450861   ,  0.216894   ,  0.447183   ,  0.0281142  ,  3.96619    ])
Iter time: 235.631009102
Iter time: 456.880393028
Iter time: 787.161303997
350     , -14464      , array([ 0.00104393 ,  0.222877   ,  1.83716    ,  0.332722   ,  0.100639   ,  1.00065    ,  0.436415   ,  0.214771   ,  0.446769   ,  0.0283375  ,  3.97227    ])
Iter time: 235.068150043
Iter time: 449.384562016
Iter time: 774.54040885
351     , -14419.1    , array([ 0.00103781 ,  0.222478   ,  1.82672    ,  0.336259   ,  0.105254   ,  1.00067    ,  0.45217    ,  0.218301   ,  0.448179   ,  0.0285184  ,  3.98772    ])
Iter time: 235.272386074
Iter time: 455.714236021
Iter time: 783.031666994
352     , -14410.5    , array([ 0.00102759 ,  0.222418   ,  1.82637    ,  0.336875   ,  0.104143   ,  1.00066    ,  0.455381   ,  0.2185     ,  0.448333   ,  0.0284389  ,  3.99194    ])
Iter time: 226.563352823
Iter time: 438.950773954
Iter time: 755.467380047
353     , -14406.7    , array([ 0.0010514  ,  0.222557   ,  1.82435    ,  0.336202   ,  0.107962   ,  1.00069    ,  0.456195   ,  0.220068   ,  0.449379   ,  0.0286292  ,  3.99654    ])
Iter time: 238.692156076
Iter time: 462.916831017
Iter time: 795.477319956
354     , -14398.3    , array([ 0.00102748 ,  0.22172    ,  1.82717    ,  0.335089   ,  0.101146   ,  1.00069    ,  0.458074   ,  0.219682   ,  0.449574   ,  0.0283435  ,  3.9717     ])
Iter time: 240.77311182
Iter time: 466.574864864
Iter time: 803.376678944
355     , -14365.1    , array([ 0.00102258 ,  0.220943   ,  1.82393    ,  0.335071   ,  0.100026   ,  1.00072    ,  0.468832   ,  0.222471   ,  0.451592   ,  0.0283011  ,  3.96469    ])
Iter time: 242.679507971
Iter time: 470.482206106
Iter time: 808.179871082
357     , -14444      , array([ 0.00101813 ,  0.222646   ,  1.83302    ,  0.335007   ,  0.099105   ,  1.00064    ,  0.443844   ,  0.215133   ,  0.446405   ,  0.0282877  ,  3.96601    ])
Iter time: 236.393115044
Iter time: 457.895863056
Iter time: 787.373887062
358     , -14378.3    , array([ 0.00102007 ,  0.221713   ,  1.82062    ,  0.337961   ,  0.104503   ,  1.00068    ,  0.466255   ,  0.221017   ,  0.449566   ,  0.0284477  ,  3.98633    ])
Iter time: 242.016973019
Iter time: 467.903290987
Iter time: 807.39560008
360     , -14437.7    , array([ 0.00102115 ,  0.222281   ,  1.83213    ,  0.334724   ,  0.0996521  ,  1.00065    ,  0.445682   ,  0.215923   ,  0.44688    ,  0.0282822  ,  3.96899    ])
Iter time: 241.655997992
Iter time: 468.053352118
Iter time: 805.581722975
362     , -14431.8    , array([ 0.00101945 ,  0.222178   ,  1.83153    ,  0.334785   ,  0.0995859  ,  1.00064    ,  0.447285   ,  0.216406   ,  0.447371   ,  0.0282607  ,  3.97232    ])
Iter time: 238.270869017
Iter time: 461.313587904
Iter time: 795.02660799
364     , -14427.5    , array([ 0.00102631 ,  0.222429   ,  1.82996    ,  0.335394   ,  0.101412   ,  1.00066    ,  0.449128   ,  0.21699    ,  0.447561   ,  0.0283617  ,  3.97464    ])
Iter time: 226.967744827
Iter time: 438.774334908
Iter time: 755.718028069
365     , -14383.1    , array([ 0.00104908 ,  0.222171   ,  1.82131    ,  0.336965   ,  0.108409   ,  1.0007     ,  0.464092   ,  0.222042   ,  0.450693   ,  0.0286051  ,  3.99865    ])
Iter time: 236.953504086
Iter time: 458.409028053
Iter time: 791.281191111
367     , -14418.6    , array([ 0.00102855 ,  0.222201   ,  1.82865    ,  0.335412   ,  0.102132   ,  1.00066    ,  0.45178    ,  0.217934   ,  0.448227   ,  0.0283674  ,  3.97925    ])
Iter time: 246.34273982
Iter time: 476.636258125
Iter time: 819.880026102
368     , -14380.9    , array([ 0.00100914 ,  0.220633   ,  1.82619    ,  0.336611   ,  0.0978514  ,  1.00067    ,  0.464093   ,  0.219992   ,  0.449275   ,  0.0281046  ,  3.97152    ])
Iter time: 230.67979002
Iter time: 446.5530231
Iter time: 769.268612862
369     , -14374      , array([ 0.00104014 ,  0.221446   ,  1.82143    ,  0.336901   ,  0.105952   ,  1.0007     ,  0.466895   ,  0.222381   ,  0.450824   ,  0.0284666  ,  3.99387    ])
Iter time: 227.445091009
Iter time: 438.88903594
Iter time: 756.342309952
370     , -14365      , array([ 0.00104505 ,  0.221975   ,  1.81364    ,  0.336794   ,  0.109097   ,  1.00074    ,  0.471358   ,  0.223491   ,  0.451359   ,  0.0288307  ,  3.97848    ])
Iter time: 219.624108076
Iter time: 424.930050135
Iter time: 733.083049059
371     , -14334.5    , array([ 0.00105556 ,  0.222049   ,  1.80292    ,  0.337335   ,  0.114179   ,  1.0008     ,  0.483384   ,  0.226863   ,  0.453244   ,  0.0292165  ,  3.97244    ])
Iter time: 239.987006903
Iter time: 463.418236971
Iter time: 800.134994984
373     , -14403.3    , array([ 0.00102282 ,  0.221624   ,  1.82651    ,  0.335709   ,  0.101019   ,  1.00067    ,  0.456668   ,  0.218972   ,  0.448605   ,  0.0283311  ,  3.97564    ])
Iter time: 232.352349997
Iter time: 449.452759027
Iter time: 772.047806025
374     , -14354.2    , array([ 0.00103764 ,  0.221313   ,  1.81698    ,  0.336585   ,  0.105673   ,  1.00073    ,  0.474021   ,  0.223998   ,  0.451971   ,  0.0285467  ,  3.9803     ])
Iter time: 225.70016408
Iter time: 436.681318998
Iter time: 752.156762123
375     , -14343.2    , array([ 0.00104866 ,  0.221427   ,  1.81294    ,  0.337649   ,  0.109579   ,  1.00075    ,  0.478593   ,  0.225497   ,  0.452606   ,  0.0287315  ,  3.98896    ])
Iter time: 226.483834028
Iter time: 438.027323961
Iter time: 754.001117945
376     , -14339.5    , array([ 0.00105352 ,  0.221032   ,  1.81276    ,  0.336323   ,  0.108463   ,  1.00077    ,  0.47912    ,  0.226205   ,  0.453281   ,  0.0287127  ,  3.97574    ])
Iter time: 234.218312979
Iter time: 453.199332952
Iter time: 781.577424049
377     , -14330.6    , array([ 0.00103004 ,  0.220618   ,  1.81267    ,  0.337019   ,  0.104714   ,  1.00076    ,  0.482548   ,  0.22572    ,  0.452936   ,  0.0285369  ,  3.9674     ])
Iter time: 239.088618994
Iter time: 460.966246128
Iter time: 794.255198956
378     , -14292.6    , array([ 0.00101952 ,  0.219655   ,  1.80686    ,  0.337428   ,  0.103127   ,  1.00079    ,  0.496289   ,  0.2286     ,  0.454726   ,  0.0284909  ,  3.9529     ])
Iter time: 221.498014212
Iter time: 428.867431879
Iter time: 737.460079908
379     , -14314.5    , array([ 0.0010582  ,  0.221187   ,  1.80698    ,  0.337827   ,  0.112332   ,  1.0008     ,  0.489396   ,  0.228632   ,  0.454837   ,  0.0288667  ,  3.9841     ])
Iter time: 221.463829994
Iter time: 429.237979889
Iter time: 740.470392942
381     , -14375.1    , array([ 0.00106369 ,  0.222164   ,  1.81689    ,  0.336289   ,  0.110723   ,  1.00075    ,  0.467583   ,  0.223328   ,  0.45156    ,  0.0287772  ,  3.9862     ])
Iter time: 235.591001987
Iter time: 454.011052847
Iter time: 782.47894907
382     , -14316.9    , array([ 0.00102867 ,  0.220297   ,  1.80931    ,  0.336848   ,  0.104569   ,  1.00078    ,  0.487712   ,  0.226855   ,  0.453574   ,  0.0286033  ,  3.95725    ])
Iter time: 214.165044069
Iter time: 413.538552999
Iter time: 712.218893051
383     , -14309.1    , array([ 0.00107311 ,  0.22177    ,  1.80144    ,  0.337245   ,  0.117259   ,  1.00083    ,  0.492132   ,  0.230251   ,  0.455794   ,  0.029206   ,  3.98168    ])
Iter time: 219.284337044
Iter time: 424.559022903
Iter time: 731.103041887
384     , -14297.9    , array([ 0.00107145 ,  0.220701   ,  1.80347    ,  0.335768   ,  0.112119   ,  1.00085    ,  0.494685   ,  0.230896   ,  0.45664    ,  0.0289921  ,  3.96604    ])
Iter time: 232.752393961
Iter time: 450.923326969
Iter time: 777.218400955
385     , -14287      , array([ 0.00102887 ,  0.219989   ,  1.80474    ,  0.337343   ,  0.106062   ,  1.0008     ,  0.498359   ,  0.229895   ,  0.455549   ,  0.0286989  ,  3.96252    ])
Iter time: 238.815881968
Iter time: 462.310741186
Iter time: 796.896331072
386     , -14243.6    , array([ 0.00101189 ,  0.21891    ,  1.79869    ,  0.337872   ,  0.103806   ,  1.00083    ,  0.514499   ,  0.233251   ,  0.457557   ,  0.0286599  ,  3.95073    ])
