==========================================
SLURM_JOB_ID = 18981455
SLURM_NODELIST = c8-66
==========================================
Module slurm/17.11.5 loaded 
Module openmpi/3.0.1 loaded 
Module gcc/7.3.0 loaded 
Module python/2.7.6 loaded 
Module numpy/1.11.1 loaded 
Module dadi/1.7.0 loaded 
Module matplotlib/2.0 loaded 
Module scipy/0.18.0 loaded 
Beginning. Call:
/home/hemstrow/monarch/github/F-H_2018/DADI/demographic_models/run_3d_mods.py /home/hemstrow/monarch/github/F-H_2018/Data/dadi_inputs/ dadi_snps_10kgap.txt 1st_folded_optim_10kgap_snps_dadi_out.txt cgrowth 10 [NAM,GUA,HAW] True 3 [0.1,0.1,0.5,0.5,5,5,.1,.1,.1,.1] [1,1,5,5,20,20,10,10,10,10] [.001,.001,.001,.001,.01,.01,.01,.01,.01,.01] [150,15,15] fmin

Ready to begin run. Parameters:

Model:
cgrowth
Maxiters:
10
Pops:
['NAM', 'GUA', 'HAW']
Projection:
[150, 15, 15]
Number of segregating sites in projected sfs:
9454.98941724
Folding spectra:
True
Level of parm folding:
3
Optimizer:
fmin
p0:
[  5.96646876e-01   1.91266936e-02   6.60291762e-02   3.78334558e-01
   1.98000000e+01   7.43714012e+00   6.12638096e-02   3.64682840e-01
   5.96143408e-01   2.44147641e-02]
Upper Bounds:
[1.0, 1.0, 5.0, 5.0, 20.0, 20.0, 10.0, 10.0, 10.0, 10.0]
Lower Bounds:
[0.001, 0.001, 0.001, 0.001, 0.01, 0.01, 0.01, 0.01, 0.01, 0.01]

Beginning optimization ************************************************
optimize_log_fmin.
Iter time: 486.680431128
Iter time: 944.564510107
Iter time: 1631.68826008
1       , -25148.7    , array([ 0.596647   ,  0.0191267  ,  0.0660292  ,  0.378335   ,  19.8       ,  7.43714    ,  0.0612638  ,  0.364683   ,  0.596143   ,  0.0244148  ])
Iter time: 487.058647156
Iter time: 945.36669302
Iter time: 1633.14004898
2       , -25148.6    , array([ 0.581438   ,  0.0191267  ,  0.0660292  ,  0.378335   ,  19.8       ,  7.43714    ,  0.0612638  ,  0.364683   ,  0.596143   ,  0.0244148  ])
Iter time: 545.500031948
Iter time: 1056.62116599
Iter time: 1824.68067002
3       , -25150      , array([ 0.596647   ,  0.0156936  ,  0.0660292  ,  0.378335   ,  19.8       ,  7.43714    ,  0.0612638  ,  0.364683   ,  0.596143   ,  0.0244148  ])
Iter time: 510.605604887
Iter time: 988.717723846
Iter time: 1705.20761704
4       , -25278.1    , array([ 0.596647   ,  0.0191267  ,  0.0576398  ,  0.378335   ,  19.8       ,  7.43714    ,  0.0612638  ,  0.364683   ,  0.596143   ,  0.0244148  ])
Iter time: 147023.920808
Iter time: 992.789474964
Iter time: 1645.79558682
5       , -25179.5    , array([ 0.596647   ,  0.0191267  ,  0.0660292  ,  0.360388   ,  19.8       ,  7.43714    ,  0.0612638  ,  0.364683   ,  0.596143   ,  0.0244148  ])
Iter time: 537.284740925
Iter time: 1040.90247607
Iter time: 1802.40507293
7       , -25191      , array([ 0.596647   ,  0.0191267  ,  0.0660292  ,  0.378335   ,  19.8       ,  8.22198    ,  0.0612638  ,  0.364683   ,  0.596143   ,  0.0244148  ])
Iter time: 486.807127953
Iter time: 947.109630108
Iter time: 1631.02715421
8       , -25742.7    , array([ 0.596647   ,  0.0191267  ,  0.0660292  ,  0.378335   ,  19.8       ,  7.43714    ,  0.05328    ,  0.364683   ,  0.596143   ,  0.0244148  ])
Iter time: 488.004239798
Iter time: 945.279662848
Iter time: 1635.381917
9       , -25237.5    , array([ 0.596647   ,  0.0191267  ,  0.0660292  ,  0.378335   ,  19.8       ,  7.43714    ,  0.0612638  ,  0.346746   ,  0.596143   ,  0.0244148  ])
Iter time: 488.320014954
Iter time: 945.31448102
Iter time: 1631.36080194
10      , -25158.1    , array([ 0.596647   ,  0.0191267  ,  0.0660292  ,  0.378335   ,  19.8       ,  7.43714    ,  0.0612638  ,  0.364683   ,  0.580923   ,  0.0244148  ])
Iter time: 487.447587967
Iter time: 944.709511042
Iter time: 1631.00333881
11      , -25221.9    , array([ 0.596647   ,  0.0191267  ,  0.0660292  ,  0.378335   ,  19.8       ,  7.43714    ,  0.0612638  ,  0.364683   ,  0.596143   ,  0.0202785  ])
Iter time: 508.507651091
Iter time: 990.232223988
Iter time: 1706.10992002
12      , -25080.8    , array([ 0.593574   ,  0.0183847  ,  0.0642589  ,  0.374675   ,  17.0542    ,  7.58787    ,  0.0595766  ,  0.361023   ,  0.593068   ,  0.023525   ])
Iter time: 519.014101982
Iter time: 1006.4191339
Iter time: 1746.33870888
13      , -24900.1    , array([ 0.592043   ,  0.0180246  ,  0.0633916  ,  0.372859   ,  14.6892    ,  7.66438    ,  0.0587506  ,  0.359206   ,  0.591536   ,  0.0230923  ])
Iter time: 518.139976025
Iter time: 1006.4745779
Iter time: 1738.37178206
14      , -24570.8    , array([ 0.592655   ,  0.0181678  ,  0.0637371  ,  0.373584   ,  18.6523    ,  7.63369    ,  0.0698563  ,  0.359932   ,  0.592148   ,  0.0232644  ])
Iter time: 536.407771111
Iter time: 1038.96268296
Iter time: 1794.02596092
15      , -23962.2    , array([ 0.590669   ,  0.0177065  ,  0.0626211  ,  0.371231   ,  18.1036    ,  7.7339     ,  0.0799882  ,  0.35758    ,  0.59016    ,  0.0227097  ])
Iter time: 507.088217974
Iter time: 982.883621931
Iter time: 1699.44494319
16      , -24800.1    , array([ 0.591462   ,  0.0178896  ,  0.0742344  ,  0.372171   ,  18.3211    ,  7.69366    ,  0.0640811  ,  0.358519   ,  0.590955   ,  0.02293    ])
Iter time: 529.302464008
Iter time: 1025.30805492
Iter time: 1770.29890203
17      , -24751.5    , array([ 0.590431   ,  0.0176519  ,  0.0663385  ,  0.37095    ,  18.0389    ,  7.74601    ,  0.0646599  ,  0.379591   ,  0.589922   ,  0.0226441  ])
Iter time: 537.029136896
Iter time: 1042.66561699
Iter time: 1801.424299
18      , -24667.9    , array([ 0.589195   ,  0.0173709  ,  0.0664006  ,  0.36949    ,  17.7059    ,  7.80931    ,  0.0653614  ,  0.363825   ,  0.588686   ,  0.0278712  ])
Iter time: 487.939260006
Iter time: 947.789965153
Iter time: 1635.40821791
19      , -24596      , array([ 0.587716   ,  0.0170396  ,  0.0664751  ,  0.367747   ,  17.3144    ,  6.99149    ,  0.0662133  ,  0.363653   ,  0.587206   ,  0.0237705  ])
Iter time: 533.066819191
Iter time: 1035.78479099
Iter time: 1792.11918807
20      , -24502.3    , array([ 0.585946   ,  0.0166503  ,  0.0665647  ,  0.387624   ,  16.8561    ,  7.63436    ,  0.0672501  ,  0.363447   ,  0.585434   ,  0.0236437  ])
Iter time: 546.849247932
Iter time: 1063.48834395
Iter time: 1844.44710994
21      , -24393.7    , array([ 0.583829   ,  0.0161949  ,  0.0666723  ,  0.371032   ,  16.3221    ,  7.67442    ,  0.0685158  ,  0.363201   ,  0.601704   ,  0.0234924  ])
Iter time: 489.211317062
Iter time: 950.205447912
Iter time: 1642.50123501
22      , -24257.4    , array([ 0.581299   ,  0.0198622  ,  0.0668017  ,  0.369588   ,  15.7035    ,  7.72278    ,  0.0700662  ,  0.362905   ,  0.587431   ,  0.0233122  ])
Iter time: 548.774589062
Iter time: 1066.26494598
Iter time: 1841.5817101
23      , -24089.8    , array([ 0.578277   ,  0.0164205  ,  0.0669572  ,  0.367864   ,  14.9922    ,  7.78121    ,  0.0719729  ,  0.362551   ,  0.585703   ,  0.0230977  ])
Iter time: 562.014509201
Iter time: 1092.12911582
Iter time: 1887.63427782
24      , -23890.7    , array([ 0.592757   ,  0.0159271  ,  0.0671444  ,  0.365804   ,  14.1809    ,  7.85191    ,  0.0743297  ,  0.362126   ,  0.583637   ,  0.022843   ])
Iter time: 606.578046799
Iter time: 1180.36421323
Iter time: 2040.415308
25      , -23319.2    , array([ 0.598498   ,  0.014534   ,  0.0677091  ,  0.359696   ,  12.0012    ,  8.0679     ,  0.0818731  ,  0.360854   ,  0.577483   ,  0.0220955  ])
Iter time: 544.100765944
Iter time: 1055.79306793
Iter time: 1823.146559
26      , -23639.6    , array([ 0.583403   ,  0.0161889  ,  0.0708658  ,  0.368518   ,  18.3576    ,  7.6977     ,  0.0828286  ,  0.367984   ,  0.585362   ,  0.023939   ])
Iter time: 564.549616098
Iter time: 1096.35579586
Iter time: 1893.73501611
27      , -23665.1    , array([ 0.582375   ,  0.0159884  ,  0.0599556  ,  0.368472   ,  14.7243    ,  7.66922    ,  0.0799378  ,  0.370616   ,  0.584824   ,  0.024317   ])
Iter time: 547.9126091
Iter time: 1068.21100497
Iter time: 1839.78945899
28      , -23501.1    , array([ 0.581792   ,  0.015886   ,  0.0657479  ,  0.369189   ,  14.3596    ,  7.60222    ,  0.0826552  ,  0.34837    ,  0.584831   ,  0.0249776  ])
Iter time: 540.716170073
Iter time: 1051.38149405
Iter time: 1823.76069903
29      , -23324.4    , array([ 0.581539   ,  0.0158571  ,  0.0655568  ,  0.370587   ,  14.0294    ,  7.50018    ,  0.0856986  ,  0.360326   ,  0.58529    ,  0.0198531  ])
Iter time: 608.019341946
Iter time: 1182.26729107
Iter time: 2042.99193907
30      , -23166.6    , array([ 0.581772   ,  0.0159346  ,  0.0653014  ,  0.372918   ,  13.7555    ,  8.49601    ,  0.0890751  ,  0.359833   ,  0.586382   ,  0.0224544  ])
Iter time: 679.794614077
Iter time: 1322.28381801
Iter time: 2285.65616584
31      , -22487.3    , array([ 0.578823   ,  0.0154092  ,  0.0647223  ,  0.375531   ,  12.2605    ,  9.36564    ,  0.103315   ,  0.357939   ,  0.585971   ,  0.021824   ])
Iter time: 583.485050917
Iter time: 1135.629776
Iter time: 1961.44021201
32      , -22846.6    , array([ 0.582104   ,  0.0160564  ,  0.0648485  ,  0.351559   ,  13.2579    ,  8.10522    ,  0.0955656  ,  0.358939   ,  0.588265   ,  0.0222162  ])
Iter time: 575.818989038
Iter time: 1119.7261939
Iter time: 1935.20203185
33      , -22642      , array([ 0.583869   ,  0.0164796  ,  0.0643857  ,  0.363342   ,  13.134     ,  8.15146    ,  0.100255   ,  0.358336   ,  0.569779   ,  0.0221108  ])
Iter time: 672.825002909
Iter time: 1303.95351601
Iter time: 2262.01194501
34      , -22435.5    , array([ 0.586929   ,  0.0129443  ,  0.0637893  ,  0.36352    ,  13.1721    ,  8.18841    ,  0.105319   ,  0.35772    ,  0.580073   ,  0.0220472  ])
Iter time: 793.02955699
Iter time: 1544.5178318
Iter time: 2666.99216604
35      , -21535.1    , array([ 0.589764   ,  0.0104498  ,  0.0623344  ,  0.360523   ,  12.0638    ,  8.43166    ,  0.129124   ,  0.355155   ,  0.576428   ,  0.0214407  ])
Iter time: 639.027085066
Iter time: 1240.74562812
Iter time: 2153.47073698
36      , -22063.9    , array([ 0.592321   ,  0.0143042  ,  0.062737   ,  0.363755   ,  13.2103    ,  8.25847    ,  0.115243   ,  0.356597   ,  0.579929   ,  0.0219231  ])
Iter time: 688.136132956
Iter time: 1337.60084891
Iter time: 2316.17900419
37      , -21944.9    , array([ 0.580219   ,  0.0127112  ,  0.067106   ,  0.358991   ,  10.2717    ,  8.41877    ,  0.111552   ,  0.361355   ,  0.573539   ,  0.022141   ])
Iter time: 674.515990019
Iter time: 1445.70012903
Iter time: 5736.6900599
38      , -21802.6    , array([ 0.588045   ,  0.0134459  ,  0.0716866  ,  0.359798   ,  11.7515    ,  8.64959    ,  0.119315   ,  0.346885   ,  0.576521   ,  0.0202935  ])
Iter time: 726.075762987
Iter time: 1414.33481097
Iter time: 2445.06921887
39      , -21611.7    , array([ 0.587941   ,  0.0127954  ,  0.0607899  ,  0.358034   ,  8.62123    ,  8.82088    ,  0.123871   ,  0.345265   ,  0.574241   ,  0.0199439  ])
Iter time: 764.448019981
Iter time: 1487.49202299
Iter time: 3673.86398697
40      , -21247.3    , array([ 0.59081    ,  0.0124871  ,  0.0645024  ,  0.355197   ,  9.95238    ,  9.20126    ,  0.134592   ,  0.36405    ,  0.572666   ,  0.0182734  ])
Iter time: 907.656264067
Iter time: 1767.98136806
Iter time: 3062.22427607
41      , -20172.9    , array([ 0.595371   ,  0.0110709  ,  0.0638886  ,  0.348401   ,  8.2855     ,  10.1228    ,  0.171749   ,  0.372153   ,  0.566678   ,  0.0156298  ])
Iter time: 861.518724918
Iter time: 1674.87789512
Iter time: 2894.94536901
42      , -20826.2    , array([ 0.593851   ,  0.0116425  ,  0.0643578  ,  0.349515   ,  9.16825    ,  9.90289    ,  0.149176   ,  0.354252   ,  0.56853    ,  0.0219162  ])
Iter time: 816.01275897
Iter time: 1588.87213087
Iter time: 2746.16235805
43      , -20184.6    , array([ 0.576125   ,  0.0121511  ,  0.0616827  ,  0.358036   ,  10.1558    ,  9.59121    ,  0.176053   ,  0.352429   ,  0.574418   ,  0.01966    ])
Iter time: 916.983661175
Iter time: 1785.11565304
Iter time: 3085.24941897
44      , -20266.3    , array([ 0.591129   ,  0.0104027  ,  0.0637621  ,  0.367663   ,  8.71585    ,  9.87394    ,  0.170432   ,  0.353015   ,  0.561211   ,  0.019081   ])
Iter time: 1030.21361995
Iter time: 2002.52545094
Iter time: 3466.60677481
45      , -20004.8    , array([ 0.5908     ,  0.0092446  ,  0.0640956  ,  0.356582   ,  8.10532    ,  10.2017    ,  0.18065    ,  0.352553   ,  0.577665   ,  0.018615   ])
