==========================================
SLURM_JOB_ID = 18981511
SLURM_NODELIST = c8-73
==========================================
Module slurm/17.11.5 loaded 
Module openmpi/3.0.1 loaded 
Module gcc/7.3.0 loaded 
Module python/2.7.6 loaded 
Module numpy/1.11.1 loaded 
Module dadi/1.7.0 loaded 
Module matplotlib/2.0 loaded 
Module scipy/0.18.0 loaded 
Beginning. Call:
/home/hemstrow/monarch/github/F-H_2018/DADI/demographic_models/run_3d_mods.py /home/hemstrow/monarch/github/F-H_2018/Data/dadi_inputs/ dadi_snps_10kgap.txt 1st_folded_optim_10kgap_snps_dadi_out.txt lgrowth_p2 10 [NAM,GUA,HAW] True 3 [0.1,0.1,0.5,1,5,5,.1,.1,.1,.1,2] [1,1,5,10,20,20,10,10,10,10,4] [1e-3,1e-3,1e-3,1e-3,0.01,0.01,0.01,0.01,0.01,0.01,1] [150,15,15] fmin

Ready to begin run. Parameters:

Model:
lgrowth_p2
Maxiters:
10
Pops:
['NAM', 'GUA', 'HAW']
Projection:
[150, 15, 15]
Number of segregating sites in projected sfs:
9454.98941724
Folding spectra:
True
Level of parm folding:
3
Optimizer:
fmin
p0:
[  0.19627167   0.20957704   0.20815113   0.53605416  19.8          1.50242589
   0.34400146   0.0942615    0.25487872   0.02472562   1.01      ]
Upper Bounds:
[1.0, 1.0, 5.0, 10.0, 20.0, 20.0, 10.0, 10.0, 10.0, 10.0, 4.0]
Lower Bounds:
[0.001, 0.001, 0.001, 0.001, 0.01, 0.01, 0.01, 0.01, 0.01, 0.01, 1.0]

Beginning optimization ************************************************
optimize_log_fmin.
Iter time: 26.0074198246
Iter time: 49.1237630844
Iter time: 83.5507669449
1       , -19687.2    , array([ 0.196272   ,  0.209577   ,  0.208151   ,  0.536054   ,  19.8       ,  1.50243    ,  0.344001   ,  0.0942615  ,  0.254879   ,  0.0247256  ,  1.01       ])
Iter time: 26.0350081921
Iter time: 49.2507820129
Iter time: 83.5543649197
2       , -19687.2    , array([ 0.180926   ,  0.209577   ,  0.208151   ,  0.536054   ,  19.8       ,  1.50243    ,  0.344001   ,  0.0942615  ,  0.254879   ,  0.0247256  ,  1.01       ])
Iter time: 26.9738271236
Iter time: 50.9212229252
Iter time: 86.8627769947
3       , -19694.3    , array([ 0.196272   ,  0.193825   ,  0.208151   ,  0.536054   ,  19.8       ,  1.50243    ,  0.344001   ,  0.0942615  ,  0.254879   ,  0.0247256  ,  1.01       ])
Iter time: 26.9123048782
Iter time: 50.9589729309
Iter time: 86.6457149982
4       , -19773.4    , array([ 0.196272   ,  0.209577   ,  0.192441   ,  0.536054   ,  19.8       ,  1.50243    ,  0.344001   ,  0.0942615  ,  0.254879   ,  0.0247256  ,  1.01       ])
Iter time: 26.0517032146
Iter time: 49.2102408409
Iter time: 83.6952829361
5       , -19654.9    , array([ 0.196272   ,  0.209577   ,  0.208151   ,  0.5196     ,  19.8       ,  1.50243    ,  0.344001   ,  0.0942615  ,  0.254879   ,  0.0247256  ,  1.01       ])
Iter time: 26.5338521004
Iter time: 50.1243770123
Iter time: 85.0013911724
7       , -19706.9    , array([ 0.196272   ,  0.209577   ,  0.208151   ,  0.536054   ,  19.8       ,  1.53332    ,  0.344001   ,  0.0942615  ,  0.254879   ,  0.0247256  ,  1.01       ])
Iter time: 25.9879088402
Iter time: 49.1257171631
Iter time: 83.4617650509
8       , -19858.7    , array([ 0.196272   ,  0.209577   ,  0.208151   ,  0.536054   ,  19.8       ,  1.50243    ,  0.326128   ,  0.0942615  ,  0.254879   ,  0.0247256  ,  1.01       ])
Iter time: 25.9473390579
Iter time: 49.1640799046
Iter time: 83.540956974
9       , -19815.7    , array([ 0.196272   ,  0.209577   ,  0.208151   ,  0.536054   ,  19.8       ,  1.50243    ,  0.344001   ,  0.0837628  ,  0.254879   ,  0.0247256  ,  1.01       ])
Iter time: 25.96656394
Iter time: 49.1292459965
Iter time: 83.4751229286
10      , -19744      , array([ 0.196272   ,  0.209577   ,  0.208151   ,  0.536054   ,  19.8       ,  1.50243    ,  0.344001   ,  0.0942615  ,  0.23804    ,  0.0247256  ,  1.01       ])
Iter time: 26.0041708946
Iter time: 49.1153748035
Iter time: 83.6119430065
11      , -19689.2    , array([ 0.196272   ,  0.209577   ,  0.208151   ,  0.536054   ,  19.8       ,  1.50243    ,  0.344001   ,  0.0942615  ,  0.254879   ,  0.0205497  ,  1.01       ])
Iter time: 25.9673359394
Iter time: 49.082545042
Iter time: 83.6771330833
12      , -19687.2    , array([ 0.196272   ,  0.209577   ,  0.208151   ,  0.536054   ,  19.8       ,  1.50243    ,  0.344001   ,  0.0942615  ,  0.254879   ,  0.0247256  ,  1.0105     ])
Iter time: 26.0454580784
Iter time: 49.4389159679
Iter time: 84.2833881378
13      , -19762.8    , array([ 0.193388   ,  0.206621   ,  0.205202   ,  0.533024   ,  17.0542    ,  1.508      ,  0.34068    ,  0.0922593  ,  0.251731   ,  0.0239078  ,  1.01009    ])
Iter time: 26.4624249935
Iter time: 50.1100478172
Iter time: 84.9725019932
14      , -19583.1    , array([ 0.192868   ,  0.206088   ,  0.204671   ,  0.532475   ,  19.2698    ,  1.50901    ,  0.362215   ,  0.0918999  ,  0.251163   ,  0.023762   ,  1.01011    ])
Iter time: 26.7417640686
Iter time: 50.4967899323
Iter time: 85.9985830784
15      , -19452.2    , array([ 0.191188   ,  0.204365   ,  0.202952   ,  0.530695   ,  19.0101    ,  1.51231    ,  0.381729   ,  0.0907413  ,  0.249325   ,  0.0232944  ,  1.01016    ])
Iter time: 26.5183579922
Iter time: 50.2953970432
Iter time: 85.4319679737
16      , -19548.9    , array([ 0.19195    ,  0.205146   ,  0.203732   ,  0.531503   ,  19.1277    ,  1.51081    ,  0.349954   ,  0.104934   ,  0.250159   ,  0.0235058  ,  1.01014    ])
Iter time: 25.5359899998
Iter time: 48.4534800053
Iter time: 82.4387979507
17      , -19559.8    , array([ 0.191175   ,  0.204351   ,  0.22266    ,  0.53068    ,  19.0079    ,  1.51234    ,  0.351048   ,  0.0950831  ,  0.24931    ,  0.0232906  ,  1.01016    ])
Iter time: 26.1240401268
Iter time: 49.5131058693
Iter time: 84.1649708748
19      , -19704.9    , array([ 0.193446   ,  0.20668    ,  0.206865   ,  0.533085   ,  18.2792    ,  1.50788    ,  0.344546   ,  0.0935857  ,  0.251794   ,  0.0239241  ,  1.01009    ])
Iter time: 26.408246994
Iter time: 50.1482150555
Iter time: 85.4214980602
20      , -19539.6    , array([ 0.190273   ,  0.203425   ,  0.208698   ,  0.52972    ,  19.1068    ,  1.51413    ,  0.353068   ,  0.0954807  ,  0.269213   ,  0.0230416  ,  1.01019    ])
Iter time: 25.9569759369
Iter time: 49.0858058929
Iter time: 83.4798150063
21      , -19547.7    , array([ 0.189202   ,  0.202327   ,  0.208797   ,  0.528576   ,  18.9834    ,  1.48023    ,  0.354742   ,  0.0957041  ,  0.253941   ,  0.022748   ,  1.01023    ])
Iter time: 26.208741188
Iter time: 49.5123460293
Iter time: 84.2985370159
23      , -19658.8    , array([ 0.19288    ,  0.2061     ,  0.207756   ,  0.532488   ,  18.8575    ,  1.50594    ,  0.34739    ,  0.0943763  ,  0.253196   ,  0.0237654  ,  1.01011    ])
Iter time: 25.3329319954
Iter time: 47.9845128059
Iter time: 81.5929389
24      , -19525.5    , array([ 0.187844   ,  0.22037    ,  0.209078   ,  0.52712    ,  18.9456    ,  1.50623    ,  0.357264   ,  0.0961156  ,  0.254027   ,  0.0223787  ,  1.01027    ])
Iter time: 26.2237169743
Iter time: 49.5484070778
Iter time: 84.3390781879
25      , -19500.7    , array([ 0.186351   ,  0.205677   ,  0.209247   ,  0.525512   ,  18.7943    ,  1.50693    ,  0.35973    ,  0.0964567  ,  0.253873   ,  0.027347   ,  1.01032    ])
Iter time: 26.2479710579
Iter time: 49.5636470318
Iter time: 84.4945869446
26      , -19469.7    , array([ 0.184602   ,  0.204976   ,  0.209447   ,  0.523617   ,  18.617     ,  1.50775    ,  0.362666   ,  0.0968612  ,  0.25369    ,  0.0231486  ,  1.00978    ])
Iter time: 26.3157019615
Iter time: 49.8371369839
Iter time: 84.7079207897
27      , -19430.8    , array([ 0.182556   ,  0.20415    ,  0.209684   ,  0.521387   ,  18.4096    ,  1.50872    ,  0.366167   ,  0.0973415  ,  0.253475   ,  0.0228729  ,  1.01025    ])
Iter time: 26.4419641495
Iter time: 50.1914429665
Iter time: 85.0547020435
28      , -19304.8    , array([ 0.176061   ,  0.201489   ,  0.210455   ,  0.514205   ,  17.7514    ,  1.51187    ,  0.377779   ,  0.0989191  ,  0.252775   ,  0.0219992  ,  1.01037    ])
Iter time: 26.3428239822
Iter time: 49.8044071198
Iter time: 84.8069410324
29      , -19361.8    , array([ 0.197061   ,  0.202694   ,  0.210104   ,  0.517457   ,  18.0476    ,  1.51044    ,  0.372456   ,  0.0981989  ,  0.253093   ,  0.0223921  ,  1.01032    ])
Iter time: 26.0773029327
Iter time: 49.4227731228
Iter time: 83.9631018639
30      , -19335.6    , array([ 0.185569   ,  0.20549    ,  0.210934   ,  0.518218   ,  18.799     ,  1.50772    ,  0.373524   ,  0.0987901  ,  0.254756   ,  0.0230461  ,  1.01025    ])
Iter time: 26.2093839645
Iter time: 49.7364621162
Iter time: 84.5423698425
31      , -19285.2    , array([ 0.180513   ,  0.201359   ,  0.211043   ,  0.530815   ,  17.7361    ,  1.51222    ,  0.382893   ,  0.0997578  ,  0.253052   ,  0.0218696  ,  1.0104     ])
Iter time: 26.334777832
Iter time: 49.9276990891
Iter time: 85.0679750443
32      , -19108.3    , array([ 0.173115   ,  0.197372   ,  0.212504   ,  0.536513   ,  16.7862    ,  1.51715    ,  0.403958   ,  0.102625   ,  0.252144   ,  0.0205678  ,  1.0106     ])
Iter time: 26.8335020542
Iter time: 50.8819959164
Iter time: 86.7325210571
33      , -19296.6    , array([ 0.182012   ,  0.205208   ,  0.195624   ,  0.520766   ,  18.0623    ,  1.50317    ,  0.384908   ,  0.100278   ,  0.259236   ,  0.0226981  ,  1.01031    ])
Iter time: 25.9170691967
Iter time: 49.1589310169
Iter time: 83.3994998932
34      , -19258.3    , array([ 0.179533   ,  0.204423   ,  0.212226   ,  0.518033   ,  17.7631    ,  1.50331    ,  0.392852   ,  0.0901172  ,  0.260037   ,  0.0223478  ,  1.01037    ])
Iter time: 26.4733140469
Iter time: 50.238049984
Iter time: 85.5600919724
35      , -19209.9    , array([ 0.180412   ,  0.207662   ,  0.207691   ,  0.518998   ,  17.6832    ,  1.53869    ,  0.394808   ,  0.0977338  ,  0.257271   ,  0.0230179  ,  1.01031    ])
Iter time: 26.037763834
Iter time: 49.2677428722
Iter time: 83.862732172
36      , -19160.3    , array([ 0.17767    ,  0.207315   ,  0.207607   ,  0.515955   ,  17.3234    ,  1.50865    ,  0.404821   ,  0.0983787  ,  0.240683   ,  0.0227203  ,  1.01037    ])
Iter time: 27.2457780838
Iter time: 51.777477026
Iter time: 88.0869009495
37      , -19108.4    , array([ 0.178154   ,  0.189261   ,  0.206963   ,  0.516486   ,  17.1888    ,  1.517      ,  0.40926    ,  0.0981432  ,  0.252581   ,  0.0234578  ,  1.0103     ])
Iter time: 26.6152839661
Iter time: 50.4727890491
Iter time: 86.0374691486
38      , -19062.3    , array([ 0.178118   ,  0.199738   ,  0.206384   ,  0.516437   ,  17.0482    ,  1.51814    ,  0.416101   ,  0.098105   ,  0.2525     ,  0.0186681  ,  1.01025    ])
Iter time: 26.8914399147
Iter time: 51.0549480915
Iter time: 86.9982180595
39      , -18855.2    , array([ 0.17414    ,  0.196833   ,  0.204967   ,  0.511958   ,  16.2369    ,  1.52377    ,  0.447517   ,  0.0989397  ,  0.251816   ,  0.0154239  ,  1.01022    ])
Iter time: 26.7209649086
Iter time: 50.7465910912
Iter time: 86.4241149426
40      , -18983.5    , array([ 0.177909   ,  0.198949   ,  0.205378   ,  0.516188   ,  16.7878    ,  1.52023    ,  0.428814   ,  0.0980731  ,  0.252341   ,  0.0204845  ,  1.01086    ])
Iter time: 26.2455098629
Iter time: 49.8645658493
Iter time: 84.8905820847
41      , -18906.2    , array([ 0.169546   ,  0.198572   ,  0.212409   ,  0.506744   ,  16.0732    ,  1.51708    ,  0.416107   ,  0.106177   ,  0.257321   ,  0.019886   ,  1.01062    ])
Iter time: 26.686923027
Iter time: 50.6476149559
Iter time: 86.2328150272
42      , -18921.6    , array([ 0.160057   ,  0.199462   ,  0.205586   ,  0.517734   ,  16.5774    ,  1.52018    ,  0.435147   ,  0.0995168  ,  0.254255   ,  0.0202457  ,  1.01052    ])
Iter time: 26.9815728664
Iter time: 51.2680151463
Iter time: 87.4144568443
43      , -18876      , array([ 0.165458   ,  0.195686   ,  0.203823   ,  0.516886   ,  15.5551    ,  1.52519    ,  0.446118   ,  0.0990532  ,  0.252505   ,  0.0192132  ,  1.01064    ])
Iter time: 26.8497288227
Iter time: 51.0234119892
Iter time: 86.9365730286
44      , -18830.1    , array([ 0.172436   ,  0.198514   ,  0.203102   ,  0.521412   ,  16.0821    ,  1.52344    ,  0.454632   ,  0.0989484  ,  0.254434   ,  0.019638   ,  1.01056    ])
Iter time: 27.2310531139
Iter time: 51.7335820198
Iter time: 88.2441039085
45      , -18613.9    , array([ 0.170651   ,  0.197042   ,  0.199522   ,  0.525054   ,  15.3073    ,  1.52925    ,  0.498736   ,  0.098963   ,  0.255267   ,  0.0185543  ,  1.01065    ])
Iter time: 26.3929319382
Iter time: 50.3021709919
Iter time: 85.4999229908
46      , -18715.6    , array([ 0.164855   ,  0.193483   ,  0.219285   ,  0.515612   ,  15.3369    ,  1.53705    ,  0.467733   ,  0.0973736  ,  0.247397   ,  0.0183484  ,  1.01067    ])
Iter time: 27.4210319519
Iter time: 52.2752079964
Iter time: 89.1506481171
47      , -18646.5    , array([ 0.164559   ,  0.192292   ,  0.203337   ,  0.51789    ,  15.1842    ,  1.54313    ,  0.473045   ,  0.109889   ,  0.244411   ,  0.0179797  ,  1.01067    ])
Iter time: 27.0682139397
Iter time: 51.4283080101
Iter time: 87.8610990047
48      , -18599.5    , array([ 0.161041   ,  0.186666   ,  0.206978   ,  0.516727   ,  14.8361    ,  1.50843    ,  0.486431   ,  0.103508   ,  0.244746   ,  0.0166896  ,  1.0108     ])
Iter time: 27.4709341526
Iter time: 52.3231339455
Iter time: 89.2148358822
49      , -18319.3    , array([ 0.152151   ,  0.176978   ,  0.206622   ,  0.515595   ,  13.5894    ,  1.49353    ,  0.539933   ,  0.106522   ,  0.238715   ,  0.0142114  ,  1.01105    ])
Iter time: 27.8184738159
Iter time: 53.1245350838
Iter time: 90.4393820763
50      , -18491.3    , array([ 0.158982   ,  0.181676   ,  0.206882   ,  0.519708   ,  14.4903    ,  1.53566    ,  0.499903   ,  0.104327   ,  0.261224   ,  0.0155256  ,  1.01087    ])
Iter time: 26.6780431271
Iter time: 50.6834800243
Iter time: 86.5861968994
51      , -18435      , array([ 0.155301   ,  0.197532   ,  0.207511   ,  0.519762   ,  14.1573    ,  1.5306     ,  0.512798   ,  0.105745   ,  0.250447   ,  0.0139503  ,  1.01104    ])
Iter time: 27.68354702
Iter time: 52.6536388397
Iter time: 89.8640520573
52      , -18326.3    , array([ 0.156697   ,  0.189443   ,  0.201229   ,  0.497483   ,  14.0548    ,  1.53292    ,  0.54256    ,  0.10168    ,  0.250573   ,  0.0148262  ,  1.01082    ])
Iter time: 27.4383759499
Iter time: 52.1991610527
Iter time: 89.0515589714
53      , -18316.2    , array([ 0.148995   ,  0.186275   ,  0.20744    ,  0.513613   ,  13.6067    ,  1.53212    ,  0.533449   ,  0.1071     ,  0.250057   ,  0.0140367  ,  1.01054    ])
Iter time: 27.9504799843
Iter time: 53.0791618824
Iter time: 90.5831670761
54      , -18009.4    , array([ 0.136351   ,  0.180243   ,  0.208478   ,  0.51233    ,  12.2499    ,  1.53809    ,  0.594984   ,  0.11192    ,  0.248923   ,  0.0116194  ,  1.01038    ])
Iter time: 27.7191438675
Iter time: 52.6666691303
Iter time: 89.9229269028
55      , -18212.8    , array([ 0.160857   ,  0.182405   ,  0.207756   ,  0.511103   ,  13.0419    ,  1.53544    ,  0.556454   ,  0.107824   ,  0.247221   ,  0.0128385  ,  1.01087    ])
Iter time: 28.5516409874
Iter time: 54.3114778996
Iter time: 92.6076211929
56      , -18141.7    , array([ 0.150408   ,  0.180415   ,  0.200275   ,  0.523001   ,  12.9495    ,  1.54194    ,  0.613495   ,  0.101344   ,  0.242503   ,  0.0120711  ,  1.01082    ])
Iter time: 27.9869921207
Iter time: 53.1508350372
Iter time: 90.7067449093
57      , -18012.7    , array([ 0.151474   ,  0.180392   ,  0.208046   ,  0.513837   ,  12.9422    ,  1.53679    ,  0.606349   ,  0.109085   ,  0.245319   ,  0.0114813  ,  1.01083    ])
Iter time: 28.3041710854
Iter time: 53.9187190533
Iter time: 91.9388899803
58      , -17895.1    , array([ 0.14032    ,  0.176519   ,  0.207447   ,  0.519128   ,  11.8979    ,  1.5406     ,  0.638773   ,  0.111166   ,  0.244823   ,  0.0135547  ,  1.01136    ])
Iter time: 29.0914840698
Iter time: 55.546847105
Iter time: 94.7118229866
59      , -17484.9    , array([ 0.125959   ,  0.167162   ,  0.208698   ,  0.52275    ,  10.1848    ,  1.54908    ,  0.763159   ,  0.117835   ,  0.2414     ,  0.0127068  ,  1.01193    ])
Iter time: 29.2499089241
Iter time: 55.7231528759
Iter time: 95.4353330135
60      , -17797.1    , array([ 0.141146   ,  0.174864   ,  0.192165   ,  0.51674    ,  11.6926    ,  1.52946    ,  0.66806    ,  0.11694    ,  0.248087   ,  0.010658   ,  1.01113    ])
Iter time: 27.6466031075
Iter time: 52.6518781185
Iter time: 89.8260381222
62      , -18394.4    , array([ 0.157334   ,  0.187258   ,  0.203781   ,  0.51698    ,  14.0913    ,  1.53756    ,  0.522359   ,  0.108594   ,  0.246238   ,  0.0154841  ,  1.01081    ])
Iter time: 27.5545210838
Iter time: 52.476074934
Iter time: 89.6618299484
64      , -18371.6    , array([ 0.159629   ,  0.189119   ,  0.202054   ,  0.520177   ,  14.0951    ,  1.53101    ,  0.537486   ,  0.10349    ,  0.251235   ,  0.0156008  ,  1.0108     ])
Iter time: 28.0473160744
Iter time: 53.3608160019
Iter time: 91.1689329147
65      , -17796.7    , array([ 0.140348   ,  0.18268    ,  0.201512   ,  0.511102   ,  11.5669    ,  1.52903    ,  0.680085   ,  0.112102   ,  0.232403   ,  0.0110925  ,  1.01104    ])
Iter time: 29.593337059
Iter time: 56.4760599136
Iter time: 96.1487247944
66      , -17737.2    , array([ 0.141054   ,  0.165645   ,  0.199833   ,  0.50949    ,  11.4119    ,  1.53379    ,  0.697906   ,  0.111779   ,  0.23913    ,  0.0118412  ,  1.01087    ])
Iter time: 28.8394889832
Iter time: 54.9374802113
Iter time: 93.7601008415
67      , -17661.5    , array([ 0.136494   ,  0.17088    ,  0.202768   ,  0.510875   ,  11.0341    ,  1.52618    ,  0.722191   ,  0.10942    ,  0.241926   ,  0.0101604  ,  1.01111    ])
Iter time: 27.9360499382
Iter time: 53.2062060833
Iter time: 90.8935580254
69      , -18154.1    , array([ 0.151862   ,  0.183083   ,  0.202696   ,  0.516614   ,  13.1106    ,  1.53121    ,  0.582331   ,  0.106482   ,  0.247203   ,  0.0137185  ,  1.0109     ])
Iter time: 27.9765470028
Iter time: 53.284651041
Iter time: 90.9042868614
71      , -18123.5    , array([ 0.150247   ,  0.182956   ,  0.202348   ,  0.506086   ,  13.0505    ,  1.53209    ,  0.586958   ,  0.105768   ,  0.246725   ,  0.0133265  ,  1.01091    ])
Iter time: 27.9590399265
Iter time: 53.2351019382
Iter time: 90.7737541199
73      , -18111.9    , array([ 0.147966   ,  0.177102   ,  0.204847   ,  0.514781   ,  12.809     ,  1.51403    ,  0.587762   ,  0.108222   ,  0.241178   ,  0.0130092  ,  1.01101    ])
Iter time: 29.2712221146
Iter time: 55.7357950211
Iter time: 95.0975818634
74      , -17629      , array([ 0.126785   ,  0.171271   ,  0.198014   ,  0.517525   ,  11.1404    ,  1.53028    ,  0.74305    ,  0.112192   ,  0.239087   ,  0.0110728  ,  1.01112    ])
Iter time: 28.2773971558
Iter time: 53.8137052059
Iter time: 91.8646600246
76      , -18003.3    , array([ 0.146063   ,  0.179344   ,  0.202546   ,  0.515499   ,  12.4784    ,  1.53199    ,  0.61874    ,  0.108477   ,  0.244781   ,  0.0126654  ,  1.01095    ])
Iter time: 28.5676858425
Iter time: 54.4182732105
Iter time: 93.3641281128
77      , -17553.6    , array([ 0.130518   ,  0.170887   ,  0.20496    ,  0.504585   ,  10.8194    ,  1.52187    ,  0.705592   ,  0.122004   ,  0.242675   ,  0.0114262  ,  1.01124    ])
Iter time: 29.9504098892
Iter time: 56.0222928524
Iter time: 95.0355520248
78      , -17489.5    , array([ 0.127357   ,  0.166437   ,  0.203334   ,  0.521169   ,  10.3759    ,  1.52979    ,  0.762594   ,  0.119976   ,  0.237805   ,  0.0100643  ,  1.01121    ])
Iter time: 28.3432290554
Iter time: 53.9679989815
Iter time: 92.0292129517
80      , -17920.8    , array([ 0.142094   ,  0.175301   ,  0.203773   ,  0.514465   ,  12.0924    ,  1.52318    ,  0.63455    ,  0.110932   ,  0.241546   ,  0.012132   ,  1.01104    ])
Iter time: 29.6149601936
Iter time: 56.4040009975
Iter time: 96.2696208954
81      , -17469.8    , array([ 0.121505   ,  0.166041   ,  0.196755   ,  0.514574   ,  9.94596    ,  1.52552    ,  0.780422   ,  0.118891   ,  0.237885   ,  0.0112615  ,  1.01136    ])
Iter time: 30.4920270443
Iter time: 58.0540850163
Iter time: 99.0995028019
82      , -17230.3    , array([ 0.108824   ,  0.159299   ,  0.191341   ,  0.514943   ,  8.71898    ,  1.51991    ,  0.885387   ,  0.12412    ,  0.234253   ,  0.0111531  ,  1.01162    ])
Iter time: 30.260340929
Iter time: 57.4083869457
Iter time: 97.9821069241
83      , -17351.8    , array([ 0.129559   ,  0.162486   ,  0.193309   ,  0.516565   ,  9.8781     ,  1.52093    ,  0.854936   ,  0.11808    ,  0.231866   ,  0.0110451  ,  1.01203    ])
Iter time: 28.705737114
Iter time: 54.6429140568
Iter time: 93.3489079475
85      , -17795.9    , array([ 0.138575   ,  0.174407   ,  0.201219   ,  0.515019   ,  11.5922    ,  1.53023    ,  0.674135   ,  0.112102   ,  0.241905   ,  0.011904   ,  1.01113    ])
Iter time: 30.1069500446
Iter time: 57.3020598888
Iter time: 97.8690831661
86      , -17285.9    , array([ 0.121089   ,  0.163944   ,  0.195652   ,  0.514716   ,  9.51716    ,  1.53509    ,  0.859574   ,  0.121215   ,  0.236668   ,  0.0102828  ,  1.01158    ])
Iter time: 29.2905070782
Iter time: 55.80529809
Iter time: 95.2317080498
87      , -17306.8    , array([ 0.118552   ,  0.162438   ,  0.20815    ,  0.512083   ,  9.48097    ,  1.52981    ,  0.854745   ,  0.115741   ,  0.228463   ,  0.011629   ,  1.01157    ])
Iter time: 30.8264269829
Iter time: 146518.049881
Iter time: 149.058924913
88      , -17217.6    , array([ 0.115623   ,  0.152203   ,  0.199668   ,  0.517913   ,  9.24367    ,  1.53038    ,  0.875264   ,  0.121438   ,  0.243124   ,  0.0112698  ,  1.01176    ])
Iter time: 55.9720180035
Iter time: 103.772959948
Iter time: 105.29091382
89      , -16958.6    , array([ 0.104945   ,  0.138928   ,  0.198752   ,  0.521352   ,  8.26338    ,  1.53105    ,  0.992948   ,  0.126394   ,  0.248668   ,  0.0113594  ,  1.01213    ])
Iter time: 30.7400810719
Iter time: 58.5596978664
Iter time: 99.9639320374
90      , -17079.4    , array([ 0.111331   ,  0.152964   ,  0.199511   ,  0.515117   ,  8.67292    ,  1.52932    ,  0.947401   ,  0.124117   ,  0.234748   ,  0.0104125  ,  1.01185    ])
Iter time: 29.9982020855
Iter time: 57.1534678936
Iter time: 97.6752090454
91      , -17016.3    , array([ 0.104768   ,  0.158741   ,  0.200836   ,  0.521748   ,  8.38116    ,  1.52496    ,  0.967426   ,  0.126868   ,  0.236674   ,  0.0102259  ,  1.01229    ])
Iter time: 31.0446109772
Iter time: 59.136742115
Iter time: 100.93798995
92      , -16968.5    , array([ 0.103185   ,  0.15183    ,  0.197584   ,  0.52233    ,  8.2454     ,  1.53235    ,  0.985932   ,  0.133137   ,  0.233007   ,  0.0119314  ,  1.01226    ])
Iter time: 30.9383878708
Iter time: 58.9103691578
Iter time: 100.644147158
93      , -16879.6    , array([ 0.107003   ,  0.148201   ,  0.202247   ,  0.516486   ,  7.73186    ,  1.52862    ,  1.00882    ,  0.133953   ,  0.234673   ,  0.0110979  ,  1.01246    ])
Iter time: 31.8408489227
Iter time: 60.6453549862
Iter time: 103.828568935
94      , -16545.6    , array([ 0.0983011  ,  0.137858   ,  0.204398   ,  0.515968   ,  6.44133    ,  1.52779    ,  1.17547    ,  0.146368   ,  0.232497   ,  0.0111104  ,  1.01314    ])
Iter time: 32.2716898918
Iter time: 61.7228081226
Iter time: 105.147857189
95      , -16823.6    , array([ 0.098721   ,  0.142845   ,  0.195296   ,  0.531883   ,  7.24489    ,  1.53816    ,  1.16568    ,  0.127325   ,  0.229409   ,  0.0107     ,  1.01269    ])
Iter time: 32.1388380527
Iter time: 61.3258421421
Iter time: 104.663008928
96      , -16737.3    , array([ 0.0965934  ,  0.142644   ,  0.195419   ,  0.516868   ,  7.07696    ,  1.53171    ,  1.16505    ,  0.130884   ,  0.232582   ,  0.0122839  ,  1.01299    ])
Iter time: 30.0360388756
Iter time: 57.1911399364
Iter time: 98.0959048271
98      , -17242      , array([ 0.11678    ,  0.159336   ,  0.203355   ,  0.520611   ,  9.18876    ,  1.5391     ,  0.864608   ,  0.122097   ,  0.237866   ,  0.0118681  ,  1.01206    ])
Iter time: 31.7682719231
Iter time: 61.4232859612
Iter time: 103.486313105
99      , -16689.8    , array([ 0.0887849  ,  0.141454   ,  0.204992   ,  0.521141   ,  6.86658    ,  1.5408     ,  1.1246     ,  0.136377   ,  0.238034   ,  0.0112708  ,  1.01237    ])
Iter time: 33.0666530132
Iter time: 63.1512088776
Iter time: 107.868579865
100     , -16631.2    , array([ 0.092059   ,  0.137983   ,  0.189847   ,  0.52738    ,  6.74662    ,  1.53385    ,  1.1824     ,  0.143346   ,  0.24339    ,  0.0106442  ,  1.01297    ])
Iter time: 32.7884390354
Iter time: 62.6336860657
Iter time: 106.954615116
101     , -16544.3    , array([ 0.0857492  ,  0.132496   ,  0.200871   ,  0.527007   ,  6.31341    ,  1.52835    ,  1.24593    ,  0.14111    ,  0.23615    ,  0.0121135  ,  1.01322    ])
Iter time: 35.4110560417
Iter time: 67.8245201111
Iter time: 115.916463137
102     , -16228.7    , array([ 0.0721594  ,  0.119113   ,  0.203533   ,  0.533263   ,  5.14213    ,  1.52499    ,  1.50003    ,  0.15225    ,  0.235892   ,  0.0131476  ,  1.01404    ])
Iter time: 33.8135359287
Iter time: 64.5126378536
Iter time: 110.211825848
103     , -16415.3    , array([ 0.0814616  ,  0.129304   ,  0.193293   ,  0.52332    ,  5.88404    ,  1.52182    ,  1.36919    ,  0.145827   ,  0.234605   ,  0.0106926  ,  1.01309    ])
Iter time: 34.7631440163
Iter time: 66.3462691307
Iter time: 113.380482912
104     , -16293.5    , array([ 0.0829333  ,  0.12452    ,  0.205809   ,  0.530635   ,  5.77316    ,  1.54138    ,  1.44735    ,  0.147716   ,  0.238289   ,  0.0112912  ,  1.01381    ])
Iter time: 34.7757070065
Iter time: 66.4508669376
Iter time: 113.624612093
105     , -16278.1    , array([ 0.0768393  ,  0.124916   ,  0.198499   ,  0.533325   ,  5.38986    ,  1.53409    ,  1.46095    ,  0.15247    ,  0.238435   ,  0.0122739  ,  1.01393    ])
Iter time: 36.7715029716
Iter time: 70.4255638123
Iter time: 120.647702932
106     , -16214      , array([ 0.0771773  ,  0.115238   ,  0.196771   ,  0.528652   ,  5.1473     ,  1.54014    ,  1.54206    ,  0.154232   ,  0.236813   ,  0.0129196  ,  1.01379    ])
Iter time: 43.5662968159
Iter time: 83.5787439346
Iter time: 143.28627491
107     , -15882.3    , array([ 0.06624    ,  0.0981862  ,  0.19477    ,  0.532139   ,  4.03382    ,  1.54778    ,  1.94689    ,  0.170053   ,  0.236882   ,  0.0145218  ,  1.01454    ])
Iter time: 38.6818289757
Iter time: 74.0438120365
Iter time: 127.426332951
108     , -16074.3    , array([ 0.0722944  ,  0.111303   ,  0.199489   ,  0.529852   ,  4.59429    ,  1.53551    ,  1.71237    ,  0.153658   ,  0.241262   ,  0.0114755  ,  1.01423    ])
Iter time: 40.2709519863
Iter time: 77.2106120586
Iter time: 132.331149101
109     , -15940.2    , array([ 0.0664248  ,  0.116834   ,  0.19845    ,  0.532409   ,  4.12021    ,  1.53762    ,  1.87737    ,  0.167707   ,  0.224828   ,  0.0120757  ,  1.01475    ])
Iter time: 39.0293900967
Iter time: 74.8351910114
Iter time: 128.268352985
110     , -15846.5    , array([ 0.0657045  ,  0.109553   ,  0.202551   ,  0.521962   ,  4.24111    ,  1.53042    ,  1.74392    ,  0.17503    ,  0.242811   ,  0.0131049  ,  1.01456    ])
Iter time: 45.4699161053
Iter time: 87.4243280888
Iter time: 150.028458834
111     , -15364.4    , array([ 0.0536028  ,  0.0959411  ,  0.206279   ,  0.517071   ,  3.24491    ,  1.52657    ,  2.13304    ,  0.205217   ,  0.249802   ,  0.0145031  ,  1.01549    ])
Iter time: 42.4979960918
Iter time: 81.7312848568
Iter time: 139.943348885
112     , -15698.5    , array([ 0.0603331  ,  0.102074   ,  0.204423   ,  0.537163   ,  3.76785    ,  1.53593    ,  1.94767    ,  0.18478    ,  0.242628   ,  0.0117651  ,  1.01471    ])
Iter time: 46.9498519897
Iter time: 90.2504460812
Iter time: 154.91009593
113     , -15621.8    , array([ 0.0611867  ,  0.097004   ,  0.194779   ,  0.5357     ,  3.48184    ,  1.52599    ,  2.2296     ,  0.187407   ,  0.237897   ,  0.012923   ,  1.01576    ])
Iter time: 49.8531689644
Iter time: 96.8262488842
Iter time: 165.438173056
114     , -15481.1    , array([ 0.0547866  ,  0.0932733  ,  0.211299   ,  0.530871   ,  3.14218    ,  1.53147    ,  2.37985    ,  0.187199   ,  0.231698   ,  0.0141751  ,  1.01566    ])
Iter time: 56.6409099102
Iter time: 109.182191133
Iter time: 187.458539009
115     , -15391.5    , array([ 0.046134   ,  0.0869557  ,  0.197446   ,  0.54543    ,  2.88842    ,  1.53822    ,  2.72144    ,  0.191722   ,  0.242402   ,  0.0141952  ,  1.01595    ])
Iter time: 55.5038280487
Iter time: 106.936969042
Iter time: 183.831902981
116     , -15283      , array([ 0.0502031  ,  0.0862561  ,  0.209599   ,  0.541829   ,  2.77828    ,  1.54727    ,  2.64721    ,  0.20225    ,  0.241656   ,  0.0155297  ,  1.01652    ])
Iter time: 76.3632509708
Iter time: 147.643573046
Iter time: 254.135999203
117     , -14678.2    , array([ 0.0394112  ,  0.0704496  ,  0.21826    ,  0.551328   ,  1.90909    ,  1.56015    ,  3.68086    ,  0.238184   ,  0.245261   ,  0.0187155  ,  1.01824    ])
Iter time: 61.1633930206
Iter time: 117.656049013
Iter time: 202.162224054
118     , -15043.3    , array([ 0.0430732  ,  0.0807585  ,  0.198966   ,  0.538089   ,  2.31558    ,  1.531      ,  2.96745    ,  0.217782   ,  0.239171   ,  0.0161216  ,  1.01661    ])
Iter time: 68.6078000069
Iter time: 132.814847946
Iter time: 228.011469126
119     , -14880.3    , array([ 0.0418454  ,  0.0743651  ,  0.20638    ,  0.536241   ,  2.12707    ,  1.53772    ,  3.34407    ,  0.225122   ,  0.239159   ,  0.0155848  ,  1.01698    ])
Iter time: 77.5192408562
Iter time: 149.75622201
Iter time: 258.587900162
120     , -14700.4    , array([ 0.0403563  ,  0.071586   ,  0.201786   ,  0.536847   ,  1.89896    ,  1.54923    ,  3.76804    ,  0.242063   ,  0.242342   ,  0.0150059  ,  1.0174     ])
Iter time: 78.0601990223
Iter time: 151.075158119
Iter time: 259.674546003
121     , -14517.2    , array([ 0.0362297  ,  0.0707014  ,  0.206305   ,  0.541593   ,  1.80999    ,  1.54111    ,  3.80973    ,  0.260505   ,  0.237141   ,  0.0180516  ,  1.01779    ])
Iter time: 115.307745218
Iter time: 224.239890814
Iter time: 388.062417984
122     , -13628.7    , array([ 0.0256475  ,  0.0563492  ,  0.2098     ,  0.54756    ,  1.13607    ,  1.54391    ,  5.68255    ,  0.339193   ,  0.235107   ,  0.0226406  ,  1.01958    ])
Iter time: 86.6947491169
Iter time: 168.098535061
Iter time: 289.094545126
123     , -14251.2    , array([ 0.0331662  ,  0.0589913  ,  0.209493   ,  0.541748   ,  1.59678    ,  1.54013    ,  4.25007    ,  0.271293   ,  0.256551   ,  0.0192314  ,  1.01815    ])
Iter time: 95.3762691021
Iter time: 185.336655855
Iter time: 318.129463911
124     , -13960.4    , array([ 0.0293281  ,  0.0639849  ,  0.216298   ,  0.54379    ,  1.37807    ,  1.52864    ,  4.72334    ,  0.291264   ,  0.247053   ,  0.0168298  ,  1.01901    ])
Iter time: 112.356010199
Iter time: 217.852572203
Iter time: 375.396262884
125     , -13932.3    , array([ 0.0282416  ,  0.056537   ,  0.208211   ,  0.539906   ,  1.22877    ,  1.5391     ,  5.54662    ,  0.291173   ,  0.241996   ,  0.0221706  ,  1.01963    ])
Iter time: 116.669244051
Iter time: 226.094446898
Iter time: 391.110512018
126     , -13615      , array([ 0.0241958  ,  0.05393    ,  0.221186   ,  0.542151   ,  1.10031    ,  1.55154    ,  5.71846    ,  0.311038   ,  0.247577   ,  0.0222653  ,  1.01928    ])
Iter time: 187.362033844
Iter time: 362.95408988
Iter time: 628.403436899
127     , -12714.8    , array([ 0.0152153  ,  0.0402115  ,  0.235703   ,  0.545406   ,  0.618536   ,  1.56448    ,  9.15809    ,  0.400706   ,  0.252564   ,  0.0292255  ,  1.02105    ])
Iter time: 139.25844717
Iter time: 270.354083061
Iter time: 467.878602982
128     , -13276.4    , array([ 0.0214072  ,  0.048131   ,  0.207985   ,  0.549777   ,  0.907302   ,  1.55199    ,  6.84491    ,  0.357595   ,  0.258217   ,  0.0231526  ,  1.02036    ])
Iter time: 143.322638988
Iter time: 278.277568102
Iter time: 479.852263927
129     , -13064.3    , array([ 0.0221097  ,  0.0463639  ,  0.224692   ,  0.535874   ,  0.799621   ,  1.54769    ,  7.07864    ,  0.391061   ,  0.249668   ,  0.0252704  ,  1.02087    ])
Iter time: 66.3144090176
Iter time: 128.472930908
Iter time: 220.325968981
131     , -14695.2    , array([ 0.0397432  ,  0.075512   ,  0.209254   ,  0.529579   ,  2.08371    ,  1.5357     ,  3.23122    ,  0.244098   ,  0.247892   ,  0.0169973  ,  1.01719    ])
Iter time: 167.052880049
Iter time: 324.250750065
Iter time: 559.834408998
132     , -12991.8    , array([ 0.0198663  ,  0.0432079  ,  0.228554   ,  0.545142   ,  0.758493   ,  1.55974    ,  8.19987    ,  0.395199   ,  0.254668   ,  0.0248524  ,  1.02129    ])
Iter time: 175.543150187
Iter time: 338.120787859
Iter time: 583.739387989
133     , -12779.8    , array([ 0.0178588  ,  0.0425117  ,  0.22447    ,  0.54866    ,  0.684548   ,  1.55695    ,  8.56522    ,  0.423502   ,  0.257608   ,  0.027985   ,  1.02171    ])
Iter time: 178.381675959
Iter time: 346.285352945
Iter time: 597.294100046
134     , -12600.6    , array([ 0.0159667  ,  0.0401699  ,  0.234071   ,  0.550214   ,  0.63695    ,  1.54678    ,  8.8255     ,  0.436028   ,  0.257063   ,  0.0325518  ,  1.02207    ])
Iter time: 92.1741569042
Iter time: 178.334429026
Iter time: 307.295240164
137     , -14033      , array([ 0.0304727  ,  0.0618344  ,  0.214343   ,  0.537422   ,  1.43442    ,  1.54234    ,  4.51837    ,  0.289131   ,  0.249153   ,  0.019963   ,  1.01868    ])
Iter time: 99.6990201473
Iter time: 193.471805096
Iter time: 333.909138918
139     , -14004.4    , array([ 0.0299924  ,  0.0593727  ,  0.218727   ,  0.54771    ,  1.35528    ,  1.55376    ,  4.86766    ,  0.288135   ,  0.248004   ,  0.0210092  ,  1.01923    ])
Iter time: 203.364820957
Iter time: 395.502231836
Iter time: 681.668857098
140     , -12569.9    , array([ 0.0154229  ,  0.0424924  ,  0.23115    ,  0.547583   ,  0.562687   ,  1.5572     ,  9.9931     ,  0.452767   ,  0.243631   ,  0.0293908  ,  1.02249    ])
Iter time: 114.39119792
Iter time: 221.604614973
Iter time: 382.322145939
143     , -13597.3    , array([ 0.0254524  ,  0.0546996  ,  0.217927   ,  0.541489   ,  1.11749    ,  1.54616    ,  5.6258     ,  0.324885   ,  0.249326   ,  0.022172   ,  1.01967    ])
Iter time: 119.883527994
Iter time: 232.188934088
Iter time: 400.580836058
145     , -13569.9    , array([ 0.0250633  ,  0.0534004  ,  0.220108   ,  0.546363   ,  1.07674    ,  1.55153    ,  5.87775    ,  0.326099   ,  0.24881    ,  0.0228013  ,  1.01996    ])
Iter time: 118.321901083
Iter time: 229.443912029
Iter time: 395.802038908
147     , -13527.4    , array([ 0.0246078  ,  0.0549819  ,  0.219056   ,  0.544522   ,  1.07365    ,  1.53997    ,  5.84779    ,  0.329553   ,  0.248413   ,  0.0206914  ,  1.0199     ])
Iter time: 194.628592968
Iter time: 379.484691858
Iter time: 652.301908016
148     , -12355.7    , array([ 0.0147217  ,  0.0392817  ,  0.238572   ,  0.551507   ,  0.555614   ,  1.56395    ,  9.54146    ,  0.488375   ,  0.259044   ,  0.0288248  ,  1.022      ])
Iter time: 133.750473976
Iter time: 259.267075777
Iter time: 447.466148853
151     , -13292.1    , array([ 0.0222985  ,  0.0506934  ,  0.217506   ,  0.546796   ,  0.937873   ,  1.5486     ,  6.58283    ,  0.363618   ,  0.243692   ,  0.0241879  ,  1.0203     ])
Iter time: 134.018944025
Iter time: 260.002751827
Iter time: 448.690468073
153     , -13265.4    , array([ 0.0220803  ,  0.0497736  ,  0.221659   ,  0.543997   ,  0.922793   ,  1.54984    ,  6.59682    ,  0.357693   ,  0.250693   ,  0.0240311  ,  1.02038    ])
Iter time: 137.760360003
Iter time: 267.415513039
Iter time: 461.931790113
155     , -13240.7    , array([ 0.0217851  ,  0.0490219  ,  0.222836   ,  0.546332   ,  0.899481   ,  1.55245    ,  6.77839    ,  0.35987    ,  0.250519   ,  0.024428   ,  1.02055    ])
Iter time: 137.877174139
Iter time: 269.403091192
Iter time: 463.562129021
157     , -13206.7    , array([ 0.021467   ,  0.0494838  ,  0.222476   ,  0.545493   ,  0.890991   ,  1.54722    ,  6.80663    ,  0.363221   ,  0.250415   ,  0.0234466  ,  1.02054    ])
Iter time: 195.203860044
Iter time: 379.059489012
Iter time: 653.853718042
158     , -12555.9    , array([ 0.0156194  ,  0.0389542  ,  0.235688   ,  0.545899   ,  0.577534   ,  1.56018    ,  9.59338    ,  0.440657   ,  0.262786   ,  0.0290193  ,  1.02211    ])
Iter time: 199.632280827
Iter time: 386.872946024
Iter time: 668.245233059
159     , -12446.6    , array([ 0.0153635  ,  0.03948    ,  0.252145   ,  0.542241   ,  0.549923   ,  1.55826    ,  9.81007    ,  0.465422   ,  0.248796   ,  0.0315877  ,  1.02238    ])
Iter time: 152.047842979
Iter time: 296.020259857
Iter time: 511.625189066
161     , -13005.9    , array([ 0.0196836  ,  0.0460921  ,  0.226625   ,  0.544915   ,  0.788583   ,  1.55286    ,  7.48619    ,  0.3866     ,  0.251987   ,  0.0258115  ,  1.02096    ])
Iter time: 154.977910995
Iter time: 301.274410963
Iter time: 519.456487894
163     , -12984.7    , array([ 0.0194617  ,  0.0456148  ,  0.2274     ,  0.546019   ,  0.773916   ,  1.55419    ,  7.62285    ,  0.38904    ,  0.251967   ,  0.0260891  ,  1.02107    ])
Iter time: 155.963839054
Iter time: 302.567939997
Iter time: 521.989241123
165     , -12958.4    , array([ 0.0192331  ,  0.0456599  ,  0.227442   ,  0.545623   ,  0.765338   ,  1.55188    ,  7.67814    ,  0.392069   ,  0.251985   ,  0.025684   ,  1.02109    ])
Iter time: 159.329743147
Iter time: 309.477498055
Iter time: 534.133099079
167     , -12886.8    , array([ 0.0193957  ,  0.0441663  ,  0.228698   ,  0.541235   ,  0.723592   ,  1.55231    ,  7.85904    ,  0.406864   ,  0.251715   ,  0.0266839  ,  1.02126    ])
Iter time: 164.566572189
Iter time: 320.885485888
Iter time: 551.403384924
169     , -12853.2    , array([ 0.0182883  ,  0.0439513  ,  0.229775   ,  0.545614   ,  0.715777   ,  1.55487    ,  8.09999    ,  0.405478   ,  0.252868   ,  0.0270088  ,  1.02132    ])
Iter time: 189.679044962
Iter time: 368.552866936
Iter time: 636.689498186
170     , -12421.4    , array([ 0.0143164  ,  0.0407772  ,  0.2377     ,  0.547573   ,  0.550665   ,  1.55317    ,  9.34634    ,  0.459786   ,  0.252515   ,  0.0326287  ,  1.02208    ])
Iter time: 167.414534807
Iter time: 325.253281116
Iter time: 563.272711039
172     , -12810.7    , array([ 0.0178656  ,  0.0435346  ,  0.230688   ,  0.546258   ,  0.696367   ,  1.55527    ,  8.24508    ,  0.410334   ,  0.252802   ,  0.0275351  ,  1.02142    ])
Iter time: 168.48084116
Iter time: 327.191799879
Iter time: 566.470360041
174     , -12791.3    , array([ 0.0177009  ,  0.0434619  ,  0.230858   ,  0.546089   ,  0.689531   ,  1.55427    ,  8.30176    ,  0.412782   ,  0.252848   ,  0.0274071  ,  1.02145    ])
Iter time: 170.954638004
Iter time: 331.743935823
Iter time: 572.71745801
176     , -12752.8    , array([ 0.0177018  ,  0.0427139  ,  0.231593   ,  0.544109   ,  0.668994   ,  1.55458    ,  8.41994    ,  0.420775   ,  0.252764   ,  0.0279694  ,  1.02154    ])
Iter time: 174.002609015
Iter time: 338.775381088
Iter time: 583.008476973
178     , -12732.1    , array([ 0.0171636  ,  0.0425545  ,  0.232221   ,  0.546237   ,  0.66333    ,  1.55585    ,  8.56311    ,  0.420765   ,  0.253338   ,  0.0281839  ,  1.02158    ])
Iter time: 175.630531788
Iter time: 342.276658058
Iter time: 590.208083153
180     , -12707.9    , array([ 0.0169332  ,  0.0423085  ,  0.232752   ,  0.546559   ,  0.65283    ,  1.55607    ,  8.65433    ,  0.423761   ,  0.253329   ,  0.0284873  ,  1.02164    ])
Iter time: 177.955950022
Iter time: 344.199069977
Iter time: 592.345335007
182     , -12694.8    , array([ 0.0168211  ,  0.0422215  ,  0.232924   ,  0.546495   ,  0.648005   ,  1.55565    ,  8.70046    ,  0.42553    ,  0.253374   ,  0.028471   ,  1.02166    ])
Iter time: 197.920789003
Iter time: 384.297841072
Iter time: 663.578622103
183     , -12421.7    , array([ 0.0141528  ,  0.0395247  ,  0.247702   ,  0.544759   ,  0.536377   ,  1.55688    ,  9.7348     ,  0.45478    ,  0.249495   ,  0.0313561  ,  1.02204    ])
Iter time: 179.509377003
Iter time: 347.937990904
Iter time: 600.989342928
185     , -12656.6    , array([ 0.016606   ,  0.0416963  ,  0.234402   ,  0.545435   ,  0.63033    ,  1.55585    ,  8.82644    ,  0.431244   ,  0.252991   ,  0.0289341  ,  1.02173    ])
Iter time: 182.559087038
Iter time: 352.197561979
Iter time: 607.132551193
187     , -12643.2    , array([ 0.0163271  ,  0.0415799  ,  0.23482    ,  0.546464   ,  0.626202   ,  1.55649    ,  8.91342    ,  0.431721   ,  0.253263   ,  0.0290795  ,  1.02176    ])
Iter time: 189.044408083
Iter time: 367.584228039
Iter time: 632.912884951
188     , -12382.2    , array([ 0.0160586  ,  0.0412984  ,  0.239042   ,  0.548174   ,  0.566248   ,  1.54837    ,  9.35346    ,  0.496359   ,  0.25394    ,  0.0307744  ,  1.02295    ])
Iter time: 182.261296988
Iter time: 353.883865118
Iter time: 611.055474043
190     , -12613.4    , array([ 0.0162301  ,  0.041477   ,  0.235333   ,  0.546747   ,  0.617567   ,  1.55589    ,  8.98141    ,  0.437862   ,  0.253318   ,  0.0293318  ,  1.02188    ])
Iter time: 182.97181201
Iter time: 357.197213173
Iter time: 613.676240206
192     , -12603.3    , array([ 0.0161499  ,  0.0414009  ,  0.23553    ,  0.546727   ,  0.613937   ,  1.55569    ,  9.01833    ,  0.439346   ,  0.253338   ,  0.0293631  ,  1.0219     ])
Iter time: 201.657608032
Iter time: 391.626990795
Iter time: 676.053345919
193     , -12365.5    , array([ 0.014405   ,  0.0394741  ,  0.2422     ,  0.54872    ,  0.534181   ,  1.55556    ,  9.93879    ,  0.478753   ,  0.253675   ,  0.0317799  ,  1.02257    ])
Iter time: 186.518764019
Iter time: 361.766498089
Iter time: 624.872391939
195     , -12562.8    , array([ 0.0158007  ,  0.0409749  ,  0.236871   ,  0.546872   ,  0.598458   ,  1.55605    ,  9.1823     ,  0.444991   ,  0.253317   ,  0.0298152  ,  1.02199    ])
Iter time: 187.350026131
Iter time: 365.48024106
Iter time: 627.758471012
197     , -12545.8    , array([ 0.0157345  ,  0.0409016  ,  0.2372     ,  0.547019   ,  0.593469   ,  1.55576    ,  9.22653    ,  0.448474   ,  0.253344   ,  0.0299665  ,  1.02206    ])
Iter time: 188.008409977
Iter time: 365.21214509
Iter time: 629.934171915
199     , -12538.2    , array([ 0.015677   ,  0.0408415  ,  0.237376   ,  0.547022   ,  0.590811   ,  1.55567    ,  9.25507    ,  0.449653   ,  0.253354   ,  0.0300102  ,  1.02207    ])
Iter time: 185.749955893
Iter time: 360.817797184
Iter time: 619.817173958
201     , -12533.7    , array([ 0.0155748  ,  0.04026    ,  0.23679    ,  0.548619   ,  0.599729   ,  1.55161    ,  9.17539    ,  0.448579   ,  0.255042   ,  0.0314811  ,  1.02216    ])
Iter time: 182.018232822
Iter time: 354.551585913
Iter time: 610.967492819
202     , -12366.4    , array([ 0.0149925  ,  0.0379422  ,  0.249326   ,  0.546664   ,  0.573294   ,  1.55469    ,  8.96556    ,  0.469592   ,  0.265001   ,  0.0319349  ,  1.02195    ])
Iter time: 197.668184042
Iter time: 383.555402994
Iter time: 661.772025108
203     , -12334.6    , array([ 0.014495   ,  0.0388011  ,  0.245582   ,  0.547336   ,  0.534833   ,  1.55559    ,  9.71494    ,  0.482494   ,  0.256967   ,  0.031876   ,  1.02244    ])
Iter time: 202.962234974
Iter time: 394.439277887
Iter time: 681.119177103
204     , -12223.8    , array([ 0.0138832  ,  0.0377578  ,  0.250057   ,  0.547568   ,  0.505603   ,  1.55536    ,  9.99273    ,  0.502414   ,  0.258812   ,  0.0329592  ,  1.02266    ])
Iter time: 189.886864901
Iter time: 370.393000126
Iter time: 636.812486172
205     , -12278.8    , array([ 0.0143525  ,  0.0405831  ,  0.249485   ,  0.548616   ,  0.540967   ,  1.5506     ,  9.36786    ,  0.498999   ,  0.247022   ,  0.0335172  ,  1.02242    ])
Iter time: 198.43352294
Iter time: 386.754034042
Iter time: 667.209044933
206     , -12243.8    , array([ 0.0140113  ,  0.0385959  ,  0.250181   ,  0.547783   ,  0.51765    ,  1.55407    ,  9.76729    ,  0.49991    ,  0.255054   ,  0.0331253  ,  1.02254    ])
Iter time: 200.603070974
Iter time: 388.423326015
Iter time: 671.205881834
207     , -12198.9    , array([ 0.0137784  ,  0.0382573  ,  0.252395   ,  0.547918   ,  0.50763    ,  1.55387    ,  9.83301    ,  0.508298   ,  0.255354   ,  0.0336764  ,  1.02261    ])
Iter time: 190.668493986
Iter time: 371.839407206
Iter time: 637.465750933
210     , -12433.8    , array([ 0.0150455  ,  0.0398001  ,  0.241447   ,  0.548013   ,  0.568768   ,  1.55329    ,  9.38523    ,  0.465732   ,  0.254711   ,  0.0317325  ,  1.02227    ])
Iter time: 190.040930986
Iter time: 368.884253025
Iter time: 637.074067831
211     , -12227.7    , array([ 0.0136976  ,  0.0392688  ,  0.238497   ,  0.553686   ,  0.53234    ,  1.5508     ,  9.31888    ,  0.502424   ,  0.261203   ,  0.0324161  ,  1.02236    ])
Iter time: 198.219362974
Iter time: 385.864788055
Iter time: 664.916941881
212     , -12200.3    , array([ 0.0137503  ,  0.0388579  ,  0.248509   ,  0.548882   ,  0.508545   ,  1.5553     ,  9.72815    ,  0.509061   ,  0.256308   ,  0.0323934  ,  1.02249    ])
Iter time: 190.165914059
Iter time: 372.000568867
Iter time: 637.502336025
213     , -12168.3    , array([ 0.0145412  ,  0.0390078  ,  0.242376   ,  0.552918   ,  0.534056   ,  1.55143    ,  9.37766    ,  0.532118   ,  0.262951   ,  0.0329769  ,  1.0228     ])
Iter time: 186.44462204
Iter time: 361.86456418
Iter time: 626.60649395
214     , -12039.5    , array([ 0.0147393  ,  0.0387518  ,  0.239757   ,  0.557044   ,  0.532899   ,  1.54871    ,  9.20404    ,  0.575587   ,  0.269949   ,  0.0338184  ,  1.02318    ])
Iter time: 198.066118956
Iter time: 383.6638062
Iter time: 662.983546019
215     , -12101.3    , array([ 0.0144513  ,  0.0374611  ,  0.252971   ,  0.551794   ,  0.517107   ,  1.55433    ,  9.74021    ,  0.548265   ,  0.262979   ,  0.0318978  ,  1.02296    ])
Iter time: 202.707578897
Iter time: 393.511771917
Iter time: 679.326810122
216     , -12099.9    , array([ 0.0126388  ,  0.0363382  ,  0.254155   ,  0.551849   ,  0.494644   ,  1.56023    ,  9.80477    ,  0.517134   ,  0.263171   ,  0.0340409  ,  1.0221     ])
Iter time: 188.865674019
Iter time: 367.221875906
Iter time: 634.335677862
218     , -12288.7    , array([ 0.0145017  ,  0.0382633  ,  0.248116   ,  0.548569   ,  0.547143   ,  1.55474    ,  9.30374    ,  0.489907   ,  0.261655   ,  0.0322434  ,  1.02224    ])
Iter time: 190.07638216
Iter time: 368.639667034
Iter time: 637.931636095
219     , -12046.6    , array([ 0.0136755  ,  0.0375071  ,  0.252824   ,  0.552219   ,  0.512687   ,  1.55387    ,  9.26675    ,  0.547926   ,  0.264601   ,  0.0334367  ,  1.02244    ])
Iter time: 195.915970087
Iter time: 380.657852888
Iter time: 658.652604103
220     , -12004.7    , array([ 0.0132032  ,  0.0373754  ,  0.25939    ,  0.549558   ,  0.485756   ,  1.54373    ,  9.60151    ,  0.548486   ,  0.260119   ,  0.0378729  ,  1.02309    ])
Iter time: 198.306886911
Iter time: 384.738866091
Iter time: 664.631223917
221     , -11839.8    , array([ 0.0125038  ,  0.0364573  ,  0.27047    ,  0.548586   ,  0.454194   ,  1.53371    ,  9.63167    ,  0.581261   ,  0.260658   ,  0.043412   ,  1.02364    ])
Iter time: 203.374725103
Iter time: 394.871201038
Iter time: 679.17224288
222     , -11982.2    , array([ 0.013047   ,  0.0380343  ,  0.253355   ,  0.552504   ,  0.476858   ,  1.54903    ,  9.90905    ,  0.564035   ,  0.257343   ,  0.0357388  ,  1.0231     ])
Iter time: 203.897413015
Iter time: 397.72744298
Iter time: 683.86471796
223     , -11939.6    , array([ 0.0129561  ,  0.0354398  ,  0.252672   ,  0.553166   ,  0.471367   ,  1.55288    ,  9.94224    ,  0.566232   ,  0.274625   ,  0.0347841  ,  1.02305    ])
Iter time: 196.297207832
Iter time: 381.398931026
Iter time: 658.821464062
224     , -11917.9    , array([ 0.013084   ,  0.0366909  ,  0.252423   ,  0.554993   ,  0.484281   ,  1.5492     ,  9.56648    ,  0.578147   ,  0.269576   ,  0.0355097  ,  1.02302    ])
Iter time: 193.768075943
Iter time: 376.45837307
Iter time: 650.484907866
226     , -12139.4    , array([ 0.0135901  ,  0.0383229  ,  0.245447   ,  0.552589   ,  0.514056   ,  1.55114    ,  9.50235    ,  0.523045   ,  0.262084   ,  0.0334816  ,  1.0226     ])
Iter time: 191.825171947
Iter time: 372.449212074
Iter time: 645.046753883
227     , -11867.1    , array([ 0.0130445  ,  0.0371454  ,  0.254306   ,  0.556372   ,  0.488835   ,  1.54686    ,  9.30977    ,  0.594472   ,  0.267801   ,  0.036389   ,  1.02301    ])
Iter time: 194.635143042
Iter time: 378.149796009
Iter time: 653.142842054
228     , -11829.3    , array([ 0.0130449  ,  0.0357991  ,  0.256965   ,  0.556409   ,  0.482526   ,  1.54539    ,  9.48685    ,  0.603492   ,  0.272583   ,  0.0378158  ,  1.02328    ])
Iter time: 193.834100962
Iter time: 375.458197117
Iter time: 648.881150007
229     , -11645.9    , array([ 0.0127059  ,  0.0343612  ,  0.261301   ,  0.560212   ,  0.47002    ,  1.54045    ,  9.36845    ,  0.657086   ,  0.281104   ,  0.0408585  ,  1.02368    ])
Iter time: 192.267202854
Iter time: 373.208656073
Iter time: 644.779959917
230     , -11730.7    , array([ 0.012828   ,  0.035658   ,  0.254608   ,  0.559641   ,  0.476678   ,  1.54437    ,  9.30346    ,  0.633281   ,  0.278423   ,  0.0376764  ,  1.02335    ])
Iter time: 197.191410065
Iter time: 383.444628
Iter time: 662.219786882
231     , -11715.7    , array([ 0.0128699  ,  0.0351335  ,  0.263567   ,  0.556191   ,  0.464303   ,  1.54586    ,  9.59024    ,  0.637202   ,  0.274272   ,  0.0387177  ,  1.0235     ])
Iter time: 196.897283792
Iter time: 382.397580147
Iter time: 660.513512135
232     , -11697.2    , array([ 0.0118506  ,  0.035525   ,  0.257642   ,  0.557798   ,  0.452612   ,  1.54116    ,  9.32968    ,  0.624735   ,  0.275436   ,  0.0420974  ,  1.02324    ])
Iter time: 187.53373003
Iter time: 364.259366989
Iter time: 628.848010063
233     , -11606.6    , array([ 0.0133924  ,  0.0364724  ,  0.257079   ,  0.558831   ,  0.465587   ,  1.5319     ,  9.18493    ,  0.685502   ,  0.277524   ,  0.0410004  ,  1.02431    ])
Iter time: 180.517102003
Iter time: 350.51593399
Iter time: 605.38536787
234     , -11356.7    , array([ 0.0137859  ,  0.0365396  ,  0.258553   ,  0.562354   ,  0.451705   ,  1.51793    ,  8.88987    ,  0.789244   ,  0.284992   ,  0.0449969  ,  1.02542    ])
Iter time: 198.976669073
Iter time: 386.53344512
Iter time: 667.170976877
235     , -11541.3    , array([ 0.0123952  ,  0.0351682  ,  0.259487   ,  0.560306   ,  0.438977   ,  1.53163    ,  9.64511    ,  0.691363   ,  0.279776   ,  0.0440568  ,  1.0245     ])
Iter time: 209.064075947
Iter time: 406.255182028
Iter time: 701.683751822
236     , -11484.1    , array([ 0.0111441  ,  0.0334433  ,  0.277592   ,  0.556043   ,  0.407698   ,  1.53365    ,  9.79382    ,  0.680439   ,  0.276021   ,  0.0457053  ,  1.024      ])
Iter time: 191.225026846
Iter time: 370.487347841
Iter time: 639.335257053
237     , -11429.6    , array([ 0.0122337  ,  0.0332866  ,  0.267093   ,  0.561263   ,  0.442815   ,  1.53055    ,  9.07769    ,  0.718471   ,  0.293254   ,  0.0452275  ,  1.02424    ])
Iter time: 187.832468033
Iter time: 363.680860996
Iter time: 628.704688072
238     , -11376.7    , array([ 0.0121918  ,  0.0353186  ,  0.270532   ,  0.562074   ,  0.442913   ,  1.52274    ,  8.89897    ,  0.74735    ,  0.278099   ,  0.0487408  ,  1.02451    ])
Iter time: 193.274935961
Iter time: 375.400666952
Iter time: 646.871816158
239     , -11303.2    , array([ 0.0119186  ,  0.0338787  ,  0.274231   ,  0.561517   ,  0.424159   ,  1.52158    ,  9.12768    ,  0.766919   ,  0.284916   ,  0.050575   ,  1.02481    ])
Iter time: 193.438519955
Iter time: 375.826962948
Iter time: 648.12946701
240     , -11009      , array([ 0.0113754  ,  0.0325545  ,  0.285832   ,  0.564807   ,  0.396958   ,  1.50796    ,  8.91589    ,  0.883294   ,  0.29291    ,  0.0603573  ,  1.02571    ])
Iter time: 197.261850834
Iter time: 383.307017088
Iter time: 663.150099993
241     , -11198.4    , array([ 0.0116608  ,  0.032671   ,  0.278046   ,  0.56166    ,  0.4046     ,  1.51684    ,  9.30593    ,  0.801539   ,  0.291516   ,  0.0541089  ,  1.02532    ])
Iter time: 189.983031034
Iter time: 369.061909199
Iter time: 637.161250114
242     , -11095.3    , array([ 0.0120116  ,  0.0326306  ,  0.262746   ,  0.572076   ,  0.426399   ,  1.52677    ,  8.93883    ,  0.869076   ,  0.30566    ,  0.0472086  ,  1.02499    ])
Iter time: 196.105842113
Iter time: 380.785093069
Iter time: 657.710474014
243     , -11101.7    , array([ 0.0115689  ,  0.0328282  ,  0.280715   ,  0.56302    ,  0.398135   ,  1.51308    ,  9.18715    ,  0.84494    ,  0.291054   ,  0.0566723  ,  1.02557    ])
Iter time: 192.484193087
Iter time: 374.011665106
Iter time: 645.594005823
244     , -11010.2    , array([ 0.0113099  ,  0.0329096  ,  0.2743     ,  0.56777    ,  0.397479   ,  1.50574    ,  8.84311    ,  0.883948   ,  0.298666   ,  0.0591038  ,  1.02581    ])
Iter time: 189.190831184
Iter time: 367.58100605
Iter time: 635.780721903
245     , -10891      , array([ 0.0121788  ,  0.0320975  ,  0.283822   ,  0.567962   ,  0.398229   ,  1.50397    ,  9.00199    ,  0.960315   ,  0.301815   ,  0.0578179  ,  1.02654    ])
Iter time: 185.476462841
Iter time: 360.497668982
Iter time: 622.479180813
246     , -10497.3    , array([ 0.0123463  ,  0.0305098  ,  0.297893   ,  0.573114   ,  0.37354    ,  1.48571    ,  8.84248    ,  1.19062    ,  0.315936   ,  0.0677588  ,  1.02819    ])
Iter time: 194.168582916
Iter time: 376.903362989
Iter time: 653.484709024
247     , -10747.6    , array([ 0.0112999  ,  0.0324751  ,  0.286597   ,  0.567861   ,  0.36779    ,  1.49479    ,  8.87105    ,  1.01724    ,  0.302078   ,  0.0653097  ,  1.02692    ])
Iter time: 187.685395002
Iter time: 365.104377985
Iter time: 630.344348907
248     , -10709.8    , array([ 0.0113899  ,  0.0312736  ,  0.293862   ,  0.56915    ,  0.381333   ,  1.49676    ,  8.48652    ,  1.03713    ,  0.307774   ,  0.0650626  ,  1.02653    ])
Iter time: 172.685752153
Iter time: 335.321564913
Iter time: 581.002017975
249     , -10606      , array([ 0.012719   ,  0.0324879  ,  0.277555   ,  0.575948   ,  0.405628   ,  1.48819    ,  8.14276    ,  1.13771    ,  0.318198   ,  0.0668749  ,  1.02749    ])
Iter time: 186.877282143
Iter time: 362.981419086
Iter time: 626.928098917
250     , -10516.5    , array([ 0.0116684  ,  0.0324971  ,  0.290488   ,  0.573277   ,  0.367552   ,  1.48361    ,  8.61323    ,  1.1714     ,  0.303978   ,  0.0725621  ,  1.02784    ])
Iter time: 190.236903191
Iter time: 368.594747782
Iter time: 636.016703844
251     , -10420      , array([ 0.0116155  ,  0.0301673  ,  0.290531   ,  0.574507   ,  0.355218   ,  1.48417    ,  8.73423    ,  1.22202    ,  0.325771   ,  0.0723838  ,  1.02818    ])
Iter time: 192.411868095
Iter time: 373.637813091
Iter time: 644.695939064
252     , -9969.55    , array([ 0.0113377  ,  0.0278806  ,  0.301079   ,  0.580826   ,  0.318114   ,  1.46526    ,  8.653      ,  1.56263    ,  0.352588   ,  0.0882096  ,  1.03002    ])
Iter time: 288.363806009
Iter time: 456.12669611
Iter time: 696.568883896
253     , -10234.8    , array([ 0.00991361 ,  0.02776    ,  0.312524   ,  0.577605   ,  0.326793   ,  1.47935    ,  8.70034    ,  1.31017    ,  0.330435   ,  0.0886142  ,  1.02811    ])
Iter time: 184.811558008
Iter time: 358.843698978
Iter time: 619.710371971
254     , -10168.1    , array([ 0.0113794  ,  0.030141   ,  0.296857   ,  0.581271   ,  0.350944   ,  1.47369    ,  8.21029    ,  1.41064    ,  0.330485   ,  0.0806062  ,  1.02872    ])
Iter time: 183.686529875
Iter time: 356.424138069
Iter time: 615.82143712
255     , -10095.9    , array([ 0.0114354  ,  0.0295345  ,  0.297039   ,  0.58324    ,  0.348555   ,  1.47029    ,  8.14818    ,  1.46888    ,  0.338744   ,  0.082051   ,  1.02903    ])
Iter time: 190.069764853
Iter time: 369.18898201
Iter time: 637.595763922
256     , -9953.53    , array([ 0.010916   ,  0.0291796  ,  0.324512   ,  0.576028   ,  0.313739   ,  1.44715    ,  8.23471    ,  1.57107    ,  0.328642   ,  0.108913   ,  1.03036    ])
Iter time: 194.292886019
Iter time: 378.137830973
Iter time: 652.031795979
257     , -9468.65    , array([ 0.0104062  ,  0.0275935  ,  0.360644   ,  0.578014   ,  0.269119   ,  1.40891    ,  7.90372    ,  2.11233    ,  0.340774   ,  0.165429   ,  1.03305    ])
Iter time: 184.651390791
Iter time: 359.230596066
Iter time: 620.233392954
258     , -9735.63    , array([ 0.0114191  ,  0.0280201  ,  0.3267     ,  0.582286   ,  0.313527   ,  1.44973    ,  8.1556     ,  1.80973    ,  0.3445     ,  0.104896   ,  1.03085    ])
Iter time: 183.387601137
Iter time: 356.210758924
Iter time: 615.643912077
259     , -9521.99    , array([ 0.0113612  ,  0.0275638  ,  0.321231   ,  0.588593   ,  0.300756   ,  1.43727    ,  7.959      ,  2.06335    ,  0.361787   ,  0.113576   ,  1.03189    ])
Iter time: 180.450672865
Iter time: 350.996999025
Iter time: 605.99870801
260     , -9545.1     , array([ 0.0114484  ,  0.0268195  ,  0.327089   ,  0.589257   ,  0.312946   ,  1.43963    ,  7.84298    ,  2.03751    ,  0.362502   ,  0.116073   ,  1.03158    ])
Iter time: 184.504201889
Iter time: 358.375274897
Iter time: 620.404994965
261     , -9379.18    , array([ 0.0113684  ,  0.0270827  ,  0.325275   ,  0.591646   ,  0.291179   ,  1.4276     ,  8.08164    ,  2.25949    ,  0.366539   ,  0.129445   ,  1.03289    ])
Iter time: 183.55192709
Iter time: 356.760426998
Iter time: 615.921118021
262     , -8832.75    , array([ 0.0113577  ,  0.0252028  ,  0.34222    ,  0.603226   ,  0.254441   ,  1.39423    ,  7.88651    ,  3.33502    ,  0.400004   ,  0.182584   ,  1.03609    ])
Iter time: 206.860291958
Iter time: 402.932448864
Iter time: 695.917062998
263     , -9200.15    , array([ 0.0099731  ,  0.0248942  ,  0.357753   ,  0.589603   ,  0.251484   ,  1.41889    ,  8.374      ,  2.50458    ,  0.369591   ,  0.151169   ,  1.03348    ])
Iter time: 193.625789881
Iter time: 375.951753855
Iter time: 649.360288858
264     , -9054.53    , array([ 0.0105652  ,  0.0237099  ,  0.355018   ,  0.595381   ,  0.259033   ,  1.41177    ,  7.87616    ,  2.79296    ,  0.400875   ,  0.159211   ,  1.03416    ])
Iter time: 204.989001989
Iter time: 399.048341036
Iter time: 688.616374969
265     , -8876.73    , array([ 0.00970619 ,  0.0241226  ,  0.357414   ,  0.599692   ,  0.238468   ,  1.39675    ,  7.51221    ,  3.20866    ,  0.402767   ,  0.199146   ,  1.0349     ])
Iter time: 172.227671146
Iter time: 334.802216053
Iter time: 578.189182997
266     , -8819.03    , array([ 0.0120416  ,  0.0258437  ,  0.349096   ,  0.599103   ,  0.257403   ,  1.38818    ,  7.43381    ,  3.43159    ,  0.399206   ,  0.176431   ,  1.03622    ])
Iter time: 156.742974043
Iter time: 304.58017683
Iter time: 528.611726046
267     , -8348.87    , array([ 0.0132712  ,  0.0249358  ,  0.368957   ,  0.61015    ,  0.228446   ,  1.34472    ,  6.87146    ,  5.55366    ,  0.438785   ,  0.248948   ,  1.04031    ])
Iter time: 189.680398941
Iter time: 369.359287977
Iter time: 638.732537031
268     , -8602.91    , array([ 0.0107879  ,  0.0229957  ,  0.382341   ,  0.600596   ,  0.221691   ,  1.3705     ,  7.62664    ,  4.08902    ,  0.420256   ,  0.238097   ,  1.03772    ])
Iter time: 192.559440136
Iter time: 374.448660135
Iter time: 647.128777027
269     , -8463.89    , array([ 0.010622   ,  0.022424   ,  0.400055   ,  0.601769   ,  0.205582   ,  1.35623    ,  7.5929     ,  4.73034    ,  0.426401   ,  0.283896   ,  1.03899    ])
Iter time: 188.390630007
Iter time: 366.459832907
Iter time: 631.735735893
270     , -8374.69    , array([ 0.0105873  ,  0.022832   ,  0.41562    ,  0.608173   ,  0.208065   ,  1.34189    ,  6.98203    ,  5.43853    ,  0.424065   ,  0.326607   ,  1.03964    ])
Iter time: 193.645523787
Iter time: 376.643631935
Iter time: 651.806941032
271     , -8304.94    , array([ 0.0103683  ,  0.0218881  ,  0.400161   ,  0.611466   ,  0.195943   ,  1.33734    ,  7.20153    ,  5.73601    ,  0.450731   ,  0.337651   ,  1.0404     ])
Iter time: 199.604982853
Iter time: 389.314051867
Iter time: 671.889428139
273     , -8258.09    , array([ 0.010157   ,  0.0220385  ,  0.414611   ,  0.60831    ,  0.180287   ,  1.32879    ,  7.3733     ,  6.14968    ,  0.445656   ,  0.37052    ,  1.04128    ])
Iter time: 202.182798147
Iter time: 393.133665085
Iter time: 680.242393017
275     , -8167.22    , array([ 0.0100286  ,  0.0205887  ,  0.442219   ,  0.612656   ,  0.170927   ,  1.31212    ,  7.16554    ,  7.40649    ,  0.463788   ,  0.469488   ,  1.04268    ])
Iter time: 202.01109004
Iter time: 391.766342878
Iter time: 677.415076971
277     , -8043.2     , array([ 0.0108756  ,  0.0195001  ,  0.40877    ,  0.630507   ,  0.175889   ,  1.32132    ,  7.08816    ,  9.08838    ,  0.520767   ,  0.389642   ,  1.04326    ])
Iter time: 196.778553009
Iter time: 382.711177826
Iter time: 661.876371145
279     , -8057.77    , array([ 0.011528   ,  0.0206758  ,  0.422183   ,  0.625698   ,  0.176377   ,  1.29514    ,  6.49035    ,  9.68919    ,  0.511052   ,  0.506497   ,  1.04462    ])
Iter time: 190.198239803
Iter time: 369.929615021
Iter time: 638.82094121
281     , -8645.54    , array([ 0.0106858  ,  0.023049   ,  0.374384   ,  0.602711   ,  0.229524   ,  1.37799    ,  7.55331    ,  3.92503    ,  0.422031   ,  0.221229   ,  1.03707    ])
Iter time: 192.426585197
Iter time: 373.983855009
Iter time: 646.394937038
282     , -8052.97    , array([ 0.0122466  ,  0.0206409  ,  0.439802   ,  0.621318   ,  0.172248   ,  1.29202    ,  6.99171    ,  9.83633    ,  0.494306   ,  0.483676   ,  1.0455     ])
Iter time: 183.59612298
Iter time: 356.858671904
Iter time: 616.575229883
284     , -8493.68    , array([ 0.011166   ,  0.0235001  ,  0.372574   ,  0.607623   ,  0.223094   ,  1.36383    ,  7.51887    ,  4.54664    ,  0.426553   ,  0.248825   ,  1.03856    ])
Iter time: 187.102784157
Iter time: 363.738332033
Iter time: 628.399337053
286     , -8419.89    , array([ 0.0108524  ,  0.0224934  ,  0.389603   ,  0.607587   ,  0.211616   ,  1.35523    ,  7.3568     ,  4.96552    ,  0.438353   ,  0.275363   ,  1.03912    ])
Iter time: 202.079639912
Iter time: 393.188677073
Iter time: 679.387513161
287     , -8050.42    , array([ 0.0112724  ,  0.0208702  ,  0.43141    ,  0.625962   ,  0.170261   ,  1.29359    ,  6.68811    ,  9.99742    ,  0.497074   ,  0.506599   ,  1.04489    ])
Iter time: 183.438189983
Iter time: 356.845237017
Iter time: 616.250905991
289     , -8321.16    , array([ 0.0111014  ,  0.0225676  ,  0.391594   ,  0.611205   ,  0.205648   ,  1.34433    ,  7.2891     ,  5.58826    ,  0.444622   ,  0.303624   ,  1.04022    ])
Iter time: 187.619469166
Iter time: 364.751307964
Iter time: 631.653559923
291     , -8306.46    , array([ 0.0108493  ,  0.0220513  ,  0.405385   ,  0.608684   ,  0.197414   ,  1.34004    ,  7.31132    ,  5.74338    ,  0.445389   ,  0.325308   ,  1.04049    ])
Iter time: 184.949213028
Iter time: 359.55200696
Iter time: 621.234944105
293     , -8283.53    , array([ 0.0109662  ,  0.0220654  ,  0.400777   ,  0.611669   ,  0.199659   ,  1.33886    ,  7.19472    ,  5.92348    ,  0.451914   ,  0.322819   ,  1.04062    ])
Iter time: 193.953880072
Iter time: 377.210996866
Iter time: 652.782891989
294     , -8027.23    , array([ 0.0116724  ,  0.0203938  ,  0.406255   ,  0.624129   ,  0.16928    ,  1.30323    ,  7.12959    ,  9.32483    ,  0.517807   ,  0.4376     ,  1.04478    ])
Iter time: 169.577548981
Iter time: 329.755155087
Iter time: 569.666740894
297     , -8230.1     , array([ 0.0120756  ,  0.0229854  ,  0.391078   ,  0.613749   ,  0.204257   ,  1.33162    ,  6.97452    ,  6.43873    ,  0.456872   ,  0.31475    ,  1.04146    ])
Iter time: 185.582808018
Iter time: 357.316199064
Iter time: 615.98459506
299     , -8217.86    , array([ 0.0110867  ,  0.021885   ,  0.402872   ,  0.614395   ,  0.193737   ,  1.33086    ,  7.16895    ,  6.50048    ,  0.460469   ,  0.348168   ,  1.04147    ])
Iter time: 185.236084938
Iter time: 360.23741889
Iter time: 622.616513014
301     , -8209.75    , array([ 0.0109708  ,  0.0216257  ,  0.409789   ,  0.613388   ,  0.189657   ,  1.32832    ,  7.17345    ,  6.62728    ,  0.461565   ,  0.361501   ,  1.04165    ])
Iter time: 188.179685831
Iter time: 365.650058031
Iter time: 631.398291111
303     , -8204.53    , array([ 0.0107525  ,  0.0215337  ,  0.40758    ,  0.614876   ,  0.188669   ,  1.32657    ,  7.11813    ,  6.66665    ,  0.464826   ,  0.369439   ,  1.04166    ])
Iter time: 183.694983006
Iter time: 357.250569105
Iter time: 617.227771997
305     , -8192.6     , array([ 0.0110483  ,  0.0215968  ,  0.408206   ,  0.615124   ,  0.18996    ,  1.32677    ,  7.1113     ,  6.81121    ,  0.466032   ,  0.363455   ,  1.04182    ])
Iter time: 190.525034904
Iter time: 369.47762394
Iter time: 639.883414984
307     , -8179.41    , array([ 0.0106736  ,  0.0215638  ,  0.414897   ,  0.613743   ,  0.180939   ,  1.32168    ,  7.18719    ,  6.97235    ,  0.463735   ,  0.389043   ,  1.04217    ])
Iter time: 215.26128006
Iter time: 417.817862034
Iter time: 721.472872972
308     , -8048.05    , array([ 0.0101872  ,  0.0191445  ,  0.44554    ,  0.624748   ,  0.157924   ,  1.29602    ,  7.0757     ,  9.84687    ,  0.511051   ,  0.550979   ,  1.04482    ])
Iter time: 185.631949186
Iter time: 361.230199099
Iter time: 623.675860882
310     , -8150.55    , array([ 0.0110464  ,  0.0212964  ,  0.411963   ,  0.617274   ,  0.184811   ,  1.32066    ,  7.09235    ,  7.33154    ,  0.473939   ,  0.388804   ,  1.04245    ])
Iter time: 186.948220968
Iter time: 363.647264957
Iter time: 628.507428885
312     , -8145.39    , array([ 0.010992   ,  0.0211551  ,  0.415584   ,  0.616944   ,  0.18264    ,  1.31905    ,  7.09091    ,  7.43676    ,  0.475073   ,  0.397492   ,  1.04258    ])
Iter time: 188.743296862
Iter time: 366.766098976
Iter time: 633.859958887
314     , -8140.74    , array([ 0.0108929  ,  0.0210931  ,  0.414829   ,  0.617787   ,  0.181895   ,  1.31784    ,  7.06229    ,  7.49597    ,  0.477222   ,  0.403172   ,  1.04263    ])
Iter time: 188.145030975
Iter time: 364.552910805
Iter time: 630.474744081
316     , -8133.76    , array([ 0.0110346  ,  0.0211013  ,  0.415452   ,  0.618033   ,  0.182156   ,  1.31754    ,  7.05668    ,  7.60987    ,  0.478356   ,  0.401783   ,  1.04274    ])
Iter time: 190.697595835
Iter time: 370.778650999
Iter time: 640.743355989
318     , -8126.66    , array([ 0.0108623  ,  0.0210644  ,  0.418868   ,  0.617534   ,  0.177833   ,  1.31482    ,  7.08832    ,  7.73004    ,  0.477849   ,  0.416295   ,  1.04295    ])
Iter time: 194.660889864
Iter time: 378.709187031
Iter time: 654.121208906
319     , -8017.55    , array([ 0.0123634  ,  0.02065    ,  0.400412   ,  0.631074   ,  0.180011   ,  1.30438    ,  6.80694    ,  9.99385    ,  0.525609   ,  0.413511   ,  1.04482    ])
Iter time: 188.906412125
Iter time: 368.252399206
Iter time: 634.982218027
322     , -8105.68    , array([ 0.0111475  ,  0.0209258  ,  0.415819   ,  0.620154   ,  0.179834   ,  1.3137     ,  7.02481    ,  8.0547     ,  0.486015   ,  0.415059   ,  1.04321    ])
Iter time: 189.803894997
Iter time: 369.511291027
Iter time: 638.444870234
324     , -8101.99    , array([ 0.0111271  ,  0.0208459  ,  0.417653   ,  0.620135   ,  0.178649   ,  1.31265    ,  7.02111    ,  8.14178    ,  0.4871     ,  0.420496   ,  1.0433     ])
Iter time: 191.503166199
Iter time: 372.865639925
Iter time: 641.031687975
326     , -8098.45    , array([ 0.0110876  ,  0.0208042  ,  0.417402   ,  0.620665   ,  0.178138   ,  1.31182    ,  7.00506    ,  8.20489    ,  0.488655   ,  0.4243     ,  1.04335    ])
Iter time: 190.826292992
Iter time: 370.483611822
Iter time: 640.355824947
328     , -8094.09    , array([ 0.0111619  ,  0.0207948  ,  0.417804   ,  0.620908   ,  0.178086   ,  1.3114     ,  6.99994    ,  8.29533    ,  0.489709   ,  0.42462    ,  1.04344    ])
