==========================================
SLURM_JOB_ID = 18981470
SLURM_NODELIST = c8-68
==========================================
Module slurm/17.11.5 loaded 
Module openmpi/3.0.1 loaded 
Module gcc/7.3.0 loaded 
Module python/2.7.6 loaded 
Module numpy/1.11.1 loaded 
Module dadi/1.7.0 loaded 
Module matplotlib/2.0 loaded 
Module scipy/0.18.0 loaded 
Beginning. Call:
/home/hemstrow/monarch/github/F-H_2018/DADI/demographic_models/run_3d_mods.py /home/hemstrow/monarch/github/F-H_2018/Data/dadi_inputs/ dadi_snps_10kgap.txt 1st_folded_optim_10kgap_snps_dadi_out.txt lgrowth_both 10 [NAM,GUA,HAW] True 3 [0.1,0.1,1,1,5,5,.1,.1,.1,.1,2,2] [1,1,10,10,20,20,10,10,10,10,4,4] [1e-3,1e-3,1e-3,1e-3,0.01,0.01,0.01,0.01,0.01,0.01,1,1] [150,15,15] fmin

Ready to begin run. Parameters:

Model:
lgrowth_both
Maxiters:
10
Pops:
['NAM', 'GUA', 'HAW']
Projection:
[150, 15, 15]
Number of segregating sites in projected sfs:
9454.98941724
Folding spectra:
True
Level of parm folding:
3
Optimizer:
fmin
p0:
[ 0.0231999   0.01639949  0.13336382  0.17548803  5.15622324  1.01545297
  0.20550825  0.11799264  0.03411511  0.01968462  2.48807682  3.96      ]
Upper Bounds:
[1.0, 1.0, 10.0, 10.0, 20.0, 20.0, 10.0, 10.0, 10.0, 10.0, 4.0, 4.0]
Lower Bounds:
[0.001, 0.001, 0.001, 0.001, 0.01, 0.01, 0.01, 0.01, 0.01, 0.01, 1.0, 1.0]

Beginning optimization ************************************************
optimize_log_fmin.
Iter time: 66.7443628311
Iter time: 128.083209038
Iter time: 219.589987993
1       , -20992.8    , array([ 0.0231999  ,  0.0163995  ,  0.133364   ,  0.175488   ,  5.15622    ,  1.01545    ,  0.205508   ,  0.117993   ,  0.0341151  ,  0.0196846  ,  2.48808    ,  3.96       ])
Iter time: 67.3660390377
Iter time: 128.884689808
Iter time: 219.842446804
2       , -20992.8    , array([ 0.0192203  ,  0.0163995  ,  0.133364   ,  0.175488   ,  5.15622    ,  1.01545    ,  0.205508   ,  0.117993   ,  0.0341151  ,  0.0196846  ,  2.48808    ,  3.96       ])
Iter time: 77.7216949463
Iter time: 149.398805141
Iter time: 256.301531076
3       , -21063.5    , array([ 0.0231999  ,  0.0133528  ,  0.133364   ,  0.175488   ,  5.15622    ,  1.01545    ,  0.205508   ,  0.117993   ,  0.0341151  ,  0.0196846  ,  2.48808    ,  3.96       ])
Iter time: 67.5307848454
Iter time: 129.480062008
Iter time: 221.758461952
4       , -21041.5    , array([ 0.0231999  ,  0.0163995  ,  0.120584   ,  0.175488   ,  5.15622    ,  1.01545    ,  0.205508   ,  0.117993   ,  0.0341151  ,  0.0196846  ,  2.48808    ,  3.96       ])
Iter time: 67.8705289364
Iter time: 130.193903923
Iter time: 223.206573009
5       , -21090.1    , array([ 0.0231999  ,  0.0163995  ,  0.133364   ,  0.160864   ,  5.15622    ,  1.01545    ,  0.205508   ,  0.117993   ,  0.0341151  ,  0.0196846  ,  2.48808    ,  3.96       ])
Iter time: 67.0137059689
Iter time: 128.295858145
Iter time: 219.998528957
6       , -21118      , array([ 0.0231999  ,  0.0163995  ,  0.133364   ,  0.175488   ,  5.59691    ,  1.01545    ,  0.205508   ,  0.117993   ,  0.0341151  ,  0.0196846  ,  2.48808    ,  3.96       ])
Iter time: 66.9718530178
Iter time: 128.414170027
Iter time: 219.635613918
7       , -20992.9    , array([ 0.0231999  ,  0.0163995  ,  0.133364   ,  0.175488   ,  5.15622    ,  1.01623    ,  0.205508   ,  0.117993   ,  0.0341151  ,  0.0196846  ,  2.48808    ,  3.96       ])
Iter time: 66.6980018616
Iter time: 128.013165951
Iter time: 219.208284855
8       , -21175.7    , array([ 0.0231999  ,  0.0163995  ,  0.133364   ,  0.175488   ,  5.15622    ,  1.01545    ,  0.189876   ,  0.117993   ,  0.0341151  ,  0.0196846  ,  2.48808    ,  3.96       ])
Iter time: 66.6871409416
Iter time: 127.994408846
Iter time: 219.829095125
9       , -21164.7    , array([ 0.0231999  ,  0.0163995  ,  0.133364   ,  0.175488   ,  5.15622    ,  1.01545    ,  0.205508   ,  0.106035   ,  0.0341151  ,  0.0196846  ,  2.48808    ,  3.96       ])
Iter time: 66.6450119019
Iter time: 127.86716795
Iter time: 220.729317904
10      , -21030.2    , array([ 0.0231999  ,  0.0163995  ,  0.133364   ,  0.175488   ,  5.15622    ,  1.01545    ,  0.205508   ,  0.117993   ,  0.0288134  ,  0.0196846  ,  2.48808    ,  3.96       ])
Iter time: 66.6256079674
Iter time: 127.823033094
Iter time: 219.092599154
11      , -21003.5    , array([ 0.0231999  ,  0.0163995  ,  0.133364   ,  0.175488   ,  5.15622    ,  1.01545    ,  0.205508   ,  0.117993   ,  0.0341151  ,  0.0161746  ,  2.48808    ,  3.96       ])
Iter time: 66.6043491364
Iter time: 127.755348921
Iter time: 219.100533009
12      , -20992.8    , array([ 0.0231999  ,  0.0163995  ,  0.133364   ,  0.175488   ,  5.15622    ,  1.01545    ,  0.205508   ,  0.117993   ,  0.0341151  ,  0.0196846  ,  2.6041     ,  3.96       ])
Iter time: 79.5879781246
Iter time: 137.272028923
Iter time: 240.352478027
14      , -21193.7    , array([ 0.0224836  ,  0.0158472  ,  0.131143   ,  0.172962   ,  5.22718    ,  1.01558    ,  0.202816   ,  0.11591    ,  0.0331682  ,  0.0190507  ,  2.50705    ,  3.69667    ])
Iter time: 69.7403120995
Iter time: 138.448325872
Iter time: 231.635519028
15      , -21122.8    , array([ 0.0226606  ,  0.0159835  ,  0.131695   ,  0.17359    ,  5.20935    ,  1.01555    ,  0.203486   ,  0.116427   ,  0.0334024  ,  0.0192073  ,  2.50229    ,  3.82607    ])
Iter time: 69.1701509953
Iter time: 132.86303401
Iter time: 229.479717016
16      , -20919.2    , array([ 0.0223956  ,  0.0157795  ,  0.130869   ,  0.172648   ,  5.23612    ,  1.0156     ,  0.222061   ,  0.115652   ,  0.0330517  ,  0.0189729  ,  2.50943    ,  3.93736    ])
Iter time: 70.4064259529
Iter time: 135.310096979
Iter time: 231.706576109
17      , -20783.3    , array([ 0.022004   ,  0.0154784  ,  0.129638   ,  0.171246   ,  5.27654    ,  1.01567    ,  0.240144   ,  0.114499   ,  0.0325324  ,  0.0186268  ,  2.52017    ,  3.92608    ])
Iter time: 69.7796421051
Iter time: 133.89003396
Iter time: 229.628697157
18      , -20869.9    , array([ 0.0221989  ,  0.0156282  ,  0.130252   ,  0.171946   ,  5.25629    ,  1.01564    ,  0.210566   ,  0.130353   ,  0.032791   ,  0.0187991  ,  2.5148     ,  3.93172    ])
Iter time: 71.0664031506
Iter time: 132.381523132
Iter time: 226.736721039
20      , -21060.2    , array([ 0.0226578  ,  0.0159814  ,  0.131686   ,  0.17358    ,  5.20963    ,  1.01555    ,  0.206035   ,  0.117547   ,  0.0333987  ,  0.0192048  ,  2.50237    ,  3.8899     ])
Iter time: 70.6844210625
Iter time: 134.906815052
Iter time: 232.613739967
21      , -20869.1    , array([ 0.0220359  ,  0.0155029  ,  0.129739   ,  0.171361   ,  4.79206    ,  1.01567    ,  0.21186    ,  0.119294   ,  0.0325748  ,  0.018655   ,  2.51929    ,  3.93787    ])
Iter time: 80.7919108868
Iter time: 133.763364792
Iter time: 300.739726067
22      , -20865.5    , array([ 0.0218476  ,  0.0153584  ,  0.129145   ,  0.188918   ,  5.1385     ,  1.0157     ,  0.212937   ,  0.119512   ,  0.0323249  ,  0.0184887  ,  2.52453    ,  3.93419    ])
Iter time: 60.1130239964
Iter time: 115.186933041
Iter time: 196.963006973
23      , -20859.9    , array([ 0.0216301  ,  0.0193078  ,  0.128455   ,  0.175317   ,  5.13556    ,  1.01574    ,  0.214201   ,  0.119767   ,  0.0320358  ,  0.0182966  ,  2.53066    ,  3.9299     ])
Iter time: 68.0074207783
Iter time: 130.676576853
Iter time: 223.723945141
25      , -21000.8    , array([ 0.0224856  ,  0.0161456  ,  0.13115    ,  0.174561   ,  5.17457    ,  1.01558    ,  0.208251   ,  0.118302   ,  0.0331709  ,  0.0190525  ,  2.50699    ,  3.91899    ])
Iter time: 67.5230178833
Iter time: 129.236831903
Iter time: 221.583567142
26      , -20840.3    , array([ 0.0213518  ,  0.0161819  ,  0.143476   ,  0.175453   ,  5.12635    ,  1.0158     ,  0.21607    ,  0.120193   ,  0.0316656  ,  0.018051   ,  2.53861    ,  3.92979    ])
Iter time: 68.1085009575
Iter time: 130.957793951
Iter time: 223.382987022
27      , -20811      , array([ 0.0210584  ,  0.016146   ,  0.131317   ,  0.175447   ,  5.12139    ,  1.01585    ,  0.217882   ,  0.120564   ,  0.0380867  ,  0.0177922  ,  2.54713    ,  3.92477    ])
Iter time: 68.114618063
Iter time: 130.768733978
Iter time: 224.144807816
28      , -20808      , array([ 0.0207212  ,  0.0161041  ,  0.130979   ,  0.175441   ,  5.1156     ,  1.01592    ,  0.220016   ,  0.120998   ,  0.0327636  ,  0.022      ,  2.5571     ,  3.91893    ])
Iter time: 66.7978410721
Iter time: 128.562121153
Iter time: 219.647172928
29      , -20780.3    , array([ 0.0210903  ,  0.0163503  ,  0.133161   ,  0.17652    ,  5.08774    ,  1.01585    ,  0.219117   ,  0.121135   ,  0.033627   ,  0.01913    ,  2.54619    ,  3.95994    ])
Iter time: 66.3173670769
Iter time: 127.214003086
Iter time: 218.919007063
30      , -20670.8    , array([ 0.0204254  ,  0.0164536  ,  0.134178   ,  0.177507   ,  5.04487    ,  1.01598    ,  0.22476    ,  0.122577   ,  0.0338574  ,  0.0191689  ,  2.56602    ,  3.98057    ])
Iter time: 68.0511519909
Iter time: 130.638675928
Iter time: 224.894447088
31      , -20733.4    , array([ 0.0200116  ,  0.016106   ,  0.131083   ,  0.175923   ,  5.0873     ,  1.01516    ,  0.225379   ,  0.122227   ,  0.0326549  ,  0.018434   ,  2.57878    ,  3.92231    ])
Iter time: 68.4022181034
Iter time: 131.196136951
Iter time: 225.127870083
32      , -20690      , array([ 0.0195245  ,  0.0160576  ,  0.130707   ,  0.175995   ,  5.0759     ,  1.01589    ,  0.228873   ,  0.122948   ,  0.0324177  ,  0.0182334  ,  2.45988    ,  3.91606    ])
Iter time: 68.6852009296
Iter time: 132.144621134
Iter time: 225.639081001
33      , -20639.3    , array([ 0.0189712  ,  0.0160013  ,  0.130269   ,  0.17608    ,  5.06263    ,  1.01596    ,  0.233018   ,  0.123793   ,  0.0321431  ,  0.0180022  ,  2.56969    ,  3.90879    ])
Iter time: 69.8489530087
Iter time: 146614.146028
Iter time: 323.560292959
34      , -20461.3    , array([ 0.0171554  ,  0.0158059  ,  0.128749   ,  0.176377   ,  5.01647    ,  1.01621    ,  0.248124   ,  0.1268     ,  0.0312003  ,  0.0172157  ,  2.6115     ,  3.88343    ])
Iter time: 69.2114269733
Iter time: 132.385702133
Iter time: 226.840019941
35      , -20550.3    , array([ 0.0224696  ,  0.0159033  ,  0.129507   ,  0.176228   ,  5.0395     ,  1.01608    ,  0.240452   ,  0.125288   ,  0.0316682  ,  0.0176045  ,  2.59051    ,  3.89609    ])
Iter time: 65.9872889519
Iter time: 126.414243937
Iter time: 216.872864008
36      , -20625.2    , array([ 0.019494   ,  0.0167367  ,  0.132474   ,  0.180598   ,  4.90898    ,  1.01598    ,  0.239926   ,  0.112661   ,  0.0327562  ,  0.0182332  ,  2.57569    ,  3.91817    ])
Iter time: 65.2256791592
Iter time: 124.650452852
Iter time: 214.037278891
37      , -20565.1    , array([ 0.0192411  ,  0.0170887  ,  0.133461   ,  0.182807   ,  5.40622    ,  1.016      ,  0.243457   ,  0.121937   ,  0.0330042  ,  0.0183041  ,  2.5806     ,  3.90878    ])
Iter time: 64.8721530437
Iter time: 124.277168989
Iter time: 215.272370815
38      , -20539.5    , array([ 0.0190003  ,  0.0175592  ,  0.134812   ,  0.164911   ,  5.08458    ,  1.01601    ,  0.247693   ,  0.122123   ,  0.0333748  ,  0.0184379  ,  2.58469    ,  3.90821    ])
Iter time: 77.0032958984
Iter time: 147.496735096
Iter time: 252.521151066
39      , -20494.6    , array([ 0.0187813  ,  0.0137482  ,  0.136632   ,  0.175902   ,  5.07904    ,  1.01601    ,  0.252266   ,  0.122259   ,  0.0339066  ,  0.0186554  ,  2.58753    ,  3.90886    ])
Iter time: 69.4176850319
Iter time: 133.16011095
Iter time: 227.808132172
40      , -20448.8    , array([ 0.0186236  ,  0.0159644  ,  0.121335   ,  0.17584    ,  5.08031    ,  1.016      ,  0.256624   ,  0.122172   ,  0.0346961  ,  0.0190133  ,  2.58765    ,  3.9055     ])
Iter time: 70.8298509121
Iter time: 135.479959965
Iter time: 232.071177006
41      , -20252.6    , array([ 0.0173931  ,  0.0158567  ,  0.111581   ,  0.176034   ,  5.05745    ,  1.0161     ,  0.279671   ,  0.123174   ,  0.0363184  ,  0.0195135  ,  2.61252    ,  3.89342    ])
Iter time: 69.022097826
Iter time: 132.608356953
Iter time: 226.965398073
42      , -20379.2    , array([ 0.0182907  ,  0.0159518  ,  0.12902    ,  0.175944   ,  5.0746     ,  1.01598    ,  0.265302   ,  0.122232   ,  0.028619   ,  0.019589   ,  2.58991    ,  3.90527    ])
Iter time: 68.9248790741
Iter time: 132.087048054
Iter time: 226.476381063
43      , -20310.5    , array([ 0.0182058  ,  0.015968   ,  0.129028   ,  0.176035   ,  5.07352    ,  1.01592    ,  0.271054   ,  0.122      ,  0.0325272  ,  0.0155388  ,  2.58529    ,  3.90881    ])
Iter time: 66.4776010513
Iter time: 127.276983023
Iter time: 218.217339039
44      , -20264.5    , array([ 0.0166115  ,  0.0166999  ,  0.13026    ,  0.181178   ,  4.88672    ,  1.01621    ,  0.253397   ,  0.130295   ,  0.0327574  ,  0.0178067  ,  2.63435    ,  3.89883    ])
Iter time: 68.3939590454
Iter time: 131.032175064
Iter time: 224.825793982
45      , -20231.5    , array([ 0.0177072  ,  0.0161463  ,  0.128689   ,  0.177229   ,  5.03464    ,  1.01691    ,  0.275322   ,  0.123364   ,  0.0326516  ,  0.0178894  ,  2.58365    ,  3.89867    ])
Iter time: 68.6683559418
Iter time: 131.49422884
Iter time: 225.591253042
46      , -19977      , array([ 0.0166566  ,  0.0161664  ,  0.127508   ,  0.177885   ,  5.00851    ,  1.01778    ,  0.304302   ,  0.123936   ,  0.03265    ,  0.0176232  ,  2.5861     ,  3.88691    ])
Iter time: 68.567483902
Iter time: 132.709811926
Iter time: 224.526120901
47      , -20155.8    , array([ 0.0176747  ,  0.0162132  ,  0.128527   ,  0.177471   ,  5.03472    ,  1.01649    ,  0.284301   ,  0.122805   ,  0.0329297  ,  0.0179839  ,  2.73122    ,  3.90003    ])
Iter time: 70.7528278828
Iter time: 135.571542025
Iter time: 232.237450123
48      , -20082.8    , array([ 0.0164927  ,  0.0157842  ,  0.124308   ,  0.175954   ,  5.06398    ,  1.01648    ,  0.301067   ,  0.123214   ,  0.0313838  ,  0.0169253  ,  2.64561    ,  3.82378    ])
Iter time: 71.9310469627
Iter time: 138.175302029
Iter time: 236.146111012
49      , -20030.9    , array([ 0.0168059  ,  0.0153664  ,  0.124578   ,  0.172193   ,  5.2312     ,  1.01657    ,  0.292911   ,  0.136075   ,  0.0322083  ,  0.0175744  ,  2.64747    ,  3.86892    ])
Iter time: 74.0708539486
Iter time: 142.417259932
Iter time: 243.798252821
50      , -20033.1    , array([ 0.016647   ,  0.0147858  ,  0.122246   ,  0.168425   ,  4.72407    ,  1.01665    ,  0.297699   ,  0.128043   ,  0.0318365  ,  0.0173881  ,  2.65372    ,  3.8716     ])
Iter time: 70.9273710251
Iter time: 135.626107931
Iter time: 232.366741896
51      , -19941.5    , array([ 0.0135601  ,  0.0156961  ,  0.124773   ,  0.173399   ,  5.01354    ,  1.01665    ,  0.312341   ,  0.125071   ,  0.0332089  ,  0.0180418  ,  2.65421    ,  3.88013    ])
Iter time: 72.0975458622
Iter time: 138.241284132
Iter time: 235.407867908
52      , -19630.5    , array([ 0.0105341  ,  0.0155936  ,  0.122471   ,  0.172001   ,  5.0006     ,  1.01694    ,  0.355982   ,  0.124963   ,  0.0340071  ,  0.0182645  ,  2.68664    ,  3.87217    ])
Iter time: 77.0930371284
Iter time: 147.768311977
Iter time: 253.159473896
53      , -19816.9    , array([ 0.0145346  ,  0.0139374  ,  0.11796    ,  0.186603   ,  4.95532    ,  1.01688    ,  0.322104   ,  0.128805   ,  0.0316095  ,  0.0171992  ,  2.67739    ,  3.86213    ])
Iter time: 65.6947069168
Iter time: 125.56720686
Iter time: 214.573004961
54      , -19742.2    , array([ 0.0140892  ,  0.0178414  ,  0.113573   ,  0.176674   ,  4.94037    ,  1.01702    ,  0.329413   ,  0.129784   ,  0.0307521  ,  0.01677    ,  2.68972    ,  3.85375    ])
Iter time: 70.7541029453
Iter time: 135.887654066
Iter time: 233.21924901
55      , -19643.6    , array([ 0.0149265  ,  0.0158353  ,  0.118033   ,  0.176248   ,  4.98926    ,  1.01696    ,  0.351109   ,  0.125623   ,  0.033339   ,  0.0180932  ,  2.67817    ,  3.87403    ])
Iter time: 71.6203389168
Iter time: 137.156949997
Iter time: 234.542160034
56      , -19608.8    , array([ 0.0135336  ,  0.0156713  ,  0.116051   ,  0.176732   ,  4.91819    ,  1.01736    ,  0.344076   ,  0.130914   ,  0.0372827  ,  0.0156919  ,  2.71562    ,  3.84721    ])
Iter time: 73.1955320835
Iter time: 139.849494219
Iter time: 239.433743954
57      , -19220.3    , array([ 0.0116414  ,  0.0155328  ,  0.110064   ,  0.177127   ,  4.8418     ,  1.01804    ,  0.391843   ,  0.135483   ,  0.0425533  ,  0.0140446  ,  2.78074    ,  3.81851    ])
Iter time: 72.5258362293
Iter time: 138.756933928
Iter time: 237.64222908
58      , -19501.7    , array([ 0.0126202  ,  0.0155835  ,  0.11301    ,  0.176823   ,  4.88105    ,  1.01777    ,  0.358109   ,  0.133474   ,  0.0343054  ,  0.0194515  ,  2.75372    ,  3.82878    ])
Iter time: 76.1361920834
Iter time: 146.192525148
Iter time: 249.851249933
59      , -19390.3    , array([ 0.0132123  ,  0.0147297  ,  0.109322   ,  0.171108   ,  5.06665    ,  1.01773    ,  0.405795   ,  0.12548    ,  0.0343274  ,  0.0172259  ,  2.72247    ,  3.82701    ])
Iter time: 72.6413500309
Iter time: 139.029951096
Iter time: 238.674096107
60      , -19293.2    , array([ 0.0120534  ,  0.0153235  ,  0.127188   ,  0.175277   ,  4.8971     ,  1.01813    ,  0.391203   ,  0.133146   ,  0.0306721  ,  0.0153959  ,  2.76414    ,  3.82135    ])
Iter time: 76.1120779514
Iter time: 145.534363985
Iter time: 248.946802139
61      , -19238.4    , array([ 0.0111282  ,  0.0148462  ,  0.110226   ,  0.173497   ,  4.89654    ,  1.018      ,  0.40586    ,  0.135357   ,  0.0334304  ,  0.0162784  ,  2.6493     ,  3.80193    ])
Iter time: 74.2029972076
Iter time: 141.818668127
Iter time: 242.645046949
62      , -19174.5    , array([ 0.0111689  ,  0.0150947  ,  0.111706   ,  0.174584   ,  4.84104    ,  1.01826    ,  0.402819   ,  0.137038   ,  0.0354484  ,  0.0171846  ,  2.73567    ,  3.87405    ])
Iter time: 76.2421760559
Iter time: 146.450108051
Iter time: 249.628739119
63      , -18728.3    , array([ 0.00919108 ,  0.0147613  ,  0.105893   ,  0.173903   ,  4.73328    ,  1.01916    ,  0.465944   ,  0.14452    ,  0.037674   ,  0.0173157  ,  2.78184    ,  3.89943    ])
Iter time: 71.5950160027
Iter time: 136.249081135
Iter time: 232.811264038
64      , -18970.4    , array([ 0.0100224  ,  0.0161096  ,  0.110904   ,  0.183364   ,  5.19105    ,  1.01852    ,  0.438957   ,  0.134558   ,  0.0359388  ,  0.0167155  ,  2.74882    ,  3.83077    ])
Iter time: 73.5315618515
Iter time: 140.303735971
Iter time: 239.83742094
65      , -18852.9    , array([ 0.00910814 ,  0.0156234  ,  0.106739   ,  0.181239   ,  4.68181    ,  1.01892    ,  0.477248   ,  0.126379   ,  0.0361788  ,  0.0164007  ,  2.77262    ,  3.82709    ])
Iter time: 78.009953022
Iter time: 148.619141102
Iter time: 254.424582958
66      , -18699.2    , array([ 0.00831022 ,  0.0147659  ,  0.101242   ,  0.175987   ,  4.83529    ,  1.0179     ,  0.495164   ,  0.139209   ,  0.036305   ,  0.0161606  ,  2.87155    ,  3.79955    ])
Iter time: 83.7737720013
Iter time: 158.885675192
Iter time: 271.280663967
67      , -18085.2    , array([ 0.00586983 ,  0.0141118  ,  0.0902133  ,  0.175046   ,  4.75094    ,  1.01795    ,  0.631643   ,  0.147537   ,  0.0382833  ,  0.0154755  ,  3.02589    ,  3.75661    ])
Iter time: 70.8164980412
Iter time: 134.68730092
Iter time: 230.522577047
68      , -18567.9    , array([ 0.00818778 ,  0.017163   ,  0.104653   ,  0.165987   ,  4.85302    ,  1.01898    ,  0.523363   ,  0.137013   ,  0.0387166  ,  0.01627    ,  2.83078    ,  3.80632    ])
Iter time: 83.5149099827
Iter time: 159.422075987
Iter time: 272.067374945
69      , -18446.9    , array([ 0.0077161  ,  0.0133211  ,  0.107224   ,  0.173502   ,  4.85325    ,  1.01916    ,  0.552801   ,  0.137212   ,  0.0413533  ,  0.0166025  ,  2.84192    ,  3.80673    ])
Iter time: 79.6651220322
Iter time: 151.689116955
Iter time: 259.386658192
70      , -18349      , array([ 0.00652478 ,  0.0145824  ,  0.101534   ,  0.173467   ,  4.78361    ,  1.01959    ,  0.559399   ,  0.143857   ,  0.039539   ,  0.0151694  ,  2.88254    ,  3.77576    ])
Iter time: 80.299464941
Iter time: 152.002036095
Iter time: 258.750823975
71      , -18158.2    , array([ 0.008536   ,  0.0146439  ,  0.0948444  ,  0.178002   ,  4.73759    ,  1.02005    ,  0.59491    ,  0.148051   ,  0.0397482  ,  0.0145692  ,  2.90736    ,  3.76172    ])
Iter time: 80.0408830643
Iter time: 152.576381207
Iter time: 260.007096052
72      , -18053.3    , array([ 0.00667547 ,  0.0145023  ,  0.0998263  ,  0.17334    ,  4.82956    ,  1.0196     ,  0.643581   ,  0.141026   ,  0.0403816  ,  0.0130368  ,  2.86232    ,  3.79317    ])
Iter time: 84.3746809959
Iter time: 159.930127859
Iter time: 272.456103086
73      , -17382.6    , array([ 0.00485501 ,  0.0139901  ,  0.0938231  ,  0.171624   ,  4.80402    ,  1.02052    ,  0.862773   ,  0.14496    ,  0.0438121  ,  0.0106728  ,  2.91822    ,  3.77549    ])
Iter time: 77.8328828812
Iter time: 148.101758003
Iter time: 251.365528107
74      , -17837.5    , array([ 0.00539644 ,  0.0152117  ,  0.100597   ,  0.179219   ,  4.61155    ,  1.0201     ,  0.644037   ,  0.153662   ,  0.0420304  ,  0.0135922  ,  2.92888    ,  3.78636    ])
Iter time: 83.5503611565
Iter time: 158.275697947
Iter time: 269.103415012
75      , -17694.9    , array([ 0.00517379 ,  0.0146044  ,  0.0831516  ,  0.175606   ,  4.72368    ,  1.02004    ,  0.725938   ,  0.148316   ,  0.0495752  ,  0.0148953  ,  2.91269    ,  3.78616    ])
Iter time: 79.9442400932
Iter time: 151.816165924
Iter time: 258.781424999
76      , -17497.3    , array([ 0.00493236 ,  0.0150327  ,  0.0915444  ,  0.177765   ,  4.69601    ,  1.0205     ,  0.770927   ,  0.148133   ,  0.0485721  ,  0.0138808  ,  3.08733    ,  3.80286    ])
Iter time: 84.6598908901
Iter time: 159.94619894
Iter time: 272.24882102
77      , -17269.5    , array([ 0.00408618 ,  0.01429    ,  0.0889062  ,  0.174227   ,  4.72496    ,  1.02087    ,  0.893841   ,  0.150214   ,  0.0390095  ,  0.0160572  ,  2.99312    ,  3.78376    ])
Iter time: 92.820430994
Iter time: 176.114744902
Iter time: 294.831123114
78      , -16473.6    , array([ 0.00242088 ,  0.0137064  ,  0.0799051  ,  0.172795   ,  4.6676     ,  1.02229    ,  1.35       ,  0.158169   ,  0.0373499  ,  0.0171692  ,  3.10531    ,  3.7665     ])
Iter time: 89.937556982
Iter time: 170.187748194
Iter time: 289.642548084
79      , -17107.7    , array([ 0.00374559 ,  0.0134124  ,  0.0835416  ,  0.166644   ,  4.32968    ,  1.02103    ,  0.96221    ,  0.155377   ,  0.0464867  ,  0.0135517  ,  3.09005    ,  3.76103    ])
Iter time: 90.4437298775
Iter time: 170.730443001
Iter time: 289.86294198
80      , -16879.1    , array([ 0.0035542  ,  0.0134826  ,  0.083328   ,  0.166254   ,  4.73847    ,  1.02098    ,  0.994722   ,  0.171228   ,  0.0481487  ,  0.0133795  ,  3.11937    ,  3.75373    ])
Iter time: 90.2854351997
Iter time: 170.596740961
Iter time: 288.354560137
81      , -16753.5    , array([ 0.00300632 ,  0.014056   ,  0.080705   ,  0.171974   ,  4.6878     ,  1.02104    ,  1.15613    ,  0.154026   ,  0.0481674  ,  0.0121394  ,  3.16894    ,  3.66079    ])
Iter time: 101.360532999
Iter time: 191.320815086
Iter time: 325.330019951
82      , -16618.3    , array([ 0.0028557  ,  0.0116934  ,  0.0781999  ,  0.181242   ,  4.54582    ,  1.02157    ,  1.17464    ,  0.165666   ,  0.048608   ,  0.0123041  ,  3.17328    ,  3.72606    ])
Iter time: 90.7281870842
Iter time: 169.791391134
Iter time: 287.418390989
83      , -16430      , array([ 0.00256764 ,  0.0147421  ,  0.0724133  ,  0.174657   ,  4.49629    ,  1.02178    ,  1.26094    ,  0.170703   ,  0.0467513  ,  0.0114704  ,  3.21948    ,  3.71238    ])
Iter time: 95.0883481503
Iter time: 178.542459965
Iter time: 305.120614052
85      , -16245      , array([ 0.00259933 ,  0.0134915  ,  0.0722828  ,  0.174892   ,  4.5149     ,  1.02172    ,  1.42683    ,  0.167528   ,  0.0502813  ,  0.0119827  ,  3.23313    ,  3.73228    ])
Iter time: 106.194109201
Iter time: 197.787564039
Iter time: 333.170920849
86      , -15449      , array([ 0.00164062 ,  0.012977   ,  0.0609884  ,  0.175609   ,  4.38626    ,  1.02279    ,  2.27875    ,  0.180786   ,  0.0567019  ,  0.0106499  ,  3.42411    ,  3.71074    ])
Iter time: 102.912981987
Iter time: 190.043764114
Iter time: 319.027143002
87      , -15988.9    , array([ 0.00150938 ,  0.0131669  ,  0.0718908  ,  0.170053   ,  4.50058    ,  1.02171    ,  1.67822    ,  0.168293   ,  0.0530674  ,  0.0118414  ,  3.29414    ,  3.7377     ])
Iter time: 99.0812339783
Iter time: 184.423126936
Iter time: 310.713728905
88      , -15735.2    , array([ 0.00175034 ,  0.0135065  ,  0.0727749  ,  0.172093   ,  4.44762    ,  1.02445    ,  1.86019    ,  0.172626   ,  0.0581799  ,  0.0106616  ,  3.21023    ,  3.73963    ])
Iter time: 110.79715395
Iter time: 205.504579067
Iter time: 346.442709923
89      , -15687.1    , array([ 0.00157813 ,  0.012284   ,  0.0618345  ,  0.166952   ,  4.5545     ,  1.02302    ,  2.17717    ,  0.168991   ,  0.055944   ,  0.0116573  ,  3.36765    ,  3.70258    ])
Iter time: 107.642435074
Iter time: 199.5631001
Iter time: 335.209177017
90      , -15508.7    , array([ 0.00135051 ,  0.0124311  ,  0.0712045  ,  0.168958   ,  4.41944    ,  1.02358    ,  2.31955    ,  0.178932   ,  0.048395   ,  0.0102117  ,  3.46928    ,  3.68903    ])
Iter time: 118.988384008
Iter time: 220.672816992
Iter time: 370.071367025
91      , -15387.3    , array([ 0.00114154 ,  0.0117004  ,  0.0620238  ,  0.165498   ,  4.40074    ,  1.02362    ,  2.62435    ,  0.184883   ,  0.0493644  ,  0.0104114  ,  3.33728    ,  3.65427    ])
Iter time: 90.9193301201
Iter time: 172.050178051
Iter time: 290.81566906
94      , -16714.5    , array([ 0.00319548 ,  0.0135203  ,  0.0826443  ,  0.171314   ,  4.65618    ,  1.02142    ,  1.16035    ,  0.156464   ,  0.0465486  ,  0.0113155  ,  3.07774    ,  3.74648    ])
Iter time: 112.524502993
Iter time: 207.53818202
Iter time: 347.171175003
95      , -15278.1    , array([ 0.00115012 ,  0.0127461  ,  0.063321   ,  0.176287   ,  4.76118    ,  1.02368    ,  2.61119    ,  0.183769   ,  0.0526265  ,  0.0103058  ,  3.40749    ,  3.6725     ])
Iter time: 95.2232308388
Iter time: 178.868376017
Iter time: 302.799057961
98      , -16389.5    , array([ 0.00259132 ,  0.0132462  ,  0.0769643  ,  0.169219   ,  4.63926    ,  1.02178    ,  1.3072     ,  0.170601   ,  0.0489818  ,  0.0124385  ,  3.19325    ,  3.73167    ])
Iter time: 115.683622837
Iter time: 213.665338039
Iter time: 357.836331129
99      , -15245.7    , array([ 0.00115828 ,  0.0119305  ,  0.0621214  ,  0.172036   ,  4.39333    ,  1.02424    ,  2.60523    ,  0.190802   ,  0.0516929  ,  0.0110598  ,  3.37624    ,  3.77136    ])
Iter time: 96.6821630001
Iter time: 181.555813074
Iter time: 307.060446024
102     , -16242.6    , array([ 0.00234081 ,  0.0131632  ,  0.0755921  ,  0.171689   ,  4.58568    ,  1.02215    ,  1.46772    ,  0.165136   ,  0.0484056  ,  0.0114396  ,  3.18513    ,  3.73207    ])
Iter time: 101.978013039
Iter time: 193.153275013
Iter time: 323.013076067
104     , -16180      , array([ 0.00219461 ,  0.0123021  ,  0.0734276  ,  0.176196   ,  4.53266    ,  1.02225    ,  1.4905     ,  0.1699     ,  0.0494562  ,  0.0118927  ,  3.2347     ,  3.72213    ])
Iter time: 98.1880891323
Iter time: 183.303771019
Iter time: 309.622704029
106     , -16111.2    , array([ 0.00201239 ,  0.0132591  ,  0.0739628  ,  0.172181   ,  4.58736    ,  1.0226     ,  1.6045     ,  0.166507   ,  0.0438624  ,  0.0138352  ,  3.20532    ,  3.74043    ])
Iter time: 123.270968914
Iter time: 227.11591506
Iter time: 379.203922033
107     , -15211.1    , array([ 0.00104647 ,  0.0109643  ,  0.064956   ,  0.168135   ,  4.53589    ,  1.0242     ,  3.00215    ,  0.179242   ,  0.056154   ,  0.0111797  ,  3.39756    ,  3.72138    ])
Iter time: 100.678670883
Iter time: 188.205493927
Iter time: 317.364158869
110     , -15997.1    , array([ 0.00198458 ,  0.0128753  ,  0.0721414  ,  0.170243   ,  4.57294    ,  1.02248    ,  1.651      ,  0.173103   ,  0.050383   ,  0.0118156  ,  3.25819    ,  3.72384    ])
Iter time: 101.770118952
Iter time: 190.024554968
Iter time: 320.264123201
112     , -15923.6    , array([ 0.00187328 ,  0.0128231  ,  0.0713563  ,  0.171421   ,  4.54593    ,  1.02268    ,  1.75804    ,  0.170643   ,  0.0501694  ,  0.0113465  ,  3.25713    ,  3.72369    ])
Iter time: 104.46440506
Iter time: 194.840077162
Iter time: 329.252048016
114     , -15883      , array([ 0.00180191 ,  0.0124181  ,  0.0702435  ,  0.173457   ,  4.52013    ,  1.02275    ,  1.78386    ,  0.173118   ,  0.0507412  ,  0.0115464  ,  3.28332    ,  3.7188     ])
Iter time: 104.318607092
Iter time: 192.905091047
Iter time: 322.477422953
116     , -15845.2    , array([ 0.00171756 ,  0.0128569  ,  0.0703477  ,  0.171522   ,  4.54452    ,  1.02294    ,  1.85901    ,  0.171659   ,  0.0480765  ,  0.0123602  ,  3.27165    ,  3.72703    ])
Iter time: 117.515807867
Iter time: 216.32548213
Iter time: 361.361847878
117     , -15221.4    , array([ 0.00105705 ,  0.0120684  ,  0.0617966  ,  0.171706   ,  4.42773    ,  1.02413    ,  2.86607    ,  0.180672   ,  0.0546851  ,  0.0103978  ,  3.42488    ,  3.70406    ])
Iter time: 117.09051609
Iter time: 217.179016113
Iter time: 365.357163191
118     , -15116.9    , array([ 0.00130974 ,  0.011631   ,  0.0604679  ,  0.172176   ,  4.48669    ,  1.0253     ,  3.08266    ,  0.188047   ,  0.0521792  ,  0.0101527  ,  3.40955    ,  3.68477    ])
Iter time: 106.082700968
Iter time: 197.541815996
Iter time: 332.055608988
121     , -15679.2    , array([ 0.0015989  ,  0.012546   ,  0.0681192  ,  0.171297   ,  4.51724    ,  1.0232     ,  2.04701    ,  0.174938   ,  0.051465   ,  0.0111024  ,  3.3102     ,  3.71578    ])
Iter time: 118.997803926
Iter time: 218.408862114
Iter time: 364.792860985
122     , -15053.6    , array([ 0.00101319 ,  0.0121543  ,  0.0598941  ,  0.168567   ,  4.45706    ,  1.02478    ,  3.25854    ,  0.186113   ,  0.0550597  ,  0.0101544  ,  3.45166    ,  3.69652    ])
Iter time: 107.386324167
Iter time: 199.563885927
Iter time: 337.646166801
125     , -15599.9    , array([ 0.00149026 ,  0.0125385  ,  0.0670983  ,  0.171134   ,  4.51276    ,  1.02343    ,  2.16717    ,  0.176127   ,  0.0506954  ,  0.0114744  ,  3.32612    ,  3.71605    ])
Iter time: 105.862307072
Iter time: 196.34148097
Iter time: 329.558330059
127     , -15539.1    , array([ 0.00149436 ,  0.0128116  ,  0.0680155  ,  0.171379   ,  4.4671     ,  1.02414    ,  2.1817     ,  0.17677    ,  0.0554495  ,  0.0106895  ,  3.29962    ,  3.72135    ])
Iter time: 111.373178959
Iter time: 206.657979965
Iter time: 347.430375099
129     , -15515.1    , array([ 0.00141573 ,  0.0122395  ,  0.0629443  ,  0.168984   ,  4.5168     ,  1.02347    ,  2.36048    ,  0.175228   ,  0.0543534  ,  0.0111373  ,  3.37668    ,  3.70364    ])
Iter time: 109.60799098
Iter time: 203.939260006
Iter time: 341.182047844
131     , -15503.3    , array([ 0.00141781 ,  0.0123566  ,  0.0658485  ,  0.171072   ,  4.49827    ,  1.02357    ,  2.30246    ,  0.178297   ,  0.052251   ,  0.0108704  ,  3.35053    ,  3.70974    ])
Iter time: 110.352887869
Iter time: 204.380780935
Iter time: 344.106966972
133     , -15461.9    , array([ 0.00136595 ,  0.0123454  ,  0.065302   ,  0.170988   ,  4.49544    ,  1.02369    ,  2.37505    ,  0.178993   ,  0.0519242  ,  0.0110261  ,  3.3596     ,  3.70961    ])
Iter time: 122.57069397
Iter time: 225.652439833
Iter time: 377.955169916
134     , -15131.9    , array([ 0.00103338 ,  0.0114615  ,  0.0589834  ,  0.170242   ,  4.49402    ,  1.0237     ,  3.14964    ,  0.187579   ,  0.0504533  ,  0.0105564  ,  3.50038    ,  3.68315    ])
Iter time: 120.56160593
Iter time: 217.836347103
Iter time: 363.56064105
135     , -15082      , array([ 0.00103502 ,  0.0118666  ,  0.0630487  ,  0.172868   ,  4.44082    ,  1.02441    ,  3.05445    ,  0.191391   ,  0.0508358  ,  0.0100419  ,  3.44107    ,  3.69734    ])
Iter time: 124.819125891
Iter time: 229.686702013
Iter time: 384.264918089
136     , -15020.5    , array([ 0.00103794 ,  0.0115935  ,  0.054616   ,  0.173555   ,  4.54231    ,  1.02444    ,  3.25425    ,  0.189543   ,  0.0575649  ,  0.0109216  ,  3.34467    ,  3.71338    ])
Iter time: 113.130337954
Iter time: 209.227740049
Iter time: 351.230349064
139     , -15356.2    , array([ 0.00127889 ,  0.0121472  ,  0.0635837  ,  0.171259   ,  4.49117    ,  1.02383    ,  2.55165    ,  0.181667   ,  0.0527278  ,  0.0107165  ,  3.37811    ,  3.70561    ])
Iter time: 113.638556004
Iter time: 210.216593027
Iter time: 352.120743036
141     , -15332.3    , array([ 0.00125184 ,  0.0121335  ,  0.0632489  ,  0.171229   ,  4.48958    ,  1.02389    ,  2.59932    ,  0.182134   ,  0.0525963  ,  0.0107802  ,  3.38345    ,  3.70538    ])
Iter time: 111.710063934
Iter time: 207.100395918
Iter time: 347.851070881
143     , -15318.4    , array([ 0.00135657 ,  0.0124053  ,  0.061217   ,  0.173344   ,  4.43903    ,  1.02349    ,  2.56007    ,  0.183101   ,  0.054791   ,  0.0106001  ,  3.41408    ,  3.70572    ])
Iter time: 115.717049837
Iter time: 213.207738876
Iter time: 356.38510704
144     , -15006.6    , array([ 0.00113436 ,  0.0121369  ,  0.0607418  ,  0.178281   ,  4.59269    ,  1.02473    ,  3.13907    ,  0.185711   ,  0.0577797  ,  0.0107233  ,  3.4854     ,  3.75648    ])
Iter time: 113.922672033
Iter time: 209.754742861
Iter time: 351.309408903
145     , -14824.7    , array([ 0.00113079 ,  0.0123613  ,  0.0601108  ,  0.185038   ,  4.69178    ,  1.02528    ,  3.43313    ,  0.186126   ,  0.062511   ,  0.0108827  ,  3.56191    ,  3.80865    ])
Iter time: 115.269885063
Iter time: 213.103563786
Iter time: 356.575936079
147     , -15251.1    , array([ 0.00120019 ,  0.0120402  ,  0.0623258  ,  0.172069   ,  4.50162    ,  1.02406    ,  2.7399     ,  0.183658   ,  0.0534437  ,  0.0106479  ,  3.40178    ,  3.70955    ])
Iter time: 121.881037951
Iter time: 223.16442585
Iter time: 373.081660032
148     , -14964.7    , array([ 0.00100632 ,  0.0117227  ,  0.0588659  ,  0.174694   ,  4.53673    ,  1.02473    ,  3.35934    ,  0.18954    ,  0.0559385  ,  0.0103618  ,  3.47146    ,  3.72234    ])
Iter time: 115.068063974
Iter time: 212.868634939
Iter time: 356.634742975
150     , -15213.4    , array([ 0.00121868 ,  0.0121348  ,  0.0610178  ,  0.173204   ,  4.47997    ,  1.02395    ,  2.78177    ,  0.184711   ,  0.0545627  ,  0.0105745  ,  3.42299    ,  3.71047    ])
Iter time: 125.361434937
Iter time: 230.954054832
Iter time: 386.350696087
151     , -14954.3    , array([ 0.00105224 ,  0.0109644  ,  0.0580567  ,  0.169401   ,  4.25015    ,  1.02518    ,  3.53608    ,  0.1891     ,  0.0564386  ,  0.0108441  ,  3.45917    ,  3.76491    ])
Iter time: 117.203904152
Iter time: 216.367968082
Iter time: 363.335386038
153     , -15166.3    , array([ 0.00114277 ,  0.011884   ,  0.0612915  ,  0.172327   ,  4.48925    ,  1.02429    ,  2.91624    ,  0.185257   ,  0.0540917  ,  0.0106177  ,  3.41986    ,  3.71628    ])
Iter time: 123.020982027
Iter time: 226.607649088
Iter time: 378.540570974
154     , -14932.7    , array([ 0.00101988 ,  0.0115251  ,  0.0583512  ,  0.173184   ,  4.57854    ,  1.02482    ,  3.76826    ,  0.182121   ,  0.0584225  ,  0.010067   ,  3.50844    ,  3.66628    ])
Iter time: 122.408955097
Iter time: 226.449664116
Iter time: 378.222254992
155     , -14894.5    , array([ 0.00111089 ,  0.0113063  ,  0.0580997  ,  0.173765   ,  4.56841    ,  1.02505    ,  3.58517    ,  0.192588   ,  0.0558377  ,  0.0106504  ,  3.47253    ,  3.72652    ])
Iter time: 117.566049099
Iter time: 217.005464077
Iter time: 363.333636045
157     , -15117.9    , array([ 0.00114475 ,  0.0118708  ,  0.0603429  ,  0.172992   ,  4.4924     ,  1.02432    ,  3.01787    ,  0.185944   ,  0.0549623  ,  0.010552   ,  3.43784    ,  3.71354    ])
Iter time: 121.244890928
Iter time: 223.548900843
Iter time: 377.10127902
159     , -15114.6    , array([ 0.00106477 ,  0.0113211  ,  0.0620689  ,  0.170644   ,  4.51853    ,  1.02444    ,  3.13582    ,  0.183451   ,  0.0557082  ,  0.0108237  ,  3.42673    ,  3.71867    ])
Iter time: 123.725393057
Iter time: 228.063265085
Iter time: 380.846864939
160     , -14875.3    , array([ 0.00101505 ,  0.0114058  ,  0.0575137  ,  0.173773   ,  4.51814    ,  1.02511    ,  3.72366    ,  0.189984   ,  0.0567436  ,  0.0103753  ,  3.49399    ,  3.71603    ])
Iter time: 118.598188877
Iter time: 218.147432089
Iter time: 366.35670805
161     , -14857.2    , array([ 0.00111916 ,  0.0118168  ,  0.0595135  ,  0.176504   ,  4.51737    ,  1.02595    ,  3.54528    ,  0.188031   ,  0.0620387  ,  0.0104056  ,  3.41257    ,  3.75501    ])
Iter time: 123.812161922
Iter time: 227.705703974
Iter time: 379.955750942
162     , -14836.8    , array([ 0.00100648 ,  0.0114006  ,  0.0580386  ,  0.174281   ,  4.52319    ,  1.0256     ,  3.80075    ,  0.190037   ,  0.0581103  ,  0.0103856  ,  3.47038    ,  3.73119    ])
Iter time: 119.210645914
Iter time: 219.917137146
Iter time: 370.068377018
164     , -15032.2    , array([ 0.00117275 ,  0.0116225  ,  0.0597181  ,  0.172991   ,  4.49874    ,  1.02514    ,  3.25945    ,  0.188096   ,  0.0545477  ,  0.0103191  ,  3.43427    ,  3.70545    ])
Iter time: 120.817188978
Iter time: 222.341875076
Iter time: 374.738089085
165     , -14776.6    , array([ 0.00105242 ,  0.0119666  ,  0.0556809  ,  0.177441   ,  4.49981    ,  1.02564    ,  3.8122     ,  0.193764   ,  0.0581658  ,  0.0100828  ,  3.4932     ,  3.73161    ])
Iter time: 124.327983141
Iter time: 229.397675037
Iter time: 384.244918108
167     , -14757.5    , array([ 0.00108568 ,  0.0114325  ,  0.0536919  ,  0.175922   ,  4.58863    ,  1.02588    ,  4.061      ,  0.186108   ,  0.0651879  ,  0.0108751  ,  3.48736    ,  3.75891    ])
Iter time: 128.306723118
Iter time: 236.393834114
Iter time: 396.34107995
168     , -14602.8    , array([ 0.00111193 ,  0.0112215  ,  0.0495479  ,  0.177469   ,  4.66436    ,  1.02661    ,  4.68256    ,  0.183521   ,  0.0738185  ,  0.0113172  ,  3.51074    ,  3.79008    ])
Iter time: 125.066715002
Iter time: 231.120776892
Iter time: 387.89231205
169     , -14711.1    , array([ 0.00112638 ,  0.0110144  ,  0.0547614  ,  0.181964   ,  4.60668    ,  1.02582    ,  4.04377    ,  0.190938   ,  0.0632012  ,  0.0109507  ,  3.48652    ,  3.77544    ])
Iter time: 120.607660055
Iter time: 222.507446051
Iter time: 373.586607933
171     , -14941.3    , array([ 0.00111742 ,  0.0115704  ,  0.0582706  ,  0.174428   ,  4.51943    ,  1.02525    ,  3.47077    ,  0.188421   ,  0.0570746  ,  0.0104573  ,  3.45378    ,  3.72348    ])
Iter time: 119.773312092
Iter time: 221.711001158
Iter time: 373.44408679
172     , -14692.8    , array([ 0.00110567 ,  0.0114403  ,  0.0598349  ,  0.178379   ,  4.53431    ,  1.0264     ,  4.24256    ,  0.187766   ,  0.0618643  ,  0.0102086  ,  3.62646    ,  3.77174    ])
Iter time: 122.621846914
Iter time: 226.406027079
Iter time: 381.257858038
173     , -14689.1    , array([ 0.00115846 ,  0.0112684  ,  0.0556665  ,  0.177834   ,  4.53948    ,  1.02639    ,  4.27289    ,  0.187476   ,  0.0647403  ,  0.0107334  ,  3.51954    ,  3.77094    ])
Iter time: 118.695141077
Iter time: 218.998885155
Iter time: 366.438099146
174     , -14651.5    , array([ 0.0011258  ,  0.0121027  ,  0.0560482  ,  0.184881   ,  4.89905    ,  1.02614    ,  4.18942    ,  0.187642   ,  0.0656511  ,  0.0102385  ,  3.54224    ,  3.7293     ])
Iter time: 122.432982922
Iter time: 225.425721884
Iter time: 377.432342052
175     , -14620.6    , array([ 0.00106145 ,  0.0115552  ,  0.0554817  ,  0.181303   ,  4.6695     ,  1.02622    ,  4.40423    ,  0.188188   ,  0.0664523  ,  0.0105799  ,  3.56275    ,  3.77178    ])
Iter time: 119.373470068
Iter time: 222.504282951
Iter time: 373.208666801
176     , -14571.6    , array([ 0.00117074 ,  0.0116056  ,  0.0549414  ,  0.184005   ,  4.62435    ,  1.02688    ,  4.16336    ,  0.195764   ,  0.0663274  ,  0.0110815  ,  3.51625    ,  3.84878    ])
Iter time: 118.867919922
Iter time: 220.485620022
Iter time: 371.918648005
177     , -14395.5    , array([ 0.00125435 ,  0.011646   ,  0.0533119  ,  0.189666   ,  4.64742    ,  1.02791    ,  4.37619    ,  0.202964   ,  0.0706724  ,  0.0116265  ,  3.52016    ,  3.94341    ])
Iter time: 120.074476004
Iter time: 221.602405071
Iter time: 370.753990889
178     , -14527.1    , array([ 0.0010968  ,  0.0118887  ,  0.054394   ,  0.186085   ,  4.64787    ,  1.02712    ,  4.52382    ,  0.186751   ,  0.0721771  ,  0.0106287  ,  3.56068    ,  3.82243    ])
Iter time: 118.535844088
Iter time: 218.928890944
Iter time: 366.970201969
179     , -14486.6    , array([ 0.00121596 ,  0.0118667  ,  0.0544398  ,  0.188213   ,  4.72181    ,  1.0274     ,  4.4992     ,  0.18877    ,  0.0739306  ,  0.0109545  ,  3.54998    ,  3.85129    ])
Iter time: 124.362242937
Iter time: 229.91157198
Iter time: 386.513698101
180     , -14456.9    , array([ 0.0011182  ,  0.0114621  ,  0.0518349  ,  0.187295   ,  4.75757    ,  1.02681    ,  4.91702    ,  0.190855   ,  0.069626   ,  0.0110166  ,  3.65867    ,  3.82743    ])
Iter time: 119.119610071
Iter time: 220.654757023
Iter time: 370.566297054
181     , -14401.8    , array([ 0.0012654  ,  0.0118912  ,  0.0521601  ,  0.191974   ,  4.79164    ,  1.02736    ,  4.78764    ,  0.188975   ,  0.0766069  ,  0.0111467  ,  3.62954    ,  3.86826    ])
Iter time: 134.038724899
Iter time: 248.400764942
Iter time: 417.882040977
182     , -14376.2    , array([ 0.0011476  ,  0.0108964  ,  0.0491851  ,  0.181926   ,  4.6357     ,  1.02803    ,  5.60239    ,  0.193435   ,  0.0736688  ,  0.0106802  ,  3.54738    ,  3.79941    ])
Iter time: 151.761660814
Iter time: 282.400010109
Iter time: 475.778008938
183     , -14202.8    , array([ 0.00115609 ,  0.0102304  ,  0.0444912  ,  0.18039    ,  4.60792    ,  1.0294     ,  7.15673    ,  0.197197   ,  0.0799737  ,  0.0105803  ,  3.54014    ,  3.79479    ])
Iter time: 130.867388964
Iter time: 243.073320866
Iter time: 408.35679698
184     , -14296.9    , array([ 0.00125252 ,  0.0109655  ,  0.0511495  ,  0.190237   ,  4.85263    ,  1.02829    ,  5.60374    ,  0.186355   ,  0.0834869  ,  0.0116205  ,  3.62521    ,  3.88871    ])
Iter time: 126.582221031
Iter time: 235.053947926
Iter time: 393.979574203
185     , -14295.5    , array([ 0.00119116 ,  0.0119047  ,  0.0514202  ,  0.186889   ,  4.78132    ,  1.02853    ,  5.57804    ,  0.188349   ,  0.0804841  ,  0.0108058  ,  3.65585    ,  3.86255    ])
Iter time: 128.779145002
Iter time: 238.119701147
Iter time: 399.620414972
186     , -14237.1    , array([ 0.00122863 ,  0.0115377  ,  0.0458864  ,  0.192131   ,  4.90077    ,  1.0283     ,  5.5648     ,  0.19163    ,  0.0859093  ,  0.0117017  ,  3.5195     ,  3.88169    ])
Iter time: 129.388354063
Iter time: 241.342942953
Iter time: 401.878917933
187     , -14170.9    , array([ 0.0011842  ,  0.0117599  ,  0.0477595  ,  0.195219   ,  4.95807    ,  1.02862    ,  5.774      ,  0.192629   ,  0.0860563  ,  0.0112909  ,  3.62642    ,  3.90129    ])
Iter time: 137.005705118
Iter time: 253.753466129
Iter time: 426.113877058
188     , -13924.9    , array([ 0.00119729 ,  0.0120137  ,  0.0442378  ,  0.204539   ,  5.18163    ,  1.02974    ,  6.71204    ,  0.195258   ,  0.099217   ,  0.0115803  ,  3.68107    ,  3.96815    ])
Iter time: 137.428798914
Iter time: 255.240074873
Iter time: 429.588716984
189     , -14093      , array([ 0.00123111 ,  0.0109358  ,  0.0455999  ,  0.190968   ,  4.63731    ,  1.02948    ,  6.37032    ,  0.193738   ,  0.0909088  ,  0.0120821  ,  3.62633    ,  3.98589    ])
Iter time: 135.274179935
Iter time: 252.005280972
Iter time: 424.228705883
190     , -14031.3    , array([ 0.00133842 ,  0.0113493  ,  0.044584   ,  0.196429   ,  4.85967    ,  1.02994    ,  6.44407    ,  0.194114   ,  0.0946283  ,  0.0119539  ,  3.6161     ,  3.97743    ])
Iter time: 132.861845016
Iter time: 246.957410097
Iter time: 417.106318951
191     , -13967.5    , array([ 0.00131776 ,  0.0117088  ,  0.0490526  ,  0.204097   ,  4.89839    ,  1.0301     ,  6.39234    ,  0.200921   ,  0.0887854  ,  0.0112775  ,  3.6878     ,  3.99018    ])
Iter time: 142.68663311
Iter time: 264.797583103
Iter time: 447.450396061
192     , -13948.1    , array([ 0.00137742 ,  0.0110236  ,  0.0439192  ,  0.197667   ,  4.95898    ,  1.03009    ,  7.00912    ,  0.199868   ,  0.0939935  ,  0.0121273  ,  3.6574     ,  3.98483    ])
Iter time: 150.117256165
Iter time: 278.955766201
Iter time: 469.151752949
193     , -13909.9    , array([ 0.00126853 ,  0.0109093  ,  0.0423395  ,  0.197035   ,  4.92136    ,  1.03026    ,  7.58791    ,  0.199622   ,  0.0955107  ,  0.0119677  ,  3.6867     ,  3.9775     ])
Iter time: 128.088335037
Iter time: 237.406229973
Iter time: 398.315949202
196     , -14294.6    , array([ 0.00118467 ,  0.0113964  ,  0.049467   ,  0.190317   ,  4.79572    ,  1.02796    ,  5.45778    ,  0.192841   ,  0.0775041  ,  0.01127    ,  3.63928    ,  3.87663    ])
Iter time: 153.784892797
Iter time: 286.086079121
Iter time: 482.396851063
197     , -13883.6    , array([ 0.00123126 ,  0.0107213  ,  0.0423487  ,  0.194533   ,  4.87777    ,  1.03098    ,  7.83468    ,  0.201582   ,  0.097349   ,  0.0119466  ,  3.61209    ,  3.98696    ])
Iter time: 173.061463118
Iter time: 318.970005035
Iter time: 537.932691097
199     , -13831.2    , array([ 0.00123828 ,  0.010797   ,  0.039874   ,  0.197733   ,  5.06984    ,  1.03094    ,  9.44498    ,  0.187475   ,  0.111309   ,  0.0115056  ,  3.74037    ,  3.91814    ])
Iter time: 152.865882158
Iter time: 283.888460875
Iter time: 477.952884912
201     , -13811.6    , array([ 0.00123772 ,  0.0114376  ,  0.0398701  ,  0.198413   ,  4.89102    ,  1.03099    ,  8.04649    ,  0.204388   ,  0.0988507  ,  0.0114926  ,  3.65095    ,  3.97825    ])
Iter time: 133.962869167
Iter time: 248.381802082
Iter time: 417.438806057
204     , -14148.2    , array([ 0.00121978 ,  0.0115272  ,  0.04768    ,  0.191025   ,  4.8309     ,  1.02919    ,  6.2143     ,  0.19238    ,  0.086243   ,  0.0112035  ,  3.64674    ,  3.90252    ])
Iter time: 134.820014
Iter time: 250.229033947
Iter time: 420.647891045
206     , -14141.5    , array([ 0.00121793 ,  0.0112839  ,  0.0466939  ,  0.192799   ,  4.83965    ,  1.02896    ,  6.18028    ,  0.194641   ,  0.085009   ,  0.0114388  ,  3.63878    ,  3.91071    ])
Iter time: 135.722790956
Iter time: 252.316505909
Iter time: 421.958799839
208     , -14107.4    , array([ 0.00123987 ,  0.011343   ,  0.045005   ,  0.193744   ,  4.88981    ,  1.02915    ,  6.26792    ,  0.194155   ,  0.0894606  ,  0.0116448  ,  3.58337    ,  3.91448    ])
Iter time: 146.924479008
Iter time: 273.898295164
Iter time: 459.486027002
210     , -14090.2    , array([ 0.00120622 ,  0.0107272  ,  0.0443367  ,  0.18829    ,  4.75321    ,  1.02969    ,  7.06897    ,  0.196827   ,  0.0867189  ,  0.0111171  ,  3.59568    ,  3.87543    ])
Iter time: 138.403271914
Iter time: 257.076191187
Iter time: 432.940876961
212     , -14060.7    , array([ 0.00123843 ,  0.0113527  ,  0.0457592  ,  0.193645   ,  4.86357    ,  1.02961    ,  6.62258    ,  0.194594   ,  0.0900745  ,  0.0114361  ,  3.64727    ,  3.92891    ])
Iter time: 138.944216967
Iter time: 258.813039064
Iter time: 434.848723173
214     , -14054.1    , array([ 0.00123835 ,  0.0112351  ,  0.0452455  ,  0.194578   ,  4.86897    ,  1.02952    ,  6.62347    ,  0.195732   ,  0.0896437  ,  0.0115555  ,  3.64364    ,  3.93379    ])
Iter time: 139.388137102
Iter time: 259.569242001
Iter time: 437.172297955
216     , -14034.5    , array([ 0.00124939 ,  0.01126    ,  0.0444295  ,  0.195088   ,  4.89326    ,  1.02963    ,  6.68562    ,  0.195553   ,  0.0919687  ,  0.0116553  ,  3.6183     ,  3.9365     ])
Iter time: 152.93045187
Iter time: 284.418526888
Iter time: 479.465248823
217     , -13834.6    , array([ 0.00129064 ,  0.0114805  ,  0.0420068  ,  0.202794   ,  5.21715    ,  1.03077    ,  8.04739    ,  0.200551   ,  0.0985213  ,  0.0111966  ,  3.67967    ,  3.92341    ])
Iter time: 145.866317034
Iter time: 270.778411865
Iter time: 455.358043909
219     , -14013.9    , array([ 0.00123656 ,  0.0109944  ,  0.0439517  ,  0.19309    ,  4.85404    ,  1.02995    ,  7.15283    ,  0.197125   ,  0.0910751  ,  0.0113745  ,  3.62767    ,  3.91678    ])
Iter time: 153.106809855
Iter time: 286.396612883
Iter time: 480.194786072
220     , -13811.7    , array([ 0.00129724 ,  0.0111251  ,  0.0412079  ,  0.202383   ,  5.05061    ,  1.03088    ,  8.01213    ,  0.200726   ,  0.101758   ,  0.0118325  ,  3.66936    ,  3.98642    ])
Iter time: 155.355718136
Iter time: 289.356826067
Iter time: 488.599308968
221     , -13779.3    , array([ 0.00130741 ,  0.0112231  ,  0.0410316  ,  0.202737   ,  5.0759     ,  1.03119    ,  8.26925    ,  0.200398   ,  0.10443    ,  0.0117566  ,  3.67732    ,  3.9903     ])
Iter time: 157.675215006
Iter time: 294.186484098
Iter time: 496.454334974
223     , -13759.4    , array([ 0.0013057  ,  0.0111922  ,  0.0412347  ,  0.203507   ,  5.08164    ,  1.03134    ,  8.48786    ,  0.201401   ,  0.103969   ,  0.0116727  ,  3.71307    ,  3.99659    ])
Iter time: 167.741475821
Iter time: 312.224437952
Iter time: 525.761777163
225     , -13731.3    , array([ 0.00121382 ,  0.0110784  ,  0.0405605  ,  0.203313   ,  5.15499    ,  1.03126    ,  9.21974    ,  0.204144   ,  0.102645   ,  0.011336   ,  3.73175    ,  3.95863    ])
Iter time: 148.457389832
Iter time: 276.238405943
Iter time: 464.386928797
228     , -13929.7    , array([ 0.00125446 ,  0.0111067  ,  0.0430879  ,  0.19686    ,  4.94139    ,  1.03033    ,  7.50416    ,  0.198382   ,  0.0952146  ,  0.0115053  ,  3.6548     ,  3.94406    ])
Iter time: 178.377211809
Iter time: 334.717353106
Iter time: 561.050288916
229     , -13734.7    , array([ 0.00121901 ,  0.0106576  ,  0.0355978  ,  0.196181   ,  5.1733     ,  1.03136    ,  9.95863    ,  0.197961   ,  0.11291    ,  0.0120492  ,  3.67099    ,  3.94533    ])
Iter time: 173.636433125
Iter time: 321.44520998
Iter time: 540.927621126
230     , -13714.2    , array([ 0.00114269 ,  0.0112565  ,  0.0383906  ,  0.202308   ,  5.14626    ,  1.03159    ,  9.62983    ,  0.198686   ,  0.109964   ,  0.0111929  ,  3.70379    ,  3.94407    ])
Iter time: 169.031361818
Iter time: 315.571362972
Iter time: 530.579815149
232     , -13690      , array([ 0.00123534 ,  0.0111973  ,  0.0383857  ,  0.204064   ,  5.19967    ,  1.03155    ,  9.37633    ,  0.200226   ,  0.111191   ,  0.011744   ,  3.71466    ,  3.98483    ])
Iter time: 148.170142889
Iter time: 275.799052954
Iter time: 462.434938908
235     , -13852.8    , array([ 0.00122244 ,  0.0115409  ,  0.0421658  ,  0.202454   ,  5.12569    ,  1.03041    ,  7.60869    ,  0.197476   ,  0.101519   ,  0.0116089  ,  3.68423    ,  3.96696    ])
Iter time: 175.692403078
Iter time: 323.609753847
Iter time: 544.769453049
236     , -13664.7    , array([ 0.00122047 ,  0.0113732  ,  0.0381251  ,  0.204727   ,  5.25939    ,  1.03195    ,  9.8086     ,  0.199458   ,  0.114125   ,  0.0112594  ,  3.68769    ,  3.95235    ])
Iter time: 172.852652073
Iter time: 322.073283911
Iter time: 543.25482583
238     , -13652.1    , array([ 0.00125557 ,  0.011687   ,  0.0374551  ,  0.209133   ,  5.37343    ,  1.03139    ,  9.86217    ,  0.197169   ,  0.114977   ,  0.0111684  ,  3.77688    ,  3.93725    ])
Iter time: 155.840342999
Iter time: 290.822930098
Iter time: 487.601636887
241     , -13799.7    , array([ 0.00123423 ,  0.0113719  ,  0.0407778  ,  0.202351   ,  5.13273    ,  1.03084    ,  8.267      ,  0.198405   ,  0.104175   ,  0.0115613  ,  3.69271    ,  3.96325    ])
Iter time: 158.344383955
Iter time: 294.681569099
Iter time: 498.408158064
243     , -13790.7    , array([ 0.00126583 ,  0.0113377  ,  0.0406506  ,  0.202502   ,  5.1748     ,  1.03102    ,  8.51153    ,  0.199854   ,  0.102864   ,  0.0113693  ,  3.69097    ,  3.9431     ])
Iter time: 167.310279131
Iter time: 311.974813938
Iter time: 525.107373953
245     , -13787.5    , array([ 0.00124102 ,  0.0110174  ,  0.039637   ,  0.200158   ,  5.10558    ,  1.03111    ,  9.18116    ,  0.193744   ,  0.108977   ,  0.0115194  ,  3.71923    ,  3.94149    ])
Iter time: 158.876044989
Iter time: 296.124705076
Iter time: 497.584728956
247     , -13776.2    , array([ 0.00126789 ,  0.011179   ,  0.0402293  ,  0.202404   ,  5.09819    ,  1.03109    ,  8.50424    ,  0.200179   ,  0.104495   ,  0.0116688  ,  3.68583    ,  3.97381    ])
Iter time: 158.856604099
Iter time: 295.962222099
Iter time: 498.703592062
249     , -13774.7    , array([ 0.0012397  ,  0.0113241  ,  0.0395857  ,  0.200576   ,  5.02567    ,  1.03115    ,  8.54213    ,  0.201822   ,  0.10323    ,  0.0115073  ,  3.67803    ,  3.96955    ])
Iter time: 160.886847973
Iter time: 299.616972923
Iter time: 505.357036114
251     , -13767.9    , array([ 0.00123818 ,  0.0112896  ,  0.0399844  ,  0.202482   ,  5.14384    ,  1.03109    ,  8.6702     ,  0.198987   ,  0.105933   ,  0.0115394  ,  3.69839    ,  3.96232    ])
Iter time: 174.169013023
Iter time: 324.797057867
Iter time: 545.593960047
252     , -13680.7    , array([ 0.00121441 ,  0.0110717  ,  0.0377094  ,  0.202721   ,  5.13009    ,  1.03166    ,  9.74427    ,  0.199145   ,  0.113362   ,  0.0116966  ,  3.71847    ,  3.983      ])
Iter time: 165.446223974
Iter time: 307.845405817
Iter time: 518.224822998
253     , -13665.6    , array([ 0.00123422 ,  0.0114029  ,  0.0383536  ,  0.205531   ,  5.20379    ,  1.03166    ,  9.12364    ,  0.206368   ,  0.107709   ,  0.0115736  ,  3.69009    ,  3.99158    ])
Iter time: 161.297282934
Iter time: 299.823169947
Iter time: 505.396734953
255     , -13747.6    , array([ 0.00126899 ,  0.0112232  ,  0.0398855  ,  0.202898   ,  5.12033    ,  1.03131    ,  8.73532    ,  0.200422   ,  0.106505   ,  0.0116434  ,  3.69149    ,  3.97841    ])
Iter time: 164.060740948
Iter time: 304.679686069
Iter time: 511.381880999
257     , -13745.1    , array([ 0.0012497  ,  0.011203   ,  0.0394795  ,  0.202751   ,  5.13249    ,  1.03126    ,  8.86847    ,  0.200323   ,  0.106622   ,  0.0115988  ,  3.69599    ,  3.97038    ])
Iter time: 163.260383129
Iter time: 497.5195961
Iter time: 511.610540867
259     , -13743.2    , array([ 0.00123615 ,  0.0112704  ,  0.039158   ,  0.201924   ,  5.10032    ,  1.0313     ,  8.90209    ,  0.201081   ,  0.106118   ,  0.0115221  ,  3.69282    ,  3.96828    ])
Iter time: 329.166535139
Iter time: 330.280704975
Iter time: 717.75677681
260     , -13654.9    , array([ 0.00122673 ,  0.0111417  ,  0.0373942  ,  0.203991   ,  5.20115    ,  1.03185    ,  9.97054    ,  0.202058   ,  0.112366   ,  0.0115315  ,  3.71606    ,  3.97271    ])
Iter time: 163.480334044
Iter time: 306.433392048
Iter time: 512.957086086
262     , -13730.2    , array([ 0.00126525 ,  0.0112017  ,  0.0397682  ,  0.203391   ,  5.13179    ,  1.03143    ,  8.94333    ,  0.200986   ,  0.10685    ,  0.011598   ,  3.71027    ,  3.98103    ])
Iter time: 165.442019939
Iter time: 308.51739192
Iter time: 518.507697105
264     , -13723.6    , array([ 0.00124718 ,  0.0112163  ,  0.0391074  ,  0.203107   ,  5.15178    ,  1.03141    ,  9.08167    ,  0.20052    ,  0.10816    ,  0.0115815  ,  3.70025    ,  3.97208    ])
Iter time: 166.548779011
Iter time: 310.567701101
Iter time: 521.469868183
266     , -13721.7    , array([ 0.00123756 ,  0.0112067  ,  0.0388925  ,  0.203049   ,  5.15869    ,  1.0314     ,  9.15968    ,  0.200479   ,  0.108284   ,  0.0115586  ,  3.70268    ,  3.96813    ])
Iter time: 166.909092903
Iter time: 311.325187922
Iter time: 524.611558914
268     , -13719.8    , array([ 0.00123089 ,  0.0112378  ,  0.0387228  ,  0.202681   ,  5.14494    ,  1.03142    ,  9.18794    ,  0.200833   ,  0.108118   ,  0.0115218  ,  3.70151    ,  3.96708    ])
Iter time: 161.931293011
Iter time: 298.87607789
Iter time: 503.345279932
269     , -13659.5    , array([ 0.00123434 ,  0.0118854  ,  0.0417729  ,  0.212117   ,  5.20189    ,  1.03174    ,  8.90961    ,  0.203731   ,  0.106697   ,  0.0109352  ,  3.75503    ,  3.99019    ])
Iter time: 170.093196869
Iter time: 316.156911135
Iter time: 532.47276783
270     , -13646.2    , array([ 0.00124308 ,  0.0115688  ,  0.0368423  ,  0.206128   ,  5.22825    ,  1.03191    ,  9.56892    ,  0.197495   ,  0.118127   ,  0.0115537  ,  3.69772    ,  3.98205    ])
Iter time: 171.194355011
Iter time: 319.112416983
Iter time: 536.242763996
271     , -13601.3    , array([ 0.00125797 ,  0.0118221  ,  0.0351131  ,  0.207549   ,  5.26526    ,  1.03224    ,  9.74844    ,  0.194252   ,  0.126723   ,  0.011664   ,  3.68082    ,  3.99382    ])
Iter time: 166.339493036
Iter time: 309.839359999
Iter time: 526.142997026
273     , -13704.6    , array([ 0.00124637 ,  0.0112865  ,  0.0390057  ,  0.204224   ,  5.16708    ,  1.03154    ,  9.19824    ,  0.200604   ,  0.109244   ,  0.0115236  ,  3.71125    ,  3.9762     ])
Iter time: 174.195448875
Iter time: 323.866424084
Iter time: 854.570655107
274     , -13631.6    , array([ 0.00120853 ,  0.0115417  ,  0.0374103  ,  0.207224   ,  5.25655    ,  1.03192    ,  9.87594    ,  0.199939   ,  0.115529   ,  0.01131    ,  3.7261     ,  3.97138    ])
Iter time: 174.231875896
Iter time: 324.553792953
Iter time: 563.111377001
275     , -13618.4    , array([ 0.00121312 ,  0.0116083  ,  0.0373742  ,  0.207987   ,  5.26596    ,  1.03202    ,  9.91548    ,  0.19989    ,  0.116648   ,  0.0112914  ,  3.72756    ,  3.97587    ])
Iter time: 168.512889862
Iter time: 313.6809659
Iter time: 531.077180862
277     , -13690.6    , array([ 0.00122734 ,  0.0113368  ,  0.0383664  ,  0.204307   ,  5.18341    ,  1.03159    ,  9.38721    ,  0.200469   ,  0.110582   ,  0.0114633  ,  3.70938    ,  3.9699     ])
Iter time: 171.483859062
Iter time: 319.243070126
Iter time: 537.099268913
279     , -13686.8    , array([ 0.00118608 ,  0.0113496  ,  0.0382005  ,  0.204203   ,  5.18563    ,  1.03167    ,  9.60009    ,  0.199469   ,  0.111548   ,  0.0113097  ,  3.71076    ,  3.95945    ])
Iter time: 168.439611912
Iter time: 313.675103188
Iter time: 527.979794025
281     , -13681.3    , array([ 0.00123616 ,  0.0113673  ,  0.0384718  ,  0.205167   ,  5.19688    ,  1.03165    ,  9.39922    ,  0.200382   ,  0.111279   ,  0.0114666  ,  3.71447    ,  3.97485    ])
Iter time: 173.277453899
Iter time: 322.392357111
Iter time: 542.287266016
282     , -13623.9    , array([ 0.00122618 ,  0.011567   ,  0.037546   ,  0.208081   ,  5.27294    ,  1.03196    ,  9.8291     ,  0.199838   ,  0.116312   ,  0.0113573  ,  3.72689    ,  3.97791    ])
Iter time: 173.551101923
Iter time: 325.532396078
Iter time: 543.675261021
283     , -13613.7    , array([ 0.00121673 ,  0.0117747  ,  0.0373891  ,  0.209007   ,  5.26872    ,  1.03207    ,  9.91816    ,  0.200015   ,  0.116547   ,  0.0110241  ,  3.72363    ,  3.96186    ])
Iter time: 170.945919037
Iter time: 318.584677935
Iter time: 537.802672863
284     , -13604.7    , array([ 0.00127267 ,  0.0116881  ,  0.0374361  ,  0.209676   ,  5.29701    ,  1.03201    ,  9.73975    ,  0.200866   ,  0.117026   ,  0.0113988  ,  3.7297     ,  3.98767    ])
Iter time: 170.154811859
Iter time: 315.626611948
Iter time: 532.86391902
286     , -13660.3    , array([ 0.00123387 ,  0.0114555  ,  0.0380994  ,  0.206229   ,  5.22306    ,  1.03176    ,  9.54763    ,  0.200294   ,  0.112993   ,  0.0114074  ,  3.71798    ,  3.97472    ])
Iter time: 168.936365128
Iter time: 320.477648973
Iter time: 529.195571184
287     , -13595      , array([ 0.00125233 ,  0.0121057  ,  0.0378164  ,  0.212582   ,  5.38752    ,  1.0321     ,  9.61998    ,  0.201467   ,  0.116061   ,  0.010965   ,  3.72442    ,  3.96484    ])
Iter time: 166.907951117
Iter time: 310.388469934
Iter time: 522.003325939
288     , -13553      , array([ 0.00127173 ,  0.0126584  ,  0.03787    ,  0.217691   ,  5.52104    ,  1.03233    ,  9.55843    ,  0.202638   ,  0.117435   ,  0.0106166  ,  3.7274     ,  3.9558     ])
Iter time: 168.562525988
Iter time: 313.061547995
Iter time: 527.059206963
290     , -13647.1    , array([ 0.00123526 ,  0.0115398  ,  0.038037   ,  0.207055   ,  5.24335    ,  1.0318     ,  9.41689    ,  0.203158   ,  0.111552   ,  0.0114075  ,  3.70729    ,  3.98124    ])
Iter time: 168.079643011
Iter time: 312.744519949
Iter time: 526.576741934
291     , -13589.7    , array([ 0.00125486 ,  0.0120208  ,  0.0373106  ,  0.212926   ,  5.30445    ,  1.0319     ,  9.56613    ,  0.201156   ,  0.116514   ,  0.0112526  ,  3.76514    ,  3.99444    ])
Iter time: 171.70866704
Iter time: 319.136034012
Iter time: 539.352735996
292     , -13581.3    , array([ 0.00124473 ,  0.0120307  ,  0.0372059  ,  0.212504   ,  5.35513    ,  1.03211    ,  9.83077    ,  0.200459   ,  0.118285   ,  0.0110813  ,  3.74232    ,  3.97523    ])
Iter time: 166.090598106
Iter time: 308.759957075
Iter time: 519.866813898
294     , -13636.9    , array([ 0.00123724 ,  0.0118183  ,  0.039467   ,  0.210742   ,  5.25145    ,  1.03185    ,  9.3289     ,  0.201911   ,  0.111542   ,  0.0110943  ,  3.74203    ,  3.98195    ])
Iter time: 165.58603406
Iter time: 308.676001072
Iter time: 517.94869113
295     , -13571.7    , array([ 0.00125551 ,  0.012517   ,  0.0375188  ,  0.21607    ,  5.41245    ,  1.03208    ,  9.46393    ,  0.198149   ,  0.120858   ,  0.0109158  ,  3.74648    ,  3.9763     ])
Iter time: 171.343173027
Iter time: 319.358381987
Iter time: 538.061373949
297     , -13628.9    , array([ 0.00124828 ,  0.0117816  ,  0.0374585  ,  0.209823   ,  5.34109    ,  1.03171    ,  9.77098    ,  0.198667   ,  0.115994   ,  0.0111832  ,  3.75272    ,  3.95746    ])
Iter time: 170.208324909
Iter time: 317.693089008
Iter time: 530.493564844
299     , -13625.9    , array([ 0.00123869 ,  0.0117173  ,  0.0377242  ,  0.208893   ,  5.28011    ,  1.03191    ,  9.56254    ,  0.201474   ,  0.11444    ,  0.0112929  ,  3.71988    ,  3.97851    ])
Iter time: 168.81137681
Iter time: 313.354746103
Iter time: 527.535300016
301     , -13620.3    , array([ 0.00123974 ,  0.0118536  ,  0.0383546  ,  0.210668   ,  5.28539    ,  1.03193    ,  9.52758    ,  0.200837   ,  0.114556   ,  0.0111451  ,  3.73634    ,  3.97873    ])
Iter time: 166.669836998
Iter time: 310.244203091
Iter time: 522.067286015
302     , -13574.4    , array([ 0.00128231 ,  0.0123016  ,  0.0372916  ,  0.214608   ,  5.38819    ,  1.03212    ,  9.52995    ,  0.199747   ,  0.119647   ,  0.0110562  ,  3.73695    ,  3.98085    ])
Iter time: 168.301568031
Iter time: 314.093605042
Iter time: 528.504073143
303     , -13567.6    , array([ 0.00124707 ,  0.012138   ,  0.037216   ,  0.212747   ,  5.31067    ,  1.0324     ,  9.59232    ,  0.201207   ,  0.119785   ,  0.0111603  ,  3.70783    ,  3.99878    ])
Iter time: 170.341746092
Iter time: 316.810478926
Iter time: 533.586975098
304     , -13560.1    , array([ 0.00125814 ,  0.0122766  ,  0.0368704  ,  0.214346   ,  5.37717    ,  1.03229    ,  9.80649    ,  0.19836    ,  0.122339   ,  0.0110301  ,  3.73855    ,  3.98099    ])
Iter time: 166.290452957
Iter time: 309.976433039
Iter time: 520.084002018
305     , -13552.7    , array([ 0.00127643 ,  0.0125602  ,  0.0369335  ,  0.216249   ,  5.40207    ,  1.03229    ,  9.53688    ,  0.199737   ,  0.121387   ,  0.0109143  ,  3.73346    ,  3.9821     ])
Iter time: 162.915183067
Iter time: 302.83231616
Iter time: 509.611859083
306     , -13518.5    , array([ 0.00130232 ,  0.0130883  ,  0.036631   ,  0.220452   ,  5.46782    ,  1.03245    ,  9.39404    ,  0.199687   ,  0.124007   ,  0.0106993  ,  3.73675    ,  3.9842     ])
Iter time: 169.899074078
Iter time: 316.553206921
Iter time: 532.598212957
307     , -13538.1    , array([ 0.00127288 ,  0.0124606  ,  0.0358789  ,  0.215216   ,  5.41992    ,  1.0324     ,  9.81557    ,  0.198553   ,  0.124887   ,  0.0110468  ,  3.72408    ,  3.9822     ])
Iter time: 163.599385023
Iter time: 304.400573969
Iter time: 512.124191046
308     , -13528.6    , array([ 0.00131128 ,  0.012875   ,  0.0365703  ,  0.219234   ,  5.4661     ,  1.03238    ,  9.41568    ,  0.19927    ,  0.12405    ,  0.0108639  ,  3.73227    ,  3.98612    ])
Iter time: 170.735131979
Iter time: 317.577362061
Iter time: 535.224119902
310     , -13589.4    , array([ 0.00124266 ,  0.0120426  ,  0.0371447  ,  0.211681   ,  5.32485    ,  1.03215    ,  9.76823    ,  0.199766   ,  0.118713   ,  0.0110431  ,  3.72713    ,  3.97243    ])
Iter time: 164.953473091
Iter time: 306.745028973
Iter time: 515.554601908
311     , -13524.7    , array([ 0.00126058 ,  0.0130437  ,  0.0363279  ,  0.219555   ,  5.47226    ,  1.03246    ,  9.50748    ,  0.197998   ,  0.12524    ,  0.0106787  ,  3.73115    ,  3.97584    ])
Iter time: 166.609998941
Iter time: 305.660631895
Iter time: 513.346944094
312     , -13514.6    , array([ 0.00127576 ,  0.013109   ,  0.0389515  ,  0.223894   ,  5.54075    ,  1.03227    ,  9.45947    ,  0.205393   ,  0.11543    ,  0.0102835  ,  3.78926    ,  3.96673    ])
Iter time: 166.414175034
Iter time: 309.199874878
Iter time: 519.869099855
314     , -13513.3    , array([ 0.00128244 ,  0.0130798  ,  0.0369212  ,  0.220074   ,  5.53991    ,  1.03268    ,  9.62175    ,  0.199033   ,  0.125349   ,  0.0105007  ,  3.70835    ,  3.96152    ])
Iter time: 165.74653101
Iter time: 307.806498051
Iter time: 520.420681953
315     , -13474.6    , array([ 0.00129645 ,  0.0136438  ,  0.036728   ,  0.223738   ,  5.66153    ,  1.03307    ,  9.64968    ,  0.197981   ,  0.130014   ,  0.0101437  ,  3.68028    ,  3.94516    ])
Iter time: 162.674494028
Iter time: 303.110349178
Iter time: 510.287423134
316     , -13496.2    , array([ 0.00130421 ,  0.0133307  ,  0.0370165  ,  0.223423   ,  5.57537    ,  1.03258    ,  9.40352    ,  0.200118   ,  0.124905   ,  0.0105495  ,  3.73827    ,  3.9789     ])
Iter time: 161.100163937
Iter time: 299.252743006
Iter time: 501.741822958
317     , -13490.7    , array([ 0.00131221 ,  0.013574   ,  0.0369242  ,  0.224423   ,  5.5812     ,  1.0327     ,  9.27476    ,  0.19937    ,  0.126501   ,  0.0104273  ,  3.72243    ,  3.9767     ])
Iter time: 164.360732079
Iter time: 304.981962919
Iter time: 512.897738934
318     , -13482.2    , array([ 0.00127865 ,  0.0134947  ,  0.0367786  ,  0.223886   ,  5.57959    ,  1.03278    ,  9.52433    ,  0.200018   ,  0.126226   ,  0.0103494  ,  3.72536    ,  3.97039    ])
Iter time: 165.033764839
Iter time: 306.79886198
Iter time: 517.604104996
319     , -13470.1    , array([ 0.00130993 ,  0.0134297  ,  0.0364346  ,  0.223691   ,  5.58281    ,  1.03294    ,  9.60095    ,  0.201947   ,  0.125871   ,  0.0103899  ,  3.71239    ,  3.97396    ])
Iter time: 164.854576111
Iter time: 306.338245869
Iter time: 517.195271969
320     , -13420      , array([ 0.00133801 ,  0.0139106  ,  0.0359043  ,  0.227602   ,  5.67       ,  1.03337    ,  9.67021    ,  0.203873   ,  0.128454   ,  0.0101365  ,  3.69546    ,  3.97279    ])
Iter time: 162.075401068
Iter time: 300.961161852
Iter time: 506.460309029
321     , -13449.8    , array([ 0.00133436 ,  0.0141672  ,  0.0365121  ,  0.229756   ,  5.75224    ,  1.03278    ,  9.48523    ,  0.199314   ,  0.128486   ,  0.0100006  ,  3.74899    ,  3.94732    ])
Iter time: 167.436666012
Iter time: 311.124215126
Iter time: 523.948283911
323     , -13529.3    , array([ 0.00127708 ,  0.0127641  ,  0.0368514  ,  0.218321   ,  5.46693    ,  1.03246    ,  9.65821    ,  0.199347   ,  0.123448   ,  0.0107508  ,  3.73388    ,  3.97557    ])
Iter time: 162.365837097
Iter time: 302.128326178
Iter time: 507.674448013
324     , -13441.3    , array([ 0.0013223  ,  0.0139324  ,  0.0356608  ,  0.22726    ,  5.58641    ,  1.03296    ,  9.48256    ,  0.197525   ,  0.133237   ,  0.0103641  ,  3.73213    ,  3.98789    ])
Iter time: 167.686419964
Iter time: 312.245907068
Iter time: 522.849493027
326     , -13513.4    , array([ 0.00128681 ,  0.0129238  ,  0.036302   ,  0.219287   ,  5.49329    ,  1.03254    ,  9.65298    ,  0.199265   ,  0.125324   ,  0.010736   ,  3.72726    ,  3.97724    ])
Iter time: 160.291250944
Iter time: 298.102710962
Iter time: 500.303375006
327     , -13447.5    , array([ 0.00132682 ,  0.0141057  ,  0.0365177  ,  0.228838   ,  5.67477    ,  1.03293    ,  9.32992    ,  0.200599   ,  0.128444   ,  0.0101241  ,  3.72588    ,  3.96927    ])
Iter time: 163.533952951
Iter time: 303.935774803
Iter time: 511.538734913
329     , -13504.9    , array([ 0.00130713 ,  0.0131938  ,  0.036625   ,  0.221762   ,  5.52637    ,  1.03256    ,  9.45048    ,  0.199676   ,  0.125163   ,  0.0106149  ,  3.73081    ,  3.97856    ])
Iter time: 161.754415989
Iter time: 300.55688405
Iter time: 505.41657877
330     , -13434.8    , array([ 0.001355   ,  0.0140416  ,  0.0370854  ,  0.229566   ,  5.71411    ,  1.03304    ,  9.45391    ,  0.202473   ,  0.127329   ,  0.0100634  ,  3.72749    ,  3.96665    ])
Iter time: 163.120226145
Iter time: 303.136909008
Iter time: 510.160516024
332     , -13495.4    , array([ 0.00130678 ,  0.0133481  ,  0.0366867  ,  0.222845   ,  5.53966    ,  1.03263    ,  9.43975    ,  0.20007    ,  0.125276   ,  0.0105047  ,  3.73265    ,  3.97699    ])
Iter time: 162.467130899
Iter time: 301.677057981
Iter time: 507.374352932
333     , -13424.6    , array([ 0.00135317 ,  0.0141791  ,  0.0343143  ,  0.226466   ,  5.68489    ,  1.03338    ,  9.50865    ,  0.194781   ,  0.140667   ,  0.0103807  ,  3.65962    ,  3.97454    ])
Iter time: 165.397794962
Iter time: 306.278347015
Iter time: 516.230057001
335     , -13488.3    , array([ 0.00130301 ,  0.0133253  ,  0.0363451  ,  0.222511   ,  5.56044    ,  1.03272    ,  9.56213    ,  0.199451   ,  0.12698    ,  0.0105173  ,  3.72272    ,  3.97382    ])
Iter time: 163.289675951
Iter time: 303.344207048
Iter time: 511.235375881
337     , -13483.5    , array([ 0.00131308 ,  0.0134694  ,  0.0364948  ,  0.223794   ,  5.57859    ,  1.03274    ,  9.46593    ,  0.199647   ,  0.126975   ,  0.0104538  ,  3.72416    ,  3.97429    ])
Iter time: 163.114689112
Iter time: 303.109076977
Iter time: 510.555140972
338     , -13425.8    , array([ 0.00133559 ,  0.0142083  ,  0.0356406  ,  0.228356   ,  5.68833    ,  1.03327    ,  9.57049    ,  0.199043   ,  0.133205   ,  0.0100316  ,  3.69456    ,  3.96039    ])
Iter time: 163.678452969
Iter time: 302.847779989
Iter time: 509.586261034
340     , -13475.4    , array([ 0.00131447 ,  0.013589   ,  0.0364599  ,  0.224584   ,  5.59159    ,  1.0328     ,  9.46859    ,  0.199782   ,  0.127444   ,  0.0103755  ,  3.7229     ,  3.97262    ])
Iter time: 165.831066132
Iter time: 308.699815035
Iter time: 517.936653137
341     , -13417.4    , array([ 0.00133266 ,  0.0141022  ,  0.035483   ,  0.228294   ,  5.7093     ,  1.03327    ,  9.75921    ,  0.199687   ,  0.133042   ,  0.0100632  ,  3.70402    ,  3.95914    ])
Iter time: 163.970180988
Iter time: 306.153074026
Iter time: 512.596145868
344     , -13468.2    , array([ 0.0013139  ,  0.0136101  ,  0.0362344  ,  0.224662   ,  5.60867    ,  1.03288    ,  9.54609    ,  0.1995     ,  0.128597   ,  0.0103605  ,  3.71719    ,  3.97025    ])
Iter time: 163.30929184
Iter time: 304.19256711
Iter time: 510.966207981
346     , -13465.2    , array([ 0.001319   ,  0.0136895  ,  0.0362981  ,  0.225345   ,  5.61908    ,  1.03289    ,  9.50129    ,  0.199592   ,  0.128663   ,  0.0103253  ,  3.71762    ,  3.97032    ])
