==========================================
SLURM_JOB_ID = 18981484
SLURM_NODELIST = c8-71
==========================================
Module slurm/17.11.5 loaded 
Module openmpi/3.0.1 loaded 
Module gcc/7.3.0 loaded 
Module python/2.7.6 loaded 
Module numpy/1.11.1 loaded 
Module dadi/1.7.0 loaded 
Module matplotlib/2.0 loaded 
Module scipy/0.18.0 loaded 
Beginning. Call:
/home/hemstrow/monarch/github/F-H_2018/DADI/demographic_models/run_3d_mods.py /home/hemstrow/monarch/github/F-H_2018/Data/dadi_inputs/ dadi_snps_10kgap.txt 1st_folded_optim_10kgap_snps_dadi_out.txt lgrowth_p3 10 [NAM,HAW,GUA] True 3 [0.1,0.1,0.5,1,5,5,.1,.1,.1,.1,2] [1,1,5,10,20,20,10,10,10,10,4] [1e-3,1e-3,1e-3,1e-3,0.01,0.01,0.01,0.01,0.01,0.01,1] [150,15,15] fmin

Ready to begin run. Parameters:

Model:
lgrowth_p3
Maxiters:
10
Pops:
['NAM', 'HAW', 'GUA']
Projection:
[150, 15, 15]
Number of segregating sites in projected sfs:
9454.98941724
Folding spectra:
True
Level of parm folding:
3
Optimizer:
fmin
p0:
[  0.42057633   0.08950707   2.35668646   0.22799561  11.73455839
  13.01918646   0.02389531   0.06017041   0.60120204   0.09752015
   1.09073571]
Upper Bounds:
[1.0, 1.0, 5.0, 10.0, 20.0, 20.0, 10.0, 10.0, 10.0, 10.0, 4.0]
Lower Bounds:
[0.001, 0.001, 0.001, 0.001, 0.01, 0.01, 0.01, 0.01, 0.01, 0.01, 1.0]

Beginning optimization ************************************************
optimize_log_fmin.
Iter time: 205.14535594
Iter time: 399.393448114
Iter time: 689.098844051
1       , -29722.1    , array([ 0.420576   ,  0.0895071  ,  2.35669    ,  0.227996   ,  11.7346    ,  13.0192    ,  0.0238953  ,  0.0601704  ,  0.601202   ,  0.0975201  ,  1.09074    ])
Iter time: 204.870831966
Iter time: 398.781605959
Iter time: 688.451211929
2       , -29717.5    , array([ 0.402751   ,  0.0895071  ,  2.35669    ,  0.227996   ,  11.7346    ,  13.0192    ,  0.0238953  ,  0.0601704  ,  0.601202   ,  0.0975201  ,  1.09074    ])
Iter time: 209.844199181
Iter time: 407.197272778
Iter time: 702.345713139
3       , -29722.2    , array([ 0.420576   ,  0.0793323  ,  2.35669    ,  0.227996   ,  11.7346    ,  13.0192    ,  0.0238953  ,  0.0601704  ,  0.601202   ,  0.0975201  ,  1.09074    ])
Iter time: 204.925712109
Iter time: 399.722148895
Iter time: 689.352332115
4       , -29780.3    , array([ 0.420576   ,  0.0895071  ,  2.4599     ,  0.227996   ,  11.7346    ,  13.0192    ,  0.0238953  ,  0.0601704  ,  0.601202   ,  0.0975201  ,  1.09074    ])
Iter time: 218.091099024
Iter time: 424.112018108
Iter time: 732.687452793
5       , -29743.6    , array([ 0.420576   ,  0.0895071  ,  2.35669    ,  0.21175    ,  11.7346    ,  13.0192    ,  0.0238953  ,  0.0601704  ,  0.601202   ,  0.0975201  ,  1.09074    ])
Iter time: 205.901553154
Iter time: 399.878648043
Iter time: 689.046229839
6       , -29985.9    , array([ 0.420576   ,  0.0895071  ,  2.35669    ,  0.227996   ,  13.2721    ,  13.0192    ,  0.0238953  ,  0.0601704  ,  0.601202   ,  0.0975201  ,  1.09074    ])
Iter time: 230.78609705
Iter time: 448.842010021
Iter time: 772.687906981
7       , -30007.3    , array([ 0.420576   ,  0.0895071  ,  2.35669    ,  0.227996   ,  11.7346    ,  14.8017    ,  0.0238953  ,  0.0601704  ,  0.601202   ,  0.0975201  ,  1.09074    ])
Iter time: 205.079458952
Iter time: 399.538597822
Iter time: 688.253443003
8       , -30170.8    , array([ 0.420576   ,  0.0895071  ,  2.35669    ,  0.227996   ,  11.7346    ,  13.0192    ,  0.0198257  ,  0.0601704  ,  0.601202   ,  0.0975201  ,  1.09074    ])
Iter time: 204.961457968
Iter time: 398.525655031
Iter time: 688.505311966
9       , -29829.4    , array([ 0.420576   ,  0.0895071  ,  2.35669    ,  0.227996   ,  11.7346    ,  13.0192    ,  0.0238953  ,  0.052282   ,  0.601202   ,  0.0975201  ,  1.09074    ])
Iter time: 205.528262138
Iter time: 399.705651999
Iter time: 147262.412089
10      , -29736.3    , array([ 0.420576   ,  0.0895071  ,  2.35669    ,  0.227996   ,  11.7346    ,  13.0192    ,  0.0238953  ,  0.0601704  ,  0.5861     ,  0.0975201  ,  1.09074    ])
Iter time: 204.929587841
Iter time: 399.077290058
Iter time: 691.175616026
11      , -29762.5    , array([ 0.420576   ,  0.0895071  ,  2.35669    ,  0.227996   ,  11.7346    ,  13.0192    ,  0.0238953  ,  0.0601704  ,  0.601202   ,  0.0868059  ,  1.09074    ])
Iter time: 204.913029194
Iter time: 398.507065058
Iter time: 689.357938051
12      , -29722.1    , array([ 0.420576   ,  0.0895071  ,  2.35669    ,  0.227996   ,  11.7346    ,  13.0192    ,  0.0238953  ,  0.0601704  ,  0.601202   ,  0.0975201  ,  1.09548    ])
Iter time: 212.514793873
Iter time: 412.91890502
Iter time: 713.321166992
13      , -29370.9    , array([ 0.417278   ,  0.0875646  ,  2.37512    ,  0.224952   ,  12.0002    ,  13.3265    ,  0.0288003  ,  0.0586525  ,  0.598427   ,  0.0954782  ,  1.0916     ])
Iter time: 216.266122103
Iter time: 420.389285088
Iter time: 726.025765181
14      , -28902      , array([ 0.415638   ,  0.0866093  ,  2.3844     ,  0.223445   ,  12.1353    ,  13.4829    ,  0.0347121  ,  0.0579079  ,  0.597045   ,  0.0944733  ,  1.09203    ])
Iter time: 187.366042852
Iter time: 364.144092083
Iter time: 629.185945988
15      , -29412.6    , array([ 0.416383   ,  0.0870422  ,  2.38018    ,  0.224129   ,  12.0737    ,  11.5244    ,  0.025574   ,  0.0582452  ,  0.597673   ,  0.0949288  ,  1.09183    ])
Iter time: 206.990439177
Iter time: 403.224079132
Iter time: 694.017555952
16      , -29326.1    , array([ 0.415625   ,  0.0866014  ,  2.38447    ,  0.223433   ,  10.4929    ,  12.815     ,  0.0258916  ,  0.0579018  ,  0.597034   ,  0.0944651  ,  1.09203    ])
Iter time: 206.96826911
Iter time: 402.595812082
Iter time: 694.721518993
17      , -29369.7    , array([ 0.414731   ,  0.0860834  ,  2.38956    ,  0.222613   ,  11.6289    ,  12.7782    ,  0.0262721  ,  0.0678868  ,  0.596279   ,  0.09392    ,  1.09227    ])
Iter time: 207.431715965
Iter time: 402.919147968
Iter time: 695.610532999
18      , -29347.1    , array([ 0.413677   ,  0.0854751  ,  2.27726    ,  0.221648   ,  11.6097    ,  12.7348    ,  0.026729   ,  0.0602951  ,  0.595388   ,  0.0932798  ,  1.09255    ])
Iter time: 207.724632025
Iter time: 403.556937933
Iter time: 696.973190069
19      , -29289.8    , array([ 0.412434   ,  0.0847618  ,  2.36222    ,  0.220513   ,  11.5872    ,  12.6838    ,  0.0272792  ,  0.0603178  ,  0.594337   ,  0.106173   ,  1.09288    ])
Iter time: 194.193578005
Iter time: 376.697618008
Iter time: 650.383605003
20      , -29226.1    , array([ 0.410971   ,  0.0839264  ,  2.36323    ,  0.239188   ,  11.5606    ,  12.6238    ,  0.027944   ,  0.0603446  ,  0.593097   ,  0.0959798  ,  1.09327    ])
Iter time: 204.007162094
Iter time: 396.557718039
Iter time: 684.641468048
21      , -29134      , array([ 0.409248   ,  0.0829498  ,  2.36442    ,  0.224089   ,  11.5292    ,  12.5532    ,  0.0287507  ,  0.0603763  ,  0.609694   ,  0.0957024  ,  1.09373    ])
Iter time: 198.847524166
Iter time: 386.592319012
Iter time: 668.903240919
22      , -29040.4    , array([ 0.407222   ,  0.0943503  ,  2.36583    ,  0.223386   ,  11.4923    ,  12.4702    ,  0.0297341  ,  0.0604138  ,  0.595896   ,  0.0953756  ,  1.09427    ])
Iter time: 201.669887066
Iter time: 392.291123152
Iter time: 676.876993895
23      , -28913      , array([ 0.404839   ,  0.0844301  ,  2.36749    ,  0.222558   ,  11.4488    ,  12.3729    ,  0.0309398  ,  0.0604582  ,  0.594937   ,  0.0949907  ,  1.09491    ])
Iter time: 201.166784048
Iter time: 392.049992085
Iter time: 675.675397158
24      , -28760.9    , array([ 0.402042   ,  0.0835384  ,  2.36946    ,  0.221583   ,  11.3976    ,  12.2589    ,  0.0324278  ,  0.0605107  ,  0.593805   ,  0.0945379  ,  1.09007    ])
Iter time: 199.622919798
Iter time: 387.889580965
Iter time: 670.045085907
25      , -28256.8    , array([ 0.393083   ,  0.0807051  ,  2.37588    ,  0.218445   ,  11.2327    ,  11.8956    ,  0.0377764  ,  0.0606815  ,  0.59014    ,  0.0930812  ,  1.08737    ])
Iter time: 200.335839033
Iter time: 389.25541997
Iter time: 672.137594938
26      , -28494.2    , array([ 0.417985   ,  0.0819809  ,  2.37296    ,  0.219866   ,  11.3074    ,  12.0594    ,  0.0352438  ,  0.0606038  ,  0.591803   ,  0.0937406  ,  1.0942     ])
Iter time: 221.731318951
Iter time: 431.113255024
Iter time: 744.158905029
27      , -28644      , array([ 0.404584   ,  0.0833891  ,  2.34824    ,  0.22288    ,  10.8595    ,  13.7365    ,  0.0349078  ,  0.0630605  ,  0.59423    ,  0.0960792  ,  1.09353    ])
Iter time: 202.991235971
Iter time: 395.129606962
Iter time: 681.921539068
28      , -28539.4    , array([ 0.40437    ,  0.0838319  ,  2.33162    ,  0.224447   ,  11.1355    ,  12.5526    ,  0.0357822  ,  0.0533838  ,  0.595247   ,  0.0975133  ,  1.09332    ])
Iter time: 202.627135992
Iter time: 394.610605001
Iter time: 678.260019064
29      , -28432.3    , array([ 0.403727   ,  0.084131   ,  2.45712    ,  0.225939   ,  11.0695    ,  12.5624    ,  0.0370863  ,  0.0587894  ,  0.596111   ,  0.0989781  ,  1.09318    ])
Iter time: 202.345494986
Iter time: 392.808094978
Iter time: 678.122454882
30      , -28228.5    , array([ 0.399718   ,  0.082601   ,  2.35947    ,  0.224589   ,  12.3675    ,  12.4388    ,  0.0408705  ,  0.0613889  ,  0.594301   ,  0.098569   ,  1.09391    ])
Iter time: 199.762963057
Iter time: 389.849304914
Iter time: 671.197468042
31      , -27560.9    , array([ 0.391994   ,  0.0806706  ,  2.34707    ,  0.225169   ,  13.4269    ,  12.2548    ,  0.0513494  ,  0.0632104  ,  0.59294    ,  0.100687   ,  1.09485    ])
Iter time: 200.387119055
Iter time: 389.239004135
Iter time: 669.653266191
32      , -27967      , array([ 0.399104   ,  0.0836381  ,  2.37892    ,  0.228429   ,  11.5036    ,  12.489     ,  0.0435195  ,  0.0594341  ,  0.596742   ,  0.0868581  ,  1.09342    ])
Iter time: 214.988605022
Iter time: 418.011675119
Iter time: 724.326357126
33      , -27806.4    , array([ 0.398397   ,  0.0844177  ,  2.38076    ,  0.208838   ,  11.5197    ,  12.524     ,  0.0460476  ,  0.0592437  ,  0.598656   ,  0.0943535  ,  1.09306    ])
Iter time: 206.149478912
Iter time: 401.131984949
Iter time: 693.857300043
34      , -27649.6    , array([ 0.398125   ,  0.0856845  ,  2.38255    ,  0.220072   ,  11.5493    ,  12.5891    ,  0.0487573  ,  0.059009   ,  0.580428   ,  0.0943831  ,  1.09248    ])
Iter time: 213.155843019
Iter time: 415.73765111
Iter time: 715.987659931
35      , -27472.6    , array([ 0.398466   ,  0.074023   ,  2.38418    ,  0.220165   ,  11.5969    ,  12.6946    ,  0.0515804  ,  0.0587207  ,  0.591035   ,  0.0945265  ,  1.09161    ])
Iter time: 221.507745028
Iter time: 430.638545036
Iter time: 743.357968092
36      , -26544.1    , array([ 0.394159   ,  0.0655659  ,  2.39341    ,  0.218572   ,  11.6495    ,  12.8084    ,  0.067936   ,  0.057892   ,  0.58862    ,  0.0941049  ,  1.09028    ])
Iter time: 213.162206173
Iter time: 415.600213051
Iter time: 716.339547157
37      , -27158.4    , array([ 0.398867   ,  0.0790034  ,  2.38722    ,  0.220259   ,  11.6778    ,  12.8752    ,  0.0571911  ,  0.0582167  ,  0.590841   ,  0.0947479  ,  1.09012    ])
Iter time: 198.84304595
Iter time: 386.875864983
Iter time: 667.646708012
38      , -26975.4    , array([ 0.385605   ,  0.0757391  ,  2.37081    ,  0.218813   ,  10.9404    ,  11.7166    ,  0.0558202  ,  0.0608393  ,  0.587637   ,  0.0953171  ,  1.09266    ])
Iter time: 190.345937014
Iter time: 370.435067892
Iter time: 639.04956913
39      , -26882.5    , array([ 0.392696   ,  0.0772997  ,  2.4115     ,  0.218634   ,  12.2423    ,  11.1725    ,  0.0604529  ,  0.0555052  ,  0.589225   ,  0.0935884  ,  1.091      ])
Iter time: 204.851426125
Iter time: 398.066683054
Iter time: 690.613268137
40      , -26634.9    , array([ 0.390816   ,  0.0757656  ,  2.44362    ,  0.216075   ,  12.1464    ,  11.97      ,  0.0648757  ,  0.0660327  ,  0.587132   ,  0.0915258  ,  1.09079    ])
Iter time: 209.146589041
Iter time: 406.748777151
Iter time: 703.640645027
41      , -26247      , array([ 0.373494   ,  0.0763736  ,  2.41389    ,  0.219879   ,  12.1184    ,  12.4427    ,  0.0735949  ,  0.0590803  ,  0.589698   ,  0.0947964  ,  1.0893     ])
Iter time: 213.224387884
Iter time: 414.672137022
Iter time: 715.475008011
42      , -24849.3    , array([ 0.353057   ,  0.0737154  ,  2.43461    ,  0.219886   ,  12.5454    ,  12.6389    ,  0.106348   ,  0.0583329  ,  0.588648   ,  0.0953288  ,  1.08686    ])
Iter time: 209.509814978
Iter time: 406.733702183
Iter time: 701.242649078
43      , -25644.3    , array([ 0.37737    ,  0.0726547  ,  2.32732    ,  0.212916   ,  12.6637    ,  11.9577    ,  0.0847037  ,  0.0608174  ,  0.584096   ,  0.089169   ,  1.08916    ])
Iter time: 211.954656124
Iter time: 414.304166794
Iter time: 715.41076088
44      , -25245.4    , array([ 0.384724   ,  0.0743055  ,  2.39787    ,  0.219196   ,  12.7547    ,  12.6399    ,  0.0963065  ,  0.058945   ,  0.588903   ,  0.0940807  ,  1.09531    ])
Iter time: 215.857701063
Iter time: 419.596201897
Iter time: 724.991180897
45      , -25207.2    , array([ 0.3764     ,  0.0701739  ,  2.39827    ,  0.208049   ,  12.6904    ,  12.0656    ,  0.096586   ,  0.0600918  ,  0.580989   ,  0.102296   ,  1.08959    ])
Iter time: 201.673931122
Iter time: 391.601531029
Iter time: 675.780069113
46      , -24877.9    , array([ 0.373194   ,  0.0672285  ,  2.3996     ,  0.227409   ,  12.8976    ,  11.9507    ,  0.104444   ,  0.0604409  ,  0.575986   ,  0.095564   ,  1.08932    ])
Iter time: 209.083726883
Iter time: 406.042881966
Iter time: 701.561949968
47      , -24514.6    , array([ 0.369084   ,  0.0633769  ,  2.40091    ,  0.217092   ,  13.1255    ,  11.7769    ,  0.113293   ,  0.0609464  ,  0.593245   ,  0.0957502  ,  1.08933    ])
Iter time: 212.094724894
Iter time: 412.019840956
Iter time: 711.860280037
48      , -22724.2    , array([ 0.355369   ,  0.0545061  ,  2.41015    ,  0.215617   ,  13.9924    ,  11.3907    ,  0.172698   ,  0.0619388  ,  0.599759   ,  0.0964412  ,  1.08775    ])
Iter time: 217.427804947
Iter time: 421.597057104
Iter time: 728.69657588
49      , -23838.5    , array([ 0.36823    ,  0.0626844  ,  2.44899    ,  0.210512   ,  11.3751    ,  11.9383    ,  0.134116   ,  0.0566856  ,  0.581936   ,  0.0890546  ,  1.08569    ])
Iter time: 204.864754915
Iter time: 397.973064899
Iter time: 687.520564079
50      , -23605.7    , array([ 0.356665   ,  0.0613704  ,  2.419      ,  0.213441   ,  13.0165    ,  11.2081    ,  0.140601   ,  0.0612506  ,  0.582393   ,  0.0935768  ,  1.08958    ])
Iter time: 219.542973995
Iter time: 427.090234041
Iter time: 737.306158066
51      , -22898.4    , array([ 0.363735   ,  0.0616131  ,  2.44468    ,  0.213883   ,  14.3397    ,  12.2175    ,  0.170401   ,  0.058682   ,  0.584615   ,  0.0927069  ,  1.08649    ])
Iter time: 235.496454
Iter time: 457.69137907
Iter time: 790.683732033
52      , -22360.8    , array([ 0.352227   ,  0.0579303  ,  2.40941    ,  0.213204   ,  13.1886    ,  13.0225    ,  0.189965   ,  0.0649756  ,  0.582208   ,  0.094257   ,  1.08732    ])
Iter time: 261.849092007
Iter time: 508.795732975
Iter time: 877.963561773
53      , -20021.4    , array([ 0.333584   ,  0.0501499  ,  2.40836    ,  0.21054    ,  13.6889    ,  14.0593    ,  0.336744   ,  0.0703006  ,  0.578731   ,  0.0945931  ,  1.08549    ])
Iter time: 229.436671972
Iter time: 445.650846004
Iter time: 770.125153065
54      , -21444.6    , array([ 0.343877   ,  0.0548314  ,  2.37146    ,  0.214714   ,  13.5849    ,  12.5157    ,  0.238807   ,  0.0552422  ,  0.582754   ,  0.0969606  ,  1.08657    ])
Iter time: 213.359725952
Iter time: 414.588320971
Iter time: 715.304254055
55      , -20682.9    , array([ 0.332605   ,  0.0613346  ,  2.41716    ,  0.211575   ,  14.5656    ,  11.6474    ,  0.286611   ,  0.0624758  ,  0.580224   ,  0.0948172  ,  1.08641    ])
Iter time: 227.253793955
Iter time: 442.037439108
Iter time: 762.698376894
56      , -20781.1    , array([ 0.339517   ,  0.0536717  ,  2.50299    ,  0.216945   ,  13.7444    ,  12.4165    ,  0.286908   ,  0.0597622  ,  0.58401    ,  0.101189   ,  1.08703    ])
Iter time: 226.992895842
Iter time: 441.504232168
Iter time: 761.288100004
57      , -20437.3    , array([ 0.325544   ,  0.0494654  ,  2.44836    ,  0.210336   ,  13.833     ,  11.7083    ,  0.307743   ,  0.0618151  ,  0.578365   ,  0.0971852  ,  1.07944    ])
Iter time: 226.497966051
Iter time: 438.413223982
Iter time: 757.014735937
58      , -19626.8    , array([ 0.324076   ,  0.0491512  ,  2.45717    ,  0.222045   ,  14.1228    ,  12.1987    ,  0.378821   ,  0.060948   ,  0.585761   ,  0.0885511  ,  1.08326    ])
Iter time: 234.909457922
Iter time: 455.122690916
Iter time: 785.485790014
59      , -17276.3    , array([ 0.300709   ,  0.0411351  ,  2.48717    ,  0.229392   ,  14.8985    ,  12.2658    ,  0.750228   ,  0.0613806  ,  0.588161   ,  0.0823875  ,  1.0801     ])
Iter time: 246.834683895
Iter time: 479.527847052
Iter time: 827.559297085
60      , -18615.3    , array([ 0.314275   ,  0.0469209  ,  2.47187    ,  0.203463   ,  14.265     ,  12.3744    ,  0.501368   ,  0.0607661  ,  0.5931     ,  0.0922666  ,  1.08185    ])
Iter time: 244.602491856
Iter time: 475.351927042
Iter time: 818.662363052
61      , -17710.7    , array([ 0.325245   ,  0.0394176  ,  2.44306    ,  0.207475   ,  15.012     ,  11.6558    ,  0.652757   ,  0.0634316  ,  0.581138   ,  0.0919468  ,  1.08339    ])
Iter time: 241.997908115
Iter time: 470.904839993
Iter time: 810.209315062
62      , -17502.6    , array([ 0.304885   ,  0.0426048  ,  2.42765    ,  0.216143   ,  17.4132    ,  12.2861    ,  0.690174   ,  0.0666231  ,  0.587694   ,  0.0989983  ,  1.08414    ])
Iter time: 263.98022604
Iter time: 511.182697058
Iter time: 881.763494015
63      , -16778.2    , array([ 0.30592    ,  0.0407231  ,  2.45933    ,  0.213665   ,  16.0442    ,  13.3069    ,  0.879189   ,  0.0626076  ,  0.588201   ,  0.0951838  ,  1.07929    ])
Iter time: 479.214423895
Iter time: 926.603770018
Iter time: 1595.88514018
64      , -14367.4    , array([ 0.283323   ,  0.0331727  ,  2.47974    ,  0.213777   ,  17.8126    ,  14.4993    ,  2.19851    ,  0.0632973  ,  0.591126   ,  0.0959976  ,  1.07418    ])
Iter time: 270.995527983
Iter time: 526.32740593
Iter time: 905.183641911
65      , -15949.5    , array([ 0.286652   ,  0.0362441  ,  2.43981    ,  0.213204   ,  15.1494    ,  12.5936    ,  1.15488    ,  0.0662537  ,  0.587147   ,  0.0966882  ,  1.08011    ])
Iter time: 352.788161039
Iter time: 684.373682976
Iter time: 1175.8736732
66      , -15153.6    , array([ 0.282159   ,  0.0380404  ,  2.48027    ,  0.211056   ,  15.7513    ,  13.7564    ,  1.60979    ,  0.0635434  ,  0.570113   ,  0.0929876  ,  1.07748    ])
Iter time: 340.783930063
Iter time: 659.421799183
Iter time: 1136.17373085
67      , -15034.8    , array([ 0.281287   ,  0.0353827  ,  2.54138    ,  0.211283   ,  16.6662    ,  12.737     ,  1.64696    ,  0.0730831  ,  0.584415   ,  0.0917885  ,  1.077      ])
Iter time: 382.228678942
Iter time: 741.847913027
Iter time: 1278.07138491
68      , -14667      , array([ 0.275318   ,  0.03351    ,  2.41451    ,  0.208106   ,  17.0603    ,  12.8983    ,  1.88355    ,  0.0700729  ,  0.583232   ,  0.0864071  ,  1.07474    ])
Iter time: 557.256005049
Iter time: 1081.86558104
Iter time: 1857.40251207
69      , -13965.5    , array([ 0.271544   ,  0.0262713  ,  2.49975    ,  0.212749   ,  16.5679    ,  14.0075    ,  2.6552     ,  0.0684426  ,  0.58759    ,  0.0906699  ,  1.07324    ])
WARNING:Numerics:Extrapolation may have failed. Check resulting frequency spectrum for unexpected results.
WARNING:Inference:Model is masked in some entries where data is not.
WARNING:Inference:Number of affected entries is 202. Sum of data in those entries is 0.0657564:
Iter time: 1681.97719717
Iter time: 3247.98107719
Iter time: 5588.4259758
0.0657564475458 9454.98941724
70      , -12543.6    , array([ 0.245356   ,  0.0171937  ,  2.54209    ,  0.213338   ,  17.67      ,  15.3612    ,  8.08162    ,  0.0716363  ,  0.591308   ,  0.0886648  ,  1.06671    ])
Iter time: 903.893911839
Iter time: 1749.55650496
Iter time: 3012.136204
71      , -13072.3    , array([ 0.26353    ,  0.0268809  ,  2.48481    ,  0.214554   ,  18.2394    ,  14.6398    ,  4.47979    ,  0.0710537  ,  0.591855   ,  0.0869971  ,  1.07785    ])
WARNING:Numerics:Extrapolation may have failed. Check resulting frequency spectrum for unexpected results.
WARNING:Inference:Model is masked in some entries where data is not.
WARNING:Inference:Number of affected entries is 106. Sum of data in those entries is 0.17184:
Iter time: 1096.87119389
Iter time: 2117.97486687
Iter time: 3645.75714493
0.171840055001 9454.98941724
72      , -12691.8    , array([ 0.246389   ,  0.0236719  ,  2.54047    ,  0.215083   ,  19.4188    ,  12.2818    ,  6.55393    ,  0.0625985  ,  0.593897   ,  0.088031   ,  1.07046    ])
WARNING:Inference:Model is masked in some entries where data is not.
WARNING:Inference:Number of affected entries is 131. Sum of data in those entries is 0.172279:
Iter time: 1328.36601615
Iter time: 2562.6105268
Iter time: 4407.71038604
0.17227875029 9454.98941724
73      , -12649.4    , array([ 0.250207   ,  0.0223416  ,  2.48755    ,  0.224823   ,  19.7093    ,  13.935     ,  7.02452    ,  0.0728127  ,  0.57965    ,  0.0894829  ,  1.072      ])
WARNING:Numerics:Extrapolation may have failed. Check resulting frequency spectrum for unexpected results.
WARNING:Inference:Model is masked in some entries where data is not.
WARNING:Inference:Number of affected entries is 212. Sum of data in those entries is 0.0660895:
Iter time: 1700.19864798
Iter time: 4549.85247803
Iter time: 5663.13203788
0.0660894853297 9454.98941724
74      , -12588.2    , array([ 0.230509   ,  0.023986   ,  2.52516    ,  0.223719   ,  19.6789    ,  15.2824    ,  8.31063    ,  0.0715244  ,  0.591307   ,  0.0893518  ,  1.06842    ])
Iter time: 313.520514011
Iter time: 609.511507034
Iter time: 1046.89478993
76      , -15401.1    , array([ 0.28528    ,  0.0352615  ,  2.45995    ,  0.216131   ,  17.3966    ,  12.933     ,  1.4197     ,  0.0672053  ,  0.58711    ,  0.0942866  ,  1.07929    ])
Iter time: 328.25799799
Iter time: 635.900511026
Iter time: 1095.89903593
78      , -15241.3    , array([ 0.282643   ,  0.0344061  ,  2.48868    ,  0.222055   ,  16.2053    ,  12.9534    ,  1.52372    ,  0.0647734  ,  0.587296   ,  0.0865426  ,  1.07724    ])
Iter time: 397.298311949
Iter time: 767.334573984
Iter time: 1322.78213716
80      , -14664.9    , array([ 0.275781   ,  0.0322196  ,  2.46709    ,  0.214473   ,  16.3913    ,  13.1422    ,  1.91447    ,  0.0672264  ,  0.586796   ,  0.0932819  ,  1.07711    ])
WARNING:Inference:Model is masked in some entries where data is not.
WARNING:Inference:Number of affected entries is 164. Sum of data in those entries is 0.277702:
Iter time: 1468.66813993
Iter time: 2843.24517202
Iter time: 4896.28994298
0.277702386619 9454.98941724
81      , -12622.4    , array([ 0.245245   ,  0.0228868  ,  2.53123    ,  0.215067   ,  17.8853    ,  14.5862    ,  7.4909     ,  0.0692406  ,  0.585723   ,  0.0857329  ,  1.06858    ])
WARNING:Numerics:Extrapolation may have failed. Check resulting frequency spectrum for unexpected results.
WARNING:Inference:Model is masked in some entries where data is not.
WARNING:Inference:Number of affected entries is 272. Sum of data in those entries is 0.512253:
Iter time: 1856.72471189
Iter time: 3592.45772195
Iter time: 6184.90697217
0.512253110679 9454.98941724
82      , -13089.7    , array([ 0.241228   ,  0.02178    ,  2.50974    ,  0.208115   ,  19.5476    ,  14.8809    ,  9.32343    ,  0.0727167  ,  0.585253   ,  0.0932449  ,  1.06904    ])
Iter time: 539.83587718
Iter time: 1045.53812289
Iter time: 1806.03801084
84      , -13990.2    , array([ 0.269506   ,  0.0314621  ,  2.49105    ,  0.212869   ,  16.9086    ,  13.8694    ,  2.66795    ,  0.0664438  ,  0.578826   ,  0.0914073  ,  1.07492    ])
Iter time: 540.828397036
Iter time: 1046.71890807
Iter time: 1803.7659781
86      , -13892.7    , array([ 0.268567   ,  0.0301816  ,  2.51925    ,  0.213056   ,  17.4042    ,  13.3974    ,  2.7584     ,  0.0709493  ,  0.585785   ,  0.0907989  ,  1.07459    ])
