==========================================
SLURM_JOB_ID = 18981493
SLURM_NODELIST = c8-72
==========================================
Module slurm/17.11.5 loaded 
Module openmpi/3.0.1 loaded 
Module gcc/7.3.0 loaded 
Module python/2.7.6 loaded 
Module numpy/1.11.1 loaded 
Module dadi/1.7.0 loaded 
Module matplotlib/2.0 loaded 
Module scipy/0.18.0 loaded 
Beginning. Call:
/home/hemstrow/monarch/github/F-H_2018/DADI/demographic_models/run_3d_mods.py /home/hemstrow/monarch/github/F-H_2018/Data/dadi_inputs/ dadi_snps_10kgap.txt 1st_folded_optim_10kgap_snps_dadi_out.txt lgrowth_p3 10 [NAM,GUA,HAW] True 3 [0.1,0.1,0.5,1,5,5,.1,.1,.1,.1,2] [1,1,5,10,20,20,10,10,10,10,4] [1e-3,1e-3,1e-3,1e-3,0.01,0.01,0.01,0.01,0.01,0.01,1] [150,15,15] fmin

Ready to begin run. Parameters:

Model:
lgrowth_p3
Maxiters:
10
Pops:
['NAM', 'GUA', 'HAW']
Projection:
[150, 15, 15]
Number of segregating sites in projected sfs:
9454.98941724
Folding spectra:
True
Level of parm folding:
3
Optimizer:
fmin
p0:
[  2.23541182e-02   1.62310349e-01   7.24165827e-02   9.74405940e-01
   1.59414865e+01   6.73372411e+00   2.55924646e-01   7.14534304e-01
   7.15289620e-01   1.40722139e-02   3.96000000e+00]
Upper Bounds:
[1.0, 1.0, 5.0, 10.0, 20.0, 20.0, 10.0, 10.0, 10.0, 10.0, 4.0]
Lower Bounds:
[0.001, 0.001, 0.001, 0.001, 0.01, 0.01, 0.01, 0.01, 0.01, 0.01, 1.0]

Beginning optimization ************************************************
optimize_log_fmin.
Iter time: 391.927237988
Iter time: 748.324172974
Iter time: 1270.76258397
1       , -17464.4    , array([ 0.0223541  ,  0.16231    ,  0.0724166  ,  0.974406   ,  15.9415    ,  6.73372    ,  0.255925   ,  0.714534   ,  0.71529    ,  0.0140722  ,  3.96       ])
Iter time: 408.716923952
Iter time: 775.798006058
Iter time: 1321.09064484
2       , -17465.1    , array([ 0.0184853  ,  0.16231    ,  0.0724166  ,  0.974406   ,  15.9415    ,  6.73372    ,  0.255925   ,  0.714534   ,  0.71529    ,  0.0140722  ,  3.96       ])
Iter time: 391.576827049
Iter time: 745.119493961
Iter time: 1271.10064602
3       , -17464.4    , array([ 0.0223541  ,  0.148205   ,  0.0724166  ,  0.974406   ,  15.9415    ,  6.73372    ,  0.255925   ,  0.714534   ,  0.71529    ,  0.0140722  ,  3.96       ])
Iter time: 435.066222906
Iter time: 830.068391085
Iter time: 1415.38667297
4       , -17571.3    , array([ 0.0223541  ,  0.16231    ,  0.0635082  ,  0.974406   ,  15.9415    ,  6.73372    ,  0.255925   ,  0.714534   ,  0.71529    ,  0.0140722  ,  3.96       ])
Iter time: 391.668259859
Iter time: 745.368676901
Iter time: 1272.84137797
5       , -17463.5    , array([ 0.0223541  ,  0.16231    ,  0.0724166  ,  0.973144   ,  15.9415    ,  6.73372    ,  0.255925   ,  0.714534   ,  0.71529    ,  0.0140722  ,  3.96       ])
Iter time: 390.27918601
Iter time: 147313.819029
Iter time: 1258.77828193
6       , -17469.7    , array([ 0.0223541  ,  0.16231    ,  0.0724166  ,  0.974406   ,  18.3086    ,  6.73372    ,  0.255925   ,  0.714534   ,  0.71529    ,  0.0140722  ,  3.96       ])
Iter time: 432.657371044
Iter time: 825.204107046
Iter time: 1409.82525516
7       , -17464.2    , array([ 0.0223541  ,  0.16231    ,  0.0724166  ,  0.974406   ,  15.9415    ,  7.40744    ,  0.255925   ,  0.714534   ,  0.71529    ,  0.0140722  ,  3.96       ])
Iter time: 391.659183025
Iter time: 746.458137989
Iter time: 1270.85626101
8       , -17729.5    , array([ 0.0223541  ,  0.16231    ,  0.0724166  ,  0.974406   ,  15.9415    ,  6.73372    ,  0.239066   ,  0.714534   ,  0.71529    ,  0.0140722  ,  3.96       ])
Iter time: 392.07011795
Iter time: 745.225269079
Iter time: 1271.40539598
9       , -17491.8    , array([ 0.0223541  ,  0.16231    ,  0.0724166  ,  0.974406   ,  15.9415    ,  6.73372    ,  0.255925   ,  0.702626   ,  0.71529    ,  0.0140722  ,  3.96       ])
Iter time: 391.714106083
Iter time: 745.345257998
Iter time: 1271.48685384
10      , -17472.5    , array([ 0.0223541  ,  0.16231    ,  0.0724166  ,  0.974406   ,  15.9415    ,  6.73372    ,  0.255925   ,  0.714534   ,  0.703406   ,  0.0140722  ,  3.96       ])
Iter time: 391.741878986
Iter time: 745.257869005
Iter time: 1270.94557881
11      , -17479.2    , array([ 0.0223541  ,  0.16231    ,  0.0724166  ,  0.974406   ,  15.9415    ,  6.73372    ,  0.255925   ,  0.714534   ,  0.71529    ,  0.0113705  ,  3.96       ])
Iter time: 409.283845186
Iter time: 777.942034006
Iter time: 1327.92803502
13      , -17541.2    , array([ 0.0215949  ,  0.159649   ,  0.0707087  ,  0.974176   ,  16.3479    ,  6.85149    ,  0.252773   ,  0.712354   ,  0.713114   ,  0.0135372  ,  3.69667    ])
Iter time: 412.865518093
Iter time: 785.737693071
Iter time: 1336.61792898
14      , -17249.2    , array([ 0.0214597  ,  0.15917    ,  0.0704025  ,  0.974135   ,  16.4229    ,  6.87312    ,  0.273356   ,  0.711959   ,  0.712719   ,  0.0134422  ,  3.91076    ])
Iter time: 422.718771935
Iter time: 803.768270969
Iter time: 1370.72779894
15      , -17018.7    , array([ 0.021026   ,  0.157623   ,  0.0694166  ,  0.973999   ,  16.669     ,  6.9439     ,  0.292303   ,  0.710674   ,  0.711438   ,  0.0131378  ,  3.88638    ])
Iter time: 369.561048985
Iter time: 701.345774889
Iter time: 1194.79545093
16      , -17303.8    , array([ 0.021222   ,  0.158325   ,  0.081587   ,  0.974061   ,  16.5566    ,  6.91164    ,  0.261594   ,  0.711258   ,  0.71202    ,  0.0132753  ,  3.89744    ])
Iter time: 403.151154995
Iter time: 767.568727016
Iter time: 1309.21634579
18      , -17476.9    , array([ 0.0216705  ,  0.159916   ,  0.0718082  ,  0.9742     ,  16.3063    ,  6.83949    ,  0.25614    ,  0.712574   ,  0.713334   ,  0.0135903  ,  3.82004    ])
Iter time: 404.485790014
Iter time: 769.080775023
Iter time: 1310.54773998
19      , -17331.9    , array([ 0.0210358  ,  0.157658   ,  0.073324   ,  0.974002   ,  16.6633    ,  6.94227    ,  0.263271   ,  0.724961   ,  0.711467   ,  0.0131447  ,  3.90944    ])
Iter time: 406.935118914
Iter time: 773.176723003
Iter time: 1319.23789883
20      , -17315.4    , array([ 0.0208046  ,  0.156827   ,  0.0734902  ,  0.973929   ,  16.798     ,  6.98088    ,  0.26463    ,  0.714759   ,  0.710774   ,  0.0167024  ,  3.90032    ])
Iter time: 401.696130037
Iter time: 765.159224033
Iter time: 1304.33874393
22      , -17430.6    , array([ 0.0215779  ,  0.159589   ,  0.0724538  ,  0.974171   ,  16.3573    ,  6.85421    ,  0.258565   ,  0.713709   ,  0.713064   ,  0.0138142  ,  3.87832    ])
Iter time: 410.111203909
Iter time: 777.904836893
Iter time: 1326.59689212
23      , -17287.1    , array([ 0.0205186  ,  0.155792   ,  0.0738071  ,  0.973837   ,  16.9682    ,  7.02953    ,  0.2667     ,  0.715006   ,  0.724103   ,  0.0139643  ,  3.90029    ])
Iter time: 416.70232892
Iter time: 795.423895836
Iter time: 1360.87921786
24      , -17259      , array([ 0.0202015  ,  0.154635   ,  0.0740628  ,  0.973733   ,  14.5716    ,  7.08469    ,  0.268708   ,  0.715092   ,  0.71366    ,  0.0139447  ,  3.88953    ])
Iter time: 399.055301189
Iter time: 760.416810989
Iter time: 1301.37301588
25      , -17226.3    , array([ 0.0248271  ,  0.15328    ,  0.0743661  ,  0.973611   ,  16.4641    ,  7.15044    ,  0.2711     ,  0.715194   ,  0.713364   ,  0.0139217  ,  3.87685    ])
Iter time: 416.442791939
Iter time: 792.032118082
Iter time: 1351.14382911
26      , -17183.5    , array([ 0.0209256  ,  0.151692   ,  0.0747261  ,  0.973466   ,  16.561     ,  7.22893    ,  0.273954   ,  0.715313   ,  0.713015   ,  0.0138945  ,  3.86192    ])
Iter time: 421.004235983
Iter time: 801.400152922
Iter time: 1365.94844794
27      , -17132.8    , array([ 0.0206759  ,  0.166833   ,  0.0751539  ,  0.973296   ,  16.6761    ,  7.3228     ,  0.277366   ,  0.715455   ,  0.712602   ,  0.0138624  ,  3.84435    ])
Iter time: 379.432358027
Iter time: 719.297328949
Iter time: 1224.70345211
28      , -17074.8    , array([ 0.0203846  ,  0.153098   ,  0.0756626  ,  0.973094   ,  16.8133    ,  6.64289    ,  0.281453   ,  0.715623   ,  0.712115   ,  0.0138246  ,  3.82368    ])
Iter time: 416.506608009
Iter time: 791.209526062
Iter time: 1351.12508893
29      , -17005.8    , array([ 0.0200456  ,  0.151481   ,  0.0762682  ,  0.974347   ,  16.9769    ,  7.2895     ,  0.286361   ,  0.715821   ,  0.711539   ,  0.0137801  ,  3.79941    ])
Iter time: 429.73952198
Iter time: 815.546270132
Iter time: 1389.68170285
30      , -16784.7    , array([ 0.0189823  ,  0.14634    ,  0.0782702  ,  0.974949   ,  17.5195    ,  7.58436    ,  0.302911   ,  0.716465   ,  0.709671   ,  0.0136363  ,  3.72157    ])
Iter time: 411.854879856
Iter time: 782.011007071
Iter time: 1332.72786212
31      , -16922.3    , array([ 0.0202884  ,  0.151655   ,  0.0773068  ,  0.973461   ,  16.7531    ,  7.29439    ,  0.291713   ,  0.717151   ,  0.71314    ,  0.0140044  ,  3.85044    ])
Iter time: 409.736293793
Iter time: 778.643551826
Iter time: 1329.96378994
32      , -16945.1    , array([ 0.0206748  ,  0.152432   ,  0.0771275  ,  0.973531   ,  16.4615    ,  7.26693    ,  0.291892   ,  0.704632   ,  0.715047   ,  0.0148882  ,  3.80924    ])
Iter time: 407.873543024
Iter time: 775.971282005
Iter time: 1323.44123888
33      , -16889.5    , array([ 0.0208808  ,  0.15245    ,  0.077632   ,  0.973533   ,  16.2696    ,  7.2797     ,  0.295617   ,  0.712837   ,  0.716525   ,  0.0114745  ,  3.80178    ])
Iter time: 456.815160036
Iter time: 870.61094594
Iter time: 1485.68404984
34      , -16835.9    , array([ 0.0204098  ,  0.149974   ,  0.0692988  ,  0.973305   ,  16.4543    ,  7.42232    ,  0.30577    ,  0.716635   ,  0.716091   ,  0.0140592  ,  3.78743    ])
Iter time: 420.97252202
Iter time: 801.621948957
Iter time: 1367.79120803
35      , -16768.8    , array([ 0.0210891  ,  0.15136    ,  0.0757306  ,  0.973432   ,  15.9657    ,  7.37035    ,  0.307464   ,  0.713173   ,  0.702719   ,  0.0133819  ,  3.76452    ])
Iter time: 427.868368149
Iter time: 815.048877954
Iter time: 1389.588449
36      , -16523.5    , array([ 0.0213803  ,  0.149192   ,  0.0767111  ,  0.97323    ,  15.4868    ,  7.54691    ,  0.330125   ,  0.712258   ,  0.692265   ,  0.0130999  ,  3.69842    ])
Iter time: 415.832966089
Iter time: 790.564337015
Iter time: 1349.21115899
37      , -16660.5    , array([ 0.0216422  ,  0.151502   ,  0.0759528  ,  0.973444   ,  18.7987    ,  7.39748    ,  0.316805   ,  0.712572   ,  0.709067   ,  0.0132493  ,  3.74052    ])
Iter time: 437.187578917
Iter time: 831.583634853
Iter time: 1411.98208714
38      , -16594.3    , array([ 0.0171759  ,  0.152519   ,  0.075934   ,  0.973536   ,  17.0438    ,  7.37486    ,  0.323032   ,  0.711996   ,  0.708582   ,  0.0131523  ,  3.7284     ])
Iter time: 422.528615952
Iter time: 802.856410027
Iter time: 1369.39639902
39      , -16531.6    , array([ 0.0196595  ,  0.154267   ,  0.0757888  ,  0.973693   ,  17.0329    ,  7.32135    ,  0.329389   ,  0.711275   ,  0.708126   ,  0.0130472  ,  3.71895    ])
Iter time: 417.675402164
Iter time: 793.719296932
Iter time: 1351.56263399
40      , -16474      , array([ 0.0197154  ,  0.138283   ,  0.0754727  ,  0.973936   ,  16.9805    ,  7.22723    ,  0.335666   ,  0.710377   ,  0.707725   ,  0.012934   ,  3.71349    ])
Iter time: 416.032387972
Iter time: 789.397960901
Iter time: 1344.82029104
41      , -16167.6    , array([ 0.0192521  ,  0.125896   ,  0.0756327  ,  0.974256   ,  17.1347    ,  7.17991    ,  0.369261   ,  0.707851   ,  0.705298   ,  0.0124934  ,  3.64974    ])
Iter time: 473.424350023
Iter time: 899.932292938
Iter time: 1535.88306117
42      , -16367      , array([ 0.0197904  ,  0.145424   ,  0.0749599  ,  0.974349   ,  16.9       ,  8.08035    ,  0.347532   ,  0.708802   ,  0.706972   ,  0.0127328  ,  3.70208    ])
Iter time: 432.6926229
Iter time: 822.595128059
Iter time: 1402.126683
43      , -16302.9    , array([ 0.0189766  ,  0.139195   ,  0.082854   ,  0.973508   ,  17.0891    ,  7.94608    ,  0.34533    ,  0.713395   ,  0.706835   ,  0.0133224  ,  3.61033    ])
Iter time: 450.187589169
Iter time: 856.881386995
Iter time: 1458.37184
44      , -16256.5    , array([ 0.0190006  ,  0.141578   ,  0.0755479  ,  0.973971   ,  17.4226    ,  7.71721    ,  0.35655    ,  0.721132   ,  0.701791   ,  0.0115209  ,  3.6477     ])
Iter time: 455.15716815
Iter time: 866.172435045
Iter time: 1478.13288093
45      , -16167.7    , array([ 0.0191329  ,  0.140536   ,  0.075058   ,  0.974134   ,  17.2417    ,  7.76733    ,  0.370028   ,  0.709256   ,  0.701618   ,  0.011821   ,  3.57335    ])
Iter time: 469.272389889
Iter time: 890.547306061
Iter time: 1518.51927519
46      , -16075.3    , array([ 0.018297   ,  0.137749   ,  0.0742868  ,  0.974172   ,  17.9425    ,  7.87529    ,  0.380355   ,  0.712895   ,  0.69564    ,  0.0145055  ,  3.57854    ])
Iter time: 503.114953041
Iter time: 954.566784859
Iter time: 1626.91244292
47      , -15710      , array([ 0.0171275  ,  0.130939   ,  0.0726686  ,  0.974491   ,  18.8425    ,  8.19111    ,  0.431438   ,  0.712924   ,  0.685427   ,  0.0163092  ,  3.47189    ])
Iter time: 425.756078005
Iter time: 807.930227995
Iter time: 1377.17346501
48      , -15921.3    , array([ 0.0181319  ,  0.13661    ,  0.0839413  ,  0.974615   ,  18.1836    ,  7.86362    ,  0.39148    ,  0.708449   ,  0.690544   ,  0.0121627  ,  3.53573    ])
Iter time: 452.269542933
Iter time: 860.518235922
Iter time: 1465.61696792
49      , -15824.2    , array([ 0.0193336  ,  0.138263   ,  0.0752712  ,  0.972911   ,  17.194     ,  7.74638    ,  0.41404    ,  0.707168   ,  0.693339   ,  0.0122818  ,  3.56494    ])
Iter time: 477.486515999
Iter time: 910.747430086
Iter time: 1552.555825
50      , -15788      , array([ 0.0166132  ,  0.131349   ,  0.0774407  ,  0.974318   ,  15.7662    ,  8.0089     ,  0.415626   ,  0.710048   ,  0.691106   ,  0.0124675  ,  3.51602    ])
Iter time: 458.880683899
Iter time: 873.714092016
Iter time: 1491.5584631
51      , -15708.5    , array([ 0.0208069  ,  0.126976   ,  0.0777371  ,  0.974369   ,  17.1448    ,  8.15484    ,  0.426728   ,  0.710269   ,  0.688445   ,  0.0124379  ,  3.49003    ])
Iter time: 469.482392073
Iter time: 896.950027943
Iter time: 1531.69150519
52      , -15315      , array([ 0.0229008  ,  0.115857   ,  0.0786546  ,  0.974786   ,  17.1956    ,  8.57523    ,  0.490461   ,  0.709407   ,  0.678593   ,  0.0120954  ,  3.37662    ])
Iter time: 484.882804155
Iter time: 924.918668985
Iter time: 1578.53406811
53      , -15551.6    , array([ 0.0186897  ,  0.11917    ,  0.0784134  ,  0.97441    ,  17.1855    ,  8.45398    ,  0.449907   ,  0.710649   ,  0.683574   ,  0.0123666  ,  3.43801    ])
Iter time: 490.413929939
Iter time: 930.25451684
Iter time: 1582.39032888
54      , -15394.8    , array([ 0.0167704  ,  0.118291   ,  0.0777804  ,  0.975089   ,  19.2622    ,  8.37231    ,  0.474895   ,  0.709377   ,  0.697631   ,  0.0121885  ,  3.41149    ])
Iter time: 446.895814896
Iter time: 847.751201153
Iter time: 1439.81896114
55      , -15364.2    , array([ 0.0175803  ,  0.116884   ,  0.0801338  ,  0.974103   ,  18.0764    ,  7.87021    ,  0.477459   ,  0.712941   ,  0.681468   ,  0.0124407  ,  3.35784    ])
Iter time: 490.761008024
Iter time: 929.567188978
Iter time: 1586.86535907
56      , -15275.1    , array([ 0.0180812  ,  0.118296   ,  0.0720602  ,  0.975054   ,  18.0599    ,  7.98926    ,  0.509659   ,  0.708268   ,  0.677086   ,  0.011743   ,  3.39809    ])
Iter time: 520.734251976
Iter time: 990.187422037
Iter time: 1686.06551409
57      , -14843.9    , array([ 0.0176494  ,  0.109055   ,  0.0672027  ,  0.975828   ,  18.5657    ,  8.01093    ,  0.61916    ,  0.705719   ,  0.662685   ,  0.0110249  ,  3.29669    ])
Iter time: 486.696686029
Iter time: 918.436640024
Iter time: 1565.22890401
58      , -15069.1    , array([ 0.0178178  ,  0.110915   ,  0.0773648  ,  0.974928   ,  17.9201    ,  8.28226    ,  0.545723   ,  0.697923   ,  0.67488    ,  0.013471   ,  3.30197    ])
Iter time: 483.274779081
Iter time: 918.396338224
Iter time: 1562.0144949
59      , -14956.8    , array([ 0.017467   ,  0.107031   ,  0.0782996  ,  0.974908   ,  18.2355    ,  8.32541    ,  0.564334   ,  0.707533   ,  0.670295   ,  0.0134447  ,  3.32261    ])
Iter time: 543.907195091
Iter time: 1037.25456309
Iter time: 1765.133003
60      , -14769.3    , array([ 0.0170544  ,  0.116001   ,  0.0781958  ,  0.974905   ,  18.5583    ,  9.25225    ,  0.610843   ,  0.708879   ,  0.660654   ,  0.0128919  ,  3.19801    ])
Iter time: 624.911197901
Iter time: 1188.56172895
Iter time: 2027.4576571
61      , -14209.9    , array([ 0.0160515  ,  0.11135    ,  0.0795097  ,  0.975229   ,  19.3138    ,  10.503     ,  0.785647   ,  0.709394   ,  0.639403   ,  0.0130959  ,  2.99356    ])
Iter time: 566.964955091
Iter time: 1081.8709321
Iter time: 1847.54230285
62      , -14673.7    , array([ 0.0177112  ,  0.103002   ,  0.0697645  ,  0.974657   ,  17.6806    ,  8.90422    ,  0.653967   ,  0.708453   ,  0.665395   ,  0.0134217  ,  3.20271    ])
Iter time: 559.434864044
Iter time: 1063.36736894
Iter time: 1808.90464497
63      , -14555.2    , array([ 0.0163477  ,  0.0964674  ,  0.076733   ,  0.976683   ,  18.7933    ,  9.27084    ,  0.671918   ,  0.70997    ,  0.657775   ,  0.0135077  ,  3.11518    ])
Iter time: 493.656801939
Iter time: 940.638713837
Iter time: 1600.46322799
65      , -15395.6    , array([ 0.0171732  ,  0.121448   ,  0.0766842  ,  0.974664   ,  16.9697    ,  8.29334    ,  0.478546   ,  0.709304   ,  0.681635   ,  0.0127184  ,  3.40424    ])
Iter time: 508.251370907
Iter time: 961.76796484
Iter time: 1640.43770194
67      , -15347.3    , array([ 0.0174391  ,  0.120845   ,  0.0744658  ,  0.974758   ,  18.4635    ,  8.39188    ,  0.489866   ,  0.710575   ,  0.678658   ,  0.014383   ,  3.37978    ])
Iter time: 536.333368063
Iter time: 1021.97968102
Iter time: 1740.13108802
68      , -14500.8    , array([ 0.0166585  ,  0.104643   ,  0.0735638  ,  0.975705   ,  19.2968    ,  8.73189    ,  0.698341   ,  0.705812   ,  0.65967    ,  0.0133725  ,  3.13884    ])
Iter time: 503.865654945
Iter time: 958.113471031
Iter time: 1633.45953107
70      , -15146.4    , array([ 0.0173834  ,  0.115671   ,  0.0761722  ,  0.974908   ,  17.6822    ,  8.46105    ,  0.526891   ,  0.708606   ,  0.67555    ,  0.0128181  ,  3.33178    ])
Iter time: 542.18393898
Iter time: 1034.86492205
Iter time: 1767.57021904
71      , -14447.2    , array([ 0.0185836  ,  0.102187   ,  0.0733254  ,  0.975182   ,  17.3513    ,  8.91714    ,  0.722175   ,  0.706304   ,  0.638793   ,  0.0138182  ,  3.10352    ])
Iter time: 617.838469028
Iter time: 1178.65790915
Iter time: 2012.11372709
72      , -14328.7    , array([ 0.0179073  ,  0.100921   ,  0.0700321  ,  0.976366   ,  18.3524    ,  9.70389    ,  0.774421   ,  0.701579   ,  0.646299   ,  0.013799   ,  3.10828    ])
Iter time: 564.235621929
Iter time: 1076.08483291
Iter time: 1836.326931
73      , -14172.4    , array([ 0.0181394  ,  0.094467   ,  0.0745263  ,  0.976001   ,  17.9479    ,  9.34422    ,  0.820351   ,  0.702286   ,  0.643236   ,  0.0118459  ,  3.04144    ])
