==========================================
SLURM_JOB_ID = 18981522
SLURM_NODELIST = c8-74
==========================================
Module slurm/17.11.5 loaded 
Module openmpi/3.0.1 loaded 
Module gcc/7.3.0 loaded 
Module python/2.7.6 loaded 
Module numpy/1.11.1 loaded 
Module dadi/1.7.0 loaded 
Module matplotlib/2.0 loaded 
Module scipy/0.18.0 loaded 
Beginning. Call:
/home/hemstrow/monarch/github/F-H_2018/DADI/demographic_models/run_3d_mods.py /home/hemstrow/monarch/github/F-H_2018/Data/dadi_inputs/ dadi_snps_10kgap.txt 1st_folded_optim_10kgap_snps_dadi_out.txt lgb_p1tb_2f 10 [NAM,HAW,GUA] True 3 [0.1,0.1,1,1,5,5,.1,.1,.1,.1,2,2] [1,1,10,10,20,20,10,10,10,10,4,4] [1e-3,1e-3,1e-3,1e-3,0.01,0.01,0.01,0.01,0.01,0.01,1,1] [150,15,15] fmin

Ready to begin run. Parameters:

Model:
lgb_p1tb_2f
Maxiters:
10
Pops:
['NAM', 'HAW', 'GUA']
Projection:
[150, 15, 15]
Number of segregating sites in projected sfs:
9454.98941724
Folding spectra:
True
Level of parm folding:
3
Optimizer:
fmin
p0:
[ 0.05585577  0.08095445  0.53042688  1.27492795  8.14245957  0.8624574
  0.35337573  0.46603954  0.42539918  0.05294647  3.96        1.01      ]
Upper Bounds:
[1.0, 1.0, 10.0, 10.0, 20.0, 20.0, 10.0, 10.0, 10.0, 10.0, 4.0, 4.0]
Lower Bounds:
[0.001, 0.001, 0.001, 0.001, 0.01, 0.01, 0.01, 0.01, 0.01, 0.01, 1.0, 1.0]

Beginning optimization ************************************************
optimize_log_fmin.
Iter time: 29.0382270813
Iter time: 57.6486091614
Iter time: 100.641701937
1       , -15842.9    , array([ 0.0558558  ,  0.0809544  ,  0.530427   ,  1.27493    ,  8.14246    ,  0.862457   ,  0.353376   ,  0.46604    ,  0.425399   ,  0.0529465  ,  3.96       ,  1.01       ])
Iter time: 30.5846600533
Iter time: 55.7486979961
Iter time: 98.5997619629
2       , -15842.9    , array([ 0.0483528  ,  0.0809544  ,  0.530427   ,  1.27493    ,  8.14246    ,  0.862457   ,  0.353376   ,  0.46604    ,  0.425399   ,  0.0529465  ,  3.96       ,  1.01       ])
Iter time: 33.7787370682
Iter time: 62.7383890152
Iter time: 110.323152065
3       , -15867.9    , array([ 0.0558558  ,  0.0713925  ,  0.530427   ,  1.27493    ,  8.14246    ,  0.862457   ,  0.353376   ,  0.46604    ,  0.425399   ,  0.0529465  ,  3.96       ,  1.01       ])
Iter time: 30.8220129013
Iter time: 56.914026022
Iter time: 98.6516180038
4       , -15833.5    , array([ 0.0558558  ,  0.0809544  ,  0.513874   ,  1.27493    ,  8.14246    ,  0.862457   ,  0.353376   ,  0.46604    ,  0.425399   ,  0.0529465  ,  3.96       ,  1.01       ])
Iter time: 29.615582943
Iter time: 58.7130889893
Iter time: 99.5804100037
5       , -15842.7    , array([ 0.0558558  ,  0.0809544  ,  0.530427   ,  1.29051    ,  8.14246    ,  0.862457   ,  0.353376   ,  0.46604    ,  0.425399   ,  0.0529465  ,  3.96       ,  1.01       ])
Iter time: 30.6943790913
Iter time: 59.7904100418
Iter time: 99.3806331158
6       , -15878.4    , array([ 0.0558558  ,  0.0809544  ,  0.530427   ,  1.27493    ,  9.0426     ,  0.862457   ,  0.353376   ,  0.46604    ,  0.425399   ,  0.0529465  ,  3.96       ,  1.01       ])
Iter time: 30.4418020248
Iter time: 56.1754660606
Iter time: 99.9144320488
7       , -15840.2    , array([ 0.0558558  ,  0.0809544  ,  0.530427   ,  1.27493    ,  8.14246    ,  0.8561     ,  0.353376   ,  0.46604    ,  0.425399   ,  0.0529465  ,  3.96       ,  1.01       ])
Iter time: 30.3257949352
Iter time: 57.1742770672
Iter time: 97.6507468224
8       , -16024.2    , array([ 0.0558558  ,  0.0809544  ,  0.530427   ,  1.27493    ,  8.14246    ,  0.862457   ,  0.335466   ,  0.46604    ,  0.425399   ,  0.0529465  ,  3.96       ,  1.01       ])
Iter time: 31.7563610077
Iter time: 57.2255060673
Iter time: 98.243776083
9       , -15859.3    , array([ 0.0558558  ,  0.0809544  ,  0.530427   ,  1.27493    ,  8.14246    ,  0.862457   ,  0.353376   ,  0.448584   ,  0.425399   ,  0.0529465  ,  3.96       ,  1.01       ])
Iter time: 30.4754619598
Iter time: 57.2587709427
Iter time: 98.8575410843
10      , -15852.9    , array([ 0.0558558  ,  0.0809544  ,  0.530427   ,  1.27493    ,  8.14246    ,  0.862457   ,  0.353376   ,  0.46604    ,  0.407602   ,  0.0529465  ,  3.96       ,  1.01       ])
Iter time: 29.4676699638
Iter time: 58.0359921455
Iter time: 99.4744899273
11      , -15863.6    , array([ 0.0558558  ,  0.0809544  ,  0.530427   ,  1.27493    ,  8.14246    ,  0.862457   ,  0.353376   ,  0.46604    ,  0.425399   ,  0.0457119  ,  3.96       ,  1.01       ])
Iter time: 31.2598869801
Iter time: 58.4029140472
Iter time: 97.9851770401
13      , -15842.9    , array([ 0.0558558  ,  0.0809544  ,  0.530427   ,  1.27493    ,  8.14246    ,  0.862457   ,  0.353376   ,  0.46604    ,  0.425399   ,  0.0529465  ,  3.96       ,  1.0105     ])
Iter time: 31.626855135
Iter time: 58.6502969265
Iter time: 103.441841125
14      , -15889.3    , array([ 0.0545289  ,  0.0792762  ,  0.527632   ,  1.27751    ,  8.28601    ,  0.861395   ,  0.350326   ,  0.463084   ,  0.42238    ,  0.0516657  ,  3.69667    ,  1.01008    ])
Iter time: 29.4922590256
Iter time: 59.3943929672
Iter time: 101.607254028
15      , -15685      , array([ 0.0543109  ,  0.0789999  ,  0.527167   ,  1.27794    ,  8.31018    ,  0.861218   ,  0.371704   ,  0.462593   ,  0.421879   ,  0.0514553  ,  3.91484    ,  1.0101     ])
Iter time: 31.4064810276
Iter time: 61.4492368698
Iter time: 102.319303989
16      , -15515.4    , array([ 0.0535545  ,  0.0780404  ,  0.525545   ,  1.27945    ,  8.39532    ,  0.860598   ,  0.391266   ,  0.460879   ,  0.42013    ,  0.0507255  ,  3.89246    ,  1.01015    ])
Iter time: 30.6623010635
Iter time: 59.1402449608
Iter time: 99.8836410046
18      , -15856.6    , array([ 0.0547616  ,  0.0795708  ,  0.528125   ,  1.27705    ,  8.2604     ,  0.861583   ,  0.353344   ,  0.463606   ,  0.422913   ,  0.0518902  ,  3.82333    ,  1.01007    ])
Iter time: 30.4842789173
Iter time: 59.945966959
Iter time: 101.524989128
19      , -15759.4    , array([ 0.0539696  ,  0.0785672  ,  0.526437   ,  1.27862    ,  7.38707    ,  0.860939   ,  0.35942    ,  0.461822   ,  0.421092   ,  0.051126   ,  3.92562    ,  1.01012    ])
Iter time: 28.2723250389
Iter time: 53.2571439743
Iter time: 89.570556879
20      , -15765.3    , array([ 0.0536615  ,  0.0905234  ,  0.525775   ,  1.27924    ,  8.07166    ,  0.860686   ,  0.360438   ,  0.461123   ,  0.420378   ,  0.0508288  ,  3.91991    ,  1.01014    ])
Iter time: 30.2511229515
Iter time: 56.7390780449
Iter time: 99.3466749191
21      , -15743.7    , array([ 0.0533043  ,  0.0813316  ,  0.525004   ,  1.27996    ,  8.05992    ,  0.860392   ,  0.361628   ,  0.460309   ,  0.419547   ,  0.0599236  ,  3.91327    ,  1.01016    ])
Iter time: 29.9243130684
Iter time: 55.881770134
Iter time: 96.9034109116
22      , -15730.6    , array([ 0.0528906  ,  0.0813947  ,  0.524106   ,  1.2808     ,  8.04625    ,  0.860048   ,  0.363023   ,  0.480281   ,  0.41858    ,  0.0528141  ,  3.90554    ,  1.01019    ])
Iter time: 30.044907093
Iter time: 57.608714819
Iter time: 100.783143997
24      , -15820.5    , array([ 0.0544779  ,  0.0804445  ,  0.527523   ,  1.27761    ,  8.16794    ,  0.861353   ,  0.356148   ,  0.464567   ,  0.422263   ,  0.0524214  ,  3.88105    ,  1.01009    ])
Iter time: 30.320168972
Iter time: 56.8492469788
Iter time: 97.9624390602
25      , -15710.8    , array([ 0.0523665  ,  0.0816167  ,  0.52296    ,  1.28187    ,  8.01527    ,  0.859609   ,  0.365137   ,  0.464778   ,  0.438683   ,  0.0528817  ,  3.90628    ,  1.01022    ])
Iter time: 30.7914390564
Iter time: 58.0723087788
Iter time: 99.6630020142
26      , -15699      , array([ 0.0518066  ,  0.0817275  ,  0.521726   ,  1.28303    ,  7.99427    ,  0.859135   ,  0.367134   ,  0.464568   ,  0.42249    ,  0.0528709  ,  3.8974     ,  1.00968    ])
Iter time: 29.6707308292
Iter time: 58.3564331532
Iter time: 98.0256631374
27      , -15675.4    , array([ 0.0511608  ,  0.0818571  ,  0.52029    ,  1.28439    ,  7.96983    ,  0.858582   ,  0.369479   ,  0.464323   ,  0.422007   ,  0.0528584  ,  3.88706    ,  1.01012    ])
Iter time: 29.5364830494
Iter time: 55.9480218887
Iter time: 100.522058964
28      , -15647.5    , array([ 0.0596582  ,  0.0820085  ,  0.518619   ,  1.28597    ,  7.94142    ,  0.857938   ,  0.372233   ,  0.464037   ,  0.421444   ,  0.0528437  ,  3.87503    ,  1.01015    ])
Iter time: 29.6598479748
Iter time: 57.3712458611
Iter time: 97.4332630634
29      , -15615.4    , array([ 0.0522144  ,  0.0821855  ,  0.516677   ,  1.2697     ,  7.9084     ,  0.857187   ,  0.375473   ,  0.463705   ,  0.420788   ,  0.0528266  ,  3.86105    ,  1.01017    ])
Iter time: 30.449434042
Iter time: 57.9079592228
Iter time: 96.2164340019
30      , -15581.1    , array([ 0.0516311  ,  0.0823925  ,  0.51442    ,  1.28434    ,  7.87005    ,  0.863735   ,  0.379288   ,  0.463317   ,  0.420024   ,  0.0528066  ,  3.8448     ,  1.0102     ])
Iter time: 28.9300811291
Iter time: 57.2660880089
Iter time: 96.1014151573
31      , -15547.1    , array([ 0.0509587  ,  0.0826347  ,  0.531084   ,  1.28591    ,  7.82554    ,  0.85758    ,  0.383787   ,  0.462864   ,  0.419135   ,  0.0527834  ,  3.82593    ,  1.01023    ])
Iter time: 29.0298871994
Iter time: 55.1884069443
Iter time: 94.4811439514
32      , -15514.3    , array([ 0.0516693  ,  0.0835317  ,  0.517923   ,  1.2846     ,  7.74565    ,  0.858052   ,  0.385573   ,  0.464047   ,  0.421726   ,  0.0533732  ,  3.89445    ,  1.01017    ])
Iter time: 28.9520568848
Iter time: 56.0231301785
Iter time: 92.9316010475
33      , -15364.9    , array([ 0.0503197  ,  0.0851195  ,  0.513189   ,  1.2881     ,  7.54276    ,  0.856406   ,  0.401186   ,  0.463787   ,  0.421457   ,  0.0538556  ,  3.90117    ,  1.01021    ])
Iter time: 33.3016939163
Iter time: 63.679391861
Iter time: 107.944037914
34      , -15506.4    , array([ 0.0518962  ,  0.0734736  ,  0.517551   ,  1.28444    ,  7.75       ,  0.858003   ,  0.387846   ,  0.467962   ,  0.423797   ,  0.0555789  ,  3.85277    ,  1.01013    ])
Iter time: 28.7822442055
Iter time: 55.7516241074
Iter time: 96.178907156
35      , -15454.5    , array([ 0.0512641  ,  0.0837142  ,  0.515435   ,  1.28603    ,  8.53619    ,  0.857263   ,  0.39391    ,  0.468284   ,  0.423531   ,  0.0560301  ,  3.83518    ,  1.01015    ])
Iter time: 29.6101570129
Iter time: 57.719782114
Iter time: 99.1160581112
36      , -15429.5    , array([ 0.0515674  ,  0.0812589  ,  0.515261   ,  1.28571    ,  7.8988     ,  0.857288   ,  0.397124   ,  0.47117    ,  0.42576    ,  0.0472719  ,  3.83438    ,  1.0101     ])
Iter time: 29.4859111309
Iter time: 56.7468779087
Iter time: 99.8212151527
37      , -15395.3    , array([ 0.0517519  ,  0.0811734  ,  0.514682   ,  1.28568    ,  7.88787    ,  0.857171   ,  0.401563   ,  0.450138   ,  0.427956   ,  0.0526535  ,  3.83021    ,  1.01006    ])
Iter time: 31.5771939754
Iter time: 55.4544689655
Iter time: 98.6834211349
38      , -15362.6    , array([ 0.052167   ,  0.0808792  ,  0.514439   ,  1.28524    ,  7.89724    ,  0.857203   ,  0.405616   ,  0.462678   ,  0.406663   ,  0.0525482  ,  3.81696    ,  1.01       ])
Iter time: 29.7591269016
Iter time: 58.7275969982
Iter time: 98.7956399918
39      , -15191.5    , array([ 0.0520675  ,  0.080513   ,  0.510231   ,  1.28693    ,  7.83888    ,  0.856003   ,  0.427508   ,  0.461631   ,  0.391541   ,  0.0523822  ,  3.77307    ,  1.00988    ])
Iter time: 30.5285730362
Iter time: 57.4466691017
Iter time: 100.182800055
40      , -15289.6    , array([ 0.052775   ,  0.0805681  ,  0.513745   ,  1.28473    ,  7.89213    ,  0.857154   ,  0.413776   ,  0.462398   ,  0.41693    ,  0.0524776  ,  3.80504    ,  1.01058    ])
Iter time: 29.545263052
Iter time: 58.6511130333
Iter time: 100.318058014
41      , -15249.5    , array([ 0.0537185  ,  0.0802281  ,  0.514078   ,  1.28343    ,  7.90341    ,  0.857468   ,  0.418983   ,  0.462322   ,  0.416566   ,  0.0524269  ,  3.80162    ,  1.01021    ])
Iter time: 28.9555149078
Iter time: 59.3360660076
Iter time: 100.050173044
42      , -15210.5    , array([ 0.0452689  ,  0.0797876  ,  0.514978   ,  1.28142    ,  7.92534    ,  0.858033   ,  0.424164   ,  0.46232    ,  0.416313   ,  0.0523723  ,  3.80129    ,  1.0102     ])
Iter time: 30.7788221836
Iter time: 60.3305959702
Iter time: 102.152068138
43      , -15175.1    , array([ 0.0505066  ,  0.0792238  ,  0.516631   ,  1.29983    ,  7.96127    ,  0.858926   ,  0.429138   ,  0.462422   ,  0.41622    ,  0.0523139  ,  3.80515    ,  1.01018    ])
Iter time: 30.6711070538
Iter time: 60.3913280964
Iter time: 101.939735889
44      , -14958.6    , array([ 0.0496738  ,  0.0777831  ,  0.516608   ,  1.31516    ,  7.98784    ,  0.859796   ,  0.458782   ,  0.461782   ,  0.413954   ,  0.0520594  ,  3.7775     ,  1.01018    ])
Iter time: 30.9464919567
Iter time: 60.4613130093
Iter time: 103.311199188
45      , -15105.2    , array([ 0.0507493  ,  0.0782701  ,  0.519264   ,  1.29011    ,  8.0199     ,  0.851765   ,  0.43851    ,  0.462553   ,  0.415966   ,  0.0522095  ,  3.81       ,  1.01015    ])
Iter time: 31.2765328884
Iter time: 57.8806359768
Iter time: 102.311331987
46      , -15064.5    , array([ 0.0513837  ,  0.0773381  ,  0.501088   ,  1.28923    ,  8.09856    ,  0.856906   ,  0.443104   ,  0.462953   ,  0.416321   ,  0.0521375  ,  3.82613    ,  1.0101     ])
Iter time: 30.2281248569
Iter time: 55.0176811218
Iter time: 95.5303449631
47      , -15026.8    , array([ 0.0485571  ,  0.0817678  ,  0.502363   ,  1.29739    ,  7.50378    ,  0.853289   ,  0.443741   ,  0.465295   ,  0.414706   ,  0.0545014  ,  3.74997    ,  1.01018    ])
Iter time: 26.9439949989
Iter time: 53.7657868862
Iter time: 90.3565108776
48      , -14954.1    , array([ 0.0495563  ,  0.0884122  ,  0.507597   ,  1.29451    ,  8.08497    ,  0.855085   ,  0.457812   ,  0.457816   ,  0.409634   ,  0.0495801  ,  3.77157    ,  1.01021    ])
Iter time: 25.7419018745
Iter time: 47.6161599159
Iter time: 80.7340910435
49      , -14687.1    , array([ 0.0484263  ,  0.0969845  ,  0.502692   ,  1.29957    ,  8.25785    ,  0.85363    ,  0.497395   ,  0.452826   ,  0.402731   ,  0.0468281  ,  3.73161    ,  1.01025    ])
Iter time: 30.9278891087
Iter time: 57.9497179985
Iter time: 98.9059159756
50      , -14881.6    , array([ 0.0496935  ,  0.0795234  ,  0.507558   ,  1.29516    ,  7.2999     ,  0.855218   ,  0.468635   ,  0.45495    ,  0.406466   ,  0.047732   ,  3.77161    ,  1.0102     ])
Iter time: 29.7445690632
Iter time: 59.6640889645
Iter time: 97.6573882103
51      , -14813      , array([ 0.0490973  ,  0.081632   ,  0.506457   ,  1.29708    ,  7.78596    ,  0.854848   ,  0.477848   ,  0.44953    ,  0.401224   ,  0.0566669  ,  3.76204    ,  1.01026    ])
Iter time: 29.8849790096
Iter time: 55.459485054
Iter time: 96.9606311321
52      , -14748.9    , array([ 0.0484949  ,  0.0817947  ,  0.505667   ,  1.29901    ,  7.77987    ,  0.854578   ,  0.486465   ,  0.470429   ,  0.394898   ,  0.0515018  ,  3.75488    ,  1.01034    ])
Iter time: 31.7658641338
Iter time: 61.3243517876
Iter time: 105.669781923
53      , -14671.7    , array([ 0.049569   ,  0.0774865  ,  0.505891   ,  1.2984     ,  8.17791    ,  0.855037   ,  0.502818   ,  0.457668   ,  0.39666    ,  0.0499786  ,  3.66317    ,  1.01021    ])
Iter time: 32.9751498699
Iter time: 63.4499239922
Iter time: 105.879149914
54      , -14333.4    , array([ 0.0491978  ,  0.0739307  ,  0.502281   ,  1.30357    ,  8.51526    ,  0.854354   ,  0.562916   ,  0.454638   ,  0.384814   ,  0.0481461  ,  3.54967    ,  1.01022    ])
Iter time: 30.3381710052
Iter time: 57.4250631332
Iter time: 98.3925881386
55      , -14592.1    , array([ 0.0467132  ,  0.0806991  ,  0.503447   ,  1.30497    ,  7.91551    ,  0.853825   ,  0.513182   ,  0.457749   ,  0.395647   ,  0.0505598  ,  3.71248    ,  1.00978    ])
Iter time: 31.3875539303
Iter time: 56.9071919918
Iter time: 99.1105670929
56      , -14524.2    , array([ 0.0448363  ,  0.0811202  ,  0.501372   ,  1.30992    ,  7.90623    ,  0.852907   ,  0.524227   ,  0.457067   ,  0.392606   ,  0.0503037  ,  3.70115    ,  1.01008    ])
Iter time: 30.3648159504
Iter time: 56.4700460434
Iter time: 98.9436078072
57      , -14450.3    , array([ 0.05312    ,  0.0817937  ,  0.498266   ,  1.31678    ,  7.88118    ,  0.851495   ,  0.536429   ,  0.456199   ,  0.389024   ,  0.0500191  ,  3.68505    ,  1.01007    ])
Iter time: 29.9958519936
Iter time: 58.9806129932
Iter time: 98.2788829803
58      , -14346.6    , array([ 0.0463383  ,  0.0812702  ,  0.500917   ,  1.31617    ,  7.97526    ,  0.852763   ,  0.552751   ,  0.455979   ,  0.413194   ,  0.0496263  ,  3.69804    ,  1.01042    ])
Iter time: 29.0132260323
Iter time: 57.0914900303
Iter time: 94.8316428661
59      , -14310.5    , array([ 0.0468268  ,  0.0841248  ,  0.489261   ,  1.31731    ,  7.78799    ,  0.857174   ,  0.560084   ,  0.453986   ,  0.388498   ,  0.0493712  ,  3.64403    ,  1.0102     ])
Iter time: 29.423789978
Iter time: 54.8294260502
Iter time: 92.7379789352
60      , -13939      , array([ 0.0449808  ,  0.0872143  ,  0.474916   ,  1.33112    ,  7.67457    ,  0.859891   ,  0.63298    ,  0.449762   ,  0.375452   ,  0.0480104  ,  3.56378    ,  1.01023    ])
Iter time: 27.8071229458
Iter time: 55.3898439407
Iter time: 91.1364080906
61      , -14167.7    , array([ 0.0452342  ,  0.0868611  ,  0.502496   ,  1.32525    ,  7.64354    ,  0.852525   ,  0.588221   ,  0.451413   ,  0.381539   ,  0.0487645  ,  3.58596    ,  1.01027    ])
Iter time: 30.4988820553
Iter time: 57.399394989
Iter time: 97.6428949833
62      , -14052.7    , array([ 0.0473052  ,  0.082987   ,  0.501242   ,  1.3216     ,  8.27481    ,  0.85601    ,  0.615628   ,  0.446879   ,  0.37774    ,  0.0457926  ,  3.63161    ,  1.01021    ])
Iter time: 29.4476690292
Iter time: 52.7416820526
Iter time: 91.5670909882
63      , -13980.6    , array([ 0.0458667  ,  0.088185   ,  0.484974   ,  1.30479    ,  7.81922    ,  0.848907   ,  0.625357   ,  0.447825   ,  0.372696   ,  0.0469267  ,  3.58156    ,  1.0102     ])
Iter time: 28.3376321793
Iter time: 53.3492720127
Iter time: 91.4789018631
64      , -13895.5    , array([ 0.0452403  ,  0.0877543  ,  0.489891   ,  1.32658    ,  8.65467    ,  0.8524     ,  0.642365   ,  0.453355   ,  0.374115   ,  0.0510362  ,  3.55637    ,  1.01019    ])
Iter time: 27.9953439236
Iter time: 52.4690160751
Iter time: 88.8673532009
65      , -13436.7    , array([ 0.0431656  ,  0.0921839  ,  0.48129    ,  1.34257    ,  9.42361    ,  0.850994   ,  0.752065   ,  0.452559   ,  0.358918   ,  0.0527731  ,  3.45341    ,  1.01018    ])
Iter time: 27.7679629326
Iter time: 53.8488340378
Iter time: 93.7228078842
66      , -13737.7    , array([ 0.0448174  ,  0.0872373  ,  0.486803   ,  1.33225    ,  8.37669    ,  0.852126   ,  0.679444   ,  0.459334   ,  0.372029   ,  0.0424821  ,  3.51491    ,  1.01011    ])
Iter time: 28.3636078835
Iter time: 54.0112860203
Iter time: 92.4418408871
67      , -13641.5    , array([ 0.0447817  ,  0.0880035  ,  0.484484   ,  1.33588    ,  8.48716    ,  0.851987   ,  0.705627   ,  0.437186   ,  0.374249   ,  0.0452664  ,  3.48307    ,  1.00999    ])
Iter time: 34.727191925
Iter time: 61.6810829639
Iter time: 111.278135061
68      , -13550.1    , array([ 0.0442641  ,  0.0730279  ,  0.484364   ,  1.34145    ,  8.0325     ,  0.85266    ,  0.73154    ,  0.451528   ,  0.362512   ,  0.0495037  ,  3.46476    ,  1.01005    ])
Iter time: 29.4595601559
Iter time: 54.6703379154
Iter time: 94.2136909962
69      , -13456.5    , array([ 0.0454774  ,  0.0863163  ,  0.480533   ,  1.34206    ,  8.40041    ,  0.852271   ,  0.752193   ,  0.445654   ,  0.363662   ,  0.0456889  ,  3.44276    ,  1.01056    ])
Iter time: 28.489574194
Iter time: 55.3715069294
Iter time: 93.9044458866
70      , -13350.9    , array([ 0.0474934  ,  0.0867613  ,  0.47912    ,  1.3424     ,  8.49568    ,  0.853082   ,  0.782017   ,  0.444442   ,  0.36183    ,  0.0451909  ,  3.41189    ,  1.01033    ])
Iter time: 28.390032053
Iter time: 53.9472501278
Iter time: 146551.376333
71      , -12833.9    , array([ 0.0488805  ,  0.0897273  ,  0.468367   ,  1.35894    ,  8.80669    ,  0.853169   ,  0.955136   ,  0.438261   ,  0.347359   ,  0.0428328  ,  3.27585    ,  1.01046    ])
Iter time: 27.7493538857
Iter time: 76.272053957
Iter time: 145.853919983
72      , -13157.6    , array([ 0.0395353  ,  0.0873849  ,  0.477159   ,  1.34244    ,  8.68188    ,  0.854777   ,  0.841361   ,  0.442322   ,  0.358333   ,  0.0442883  ,  3.36023    ,  1.01041    ])
Iter time: 30.5830099583
Iter time: 75.1471760273
Iter time: 89.1448888779
73      , -13067.7    , array([ 0.0441377  ,  0.0890175  ,  0.470806   ,  1.34749    ,  8.70171    ,  0.853841   ,  0.875737   ,  0.440298   ,  0.329457   ,  0.0438001  ,  3.2954     ,  1.01006    ])
Iter time: 26.5722439289
Iter time: 49.1822109222
Iter time: 83.150167942
74      , -12903.7    , array([ 0.0408271  ,  0.100931   ,  0.464491   ,  1.36805    ,  8.17936    ,  0.852165   ,  0.925653   ,  0.439243   ,  0.344714   ,  0.0444405  ,  3.39087    ,  1.01024    ])
Iter time: 29.4627640247
Iter time: 54.4431731701
Iter time: 94.0690560341
75      , -12829.8    , array([ 0.0436523  ,  0.0880826  ,  0.458246   ,  1.35281    ,  9.21567    ,  0.853934   ,  0.955363   ,  0.440371   ,  0.341841   ,  0.0432031  ,  3.32541    ,  1.01018    ])
Iter time: 30.2287709713
Iter time: 56.2683269978
Iter time: 94.937912941
76      , -12264.3    , array([ 0.0428823  ,  0.0886998  ,  0.437604   ,  1.36681    ,  10.1191    ,  0.854639   ,  1.21754    ,  0.434952   ,  0.323569   ,  0.0406649  ,  3.20232    ,  1.01014    ])
Iter time: 28.9829890728
Iter time: 52.8751311302
Iter time: 88.1157038212
77      , -12648.2    , array([ 0.0410639  ,  0.0932232  ,  0.449114   ,  1.36418    ,  8.80294    ,  0.85023    ,  1.02271    ,  0.442837   ,  0.336485   ,  0.0451053  ,  3.21547    ,  1.01023    ])
Iter time: 30.1758680344
Iter time: 57.1608469486
Iter time: 95.6540629864
78      , -12507.9    , array([ 0.0415781  ,  0.0885444  ,  0.458273   ,  1.39204    ,  9.50167    ,  0.857566   ,  1.09281    ,  0.441079   ,  0.335278   ,  0.0437258  ,  3.20234    ,  1.01024    ])
Iter time: 30.4444670677
Iter time: 55.6627550125
Iter time: 94.3483390808
79      , -12333.1    , array([ 0.0418449  ,  0.089756   ,  0.465205   ,  1.37472    ,  10.0315    ,  0.84623    ,  1.18253    ,  0.437754   ,  0.326599   ,  0.0420781  ,  3.16147    ,  1.01022    ])
Iter time: 30.105864048
Iter time: 56.0570061207
Iter time: 92.3921890259
80      , -12290.4    , array([ 0.0415198  ,  0.090159   ,  0.450425   ,  1.38075    ,  9.47103    ,  0.852954   ,  1.20825    ,  0.425208   ,  0.322526   ,  0.0474781  ,  3.14929    ,  1.01035    ])
Iter time: 29.9352171421
Iter time: 53.1060950756
Iter time: 94.5642108917
81      , -12163.1    , array([ 0.0410324  ,  0.0897352  ,  0.447116   ,  1.3846     ,  9.52021    ,  0.853254   ,  1.27252    ,  0.444685   ,  0.312763   ,  0.0449134  ,  3.12517    ,  1.01052    ])
Iter time: 33.56904006
Iter time: 62.0364360809
Iter time: 99.1379611492
82      , -11575.8    , array([ 0.0392771  ,  0.0906138  ,  0.429528   ,  1.40963    ,  10.083     ,  0.853888   ,  1.70887    ,  0.448483   ,  0.285918   ,  0.0447379  ,  2.96026    ,  1.01079    ])
Iter time: 28.1869781017
Iter time: 49.8943030834
Iter time: 82.1426010132
83      , -11959.2    , array([ 0.0406934  ,  0.112096   ,  0.43836    ,  1.39029    ,  10.4476    ,  0.852786   ,  1.41388    ,  0.430075   ,  0.310366   ,  0.040382   ,  3.06036    ,  1.0106     ])
Iter time: 30.0070810318
Iter time: 55.5082919598
Iter time: 93.9735250473
84      , -11798.5    , array([ 0.0388807  ,  0.0990614  ,  0.435142   ,  1.39787    ,  10.3598    ,  0.853261   ,  1.52758    ,  0.433167   ,  0.301319   ,  0.0428625  ,  3.02007    ,  1.01009    ])
Iter time: 31.4128339291
Iter time: 59.0460598469
Iter time: 99.2402501106
85      , -11591.1    , array([ 0.0402554  ,  0.093875   ,  0.42722    ,  1.40677    ,  9.38186    ,  0.85492    ,  1.71937    ,  0.423456   ,  0.29653    ,  0.0358443  ,  2.94422    ,  1.01046    ])
Iter time: 32.7425580025
Iter time: 58.5974490643
Iter time: 96.7664029598
86      , -11566.8    , array([ 0.0440844  ,  0.10022    ,  0.423051   ,  1.41793    ,  10.3159    ,  0.85116    ,  1.7313     ,  0.430121   ,  0.287789   ,  0.0412318  ,  2.95994    ,  1.01023    ])
Iter time: 43.1886510849
Iter time: 78.9008710384
Iter time: 129.104400873
87      , -10992.3    , array([ 0.0465516  ,  0.107328   ,  0.398344   ,  1.45725    ,  11.2448    ,  0.849358   ,  2.48352    ,  0.424147   ,  0.25791    ,  0.0397836  ,  2.77804    ,  1.01015    ])
Iter time: 36.2022731304
Iter time: 64.4755260944
Iter time: 104.834743023
88      , -11319.4    , array([ 0.0398395  ,  0.101497   ,  0.416982   ,  1.43117    ,  10.7417    ,  0.851346   ,  1.97893    ,  0.429415   ,  0.300498   ,  0.0410284  ,  2.93347    ,  1.0106     ])
Iter time: 39.0748538971
Iter time: 72.2841711044
Iter time: 117.73129797
89      , -11219      , array([ 0.0428946  ,  0.0896007  ,  0.415119   ,  1.4203     ,  11.9587    ,  0.852884   ,  2.12497    ,  0.428825   ,  0.280701   ,  0.0399023  ,  2.78286    ,  1.01048    ])
Iter time: 42.3311259747
Iter time: 74.9849228859
Iter time: 121.627950191
90      , -11060.3    , array([ 0.0350558  ,  0.100765   ,  0.403485   ,  1.44038    ,  11.6879    ,  0.851833   ,  2.35297    ,  0.42823    ,  0.268845   ,  0.0409139  ,  2.80332    ,  1.01026    ])
Iter time: 44.8995189667
Iter time: 81.6039130688
Iter time: 134.620129108
91      , -10974.9    , array([ 0.0406429  ,  0.0982517  ,  0.413335   ,  1.4479     ,  12.2585    ,  0.855046   ,  2.52488    ,  0.421442   ,  0.267344   ,  0.0382261  ,  2.79141    ,  1.0105     ])
Iter time: 74.679931879
Iter time: 131.399113894
Iter time: 217.146236897
92      , -10453.7    , array([ 0.0404341  ,  0.100867   ,  0.39653    ,  1.49167    ,  14.4658    ,  0.857465   ,  3.96722    ,  0.411135   ,  0.2383     ,  0.0351906  ,  2.60083    ,  1.01063    ])
Iter time: 53.0809869766
Iter time: 94.5570459366
Iter time: 153.146689892
93      , -10771.3    , array([ 0.0399541  ,  0.105714   ,  0.395421   ,  1.43537    ,  12.1812    ,  0.847715   ,  2.92934    ,  0.418194   ,  0.253465   ,  0.0380305  ,  2.70733    ,  1.01056    ])
Iter time: 54.4516310692
Iter time: 98.7040929794
Iter time: 167.632520199
94      , -10688      , array([ 0.0393946  ,  0.107171   ,  0.379119   ,  1.46395    ,  11.9172    ,  0.859321   ,  3.14895    ,  0.418171   ,  0.249436   ,  0.0388591  ,  2.67236    ,  1.01063    ])
Iter time: 64.6227798462
Iter time: 116.560579062
Iter time: 195.724895
95      , -10519.1    , array([ 0.0393569  ,  0.10981    ,  0.380472   ,  1.47183    ,  13.1152    ,  0.853604   ,  3.61538    ,  0.429315   ,  0.241995   ,  0.0333085  ,  2.61027    ,  1.01055    ])
Iter time: 76.092717886
Iter time: 137.01016593
Iter time: 229.961189032
96      , -10368.4    , array([ 0.0375655  ,  0.11566    ,  0.382593   ,  1.50531    ,  12.8174    ,  0.851749   ,  4.30137    ,  0.418786   ,  0.229815   ,  0.037617   ,  2.48106    ,  1.01083    ])
Iter time: 149.07475996
Iter time: 267.068681002
Iter time: 437.058529139
97      , -10005.9    , array([ 0.0351596  ,  0.132073   ,  0.357738   ,  1.57974    ,  14.4255    ,  0.850308   ,  8.0848     ,  0.41093    ,  0.19368    ,  0.0361798  ,  2.18385    ,  1.01118    ])
Iter time: 87.4753398895
Iter time: 161.658900976
Iter time: 262.404705048
98      , -10229.3    , array([ 0.0386334  ,  0.0940554  ,  0.369213   ,  1.51173    ,  13.1003    ,  0.853187   ,  4.95319    ,  0.420332   ,  0.221483   ,  0.0371931  ,  2.45417    ,  1.01047    ])
Iter time: 100.860907078
Iter time: 180.661575079
Iter time: 296.262049913
99      , -10150.6    , array([ 0.0403916  ,  0.105516   ,  0.361897   ,  1.52329    ,  13.7384    ,  0.852699   ,  5.57754    ,  0.415245   ,  0.216724   ,  0.0342219  ,  2.40238    ,  1.01103    ])
Iter time: 113.836827993
Iter time: 203.593840837
Iter time: 332.444917917
100     , -10095.6    , array([ 0.0390341  ,  0.113536   ,  0.358553   ,  1.53386    ,  16.1661    ,  0.850676   ,  6.02915    ,  0.423383   ,  0.209012   ,  0.0406077  ,  2.38213    ,  1.01076    ])
Iter time: 144.76036787
Iter time: 254.769488096
Iter time: 414.278898954
101     , -10020.2    , array([ 0.039965   ,  0.122127   ,  0.346051   ,  1.55245    ,  16.2732    ,  0.851168   ,  7.48468    ,  0.395938   ,  0.20574    ,  0.0320141  ,  2.28496    ,  1.01043    ])
Iter time: 154.275979996
Iter time: 276.278073072
Iter time: 440.275993109
102     , -9988.26    , array([ 0.0394216  ,  0.112446   ,  0.345556   ,  1.54995    ,  16.3703    ,  0.85368    ,  8.06758    ,  0.407963   ,  0.18378    ,  0.0334947  ,  2.21178    ,  1.01059    ])
Iter time: 174.735692024
Iter time: 312.527997017
Iter time: 510.715647936
104     , -9960.76    , array([ 0.0361022  ,  0.13229    ,  0.336657   ,  1.58472    ,  15.4944    ,  0.852274   ,  9.38395    ,  0.405143   ,  0.183332   ,  0.0334496  ,  2.24393    ,  1.01072    ])
Iter time: 62.6239700317
Iter time: 109.153017998
Iter time: 182.046617985
107     , -10580.9    , array([ 0.0371874  ,  0.105935   ,  0.385458   ,  1.47588    ,  12.7624    ,  0.852224   ,  3.4338     ,  0.42151    ,  0.243049   ,  0.0383387  ,  2.62231    ,  1.01045    ])
Iter time: 63.642731905
Iter time: 114.904112101
Iter time: 188.49783206
109     , -10542.7    , array([ 0.0424541  ,  0.109271   ,  0.38247    ,  1.48528    ,  12.5844    ,  0.851105   ,  3.57572    ,  0.419387   ,  0.237467   ,  0.0377472  ,  2.60419    ,  1.01041    ])
Iter time: 180.335494041
Iter time: 318.403548002
Iter time: 521.733138084
110     , -9938.65    , array([ 0.0379002  ,  0.117722   ,  0.339158   ,  1.60574    ,  16.3718    ,  0.858597   ,  9.35363    ,  0.411391   ,  0.186569   ,  0.0336867  ,  2.18706    ,  1.01075    ])
Iter time: 78.5791139603
Iter time: 136.662931204
Iter time: 225.741692066
113     , -10375.4    , array([ 0.0390903  ,  0.10977    ,  0.370884   ,  1.49657    ,  13.1456    ,  0.856194   ,  4.24835    ,  0.416188   ,  0.230098   ,  0.0370731  ,  2.52884    ,  1.01065    ])
Iter time: 191.587934971
Iter time: 337.015543222
Iter time: 548.184092999
114     , -9933.22    , array([ 0.0407961  ,  0.120039   ,  0.339339   ,  1.58961    ,  16.557     ,  0.854596   ,  9.91254    ,  0.406183   ,  0.183688   ,  0.0324477  ,  2.17063    ,  1.01091    ])
Iter time: 85.4977970123
Iter time: 151.543572187
Iter time: 253.252510071
117     , -10277.2    , array([ 0.0405969  ,  0.111441   ,  0.370072   ,  1.51258    ,  13.6807    ,  0.852402   ,  4.76565    ,  0.416017   ,  0.221615   ,  0.0362586  ,  2.47377    ,  1.01057    ])
Iter time: 89.33339715
Iter time: 159.492827892
Iter time: 255.553260088
119     , -10257.9    , array([ 0.0391385  ,  0.111784   ,  0.368678   ,  1.50743    ,  13.9909    ,  0.853602   ,  4.84749    ,  0.42036    ,  0.222899   ,  0.0341807  ,  2.47111    ,  1.01064    ])
Iter time: 95.3484511375
Iter time: 169.811848164
Iter time: 280.378646135
121     , -10229.2    , array([ 0.0396167  ,  0.107595   ,  0.375237   ,  1.51822    ,  14.6732    ,  0.855369   ,  5.12046    ,  0.411745   ,  0.220576   ,  0.0350905  ,  2.46139    ,  1.01068    ])
Iter time: 101.40820694
Iter time: 170.643825054
Iter time: 285.057422161
123     , -10192.8    , array([ 0.0389746  ,  0.11215    ,  0.363077   ,  1.52162    ,  14.0518    ,  0.854701   ,  5.34017    ,  0.414082   ,  0.216365   ,  0.0359345  ,  2.42435    ,  1.01069    ])
Iter time: 187.217627048
Iter time: 325.245660782
Iter time: 529.319573164
124     , -9932.34    , array([ 0.0369439  ,  0.117933   ,  0.34029    ,  1.58396    ,  16.5652    ,  0.854404   ,  9.63595    ,  0.407678   ,  0.186033   ,  0.0334094  ,  2.17631    ,  1.01091    ])
Iter time: 110.538358927
Iter time: 195.656890154
Iter time: 322.084790945
127     , -10125.3    , array([ 0.0388389  ,  0.113456   ,  0.360502   ,  1.53066    ,  14.6152    ,  0.853535   ,  5.89787    ,  0.415541   ,  0.211144   ,  0.0344586  ,  2.38187    ,  1.0107     ])
Iter time: 110.319497108
Iter time: 191.002300024
Iter time: 323.245492935
129     , -10105.9    , array([ 0.038596   ,  0.104888   ,  0.360405   ,  1.53364    ,  14.2071    ,  0.853342   ,  6.00534    ,  0.415328   ,  0.210054   ,  0.0358307  ,  2.37073    ,  1.01062    ])
Iter time: 116.697069883
Iter time: 206.128154993
Iter time: 336.891766787
131     , -10107.3    , array([ 0.0390416  ,  0.112064   ,  0.362723   ,  1.53758    ,  15.0155    ,  0.854349   ,  6.14659    ,  0.411212   ,  0.209197   ,  0.0348335  ,  2.37051    ,  1.01073    ])
Iter time: 119.70527792
Iter time: 211.200207949
Iter time: 339.570414066
133     , -10089.4    , array([ 0.0387267  ,  0.114408   ,  0.356783   ,  1.53997    ,  14.7348    ,  0.854      ,  6.31397    ,  0.412258   ,  0.2069     ,  0.0352043  ,  2.35041    ,  1.01073    ])
Iter time: 120.908810139
Iter time: 212.470928192
Iter time: 351.684897184
135     , -10068.4    , array([ 0.0393553  ,  0.111348   ,  0.355991   ,  1.54151    ,  14.6121    ,  0.853054   ,  6.4862     ,  0.412712   ,  0.206671   ,  0.0343956  ,  2.3376     ,  1.01089    ])
Iter time: 186.84937191
Iter time: 333.201873064
Iter time: 534.977108002
136     , -9937.49    , array([ 0.037942   ,  0.121311   ,  0.339445   ,  1.59167    ,  16.5259    ,  0.8532     ,  9.80085    ,  0.404458   ,  0.183307   ,  0.0346719  ,  2.16531    ,  1.01084    ])
Iter time: 128.687986851
Iter time: 232.670287132
Iter time: 379.338174105
138     , -10041.8    , array([ 0.0386673  ,  0.11504    ,  0.355227   ,  1.55141    ,  15.3372    ,  0.85381    ,  6.97027    ,  0.410303   ,  0.201756   ,  0.0346923  ,  2.31149    ,  1.01075    ])
Iter time: 127.987005949
Iter time: 226.091157198
Iter time: 376.087314844
140     , -10036.5    , array([ 0.0384489  ,  0.111725   ,  0.353877   ,  1.55017    ,  14.9663    ,  0.853327   ,  6.93263    ,  0.412143   ,  0.20183    ,  0.0351381  ,  2.30916    ,  1.01071    ])
Iter time: 134.83514595
Iter time: 234.248534918
Iter time: 389.03849721
142     , -10030.6    , array([ 0.0386422  ,  0.116162   ,  0.352774   ,  1.55096    ,  15.9136    ,  0.852103   ,  6.98689    ,  0.415654   ,  0.201035   ,  0.0371823  ,  2.31171    ,  1.01077    ])
Iter time: 134.227212906
Iter time: 240.195544958
Iter time: 390.802647114
144     , -10028.1    , array([ 0.0384862  ,  0.116681   ,  0.351736   ,  1.55451    ,  15.2417    ,  0.853687   ,  7.18025    ,  0.410297   ,  0.199777   ,  0.0346992  ,  2.29467    ,  1.01076    ])
Iter time: 133.89982605
Iter time: 242.83170104
Iter time: 395.085195065
146     , -10017.1    , array([ 0.0387613  ,  0.115335   ,  0.35117    ,  1.55583    ,  15.2048    ,  0.85324    ,  7.30841    ,  0.410422   ,  0.199385   ,  0.0343109  ,  2.28665    ,  1.01084    ])
Iter time: 189.394542217
Iter time: 328.677223921
Iter time: 540.134095907
147     , -9937.47    , array([ 0.0377066  ,  0.124112   ,  0.337172   ,  1.59014    ,  16.2973    ,  0.852949   ,  9.80596    ,  0.406018   ,  0.183032   ,  0.0337045  ,  2.16064    ,  1.01082    ])
Iter time: 142.312600136
Iter time: 257.008376122
Iter time: 425.49186492
149     , -9998.2     , array([ 0.0382851  ,  0.11605    ,  0.349253   ,  1.56204    ,  15.437     ,  0.853338   ,  7.68084    ,  0.409888   ,  0.196138   ,  0.0346032  ,  2.26539    ,  1.01075    ])
Iter time: 145.790686846
Iter time: 261.595088005
Iter time: 424.496254921
151     , -9994.74    , array([ 0.0383663  ,  0.118327   ,  0.348563   ,  1.5629     ,  15.898     ,  0.852777   ,  7.74132    ,  0.411391   ,  0.195551   ,  0.035489   ,  2.26473    ,  1.01078    ])
Iter time: 147.290136099
Iter time: 264.27827692
Iter time: 429.062445164
153     , -9993.41    , array([ 0.0382839  ,  0.11866    ,  0.347918   ,  1.56503    ,  15.586     ,  0.853531   ,  7.87235    ,  0.408776   ,  0.194764   ,  0.0343157  ,  2.25513    ,  1.01078    ])
Iter time: 153.984946966
Iter time: 273.664685011
Iter time: 447.275011063
155     , -9990.04    , array([ 0.0389426  ,  0.121252   ,  0.345173   ,  1.56453    ,  16.0759    ,  0.85237    ,  8.05443    ,  0.402095   ,  0.197199   ,  0.0330567  ,  2.24913    ,  1.01062    ])
Iter time: 151.707565069
Iter time: 273.840888977
Iter time: 435.082870007
157     , -9986.49    , array([ 0.0383591  ,  0.118078   ,  0.347467   ,  1.56659    ,  15.5753    ,  0.85337    ,  7.99132    ,  0.409034   ,  0.19404    ,  0.0341689  ,  2.2484     ,  1.01082    ])
Iter time: 186.021425009
Iter time: 328.939225912
Iter time: 537.601198912
158     , -9926.42    , array([ 0.0415852  ,  0.108601   ,  0.32881    ,  1.57291    ,  17.8735    ,  0.857218   ,  9.4258     ,  0.404084   ,  0.184174   ,  0.0316998  ,  2.24897    ,  1.01037    ])
Iter time: 157.502566814
Iter time: 282.580026865
Iter time: 455.536261797
161     , -9974.72    , array([ 0.0383934  ,  0.117567   ,  0.345228   ,  1.56962    ,  15.8405    ,  0.853708   ,  8.25858    ,  0.408446   ,  0.191964   ,  0.0341077  ,  2.23997    ,  1.01075    ])
Iter time: 154.719935179
Iter time: 279.428811073
Iter time: 456.317225218
163     , -9972.5     , array([ 0.0384353  ,  0.118683   ,  0.344749   ,  1.57033    ,  16.0728    ,  0.853466   ,  8.31341    ,  0.409071   ,  0.191529   ,  0.0344845  ,  2.23861    ,  1.01076    ])
Iter time: 162.322293043
Iter time: 291.26285696
Iter time: 467.886158228
165     , -9971.5     , array([ 0.0384002  ,  0.118851   ,  0.344299   ,  1.57163    ,  15.9348    ,  0.853841   ,  8.40254    ,  0.407782   ,  0.19101    ,  0.0339166  ,  2.23318    ,  1.01076    ])
Iter time: 161.467900038
Iter time: 290.980031967
Iter time: 468.984424114
167     , -9969.61    , array([ 0.0387066  ,  0.120041   ,  0.342901   ,  1.57167    ,  16.1773    ,  0.853321   ,  8.51415    ,  0.404672   ,  0.191945   ,  0.0333242  ,  2.22955    ,  1.01069    ])
Iter time: 164.621868849
Iter time: 295.39688015
Iter time: 475.841845989
169     , -9967.71    , array([ 0.0389142  ,  0.115916   ,  0.342981   ,  1.56524    ,  16.3167    ,  0.853962   ,  8.54025    ,  0.407477   ,  0.185635   ,  0.0335371  ,  2.2117     ,  1.01067    ])
Iter time: 165.004963875
Iter time: 288.090692043
Iter time: 471.285699129
171     , -9966.28    , array([ 0.0384092  ,  0.118691   ,  0.343742   ,  1.57356    ,  15.9464    ,  0.853831   ,  8.52335    ,  0.407946   ,  0.190395   ,  0.0338467  ,  2.2284     ,  1.01078    ])
Iter time: 169.635489941
Iter time: 290.168648005
Iter time: 478.562946081
173     , -9960.79    , array([ 0.038427   ,  0.118481   ,  0.342571   ,  1.57524    ,  16.0861    ,  0.854006   ,  8.67611    ,  0.407632   ,  0.189309   ,  0.0338055  ,  2.22374    ,  1.01075    ])
Iter time: 170.734060049
Iter time: 294.792113066
Iter time: 483.065662146
175     , -9959.39    , array([ 0.0384476  ,  0.119034   ,  0.342243   ,  1.57581    ,  16.2042    ,  0.853907   ,  8.72036    ,  0.407884   ,  0.189002   ,  0.0339635  ,  2.22245    ,  1.01075    ])
Iter time: 168.256428957
Iter time: 295.779657125
Iter time: 490.696478844
177     , -9958.54    , array([ 0.0384321  ,  0.119126   ,  0.341934   ,  1.57663    ,  16.1457    ,  0.854097   ,  8.78055    ,  0.407245   ,  0.188663   ,  0.0336846  ,  2.21931    ,  1.01075    ])
Iter time: 193.328868866
Iter time: 343.496719122
Iter time: 555.116889
178     , -9927.91    , array([ 0.0381775  ,  0.118613   ,  0.336145   ,  1.59254    ,  16.5382    ,  0.855517   ,  9.93928    ,  0.409188   ,  0.18039    ,  0.0336452  ,  2.18007    ,  1.01082    ])
Iter time: 170.813298941
Iter time: 302.286520004
Iter time: 493.437304974
180     , -9954.62    , array([ 0.0386462  ,  0.117721   ,  0.340953   ,  1.57476    ,  16.3459    ,  0.854255   ,  8.91979    ,  0.407271   ,  0.185634   ,  0.0335152  ,  2.20685    ,  1.01072    ])
Iter time: 173.723156929
Iter time: 304.241408825
Iter time: 490.896054029
182     , -9953.45    , array([ 0.0384044  ,  0.119081   ,  0.341215   ,  1.579      ,  16.176     ,  0.854207   ,  8.92786    ,  0.407478   ,  0.187801   ,  0.0336557  ,  2.21428    ,  1.01077    ])
Iter time: 175.28116107
Iter time: 309.790601969
Iter time: 504.197337151
184     , -9950.58    , array([ 0.0384124  ,  0.119001   ,  0.340577   ,  1.58       ,  16.2505    ,  0.854303   ,  9.01824    ,  0.407314   ,  0.187202   ,  0.033629   ,  2.21156    ,  1.01075    ])
Iter time: 189.222672939
Iter time: 322.521483898
Iter time: 522.895789862
185     , -9928.51    , array([ 0.0412637  ,  0.106098   ,  0.341202   ,  1.58402    ,  17.5323    ,  0.857272   ,  9.30198    ,  0.409224   ,  0.187575   ,  0.0334871  ,  2.15065    ,  1.0108     ])
Iter time: 173.123739004
Iter time: 306.394505024
Iter time: 510.564494133
187     , -9948.47    , array([ 0.0386357  ,  0.118185   ,  0.340535   ,  1.58042    ,  16.3962    ,  0.854478   ,  9.05057    ,  0.407587   ,  0.187154   ,  0.0336952  ,  2.20656    ,  1.01076    ])
Iter time: 175.477039099
Iter time: 305.157976866
Iter time: 507.266489983
189     , -9947.78    , array([ 0.0386364  ,  0.118191   ,  0.340323   ,  1.581      ,  16.3771    ,  0.854589   ,  9.09322    ,  0.407282   ,  0.186924   ,  0.033557   ,  2.20447    ,  1.01076    ])
Iter time: 197.822422981
Iter time: 345.401349068
Iter time: 552.530572891
190     , -9922.79    , array([ 0.0390369  ,  0.116888   ,  0.336398   ,  1.5971     ,  16.8873    ,  0.855965   ,  9.97393    ,  0.407367   ,  0.18498    ,  0.0333517  ,  2.17237    ,  1.01083    ])
Iter time: 176.548738003
Iter time: 321.47561121
Iter time: 515.612217903
193     , -9943.81    , array([ 0.0386484  ,  0.118098   ,  0.339738   ,  1.58319    ,  16.4232    ,  0.854731   ,  9.219      ,  0.407394   ,  0.186432   ,  0.0335317  ,  2.20012    ,  1.01077    ])
Iter time: 179.113692045
Iter time: 317.184162855
Iter time: 519.283680916
195     , -9942.08    , array([ 0.0386623  ,  0.11802    ,  0.339385   ,  1.58383    ,  16.4682    ,  0.854797   ,  9.27405    ,  0.407315   ,  0.186103   ,  0.0335143  ,  2.1983     ,  1.01077    ])
Iter time: 180.773598909
Iter time: 315.469097137
Iter time: 525.138231993
197     , -9940.92    , array([ 0.0387756  ,  0.117608   ,  0.339316   ,  1.58419    ,  16.5448    ,  0.854898   ,  9.30011    ,  0.40744    ,  0.186035   ,  0.0335398  ,  2.19547    ,  1.01077    ])
Iter time: 182.221088886
Iter time: 323.349611044
Iter time: 523.741143942
199     , -9940.17    , array([ 0.0387818  ,  0.117587   ,  0.339169   ,  1.5846     ,  16.5422    ,  0.854966   ,  9.33073    ,  0.407294   ,  0.185884   ,  0.0334702  ,  2.19406    ,  1.01077    ])
Iter time: 191.524629116
Iter time: 339.416918993
Iter time: 568.915538073
200     , -9923.82    , array([ 0.0392316  ,  0.115801   ,  0.336214   ,  1.5935     ,  17.0204    ,  0.855996   ,  9.9636     ,  0.407204   ,  0.183191   ,  0.033226   ,  2.16638    ,  1.01079    ])
Iter time: 179.187119007
Iter time: 324.224228144
Iter time: 533.780960083
202     , -9936.81    , array([ 0.038824   ,  0.117388   ,  0.338545   ,  1.58648    ,  16.616     ,  0.85513    ,  9.456      ,  0.407302   ,  0.185331   ,  0.0334343  ,  2.1894     ,  1.01077    ])
Iter time: 181.427789927
Iter time: 319.611927032
Iter time: 530.426836014
204     , -9935.96    , array([ 0.0388829  ,  0.117174   ,  0.338478   ,  1.58676    ,  16.6576    ,  0.85519    ,  9.47584    ,  0.407359   ,  0.185268   ,  0.0334426  ,  2.18773    ,  1.01078    ])
Iter time: 186.404514074
Iter time: 325.963521004
Iter time: 529.64982605
206     , -9935.48    , array([ 0.0388902  ,  0.117146   ,  0.338376   ,  1.58706    ,  16.6611    ,  0.855234   ,  9.49753    ,  0.407289   ,  0.185167   ,  0.0334068  ,  2.18677    ,  1.01078    ])
Iter time: 184.451974869
Iter time: 322.636534214
Iter time: 532.771504879
208     , -9934.62    , array([ 0.0384869  ,  0.117189   ,  0.338338   ,  1.59683    ,  16.5872    ,  0.856908   ,  9.51523    ,  0.409161   ,  0.185449   ,  0.033503   ,  2.18326    ,  1.01077    ])
Iter time: 189.102037191
Iter time: 323.783601999
Iter time: 535.547523975
209     , -9924.59    , array([ 0.0403536  ,  0.111541   ,  0.335425   ,  1.58513    ,  17.1       ,  0.857867   ,  9.51289    ,  0.410233   ,  0.185731   ,  0.0318388  ,  2.19676    ,  1.01072    ])
Iter time: 186.548827887
Iter time: 332.345996857
Iter time: 536.498548985
210     , -9924.95    , array([ 0.0410673  ,  0.1071     ,  0.337393   ,  1.58582    ,  17.4794    ,  0.858942   ,  9.45997    ,  0.409362   ,  0.186464   ,  0.0324433  ,  2.20759    ,  1.01072    ])
Iter time: 192.376934052
Iter time: 345.731686115
Iter time: 555.945501089
211     , -9920.83    , array([ 0.0402605  ,  0.111517   ,  0.335834   ,  1.58936    ,  17.2895    ,  0.857387   ,  9.81075    ,  0.408414   ,  0.184339   ,  0.0325419  ,  2.18161    ,  1.01076    ])
Iter time: 199.133445024
Iter time: 349.761317015
Iter time: 569.29680109
212     , -9913.66    , array([ 0.0409986  ,  0.108693   ,  0.334487   ,  1.5908     ,  17.6365    ,  0.858518   ,  9.99309    ,  0.408971   ,  0.183845   ,  0.0321046  ,  2.17772    ,  1.01075    ])
Iter time: 194.625445843
Iter time: 343.632097006
Iter time: 561.141016006
213     , -9917.97    , array([ 0.0405561  ,  0.110331   ,  0.335237   ,  1.58976    ,  17.4113    ,  0.857882   ,  9.87733    ,  0.408626   ,  0.184164   ,  0.0323131  ,  2.1816     ,  1.01075    ])
Iter time: 195.837391853
Iter time: 347.812237024
Iter time: 560.884269953
214     , -9915.62    , array([ 0.040833   ,  0.10926    ,  0.334817   ,  1.58991    ,  17.5359    ,  0.858281   ,  9.91938    ,  0.408919   ,  0.184098   ,  0.0321688  ,  2.1817     ,  1.01075    ])
Iter time: 197.105980873
Iter time: 362.47407198
Iter time: 560.544007063
215     , -9914.05    , array([ 0.0416697  ,  0.107952   ,  0.334271   ,  1.57904    ,  17.7781    ,  0.856833   ,  9.96981    ,  0.407008   ,  0.183594   ,  0.0318599  ,  2.18494    ,  1.01075    ])
Iter time: 189.369039059
Iter time: 341.088322878
Iter time: 549.9386518
216     , -9914.21    , array([ 0.0394502  ,  0.103541   ,  0.332451   ,  1.58446    ,  18.023     ,  0.859525   ,  9.57939    ,  0.410132   ,  0.185339   ,  0.032796   ,  2.20006    ,  1.01058    ])
Iter time: 200.730604887
Iter time: 354.207165003
Iter time: 567.125519037
217     , -9911.3     , array([ 0.0440428  ,  0.103128   ,  0.330236   ,  1.59019    ,  18.269     ,  0.860575   ,  9.8447     ,  0.409036   ,  0.182888   ,  0.0317538  ,  2.19829    ,  1.01053    ])
Iter time: 203.762033939
Iter time: 357.855584145
Iter time: 579.101215124
218     , -9904.53    , array([ 0.0480885  ,  0.0964381  ,  0.325321   ,  1.59332    ,  19.1855    ,  0.863678   ,  9.95077    ,  0.409717   ,  0.181336   ,  0.030957   ,  2.20936    ,  1.01034    ])
Iter time: 188.980465174
Iter time: 328.675832033
Iter time: 538.555152178
220     , -9923.14    , array([ 0.041059   ,  0.107741   ,  0.33753    ,  1.58593    ,  17.5298    ,  0.857644   ,  9.54513    ,  0.408811   ,  0.185746   ,  0.032918   ,  2.17132    ,  1.01074    ])
Iter time: 195.615613937
Iter time: 337.333020926
Iter time: 550.934709072
221     , -9912.39    , array([ 0.0442544  ,  0.0993147  ,  0.331892   ,  1.58207    ,  18.7569    ,  0.860878   ,  9.58723    ,  0.407545   ,  0.188466   ,  0.0310079  ,  2.2029     ,  1.01053    ])
Iter time: 193.754217863
Iter time: 336.331634045
Iter time: 552.83327508
223     , -9921.24    , array([ 0.0414511  ,  0.108165   ,  0.331529   ,  1.58047    ,  17.7783    ,  0.857858   ,  9.59905    ,  0.406364   ,  0.184456   ,  0.0319689  ,  2.21811    ,  1.01053    ])
Iter time: 192.862776041
Iter time: 336.485862017
Iter time: 545.139889002
225     , -9920.47    , array([ 0.0412082  ,  0.107459   ,  0.335583   ,  1.58672    ,  17.5936    ,  0.858675   ,  9.62229    ,  0.408884   ,  0.185515   ,  0.0323218  ,  2.19805    ,  1.0107     ])
Iter time: 190.475219965
Iter time: 339.222651005
Iter time: 550.091719866
227     , -9920.05    , array([ 0.0408842  ,  0.109494   ,  0.33461    ,  1.58644    ,  17.4223    ,  0.858171   ,  9.65376    ,  0.409262   ,  0.185141   ,  0.0320394  ,  2.1927     ,  1.01069    ])
Iter time: 194.253471136
Iter time: 338.089579105
Iter time: 561.057595015
228     , -9911.7     , array([ 0.044036   ,  0.0988381  ,  0.331132   ,  1.58085    ,  18.5844    ,  0.861326   ,  9.58205    ,  0.409732   ,  0.186255   ,  0.0310965  ,  2.21561    ,  1.01054    ])
Iter time: 188.969355106
Iter time: 334.731330872
Iter time: 549.04360795
230     , -9918.84    , array([ 0.0414316  ,  0.106977   ,  0.335323   ,  1.58633    ,  17.7001    ,  0.858303   ,  9.65894    ,  0.408676   ,  0.185252   ,  0.0324514  ,  2.1829     ,  1.01069    ])
Iter time: 196.765954018
Iter time: 345.533352852
Iter time: 548.877181053
231     , -9913.57    , array([ 0.0452214  ,  0.0951065  ,  0.329721   ,  1.57466    ,  19.0629    ,  0.862365   ,  9.5272     ,  0.409941   ,  0.184582   ,  0.0305471  ,  2.21873    ,  1.01044    ])
Iter time: 201.267051935
Iter time: 351.863368034
Iter time: 565.688471079
232     , -9907.2     , array([ 0.0432101  ,  0.100596   ,  0.334259   ,  1.59025    ,  18.3192    ,  0.861214   ,  9.88688    ,  0.411553   ,  0.185128   ,  0.0316277  ,  2.17308    ,  1.01072    ])
Iter time: 197.784523964
Iter time: 350.776221991
Iter time: 568.913820028
233     , -9905.93    , array([ 0.0438098  ,  0.10015    ,  0.330003   ,  1.58458    ,  18.6366    ,  0.860817   ,  9.9077     ,  0.40946    ,  0.184007   ,  0.0311694  ,  2.18875    ,  1.01056    ])
Iter time: 205.241583824
Iter time: 356.274276018
Iter time: 575.67398119
234     , -9905.27    , array([ 0.0446685  ,  0.0968381  ,  0.330199   ,  1.58455    ,  19.0325    ,  0.861765   ,  9.91823    ,  0.409114   ,  0.18419    ,  0.0313002  ,  2.19342    ,  1.01054    ])
Iter time: 204.205688953
Iter time: 352.590919018
Iter time: 577.290090084
235     , -9903.38    , array([ 0.0446345  ,  0.0974854  ,  0.328652   ,  1.58436    ,  18.9617    ,  0.86221    ,  9.95677    ,  0.409774   ,  0.183904   ,  0.0307173  ,  2.20504    ,  1.01051    ])
Iter time: 202.810473919
Iter time: 348.977073908
Iter time: 571.609726191
237     , -9905.26    , array([ 0.0463321  ,  0.092592   ,  0.327652   ,  1.58004    ,  19.5523    ,  0.863357   ,  9.74964    ,  0.410017   ,  0.184946   ,  0.0305895  ,  2.21029    ,  1.01042    ])
Iter time: 198.346674204
Iter time: 356.573843956
Iter time: 573.874683857
238     , -9906.49    , array([ 0.0469973  ,  0.0909554  ,  0.326881   ,  1.57826    ,  19.7688    ,  0.863805   ,  9.68042    ,  0.409905   ,  0.185154   ,  0.03047    ,  2.21499    ,  1.01036    ])
Iter time: 200.720870018
Iter time: 340.385424852
Iter time: 561.200191021
240     , -9910.79    , array([ 0.0418758  ,  0.101049   ,  0.331404   ,  1.58401    ,  18.3892    ,  0.860459   ,  9.6929     ,  0.409762   ,  0.184974   ,  0.0319452  ,  2.19979    ,  1.01056    ])
Iter time: 200.005857944
Iter time: 352.71658802
Iter time: 565.568686962
241     , -9906.53    , array([ 0.0474559  ,  0.0891038  ,  0.326026   ,  1.58892    ,  19.9141    ,  0.866591   ,  9.60312    ,  0.412255   ,  0.185864   ,  0.0304041  ,  2.2167     ,  1.01029    ])
Iter time: 197.698330879
Iter time: 349.484228849
Iter time: 567.768862009
243     , -9909.39    , array([ 0.0429595  ,  0.102396   ,  0.331943   ,  1.58731    ,  18.309     ,  0.860442   ,  9.87198    ,  0.409433   ,  0.184368   ,  0.0315386  ,  2.19083    ,  1.01062    ])
Iter time: 197.788290024
Iter time: 347.075866938
Iter time: 557.642196894
245     , -9910.12    , array([ 0.0450213  ,  0.0960787  ,  0.329662   ,  1.57976    ,  19.0031    ,  0.862287   ,  9.6534     ,  0.409897   ,  0.184729   ,  0.0308051  ,  2.2102     ,  1.01047    ])
Iter time: 208.968025923
Iter time: 359.254117012
Iter time: 584.429507971
246     , -9901.4     , array([ 0.0455272  ,  0.0943356  ,  0.326963   ,  1.58729    ,  19.1734    ,  0.863779   ,  9.9907     ,  0.412572   ,  0.180749   ,  0.0310886  ,  2.20169    ,  1.01046    ])
Iter time: 196.007382154
Iter time: 346.708640814
Iter time: 565.327914
249     , -9908.67    , array([ 0.0445209  ,  0.0976204  ,  0.3301     ,  1.58303    ,  18.7977    ,  0.861929   ,  9.70079    ,  0.410009   ,  0.185178   ,  0.031072   ,  2.20836    ,  1.01051    ])
Iter time: 206.897252083
Iter time: 358.423406124
Iter time: 582.112390995
250     , -9901.87    , array([ 0.0488774  ,  0.0914708  ,  0.326539   ,  1.58626    ,  19.7309    ,  0.864855   ,  9.95216    ,  0.410853   ,  0.183277   ,  0.0300361  ,  2.20393    ,  1.01041    ])
Iter time: 199.748360872
Iter time: 347.180745125
Iter time: 567.204844952
252     , -9907.51    , array([ 0.045286   ,  0.0959131  ,  0.329182   ,  1.58271    ,  19.0554    ,  0.862578   ,  9.74955    ,  0.410142   ,  0.184365   ,  0.0308579  ,  2.20576    ,  1.01047    ])
Iter time: 203.476151943
Iter time: 351.219408989
Iter time: 569.875075102
254     , -9906.77    , array([ 0.0443342  ,  0.0987469  ,  0.330204   ,  1.5863     ,  18.7354    ,  0.861743   ,  9.85418    ,  0.409939   ,  0.184185   ,  0.0311948  ,  2.1967     ,  1.01054    ])
Iter time: 201.026636839
Iter time: 353.017846107
Iter time: 562.092518806
256     , -9906.66    , array([ 0.0451248  ,  0.0964626  ,  0.32929    ,  1.5843     ,  18.9811    ,  0.86248    ,  9.77476    ,  0.410225   ,  0.184548   ,  0.0309682  ,  2.20498    ,  1.01049    ])
Iter time: 205.476987123
Iter time: 352.77821517
Iter time: 585.06851387
257     , -9901.91    , array([ 0.0461648  ,  0.0948177  ,  0.327801   ,  1.58869    ,  19.2655    ,  0.863469   ,  9.95432    ,  0.410753   ,  0.183505   ,  0.03089    ,  2.19734    ,  1.01047    ])
Iter time: 203.662279129
Iter time: 348.351477146
Iter time: 570.013757944
259     , -9905.5     , array([ 0.0445716  ,  0.0977041  ,  0.331093   ,  1.58791    ,  18.7743    ,  0.862212   ,  9.87192    ,  0.410966   ,  0.184463   ,  0.0312178  ,  2.18828    ,  1.01058    ])
Iter time: 204.685067892
Iter time: 358.750680208
Iter time: 581.335210085
260     , -9902.55    , array([ 0.047721   ,  0.0910319  ,  0.325872   ,  1.5851     ,  19.7666    ,  0.86476    ,  9.86274    ,  0.410994   ,  0.183461   ,  0.0304402  ,  2.20908    ,  1.01036    ])
Iter time: 208.450481892
Iter time: 366.551892996
Iter time: 586.694032907
261     , -9901.31    , array([ 0.0473242  ,  0.092292   ,  0.326208   ,  1.58724    ,  19.643     ,  0.864402   ,  9.95775    ,  0.410837   ,  0.182921   ,  0.0305752  ,  2.20145    ,  1.01039    ])
Iter time: 198.478718042
Iter time: 354.055290937
Iter time: 570.946539879
264     , -9904.64    , array([ 0.0468241  ,  0.0918258  ,  0.326892   ,  1.58727    ,  19.5981    ,  0.864923   ,  9.74831    ,  0.411333   ,  0.184672   ,  0.0305942  ,  2.20931    ,  1.01037    ])
Iter time: 201.016370058
Iter time: 357.522078991
Iter time: 574.33801198
266     , -9904.65    , array([ 0.0465901  ,  0.0928119  ,  0.327321   ,  1.58231    ,  19.5194    ,  0.863578   ,  9.79031    ,  0.410218   ,  0.184299   ,  0.0306325  ,  2.20822    ,  1.01041    ])
Iter time: 201.737047911
Iter time: 355.138688087
Iter time: 574.612294912
268     , -9904.28    , array([ 0.0450979  ,  0.0970817  ,  0.328769   ,  1.58539    ,  18.9888    ,  0.862198   ,  9.89966    ,  0.410027   ,  0.18374    ,  0.0309597  ,  2.19592    ,  1.0105     ])
Iter time: 209.600121021
Iter time: 359.376376867
Iter time: 586.666033983
269     , -9901.84    , array([ 0.0484479  ,  0.0905469  ,  0.323643   ,  1.58406    ,  19.9764    ,  0.864951   ,  9.91599    ,  0.410067   ,  0.182369   ,  0.0302499  ,  2.21932    ,  1.01028    ])
Iter time: 207.391223907
Iter time: 356.614703894
Iter time: 584.382951021
270     , -9901.16    , array([ 0.0490016  ,  0.0903396  ,  0.323435   ,  1.58733    ,  19.8651    ,  0.865933   ,  9.86932    ,  0.412083   ,  0.182337   ,  0.0299991  ,  2.21846    ,  1.01028    ])
Iter time: 201.749758005
Iter time: 360.917495966
Iter time: 579.347599983
273     , -9903.94    , array([ 0.0466667  ,  0.0929656  ,  0.327049   ,  1.58329    ,  19.5111    ,  0.863709   ,  9.82642    ,  0.410392   ,  0.183993   ,  0.0305913  ,  2.20844    ,  1.01041    ])
Iter time: 205.224308014
Iter time: 356.548849106
Iter time: 577.729437113
275     , -9903.64    , array([ 0.0467997  ,  0.0930823  ,  0.326873   ,  1.58447    ,  19.4944    ,  0.863825   ,  9.84841    ,  0.4105     ,  0.183658   ,  0.0306111  ,  2.20741    ,  1.0104     ])
Iter time: 204.119089127
Iter time: 355.921267033
Iter time: 575.235229969
277     , -9903.53    , array([ 0.0469161  ,  0.092639   ,  0.326658   ,  1.58683    ,  19.5293    ,  0.864451   ,  9.83144    ,  0.411023   ,  0.183801   ,  0.0305926  ,  2.20788    ,  1.01039    ])
Iter time: 206.470499992
Iter time: 358.711595058
Iter time: 570.681163073
278     , -9900.94    , array([ 0.0457635  ,  0.0899679  ,  0.327752   ,  1.57843    ,  19.7984    ,  0.864411   ,  9.86009    ,  0.41193    ,  0.184964   ,  0.0301698  ,  2.20328    ,  1.01047    ])
Iter time: 201.981071949
Iter time: 358.428747892
Iter time: 574.085097075
281     , -9902.93    , array([ 0.0460239  ,  0.0947929  ,  0.327607   ,  1.58533    ,  19.2711    ,  0.863213   ,  9.90084    ,  0.410504   ,  0.183491   ,  0.0307265  ,  2.20142    ,  1.01045    ])
Iter time: 206.176701069
Iter time: 363.212100983
Iter time: 583.386773109
282     , -9900.27    , array([ 0.0471639  ,  0.0924516  ,  0.325945   ,  1.5876     ,  19.5636    ,  0.864667   ,  9.99075    ,  0.411589   ,  0.182411   ,  0.0304216  ,  2.20426    ,  1.0104     ])
Iter time: 204.869328022
Iter time: 363.86669898
Iter time: 708.065319061
284     , -9900.05    , array([ 0.0470908  ,  0.0922311  ,  0.325967   ,  1.58695    ,  19.5919    ,  0.864691   ,  9.99232    ,  0.411662   ,  0.182537   ,  0.0303705  ,  2.20476    ,  1.01041    ])
Iter time: 201.008746862
Iter time: 352.48682189
Iter time: 579.930785894
287     , -9902.54    , array([ 0.0469378  ,  0.0926303  ,  0.32651    ,  1.58628    ,  19.5388    ,  0.864365   ,  9.88235    ,  0.411078   ,  0.183396   ,  0.0305323  ,  2.20685    ,  1.0104     ])
Iter time: 206.885823965
Iter time: 356.7454319
Iter time: 583.554323912
289     , -9902.24    , array([ 0.0458783  ,  0.0948204  ,  0.327416   ,  1.58512    ,  19.2769    ,  0.863333   ,  9.94203    ,  0.410508   ,  0.183426   ,  0.0305867  ,  2.20551    ,  1.01046    ])
Iter time: 209.919352055
Iter time: 363.731914997
Iter time: 586.811992168
290     , -9900.19    , array([ 0.0482922  ,  0.0897373  ,  0.324735   ,  1.58639    ,  19.9299    ,  0.865724   ,  9.96076    ,  0.411984   ,  0.182398   ,  0.0301663  ,  2.21123    ,  1.01035    ])
Iter time: 206.938377142
Iter time: 359.651194096
Iter time: 586.311660051
292     , -9901.71    , array([ 0.0474554  ,  0.0915745  ,  0.325972   ,  1.58553    ,  19.6887    ,  0.864654   ,  9.90077    ,  0.41116    ,  0.183158   ,  0.0304312  ,  2.20779    ,  1.01038    ])
Iter time: 208.369529963
Iter time: 355.604872942
Iter time: 586.831601858
293     , -9899.72    , array([ 0.0475327  ,  0.0914385  ,  0.325548   ,  1.58553    ,  19.7088    ,  0.86478    ,  9.99896    ,  0.411587   ,  0.182276   ,  0.0302958  ,  2.2063     ,  1.01039    ])
Iter time: 203.555058002
Iter time: 355.378293037
Iter time: 578.367097855
296     , -9901.54    , array([ 0.0466202  ,  0.0932748  ,  0.326644   ,  1.58553    ,  19.4674    ,  0.864013   ,  9.94363    ,  0.410965   ,  0.183082   ,  0.030488   ,  2.20607    ,  1.01042    ])
Iter time: 207.722920179
Iter time: 357.190872908
Iter time: 578.567562103
298     , -9901.38    , array([ 0.0467846  ,  0.0932097  ,  0.326787   ,  1.58718    ,  19.4702    ,  0.864103   ,  9.94932    ,  0.411096   ,  0.183104   ,  0.0306221  ,  2.20235    ,  1.01043    ])
Iter time: 204.049996853
Iter time: 356.055833101
Iter time: 582.443851948
299     , -9899.9     , array([ 0.0456578  ,  0.092076   ,  0.325058   ,  1.58525    ,  19.5798    ,  0.864496   ,  9.93603    ,  0.412068   ,  0.182105   ,  0.0307791  ,  2.21056    ,  1.01037    ])
Iter time: 204.851603031
Iter time: 358.967587948
Iter time: 573.375576973
300     , -9899.78    , array([ 0.0456094  ,  0.0932754  ,  0.328206   ,  1.58765    ,  19.2747    ,  0.864324   ,  9.97562    ,  0.413194   ,  0.182967   ,  0.03065    ,  2.19377    ,  1.01052    ])
Iter time: 205.744525194
Iter time: 359.898324966
Iter time: 574.042893171
302     , -9901.2     , array([ 0.0471528  ,  0.091808   ,  0.326037   ,  1.58578    ,  19.6381    ,  0.864632   ,  9.92635    ,  0.411478   ,  0.182905   ,  0.0304493  ,  2.20656    ,  1.01039    ])
Iter time: 205.830333948
Iter time: 359.038241148
Iter time: 582.735282898
303     , -9899.7     , array([ 0.0471743  ,  0.0905861  ,  0.32546    ,  1.58657    ,  19.7373    ,  0.865311   ,  9.95751    ,  0.412716   ,  0.182193   ,  0.0304405  ,  2.20469    ,  1.01039    ])
Iter time: 208.373743057
Iter time: 360.845318079
Iter time: 589.824120045
304     , -9898.86    , array([ 0.0474539  ,  0.089271   ,  0.32487    ,  1.58709    ,  19.8737    ,  0.865961   ,  9.96446    ,  0.413594   ,  0.18175    ,  0.0304168  ,  2.204      ,  1.01037    ])
Iter time: 204.76375699
Iter time: 359.914641857
Iter time: 857.368335962
306     , -9900.83    , array([ 0.0462866  ,  0.0929064  ,  0.32642    ,  1.58666    ,  19.4155    ,  0.864311   ,  9.96952    ,  0.412248   ,  0.181733   ,  0.0307469  ,  2.20363    ,  1.01043    ])
Iter time: 207.761729002
Iter time: 362.683336973
Iter time: 582.021723032
307     , -9899.44    , array([ 0.04725    ,  0.0897706  ,  0.324907   ,  1.5848     ,  19.8436    ,  0.865619   ,  9.95081    ,  0.412947   ,  0.182111   ,  0.0302176  ,  2.20902    ,  1.01037    ])
Iter time: 207.456912041
Iter time: 357.928229094
Iter time: 583.822183847
308     , -9899.06    , array([ 0.0466991  ,  0.0902458  ,  0.325268   ,  1.58434    ,  19.7024    ,  0.865523   ,  9.94124    ,  0.413561   ,  0.182158   ,  0.0302047  ,  2.21118    ,  1.0104     ])
Iter time: 204.157825947
Iter time: 361.332715988
Iter time: 580.448565006
309     , -9898.62    , array([ 0.0467934  ,  0.0904623  ,  0.32531    ,  1.58555    ,  19.718     ,  0.865441   ,  9.97516    ,  0.413264   ,  0.18205    ,  0.0302887  ,  2.20683    ,  1.0104     ])
Iter time: 204.777764797
Iter time: 363.118213892
Iter time: 582.212957859
310     , -9897.54    , array([ 0.0466148  ,  0.0897969  ,  0.324948   ,  1.58544    ,  19.758     ,  0.865846   ,  9.99966    ,  0.414159   ,  0.181625   ,  0.0302087  ,  2.20696    ,  1.0104     ])
Iter time: 206.884865999
Iter time: 358.100466013
Iter time: 584.118901968
312     , -9900.45    , array([ 0.0478767  ,  0.0907125  ,  0.324616   ,  1.58642    ,  19.7669    ,  0.865481   ,  9.91536    ,  0.412313   ,  0.182377   ,  0.0301922  ,  2.21209    ,  1.01034    ])
Iter time: 204.11669898
Iter time: 362.652654886
Iter time: 578.56474185
314     , -9900.28    , array([ 0.0463549  ,  0.0905568  ,  0.326644   ,  1.5823     ,  19.7324    ,  0.864765   ,  9.91303    ,  0.412252   ,  0.183578   ,  0.0302789  ,  2.20488    ,  1.01043    ])
Iter time: 209.87886095
Iter time: 365.21762681
Iter time: 580.706218958
315     , -9898.59    , array([ 0.0476427  ,  0.0890449  ,  0.324698   ,  1.58497    ,  19.9746    ,  0.866002   ,  9.95357    ,  0.412902   ,  0.182984   ,  0.0299575  ,  2.20953    ,  1.01036    ])
Iter time: 207.567309141
Iter time: 353.167084932
Iter time: 576.330147982
317     , -9899.94    , array([ 0.0474063  ,  0.0907636  ,  0.32509    ,  1.58606    ,  19.7385    ,  0.86534    ,  9.94002    ,  0.412468   ,  0.182392   ,  0.030261   ,  2.20923    ,  1.01037    ])
Iter time: 205.723726034
Iter time: 360.598057985
Iter time: 585.506963015
319     , -9899.85    , array([ 0.0466905  ,  0.0906942  ,  0.326039   ,  1.58415    ,  19.7216    ,  0.865006   ,  9.93997    ,  0.412447   ,  0.182943   ,  0.0303036  ,  2.2058     ,  1.01041    ])
Iter time: 208.002199173
Iter time: 359.090306997
Iter time: 574.133355856
320     , -9898.65    , array([ 0.0468145  ,  0.0889556  ,  0.324942   ,  1.58383    ,  19.8857    ,  0.865885   ,  9.93484    ,  0.413842   ,  0.182295   ,  0.0302159  ,  2.20945    ,  1.01038    ])
Iter time: 202.785265207
Iter time: 359.621130943
Iter time: 593.045050859
321     , -9898.37    , array([ 0.0454846  ,  0.0915127  ,  0.326187   ,  1.58462    ,  19.513     ,  0.864855   ,  9.96043    ,  0.413755   ,  0.182292   ,  0.03048    ,  2.2022     ,  1.01045    ])
Iter time: 202.68918395
Iter time: 360.004020929
Iter time: 583.00445509
322     , -9898.36    , array([ 0.046376   ,  0.0889223  ,  0.324991   ,  1.58368    ,  19.8362    ,  0.865915   ,  9.92368    ,  0.414429   ,  0.182112   ,  0.0302932  ,  2.20823    ,  1.01039    ])
Iter time: 205.906229973
Iter time: 360.350571871
Iter time: 582.371458054
323     , -9898       , array([ 0.0458989  ,  0.090052   ,  0.325851   ,  1.58417    ,  19.7051    ,  0.865361   ,  9.97317    ,  0.413945   ,  0.18221    ,  0.0304082  ,  2.2036     ,  1.01043    ])
Iter time: 208.500567913
Iter time: 361.322996855
Iter time: 589.632999897
324     , -9897.87    , array([ 0.0476985  ,  0.0884402  ,  0.326016   ,  1.5848     ,  19.886     ,  0.866351   ,  9.98338    ,  0.414661   ,  0.182515   ,  0.029836   ,  2.20112    ,  1.01044    ])
Iter time: 209.384329081
Iter time: 357.808739901
Iter time: 588.815278053
325     , -9897.47    , array([ 0.0468099  ,  0.0894118  ,  0.325031   ,  1.586      ,  19.7704    ,  0.866064   ,  9.98666    ,  0.41465    ,  0.181608   ,  0.0302257  ,  2.20508    ,  1.0104     ])
Iter time: 208.67206192
Iter time: 360.431692839
Iter time: 585.00979805
328     , -9899.03    , array([ 0.0462263  ,  0.0914875  ,  0.326735   ,  1.58629    ,  19.5295    ,  0.865002   ,  9.96991    ,  0.413431   ,  0.182564   ,  0.030439   ,  2.20007    ,  1.01046    ])
Iter time: 204.300124884
Iter time: 359.623558044
Iter time: 583.394788027
329     , -9897       , array([ 0.045966   ,  0.0880688  ,  0.325191   ,  1.58447    ,  19.8368    ,  0.866618   ,  9.92477    ,  0.416071   ,  0.182094   ,  0.0301871  ,  2.20544    ,  1.01042    ])
Iter time: 204.033463955
Iter time: 360.742438793
Iter time: 579.546262026
330     , -9895.95    , array([ 0.0452021  ,  0.0864309  ,  0.325013   ,  1.58394    ,  19.9011    ,  0.867539   ,  9.88788    ,  0.418331   ,  0.182003   ,  0.0301329  ,  2.205      ,  1.01043    ])
Iter time: 203.487715006
Iter time: 364.393323898
Iter time: 576.167015791
331     , -9896.77    , array([ 0.0459007  ,  0.08914    ,  0.32585    ,  1.58506    ,  19.7116    ,  0.866098   ,  9.96225    ,  0.415597   ,  0.182241   ,  0.030251   ,  2.20205    ,  1.01045    ])
Iter time: 206.386400938
Iter time: 363.207790852
Iter time: 582.750929832
332     , -9896.81    , array([ 0.0463089  ,  0.0884887  ,  0.325586   ,  1.58565    ,  19.8544    ,  0.86629    ,  9.97535    ,  0.415319   ,  0.182207   ,  0.0302717  ,  2.19838    ,  1.01043    ])
Iter time: 208.087517023
Iter time: 366.529814959
Iter time: 576.803575039
334     , -9898.36    , array([ 0.0463682  ,  0.0902935  ,  0.326033   ,  1.58562    ,  19.667     ,  0.865508   ,  9.96432    ,  0.414013   ,  0.182358   ,  0.0303315  ,  2.20235    ,  1.01043    ])
Iter time: 208.538045168
Iter time: 363.26315403
Iter time: 576.730566025
335     , -9896.37    , array([ 0.0454104  ,  0.0891284  ,  0.325988   ,  1.58254    ,  19.7031    ,  0.865991   ,  9.95299    ,  0.415672   ,  0.182658   ,  0.0300189  ,  2.20499    ,  1.01046    ])
Iter time: 204.065446138
Iter time: 361.419652939
Iter time: 586.264065027
336     , -9896.4     , array([ 0.0457977  ,  0.0894734  ,  0.326091   ,  1.58558    ,  19.661     ,  0.866084   ,  9.98569    ,  0.415729   ,  0.182173   ,  0.0301856  ,  2.19881    ,  1.01046    ])
Iter time: 206.986654043
Iter time: 365.089783907
Iter time: 579.451339006
337     , -9895.97    , array([ 0.0447062  ,  0.0894552  ,  0.326568   ,  1.58455    ,  19.5219    ,  0.865981   ,  9.97227    ,  0.417149   ,  0.181353   ,  0.0304845  ,  2.19695    ,  1.0105     ])
Iter time: 206.686366081
Iter time: 363.407381773
Iter time: 583.081979036
338     , -9896.23    , array([ 0.0466929  ,  0.0867136  ,  0.325141   ,  1.58488    ,  19.9852    ,  0.867318   ,  9.96737    ,  0.416856   ,  0.181885   ,  0.0299627  ,  2.20339    ,  1.01043    ])
Iter time: 210.706369162
Iter time: 361.353557825
Iter time: 584.550451994
340     , -9897.65    , array([ 0.0462433  ,  0.0889083  ,  0.325333   ,  1.58426    ,  19.7981    ,  0.866059   ,  9.94559    ,  0.414966   ,  0.182091   ,  0.0302429  ,  2.20531    ,  1.01042    ])
Iter time: 207.369231939
Iter time: 365.776605129
Iter time: 583.261418104
341     , -9895.56    , array([ 0.0458345  ,  0.0872916  ,  0.325203   ,  1.58386    ,  19.8755    ,  0.86699    ,  9.96764    ,  0.417161   ,  0.181736   ,  0.0300397  ,  2.20292    ,  1.01044    ])
Iter time: 204.755820036
Iter time: 365.988260984
Iter time: 590.552629948
342     , -9894.42    , array([ 0.04557    ,  0.0858283  ,  0.324789   ,  1.58298    ,  19.9805    ,  0.867732   ,  9.96931    ,  0.418744   ,  0.181426   ,  0.0298949  ,  2.20321    ,  1.01045    ])
Iter time: 207.384362936
Iter time: 364.276440144
Iter time: 586.857683897
343     , -9895.25    , array([ 0.0462477  ,  0.0868277  ,  0.325207   ,  1.58511    ,  19.883     ,  0.867532   ,  9.95816    ,  0.418032   ,  0.181754   ,  0.029879   ,  2.2016     ,  1.01045    ])
Iter time: 206.530597925
Iter time: 359.380415916
Iter time: 580.054519892
344     , -9894.61    , array([ 0.0442743  ,  0.0881394  ,  0.324909   ,  1.58453    ,  19.7017    ,  0.866737   ,  9.94379    ,  0.417874   ,  0.181324   ,  0.0304593  ,  2.20417    ,  1.01044    ])
Iter time: 208.762607098
Iter time: 362.212568045
Iter time: 588.76424098
345     , -9894.6     , array([ 0.0453376  ,  0.0875485  ,  0.325519   ,  1.58511    ,  19.773     ,  0.867143   ,  9.98126    ,  0.418053   ,  0.181618   ,  0.0300853  ,  2.19979    ,  1.01047    ])
Iter time: 211.096323013
Iter time: 362.595135927
Iter time: 577.840422153
346     , -9894.26    , array([ 0.0447685  ,  0.0863166  ,  0.326001   ,  1.58388    ,  19.8156    ,  0.867572   ,  9.92425    ,  0.419521   ,  0.182083   ,  0.0300988  ,  2.19695    ,  1.01049    ])
Iter time: 210.877990961
Iter time: 364.384896994
Iter time: 587.861531973
347     , -9892.95    , array([ 0.0438729  ,  0.0846274  ,  0.326529   ,  1.5831     ,  19.8445    ,  0.868437   ,  9.88676    ,  0.422228   ,  0.182313   ,  0.0300439  ,  2.19196    ,  1.01054    ])
Iter time: 205.95015502
Iter time: 362.44811821
Iter time: 581.579380035
348     , -9893.7     , array([ 0.044103   ,  0.0858975  ,  0.326167   ,  1.58283    ,  19.8156    ,  0.86775    ,  9.92053    ,  0.420291   ,  0.182217   ,  0.0300517  ,  2.19664    ,  1.01051    ])
Iter time: 206.485895157
Iter time: 359.452950954
Iter time: 578.848251104
349     , -9893.71    , array([ 0.044219   ,  0.0863647  ,  0.325708   ,  1.58272    ,  19.7253    ,  0.867767   ,  9.92265    ,  0.420447   ,  0.18162    ,  0.0299695  ,  2.20304    ,  1.0105     ])
Iter time: 210.644241095
Iter time: 364.379490137
Iter time: 585.72096014
350     , -9893.41    , array([ 0.0443356  ,  0.0852829  ,  0.32542    ,  1.58292    ,  19.8705    ,  0.868238   ,  9.92911    ,  0.42098    ,  0.181483   ,  0.0299433  ,  2.19953    ,  1.01049    ])
Iter time: 208.394109011
Iter time: 360.002908945
Iter time: 579.119532824
351     , -9893.46    , array([ 0.0441957  ,  0.0842885  ,  0.325069   ,  1.58196    ,  19.9569    ,  0.868611   ,  9.89642    ,  0.421728   ,  0.181436   ,  0.0299679  ,  2.2029     ,  1.01048    ])
