==========================================
SLURM_JOB_ID = 18981509
SLURM_NODELIST = c8-73
==========================================
Module slurm/17.11.5 loaded 
Module openmpi/3.0.1 loaded 
Module gcc/7.3.0 loaded 
Module python/2.7.6 loaded 
Module numpy/1.11.1 loaded 
Module dadi/1.7.0 loaded 
Module matplotlib/2.0 loaded 
Module scipy/0.18.0 loaded 
Beginning. Call:
/home/hemstrow/monarch/github/F-H_2018/DADI/demographic_models/run_3d_mods.py /home/hemstrow/monarch/github/F-H_2018/Data/dadi_inputs/ dadi_snps_10kgap.txt 1st_folded_optim_10kgap_snps_dadi_out.txt lgrowth_p2 10 [NAM,HAW,GUA] True 3 [0.1,0.1,0.5,1,5,5,.1,.1,.1,.1,2] [1,1,5,10,20,20,10,10,10,10,4] [1e-3,1e-3,1e-3,1e-3,0.01,0.01,0.01,0.01,0.01,0.01,1] [150,15,15] fmin

Ready to begin run. Parameters:

Model:
lgrowth_p2
Maxiters:
10
Pops:
['NAM', 'HAW', 'GUA']
Projection:
[150, 15, 15]
Number of segregating sites in projected sfs:
9454.98941724
Folding spectra:
True
Level of parm folding:
3
Optimizer:
fmin
p0:
[ 0.0924564   0.30679075  0.424232    5.34640684  5.55293607  2.29301758
  0.01514054  0.31113769  0.07464279  0.02592492  3.96      ]
Upper Bounds:
[1.0, 1.0, 5.0, 10.0, 20.0, 20.0, 10.0, 10.0, 10.0, 10.0, 4.0]
Lower Bounds:
[0.001, 0.001, 0.001, 0.001, 0.01, 0.01, 0.01, 0.01, 0.01, 0.01, 1.0]

Beginning optimization ************************************************
optimize_log_fmin.
Iter time: 21.0639331341
Iter time: 40.8920359612
Iter time: 70.2744059563
1       , -27912.3    , array([ 0.0924564  ,  0.306791   ,  0.424232   ,  5.34641    ,  5.55294    ,  2.29302    ,  0.0151405  ,  0.311138   ,  0.0746428  ,  0.0259249  ,  3.96       ])
Iter time: 21.1033627987
Iter time: 40.9161520004
Iter time: 70.3863859177
2       , -27908      , array([ 0.0820793  ,  0.306791   ,  0.424232   ,  5.34641    ,  5.55294    ,  2.29302    ,  0.0151405  ,  0.311138   ,  0.0746428  ,  0.0259249  ,  3.96       ])
Iter time: 21.7227420807
Iter time: 42.1181371212
Iter time: 72.7802989483
3       , -27912.7    , array([ 0.0924564  ,  0.289191   ,  0.424232   ,  5.34641    ,  5.55294    ,  2.29302    ,  0.0151405  ,  0.311138   ,  0.0746428  ,  0.0259249  ,  3.96       ])
Iter time: 21.494423151
Iter time: 41.7250139713
Iter time: 71.6965310574
4       , -27917      , array([ 0.0924564  ,  0.306791   ,  0.406428   ,  5.34641    ,  5.55294    ,  2.29302    ,  0.0151405  ,  0.311138   ,  0.0746428  ,  0.0259249  ,  3.96       ])
Iter time: 21.1581110954
Iter time: 40.8092198372
Iter time: 70.3063809872
5       , -28171.9    , array([ 0.0924564  ,  0.306791   ,  0.424232   ,  5.81387    ,  5.55294    ,  2.29302    ,  0.0151405  ,  0.311138   ,  0.0746428  ,  0.0259249  ,  3.96       ])
Iter time: 21.1987218857
Iter time: 40.9516079426
Iter time: 70.3462219238
6       , -28210.8    , array([ 0.0924564  ,  0.306791   ,  0.424232   ,  5.34641    ,  6.04991    ,  2.29302    ,  0.0151405  ,  0.311138   ,  0.0746428  ,  0.0259249  ,  3.96       ])
Iter time: 21.916123867
Iter time: 42.6611480713
Iter time: 73.1916780472
7       , -27970.4    , array([ 0.0924564  ,  0.306791   ,  0.424232   ,  5.34641    ,  5.55294    ,  2.39016    ,  0.0151405  ,  0.311138   ,  0.0746428  ,  0.0259249  ,  3.96       ])
Iter time: 21.0416259766
Iter time: 40.816712141
Iter time: 70.2577278614
8       , -28216.5    , array([ 0.0924564  ,  0.306791   ,  0.424232   ,  5.34641    ,  5.55294    ,  2.29302    ,  0.0122786  ,  0.311138   ,  0.0746428  ,  0.0259249  ,  3.96       ])
Iter time: 21.1190710068
Iter time: 40.836534977
Iter time: 70.2255320549
9       , -27956.3    , array([ 0.0924564  ,  0.306791   ,  0.424232   ,  5.34641    ,  5.55294    ,  2.29302    ,  0.0151405  ,  0.293495   ,  0.0746428  ,  0.0259249  ,  3.96       ])
Iter time: 21.045817852
Iter time: 40.8088009357
Iter time: 70.3289499283
10      , -27923.9    , array([ 0.0924564  ,  0.306791   ,  0.424232   ,  5.34641    ,  5.55294    ,  2.29302    ,  0.0151405  ,  0.311138   ,  0.0655597  ,  0.0259249  ,  3.96       ])
Iter time: 21.1369419098
Iter time: 40.7483150959
Iter time: 70.3412070274
11      , -27976.6    , array([ 0.0924564  ,  0.306791   ,  0.424232   ,  5.34641    ,  5.55294    ,  2.29302    ,  0.0151405  ,  0.311138   ,  0.0746428  ,  0.0215975  ,  3.96       ])
Iter time: 21.4117739201
Iter time: 41.5650341511
Iter time: 71.5931069851
13      , -28097.2    , array([ 0.0904766  ,  0.303513   ,  0.420938   ,  5.42851    ,  5.64016    ,  2.31038    ,  0.0145746  ,  0.307853   ,  0.0729025  ,  0.0250782  ,  3.69667    ])
Iter time: 21.4785699844
Iter time: 41.5772328377
Iter time: 71.7391250134
14      , -27760.1    , array([ 0.0901212  ,  0.302921   ,  0.420342   ,  5.44357    ,  5.65616    ,  2.31355    ,  0.0185407  ,  0.307259   ,  0.0725905  ,  0.0249273  ,  3.91076    ])
Iter time: 21.6932051182
Iter time: 42.0650188923
Iter time: 72.4950299263
15      , -27508.3    , array([ 0.0889759  ,  0.301004   ,  0.41841    ,  5.49282    ,  5.70849    ,  2.32389    ,  0.0227832  ,  0.305338   ,  0.0715855  ,  0.0244429  ,  3.88638    ])
Iter time: 21.5475780964
Iter time: 41.7642769814
Iter time: 72.0098910332
16      , -27660.6    , array([ 0.0894947  ,  0.301874   ,  0.419287   ,  5.47038    ,  5.13699    ,  2.31919    ,  0.0161958  ,  0.30621    ,  0.0720406  ,  0.0246619  ,  3.89744    ])
Iter time: 21.6610980034
Iter time: 41.9577510357
Iter time: 72.3766460419
17      , -27610.4    , array([ 0.0889665  ,  0.300988   ,  0.418394   ,  4.97514    ,  5.51807    ,  2.32398    ,  0.0163954  ,  0.305322   ,  0.0715773  ,  0.024439   ,  3.88617    ])
Iter time: 21.4070248604
Iter time: 41.5042800903
Iter time: 71.5094399452
19      , -27970.6    , array([ 0.0905163  ,  0.303579   ,  0.421004   ,  5.38191    ,  5.58201    ,  2.31003    ,  0.0152348  ,  0.307919   ,  0.0729373  ,  0.0250951  ,  3.81677    ])
Iter time: 21.7949159145
Iter time: 42.178992033
Iter time: 72.6846058369
20      , -27705.4    , array([ 0.0883533  ,  0.299957   ,  0.417353   ,  5.33145    ,  5.50137    ,  2.32958    ,  0.016769   ,  0.304289   ,  0.0710398  ,  0.0300061  ,  3.89548    ])
Iter time: 21.4246418476
Iter time: 41.4991919994
Iter time: 71.5277328491
22      , -27895      , array([ 0.0903495  ,  0.303301   ,  0.420725   ,  5.35808    ,  5.55081    ,  2.31151    ,  0.0156486  ,  0.307641   ,  0.0727909  ,  0.0254816  ,  3.87539    ])
Iter time: 20.9428379536
Iter time: 40.525799036
Iter time: 69.7488200665
23      , -27653.2    , array([ 0.0875977  ,  0.298681   ,  0.416064   ,  5.32443    ,  5.48646    ,  2.22475    ,  0.0171668  ,  0.30301    ,  0.0703779  ,  0.0257423  ,  3.89464    ])
Iter time: 21.739372015
Iter time: 42.2734670639
Iter time: 72.5342690945
24      , -27613.2    , array([ 0.0867421  ,  0.29723    ,  0.414596   ,  5.32045    ,  5.47446    ,  2.3063     ,  0.0175633  ,  0.323094   ,  0.0696291  ,  0.0257092  ,  3.88287    ])
Iter time: 21.8617639542
Iter time: 42.3787970543
Iter time: 73.0224070549
25      , -27587      , array([ 0.0857418  ,  0.295524   ,  0.412868   ,  5.31574    ,  5.46031    ,  2.30872    ,  0.0180438  ,  0.306869   ,  0.0801487  ,  0.0256702  ,  3.86901    ])
Iter time: 21.5455400944
Iter time: 41.7332799435
Iter time: 71.8853368759
26      , -27533.8    , array([ 0.0845744  ,  0.29352    ,  0.432188   ,  5.31018    ,  5.44363    ,  2.31159    ,  0.0186286  ,  0.3061     ,  0.0713125  ,  0.0256241  ,  3.8527     ])
Iter time: 21.2922070026
Iter time: 41.1871371269
Iter time: 71.0188579559
27      , -27467.9    , array([ 0.0832153  ,  0.312226   ,  0.415451   ,  5.30363    ,  5.42399    ,  2.31498    ,  0.0193442  ,  0.305193   ,  0.0707231  ,  0.0255698  ,  3.8335     ])
Iter time: 21.1289041042
Iter time: 40.8623268604
Iter time: 70.6184818745
28      , -27240      , array([ 0.0789471  ,  0.324423   ,  0.411129   ,  5.28236    ,  5.36064    ,  2.32604    ,  0.0218653  ,  0.302263   ,  0.0688411  ,  0.0253941  ,  3.77178    ])
Iter time: 22.0079200268
Iter time: 42.4947760105
Iter time: 73.2409949303
29      , -27344.8    , array([ 0.0808593  ,  0.29732    ,  0.413088   ,  5.29202    ,  5.38935    ,  2.32101    ,  0.020681   ,  0.303591   ,  0.0696903  ,  0.0254738  ,  3.79971    ])
Iter time: 22.1179029942
Iter time: 42.8091270924
Iter time: 73.8149459362
30      , -27244.6    , array([ 0.0908345  ,  0.29563    ,  0.411093   ,  5.28219    ,  5.36012    ,  2.32613    ,  0.0218874  ,  0.302239   ,  0.0688258  ,  0.0253926  ,  3.77127    ])
Iter time: 21.8300218582
Iter time: 42.2873699665
Iter time: 73.1072769165
31      , -27140.9    , array([ 0.0826003  ,  0.297642   ,  0.412778   ,  5.25703    ,  5.3282     ,  2.31017    ,  0.022509   ,  0.304691   ,  0.0698617  ,  0.025818   ,  3.83457    ])
Iter time: 22.0799250603
Iter time: 42.6752400398
Iter time: 73.584676981
32      , -26754.8    , array([ 0.0789785  ,  0.294851   ,  0.408861   ,  5.20722    ,  5.22026    ,  2.30949    ,  0.0269958  ,  0.303227   ,  0.0684417  ,  0.0259879  ,  3.81433    ])
Iter time: 21.5546379089
Iter time: 41.6198618412
Iter time: 72.0964560509
33      , -27140.2    , array([ 0.0827613  ,  0.300022   ,  0.414561   ,  5.26069    ,  5.32506    ,  2.28864    ,  0.0229046  ,  0.307852   ,  0.0711005  ,  0.0213593  ,  3.80022    ])
Iter time: 21.7966659069
Iter time: 42.1313309669
Iter time: 72.6308920383
34      , -27091.3    , array([ 0.0805521  ,  0.297784   ,  0.411799   ,  5.09078    ,  5.74019    ,  2.29337    ,  0.0252578  ,  0.306218   ,  0.0699455  ,  0.0253173  ,  3.7809     ])
Iter time: 22.593886137
Iter time: 43.8985888958
Iter time: 75.7483410835
35      , -27009.9    , array([ 0.0810513  ,  0.300802   ,  0.414212   ,  5.18782    ,  5.41892    ,  2.40395    ,  0.0255623  ,  0.310045   ,  0.0715178  ,  0.0241815  ,  3.76329    ])
Iter time: 21.8107089996
Iter time: 42.389881134
Iter time: 73.2471790314
36      , -26934.6    , array([ 0.0808471  ,  0.302928   ,  0.415608   ,  5.16793    ,  5.42074    ,  2.3365     ,  0.0267496  ,  0.288601   ,  0.0726396  ,  0.0239444  ,  3.75328    ])
Iter time: 21.9862220287
Iter time: 42.6720459461
Iter time: 73.2735631466
37      , -26804.1    , array([ 0.0774661  ,  0.299495   ,  0.411336   ,  5.56494    ,  5.36053    ,  2.321      ,  0.0313225  ,  0.302288   ,  0.0708519  ,  0.0250954  ,  3.72644    ])
Iter time: 21.8166940212
Iter time: 42.210973978
Iter time: 72.6067810059
38      , -26685.3    , array([ 0.0789097  ,  0.305774   ,  0.41656    ,  5.25195    ,  5.3991     ,  2.33859    ,  0.031463   ,  0.299942   ,  0.0618722  ,  0.0237937  ,  3.71751    ])
Iter time: 21.684363842
Iter time: 41.9525401592
Iter time: 72.3108000755
39      , -26197.2    , array([ 0.0757007  ,  0.311032   ,  0.418418   ,  5.22034    ,  5.36875    ,  2.35367    ,  0.0415466  ,  0.296537   ,  0.0543619  ,  0.0229075  ,  3.644      ])
Iter time: 22.1805541515
Iter time: 42.8098659515
Iter time: 73.7904448509
40      , -26492.7    , array([ 0.0784028  ,  0.311122   ,  0.395603   ,  5.24115    ,  5.40201    ,  2.34336    ,  0.0352602  ,  0.298966   ,  0.0661904  ,  0.0233556  ,  3.69564    ])
Iter time: 21.9831387997
Iter time: 42.6828780174
Iter time: 73.3334670067
41      , -26377.6    , array([ 0.0728298  ,  0.305216   ,  0.404487   ,  5.02387    ,  5.09995    ,  2.3345     ,  0.031213   ,  0.298565   ,  0.0650052  ,  0.0242825  ,  3.63025    ])
Iter time: 21.7407500744
Iter time: 42.1190450191
Iter time: 72.6848449707
42      , -26327.3    , array([ 0.0786308  ,  0.310474   ,  0.408134   ,  5.16542    ,  5.34802    ,  2.33986    ,  0.037058   ,  0.299373   ,  0.0659335  ,  0.0230979  ,  3.68238    ])
Iter time: 21.5737409592
Iter time: 41.7601490021
Iter time: 71.9690630436
43      , -26260.7    , array([ 0.0681836  ,  0.315042   ,  0.409575   ,  5.15405    ,  5.37496    ,  2.3372     ,  0.0385334  ,  0.300192   ,  0.0662425  ,  0.0227761  ,  3.69409    ])
Iter time: 22.6653671265
Iter time: 43.9075009823
Iter time: 75.9656100273
44      , -26074.2    , array([ 0.0763872  ,  0.285554   ,  0.409258   ,  5.13088    ,  5.37705    ,  2.33933    ,  0.0427582  ,  0.299793   ,  0.065766   ,  0.0223286  ,  3.67965    ])
Iter time: 23.5749399662
Iter time: 45.5874800682
Iter time: 78.687762022
45      , -25427.8    , array([ 0.0751386  ,  0.267902   ,  0.408326   ,  5.05678    ,  5.38526    ,  2.346      ,  0.0597932  ,  0.298566   ,  0.0642804  ,  0.0209376  ,  3.63443    ])
Iter time: 22.5838079453
Iter time: 43.8292489052
Iter time: 75.3792910576
46      , -25874.8    , array([ 0.0715978  ,  0.302487   ,  0.404754   ,  5.11512    ,  5.42406    ,  2.38829    ,  0.0485984  ,  0.292716   ,  0.0625194  ,  0.0264505  ,  3.62261    ])
Iter time: 22.5144820213
Iter time: 43.6678600311
Iter time: 75.1319727898
47      , -25726.8    , array([ 0.0720021  ,  0.30563    ,  0.406191   ,  5.29044    ,  4.98023    ,  2.401      ,  0.0496394  ,  0.291875   ,  0.0622679  ,  0.0224937  ,  3.61291    ])
Iter time: 21.6916999817
Iter time: 42.0135800838
Iter time: 72.3336780071
48      , -25548.9    , array([ 0.0700348  ,  0.30344    ,  0.402392   ,  5.21       ,  5.19513    ,  2.29004    ,  0.0553384  ,  0.285124   ,  0.0593846  ,  0.0232424  ,  3.60301    ])
Iter time: 22.5035059452
Iter time: 43.4895310402
Iter time: 74.9360759258
49      , -25369.7    , array([ 0.0684026  ,  0.301403   ,  0.398691   ,  5.23777    ,  5.1534     ,  2.34756    ,  0.0603548  ,  0.305635   ,  0.0563645  ,  0.0233459  ,  3.58587    ])
Iter time: 22.7655460835
Iter time: 44.1012909412
Iter time: 76.1951458454
50      , -24511.6    , array([ 0.0629183  ,  0.300644   ,  0.390492   ,  5.27304    ,  5.02472    ,  2.3531     ,  0.0906586  ,  0.314526   ,  0.0496503  ,  0.0230523  ,  3.50499    ])
Iter time: 22.5322089195
Iter time: 43.5927619934
Iter time: 74.8631100655
51      , -25110.2    , array([ 0.0687387  ,  0.30507    ,  0.399041   ,  4.81668    ,  5.15035    ,  2.36915    ,  0.0625304  ,  0.29391    ,  0.0541688  ,  0.0219338  ,  3.57169    ])
Iter time: 22.457326889
Iter time: 43.4659099579
Iter time: 74.8252699375
52      , -24747.6    , array([ 0.0657414  ,  0.3118     ,  0.399685   ,  5.07512    ,  5.27579    ,  2.39202    ,  0.0845234  ,  0.291342   ,  0.0537419  ,  0.0205374  ,  3.44795    ])
Iter time: 22.4765870571
Iter time: 43.5376808643
Iter time: 74.8146820068
53      , -24799.6    , array([ 0.064137   ,  0.295611   ,  0.413852   ,  5.01283    ,  5.07641    ,  2.36627    ,  0.0758617  ,  0.29411    ,  0.0535041  ,  0.022324   ,  3.51407    ])
Iter time: 22.6241600513
Iter time: 43.7445399761
Iter time: 75.3630480766
54      , -24491.7    , array([ 0.0674675  ,  0.299585   ,  0.406451   ,  5.22755    ,  5.37257    ,  2.3811     ,  0.100716   ,  0.293701   ,  0.0525847  ,  0.021146   ,  3.55628    ])
Iter time: 22.9455051422
Iter time: 44.4164469242
Iter time: 76.4852411747
55      , -23201.6    , array([ 0.0649363  ,  0.296809   ,  0.407437   ,  5.33247    ,  5.51429    ,  2.40476    ,  0.180916   ,  0.291299   ,  0.0472949  ,  0.0197331  ,  3.51986    ])
Iter time: 23.1209309101
Iter time: 44.6714789867
Iter time: 77.0844700336
56      , -24084.5    , array([ 0.0603533  ,  0.292111   ,  0.402694   ,  5.1138     ,  5.15196    ,  2.38749    ,  0.113175   ,  0.291456   ,  0.0488053  ,  0.0216032  ,  3.47728    ])
Iter time: 23.6172509193
Iter time: 45.8258180618
Iter time: 78.7906398773
57      , -23722.8    , array([ 0.068074   ,  0.283947   ,  0.400042   ,  5.11779    ,  5.08679    ,  2.39948    ,  0.132394   ,  0.289104   ,  0.045953   ,  0.0216989  ,  3.42834    ])
Iter time: 24.0003461838
Iter time: 46.3954019547
Iter time: 79.8147249222
58      , -23315.5    , array([ 0.0601418  ,  0.282883   ,  0.388403   ,  5.03461    ,  5.04297    ,  2.39106    ,  0.151596   ,  0.291319   ,  0.0543108  ,  0.0213628  ,  3.43713    ])
Iter time: 23.1533231735
Iter time: 44.7622971535
Iter time: 77.0507621765
59      , -23199.9    , array([ 0.0616039  ,  0.287352   ,  0.398516   ,  5.12336    ,  4.92587    ,  2.3569     ,  0.159379   ,  0.294866   ,  0.0460313  ,  0.0177965  ,  3.42455    ])
Iter time: 23.4076929092
Iter time: 45.3102200031
Iter time: 77.9970500469
60      , -21545.9    , array([ 0.057143   ,  0.280071   ,  0.395434   ,  5.12748    ,  4.69421    ,  2.34136    ,  0.288626   ,  0.295947   ,  0.0394977  ,  0.0145977  ,  3.32962    ])
Iter time: 23.3064558506
Iter time: 45.1807720661
Iter time: 77.7825491428
61      , -22413.8    , array([ 0.0587369  ,  0.279917   ,  0.395172   ,  4.92549    ,  5.30747    ,  2.33372    ,  0.214896   ,  0.296461   ,  0.042546   ,  0.0193449  ,  3.38314    ])
Iter time: 24.4991648197
Iter time: 47.4683971405
Iter time: 81.9292309284
62      , -22010.2    , array([ 0.0584859  ,  0.277831   ,  0.397592   ,  4.95072    ,  5.10774    ,  2.45521    ,  0.246692   ,  0.30564    ,  0.0419874  ,  0.0181073  ,  3.35382    ])
Iter time: 22.8783209324
Iter time: 44.2302041054
Iter time: 76.1215958595
63      , -21518.3    , array([ 0.0520856  ,  0.316775   ,  0.389921   ,  5.08111    ,  4.88024    ,  2.41656    ,  0.29542    ,  0.293124   ,  0.0358993  ,  0.0195767  ,  3.2766     ])
Iter time: 23.0995881557
Iter time: 44.3485188484
Iter time: 76.0824680328
64      , -18860.8    , array([ 0.0433656  ,  0.344459   ,  0.381032   ,  5.09332    ,  4.64577    ,  2.45262    ,  0.65665    ,  0.290441   ,  0.026828   ,  0.0189298  ,  3.11112    ])
Iter time: 24.0861740112
Iter time: 46.4834599495
Iter time: 80.0022320747
65      , -20411.4    , array([ 0.0523608  ,  0.284391   ,  0.395658   ,  5.38884    ,  5.00806    ,  2.40806    ,  0.433193   ,  0.297125   ,  0.0374914  ,  0.0181937  ,  3.25151    ])
Iter time: 24.4342088699
Iter time: 47.1345639229
Iter time: 81.1064200401
66      , -19932.8    , array([ 0.0540854  ,  0.291433   ,  0.378393   ,  5.24651    ,  5.06849    ,  2.41867    ,  0.490144   ,  0.297475   ,  0.0355804  ,  0.017223   ,  3.25849    ])
Iter time: 24.890650034
Iter time: 47.972495079
Iter time: 82.3404109478
67      , -19135.5    , array([ 0.050926   ,  0.272929   ,  0.387924   ,  5.21351    ,  4.84154    ,  2.39746    ,  0.605563   ,  0.301441   ,  0.032864   ,  0.0181317  ,  3.28703    ])
Iter time: 27.3677518368
Iter time: 52.6238288879
Iter time: 90.0532579422
68      , -18208.9    , array([ 0.0512039  ,  0.278123   ,  0.396581   ,  5.00747    ,  5.04925    ,  2.4454     ,  0.797411   ,  0.277073   ,  0.0330012  ,  0.0154636  ,  3.19601    ])
Iter time: 79.7073609829
Iter time: 153.452626228
Iter time: 263.712043047
69      , -15211.1    , array([ 0.046192   ,  0.267503   ,  0.399662   ,  4.87974    ,  5.06155    ,  2.49289    ,  2.36493    ,  0.260053   ,  0.026905   ,  0.012665   ,  3.05188    ])
Iter time: 36.9164891243
Iter time: 70.8944678307
Iter time: 121.806615114
70      , -17083      , array([ 0.0508469  ,  0.281703   ,  0.384036   ,  5.11961    ,  4.90872    ,  2.42918    ,  1.11008    ,  0.292871   ,  0.0301273  ,  0.014974   ,  3.14595    ])
Iter time: 46.1159830093
Iter time: 89.1537771225
Iter time: 152.483011007
71      , -16374.6    , array([ 0.0427508  ,  0.289385   ,  0.383723   ,  5.11595    ,  4.9395     ,  2.42246    ,  1.39682    ,  0.295949   ,  0.029633   ,  0.0139357  ,  3.14137    ])
Iter time: 60.7349190712
Iter time: 116.25933218
Iter time: 199.500818968
72      , -15700.1    , array([ 0.0454777  ,  0.291676   ,  0.394352   ,  5.21565    ,  4.96368    ,  2.43677    ,  1.82675    ,  0.294542   ,  0.0224577  ,  0.0130971  ,  3.08249    ])
Iter time: 76.4440050125
Iter time: 147.061486959
Iter time: 252.806184053
73      , -15058.5    , array([ 0.0394786  ,  0.277111   ,  0.373705   ,  4.90452    ,  4.45342    ,  2.42872    ,  2.3306     ,  0.295155   ,  0.0225231  ,  0.0131605  ,  2.9383     ])
WARNING:Numerics:Extrapolation may have failed. Check resulting frequency spectrum for unexpected results.
WARNING:Inference:Model is masked in some entries where data is not.
WARNING:Inference:Number of affected entries is 375. Sum of data in those entries is 0.640833:
Iter time: 272.731208086
Iter time: 527.916445017
Iter time: 905.303632975
0.640833269059 9454.98941724
74      , -13600.1    , array([ 0.0307821  ,  0.267757   ,  0.357901   ,  4.7036     ,  4.00217    ,  2.44079    ,  8.36495    ,  0.297103   ,  0.015543   ,  0.0107475  ,  2.68461    ])
Iter time: 146588.271658
Iter time: 364.176609993
Iter time: 427.974187136
75      , -14269.2    , array([ 0.0388077  ,  0.29147    ,  0.378425   ,  5.26546    ,  4.39548    ,  2.52315    ,  3.81814    ,  0.29013    ,  0.0208483  ,  0.0120639  ,  2.93116    ])
WARNING:Inference:Model is masked in some entries where data is not.
WARNING:Inference:Number of affected entries is 156. Sum of data in those entries is 0.604684:
Iter time: 177.009845972
Iter time: 340.961423874
Iter time: 586.205126047
0.604684301099 9454.98941724
76      , -14439.5    , array([ 0.0361734  ,  0.296229   ,  0.372758   ,  5.29765    ,  4.44432    ,  2.41022    ,  5.47311    ,  0.278765   ,  0.0186007  ,  0.0119712  ,  2.88525    ])
WARNING:Numerics:Extrapolation may have failed. Check resulting frequency spectrum for unexpected results.
WARNING:Inference:Model is masked in some entries where data is not.
WARNING:Inference:Number of affected entries is 363. Sum of data in those entries is 0.614408:
Iter time: 274.367882013
Iter time: 527.371196032
Iter time: 902.850525856
0.614408406365 9454.98941724
77      , -14075.4    , array([ 0.0340701  ,  0.296871   ,  0.37079    ,  5.14548    ,  4.78799    ,  2.54078    ,  7.98728    ,  0.284782   ,  0.017243   ,  0.0143233  ,  2.83151    ])
WARNING:Numerics:Extrapolation may have failed. Check resulting frequency spectrum for unexpected results.
WARNING:Inference:Model is masked in some entries where data is not.
WARNING:Inference:Number of affected entries is 410. Sum of data in those entries is 0.634458:
Iter time: 301.320534945
Iter time: 582.39610219
Iter time: 1004.26141095
0.6344576926 9454.98941724
78      , -15169.4    , array([ 0.0343872  ,  0.294654   ,  0.366231   ,  4.85496    ,  4.45141    ,  2.49462    ,  9.04032    ,  0.281472   ,  0.0157734  ,  0.0110032  ,  2.82752    ])
Iter time: 37.5187528133
Iter time: 72.4256529808
Iter time: 124.800970793
80      , -17059.1    , array([ 0.04693    ,  0.290598   ,  0.378962   ,  5.16208    ,  4.86316    ,  2.43818    ,  1.12439    ,  0.292569   ,  0.0283472  ,  0.0152957  ,  3.12306    ])
Iter time: 43.334646225
Iter time: 81.9655621052
Iter time: 140.774128914
82      , -16636.9    , array([ 0.0453698  ,  0.282024   ,  0.383298   ,  5.1435     ,  4.75399    ,  2.42933    ,  1.28544    ,  0.294113   ,  0.0270612  ,  0.0155732  ,  3.12942    ])
Iter time: 46.1409640312
Iter time: 88.7887301445
Iter time: 152.739593983
84      , -16452      , array([ 0.0419529  ,  0.313966   ,  0.37998    ,  5.08613    ,  4.66177    ,  2.45605    ,  1.38006    ,  0.288861   ,  0.0244598  ,  0.0157716  ,  3.04534    ])
WARNING:Numerics:Extrapolation may have failed. Check resulting frequency spectrum for unexpected results.
WARNING:Inference:Model is masked in some entries where data is not.
WARNING:Inference:Number of affected entries is 358. Sum of data in those entries is 0.816075:
Iter time: 263.123002052
Iter time: 508.070349932
Iter time: 873.014214993
0.816075480222 9454.98941724
85      , -13600.7    , array([ 0.0312832  ,  0.296503   ,  0.37317    ,  5.03261    ,  4.41613    ,  2.49516    ,  7.88429    ,  0.28111    ,  0.0158933  ,  0.0116406  ,  2.80798    ])
Iter time: 66.081223011
Iter time: 127.274832964
Iter time: 218.992750883
87      , -15480.7    , array([ 0.042473   ,  0.290067   ,  0.378498   ,  5.11291    ,  4.7376     ,  2.45261    ,  1.99267    ,  0.28921    ,  0.0242592  ,  0.0140353  ,  3.03199    ])
Iter time: 72.09501791
Iter time: 138.710730076
Iter time: 237.990761042
89      , -15274.6    , array([ 0.041636   ,  0.286121   ,  0.380439   ,  5.10232    ,  4.68339    ,  2.44921    ,  2.17348    ,  0.289751   ,  0.023585   ,  0.0140953  ,  3.03071    ])
Iter time: 76.3121190071
Iter time: 147.188626051
Iter time: 253.003364086
91      , -15165.2    , array([ 0.0400236  ,  0.300618   ,  0.37881    ,  5.07452    ,  4.63871    ,  2.46234    ,  2.29904    ,  0.287192   ,  0.0223857  ,  0.0141126  ,  2.98907    ])
Iter time: 78.8011620045
Iter time: 151.834722042
Iter time: 258.827217817
93      , -15080      , array([ 0.0402816  ,  0.28911    ,  0.380448   ,  5.08749    ,  4.76128    ,  2.44726    ,  2.36594    ,  0.290298   ,  0.0243274  ,  0.0132734  ,  3.02898    ])
WARNING:Numerics:Extrapolation may have failed. Check resulting frequency spectrum for unexpected results.
WARNING:Inference:Model is masked in some entries where data is not.
WARNING:Inference:Number of affected entries is 432. Sum of data in those entries is 0.876283:
Iter time: 308.511868
Iter time: 596.429940939
Iter time: 1026.71812487
0.876282634543 9454.98941724
94      , -15125.2    , array([ 0.0309854  ,  0.285565   ,  0.35845    ,  4.88527    ,  4.2115     ,  2.51032    ,  9.21461    ,  0.274568   ,  0.018021   ,  0.0122333  ,  2.75842    ])
Iter time: 101.61900115
Iter time: 195.942662001
Iter time: 336.897141933
96      , -14595.7    , array([ 0.0393614  ,  0.289129   ,  0.376301   ,  5.06972    ,  4.6293     ,  2.46552    ,  3.06539    ,  0.286108   ,  0.021795   ,  0.0132458  ,  2.96065    ])
Iter time: 107.771878004
Iter time: 207.675462008
Iter time: 358.214275122
98      , -14491.9    , array([ 0.0388722  ,  0.287292   ,  0.377077   ,  5.06299    ,  4.60031    ,  2.46456    ,  3.25187    ,  0.286211   ,  0.021413   ,  0.0132366  ,  2.95689    ])
Iter time: 116.190824032
Iter time: 221.709100962
Iter time: 381.141350985
100     , -14463.5    , array([ 0.040624   ,  0.27869    ,  0.385466   ,  4.95964    ,  4.76171    ,  2.48515    ,  3.44153    ,  0.272331   ,  0.0226344  ,  0.0125723  ,  2.96293    ])
Iter time: 77.110763073
Iter time: 149.007317066
Iter time: 256.63015604
101     , -15152.2    , array([ 0.0382613  ,  0.283218   ,  0.38093    ,  5.25417    ,  4.5636     ,  2.45864    ,  2.3277     ,  0.287224   ,  0.0245474  ,  0.0145029  ,  2.95148    ])
WARNING:Numerics:Extrapolation may have failed. Check resulting frequency spectrum for unexpected results.
WARNING:Inference:Model is masked in some entries where data is not.
WARNING:Inference:Number of affected entries is 440. Sum of data in those entries is 0.915433:
Iter time: 305.310603142
Iter time: 589.342150927
Iter time: 1013.32757902
0.915432587395 9454.98941724
102     , -15073.6    , array([ 0.032605   ,  0.274606   ,  0.368655   ,  5.05875    ,  4.36635    ,  2.4902     ,  9.17367    ,  0.281508   ,  0.0175889  ,  0.0113638  ,  2.78555    ])
Iter time: 115.406049967
Iter time: 222.79834199
Iter time: 383.928653002
104     , -14390.7    , array([ 0.0369081  ,  0.28486    ,  0.376735   ,  5.15066    ,  4.52283    ,  2.46885    ,  3.47984    ,  0.285515   ,  0.0217383  ,  0.0134028  ,  2.91065    ])
Iter time: 81.2677488327
Iter time: 156.443888187
Iter time: 268.720166922
105     , -15011.7    , array([ 0.0422302  ,  0.287334   ,  0.3908     ,  5.26906    ,  4.83305    ,  2.44087    ,  2.46043    ,  0.295471   ,  0.0212773  ,  0.0127506  ,  3.01619    ])
WARNING:Numerics:Extrapolation may have failed. Check resulting frequency spectrum for unexpected results.
WARNING:Inference:Model is masked in some entries where data is not.
WARNING:Inference:Number of affected entries is 503. Sum of data in those entries is 1.41205:
Iter time: 322.335114956
Iter time: 624.473505974
Iter time: 1071.01181698
1.41204550622 9454.98941724
106     , -14280.7    , array([ 0.0327646  ,  0.283492   ,  0.370005   ,  5.09199    ,  4.28663    ,  2.50258    ,  9.65113    ,  0.280359   ,  0.0153823  ,  0.011666   ,  2.74467    ])
Iter time: 83.2938821316
Iter time: 160.563922167
Iter time: 276.073484898
107     , -14982.6    , array([ 0.0405147  ,  0.300199   ,  0.382096   ,  5.12702    ,  4.65872    ,  2.46164    ,  2.51214    ,  0.288898   ,  0.0207632  ,  0.0136916  ,  2.97651    ])
WARNING:Numerics:Extrapolation may have failed. Check resulting frequency spectrum for unexpected results.
WARNING:Inference:Model is masked in some entries where data is not.
WARNING:Inference:Number of affected entries is 453. Sum of data in those entries is 1.0543:
Iter time: 315.247234821
Iter time: 610.876989841
Iter time: 1047.30645108
1.05429576601 9454.98941724
108     , -13581.2    , array([ 0.0310455  ,  0.289195   ,  0.35897    ,  4.89798    ,  4.18083    ,  2.51526    ,  9.40195    ,  0.274123   ,  0.0170878  ,  0.0123614  ,  2.74229    ])
Iter time: 122.579425097
Iter time: 236.532627821
Iter time: 406.124104023
111     , -14300.7    , array([ 0.0378405  ,  0.293672   ,  0.37723    ,  5.09293    ,  4.55373    ,  2.47212    ,  3.69091    ,  0.286056   ,  0.019722   ,  0.01305    ,  2.91493    ])
WARNING:Numerics:Extrapolation may have failed. Check resulting frequency spectrum for unexpected results.
WARNING:Inference:Model is masked in some entries where data is not.
WARNING:Inference:Number of affected entries is 537. Sum of data in those entries is 1.73392:
Iter time: 331.545558214
Iter time: 641.538253069
Iter time: 1103.13209796
1.73392207987 9454.98941724
112     , -13903.2    , array([ 0.0315079  ,  0.286265   ,  0.368759   ,  5.05263    ,  4.267      ,  2.5011     ,  9.9225     ,  0.280395   ,  0.0158114  ,  0.0116486  ,  2.74463    ])
WARNING:Inference:Model is masked in some entries where data is not.
WARNING:Inference:Number of affected entries is 58. Sum of data in those entries is 0.0550596:
Iter time: 147.829684019
Iter time: 285.19346118
Iter time: 490.521326065
0.0550595968149 9454.98941724
114     , -14037.1    , array([ 0.0366476  ,  0.287446   ,  0.374407   ,  5.06161    ,  4.50628    ,  2.47554    ,  4.45518    ,  0.284454   ,  0.0196645  ,  0.0127484  ,  2.89344    ])
WARNING:Inference:Model is masked in some entries where data is not.
WARNING:Inference:Number of affected entries is 74. Sum of data in those entries is 0.05506:
Iter time: 154.659556866
Iter time: 298.138679981
Iter time: 512.221601009
0.0550599637024 9454.98941724
116     , -14020.3    , array([ 0.0372893  ,  0.283508   ,  0.378048   ,  5.01432    ,  4.57317    ,  2.48542    ,  4.63736    ,  0.278021   ,  0.0200887  ,  0.0124322  ,  2.89328    ])
WARNING:Numerics:Extrapolation may have failed. Check resulting frequency spectrum for unexpected results.
WARNING:Inference:Model is masked in some entries where data is not.
WARNING:Inference:Number of affected entries is 297. Sum of data in those entries is 0.918402:
Iter time: 238.457795143
Iter time: 459.917589903
Iter time: 792.744735956
0.918401810991 9454.98941724
117     , -13652.9    , array([ 0.0325672  ,  0.278565   ,  0.369747   ,  4.80312    ,  4.36311    ,  2.5779     ,  6.92247    ,  0.288848   ,  0.0173309  ,  0.0127117  ,  2.7679     ])
WARNING:Inference:Model is masked in some entries where data is not.
WARNING:Inference:Number of affected entries is 93. Sum of data in those entries is 0.171968:
Iter time: 159.020853996
Iter time: 307.378357887
Iter time: 527.149575949
0.171968417274 9454.98941724
119     , -13954.1    , array([ 0.0353902  ,  0.285768   ,  0.373664   ,  5.08106    ,  4.45549    ,  2.4856     ,  4.77508    ,  0.284787   ,  0.0195536  ,  0.0128274  ,  2.86145    ])
WARNING:Inference:Model is masked in some entries where data is not.
WARNING:Inference:Number of affected entries is 114. Sum of data in those entries is 0.189929:
Iter time: 165.580654144
Iter time: 319.763317108
Iter time: 550.170745134
0.189929201644 9454.98941724
121     , -13908.1    , array([ 0.0357256  ,  0.289794   ,  0.373748   ,  5.05197    ,  4.46626    ,  2.48786    ,  4.97567    ,  0.284999   ,  0.0186175  ,  0.0126475  ,  2.86114    ])
WARNING:Inference:Model is masked in some entries where data is not.
WARNING:Inference:Number of affected entries is 40. Sum of data in those entries is 0.0175502:
Iter time: 138.662796974
Iter time: 267.43928194
Iter time: 459.9046731
0.0175502251112 9454.98941724
122     , -14116.6    , array([ 0.035272   ,  0.289622   ,  0.37127    ,  4.92489    ,  4.50989    ,  2.50214    ,  4.13284    ,  0.288439   ,  0.0207889  ,  0.0130695  ,  2.8953     ])
WARNING:Inference:Model is masked in some entries where data is not.
WARNING:Inference:Number of affected entries is 113. Sum of data in those entries is 0.189929:
Iter time: 165.695617914
Iter time: 321.765701056
Iter time: 549.862792015
0.189929201644 9454.98941724
124     , -13925.4    , array([ 0.0361644  ,  0.288911   ,  0.374186   ,  5.1194     ,  4.4013     ,  2.51178    ,  4.92829    ,  0.287159   ,  0.019306   ,  0.0122496  ,  2.87292    ])
WARNING:Inference:Model is masked in some entries where data is not.
WARNING:Inference:Number of affected entries is 124. Sum of data in those entries is 0.189934:
Iter time: 173.256865978
Iter time: 334.447482824
Iter time: 575.456805944
0.189934030322 9454.98941724
126     , -13856.5    , array([ 0.0345169  ,  0.287961   ,  0.370763   ,  4.95979    ,  4.45328    ,  2.50174    ,  5.16856    ,  0.286263   ,  0.0192137  ,  0.0127124  ,  2.85428    ])
WARNING:Inference:Model is masked in some entries where data is not.
WARNING:Inference:Number of affected entries is 89. Sum of data in those entries is 0.169486:
Iter time: 158.76122117
Iter time: 305.8874681
Iter time: 526.229826927
0.169485642823 9454.98941724
127     , -13908.7    , array([ 0.0335676  ,  0.274601   ,  0.369721   ,  4.81653    ,  3.98576    ,  2.45557    ,  4.83295    ,  0.283696   ,  0.0186516  ,  0.0104454  ,  2.80036    ])
WARNING:Numerics:Extrapolation may have failed. Check resulting frequency spectrum for unexpected results.
WARNING:Inference:Model is masked in some entries where data is not.
WARNING:Inference:Number of affected entries is 406. Sum of data in those entries is 0.836031:
Iter time: 294.886765957
Iter time: 570.986529112
Iter time: 982.280877113
0.836031490483 9454.98941724
128     , -16035.5    , array([ 0.0307125  ,  0.281257   ,  0.365311   ,  4.85235    ,  4.14147    ,  2.51658    ,  8.79371    ,  0.283885   ,  0.0161983  ,  0.0113183  ,  2.72417    ])
WARNING:Numerics:Extrapolation may have failed. Check resulting frequency spectrum for unexpected results.
WARNING:Inference:Model is masked in some entries where data is not.
WARNING:Inference:Number of affected entries is 136. Sum of data in those entries is 0.187594:
Iter time: 175.607099056
Iter time: 339.348220825
Iter time: 585.197888136
0.1875943873 9454.98941724
129     , -13840.9    , array([ 0.0350641  ,  0.285886   ,  0.372112   ,  5.00846    ,  4.41217    ,  2.48574    ,  5.28071    ,  0.284312   ,  0.018734   ,  0.0123747  ,  2.85016    ])
WARNING:Numerics:Extrapolation may have failed. Check resulting frequency spectrum for unexpected results.
WARNING:Inference:Model is masked in some entries where data is not.
WARNING:Inference:Number of affected entries is 407. Sum of data in those entries is 0.86784:
Iter time: 288.841767788
Iter time: 557.698405027
Iter time: 961.921010971
0.867840323658 9454.98941724
130     , -14608.2    , array([ 0.0298483  ,  0.285597   ,  0.360753   ,  4.89708    ,  4.05438    ,  2.50663    ,  8.65018    ,  0.291638   ,  0.0156562  ,  0.0115964  ,  2.7169     ])
WARNING:Numerics:Extrapolation may have failed. Check resulting frequency spectrum for unexpected results.
WARNING:Inference:Model is masked in some entries where data is not.
WARNING:Inference:Number of affected entries is 147. Sum of data in those entries is 0.3669:
Iter time: 181.277872086
Iter time: 349.829479933
Iter time: 599.626983166
0.366900112989 9454.98941724
131     , -13828.5    , array([ 0.035271   ,  0.284029   ,  0.373648   ,  4.98475    ,  4.43756    ,  2.49071    ,  5.4195     ,  0.281365   ,  0.018875   ,  0.0122178  ,  2.84814    ])
WARNING:Numerics:Extrapolation may have failed. Check resulting frequency spectrum for unexpected results.
WARNING:Inference:Model is masked in some entries where data is not.
WARNING:Inference:Number of affected entries is 399. Sum of data in those entries is 0.859296:
Iter time: 288.194133997
Iter time: 555.099710941
Iter time: 954.270708799
0.859295515894 9454.98941724
132     , -17725.9    , array([ 0.0314306  ,  0.283024   ,  0.364983   ,  4.81596    ,  4.15842    ,  2.50738    ,  8.5963     ,  0.284084   ,  0.0159818  ,  0.0111401  ,  2.7448     ])
WARNING:Inference:Model is masked in some entries where data is not.
WARNING:Inference:Number of affected entries is 154. Sum of data in those entries is 0.592311:
Iter time: 185.335355043
Iter time: 357.704368114
Iter time: 611.672535181
0.592311329938 9454.98941724
133     , -13799.1    , array([ 0.0343559  ,  0.285079   ,  0.371475   ,  5.01345    ,  4.37929    ,  2.49103    ,  5.53112    ,  0.284611   ,  0.018592   ,  0.012383   ,  2.83183    ])
WARNING:Numerics:Extrapolation may have failed. Check resulting frequency spectrum for unexpected results.
WARNING:Inference:Model is masked in some entries where data is not.
WARNING:Inference:Number of affected entries is 387. Sum of data in those entries is 0.837687:
Iter time: 281.124540091
Iter time: 543.44184804
Iter time: 934.037935019
0.837686594493 9454.98941724
134     , -14851.8    , array([ 0.0304722  ,  0.279266   ,  0.363993   ,  4.76176    ,  4.20579    ,  2.47751    ,  8.50566    ,  0.281281   ,  0.0160762  ,  0.0116885  ,  2.72669    ])
WARNING:Inference:Model is masked in some entries where data is not.
WARNING:Inference:Number of affected entries is 166. Sum of data in those entries is 0.587644:
Iter time: 189.212320089
Iter time: 364.843701839
Iter time: 628.399779797
0.587643759942 9454.98941724
135     , -14122.1    , array([ 0.0346487  ,  0.286469   ,  0.371611   ,  5.02754    ,  4.35159    ,  2.50317    ,  5.64871    ,  0.285678   ,  0.0184423  ,  0.0121068  ,  2.83564    ])
WARNING:Numerics:Extrapolation may have failed. Check resulting frequency spectrum for unexpected results.
WARNING:Inference:Model is masked in some entries where data is not.
WARNING:Inference:Number of affected entries is 405. Sum of data in those entries is 0.779768:
Iter time: 295.283601999
Iter time: 567.060591936
Iter time: 974.71641016
0.77976804695 9454.98941724
136     , -14087      , array([ 0.0309136  ,  0.27827    ,  0.358435   ,  4.79981    ,  4.09052    ,  2.47775    ,  8.86831    ,  0.285382   ,  0.0162971  ,  0.0115263  ,  2.7133     ])
WARNING:Numerics:Extrapolation may have failed. Check resulting frequency spectrum for unexpected results.
WARNING:Inference:Model is masked in some entries where data is not.
WARNING:Inference:Number of affected entries is 408. Sum of data in those entries is 0.872141:
Iter time: 288.221481085
Iter time: 556.35603714
Iter time: 958.789241076
0.872140526925 9454.98941724
137     , -14609.8    , array([ 0.0311641  ,  0.292826   ,  0.366001   ,  4.96484    ,  4.29687    ,  2.50519    ,  8.60974    ,  0.277595   ,  0.0164797  ,  0.0119956  ,  2.77494    ])
WARNING:Numerics:Extrapolation may have failed. Check resulting frequency spectrum for unexpected results.
WARNING:Inference:Model is masked in some entries where data is not.
WARNING:Inference:Number of affected entries is 362. Sum of data in those entries is 0.667431:
Iter time: 275.442152023
Iter time: 529.889587164
Iter time: 912.393945932
0.667431081174 9454.98941724
138     , -13592.8    , array([ 0.0317972  ,  0.283831   ,  0.364318   ,  4.85032    ,  4.271      ,  2.54639    ,  8.06751    ,  0.281389   ,  0.0172089  ,  0.0125354  ,  2.75507    ])
WARNING:Numerics:Extrapolation may have failed. Check resulting frequency spectrum for unexpected results.
WARNING:Inference:Model is masked in some entries where data is not.
WARNING:Inference:Number of affected entries is 320. Sum of data in those entries is 0.693483:
Iter time: 241.683849096
Iter time: 466.321022034
Iter time: 800.171288967
0.693483291087 9454.98941724
139     , -13659      , array([ 0.0326588  ,  0.28713    ,  0.365169   ,  4.95538    ,  4.27891    ,  2.50312    ,  7.21134    ,  0.279318   ,  0.017824   ,  0.0123722  ,  2.7867     ])
WARNING:Numerics:Extrapolation may have failed. Check resulting frequency spectrum for unexpected results.
WARNING:Inference:Model is masked in some entries where data is not.
WARNING:Inference:Number of affected entries is 316. Sum of data in those entries is 0.687924:
Iter time: 238.784364939
Iter time: 462.981053114
Iter time: 792.437716961
0.687923635813 9454.98941724
140     , -13619.5    , array([ 0.0330909  ,  0.286601   ,  0.366236   ,  4.94117    ,  4.30728    ,  2.50295    ,  7.1382     ,  0.27772    ,  0.0179592  ,  0.0122894  ,  2.79471    ])
WARNING:Numerics:Extrapolation may have failed. Check resulting frequency spectrum for unexpected results.
WARNING:Inference:Model is masked in some entries where data is not.
WARNING:Inference:Number of affected entries is 307. Sum of data in those entries is 0.656655:
Iter time: 235.555538177
Iter time: 454.378436089
Iter time: 781.305112839
0.656654960209 9454.98941724
141     , -14314.3    , array([ 0.0329937  ,  0.287536   ,  0.365482   ,  4.95291    ,  4.29494    ,  2.50045    ,  7.0462     ,  0.279171   ,  0.017892   ,  0.0123681  ,  2.79571    ])
WARNING:Numerics:Extrapolation may have failed. Check resulting frequency spectrum for unexpected results.
WARNING:Inference:Model is masked in some entries where data is not.
WARNING:Inference:Number of affected entries is 305. Sum of data in those entries is 0.695827:
Iter time: 233.685034037
Iter time: 450.967020035
Iter time: 777.220077038
0.695827147191 9454.98941724
142     , -13800.7    , array([ 0.0327352  ,  0.288578   ,  0.364819   ,  4.92879    ,  4.31491    ,  2.50849    ,  6.97098    ,  0.280127   ,  0.0181196  ,  0.0125357  ,  2.79773    ])
WARNING:Numerics:Extrapolation may have failed. Check resulting frequency spectrum for unexpected results.
WARNING:Inference:Model is masked in some entries where data is not.
WARNING:Inference:Number of affected entries is 494. Sum of data in those entries is 1.20325:
Iter time: 322.949728012
Iter time: 625.566796064
Iter time: 1073.45372915
1.20324935708 9454.98941724
143     , -13899.4    , array([ 0.0312759  ,  0.287727   ,  0.363831   ,  4.97471    ,  4.22369    ,  2.50817    ,  9.65872    ,  0.277241   ,  0.0164372  ,  0.0119997  ,  2.74346    ])
WARNING:Numerics:Extrapolation may have failed. Check resulting frequency spectrum for unexpected results.
WARNING:Inference:Model is masked in some entries where data is not.
WARNING:Inference:Number of affected entries is 290. Sum of data in those entries is 0.9178:
Iter time: 228.590875864
Iter time: 441.386841059
Iter time: 762.841126204
0.917800040815 9454.98941724
144     , -13656.4    , array([ 0.0333034  ,  0.289495   ,  0.366284   ,  4.97438    ,  4.32119    ,  2.50152    ,  6.83966    ,  0.279508   ,  0.0178362  ,  0.0125037  ,  2.80109    ])
WARNING:Numerics:Extrapolation may have failed. Check resulting frequency spectrum for unexpected results.
WARNING:Inference:Model is masked in some entries where data is not.
WARNING:Inference:Number of affected entries is 278. Sum of data in those entries is 1.075:
Iter time: 224.188163996
Iter time: 433.24445796
Iter time: 745.141693115
1.07499615701 9454.98941724
145     , -13623.8    , array([ 0.0322819  ,  0.281804   ,  0.364306   ,  4.85708    ,  4.08213    ,  2.48524    ,  6.74086    ,  0.278868   ,  0.0178526  ,  0.0113631  ,  2.77117    ])
WARNING:Numerics:Extrapolation may have failed. Check resulting frequency spectrum for unexpected results.
WARNING:Inference:Model is masked in some entries where data is not.
WARNING:Inference:Number of affected entries is 291. Sum of data in those entries is 0.918717:
Iter time: 228.390525103
Iter time: 441.375451088
Iter time: 759.988440037
0.918717261882 9454.98941724
146     , -13655.3    , array([ 0.0335074  ,  0.289053   ,  0.366499   ,  5.00747    ,  4.28965    ,  2.51352    ,  6.80702    ,  0.280565   ,  0.0181631  ,  0.0123054  ,  2.80684    ])
WARNING:Numerics:Extrapolation may have failed. Check resulting frequency spectrum for unexpected results.
WARNING:Inference:Model is masked in some entries where data is not.
WARNING:Inference:Number of affected entries is 282. Sum of data in those entries is 1.0943:
Iter time: 226.573023081
Iter time: 438.092924833
Iter time: 753.526443005
1.09429870237 9454.98941724
147     , -13617.7    , array([ 0.033509   ,  0.279865   ,  0.362054   ,  4.87843    ,  4.18496    ,  2.50613    ,  6.77452    ,  0.281194   ,  0.0185932  ,  0.012388   ,  2.77167    ])
WARNING:Numerics:Extrapolation may have failed. Check resulting frequency spectrum for unexpected results.
WARNING:Inference:Model is masked in some entries where data is not.
WARNING:Inference:Number of affected entries is 372. Sum of data in those entries is 0.636898:
Iter time: 275.552106857
Iter time: 531.883147001
Iter time: 916.635293007
0.636898237839 9454.98941724
148     , -14284.6    , array([ 0.0317401  ,  0.283616   ,  0.361947   ,  4.87672    ,  4.16714    ,  2.51191    ,  8.21881    ,  0.279974   ,  0.0172457  ,  0.0120184  ,  2.74677    ])
WARNING:Numerics:Extrapolation may have failed. Check resulting frequency spectrum for unexpected results.
WARNING:Inference:Model is masked in some entries where data is not.
WARNING:Inference:Number of affected entries is 348. Sum of data in those entries is 0.721945:
Iter time: 264.967445135
Iter time: 511.713648081
Iter time: 882.645091057
0.721945478622 9454.98941724
149     , -14928      , array([ 0.032049   ,  0.284591   ,  0.362828   ,  4.89566    ,  4.19873    ,  2.50904    ,  7.90852    ,  0.279773   ,  0.017405   ,  0.0121049  ,  2.75892    ])
WARNING:Numerics:Extrapolation may have failed. Check resulting frequency spectrum for unexpected results.
WARNING:Inference:Model is masked in some entries where data is not.
WARNING:Inference:Number of affected entries is 409. Sum of data in those entries is 0.871765:
Iter time: 293.867099047
Iter time: 567.502346039
Iter time: 976.695846081
0.871764609533 9454.98941724
150     , -14978.7    , array([ 0.0314191  ,  0.2865     ,  0.361634   ,  4.87409    ,  4.22568    ,  2.53078    ,  8.70921    ,  0.277732   ,  0.0171482  ,  0.0124481  ,  2.74867    ])
WARNING:Numerics:Extrapolation may have failed. Check resulting frequency spectrum for unexpected results.
WARNING:Inference:Model is masked in some entries where data is not.
WARNING:Inference:Number of affected entries is 355. Sum of data in those entries is 0.627654:
Iter time: 267.614314079
Iter time: 517.592401981
Iter time: 891.700358868
0.627653873098 9454.98941724
151     , -13737.5    , array([ 0.0322537  ,  0.284492   ,  0.360508   ,  4.8882     ,  4.1829     ,  2.51069    ,  7.98083    ,  0.277636   ,  0.0178246  ,  0.0123747  ,  2.75694    ])
WARNING:Numerics:Extrapolation may have failed. Check resulting frequency spectrum for unexpected results.
WARNING:Inference:Model is masked in some entries where data is not.
WARNING:Inference:Number of affected entries is 372. Sum of data in those entries is 0.636898:
Iter time: 274.203516006
Iter time: 529.423677921
Iter time: 911.34562397
0.636898237839 9454.98941724
152     , -14126.2    , array([ 0.0320519  ,  0.287895   ,  0.362585   ,  4.91953    ,  4.24359    ,  2.5091     ,  8.19225    ,  0.275915   ,  0.0175181  ,  0.0123253  ,  2.76838    ])
WARNING:Numerics:Extrapolation may have failed. Check resulting frequency spectrum for unexpected results.
WARNING:Inference:Model is masked in some entries where data is not.
WARNING:Inference:Number of affected entries is 357. Sum of data in those entries is 0.722538:
Iter time: 265.47339797
Iter time: 512.342865944
Iter time: 882.24780488
0.722538222233 9454.98941724
153     , -13690.6    , array([ 0.0316577  ,  0.285476   ,  0.361628   ,  4.87749    ,  4.13119    ,  2.5002     ,  7.96098    ,  0.276485   ,  0.017466   ,  0.0118518  ,  2.75669    ])
WARNING:Numerics:Extrapolation may have failed. Check resulting frequency spectrum for unexpected results.
WARNING:Inference:Model is masked in some entries where data is not.
WARNING:Inference:Number of affected entries is 362. Sum of data in those entries is 0.667113:
Iter time: 268.425323009
Iter time: 518.414843082
Iter time: 891.239212036
0.6671131601 9454.98941724
154     , -13621.5    , array([ 0.032253   ,  0.289124   ,  0.362715   ,  4.95242    ,  4.23489    ,  2.51439    ,  7.99996    ,  0.277325   ,  0.0176172  ,  0.0123334  ,  2.77438    ])
WARNING:Numerics:Extrapolation may have failed. Check resulting frequency spectrum for unexpected results.
WARNING:Inference:Model is masked in some entries where data is not.
WARNING:Inference:Number of affected entries is 362. Sum of data in those entries is 0.667431:
Iter time: 268.631019115
Iter time: 520.004868984
Iter time: 893.009232044
0.667431081174 9454.98941724
155     , -13613.6    , array([ 0.0321547  ,  0.289345   ,  0.362609   ,  4.93603    ,  4.25043    ,  2.50838    ,  8.01911    ,  0.276802   ,  0.017458   ,  0.0124323  ,  2.77153    ])
WARNING:Numerics:Extrapolation may have failed. Check resulting frequency spectrum for unexpected results.
WARNING:Inference:Model is masked in some entries where data is not.
WARNING:Inference:Number of affected entries is 376. Sum of data in those entries is 0.766318:
Iter time: 277.173087835
Iter time: 532.76649189
Iter time: 916.670894146
0.766318290474 9454.98941724
156     , -14124.8    , array([ 0.0318419  ,  0.288161   ,  0.362056   ,  4.9266     ,  4.22959    ,  2.50918    ,  8.23411    ,  0.276708   ,  0.017452   ,  0.0123668  ,  2.76441    ])
WARNING:Numerics:Extrapolation may have failed. Check resulting frequency spectrum for unexpected results.
WARNING:Inference:Model is masked in some entries where data is not.
WARNING:Inference:Number of affected entries is 363. Sum of data in those entries is 0.61415:
Iter time: 271.564846039
Iter time: 525.618554115
Iter time: 901.91108799
0.614149627976 9454.98941724
157     , -13667.8    , array([ 0.0318792  ,  0.288886   ,  0.361883   ,  4.91336    ,  4.24734    ,  2.51187    ,  8.09573    ,  0.277109   ,  0.0175961  ,  0.0124482  ,  2.76987    ])
WARNING:Numerics:Extrapolation may have failed. Check resulting frequency spectrum for unexpected results.
WARNING:Inference:Model is masked in some entries where data is not.
WARNING:Inference:Number of affected entries is 477. Sum of data in those entries is 1.16835:
Iter time: 319.319216967
Iter time: 618.711691141
Iter time: 1064.51835203
1.1683452735 9454.98941724
158     , -13577.3    , array([ 0.0311605  ,  0.28846    ,  0.361393   ,  4.93619    ,  4.20221    ,  2.51171    ,  9.52947    ,  0.275677   ,  0.0167593  ,  0.0121792  ,  2.74288    ])
WARNING:Numerics:Extrapolation may have failed. Check resulting frequency spectrum for unexpected results.
WARNING:Inference:Model is masked in some entries where data is not.
WARNING:Inference:Number of affected entries is 413. Sum of data in those entries is 0.63773:
Iter time: 303.967836857
Iter time: 589.116528034
Iter time: 1012.06519318
0.637730066474 9454.98941724
159     , -15358.5    , array([ 0.0309795  ,  0.28368    ,  0.358702   ,  4.84864    ,  4.13543    ,  2.49643    ,  9.13123    ,  0.279695   ,  0.0166878  ,  0.0119365  ,  2.72775    ])
WARNING:Numerics:Extrapolation may have failed. Check resulting frequency spectrum for unexpected results.
WARNING:Inference:Model is masked in some entries where data is not.
WARNING:Inference:Number of affected entries is 368. Sum of data in those entries is 0.614965:
Iter time: 272.532855034
Iter time: 526.357616901
Iter time: 904.298933029
0.614965334471 9454.98941724
160     , -13795.2    , array([ 0.0320048  ,  0.288364   ,  0.362211   ,  4.92537    ,  4.2375     ,  2.50785    ,  8.13929    ,  0.276635   ,  0.0174852  ,  0.0123647  ,  2.76887    ])
WARNING:Numerics:Extrapolation may have failed. Check resulting frequency spectrum for unexpected results.
WARNING:Inference:Model is masked in some entries where data is not.
WARNING:Inference:Number of affected entries is 339. Sum of data in those entries is 0.77323:
Iter time: 258.934643984
Iter time: 499.851289034
Iter time: 859.666242123
0.773229836322 9454.98941724
161     , -13756.4    , array([ 0.0326224  ,  0.29199    ,  0.364626   ,  4.97887    ,  4.29601    ,  2.52717    ,  7.67344    ,  0.273454   ,  0.0181402  ,  0.0127071  ,  2.79348    ])
WARNING:Numerics:Extrapolation may have failed. Check resulting frequency spectrum for unexpected results.
WARNING:Inference:Model is masked in some entries where data is not.
WARNING:Inference:Number of affected entries is 351. Sum of data in those entries is 0.816146:
Iter time: 261.675866842
Iter time: 505.026635885
Iter time: 868.186684132
0.816146124039 9454.98941724
162     , -13683      , array([ 0.0323865  ,  0.290115   ,  0.362212   ,  4.97207    ,  4.2169     ,  2.49223    ,  7.86218    ,  0.274611   ,  0.0178346  ,  0.0122306  ,  2.78039    ])
WARNING:Numerics:Extrapolation may have failed. Check resulting frequency spectrum for unexpected results.
WARNING:Inference:Model is masked in some entries where data is not.
WARNING:Inference:Number of affected entries is 381. Sum of data in those entries is 0.783245:
Iter time: 277.647815943
Iter time: 536.826694965
Iter time: 927.990013123
0.783244810858 9454.98941724
163     , -14708.3    , array([ 0.0318071  ,  0.289113   ,  0.361196   ,  4.93567    ,  4.19429    ,  2.51068    ,  8.29604    ,  0.276181   ,  0.017515   ,  0.0123351  ,  2.76277    ])
WARNING:Numerics:Extrapolation may have failed. Check resulting frequency spectrum for unexpected results.
WARNING:Inference:Model is masked in some entries where data is not.
WARNING:Inference:Number of affected entries is 376. Sum of data in those entries is 0.766318:
Iter time: 275.705736876
Iter time: 531.985383987
Iter time: 913.459789038
0.766318290474 9454.98941724
164     , -14028.7    , array([ 0.0319905  ,  0.288199   ,  0.362237   ,  4.92356    ,  4.23121    ,  2.50949    ,  8.21808    ,  0.275982   ,  0.0175173  ,  0.0123278  ,  2.76697    ])
WARNING:Numerics:Extrapolation may have failed. Check resulting frequency spectrum for unexpected results.
WARNING:Inference:Model is masked in some entries where data is not.
WARNING:Inference:Number of affected entries is 377. Sum of data in those entries is 0.769571:
Iter time: 276.492283821
Iter time: 533.469281912
Iter time: 918.054094791
0.769570777738 9454.98941724
165     , -14242      , array([ 0.0320439  ,  0.288853   ,  0.361756   ,  4.92804    ,  4.20846    ,  2.51066    ,  8.25094    ,  0.275258   ,  0.0175932  ,  0.0122867  ,  2.76721    ])
WARNING:Numerics:Extrapolation may have failed. Check resulting frequency spectrum for unexpected results.
WARNING:Inference:Model is masked in some entries where data is not.
WARNING:Inference:Number of affected entries is 375. Sum of data in those entries is 0.766318:
Iter time: 276.361359835
Iter time: 533.231374979
Iter time: 916.687114
0.766318290474 9454.98941724
166     , -14152.8    , array([ 0.0318923  ,  0.288334   ,  0.361981   ,  4.92696    ,  4.2243     ,  2.50955    ,  8.23832    ,  0.276345   ,  0.0174872  ,  0.0123467  ,  2.76511    ])
WARNING:Numerics:Extrapolation may have failed. Check resulting frequency spectrum for unexpected results.
WARNING:Inference:Model is masked in some entries where data is not.
WARNING:Inference:Number of affected entries is 465. Sum of data in those entries is 1.06681:
Iter time: 317.101824045
Iter time: 613.369985819
Iter time: 1053.75879312
1.06680918966 9454.98941724
167     , -13807.9    , array([ 0.0311029  ,  0.288827   ,  0.360179   ,  4.91705    ,  4.19151    ,  2.51349    ,  9.4655     ,  0.274899   ,  0.0169228  ,  0.01227    ,  2.74258    ])
WARNING:Numerics:Extrapolation may have failed. Check resulting frequency spectrum for unexpected results.
WARNING:Inference:Model is masked in some entries where data is not.
WARNING:Inference:Number of affected entries is 407. Sum of data in those entries is 0.863015:
Iter time: 292.90392518
Iter time: 565.761062145
Iter time: 974.554317951
0.863015254396 9454.98941724
168     , -15853.9    , array([ 0.0316537  ,  0.288902   ,  0.362      ,  4.93611    ,  4.22625    ,  2.51005    ,  8.74173    ,  0.276239   ,  0.0171051  ,  0.0123051  ,  2.75717    ])
WARNING:Numerics:Extrapolation may have failed. Check resulting frequency spectrum for unexpected results.
WARNING:Inference:Model is masked in some entries where data is not.
WARNING:Inference:Number of affected entries is 408. Sum of data in those entries is 0.863588:
Iter time: 293.419137955
Iter time: 566.677896976
Iter time: 972.920106173
0.863588345068 9454.98941724
169     , -15891.3    , array([ 0.031702   ,  0.288792   ,  0.362053   ,  4.9443     ,  4.21852    ,  2.51305    ,  8.73129    ,  0.2765     ,  0.0171829  ,  0.012256   ,  2.75858    ])
WARNING:Numerics:Extrapolation may have failed. Check resulting frequency spectrum for unexpected results.
WARNING:Inference:Model is masked in some entries where data is not.
WARNING:Inference:Number of affected entries is 406. Sum of data in those entries is 0.833804:
Iter time: 294.371566057
Iter time: 569.385534048
Iter time: 977.475203991
0.833804427452 9454.98941724
170     , -14106.9    , array([ 0.0315178  ,  0.288673   ,  0.361637   ,  4.92476    ,  4.22471    ,  2.51179    ,  8.78339    ,  0.276392   ,  0.0171726  ,  0.012313   ,  2.75634    ])
WARNING:Numerics:Extrapolation may have failed. Check resulting frequency spectrum for unexpected results.
WARNING:Inference:Model is masked in some entries where data is not.
WARNING:Inference:Number of affected entries is 409. Sum of data in those entries is 0.872141:
Iter time: 288.985778093
Iter time: 559.550838947
Iter time: 962.312834978
0.872141423759 9454.98941724
171     , -15106.1    , array([ 0.0317675  ,  0.289286   ,  0.361802   ,  4.9541     ,  4.20955    ,  2.50195    ,  8.65577    ,  0.275144   ,  0.0172886  ,  0.0122049  ,  2.76157    ])
WARNING:Numerics:Extrapolation may have failed. Check resulting frequency spectrum for unexpected results.
WARNING:Inference:Model is masked in some entries where data is not.
WARNING:Inference:Number of affected entries is 408. Sum of data in those entries is 0.87:
Iter time: 291.276944876
Iter time: 562.713980913
Iter time: 966.516075134
0.870000487747 9454.98941724
172     , -15245.6    , array([ 0.0314081  ,  0.286964   ,  0.36151    ,  4.90675    ,  4.16655    ,  2.50595    ,  8.70999    ,  0.276081   ,  0.017109   ,  0.0120144  ,  2.74978    ])
WARNING:Numerics:Extrapolation may have failed. Check resulting frequency spectrum for unexpected results.
WARNING:Inference:Model is masked in some entries where data is not.
WARNING:Inference:Number of affected entries is 408. Sum of data in those entries is 0.87:
Iter time: 291.905279875
Iter time: 564.941026926
Iter time: 970.164026022
0.870000487747 9454.98941724
173     , -15540.8    , array([ 0.0317024  ,  0.286469   ,  0.36095    ,  4.91214    ,  4.19254    ,  2.5112     ,  8.72084    ,  0.276655   ,  0.0172838  ,  0.0122766  ,  2.7499     ])
WARNING:Numerics:Extrapolation may have failed. Check resulting frequency spectrum for unexpected results.
WARNING:Inference:Model is masked in some entries where data is not.
WARNING:Inference:Number of affected entries is 401. Sum of data in those entries is 0.859402:
Iter time: 287.624675035
Iter time: 556.021433115
Iter time: 954.647501945
0.85940153014 9454.98941724
174     , -23977.4    , array([ 0.0318831  ,  0.290219   ,  0.363006   ,  4.95749    ,  4.24885    ,  2.51943    ,  8.55125    ,  0.274563   ,  0.0174361  ,  0.0124404  ,  2.76806    ])
WARNING:Numerics:Extrapolation may have failed. Check resulting frequency spectrum for unexpected results.
WARNING:Inference:Model is masked in some entries where data is not.
WARNING:Inference:Number of affected entries is 406. Sum of data in those entries is 0.833718:
Iter time: 294.803328037
Iter time: 569.890068054
Iter time: 1111.98700905
0.833717570719 9454.98941724
175     , -14297.3    , array([ 0.0315798  ,  0.288412   ,  0.361802   ,  4.93078    ,  4.21982    ,  2.50978    ,  8.80699    ,  0.276156   ,  0.0171184  ,  0.0122716  ,  2.75584    ])
WARNING:Numerics:Extrapolation may have failed. Check resulting frequency spectrum for unexpected results.
WARNING:Inference:Model is masked in some entries where data is not.
WARNING:Inference:Number of affected entries is 404. Sum of data in those entries is 0.75076:
Iter time: 296.420827866
Iter time: 573.620198011
Iter time: 985.519687891
0.750760027749 9454.98941724
176     , -14495.7    , array([ 0.0315728  ,  0.288329   ,  0.361814   ,  4.92987    ,  4.21668    ,  2.5106     ,  8.84952    ,  0.27583    ,  0.0171341  ,  0.0122533  ,  2.7549     ])
WARNING:Numerics:Extrapolation may have failed. Check resulting frequency spectrum for unexpected results.
WARNING:Inference:Model is masked in some entries where data is not.
WARNING:Inference:Number of affected entries is 404. Sum of data in those entries is 0.684202:
Iter time: 297.137371063
Iter time: 572.98617506
Iter time: 987.2785151
0.684202473569 9454.98941724
177     , -14545.9    , array([ 0.0314994  ,  0.28831    ,  0.361724   ,  4.93139    ,  4.21588    ,  2.51045    ,  8.85815    ,  0.276192   ,  0.0171022  ,  0.0122727  ,  2.75362    ])
WARNING:Numerics:Extrapolation may have failed. Check resulting frequency spectrum for unexpected results.
WARNING:Inference:Model is masked in some entries where data is not.
WARNING:Inference:Number of affected entries is 440. Sum of data in those entries is 0.915433:
Iter time: 308.827711105
Iter time: 596.771708012
Iter time: 1023.66479206
0.915432587395 9454.98941724
178     , -15318.6    , array([ 0.0311502  ,  0.286414   ,  0.360066   ,  4.90145    ,  4.16679    ,  2.50061    ,  9.24451    ,  0.2774     ,  0.0167832  ,  0.0120382  ,  2.73803    ])
WARNING:Numerics:Extrapolation may have failed. Check resulting frequency spectrum for unexpected results.
WARNING:Inference:Model is masked in some entries where data is not.
WARNING:Inference:Number of affected entries is 426. Sum of data in those entries is 0.646097:
Iter time: 305.344905853
Iter time: 589.948117018
Iter time: 1014.90105605
0.646096715889 9454.98941724
179     , -14923.1    , array([ 0.0312282  ,  0.287397   ,  0.360652   ,  4.90675    ,  4.18735    ,  2.50469    ,  9.1484     ,  0.27562    ,  0.0169578  ,  0.0121794  ,  2.74371    ])
WARNING:Numerics:Extrapolation may have failed. Check resulting frequency spectrum for unexpected results.
WARNING:Inference:Model is masked in some entries where data is not.
WARNING:Inference:Number of affected entries is 433. Sum of data in those entries is 0.876283:
Iter time: 307.838171005
Iter time: 594.576524973
Iter time: 1023.28278518
0.876282634543 9454.98941724
180     , -15053.2    , array([ 0.0311991  ,  0.287015   ,  0.36046    ,  4.90956    ,  4.17266    ,  2.50672    ,  9.21332    ,  0.275768   ,  0.0170082  ,  0.0121082  ,  2.74268    ])
WARNING:Numerics:Extrapolation may have failed. Check resulting frequency spectrum for unexpected results.
WARNING:Inference:Model is masked in some entries where data is not.
WARNING:Inference:Number of affected entries is 448. Sum of data in those entries is 0.952816:
Iter time: 311.709292889
Iter time: 601.619667768
Iter time: 1034.83701015
0.952815824168 9454.98941724
181     , -13730.6    , array([ 0.0310606  ,  0.289553   ,  0.36142    ,  4.93305    ,  4.20258    ,  2.50475    ,  9.32809    ,  0.275193   ,  0.0167832  ,  0.012106   ,  2.74861    ])
WARNING:Numerics:Extrapolation may have failed. Check resulting frequency spectrum for unexpected results.
WARNING:Inference:Model is masked in some entries where data is not.
WARNING:Inference:Number of affected entries is 406. Sum of data in those entries is 0.779768:
Iter time: 296.018606901
Iter time: 571.831289053
Iter time: 982.502940893
0.77976804695 9454.98941724
182     , -14501.7    , array([ 0.0315947  ,  0.290183   ,  0.362555   ,  4.94959    ,  4.23513    ,  2.51612    ,  8.81411    ,  0.274055   ,  0.0172838  ,  0.0123583  ,  2.76246    ])
WARNING:Numerics:Extrapolation may have failed. Check resulting frequency spectrum for unexpected results.
WARNING:Inference:Model is masked in some entries where data is not.
WARNING:Inference:Number of affected entries is 453. Sum of data in those entries is 1.0543:
Iter time: 315.14030695
Iter time: 607.958391905
Iter time: 1047.81239319
1.05429576601 9454.98941724
183     , -13581.4    , array([ 0.031369   ,  0.290215   ,  0.361296   ,  4.95205    ,  4.24797    ,  2.5126     ,  9.37525    ,  0.274996   ,  0.016986   ,  0.0124465  ,  2.75297    ])
WARNING:Numerics:Extrapolation may have failed. Check resulting frequency spectrum for unexpected results.
WARNING:Inference:Model is masked in some entries where data is not.
WARNING:Inference:Number of affected entries is 482. Sum of data in those entries is 1.18119:
Iter time: 321.637073994
Iter time: 621.884703159
Iter time: 1067.74359679
1.18118962293 9454.98941724
184     , -13561.5    , array([ 0.0309429  ,  0.288053   ,  0.360912   ,  4.90436    ,  4.21153    ,  2.51856    ,  9.57193    ,  0.275906   ,  0.0167557  ,  0.012296   ,  2.73966    ])
WARNING:Numerics:Extrapolation may have failed. Check resulting frequency spectrum for unexpected results.
WARNING:Inference:Model is masked in some entries where data is not.
WARNING:Inference:Number of affected entries is 413. Sum of data in those entries is 0.63773:
Iter time: 304.27768302
Iter time: 587.052035093
Iter time: 1009.38551211
0.637730066474 9454.98941724
186     , -15479.1    , array([ 0.0314596  ,  0.290523   ,  0.362338   ,  4.9479     ,  4.25593    ,  2.51593    ,  9.05533    ,  0.275306   ,  0.0169857  ,  0.0124289  ,  2.75797    ])
WARNING:Numerics:Extrapolation may have failed. Check resulting frequency spectrum for unexpected results.
WARNING:Inference:Model is masked in some entries where data is not.
WARNING:Inference:Number of affected entries is 431. Sum of data in those entries is 0.876282:
Iter time: 306.900637865
Iter time: 593.081110954
Iter time: 1021.11175108
0.876282365954 9454.98941724
187     , -14894.2    , array([ 0.031264   ,  0.287888   ,  0.360929   ,  4.91912    ,  4.19332    ,  2.50902    ,  9.17357    ,  0.275652   ,  0.0170026  ,  0.0121876  ,  2.74649    ])
WARNING:Numerics:Extrapolation may have failed. Check resulting frequency spectrum for unexpected results.
WARNING:Inference:Model is masked in some entries where data is not.
WARNING:Inference:Number of affected entries is 428. Sum of data in those entries is 0.646097:
Iter time: 306.761614084
Iter time: 592.311444998
Iter time: 1017.7527101
0.646096749445 9454.98941724
188     , -15011.8    , array([ 0.0314367  ,  0.290227   ,  0.362196   ,  4.953      ,  4.2421     ,  2.51875    ,  9.12415    ,  0.27546    ,  0.0170444  ,  0.0123577  ,  2.75744    ])
WARNING:Numerics:Extrapolation may have failed. Check resulting frequency spectrum for unexpected results.
WARNING:Inference:Model is masked in some entries where data is not.
WARNING:Inference:Number of affected entries is 427. Sum of data in those entries is 0.646097:
Iter time: 305.61371088
Iter time: 590.410410881
Iter time: 1015.42966199
0.646096715889 9454.98941724
189     , -14944.7    , array([ 0.0312802  ,  0.288102   ,  0.361038   ,  4.91827    ,  4.20097    ,  2.5082     ,  9.14233    ,  0.27558    ,  0.0169794  ,  0.0122238  ,  2.74714    ])
WARNING:Numerics:Extrapolation may have failed. Check resulting frequency spectrum for unexpected results.
WARNING:Inference:Model is masked in some entries where data is not.
WARNING:Inference:Number of affected entries is 478. Sum of data in those entries is 1.16835:
Iter time: 320.411767006
Iter time: 622.23123908
Iter time: 1064.53964591
1.1683452735 9454.98941724
190     , -13553.1    , array([ 0.0310515  ,  0.288256   ,  0.361152   ,  4.92025    ,  4.20687    ,  2.51513    ,  9.55068    ,  0.275791   ,  0.0167575  ,  0.0122375  ,  2.74127    ])
WARNING:Numerics:Extrapolation may have failed. Check resulting frequency spectrum for unexpected results.
WARNING:Inference:Model is masked in some entries where data is not.
WARNING:Inference:Number of affected entries is 467. Sum of data in those entries is 1.06681:
Iter time: 317.752551079
Iter time: 614.636180878
Iter time: 1055.39476299
1.06680918966 9454.98941724
191     , -13882.6    , array([ 0.0311552  ,  0.289132   ,  0.361104   ,  4.92815    ,  4.22971    ,  2.51558    ,  9.47308    ,  0.27545    ,  0.0168705  ,  0.012371   ,  2.7463     ])
WARNING:Numerics:Extrapolation may have failed. Check resulting frequency spectrum for unexpected results.
WARNING:Inference:Model is masked in some entries where data is not.
WARNING:Inference:Number of affected entries is 463. Sum of data in those entries is 1.06681:
Iter time: 316.357229948
Iter time: 611.105067015
Iter time: 1050.86651587
1.06680918966 9454.98941724
192     , -13734.5    , array([ 0.0310017  ,  0.288802   ,  0.361166   ,  4.91868    ,  4.20705    ,  2.51164    ,  9.44923    ,  0.275549   ,  0.0167695  ,  0.0122006  ,  2.74413    ])
WARNING:Numerics:Extrapolation may have failed. Check resulting frequency spectrum for unexpected results.
WARNING:Inference:Model is masked in some entries where data is not.
WARNING:Inference:Number of affected entries is 473. Sum of data in those entries is 1.16359:
Iter time: 319.196927786
Iter time: 616.723056078
Iter time: 1060.5557301
1.16359059409 9454.98941724
193     , -13552.8    , array([ 0.0310228  ,  0.28844    ,  0.360545   ,  4.9107     ,  4.20151    ,  2.51602    ,  9.51857    ,  0.275402   ,  0.016839   ,  0.012283   ,  2.74112    ])
WARNING:Numerics:Extrapolation may have failed. Check resulting frequency spectrum for unexpected results.
WARNING:Inference:Model is masked in some entries where data is not.
WARNING:Inference:Number of affected entries is 429. Sum of data in those entries is 0.863954:
Iter time: 307.553366899
Iter time: 594.108320951
Iter time: 1021.47409391
0.863954047249 9454.98941724
194     , -15182      , array([ 0.031229   ,  0.288363   ,  0.361275   ,  4.91455    ,  4.21812    ,  2.51517    ,  9.16919    ,  0.276149   ,  0.0169629  ,  0.0123045  ,  2.74799    ])
WARNING:Numerics:Extrapolation may have failed. Check resulting frequency spectrum for unexpected results.
WARNING:Inference:Model is masked in some entries where data is not.
WARNING:Inference:Number of affected entries is 432. Sum of data in those entries is 0.876283:
Iter time: 307.904177904
Iter time: 596.631542206
Iter time: 1022.64489579
0.876282634543 9454.98941724
195     , -14965.9    , array([ 0.0312597  ,  0.288232   ,  0.361357   ,  4.91755    ,  4.21567    ,  2.51417    ,  9.1815     ,  0.276031   ,  0.0169361  ,  0.0122838  ,  2.74774    ])
WARNING:Numerics:Extrapolation may have failed. Check resulting frequency spectrum for unexpected results.
WARNING:Inference:Model is masked in some entries where data is not.
WARNING:Inference:Number of affected entries is 433. Sum of data in those entries is 0.876283:
Iter time: 308.68149209
Iter time: 596.355119944
Iter time: 1024.95219994
0.876282634543 9454.98941724
196     , -15015.6    , array([ 0.0312563  ,  0.288191   ,  0.361363   ,  4.9171     ,  4.21411    ,  2.51458    ,  9.20364    ,  0.275868   ,  0.0169439  ,  0.0122746  ,  2.74727    ])
WARNING:Numerics:Extrapolation may have failed. Check resulting frequency spectrum for unexpected results.
WARNING:Inference:Model is masked in some entries where data is not.
WARNING:Inference:Number of affected entries is 433. Sum of data in those entries is 0.876283:
Iter time: 310.44980216
Iter time: 595.425294876
Iter time: 1024.44741297
0.876282634543 9454.98941724
197     , -15094.8    , array([ 0.0312671  ,  0.289116   ,  0.361732   ,  4.92692    ,  4.22331    ,  2.51734    ,  9.18521    ,  0.274979   ,  0.0170177  ,  0.0123271  ,  2.75104    ])
WARNING:Numerics:Extrapolation may have failed. Check resulting frequency spectrum for unexpected results.
WARNING:Inference:Model is masked in some entries where data is not.
WARNING:Inference:Number of affected entries is 434. Sum of data in those entries is 0.876283:
Iter time: 308.74356699
Iter time: 596.170489073
Iter time: 1026.19485903
0.876282878578 9454.98941724
198     , -15069.8    , array([ 0.0312199  ,  0.288182   ,  0.361318   ,  4.91786    ,  4.2137     ,  2.5145     ,  9.20813    ,  0.276049   ,  0.0169281  ,  0.0122843  ,  2.74663    ])
WARNING:Numerics:Extrapolation may have failed. Check resulting frequency spectrum for unexpected results.
WARNING:Inference:Model is masked in some entries where data is not.
WARNING:Inference:Number of affected entries is 450. Sum of data in those entries is 0.958027:
Iter time: 314.175030947
Iter time: 607.447129965
Iter time: 1044.43467093
0.958027130786 9454.98941724
199     , -13547.6    , array([ 0.031103   ,  0.28797    ,  0.36092    ,  4.91173    ,  4.20242    ,  2.51378    ,  9.37063    ,  0.275779   ,  0.0168787  ,  0.0122417  ,  2.74307    ])
WARNING:Numerics:Extrapolation may have failed. Check resulting frequency spectrum for unexpected results.
WARNING:Inference:Model is masked in some entries where data is not.
WARNING:Inference:Number of affected entries is 449. Sum of data in those entries is 0.957998:
Iter time: 313.190899849
Iter time: 605.025348902
Iter time: 1041.04054499
0.957997645864 9454.98941724
200     , -13548.9    , array([ 0.0310852  ,  0.287725   ,  0.360782   ,  4.90555    ,  4.19942    ,  2.51162    ,  9.35777    ,  0.275763   ,  0.0168565  ,  0.0122376  ,  2.74168    ])
WARNING:Numerics:Extrapolation may have failed. Check resulting frequency spectrum for unexpected results.
WARNING:Inference:Model is masked in some entries where data is not.
WARNING:Inference:Number of affected entries is 483. Sum of data in those entries is 1.18119:
Iter time: 320.974162102
Iter time: 619.731929064
Iter time: 1066.13191199
1.18118962293 9454.98941724
201     , -13571.3    , array([ 0.0310192  ,  0.288382   ,  0.360971   ,  4.91796    ,  4.20466    ,  2.51445    ,  9.57293    ,  0.275227   ,  0.0167742  ,  0.0122476  ,  2.74109    ])
WARNING:Numerics:Extrapolation may have failed. Check resulting frequency spectrum for unexpected results.
WARNING:Inference:Model is masked in some entries where data is not.
WARNING:Inference:Number of affected entries is 485. Sum of data in those entries is 1.1972:
Iter time: 322.412207842
Iter time: 622.337146997
Iter time: 1072.66166496
1.19720427397 9454.98941724
202     , -13636.9    , array([ 0.0309366  ,  0.287498   ,  0.360376   ,  4.90399    ,  4.1961     ,  2.51176    ,  9.62834    ,  0.276444   ,  0.0166764  ,  0.0122108  ,  2.73625    ])
WARNING:Numerics:Extrapolation may have failed. Check resulting frequency spectrum for unexpected results.
WARNING:Inference:Model is masked in some entries where data is not.
WARNING:Inference:Number of affected entries is 490. Sum of data in those entries is 1.20117:
Iter time: 324.731225967
Iter time: 626.821420908
Iter time: 1082.66257191
1.20116767154 9454.98941724
203     , -13896.1    , array([ 0.0309321  ,  0.288305   ,  0.360618   ,  4.9105     ,  4.20248    ,  2.5141     ,  9.68262    ,  0.275444   ,  0.0167191  ,  0.01224    ,  2.73875    ])
WARNING:Numerics:Extrapolation may have failed. Check resulting frequency spectrum for unexpected results.
WARNING:Inference:Model is masked in some entries where data is not.
WARNING:Inference:Number of affected entries is 504. Sum of data in those entries is 1.41205:
Iter time: 327.45031786
Iter time: 632.640094042
Iter time: 1088.08119917
1.41204551035 9454.98941724
204     , -13687.9    , array([ 0.0308376  ,  0.288316   ,  0.360438   ,  4.91006    ,  4.19996    ,  2.51393    ,  9.77712    ,  0.275548   ,  0.016663   ,  0.0122433  ,  2.73657    ])
WARNING:Numerics:Extrapolation may have failed. Check resulting frequency spectrum for unexpected results.
WARNING:Inference:Model is masked in some entries where data is not.
WARNING:Inference:Number of affected entries is 530. Sum of data in those entries is 1.63965:
Iter time: 332.233459949
Iter time: 641.397211075
Iter time: 1107.47808981
1.63964909372 9454.98941724
205     , -13781.9    , array([ 0.030758   ,  0.28829    ,  0.360278   ,  4.90825    ,  4.19555    ,  2.5143     ,  9.91334    ,  0.275297   ,  0.0166214  ,  0.0122268  ,  2.73407    ])
