==========================================
SLURM_JOB_ID = 18981441
SLURM_NODELIST = c8-65
==========================================
Module slurm/17.11.5 loaded 
Module openmpi/3.0.1 loaded 
Module gcc/7.3.0 loaded 
Module python/2.7.6 loaded 
Module numpy/1.11.1 loaded 
Module dadi/1.7.0 loaded 
Module matplotlib/2.0 loaded 
Module scipy/0.18.0 loaded 
Beginning. Call:
/home/hemstrow/monarch/github/F-H_2018/DADI/demographic_models/run_3d_mods.py /home/hemstrow/monarch/github/F-H_2018/Data/dadi_inputs/ dadi_snps_10kgap.txt 1st_folded_optim_10kgap_snps_dadi_out.txt cgrowth 10 [NAM,HAW,GUA] True 3 [0.1,0.1,0.5,0.5,5,5,.1,.1,.1,.1] [1,1,5,5,20,20,10,10,10,10] [.001,.001,.001,.001,.01,.01,.01,.01,.01,.01] [150,15,15] fmin

Ready to begin run. Parameters:

Model:
cgrowth
Maxiters:
10
Pops:
['NAM', 'HAW', 'GUA']
Projection:
[150, 15, 15]
Number of segregating sites in projected sfs:
9454.98941724
Folding spectra:
True
Level of parm folding:
3
Optimizer:
fmin
p0:
[  0.09959247   0.05343969   0.15300907   0.12438128   6.92871355
  11.9459336    0.05137374   0.01553754   0.08936599   0.13921761]
Upper Bounds:
[1.0, 1.0, 5.0, 5.0, 20.0, 20.0, 10.0, 10.0, 10.0, 10.0]
Lower Bounds:
[0.001, 0.001, 0.001, 0.001, 0.01, 0.01, 0.01, 0.01, 0.01, 0.01]

Beginning optimization ************************************************
optimize_log_fmin.
Iter time: 489.447710991
Iter time: 955.193434
Iter time: 1642.17557287
1       , -31031.8    , array([ 0.0995925  ,  0.0534397  ,  0.153009   ,  0.124381   ,  6.92871    ,  11.9459    ,  0.0513737  ,  0.0155375  ,  0.089366   ,  0.139218   ])
Iter time: 489.41426897
Iter time: 953.818142891
Iter time: 1644.76665592
2       , -31032.3    , array([ 0.0887438  ,  0.0534397  ,  0.153009   ,  0.124381   ,  6.92871    ,  11.9459    ,  0.0513737  ,  0.0155375  ,  0.089366   ,  0.139218   ])
Iter time: 531.841140985
Iter time: 1034.22048593
Iter time: 1787.85770011
3       , -31032      , array([ 0.0995925  ,  0.0461591  ,  0.153009   ,  0.124381   ,  6.92871    ,  11.9459    ,  0.0513737  ,  0.0155375  ,  0.089366   ,  0.139218   ])
Iter time: 490.507401943
Iter time: 950.837579012
Iter time: 1644.57372403
4       , -31182.4    , array([ 0.0995925  ,  0.0534397  ,  0.139301   ,  0.124381   ,  6.92871    ,  11.9459    ,  0.0513737  ,  0.0155375  ,  0.089366   ,  0.139218   ])
Iter time: 146971.428686
Iter time: 1113.06778502
Iter time: 1723.83808684
5       , -31097.7    , array([ 0.0995925  ,  0.0534397  ,  0.153009   ,  0.112071   ,  6.92871    ,  11.9459    ,  0.0513737  ,  0.0155375  ,  0.089366   ,  0.139218   ])
Iter time: 491.046128035
Iter time: 951.36386013
Iter time: 1645.66784883
6       , -31182.9    , array([ 0.0995925  ,  0.0534397  ,  0.153009   ,  0.124381   ,  7.63282    ,  11.9459    ,  0.0513737  ,  0.0155375  ,  0.089366   ,  0.139218   ])
Iter time: 553.839464903
Iter time: 1079.47961092
Iter time: 1860.61761117
7       , -31438.9    , array([ 0.0995925  ,  0.0534397  ,  0.153009   ,  0.124381   ,  6.92871    ,  13.5233    ,  0.0513737  ,  0.0155375  ,  0.089366   ,  0.139218   ])
Iter time: 489.688054085
Iter time: 951.009855986
Iter time: 1648.55582523
8       , -31374.3    , array([ 0.0995925  ,  0.0534397  ,  0.153009   ,  0.124381   ,  6.92871    ,  11.9459    ,  0.0442872  ,  0.0155375  ,  0.089366   ,  0.139218   ])
Iter time: 490.961970091
Iter time: 952.099732876
Iter time: 1643.23042488
9       , -31236.6    , array([ 0.0995925  ,  0.0534397  ,  0.153009   ,  0.124381   ,  6.92871    ,  11.9459    ,  0.0513737  ,  0.0126169  ,  0.089366   ,  0.139218   ])
Iter time: 490.070832014
Iter time: 952.64204216
Iter time: 1648.95203996
10      , -31157.6    , array([ 0.0995925  ,  0.0534397  ,  0.153009   ,  0.124381   ,  6.92871    ,  11.9459    ,  0.0513737  ,  0.0155375  ,  0.079201   ,  0.139218   ])
Iter time: 491.877502203
Iter time: 953.479195118
Iter time: 1647.88273096
11      , -31102.8    , array([ 0.0995925  ,  0.0534397  ,  0.153009   ,  0.124381   ,  6.92871    ,  11.9459    ,  0.0513737  ,  0.0155375  ,  0.089366   ,  0.126148   ])
Iter time: 443.738054991
Iter time: 864.57267499
Iter time: 1494.18656492
12      , -30860.6    , array([ 0.0973215  ,  0.051897   ,  0.150163   ,  0.121816   ,  7.06414    ,  10.5526    ,  0.0498711  ,  0.0149038  ,  0.0872336  ,  0.1365     ])
Iter time: 397.85060811
Iter time: 773.87037015
Iter time: 1334.54146409
13      , -30587.1    , array([ 0.0962055  ,  0.0511425  ,  0.148761   ,  0.120553   ,  7.13284    ,  9.32176    ,  0.0491363  ,  0.0145966  ,  0.0861866  ,  0.13516    ])
Iter time: 481.579849958
Iter time: 937.841631174
Iter time: 1617.19055986
14      , -30733.9    , array([ 0.0966504  ,  0.051443   ,  0.14932    ,  0.121056   ,  7.10528    ,  11.3678    ,  0.0590658  ,  0.0147187  ,  0.0866039  ,  0.135694   ])
Iter time: 479.85821104
Iter time: 935.65977788
Iter time: 1612.30135298
15      , -30774.7    , array([ 0.0960724  ,  0.0510527  ,  0.148593   ,  0.120402   ,  7.14113    ,  11.2556    ,  0.0523591  ,  0.0186933  ,  0.0860618  ,  0.135001   ])
Iter time: 477.631015062
Iter time: 928.887265205
Iter time: 1605.98060703
16      , -30765.5    , array([ 0.0953835  ,  0.0505882  ,  0.147725   ,  0.119621   ,  6.39662    ,  11.1223    ,  0.0525585  ,  0.0157512  ,  0.0854158  ,  0.134173   ])
Iter time: 476.758533001
Iter time: 927.950377941
Iter time: 1599.41694403
17      , -30685.8    , array([ 0.0945633  ,  0.0500365  ,  0.16418    ,  0.118691   ,  6.93494    ,  10.9646    ,  0.0527987  ,  0.0157943  ,  0.084647   ,  0.133186   ])
Iter time: 474.250012875
Iter time: 921.798045874
Iter time: 1595.9972229
18      , -30609.9    , array([ 0.0935884  ,  0.0493823  ,  0.151592   ,  0.117585   ,  6.93619    ,  10.7782    ,  0.0530884  ,  0.0158462  ,  0.0967896  ,  0.132011   ])
Iter time: 472.226345062
Iter time: 914.75916791
Iter time: 1581.01707411
19      , -30570      , array([ 0.0924317  ,  0.0486086  ,  0.15131    ,  0.116271   ,  6.93768    ,  10.5587    ,  0.0534381  ,  0.0159086  ,  0.0871603  ,  0.147019   ])
Iter time: 461.345555067
Iter time: 898.265476942
Iter time: 1546.99949408
20      , -30307.2    , array([ 0.0890468  ,  0.0463593  ,  0.150468   ,  0.112417   ,  6.94217    ,  9.92673    ,  0.0545012  ,  0.0160975  ,  0.086078   ,  0.158716   ])
Iter time: 441.322242022
Iter time: 857.432240009
Iter time: 1484.45622492
21      , -30422.9    , array([ 0.0903856  ,  0.0472462  ,  0.150804   ,  0.129122   ,  6.94037    ,  10.1748    ,  0.0540734  ,  0.0160217  ,  0.0865093  ,  0.136755   ])
Iter time: 450.909869909
Iter time: 878.156844139
Iter time: 1515.19861794
22      , -30367.3    , array([ 0.101808   ,  0.0460965  ,  0.150367   ,  0.117217   ,  6.94271    ,  9.85348    ,  0.0546302  ,  0.0161203  ,  0.085949   ,  0.136267   ])
Iter time: 402.912704945
Iter time: 780.401394129
Iter time: 1349.93397903
23      , -30238.6    , array([ 0.0911176  ,  0.0533528  ,  0.149844   ,  0.115834   ,  6.94551    ,  9.4812     ,  0.0553058  ,  0.0162395  ,  0.0852815  ,  0.135685   ])
Iter time: 349.954596043
Iter time: 681.381631136
Iter time: 1177.59223795
24      , -29860.8    , array([ 0.0871546  ,  0.0573597  ,  0.148286   ,  0.111783   ,  6.95392    ,  8.44666    ,  0.0573833  ,  0.0166023  ,  0.0833097  ,  0.133952   ])
Iter time: 408.431816816
Iter time: 795.051491022
Iter time: 1370.7079699
25      , -30011.1    , array([ 0.0887187  ,  0.0467411  ,  0.148907   ,  0.113386   ,  6.95056    ,  8.84619    ,  0.0565431  ,  0.0164562  ,  0.0840929  ,  0.134643   ])
Iter time: 402.171344042
Iter time: 781.806307077
Iter time: 1349.22427106
26      , -30066.2    , array([ 0.0905161  ,  0.0480707  ,  0.153397   ,  0.115736   ,  6.70743    ,  8.94721    ,  0.0563386  ,  0.0133338  ,  0.0869182  ,  0.138775   ])
Iter time: 390.607769012
Iter time: 762.781694889
Iter time: 1315.70287108
27      , -30000.6    , array([ 0.0902199  ,  0.0480192  ,  0.155465   ,  0.115724   ,  7.5595     ,  8.66875    ,  0.0569099  ,  0.0153057  ,  0.0878815  ,  0.140576   ])
Iter time: 371.876385927
Iter time: 723.169040918
Iter time: 1248.76690602
28      , -29853.8    , array([ 0.0878197  ,  0.0465754  ,  0.15505    ,  0.113327   ,  6.89041    ,  8.03402    ,  0.0502649  ,  0.016508   ,  0.0869301  ,  0.139986   ])
Iter time: 326.697229862
Iter time: 634.52661705
Iter time: 1094.73820186
29      , -29429.5    , array([ 0.0837116  ,  0.0443171  ,  0.157998   ,  0.109649   ,  6.78543    ,  6.75401    ,  0.0463691  ,  0.0174826  ,  0.0870937  ,  0.142182   ])
Iter time: 349.049083948
Iter time: 677.948395014
Iter time: 1176.22849107
30      , -29679.5    , array([ 0.0875962  ,  0.0467361  ,  0.139939   ,  0.113767   ,  7.02895    ,  7.56017    ,  0.0547898  ,  0.0156995  ,  0.0894482  ,  0.144499   ])
Iter time: 331.172077894
Iter time: 641.059365988
Iter time: 1110.03479409
31      , -29546.1    , array([ 0.0873451  ,  0.0468365  ,  0.149154   ,  0.114082   ,  7.04639    ,  7.16431    ,  0.0548357  ,  0.015619   ,  0.0770021  ,  0.148444   ])
Iter time: 379.791320086
Iter time: 737.308750868
Iter time: 1269.71705294
32      , -29350.3    , array([ 0.0833428  ,  0.044436   ,  0.152073   ,  0.110053   ,  6.83542    ,  7.85882    ,  0.0605609  ,  0.0171872  ,  0.0845482  ,  0.147729   ])
Iter time: 369.283143997
Iter time: 716.932967901
Iter time: 1245.23275805
33      , -28742      , array([ 0.0775716  ,  0.0414201  ,  0.153756   ,  0.105151   ,  6.6914     ,  7.21584    ,  0.0672337  ,  0.0186501  ,  0.0837407  ,  0.154445   ])
Iter time: 330.088372946
Iter time: 641.040158987
Iter time: 1109.6932261
34      , -29217.4    , array([ 0.0860378  ,  0.0468509  ,  0.150595   ,  0.0986138  ,  6.97384    ,  6.7217     ,  0.0574819  ,  0.0161415  ,  0.0836866  ,  0.149603   ])
Iter time: 303.306461096
Iter time: 589.064007998
Iter time: 1016.55554605
35      , -29041      , array([ 0.0738568  ,  0.0481756  ,  0.151079   ,  0.10494    ,  6.97774    ,  6.42977    ,  0.0574781  ,  0.016047   ,  0.083784   ,  0.152968   ])
Iter time: 273.454363823
Iter time: 528.908547878
Iter time: 911.075700998
36      , -28860.8    , array([ 0.0813405  ,  0.0482721  ,  0.1511     ,  0.107925   ,  6.98541    ,  5.85136    ,  0.0582302  ,  0.0160596  ,  0.0832077  ,  0.130367   ])
Iter time: 289.915635824
Iter time: 561.681787968
Iter time: 967.457274199
37      , -28856.9    , array([ 0.0783277  ,  0.0465925  ,  0.147768   ,  0.103375   ,  7.28884    ,  5.96333    ,  0.0567045  ,  0.0201231  ,  0.0816875  ,  0.147248   ])
Iter time: 266.24130702
Iter time: 515.523080826
Iter time: 893.311218977
38      , -28686      , array([ 0.0779482  ,  0.0478874  ,  0.15199    ,  0.103584   ,  7.10105    ,  5.574      ,  0.0565315  ,  0.0169744  ,  0.0839433  ,  0.154508   ])
Iter time: 215.200892925
Iter time: 417.659987211
Iter time: 718.942266941
39      , -28107.2    , array([ 0.0730637  ,  0.0484711  ,  0.153555   ,  0.0990055  ,  7.17752    ,  4.42458    ,  0.0565258  ,  0.0172396  ,  0.0838686  ,  0.165514   ])
Iter time: 245.883673906
Iter time: 477.433175087
Iter time: 824.065908909
40      , -28273.7    , array([ 0.0734851  ,  0.0467001  ,  0.145218   ,  0.0983732  ,  6.46168    ,  4.97222    ,  0.0560911  ,  0.0186898  ,  0.0795771  ,  0.1529     ])
Iter time: 256.446719885
Iter time: 497.28470993
Iter time: 858.671292067
41      , -28160.1    , array([ 0.0735178  ,  0.0375205  ,  0.151614   ,  0.0992714  ,  6.922      ,  4.58981    ,  0.0553756  ,  0.0176432  ,  0.083178   ,  0.164763   ])
Iter time: 241.564718962
Iter time: 469.761903048
Iter time: 806.435334921
42      , -28000.3    , array([ 0.0706284  ,  0.0440703  ,  0.163253   ,  0.0949172  ,  6.82715    ,  4.64088    ,  0.0581203  ,  0.0190985  ,  0.0763519  ,  0.156799   ])
Iter time: 201.253819942
Iter time: 390.004217863
Iter time: 670.894958019
43      , -27241.5    , array([ 0.06342    ,  0.0427949  ,  0.176329   ,  0.086698   ,  6.72843    ,  3.63609    ,  0.0598608  ,  0.0210647  ,  0.0705414  ,  0.163336   ])
Iter time: 231.519464016
Iter time: 447.983478069
Iter time: 773.714873075
44      , -27684.4    , array([ 0.0664391  ,  0.0431893  ,  0.158381   ,  0.089599   ,  6.74765    ,  4.27612    ,  0.059099   ,  0.0203803  ,  0.087152   ,  0.155578   ])
Iter time: 218.330389023
Iter time: 422.590027809
Iter time: 728.92840004
45      , -27400.8    , array([ 0.0661917  ,  0.0454098  ,  0.149588   ,  0.0895312  ,  6.99934    ,  4.13962    ,  0.0733643  ,  0.0187749  ,  0.0770639  ,  0.165382   ])
Iter time: 199.034764051
Iter time: 386.018002987
Iter time: 663.194220066
46      , -27299.3    , array([ 0.0611115  ,  0.0426864  ,  0.156731   ,  0.0976449  ,  6.81521    ,  3.77519    ,  0.0621402  ,  0.0209588  ,  0.0788898  ,  0.160362   ])
Iter time: 198.702086926
Iter time: 385.20656991
Iter time: 664.075493097
47      , -27132.4    , array([ 0.0685439  ,  0.0405203  ,  0.157381   ,  0.0904459  ,  6.77938    ,  3.5479     ,  0.0631213  ,  0.0222389  ,  0.0778553  ,  0.158323   ])
Iter time: 160.973067999
Iter time: 312.005397081
Iter time: 535.259058952
48      , -26295.2    , array([ 0.0660325  ,  0.0371617  ,  0.16063    ,  0.0839678  ,  6.68232    ,  2.63548    ,  0.0661473  ,  0.0261802  ,  0.0750501  ,  0.16107    ])
Iter time: 199.664825201
Iter time: 386.278759003
Iter time: 662.769824982
49      , -26778.3    , array([ 0.0596956  ,  0.0383781  ,  0.159296   ,  0.0836386  ,  6.71211    ,  3.32376    ,  0.063915   ,  0.0245029  ,  0.0767932  ,  0.193795   ])
Iter time: 174.426799059
Iter time: 337.008763075
Iter time: 581.612785101
50      , -26377.9    , array([ 0.0587137  ,  0.0382487  ,  0.165354   ,  0.0836972  ,  6.32751    ,  2.90152    ,  0.067225   ,  0.0203406  ,  0.0772618  ,  0.181268   ])
Iter time: 119.450086117
Iter time: 228.871936083
Iter time: 393.089050055
51      , -26315.9    , array([ 0.0560737  ,  0.0423452  ,  0.161242   ,  0.0786126  ,  6.81582    ,  1.99846    ,  0.0566956  ,  0.0223312  ,  0.0741633  ,  0.178445   ])
Iter time: 152.961441994
Iter time: 294.956857204
Iter time: 504.889387131
52      , -26164.1    , array([ 0.0560757  ,  0.0368293  ,  0.174333   ,  0.0803437  ,  7.13385    ,  2.41692    ,  0.0681042  ,  0.0230915  ,  0.0769516  ,  0.185906   ])
Iter time: 120.582681179
Iter time: 231.975196838
Iter time: 398.867093086
53      , -25334.9    , array([ 0.048985   ,  0.0327063  ,  0.191011   ,  0.0726088  ,  7.49573    ,  1.68507    ,  0.0750437  ,  0.0256671  ,  0.0756716  ,  0.204992   ])
Iter time: 126.888847113
Iter time: 243.691797018
Iter time: 417.972467899
54      , -25640.3    , array([ 0.0516791  ,  0.044598   ,  0.174874   ,  0.074789   ,  6.76634    ,  2.14281    ,  0.0733076  ,  0.0263656  ,  0.0722408  ,  0.180226   ])
Iter time: 134.884605885
Iter time: 261.37315011
Iter time: 445.676488876
55      , -25224      , array([ 0.0485209  ,  0.0339522  ,  0.177213   ,  0.0708987  ,  6.44893    ,  1.92277    ,  0.0756487  ,  0.0293759  ,  0.0695389  ,  0.18249    ])
Iter time: 107.027031898
Iter time: 205.912303925
Iter time: 352.137081861
56      , -24023.4    , array([ 0.0395405  ,  0.0284159  ,  0.190376   ,  0.0599967  ,  6.11285    ,  1.26752    ,  0.0875143  ,  0.0383463  ,  0.0633202  ,  0.19162    ])
Iter time: 106.451160908
Iter time: 206.979474068
Iter time: 354.969084024
57      , -24945      , array([ 0.0480984  ,  0.0350439  ,  0.178253   ,  0.0723034  ,  6.72554    ,  1.56002    ,  0.0782649  ,  0.0281975  ,  0.0627774  ,  0.202405   ])
Iter time: 99.0672428608
Iter time: 190.694853067
Iter time: 325.912597179
58      , -24863.6    , array([ 0.0452914  ,  0.0316469  ,  0.195465   ,  0.0693305  ,  6.43216    ,  1.32573    ,  0.0638675  ,  0.0332024  ,  0.0681428  ,  0.198257   ])
Iter time: 94.5441570282
Iter time: 181.394170046
Iter time: 311.179612875
59      , -24506.3    , array([ 0.0462036  ,  0.0317102  ,  0.194982   ,  0.0593615  ,  6.52995    ,  1.17918    ,  0.075818   ,  0.0326093  ,  0.0646442  ,  0.213324   ])
Iter time: 81.0524969101
Iter time: 154.70027709
Iter time: 265.799189091
60      , -24103.4    , array([ 0.041789   ,  0.0297891  ,  0.176832   ,  0.0619789  ,  6.57469    ,  0.977398   ,  0.0825143  ,  0.0354087  ,  0.0710433  ,  0.220928   ])
Iter time: 70.3229410648
Iter time: 129.404649019
Iter time: 222.95014286
61      , -24019      , array([ 0.04134    ,  0.0315763  ,  0.199871   ,  0.0605081  ,  6.56346    ,  0.837075   ,  0.0813306  ,  0.0327662  ,  0.0642517  ,  0.191149   ])
Iter time: 42.0421180725
Iter time: 78.4299712181
Iter time: 132.581507921
62      , -23167.1    , array([ 0.034402   ,  0.0286418  ,  0.223884   ,  0.0514656  ,  6.49037    ,  0.420079   ,  0.0917445  ,  0.0378904  ,  0.0587713  ,  0.18984    ])
Iter time: 59.1001849174
Iter time: 111.843360901
Iter time: 190.187140942
63      , -23844.4    , array([ 0.0377696  ,  0.0299023  ,  0.204579   ,  0.0548619  ,  6.99787    ,  0.651493   ,  0.0822878  ,  0.0447006  ,  0.0604621  ,  0.206256   ])
Iter time: 73.5125310421
Iter time: 140.062139034
Iter time: 238.976804972
64      , -22973.6    , array([ 0.0365425  ,  0.0251941  ,  0.220027   ,  0.0543557  ,  6.53087    ,  0.755931   ,  0.105117   ,  0.0467783  ,  0.0604669  ,  0.215677   ])
Iter time: 58.4807829857
Iter time: 110.533246994
Iter time: 187.747072935
65      , -21484.4    , array([ 0.0294997  ,  0.0194332  ,  0.257026   ,  0.0451982  ,  6.3929     ,  0.464916   ,  0.143132   ,  0.0677033  ,  0.0545986  ,  0.237111   ])
Iter time: 46.6114079952
Iter time: 86.9804239273
Iter time: 255.284828901
66      , -22642.3    , array([ 0.0264127  ,  0.0252172  ,  0.242636   ,  0.04496    ,  6.6026     ,  0.405156   ,  0.105137   ,  0.0482517  ,  0.0560688  ,  0.258156   ])
Iter time: 59.0287079811
Iter time: 92.551101923
Iter time: 159.832149982
67      , -22609.1    , array([ 0.029509   ,  0.0187479  ,  0.23796    ,  0.0455931  ,  6.48875    ,  0.35713    ,  0.101963   ,  0.0540682  ,  0.0553704  ,  0.247909   ])
Iter time: 40.9833059311
Iter time: 76.6695921421
Iter time: 129.276016951
68      , -22138.7    , array([ 0.028131   ,  0.0228718  ,  0.227646   ,  0.0427888  ,  5.69077    ,  0.332991   ,  0.105901   ,  0.0644638  ,  0.0496589  ,  0.226403   ])
Iter time: 38.1991770267
Iter time: 70.9460580349
Iter time: 119.429120064
69      , -22090.1    , array([ 0.0257352  ,  0.0196001  ,  0.256169   ,  0.0386896  ,  6.13403    ,  0.264107   ,  0.107873   ,  0.0692314  ,  0.057117   ,  0.234494   ])
Iter time: 34.938644886
Iter time: 64.4411249161
Iter time: 107.358736992
70      , -21343.7    , array([ 0.0244087  ,  0.0197208  ,  0.246596   ,  0.0359056  ,  6.35322    ,  0.225072   ,  0.146801   ,  0.0681037  ,  0.0507946  ,  0.247574   ])
Iter time: 23.6482560635
Iter time: 41.5779650211
Iter time: 67.5752530098
71      , -19341.9    , array([ 0.0179188  ,  0.0155676  ,  0.276977   ,  0.0258393  ,  6.31412    ,  0.0927375  ,  0.222564   ,  0.0975373  ,  0.0438547  ,  0.276658   ])
Iter time: 28.3829050064
Iter time: 51.0871720314
Iter time: 84.2052299976
72      , -20839.7    , array([ 0.0197975  ,  0.017071   ,  0.265186   ,  0.035509   ,  6.21615    ,  0.152171   ,  0.153381   ,  0.0863306  ,  0.0495456  ,  0.242367   ])
Iter time: 26.5927331448
Iter time: 47.9202229977
Iter time: 79.1342160702
73      , -20536.3    , array([ 0.018851   ,  0.0162571  ,  0.31709    ,  0.030424   ,  6.105      ,  0.126559   ,  0.159538   ,  0.0950182  ,  0.0419476  ,  0.2384     ])
Iter time: 18.8442759514
Iter time: 31.6198601723
Iter time: 50.1824581623
74      , -19251.4    , array([ 0.0171796  ,  0.0152417  ,  0.326171   ,  0.0274379  ,  6.56455    ,  0.0615569  ,  0.169618   ,  0.105199   ,  0.0433433  ,  0.287138   ])
Iter time: 14.5169148445
Iter time: 22.3312768936
Iter time: 32.5817410946
75      , -16413      , array([ 0.0113239  ,  0.0111627  ,  0.426936   ,  0.0185551  ,  6.80277    ,  0.0135656  ,  0.23614    ,  0.174242   ,  0.0358601  ,  0.351493   ])
Iter time: 19.323857069
Iter time: 33.1440830231
Iter time: 52.7904219627
76      , -18231.6    , array([ 0.0141346  ,  0.0118934  ,  0.351637   ,  0.0241572  ,  5.702      ,  0.0552113  ,  0.222732   ,  0.118464   ,  0.040889   ,  0.296775   ])
Iter time: 22.0025599003
Iter time: 37.8773610592
Iter time: 60.3957779408
77      , -18298      , array([ 0.0129892  ,  0.0104153  ,  0.35168    ,  0.0221364  ,  5.99067    ,  0.0570618  ,  0.238549   ,  0.175543   ,  0.0391212  ,  0.352578   ])
Iter time: 17.4464108944
Iter time: 29.5047490597
Iter time: 46.6026730537
78      , -17477.3    , array([ 0.0146794  ,  0.00991216 ,  0.349506   ,  0.0219914  ,  5.77539    ,  0.039976   ,  0.245226   ,  0.178474   ,  0.0381588  ,  0.275952   ])
Iter time: 16.2754189968
Iter time: 26.5289070606
Iter time: 40.763614893
79      , -16137.7    , array([ 0.0114266  ,  0.011737   ,  0.384854   ,  0.0187435  ,  5.74143    ,  0.0292677  ,  0.301375   ,  0.202243   ,  0.0358676  ,  0.293584   ])
Iter time: 17.3306560516
Iter time: 27.4319307804
Iter time: 41.1178369522
81      , -15370.3    , array([ 0.01001    ,  0.00841895 ,  0.446835   ,  0.0169326  ,  6.55813    ,  0.0193008  ,  0.357675   ,  0.213211   ,  0.0374735  ,  0.338619   ])
Iter time: 16.3111338615
Iter time: 25.3852300644
Iter time: 37.586507082
83      , -14258      , array([ 0.00905882 ,  0.00829663 ,  0.443817   ,  0.015874   ,  6.16611    ,  0.0144207  ,  0.446261   ,  0.248613   ,  0.0299466  ,  0.351868   ])
Iter time: 29.1279349327
Iter time: 52.7918670177
Iter time: 87.3208179474
86      , -20121.3    , array([ 0.0200065  ,  0.0150862  ,  0.30254    ,  0.0317621  ,  6.25898    ,  0.142383   ,  0.18758    ,  0.100579   ,  0.0461134  ,  0.26618    ])
Iter time: 15.3406019211
Iter time: 23.8723189831
Iter time: 35.2409880161
87      , -14483.5    , array([ 0.0093186  ,  0.00783852 ,  0.49099    ,  0.0137205  ,  6.04916    ,  0.0123305  ,  0.41019    ,  0.266633   ,  0.030179   ,  0.375373   ])
Iter time: 20.57984519
Iter time: 35.5303468704
Iter time: 56.9127881527
89      , -18768.5    , array([ 0.0154475  ,  0.0132222  ,  0.345733   ,  0.0249025  ,  6.11572    ,  0.0659036  ,  0.209714   ,  0.126424   ,  0.039617   ,  0.274312   ])
Iter time: 21.1246209145
Iter time: 36.5502471924
Iter time: 58.6177110672
91      , -18576      , array([ 0.0157095  ,  0.0126535  ,  0.339969   ,  0.0251366  ,  6.1852     ,  0.0672612  ,  0.228671   ,  0.131566   ,  0.0412234  ,  0.290291   ])
Iter time: 15.142635107
Iter time: 23.3383641243
Iter time: 34.2519710064
92      , -14856.2    , array([ 0.00827113 ,  0.00694152 ,  0.548969   ,  0.015231   ,  5.89254    ,  0.0102091  ,  0.351048   ,  0.322394   ,  0.0305865  ,  0.365777   ])
Iter time: 18.0038981438
Iter time: 30.2106230259
Iter time: 47.2371098995
94      , -17416.6    , array([ 0.0132918  ,  0.0113522  ,  0.375759   ,  0.0216869  ,  6.09636    ,  0.0410222  ,  0.248431   ,  0.156903   ,  0.0376019  ,  0.299682   ])
Iter time: 18.1050188541
Iter time: 30.1976029873
Iter time: 47.4014952183
96      , -17260.8    , array([ 0.0132925  ,  0.0110452  ,  0.374482   ,  0.0216284  ,  6.12645    ,  0.0404306  ,  0.260494   ,  0.161478   ,  0.0381807  ,  0.308778   ])
Iter time: 18.3760559559
Iter time: 30.6071391106
Iter time: 47.7298140526
98      , -17090.3    , array([ 0.0121009  ,  0.0100503  ,  0.382076   ,  0.0202731  ,  6.03611    ,  0.0366031  ,  0.267234   ,  0.185746   ,  0.0371492  ,  0.338047   ])
Iter time: 17.2278149128
Iter time: 28.6020669937
Iter time: 44.5264089108
100     , -17012.3    , array([ 0.0125255  ,  0.0106498  ,  0.383642   ,  0.0209935  ,  5.90567    ,  0.0352723  ,  0.260585   ,  0.156059   ,  0.0377976  ,  0.312169   ])
Iter time: 16.9077539444
Iter time: 25.913438797
Iter time: 37.7971229553
101     , -14669.6    , array([ 0.00813053 ,  0.00930725 ,  0.510688   ,  0.0149954  ,  6.50697    ,  0.0123882  ,  0.383657   ,  0.230541   ,  0.0319317  ,  0.400484   ])
Iter time: 16.7641539574
Iter time: 27.2986569405
Iter time: 41.9174289703
103     , -16472.1    , array([ 0.0117578  ,  0.0103389  ,  0.404594   ,  0.0194823  ,  6.13325    ,  0.0284584  ,  0.282109   ,  0.181866   ,  0.0359343  ,  0.320244   ])
Iter time: 16.7246279716
Iter time: 27.1958169937
Iter time: 41.8368048668
105     , -16356.8    , array([ 0.0116862  ,  0.0101645  ,  0.405471   ,  0.0193546  ,  6.14871    ,  0.0277608  ,  0.290031   ,  0.185599   ,  0.0361003  ,  0.325661   ])
Iter time: 16.8458108902
Iter time: 27.3067779541
Iter time: 41.7842819691
107     , -16246.5    , array([ 0.0111307  ,  0.00970141 ,  0.41078    ,  0.018695   ,  6.10885    ,  0.0260514  ,  0.294964   ,  0.19905    ,  0.0355583  ,  0.340111   ])
Iter time: 16.3232338428
Iter time: 26.4395771027
Iter time: 40.3041689396
109     , -16186.8    , array([ 0.0112576  ,  0.00994008 ,  0.41303    ,  0.0189142  ,  6.05271    ,  0.0251889  ,  0.293082   ,  0.184684   ,  0.0357579  ,  0.328238   ])
Iter time: 15.8055398464
Iter time: 24.2307469845
Iter time: 35.3811271191
110     , -14566.3    , array([ 0.00863164 ,  0.00826015 ,  0.490736   ,  0.0148175  ,  6.25781    ,  0.0110957  ,  0.388108   ,  0.263465   ,  0.0318144  ,  0.373796   ])
Iter time: 18.4102540016
Iter time: 29.9585909843
Iter time: 46.0567378998
111     , -14446.2    , array([ 0.00848868 ,  0.00720334 ,  0.478192   ,  0.0148736  ,  5.54849    ,  0.02236    ,  0.512104   ,  0.298701   ,  0.031126   ,  0.34478    ])
Iter time: 16.3494889736
Iter time: 25.096009016
Iter time: 36.7414269447
112     , -13933.5    , array([ 0.00771612 ,  0.00738427 ,  0.520395   ,  0.0135276  ,  6.01388    ,  0.0104638  ,  0.46716    ,  0.308422   ,  0.0300157  ,  0.376399   ])
Iter time: 16.3815999031
Iter time: 26.1591658592
Iter time: 39.409416914
115     , -15508.9    , array([ 0.0100942  ,  0.00904356 ,  0.439556   ,  0.0171135  ,  6.09009    ,  0.0201321  ,  0.337168   ,  0.223059   ,  0.0339239  ,  0.346829   ])
Iter time: 16.1797370911
Iter time: 25.6933500767
Iter time: 38.6967899799
117     , -15452.8    , array([ 0.0100964  ,  0.00911097 ,  0.442132   ,  0.0171276  ,  6.06391    ,  0.0195754  ,  0.338454   ,  0.216897   ,  0.0339295  ,  0.341661   ])
Iter time: 16.0663888454
Iter time: 25.7037041187
Iter time: 38.7756290436
119     , -15387.9    , array([ 0.0101091  ,  0.0097757  ,  0.429756   ,  0.0169735  ,  5.92209    ,  0.0206808  ,  0.345206   ,  0.227769   ,  0.0338872  ,  0.325582   ])
Iter time: 16.2748510838
Iter time: 24.9751188755
Iter time: 36.5265960693
120     , -13956.5    , array([ 0.00792644 ,  0.00744565 ,  0.521582   ,  0.0137826  ,  6.09264    ,  0.0106644  ,  0.465906   ,  0.296228   ,  0.0302094  ,  0.371169   ])
Iter time: 16.1251478195
Iter time: 25.4017751217
Iter time: 37.8816449642
122     , -14987.9    , array([ 0.00938893 ,  0.00855973 ,  0.463926   ,  0.0160435  ,  6.07906    ,  0.0164295  ,  0.372157   ,  0.239832   ,  0.0327664  ,  0.351576   ])
Iter time: 16.0991289616
Iter time: 25.3207988739
Iter time: 37.7924151421
124     , -14934.8    , array([ 0.00936021 ,  0.00880779 ,  0.45914    ,  0.0159262  ,  6.01541    ,  0.0166938  ,  0.377266   ,  0.246404   ,  0.032691   ,  0.344524   ])
Iter time: 16.6400060654
Iter time: 26.2045490742
Iter time: 39.0392189026
126     , -14901.2    , array([ 0.00928298 ,  0.00819224 ,  0.468811   ,  0.0158583  ,  6.30293    ,  0.0160106  ,  0.385044   ,  0.240131   ,  0.0341434  ,  0.351658   ])
Iter time: 16.3609480858
Iter time: 25.1648080349
Iter time: 36.711482048
127     , -13969.5    , array([ 0.00787557 ,  0.00735907 ,  0.522585   ,  0.0137174  ,  6.08015    ,  0.010681   ,  0.464834   ,  0.305051   ,  0.0297801  ,  0.379365   ])
Iter time: 16.1232769489
Iter time: 25.2435400486
Iter time: 37.489511013
129     , -14644.2    , array([ 0.00889441 ,  0.00828613 ,  0.478558   ,  0.0152565  ,  6.05066    ,  0.0145425  ,  0.400279   ,  0.260934   ,  0.0318074  ,  0.356427   ])
Iter time: 16.3823091984
Iter time: 25.5524981022
Iter time: 37.8590419292
131     , -14614.3    , array([ 0.00883872 ,  0.0079959  ,  0.484069   ,  0.0151946  ,  6.18094    ,  0.0141735  ,  0.405169   ,  0.258663   ,  0.0323913  ,  0.360341   ])
Iter time: 17.6512818336
Iter time: 27.5647099018
Iter time: 40.9720649719
132     , -13820.7    , array([ 0.00867727 ,  0.00902592 ,  0.443771   ,  0.0139093  ,  6.29477    ,  0.0164666  ,  0.532857   ,  0.230421   ,  0.0312284  ,  0.371618   ])
Iter time: 19.1270999908
Iter time: 30.2603440285
Iter time: 45.3924238682
133     , -13394.3    , array([ 0.00888776 ,  0.0102922  ,  0.398993   ,  0.0132922  ,  6.50607    ,  0.0209128  ,  0.656497   ,  0.194801   ,  0.0315544  ,  0.374574   ])
Iter time: 16.3892521858
Iter time: 25.9396119118
Iter time: 38.9990160465
134     , -13778.3    , array([ 0.00898595 ,  0.00686851 ,  0.454061   ,  0.0137913  ,  5.70023    ,  0.0150683  ,  0.542866   ,  0.311552   ,  0.0298417  ,  0.334903   ])
Iter time: 16.9949610233
Iter time: 26.8783581257
Iter time: 39.016575098
135     , -13551.8    , array([ 0.00823105 ,  0.00743078 ,  0.47948    ,  0.0132842  ,  6.0574     ,  0.0129276  ,  0.553018   ,  0.2852     ,  0.0295786  ,  0.37164    ])
Iter time: 16.9912321568
Iter time: 26.9301931858
Iter time: 39.2494430542
136     , -13381.3    , array([ 0.00816575 ,  0.00758844 ,  0.473119   ,  0.0129847  ,  5.90583    ,  0.0130223  ,  0.581415   ,  0.293378   ,  0.0285225  ,  0.369881   ])
Iter time: 16.9073681831
Iter time: 26.2925970554
Iter time: 38.928467989
137     , -12802.4    , array([ 0.00784872 ,  0.00739256 ,  0.467737   ,  0.0120034  ,  5.7729     ,  0.0124823  ,  0.696483   ,  0.312446   ,  0.026765   ,  0.374745   ])
Iter time: 17.9468910694
Iter time: 28.5620949268
Iter time: 43.1006190777
138     , -13230.5    , array([ 0.00820414 ,  0.00718445 ,  0.462232   ,  0.0127659  ,  5.73993    ,  0.0170309  ,  0.682278   ,  0.298023   ,  0.0280531  ,  0.356748   ])
Iter time: 18.7665159702
Iter time: 29.5033578873
Iter time: 44.0713088512
139     , -12963.2    , array([ 0.0074082  ,  0.0074401  ,  0.45645    ,  0.0135892  ,  5.87593    ,  0.016348   ,  0.714701   ,  0.301111   ,  0.0291443  ,  0.351652   ])
Iter time: 17.5151557922
Iter time: 27.9119548798
Iter time: 42.0504190922
141     , -13958.4    , array([ 0.00834122 ,  0.00742887 ,  0.474687   ,  0.0141869  ,  5.768      ,  0.0175407  ,  0.53542    ,  0.29104    ,  0.0302829  ,  0.354278   ])
Iter time: 18.1053819656
Iter time: 28.3426020145
Iter time: 42.3537988663
142     , -12851.5    , array([ 0.00729453 ,  0.00692029 ,  0.507062   ,  0.0112791  ,  5.75365    ,  0.0136543  ,  0.728273   ,  0.33381    ,  0.0290514  ,  0.37714    ])
Iter time: 18.7120509148
Iter time: 30.0617148876
Iter time: 45.515089035
143     , -13026.1    , array([ 0.00826286 ,  0.00770661 ,  0.428044   ,  0.0125513  ,  5.77094    ,  0.0193631  ,  0.764866   ,  0.276998   ,  0.0290695  ,  0.349393   ])
Iter time: 17.439923048
Iter time: 26.995057106
Iter time: 39.7218649387
144     , -12690      , array([ 0.00778687 ,  0.00769045 ,  0.461589   ,  0.0118422  ,  6.08386    ,  0.0120261  ,  0.713126   ,  0.287476   ,  0.0283539  ,  0.373097   ])
Iter time: 19.4719269276
Iter time: 31.3292021751
Iter time: 47.5886480808
146     , -12685.9    , array([ 0.00816528 ,  0.00772292 ,  0.409945   ,  0.0118252  ,  5.75804    ,  0.0202615  ,  0.892351   ,  0.280752   ,  0.0280649  ,  0.356487   ])
Iter time: 22.2256040573
Iter time: 36.732131958
Iter time: 57.0806908607
147     , -12508.5    , array([ 0.00828738 ,  0.0078654  ,  0.363436   ,  0.0109534  ,  5.59769    ,  0.0279278  ,  1.23496    ,  0.273319   ,  0.0270505  ,  0.349364   ])
Iter time: 20.9435689449
Iter time: 34.2562499046
Iter time: 52.9636039734
148     , -12568.7    , array([ 0.00850851 ,  0.00788604 ,  0.382415   ,  0.0115501  ,  5.75037    ,  0.0251299  ,  1.08095    ,  0.263214   ,  0.0276645  ,  0.346332   ])
Iter time: 20.7939929962
Iter time: 33.0676150322
Iter time: 49.7662498951
149     , -12082.1    , array([ 0.00722681 ,  0.00871572 ,  0.423484   ,  0.0109344  ,  6.07742    ,  0.0193304  ,  1.06759    ,  0.251929   ,  0.0274074  ,  0.391866   ])
Iter time: 23.7531740665
Iter time: 37.5578958988
Iter time: 56.4336359501
150     , -11458.5    , array([ 0.00648094 ,  0.00981801 ,  0.408977   ,  0.00973623 ,  6.27527    ,  0.0218942  ,  1.49712    ,  0.226544   ,  0.0262657  ,  0.423883   ])
Iter time: 22.1641499996
Iter time: 35.9410221577
Iter time: 55.0322041512
151     , -12128.6    , array([ 0.00752128 ,  0.00851785 ,  0.388478   ,  0.0106678  ,  5.75963    ,  0.0250351  ,  1.27897    ,  0.262822   ,  0.027002   ,  0.362541   ])
Iter time: 19.7131969929
Iter time: 31.6049070358
Iter time: 47.8431830406
152     , -11769.8    , array([ 0.00673682 ,  0.00592131 ,  0.464358   ,  0.0102026  ,  5.23332    ,  0.0160428  ,  1.23109    ,  0.40854    ,  0.0245347  ,  0.357361   ])
Iter time: 21.2974050045
Iter time: 33.9807550907
Iter time: 51.2862501144
153     , -11624.4    , array([ 0.00701614 ,  0.00816093 ,  0.401195   ,  0.0101575  ,  5.82322    ,  0.0194655  ,  1.333      ,  0.284427   ,  0.026867   ,  0.375347   ])
Iter time: 20.9525630474
Iter time: 33.2612650394
Iter time: 49.771914959
154     , -11494.9    , array([ 0.00674209 ,  0.00769564 ,  0.427662   ,  0.00990316 ,  5.80239    ,  0.0171391  ,  1.32878    ,  0.307641   ,  0.0255223  ,  0.38878    ])
Iter time: 21.6846139431
Iter time: 35.0880448818
Iter time: 53.3861448765
155     , -11462.9    , array([ 0.00737954 ,  0.00802533 ,  0.395856   ,  0.00858585 ,  5.68437    ,  0.0204928  ,  1.60983    ,  0.284222   ,  0.02479    ,  0.394115   ])
Iter time: 23.5094761848
Iter time: 38.2620880604
Iter time: 58.7256400585
156     , -11464.9    , array([ 0.00751192 ,  0.0088876  ,  0.339129   ,  0.00979502 ,  5.79113    ,  0.0266111  ,  1.85143    ,  0.248265   ,  0.0240926  ,  0.37073    ])
Iter time: 27.8193480968
Iter time: 46.2829871178
Iter time: 71.9379630089
157     , -11784.4    , array([ 0.00692053 ,  0.00863201 ,  0.344744   ,  0.0088372  ,  5.77547    ,  0.0338682  ,  2.35402    ,  0.253319   ,  0.0256064  ,  0.372296   ])
Iter time: 31.4064970016
Iter time: 53.3560910225
Iter time: 84.4982988834
158     , -12115.5    , array([ 0.00681288 ,  0.00849155 ,  0.329528   ,  0.00844818 ,  5.42354    ,  0.0432409  ,  2.91933    ,  0.268445   ,  0.0236837  ,  0.37378    ])
Iter time: 25.4778339863
Iter time: 40.9440250397
Iter time: 62.2447309494
159     , -10956.2    , array([ 0.00596397 ,  0.00840438 ,  0.386086   ,  0.00813667 ,  5.67132    ,  0.0230658  ,  2.3493     ,  0.294345   ,  0.0235312  ,  0.408855   ])
Iter time: 28.506387949
Iter time: 45.5735199451
Iter time: 68.9352087975
160     , -10401.3    , array([ 0.00499317 ,  0.00867618 ,  0.387935   ,  0.00682933 ,  5.6322     ,  0.0220983  ,  3.46342    ,  0.311265   ,  0.0217022  ,  0.444231   ])
Iter time: 25.5874938965
Iter time: 40.4492578506
Iter time: 60.7592029572
161     , -10536.7    , array([ 0.00553303 ,  0.00859341 ,  0.411583   ,  0.00780638 ,  5.83317    ,  0.0198056  ,  2.52732    ,  0.290929   ,  0.0230281  ,  0.425255   ])
Iter time: 25.9282579422
Iter time: 41.6074678898
Iter time: 62.9251289368
162     , -10601.9    , array([ 0.00573354 ,  0.0079492  ,  0.389526   ,  0.00753002 ,  5.68356    ,  0.0210826  ,  2.79651    ,  0.30876    ,  0.0223466  ,  0.423086   ])
Iter time: 20.1485521793
Iter time: 30.8633458614
Iter time: 44.8394980431
163     , -11156.9    , array([ 0.00611509 ,  0.00786925 ,  0.474832   ,  0.00929214 ,  6.09257    ,  0.0105726  ,  1.21467    ,  0.310872   ,  0.0251831  ,  0.420662   ])
Iter time: 19.9784359932
Iter time: 30.666960001
Iter time: 44.7850019932
164     , -10995      , array([ 0.00587282 ,  0.00759929 ,  0.483887   ,  0.00897272 ,  5.78281    ,  0.0106946  ,  1.31966    ,  0.343203   ,  0.0232146  ,  0.432783   ])
Iter time: 26.6338369846
Iter time: 41.7936089039
Iter time: 62.083163023
165     , -10353.5    , array([ 0.00586962 ,  0.011645   ,  0.362215   ,  0.00757475 ,  6.5106     ,  0.0208186  ,  2.55867    ,  0.205517   ,  0.0239621  ,  0.468471   ])
Iter time: 31.8395309448
Iter time: 49.3446159363
Iter time: 72.687912941
166     , -9896.58    , array([ 0.00547883 ,  0.0163304  ,  0.319907   ,  0.00652674 ,  7.26179    ,  0.0237157  ,  3.68873    ,  0.145765   ,  0.0236809  ,  0.536378   ])
Iter time: 26.4211370945
Iter time: 41.2405929565
Iter time: 61.3303081989
167     , -10106.2    , array([ 0.00536394 ,  0.00970661 ,  0.400679   ,  0.00696424 ,  6.11521    ,  0.0178493  ,  2.89659    ,  0.258254   ,  0.0213365  ,  0.479033   ])
Iter time: 28.1603879929
Iter time: 44.1786880493
Iter time: 65.9714651108
168     , -10068      , array([ 0.00533243 ,  0.0107827  ,  0.371015   ,  0.00665747 ,  6.20195    ,  0.0204374  ,  3.39585    ,  0.230556   ,  0.0216702  ,  0.4822     ])
Iter time: 27.9625761509
Iter time: 41.7755520344
Iter time: 61.8546910286
169     , -9767.86    , array([ 0.00446894 ,  0.00970456 ,  0.476357   ,  0.00623071 ,  6.29977    ,  0.012486   ,  2.75159    ,  0.281499   ,  0.0224747  ,  0.532975   ])
Iter time: 31.25198102
Iter time: 47.0746490955
Iter time: 68.3489780426
171     , -9426.33    , array([ 0.00411492 ,  0.0111635  ,  0.423486   ,  0.0066667  ,  6.5514     ,  0.0146841  ,  3.52266    ,  0.245414   ,  0.0214184  ,  0.532547   ])
Iter time: 39.9041910172
Iter time: 59.2121760845
Iter time: 84.3048779964
172     , -8718.77    , array([ 0.00307275 ,  0.0131665  ,  0.438015   ,  0.00587456 ,  7.03331    ,  0.01243    ,  5.21095    ,  0.228044   ,  0.0199086  ,  0.61905    ])
Iter time: 30.5553560257
Iter time: 46.5111620426
Iter time: 67.4154810905
173     , -9006.91    , array([ 0.00403581 ,  0.00967673 ,  0.415561   ,  0.00531398 ,  6.07141    ,  0.012273   ,  4.86099    ,  0.308302   ,  0.0191251  ,  0.534111   ])
Iter time: 40.5731101036
Iter time: 63.4900019169
Iter time: 94.4829721451
174     , -10016.1    , array([ 0.00393614 ,  0.0125828  ,  0.348508   ,  0.00497916 ,  6.24913    ,  0.0261848  ,  7.90638    ,  0.224299   ,  0.0188791  ,  0.564525   ])
Iter time: 24.1071600914
Iter time: 37.0060489178
Iter time: 54.5838019848
176     , -10183.8    , array([ 0.00526142 ,  0.00891794 ,  0.436449   ,  0.00758563 ,  5.99665    ,  0.0139503  ,  2.21165    ,  0.294707   ,  0.0222672  ,  0.465382   ])
Iter time: 34.9116120338
Iter time: 52.5615780354
Iter time: 75.8459920883
177     , -9032.61    , array([ 0.00380918 ,  0.0140986  ,  0.406995   ,  0.00546967 ,  6.8769     ,  0.0144616  ,  4.68752    ,  0.205492   ,  0.0203993  ,  0.603319   ])
Iter time: 37.6105761528
Iter time: 56.5730240345
Iter time: 81.4578340054
178     , -8850.04    , array([ 0.00366323 ,  0.0143992  ,  0.384322   ,  0.00491371 ,  6.92478    ,  0.0144557  ,  5.86887    ,  0.203438   ,  0.0193215  ,  0.643733   ])
Iter time: 36.3608698845
Iter time: 54.1886599064
Iter time: 77.0968821049
179     , -8729.38    , array([ 0.00381549 ,  0.0157825  ,  0.406987   ,  0.00525882 ,  7.47444    ,  0.0119016  ,  4.75906    ,  0.174642   ,  0.0200309  ,  0.663691   ])
Iter time: 46.0113608837
Iter time: 69.4713420868
Iter time: 99.8668839931
180     , -8936.56    , array([ 0.00339556 ,  0.0172117  ,  0.356727   ,  0.00440001 ,  7.33639    ,  0.0182635  ,  8.68703    ,  0.166127   ,  0.0191138  ,  0.680136   ])
Iter time: 47.2635428905
Iter time: 70.1948990822
Iter time: 99.8974919319
181     , -8538.37    , array([ 0.0030396  ,  0.0177325  ,  0.379647   ,  0.00437208 ,  7.46095    ,  0.0143397  ,  8.26222    ,  0.173565   ,  0.0195135  ,  0.708739   ])
Iter time: 50.1518809795
Iter time: 73.8739030361
Iter time: 104.246031046
183     , -8307.42    , array([ 0.00273246 ,  0.0176327  ,  0.411892   ,  0.00420464 ,  7.6336     ,  0.0116669  ,  8.41908    ,  0.183684   ,  0.0188143  ,  0.760462   ])
Iter time: 38.177957058
Iter time: 58.4539818764
Iter time: 85.2776911259
186     , -9304.75    , array([ 0.00380609 ,  0.0133961  ,  0.372202   ,  0.00508939 ,  6.62323    ,  0.0193115  ,  6.52239    ,  0.21271    ,  0.0195211  ,  0.593454   ])
Iter time: 34.3145680428
Iter time: 52.4114999771
Iter time: 76.0867660046
188     , -9306.14    , array([ 0.00440938 ,  0.0151108  ,  0.359312   ,  0.00575486 ,  7.10695    ,  0.0181907  ,  4.58387    ,  0.174746   ,  0.021653   ,  0.581403   ])
Iter time: 32.2827339172
Iter time: 48.8341510296
Iter time: 70.4967410564
190     , -9210.69    , array([ 0.00397965 ,  0.0119094  ,  0.432318   ,  0.00560054 ,  6.6595     ,  0.0134497  ,  4.06133    ,  0.237118   ,  0.0210551  ,  0.582081   ])
Iter time: 44.0175819397
Iter time: 65.0621399879
Iter time: 92.5159101486
191     , -8414.98    , array([ 0.00279052 ,  0.0134787  ,  0.444572   ,  0.00437975 ,  6.88312    ,  0.0108625  ,  7.65175    ,  0.242668   ,  0.0178686  ,  0.695255   ])
Iter time: 38.5068209171
Iter time: 58.2941350937
Iter time: 83.9533648491
193     , -8973.64    , array([ 0.00359762 ,  0.0138311  ,  0.389136   ,  0.00501699 ,  6.81927    ,  0.0160088  ,  6.26497    ,  0.210673   ,  0.0195089  ,  0.619137   ])
Iter time: 50.4404308796
Iter time: 74.7260169983
Iter time: 105.933056831
194     , -8376.99    , array([ 0.00284769 ,  0.0176429  ,  0.37489    ,  0.00427222 ,  7.43754    ,  0.0135587  ,  9.72404    ,  0.17932    ,  0.0177804  ,  0.725688   ])
Iter time: 49.8950321674
Iter time: 73.650454998
Iter time: 104.64209795
195     , -8361.72    , array([ 0.00280697 ,  0.015587   ,  0.391724   ,  0.00416352 ,  7.31621    ,  0.0124484  ,  9.74883    ,  0.201356   ,  0.0178545  ,  0.726486   ])
Iter time: 36.2159991264
Iter time: 54.4533820152
Iter time: 78.2375538349
197     , -8764.76    , array([ 0.00356737 ,  0.0122659  ,  0.406141   ,  0.00497471 ,  6.6239     ,  0.0128415  ,  5.93537    ,  0.245148   ,  0.0190393  ,  0.603864   ])
Iter time: 49.8368330002
Iter time: 73.3981728554
Iter time: 102.628855944
198     , -8213.73    , array([ 0.00275919 ,  0.0170632  ,  0.408369   ,  0.0043157  ,  7.61404    ,  0.0107909  ,  8.2933     ,  0.185913   ,  0.018325   ,  0.749095   ])
Iter time: 44.6058108807
Iter time: 66.6587538719
Iter time: 95.2801449299
201     , -8673.54    , array([ 0.00323705 ,  0.0162537  ,  0.379658   ,  0.00452044 ,  7.28427    ,  0.015091   ,  7.89478    ,  0.182345   ,  0.0189705  ,  0.683874   ])
Iter time: 52.9947190285
Iter time: 77.7312650681
Iter time: 109.366873026
202     , -8180.2     , array([ 0.00253608 ,  0.0167628  ,  0.42378    ,  0.00431677 ,  7.63079    ,  0.0108494  ,  9.30722    ,  0.192644   ,  0.0182803  ,  0.743464   ])
Iter time: 40.7020740509
Iter time: 60.9279439449
Iter time: 86.5862059593
205     , -8576.94    , array([ 0.00324169 ,  0.0140218  ,  0.405715   ,  0.00475276 ,  6.98834    ,  0.012575   ,  6.77386    ,  0.217659   ,  0.0188776  ,  0.653096   ])
Iter time: 41.0925841331
Iter time: 60.9021720886
Iter time: 86.4945759773
207     , -8532.66    , array([ 0.00332532 ,  0.0158115  ,  0.406073   ,  0.00486193 ,  7.39854    ,  0.0121394  ,  6.1736     ,  0.185746   ,  0.0193057  ,  0.684134   ])
Iter time: 42.9389398098
Iter time: 63.8693511486
Iter time: 90.6874079704
209     , -8530.71    , array([ 0.00299597 ,  0.0145745  ,  0.419676   ,  0.00509031 ,  7.19508    ,  0.0123913  ,  6.51505    ,  0.210087   ,  0.0192171  ,  0.664036   ])
Iter time: 45.4645268917
Iter time: 67.6166460514
Iter time: 96.2661290169
211     , -8519.22    , array([ 0.00306315 ,  0.0161053  ,  0.392683   ,  0.00449184 ,  7.31781    ,  0.0135195  ,  7.94251    ,  0.189196   ,  0.018771   ,  0.696911   ])
Iter time: 54.8747348785
Iter time: 80.5200359821
Iter time: 113.538928032
212     , -8221.3     , array([ 0.00256261 ,  0.0186723  ,  0.40395    ,  0.00414465 ,  7.80514    ,  0.0118356  ,  9.73061    ,  0.172151   ,  0.0182537  ,  0.782387   ])
Iter time: 47.4657371044
Iter time: 70.5654308796
Iter time: 99.8746879101
214     , -8437.62    , array([ 0.00293471 ,  0.0169827  ,  0.393255   ,  0.00439331 ,  7.43986    ,  0.0131002  ,  8.25743    ,  0.183221   ,  0.0189689  ,  0.715302   ])
Iter time: 44.5558409691
Iter time: 66.0977249146
Iter time: 93.7599320412
216     , -8424.65    , array([ 0.00305043 ,  0.0160939  ,  0.40606    ,  0.00460948 ,  7.41074    ,  0.0120993  ,  7.24237    ,  0.189411   ,  0.0188511  ,  0.704343   ])
Iter time: 45.7332689762
Iter time: 67.691614151
Iter time: 95.8828790188
218     , -8422.74    , array([ 0.00289803 ,  0.0155283  ,  0.412125   ,  0.00469316 ,  7.31894    ,  0.0122096  ,  7.47943    ,  0.2004     ,  0.0187897  ,  0.695968   ])
Iter time: 52.3558590412
Iter time: 76.9060618877
Iter time: 108.22170496
219     , -8160.82    , array([ 0.00253721 ,  0.0168722  ,  0.421156   ,  0.0042049  ,  7.57448    ,  0.0104896  ,  9.17198    ,  0.195377   ,  0.0179847  ,  0.76327    ])
Iter time: 51.169095993
Iter time: 75.1077060699
Iter time: 105.635827065
221     , -8176       , array([ 0.00257228 ,  0.0159796  ,  0.426348   ,  0.00426167 ,  7.47699    ,  0.0103548  ,  9.00949    ,  0.204357   ,  0.0176083  ,  0.753363   ])
Iter time: 47.1926038265
Iter time: 69.6424479485
Iter time: 98.4925599098
223     , -8344.1     , array([ 0.00287044 ,  0.0162768  ,  0.408755   ,  0.00444852 ,  7.43784    ,  0.0117789  ,  7.99038    ,  0.192174   ,  0.0184981  ,  0.721484   ])
Iter time: 47.8069269657
Iter time: 78.1357398033
Iter time: 99.7462229729
225     , -8340.71    , array([ 0.00279649 ,  0.0160259  ,  0.411628   ,  0.00447672 ,  7.39759    ,  0.0118112  ,  8.14697    ,  0.197255   ,  0.0184535  ,  0.718474   ])
Iter time: 47.0777118206
Iter time: 69.6439890862
Iter time: 98.346216917
227     , -8334.16    , array([ 0.00274442 ,  0.0150606  ,  0.425882   ,  0.0043294  ,  7.19986    ,  0.0111874  ,  8.26617    ,  0.214826   ,  0.0180245  ,  0.719286   ])
Iter time: 50.2648460865
Iter time: 74.2932579517
Iter time: 105.815647125
229     , -8310.65    , array([ 0.00276727 ,  0.0170949  ,  0.393585   ,  0.00427876 ,  7.47207    ,  0.0123793  ,  9.24315    ,  0.186345   ,  0.0179923  ,  0.734534   ])
Iter time: 52.5850582123
Iter time: 74.9802010059
Iter time: 104.872685909
230     , -8191.47    , array([ 0.00256889 ,  0.0179304  ,  0.436297   ,  0.00443482 ,  7.73481    ,  0.0102507  ,  7.83445    ,  0.183368   ,  0.0185943  ,  0.762568   ])
Iter time: 54.3713600636
Iter time: 79.8445060253
Iter time: 112.081814051
231     , -8143.87    , array([ 0.00245694 ,  0.0175061  ,  0.423606   ,  0.00414814 ,  7.66812    ,  0.0105364  ,  9.52097    ,  0.190336   ,  0.017966   ,  0.776407   ])
Iter time: 55.0271251202
Iter time: 80.8938090801
Iter time: 113.111418009
233     , -8110.25    , array([ 0.00245746 ,  0.018097   ,  0.42307    ,  0.00405964 ,  7.76543    ,  0.0102703  ,  9.63362    ,  0.184112   ,  0.0179133  ,  0.791847   ])
Iter time: 57.8536660671
Iter time: 84.6233968735
Iter time: 118.216390133
235     , -8072.41    , array([ 0.00244939 ,  0.0199774  ,  0.408368   ,  0.00414412 ,  8.10027    ,  0.0106591  ,  9.7899     ,  0.163917   ,  0.0183169  ,  0.806303   ])
Iter time: 51.5934660435
Iter time: 75.776227951
Iter time: 106.884176016
238     , -8237.42    , array([ 0.00266228 ,  0.0173545  ,  0.405887   ,  0.0042504  ,  7.58454    ,  0.0115401  ,  9.14489    ,  0.185803   ,  0.0180972  ,  0.751416   ])
Iter time: 51.5393111706
Iter time: 75.6868720055
Iter time: 106.52740097
240     , -8234.67    , array([ 0.00264204 ,  0.0176114  ,  0.414915   ,  0.0042157  ,  7.66361    ,  0.0111971  ,  8.76388    ,  0.184577   ,  0.01847    ,  0.764105   ])
Iter time: 52.3020510674
Iter time: 76.803579092
Iter time: 108.072011948
242     , -8200.7     , array([ 0.00260689 ,  0.0174848  ,  0.412332   ,  0.00423684 ,  7.64291    ,  0.0111193  ,  9.11443    ,  0.185577   ,  0.0181331  ,  0.760183   ])
Iter time: 54.5282571316
Iter time: 80.1304631233
Iter time: 112.203835011
243     , -8096.51    , array([ 0.00245971 ,  0.0175951  ,  0.422355   ,  0.00423521 ,  7.73585    ,  0.010237   ,  9.4901     ,  0.186331   ,  0.0178073  ,  0.773236   ])
Iter time: 53.8937840462
Iter time: 79.0970439911
Iter time: 111.240107059
245     , -8183.6     , array([ 0.00255069 ,  0.0180761  ,  0.412136   ,  0.00418938 ,  7.74876    ,  0.0111754  ,  9.40846    ,  0.179386   ,  0.0181721  ,  0.775036   ])
Iter time: 51.4329659939
Iter time: 75.3792989254
Iter time: 106.156403065
247     , -8179.59    , array([ 0.00263633 ,  0.0173296  ,  0.414574   ,  0.00426861 ,  7.66002    ,  0.0106895  ,  8.74081    ,  0.186086   ,  0.0181999  ,  0.759659   ])
Iter time: 54.7007520199
Iter time: 80.1708829403
Iter time: 112.098039865
248     , -8097.3     , array([ 0.00243944 ,  0.0176848  ,  0.430059   ,  0.00421355 ,  7.77366    ,  0.0100049  ,  9.23393    ,  0.187046   ,  0.0180316  ,  0.780589   ])
Iter time: 52.4154238701
Iter time: 76.6900889874
Iter time: 107.905529976
250     , -8160.63    , array([ 0.00253865 ,  0.0177444  ,  0.428324   ,  0.00431767 ,  7.72333    ,  0.0103854  ,  8.54776    ,  0.185017   ,  0.0183084  ,  0.767329   ])
Iter time: 53.866189003
Iter time: 78.9075829983
Iter time: 110.815557003
252     , -8159.15    , array([ 0.00252904 ,  0.0177998  ,  0.417098   ,  0.00420282 ,  7.72902    ,  0.010804   ,  9.32232    ,  0.18328    ,  0.0181061  ,  0.77319    ])
Iter time: 54.4629349709
Iter time: 79.866508007
Iter time: 111.51312995
253     , -8091.29    , array([ 0.00247803 ,  0.0185489  ,  0.41913    ,  0.00409622 ,  7.80865    ,  0.0100472  ,  9.17022    ,  0.180218   ,  0.0177693  ,  0.806578   ])
Iter time: 56.9340469837
Iter time: 83.4731218815
Iter time: 117.965664148
254     , -8076.71    , array([ 0.00235446 ,  0.0181879  ,  0.429375   ,  0.00410842 ,  7.8088     ,  0.0100719  ,  9.85856    ,  0.185377   ,  0.0177626  ,  0.798902   ])
Iter time: 59.5785651207
Iter time: 85.1962380409
Iter time: 119.337527037
255     , -8059.36    , array([ 0.00237076 ,  0.0202418  ,  0.41811    ,  0.00408507 ,  8.06973    ,  0.01034    ,  9.7384     ,  0.165543   ,  0.0183914  ,  0.815091   ])
Iter time: 58.2110691071
Iter time: 85.1113750935
Iter time: 118.765485048
257     , -8053.48    , array([ 0.00237112 ,  0.019882   ,  0.42265    ,  0.00411636 ,  8.06741    ,  0.0101777  ,  9.68121    ,  0.167508   ,  0.0180873  ,  0.815149   ])
Iter time: 61.338490963
Iter time: 89.7293457985
Iter time: 124.827452898
258     , -8005.07    , array([ 0.0022922  ,  0.0215826  ,  0.423399   ,  0.0040728  ,  8.32578    ,  0.0100253  ,  9.94633    ,  0.155102   ,  0.0181388  ,  0.842396   ])
Iter time: 54.144769907
Iter time: 79.3129470348
Iter time: 111.408185959
260     , -8123.61    , array([ 0.00248263 ,  0.018205   ,  0.424855   ,  0.00422595 ,  7.79929    ,  0.0103406  ,  9.04305    ,  0.181344   ,  0.0181632  ,  0.781621   ])
Iter time: 54.9570469856
Iter time: 80.741989851
Iter time: 112.778514862
262     , -8121.91    , array([ 0.00247563 ,  0.0182539  ,  0.419637   ,  0.00417051 ,  7.8057     ,  0.0105239  ,  9.42953    ,  0.180395   ,  0.0180654  ,  0.785026   ])
Iter time: 55.2241170406
Iter time: 80.991820097
Iter time: 113.423728943
264     , -8113.5     , array([ 0.00244101 ,  0.0181406  ,  0.422699   ,  0.0041444  ,  7.7818     ,  0.0103921  ,  9.52488    ,  0.183342   ,  0.0180004  ,  0.787092   ])
Iter time: 55.1598010063
Iter time: 80.7885971069
Iter time: 113.33514595
266     , -8103.06    , array([ 0.00245167 ,  0.0184959  ,  0.423214   ,  0.00417902 ,  7.84719    ,  0.0102977  ,  9.30686    ,  0.179057   ,  0.0180907  ,  0.790006   ])
Iter time: 55.6384100914
Iter time: 81.6801030636
Iter time: 113.968276024
268     , -8101.46    , array([ 0.00244702 ,  0.0185329  ,  0.420786   ,  0.00415194 ,  7.85249    ,  0.0103773  ,  9.49744    ,  0.178522   ,  0.0180432  ,  0.791975   ])
Iter time: 57.472962141
Iter time: 83.8542778492
Iter time: 117.240111113
269     , -8048.54    , array([ 0.00239784 ,  0.0196007  ,  0.420796   ,  0.00412403 ,  8.03365    ,  0.0100728  ,  9.60144    ,  0.169332   ,  0.0180503  ,  0.812063   ])
Iter time: 58.1121149063
Iter time: 85.1324429512
Iter time: 118.751060963
270     , -8040.26    , array([ 0.00237012 ,  0.019964   ,  0.419975   ,  0.00422341 ,  8.10545    ,  0.0101529  ,  9.48672    ,  0.165825   ,  0.0181658  ,  0.811268   ])
Iter time: 58.6817040443
Iter time: 85.6080429554
Iter time: 119.607967854
271     , -8034.12    , array([ 0.0023597  ,  0.0198342  ,  0.419187   ,  0.00411144 ,  8.07311    ,  0.0100971  ,  9.85745    ,  0.167908   ,  0.0180025  ,  0.817489   ])
Iter time: 56.3711998463
Iter time: 82.4202539921
Iter time: 115.523925781
273     , -8081.1     , array([ 0.00242164 ,  0.0189046  ,  0.420911   ,  0.00414648 ,  7.9167     ,  0.0102726  ,  9.5555     ,  0.1754     ,  0.0180428  ,  0.799047   ])
Iter time: 55.9793591499
Iter time: 81.8922159672
Iter time: 114.578536034
275     , -8078.16    , array([ 0.002417   ,  0.0185287  ,  0.425066   ,  0.00417378 ,  7.88405    ,  0.0101     ,  9.43814    ,  0.178963   ,  0.0180376  ,  0.79421    ])
Iter time: 60.572521925
Iter time: 88.4874360561
Iter time: 124.526562929
276     , -8021.84    , array([ 0.00232339 ,  0.021641   ,  0.418454   ,  0.00402419 ,  8.29633    ,  0.0101278  ,  9.79546    ,  0.156087   ,  0.0183301  ,  0.849002   ])
Iter time: 57.6407380104
Iter time: 82.2451441288
Iter time: 115.35322094
278     , -8070.7     , array([ 0.00242608 ,  0.0191723  ,  0.419731   ,  0.00410861 ,  7.93326    ,  0.0101185  ,  9.434      ,  0.174056   ,  0.0179453  ,  0.810479   ])
Iter time: 59.8788850307
Iter time: 87.2680749893
Iter time: 122.288156986
279     , -8020.12    , array([ 0.00233055 ,  0.0208311  ,  0.419519   ,  0.00408824 ,  8.20905    ,  0.0100782  ,  9.83242    ,  0.160867   ,  0.0181838  ,  0.832405   ])
Iter time: 57.2614378929
Iter time: 83.5237569809
Iter time: 117.001904011
281     , -8060.99    , array([ 0.00239188 ,  0.0192879  ,  0.422356   ,  0.00414114 ,  7.98842    ,  0.0101363  ,  9.5843     ,  0.172461   ,  0.0180827  ,  0.806704   ])
Iter time: 60.3126468658
Iter time: 88.0558159351
Iter time: 122.762178183
282     , -8011.26    , array([ 0.00238717 ,  0.022427   ,  0.408819   ,  0.00411559 ,  8.42824    ,  0.0102878  ,  9.55441    ,  0.146862   ,  0.0185667  ,  0.842049   ])
Iter time: 58.2140879631
Iter time: 85.06021595
Iter time: 119.278926134
284     , -8054.02    , array([ 0.00240665 ,  0.0202032  ,  0.413659   ,  0.0041266  ,  8.12254    ,  0.010398   ,  9.73565    ,  0.163556   ,  0.0182508  ,  0.814983   ])
Iter time: 61.8703250885
Iter time: 90.4208500385
Iter time: 125.712219
285     , -8001.21    , array([ 0.0023011  ,  0.0220028  ,  0.417088   ,  0.00411331 ,  8.40166    ,  0.0102236  ,  9.99863    ,  0.151122   ,  0.0184899  ,  0.838183   ])
Iter time: 61.8358950615
Iter time: 90.0897669792
Iter time: 126.007414103
287     , -7998.45    , array([ 0.00231601 ,  0.0224545  ,  0.413457   ,  0.0040755  ,  8.42823    ,  0.0102232  ,  9.92549    ,  0.148544   ,  0.0184313  ,  0.848576   ])
Iter time: 59.0403270721
Iter time: 86.1874129772
Iter time: 120.566241026
290     , -8040.98    , array([ 0.00235943 ,  0.0206312  ,  0.417762   ,  0.00409613 ,  8.15498    ,  0.0102537  ,  9.75518    ,  0.161897   ,  0.0183257  ,  0.822865   ])
Iter time: 59.2216668129
Iter time: 86.2021861076
Iter time: 120.554173946
292     , -8037.65    , array([ 0.00237487 ,  0.0206331  ,  0.415738   ,  0.00411538 ,  8.18325    ,  0.0102752  ,  9.75478    ,  0.160841   ,  0.0182592  ,  0.823207   ])
Iter time: 62.9161520004
Iter time: 91.5738148689
Iter time: 127.659652948
293     , -7994.07    , array([ 0.00228598 ,  0.022888   ,  0.413877   ,  0.00408271 ,  8.49197    ,  0.0102764  ,  9.98111    ,  0.146232   ,  0.0185301  ,  0.853753   ])
Iter time: 61.7928259373
Iter time: 90.2259190083
Iter time: 125.669831038
295     , -7991.89    , array([ 0.00230856 ,  0.022201   ,  0.416105   ,  0.00410782 ,  8.43366    ,  0.0100997  ,  9.86891    ,  0.149865   ,  0.0182922  ,  0.848778   ])
Iter time: 63.2054040432
Iter time: 92.192595005
Iter time: 128.318506002
296     , -7968.51    , array([ 0.00228354 ,  0.0230301  ,  0.415279   ,  0.00411368 ,  8.57655    ,  0.0100235  ,  9.92627    ,  0.144189   ,  0.0182755  ,  0.862039   ])
Iter time: 59.5408890247
Iter time: 86.8241930008
Iter time: 121.322791815
298     , -8024.26    , array([ 0.00234754 ,  0.0208185  ,  0.418216   ,  0.00415677 ,  8.22195    ,  0.0101581  ,  9.6698     ,  0.159597   ,  0.0182427  ,  0.825907   ])
Iter time: 63.4895758629
Iter time: 94.1108198166
Iter time: 128.01742506
299     , -7978.82    , array([ 0.00227128 ,  0.0228832  ,  0.417688   ,  0.00407529 ,  8.50805    ,  0.0100296  ,  9.94171    ,  0.146463   ,  0.0183776  ,  0.859351   ])
Iter time: 64.4067180157
Iter time: 93.6259670258
Iter time: 130.457484007
300     , -7972.04    , array([ 0.00226848 ,  0.0244956  ,  0.413955   ,  0.004072   ,  8.71511    ,  0.0101928  ,  9.85492    ,  0.136515   ,  0.0187167  ,  0.874049   ])
Iter time: 60.6980040073
Iter time: 88.4729468822
Iter time: 123.616969109
302     , -8010.36    , array([ 0.00232654 ,  0.0215965  ,  0.417175   ,  0.00411985 ,  8.32877    ,  0.0101532  ,  9.77181    ,  0.154235   ,  0.0183228  ,  0.837915   ])
Iter time: 63.4334099293
Iter time: 92.1313309669
Iter time: 128.599364996
303     , -7970.16    , array([ 0.00228882 ,  0.0231834  ,  0.413578   ,  0.00416268 ,  8.5867     ,  0.0101741  ,  9.95016    ,  0.141998   ,  0.0184753  ,  0.848962   ])
Iter time: 64.796626091
Iter time: 94.112803936
Iter time: 131.583873987
304     , -7962.47    , array([ 0.00227355 ,  0.0246055  ,  0.411353   ,  0.00411228 ,  8.75641    ,  0.0102434  ,  9.93639    ,  0.134383   ,  0.0186832  ,  0.869306   ])
Iter time: 67.3528001308
Iter time: 97.8911480904
Iter time: 136.166568995
305     , -7935.42    , array([ 0.00224558 ,  0.0267419  ,  0.40733    ,  0.00412435 ,  9.04363    ,  0.0103271  ,  9.98878    ,  0.122824   ,  0.018938   ,  0.888366   ])
Iter time: 61.7184679508
Iter time: 89.6887719631
Iter time: 125.227310896
307     , -7996.83    , array([ 0.00233698 ,  0.0227323  ,  0.412029   ,  0.00410835 ,  8.48308    ,  0.0102259  ,  9.73957    ,  0.145639   ,  0.0185175  ,  0.84861    ])
Iter time: 61.8479061127
Iter time: 90.1559500694
Iter time: 125.664981127
309     , -7995.88    , array([ 0.00230763 ,  0.0223646  ,  0.41596    ,  0.0041099  ,  8.44061    ,  0.0101624  ,  9.84812    ,  0.148822   ,  0.0184052  ,  0.847062   ])
Iter time: 64.9857430458
Iter time: 94.3701410294
Iter time: 131.902832985
310     , -7957.31    , array([ 0.00228861 ,  0.0250305  ,  0.404839   ,  0.00413481 ,  8.81251    ,  0.0103482  ,  9.88413    ,  0.131855   ,  0.0188987  ,  0.871412   ])
Iter time: 64.9433610439
Iter time: 94.4030828476
Iter time: 131.419817209
311     , -7952.96    , array([ 0.00227728 ,  0.0251938  ,  0.408521   ,  0.00409836 ,  8.81671    ,  0.0101721  ,  9.80981    ,  0.131686   ,  0.0186211  ,  0.882629   ])
Iter time: 65.8182561398
Iter time: 95.4699327946
Iter time: 132.813960075
312     , -7946.63    , array([ 0.002255   ,  0.0252619  ,  0.41112    ,  0.00414101 ,  8.86847    ,  0.0101623  ,  9.85895    ,  0.130783   ,  0.0187186  ,  0.878705   ])
Iter time: 62.826184988
Iter time: 91.4830830097
Iter time: 127.610226154
314     , -7981.67    , array([ 0.00230687 ,  0.0233913  ,  0.412113   ,  0.00410986 ,  8.58297    ,  0.0102061  ,  9.82155    ,  0.141711   ,  0.0185559  ,  0.85752    ])
Iter time: 66.6977500916
Iter time: 97.1561980247
Iter time: 136.385370016
315     , -7936.32    , array([ 0.00224693 ,  0.0261379  ,  0.407707   ,  0.00411286 ,  8.96444    ,  0.0102191  ,  9.95527    ,  0.126514   ,  0.0188164  ,  0.888612   ])
Iter time: 67.5119810104
Iter time: 96.482172966
Iter time: 134.112979174
316     , -7927.69    , array([ 0.00226041 ,  0.0262275  ,  0.40853    ,  0.00414634 ,  9.00723    ,  0.0100944  ,  9.81753    ,  0.125079   ,  0.018747   ,  0.888732   ])
Iter time: 68.5926680565
Iter time: 99.1725959778
Iter time: 137.820636988
317     , -7897.86    , array([ 0.00224773 ,  0.0280757  ,  0.405882   ,  0.00417853 ,  9.27647    ,  0.0100045  ,  9.73674    ,  0.11568    ,  0.0188564  ,  0.906756   ])
Iter time: 67.4774689674
Iter time: 98.0766811371
Iter time: 136.366963863
318     , -7921.74    , array([ 0.00222833 ,  0.0266173  ,  0.409031   ,  0.00413262 ,  9.05131    ,  0.0101235  ,  9.95973    ,  0.123935   ,  0.0187811  ,  0.894762   ])
Iter time: 68.4153859615
Iter time: 99.4645800591
Iter time: 138.088564873
319     , -7913.65    , array([ 0.00225463 ,  0.0280435  ,  0.401885   ,  0.00417934 ,  9.24475    ,  0.0103208  ,  9.84292    ,  0.115975   ,  0.0190459  ,  0.900096   ])
Iter time: 67.8693408966
Iter time: 98.2163450718
Iter time: 136.549504995
320     , -7908.01    , array([ 0.00225466 ,  0.0269159  ,  0.403116   ,  0.00420455 ,  9.13223    ,  0.0101809  ,  9.92718    ,  0.120433   ,  0.0187662  ,  0.890173   ])
Iter time: 69.8882811069
Iter time: 101.085871935
Iter time: 140.758946896
321     , -7899.25    , array([ 0.00222791 ,  0.0293014  ,  0.401421   ,  0.00412119 ,  9.38369    ,  0.0102011  ,  9.82763    ,  0.112031   ,  0.0190709  ,  0.925208   ])
Iter time: 71.4400360584
Iter time: 103.373733997
Iter time: 143.445016146
322     , -7887.61    , array([ 0.00222207 ,  0.0309519  ,  0.397073   ,  0.0041718  ,  9.56532    ,  0.0103907  ,  9.83162    ,  0.104899   ,  0.0194443  ,  0.924151   ])
Iter time: 75.8547708988
Iter time: 109.673741102
Iter time: 152.089313984
323     , -7851.86    , array([ 0.00219196 ,  0.0358826  ,  0.388271   ,  0.00420117 ,  10.1017    ,  0.0105793  ,  9.78463    ,  0.0894729  ,  0.0200565  ,  0.956865   ])
Iter time: 71.6516778469
Iter time: 103.775153875
Iter time: 143.862383842
324     , -7877.41    , array([ 0.00219809 ,  0.0306053  ,  0.403923   ,  0.00416372 ,  9.5669     ,  0.0101092  ,  9.85357    ,  0.106151   ,  0.0190281  ,  0.931476   ])
Iter time: 73.1494460106
Iter time: 105.666077852
Iter time: 146.793805122
325     , -7865.96    , array([ 0.00219345 ,  0.0316135  ,  0.399377   ,  0.00421406 ,  9.7198     ,  0.0102715  ,  9.93707    ,  0.101803   ,  0.0193954  ,  0.9296     ])
Iter time: 73.6079001427
Iter time: 106.787294149
Iter time: 148.299390078
326     , -7856.46    , array([ 0.0022029  ,  0.0329748  ,  0.394558   ,  0.00418527 ,  9.84184    ,  0.0103034  ,  9.90316    ,  0.0974966  ,  0.019432   ,  0.944325   ])
Iter time: 74.3335418701
Iter time: 109.233016014
Iter time: 149.164260149
327     , -7851.45    , array([ 0.00220207 ,  0.0333856  ,  0.395261   ,  0.00422865 ,  9.92003    ,  0.0102631  ,  9.79706    ,  0.0956689  ,  0.0194558  ,  0.945224   ])
Iter time: 78.3463029861
Iter time: 112.996129036
Iter time: 156.452090025
328     , -7814.72    , array([ 0.00217998 ,  0.0377315  ,  0.389182   ,  0.00428776 ,  10.4354    ,  0.0102851  ,  9.7189     ,  0.0831929  ,  0.0197836  ,  0.974868   ])
Iter time: 75.6631059647
Iter time: 109.553128004
Iter time: 151.70990181
329     , -7830.03    , array([ 0.00219037 ,  0.0349575  ,  0.392037   ,  0.00424977 ,  10.1187    ,  0.0101475  ,  9.71084    ,  0.0911566  ,  0.0195005  ,  0.963219   ])
Iter time: 76.9925351143
Iter time: 111.335201025
Iter time: 154.309747934
330     , -7824.42    , array([ 0.00219975 ,  0.0370888  ,  0.387107   ,  0.00426504 ,  10.3381    ,  0.0103564  ,  9.69       ,  0.0849562  ,  0.0198118  ,  0.970539   ])
Iter time: 78.0582270622
Iter time: 112.759218931
Iter time: 156.140906096
331     , -7814.65    , array([ 0.00216341 ,  0.037227   ,  0.39105    ,  0.00423452 ,  10.3506    ,  0.0101655  ,  9.77434    ,  0.0853081  ,  0.019691   ,  0.979437   ])
Iter time: 83.360667944
Iter time: 120.400892973
Iter time: 166.373960018
332     , -7773.17    , array([ 0.00211919 ,  0.0428916  ,  0.385743   ,  0.00426239 ,  10.9522    ,  0.0100887  ,  9.74022    ,  0.0731649  ,  0.0200217  ,  1.02169    ])
Iter time: 82.0011088848
Iter time: 118.643722057
Iter time: 164.172427177
333     , -7796.38    , array([ 0.00213674 ,  0.0425749  ,  0.386436   ,  0.00422065 ,  10.866     ,  0.0102864  ,  9.65459    ,  0.0743567  ,  0.020245   ,  1.01803    ])
Iter time: 82.3775210381
Iter time: 118.885957003
Iter time: 164.254679918
334     , -7782.91    , array([ 0.0021444  ,  0.0421432  ,  0.385126   ,  0.00432661 ,  10.8896    ,  0.0102832  ,  9.71781    ,  0.0736417  ,  0.020161   ,  0.998389   ])
Iter time: 87.3436501026
Iter time: 125.703631163
Iter time: 174.094208956
335     , -7762.94    , array([ 0.00210558 ,  0.0477052  ,  0.376915   ,  0.00429707 ,  11.3744    ,  0.0105429  ,  9.8047     ,  0.0651595  ,  0.020665   ,  1.03851    ])
Iter time: 98.829406023
Iter time: 142.285010099
Iter time: 195.985851049
336     , -7708.55    , array([ 0.00203791 ,  0.0621847  ,  0.363216   ,  0.00435759 ,  12.5951    ,  0.0108229  ,  9.83886    ,  0.0489033  ,  0.0216333  ,  1.1114     ])
Iter time: 89.4682528973
Iter time: 129.801887989
Iter time: 176.823693991
337     , -7747.73    , array([ 0.00212078 ,  0.0504285  ,  0.370781   ,  0.00435178 ,  11.6527    ,  0.0105771  ,  9.68555    ,  0.0608126  ,  0.0210109  ,  1.04729    ])
Iter time: 90.6460630894
Iter time: 130.445581198
Iter time: 180.164860964
338     , -7738.72    , array([ 0.00211099 ,  0.0535995  ,  0.369471   ,  0.00432754 ,  11.8931    ,  0.0104712  ,  9.55505    ,  0.0572014  ,  0.0209454  ,  1.07473    ])
Iter time: 93.9566550255
Iter time: 135.76628089
Iter time: 185.912437916
339     , -7726.75    , array([ 0.0020841  ,  0.05663    ,  0.369102   ,  0.00438653 ,  12.1988    ,  0.0104725  ,  9.51939    ,  0.0536858  ,  0.021222   ,  1.0857     ])
Iter time: 94.6902461052
Iter time: 136.73430419
Iter time: 188.600390196
340     , -7708.99    , array([ 0.00207347 ,  0.0570134  ,  0.371299   ,  0.00440783 ,  12.342     ,  0.0101788  ,  9.5819     ,  0.0528191  ,  0.0207948  ,  1.09888    ])
Iter time: 99.4206659794
Iter time: 143.201623917
Iter time: 197.300601006
341     , -7701.94    , array([ 0.00205234 ,  0.064537   ,  0.363757   ,  0.00438937 ,  12.8205    ,  0.0106185  ,  9.62893    ,  0.0464831  ,  0.0216644  ,  1.12079    ])
Iter time: 114.329896927
Iter time: 164.391017914
Iter time: 226.047148943
342     , -7654.62    , array([ 0.00198662 ,  0.0876885  ,  0.350392   ,  0.00446087 ,  14.4309    ,  0.0108621  ,  9.58823    ,  0.0331932  ,  0.0228347  ,  1.20899    ])
Iter time: 105.500834942
Iter time: 151.862128019
Iter time: 209.364444971
343     , -7676.96    , array([ 0.00200236 ,  0.0722513  ,  0.361121   ,  0.00441309 ,  13.4141    ,  0.0105039  ,  9.62929    ,  0.0413294  ,  0.0219383  ,  1.1623     ])
Iter time: 110.90923214
Iter time: 159.549294949
Iter time: 219.790855885
344     , -7661.5     , array([ 0.00198647 ,  0.0808748  ,  0.35386    ,  0.00441507 ,  13.9735    ,  0.0106213  ,  9.58288    ,  0.0366946  ,  0.0224285  ,  1.19856    ])
Iter time: 111.737993956
Iter time: 162.107042074
Iter time: 221.416322947
345     , -7648.94    , array([ 0.00199732 ,  0.0814883  ,  0.350153   ,  0.00452586 ,  14.112     ,  0.0106883  ,  9.63234    ,  0.0356472  ,  0.0223709  ,  1.18583    ])
Iter time: 130.526580095
Iter time: 187.079137087
Iter time: 257.388592958
346     , -7597.25    , array([ 0.00193106 ,  0.112737   ,  0.333309   ,  0.00468664 ,  16.0824    ,  0.0108951  ,  9.62123    ,  0.0246818  ,  0.0235162  ,  1.27984    ])
Iter time: 122.24490118
Iter time: 175.342771053
Iter time: 241.986920118
347     , -7628.25    , array([ 0.00194891 ,  0.100228   ,  0.341335   ,  0.00448617 ,  15.2235    ,  0.010816   ,  9.55058    ,  0.0289249  ,  0.0231665  ,  1.27073    ])
Iter time: 130.483677864
Iter time: 187.126414061
Iter time: 257.350550175
348     , -7612.98    , array([ 0.00193933 ,  0.116699   ,  0.332554   ,  0.0046006  ,  16.167     ,  0.011179   ,  9.4912     ,  0.0241817  ,  0.0240184  ,  1.29712    ])
Iter time: 132.475306988
Iter time: 191.983797073
Iter time: 261.073953152
349     , -7610.17    , array([ 0.00190352 ,  0.117393   ,  0.338525   ,  0.00455649 ,  16.2235    ,  0.0107815  ,  9.50617    ,  0.0241933  ,  0.0235083  ,  1.32073    ])
Iter time: 140.160237074
Iter time: 201.072614908
Iter time: 275.659996033
350     , -7592.73    , array([ 0.00187318 ,  0.129198   ,  0.333834   ,  0.0046295  ,  16.914     ,  0.0109544  ,  9.62612    ,  0.0216541  ,  0.0241324  ,  1.34118    ])
Iter time: 146.772361994
Iter time: 210.818647146
Iter time: 291.316546917
352     , -7577.38    , array([ 0.00185729 ,  0.144215   ,  0.327523   ,  0.00461675 ,  17.6039    ,  0.011052   ,  9.68375    ,  0.0192408  ,  0.0244381  ,  1.38494    ])
Iter time: 157.84666419
Iter time: 227.026950121
Iter time: 311.08927083
354     , -7567.28    , array([ 0.00182616 ,  0.172459   ,  0.317517   ,  0.00463719 ,  18.6803    ,  0.0115596  ,  9.64094    ,  0.01598    ,  0.0257586  ,  1.43313    ])
Iter time: 166.894211054
Iter time: 239.399525166
Iter time: 328.235342979
356     , -7564.16    , array([ 0.0018177  ,  0.193901   ,  0.315971   ,  0.00474936 ,  19.8064    ,  0.0110158  ,  9.35107    ,  0.0138     ,  0.0256397  ,  1.49091    ])
Iter time: 118.846695185
Iter time: 170.912698984
Iter time: 235.211108923
359     , -7636.9     , array([ 0.00195365 ,  0.0935784  ,  0.347439   ,  0.00449714 ,  14.8421    ,  0.0107349  ,  9.59648    ,  0.0310181  ,  0.0229084  ,  1.2385     ])
Iter time: 165.15905714
Iter time: 236.486886024
Iter time: 325.053011894
360     , -7556.89    , array([ 0.00182295 ,  0.187012   ,  0.314621   ,  0.00477443 ,  19.5339    ,  0.0113563  ,  9.54743    ,  0.0142804  ,  0.0256222  ,  1.46264    ])
Iter time: 126.619577885
Iter time: 181.65811801
Iter time: 249.890455961
363     , -7620.58    , array([ 0.001936   ,  0.107854   ,  0.34009    ,  0.00454098 ,  15.6764    ,  0.0109466  ,  9.57463    ,  0.0264268  ,  0.0235317  ,  1.27731    ])
Iter time: 167.443166018
Iter time: 242.468039989
Iter time: 329.07062602
364     , -7554.64    , array([ 0.00181867 ,  0.193475   ,  0.31227    ,  0.00476065 ,  19.7537    ,  0.0113809  ,  9.52144    ,  0.0138214  ,  0.0258082  ,  1.47953    ])
Iter time: 133.660465002
Iter time: 191.46447897
Iter time: 263.275758028
367     , -7604.12    , array([ 0.00191004 ,  0.120012   ,  0.333818   ,  0.0045696  ,  16.3569    ,  0.0109618  ,  9.55327    ,  0.0235853  ,  0.0238623  ,  1.32156    ])
Iter time: 169.64957118
Iter time: 242.330916882
Iter time: 332.549271107
368     , -7551.53    , array([ 0.00180516 ,  0.195599   ,  0.312226   ,  0.00477701 ,  19.8708    ,  0.0112782  ,  9.53307    ,  0.0136804  ,  0.0257449  ,  1.489      ])
Iter time: 139.857406139
Iter time: 200.552333117
Iter time: 275.961787939
371     , -7593.12    , array([ 0.00189725 ,  0.133598   ,  0.328153   ,  0.00463768 ,  17.0671    ,  0.01115    ,  9.52456    ,  0.0208406  ,  0.0243986  ,  1.34674    ])
Iter time: 141.197937965
Iter time: 202.560029984
Iter time: 279.152971029
373     , -7591.47    , array([ 0.00187934 ,  0.134864   ,  0.330572   ,  0.00461947 ,  17.1403    ,  0.0109684  ,  9.53299    ,  0.0206907  ,  0.024183   ,  1.36027    ])
Iter time: 142.554139137
Iter time: 204.038676023
Iter time: 283.113101959
375     , -7587.77    , array([ 0.00188103 ,  0.137158   ,  0.328105   ,  0.00462863 ,  17.2509    ,  0.01106    ,  9.55556    ,  0.0202957  ,  0.0243808  ,  1.36266    ])
Iter time: 141.398757935
Iter time: 202.470690012
Iter time: 278.399657011
377     , -7583.97    , array([ 0.00188887 ,  0.134245   ,  0.327597   ,  0.00468461 ,  17.1656    ,  0.0110346  ,  9.58621    ,  0.02056    ,  0.024247   ,  1.34519    ])
Iter time: 167.933897018
Iter time: 240.85530591
Iter time: 330.56744504
378     , -7553.22    , array([ 0.00179767 ,  0.191461   ,  0.315821   ,  0.00473744 ,  19.6915    ,  0.0111785  ,  9.59049    ,  0.0140363  ,  0.0255854  ,  1.48401    ])
Iter time: 147.800122023
Iter time: 212.737994909
Iter time: 291.425711155
380     , -7579.59    , array([ 0.00185611 ,  0.146602   ,  0.326919   ,  0.00466368 ,  17.7433    ,  0.01107    ,  9.58995    ,  0.018832   ,  0.0246269  ,  1.38395    ])
Iter time: 148.889168024
Iter time: 213.478338003
Iter time: 292.985450983
382     , -7578.57    , array([ 0.00185801 ,  0.150408   ,  0.325137   ,  0.00466084 ,  17.8925    ,  0.0110822  ,  9.54629    ,  0.0183219  ,  0.0246751  ,  1.39497    ])
Iter time: 149.711681128
Iter time: 214.893394947
Iter time: 294.795179129
384     , -7576.29    , array([ 0.0018577  ,  0.152383   ,  0.323775   ,  0.00466708 ,  17.9829    ,  0.0111295  ,  9.55713    ,  0.0180536  ,  0.0247906  ,  1.39783    ])
Iter time: 149.540402174
Iter time: 218.222910166
Iter time: 295.522156954
386     , -7574.08    , array([ 0.00186002 ,  0.151715   ,  0.323334   ,  0.00469434 ,  17.9802    ,  0.0111215  ,  9.57099    ,  0.018053   ,  0.02475    ,  1.39151    ])
Iter time: 152.959180117
Iter time: 219.323871136
Iter time: 301.867420912
388     , -7571.86    , array([ 0.00184401 ,  0.158815   ,  0.322821   ,  0.00468537 ,  18.2924    ,  0.0111419  ,  9.57191    ,  0.0172412  ,  0.0249493  ,  1.4118     ])
Iter time: 170.335986853
Iter time: 244.118356943
Iter time: 334.574054003
389     , -7550.6     , array([ 0.00180361 ,  0.19895    ,  0.312091   ,  0.00475895 ,  19.9646    ,  0.0113601  ,  9.56663    ,  0.0134348  ,  0.0259488  ,  1.4905     ])
