==========================================
SLURM_JOB_ID = 18981477
SLURM_NODELIST = c8-71
==========================================
Module slurm/17.11.5 loaded 
Module openmpi/3.0.1 loaded 
Module gcc/7.3.0 loaded 
Module python/2.7.6 loaded 
Module numpy/1.11.1 loaded 
Module dadi/1.7.0 loaded 
Module matplotlib/2.0 loaded 
Module scipy/0.18.0 loaded 
Beginning. Call:
/home/hemstrow/monarch/github/F-H_2018/DADI/demographic_models/run_3d_mods.py /home/hemstrow/monarch/github/F-H_2018/Data/dadi_inputs/ dadi_snps_10kgap.txt 1st_folded_optim_10kgap_snps_dadi_out.txt lgrowth_both 10 [NAM,GUA,HAW] True 3 [0.1,0.1,1,1,5,5,.1,.1,.1,.1,2,2] [1,1,10,10,20,20,10,10,10,10,4,4] [1e-3,1e-3,1e-3,1e-3,0.01,0.01,0.01,0.01,0.01,0.01,1,1] [150,15,15] fmin

Ready to begin run. Parameters:

Model:
lgrowth_both
Maxiters:
10
Pops:
['NAM', 'GUA', 'HAW']
Projection:
[150, 15, 15]
Number of segregating sites in projected sfs:
9454.98941724
Folding spectra:
True
Level of parm folding:
3
Optimizer:
fmin
p0:
[  0.54001311   0.46870072   1.52592217   0.27259739   3.73668009
  18.81776707   0.16350204   0.51386685   0.07748687   0.0503718    1.01
   2.45950077]
Upper Bounds:
[1.0, 1.0, 10.0, 10.0, 20.0, 20.0, 10.0, 10.0, 10.0, 10.0, 4.0, 4.0]
Lower Bounds:
[0.001, 0.001, 0.001, 0.001, 0.01, 0.01, 0.01, 0.01, 0.01, 0.01, 1.0, 1.0]

Beginning optimization ************************************************
optimize_log_fmin.
Iter time: 220.336035013
Iter time: 430.601167917
Iter time: 742.405434847
1       , -21597.6    , array([ 0.540013   ,  0.468701   ,  1.52592    ,  0.272597   ,  3.73668    ,  18.8178    ,  0.163502   ,  0.513867   ,  0.0774869  ,  0.0503718  ,  1.01       ,  2.4595     ])
Iter time: 220.697237968
Iter time: 428.468019962
Iter time: 743.223845959
2       , -21597.6    , array([ 0.52363    ,  0.468701   ,  1.52592    ,  0.272597   ,  3.73668    ,  18.8178    ,  0.163502   ,  0.513867   ,  0.0774869  ,  0.0503718  ,  1.01       ,  2.4595     ])
Iter time: 220.326807022
Iter time: 428.763406992
Iter time: 743.153913021
3       , -21597.5    , array([ 0.540013   ,  0.451274   ,  1.52592    ,  0.272597   ,  3.73668    ,  18.8178    ,  0.163502   ,  0.513867   ,  0.0774869  ,  0.0503718  ,  1.01       ,  2.4595     ])
Iter time: 220.207116127
Iter time: 428.642177105
Iter time: 741.52696085
4       , -21653.5    , array([ 0.540013   ,  0.468701   ,  1.55851    ,  0.272597   ,  3.73668    ,  18.8178    ,  0.163502   ,  0.513867   ,  0.0774869  ,  0.0503718  ,  1.01       ,  2.4595     ])
Iter time: 235.25880599
Iter time: 456.949497938
Iter time: 790.541213989
5       , -21670.7    , array([ 0.540013   ,  0.468701   ,  1.52592    ,  0.255445   ,  3.73668    ,  18.8178    ,  0.163502   ,  0.513867   ,  0.0774869  ,  0.0503718  ,  1.01       ,  2.4595     ])
Iter time: 220.137800932
Iter time: 428.967209816
Iter time: 742.74819994
6       , -21600.2    , array([ 0.540013   ,  0.468701   ,  1.52592    ,  0.272597   ,  3.99126    ,  18.8178    ,  0.163502   ,  0.513867   ,  0.0774869  ,  0.0503718  ,  1.01       ,  2.4595     ])
Iter time: 220.199764013
Iter time: 428.573931932
Iter time: 741.283133984
8       , -21868      , array([ 0.540013   ,  0.468701   ,  1.52592    ,  0.272597   ,  3.73668    ,  18.8178    ,  0.149348   ,  0.513867   ,  0.0774869  ,  0.0503718  ,  1.01       ,  2.4595     ])
Iter time: 220.54821682
Iter time: 429.413424015
Iter time: 742.990664959
9       , -21675.7    , array([ 0.540013   ,  0.468701   ,  1.52592    ,  0.272597   ,  3.73668    ,  18.8178    ,  0.163502   ,  0.497042   ,  0.0774869  ,  0.0503718  ,  1.01       ,  2.4595     ])
Iter time: 221.2901721
Iter time: 429.259467125
Iter time: 741.043768883
10      , -21612      , array([ 0.540013   ,  0.468701   ,  1.52592    ,  0.272597   ,  3.73668    ,  18.8178    ,  0.163502   ,  0.513867   ,  0.0681851  ,  0.0503718  ,  1.01       ,  2.4595     ])
Iter time: 220.101538897
Iter time: 147002.786122
Iter time: 740.934494019
11      , -21661.6    , array([ 0.540013   ,  0.468701   ,  1.52592    ,  0.272597   ,  3.73668    ,  18.8178    ,  0.163502   ,  0.513867   ,  0.0774869  ,  0.0433807  ,  1.01       ,  2.4595     ])
Iter time: 220.630800009
Iter time: 428.664853096
Iter time: 742.740589857
12      , -21597.6    , array([ 0.540013   ,  0.468701   ,  1.52592    ,  0.272597   ,  3.73668    ,  18.8178    ,  0.163502   ,  0.513867   ,  0.0774869  ,  0.0503718  ,  1.0105     ,  2.4595     ])
Iter time: 220.295493841
Iter time: 428.750843048
Iter time: 742.36063695
13      , -21597.7    , array([ 0.540013   ,  0.468701   ,  1.52592    ,  0.272597   ,  3.73668    ,  18.8178    ,  0.163502   ,  0.513867   ,  0.0774869  ,  0.0503718  ,  1.01       ,  2.5727     ])
Iter time: 192.296446085
Iter time: 373.698720932
Iter time: 646.193907976
14      , -21661.6    , array([ 0.537247   ,  0.46575    ,  1.53131    ,  0.269661   ,  3.77795    ,  16.2495    ,  0.161053   ,  0.511024   ,  0.0758528  ,  0.0491329  ,  1.01008    ,  2.47802    ])
Iter time: 217.538588047
Iter time: 425.265298128
Iter time: 731.948147058
15      , -21388      , array([ 0.536788   ,  0.46526    ,  1.5322     ,  0.269174   ,  3.78488    ,  18.3631    ,  0.178548   ,  0.510551   ,  0.0755838  ,  0.0489294  ,  1.0101     ,  2.48111    ])
Iter time: 216.094358921
Iter time: 422.515179873
Iter time: 727.879385948
16      , -21149.9    , array([ 0.535182   ,  0.46355    ,  1.53536    ,  0.267479   ,  3.80921    ,  18.1399    ,  0.195224   ,  0.508902   ,  0.0746499  ,  0.0482238  ,  1.01015    ,  2.49199    ])
Iter time: 217.416735888
Iter time: 422.381919146
Iter time: 730.747829914
17      , -21492.1    , array([ 0.535985   ,  0.464404   ,  1.53378    ,  0.268325   ,  3.79702    ,  18.2512    ,  0.167983   ,  0.529912   ,  0.0751154  ,  0.0485753  ,  1.01012    ,  2.48655    ])
Iter time: 202.708089113
Iter time: 390.828449965
Iter time: 677.356007099
18      , -21469.5    , array([ 0.535316   ,  0.463692   ,  1.53509    ,  0.2887     ,  3.80717    ,  18.1584    ,  0.168742   ,  0.515195   ,  0.0747273  ,  0.0482822  ,  1.01014    ,  2.49108    ])
Iter time: 204.549814939
Iter time: 398.236792088
Iter time: 688.670861006
20      , -21608.6    , array([ 0.537373   ,  0.465884   ,  1.53106    ,  0.271381   ,  3.77607    ,  17.4117    ,  0.163876   ,  0.512948   ,  0.0759263  ,  0.0491885  ,  1.01008    ,  2.47717    ])
Iter time: 213.001966
Iter time: 414.80189085
Iter time: 718.584248066
21      , -21430.9    , array([ 0.534558   ,  0.462884   ,  1.53659    ,  0.273424   ,  3.81873    ,  18.2599    ,  0.170123   ,  0.51574    ,  0.074289   ,  0.0570831  ,  1.01017    ,  2.49625    ])
Iter time: 211.850223064
Iter time: 412.217765808
Iter time: 712.813892841
22      , -21405.9    , array([ 0.533654   ,  0.461922   ,  1.50091    ,  0.273562   ,  3.83258    ,  18.1685    ,  0.171253   ,  0.516053   ,  0.073769   ,  0.0501961  ,  1.01019    ,  2.50242    ])
Iter time: 210.605523109
Iter time: 409.639854908
Iter time: 708.413731098
23      , -21411.2    , array([ 0.532602   ,  0.460802   ,  1.52874    ,  0.273723   ,  3.84881    ,  18.0625    ,  0.17258    ,  0.516418   ,  0.0849396  ,  0.0501669  ,  1.01023    ,  2.50965    ])
Iter time: 227.823915005
Iter time: 443.48376894
Iter time: 767.855827093
24      , -21379.8    , array([ 0.534424   ,  0.462741   ,  1.52323    ,  0.275344   ,  3.82079    ,  19.6408    ,  0.173677   ,  0.517925   ,  0.077719   ,  0.0515427  ,  1.01017    ,  2.49716    ])
Iter time: 212.949871063
Iter time: 414.912349224
Iter time: 716.04625392
25      , -21355.6    , array([ 0.530889   ,  0.45898    ,  1.52791    ,  0.274574   ,  3.58858    ,  18.3034    ,  0.175835   ,  0.517677   ,  0.0761917  ,  0.050525   ,  1.01028    ,  2.52148    ])
Iter time: 211.30190587
Iter time: 411.32574296
Iter time: 712.947103977
26      , -21317.7    , array([ 0.529384   ,  0.45738    ,  1.52824    ,  0.274905   ,  3.80733    ,  18.2191    ,  0.177979   ,  0.518314   ,  0.0759779  ,  0.0505506  ,  1.01032    ,  2.40247    ])
Iter time: 210.039108038
Iter time: 410.594218016
Iter time: 706.675497055
27      , -21271.5    , array([ 0.527632   ,  0.45552    ,  1.52863    ,  0.275291   ,  3.81923    ,  18.1211    ,  0.180514   ,  0.519059   ,  0.0757293  ,  0.0505804  ,  1.00979    ,  2.50324    ])
Iter time: 208.318159103
Iter time: 405.532809973
Iter time: 701.35383296
28      , -21217.8    , array([ 0.525597   ,  0.45336    ,  1.52908    ,  0.275743   ,  3.83317    ,  18.0076    ,  0.183516   ,  0.51993    ,  0.0754403  ,  0.0506153  ,  1.01026    ,  2.5106     ])
Iter time: 206.540336132
Iter time: 402.036643028
Iter time: 695.174188137
29      , -21155.3    , array([ 0.54238    ,  0.450852   ,  1.52961    ,  0.276271   ,  3.84949    ,  17.876     ,  0.187082   ,  0.520947   ,  0.0751045  ,  0.050656   ,  1.0103     ,  2.51922    ])
Iter time: 204.27838397
Iter time: 397.533583164
Iter time: 688.809211969
30      , -21082.8    , array([ 0.526309   ,  0.468189   ,  1.53022    ,  0.276888   ,  3.86862    ,  17.7236    ,  0.191331   ,  0.522137   ,  0.0747146  ,  0.0507035  ,  1.01035    ,  2.52932    ])
Iter time: 196.538897038
Iter time: 383.556035995
Iter time: 661.739371061
31      , -20831.5    , array([ 0.519588   ,  0.476883   ,  1.53237    ,  0.279058   ,  3.93633    ,  17.2007    ,  0.206974   ,  0.526321   ,  0.0733659  ,  0.0508702  ,  1.01053    ,  2.56496    ])
Iter time: 204.02184701
Iter time: 397.072678089
Iter time: 688.399160862
32      , -21079.9    , array([ 0.527526   ,  0.456967   ,  1.52215    ,  0.283141   ,  3.83007    ,  18.0942    ,  0.192819   ,  0.505753   ,  0.0767713  ,  0.0529848  ,  1.0103     ,  2.51478    ])
Iter time: 221.569475889
Iter time: 430.026945114
Iter time: 743.541574955
33      , -21036.7    , array([ 0.526896   ,  0.456556   ,  1.5187     ,  0.262307   ,  3.82368    ,  18.1759    ,  0.196267   ,  0.518599   ,  0.0775179  ,  0.0541387  ,  1.01031    ,  2.51417    ])
Iter time: 209.47813201
Iter time: 408.14363718
Iter time: 705.842859983
34      , -20990.1    , array([ 0.526375   ,  0.456305   ,  1.51427    ,  0.275052   ,  3.81292    ,  18.061     ,  0.199367   ,  0.518529   ,  0.0785301  ,  0.0453893  ,  1.01031    ,  2.51196    ])
Iter time: 212.199780941
Iter time: 412.474875212
Iter time: 714.859092951
35      , -20955.6    , array([ 0.527274   ,  0.457618   ,  1.51962    ,  0.274974   ,  3.77723    ,  18.2581    ,  0.201313   ,  0.518201   ,  0.0677909  ,  0.0507925  ,  1.01026    ,  2.49893    ])
Iter time: 210.86403203
Iter time: 410.227181911
Iter time: 708.581516981
36      , -20888.3    , array([ 0.52518    ,  0.455797   ,  1.55101    ,  0.275372   ,  3.78403    ,  18.1665    ,  0.208416   ,  0.518927   ,  0.0769645  ,  0.0508629  ,  1.0103     ,  2.50557    ])
Iter time: 193.808215857
Iter time: 376.353116035
Iter time: 651.900364876
37      , -20833.3    , array([ 0.522901   ,  0.453845   ,  1.53289    ,  0.273594   ,  3.7896     ,  16.5876    ,  0.211847   ,  0.517218   ,  0.0729342  ,  0.0494247  ,  1.01035    ,  2.51225    ])
Iter time: 203.689094067
Iter time: 398.485409021
Iter time: 686.35871315
38      , -20769.5    , array([ 0.525054   ,  0.456706   ,  1.52902    ,  0.274198   ,  4.07163    ,  17.51      ,  0.215847   ,  0.517389   ,  0.0738564  ,  0.0502355  ,  1.01025    ,  2.4865     ])
Iter time: 199.30715704
Iter time: 388.14709115
Iter time: 670.982952833
39      , -20484.7    , array([ 0.52216    ,  0.455573   ,  1.52958    ,  0.27401    ,  4.33702    ,  17.1262    ,  0.239148   ,  0.517246   ,  0.0727157  ,  0.0500914  ,  1.01024    ,  2.46919    ])
Iter time: 203.093551159
Iter time: 395.151889086
Iter time: 683.494866133
40      , -20669.1    , array([ 0.525343   ,  0.458002   ,  1.52892    ,  0.273719   ,  3.92193    ,  17.4106    ,  0.224009   ,  0.516575   ,  0.0735244  ,  0.0501338  ,  1.01019    ,  2.62162    ])
Iter time: 203.041082144
Iter time: 397.122867823
Iter time: 683.826497078
41      , -20615.5    , array([ 0.526704   ,  0.460289   ,  1.52858    ,  0.273074   ,  3.92704    ,  17.3884    ,  0.228955   ,  0.515421   ,  0.0734034  ,  0.0500302  ,  1.01079    ,  2.53553    ])
Iter time: 203.97104001
Iter time: 397.138185024
Iter time: 686.421016932
42      , -20568.6    , array([ 0.52893    ,  0.463653   ,  1.52804    ,  0.272186   ,  3.92857    ,  17.3963    ,  0.233668   ,  0.513812   ,  0.0733493  ,  0.0498989  ,  1.01041    ,  2.53226    ])
Iter time: 205.501484156
Iter time: 399.600301981
Iter time: 690.831739902
43      , -20532.8    , array([ 0.510422   ,  0.468412   ,  1.52725    ,  0.270992   ,  3.92519    ,  17.4451    ,  0.237867   ,  0.511631   ,  0.0733874  ,  0.0497339  ,  1.01038    ,  2.52577    ])
Iter time: 194.799093008
Iter time: 379.295847893
Iter time: 654.279315948
44      , -20439.2    , array([ 0.513219   ,  0.456374   ,  1.52019    ,  0.280509   ,  3.98658    ,  17.0797    ,  0.235579   ,  0.524208   ,  0.0736247  ,  0.0525114  ,  1.01058    ,  2.5591     ])
Iter time: 184.652597904
Iter time: 358.6572721
Iter time: 620.259362936
45      , -20099.4    , array([ 0.502578   ,  0.452828   ,  1.51267    ,  0.28726    ,  4.07834    ,  16.5731    ,  0.258784   ,  0.532033   ,  0.0731174  ,  0.0547962  ,  1.0108     ,  2.59333    ])
Iter time: 202.691133976
Iter time: 394.249262094
Iter time: 681.789935112
46      , -20337.2    , array([ 0.516481   ,  0.462247   ,  1.53179    ,  0.265631   ,  4.00658    ,  16.8741    ,  0.250505   ,  0.531944   ,  0.0710108  ,  0.0480614  ,  1.01051    ,  2.54894    ])
Iter time: 185.923135996
Iter time: 359.542497873
Iter time: 622.343816996
47      , -20263.7    , array([ 0.515381   ,  0.463619   ,  1.53746    ,  0.287331   ,  4.04466    ,  16.5915    ,  0.256319   ,  0.520968   ,  0.0693067  ,  0.0461129  ,  1.01054    ,  2.55541    ])
Iter time: 190.237880945
Iter time: 370.288685083
Iter time: 640.515961885
48      , -20210.3    , array([ 0.514079   ,  0.465106   ,  1.54587    ,  0.276019   ,  4.09615    ,  16.4625    ,  0.263124   ,  0.521446   ,  0.0670035  ,  0.0551469  ,  1.01058    ,  2.56497    ])
Iter time: 185.288980961
Iter time: 360.300365925
Iter time: 621.685986042
49      , -20110      , array([ 0.511039   ,  0.465027   ,  1.54483    ,  0.276272   ,  4.1911     ,  16.0062    ,  0.272474   ,  0.52232    ,  0.077467   ,  0.0499607  ,  1.01068    ,  2.58958    ])
Iter time: 182.21470499
Iter time: 356.071121931
Iter time: 612.667598009
50      , -20047.7    , array([ 0.510748   ,  0.468448   ,  1.51257    ,  0.276023   ,  4.25541    ,  15.7511    ,  0.275211   ,  0.522156   ,  0.0683076  ,  0.0497429  ,  1.0107     ,  2.59696    ])
Iter time: 169.576133013
Iter time: 329.426076174
Iter time: 568.913770199
51      , -19651.8    , array([ 0.503681   ,  0.474904   ,  1.4937     ,  0.276349   ,  4.51269    ,  14.6666    ,  0.316251   ,  0.523779   ,  0.0643514  ,  0.0491922  ,  1.01089    ,  2.64391    ])
Iter time: 193.760704041
Iter time: 377.360983133
Iter time: 653.625842094
52      , -19903.9    , array([ 0.509782   ,  0.474033   ,  1.52385    ,  0.278281   ,  4.37465    ,  16.9002    ,  0.289451   ,  0.524983   ,  0.0705936  ,  0.0511502  ,  1.01074    ,  2.6122     ])
Iter time: 190.669756889
Iter time: 371.692194939
Iter time: 639.668374062
53      , -19765.4    , array([ 0.511407   ,  0.450681   ,  1.52295    ,  0.272705   ,  4.28635    ,  16.2499    ,  0.313299   ,  0.515684   ,  0.0697292  ,  0.0497422  ,  1.0106     ,  2.56631    ])
Iter time: 182.033144951
Iter time: 354.621835947
Iter time: 613.306298971
54      , -19765.7    , array([ 0.503543   ,  0.468002   ,  1.5254     ,  0.277852   ,  4.36627    ,  15.8705    ,  0.306119   ,  0.525263   ,  0.0689669  ,  0.050407   ,  1.011      ,  2.50194    ])
Iter time: 178.673715115
Iter time: 347.932564974
Iter time: 601.837435007
55      , -19679.5    , array([ 0.498491   ,  0.466969   ,  1.52521    ,  0.279315   ,  4.43833    ,  15.6507    ,  0.314361   ,  0.528101   ,  0.0683665  ,  0.0505745  ,  1.01044    ,  2.58114    ])
Iter time: 174.242585897
Iter time: 339.134829044
Iter time: 588.034307957
56      , -19580.7    , array([ 0.491514   ,  0.464132   ,  1.52527    ,  0.281437   ,  4.52773    ,  15.3702    ,  0.323633   ,  0.532182   ,  0.0676195  ,  0.0508214  ,  1.01082    ,  2.59273    ])
Iter time: 161.114459991
Iter time: 313.424880981
Iter time: 542.367959023
57      , -19125.7    , array([ 0.47381    ,  0.464371   ,  1.52388    ,  0.28618    ,  4.86076    ,  14.4475    ,  0.380872   ,  0.541612   ,  0.0649247  ,  0.051289   ,  1.01103    ,  2.6235     ])
Iter time: 166.077156067
Iter time: 323.77201581
Iter time: 559.562080145
58      , -19385.3    , array([ 0.503057   ,  0.458753   ,  1.52549    ,  0.285257   ,  4.696      ,  14.8531    ,  0.343867   ,  0.539547   ,  0.0662182  ,  0.0512524  ,  1.01096    ,  2.61589    ])
Iter time: 166.089722157
Iter time: 323.467434883
Iter time: 558.557186127
59      , -19259.8    , array([ 0.488703   ,  0.472228   ,  1.52249    ,  0.284013   ,  4.30679    ,  14.7748    ,  0.363367   ,  0.537459   ,  0.0657955  ,  0.0510812  ,  1.01122    ,  2.70169    ])
Iter time: 159.858556986
Iter time: 308.144989967
Iter time: 531.881763935
60      , -19232.8    , array([ 0.489545   ,  0.467071   ,  1.51876    ,  0.296257   ,  4.71846    ,  14.6671    ,  0.369078   ,  0.523507   ,  0.066524   ,  0.0537822  ,  1.01107    ,  2.64267    ])
Iter time: 169.471194983
Iter time: 329.838068962
Iter time: 569.732174873
61      , -19134.7    , array([ 0.486403   ,  0.466265   ,  1.51007    ,  0.275284   ,  4.79563    ,  14.6136    ,  0.383304   ,  0.534969   ,  0.0676957  ,  0.0575108  ,  1.01113    ,  2.65077    ])
Iter time: 161.024672985
Iter time: 313.534862995
Iter time: 541.838483095
62      , -18991.8    , array([ 0.483158   ,  0.464967   ,  1.496      ,  0.286438   ,  4.86143    ,  14.4385    ,  0.397551   ,  0.536765   ,  0.0701427  ,  0.0484271  ,  1.01118    ,  2.65541    ])
Iter time: 148.363289118
Iter time: 288.193827152
Iter time: 499.89322114
63      , -18438.9    , array([ 0.468402   ,  0.464898   ,  1.47167    ,  0.291795   ,  5.29612    ,  13.5219    ,  0.488662   ,  0.544592   ,  0.0717671  ,  0.0453808  ,  1.01148    ,  2.70182    ])
Iter time: 160.18335104
Iter time: 311.170893908
Iter time: 537.11313796
64      , -18826.2    , array([ 0.479026   ,  0.465024   ,  1.48495    ,  0.288795   ,  4.94027    ,  14.4385    ,  0.423166   ,  0.539609   ,  0.0599007  ,  0.0526043  ,  1.01122    ,  2.64884    ])
Iter time: 156.603201866
Iter time: 304.54015708
Iter time: 526.074885845
65      , -18657      , array([ 0.48321    ,  0.479671   ,  1.51186    ,  0.277995   ,  5.24171    ,  13.6279    ,  0.483607   ,  0.531007   ,  0.0613898  ,  0.047637   ,  1.01117    ,  2.65436    ])
Iter time: 143.614769936
Iter time: 279.246460915
Iter time: 482.458980083
66      , -18620.1    , array([ 0.472149   ,  0.459119   ,  1.49879    ,  0.286916   ,  5.03618    ,  12.8933    ,  0.470986   ,  0.539162   ,  0.0621212  ,  0.050431   ,  1.01129    ,  2.64224    ])
Iter time: 146.749668837
Iter time: 285.911000967
Iter time: 494.971858025
67      , -18559.1    , array([ 0.472899   ,  0.463552   ,  1.49288    ,  0.2889     ,  5.16733    ,  13.2625    ,  0.478496   ,  0.541226   ,  0.0624882  ,  0.0511787  ,  1.01108    ,  2.78387    ])
Iter time: 134.837558985
Iter time: 262.589359999
Iter time: 453.033316851
68      , -18369.7    , array([ 0.459591   ,  0.483632   ,  1.49033    ,  0.297196   ,  5.43023    ,  12.5216    ,  0.501722   ,  0.555738   ,  0.0606859  ,  0.0521093  ,  1.01157    ,  2.75112    ])
Iter time: 114.026073933
Iter time: 221.389008045
Iter time: 383.886667013
69      , -17770.1    , array([ 0.435687   ,  0.501      ,  1.47428    ,  0.310254   ,  6.11201    ,  10.9917    ,  0.634915   ,  0.576917   ,  0.0566141  ,  0.0533347  ,  1.01205    ,  2.84845    ])
Iter time: 132.990998983
Iter time: 258.580858946
Iter time: 446.144582987
70      , -18153.4    , array([ 0.461035   ,  0.472267   ,  1.47972    ,  0.295289   ,  5.53156    ,  12.2575    ,  0.562179   ,  0.550728   ,  0.0599799  ,  0.0517076  ,  1.01199    ,  2.7806     ])
Iter time: 135.371890783
Iter time: 262.496096849
Iter time: 455.033981085
71      , -17963.5    , array([ 0.449605   ,  0.463945   ,  1.50856    ,  0.301773   ,  5.62817    ,  12.6945    ,  0.615052   ,  0.559935   ,  0.0629796  ,  0.0536044  ,  1.01172    ,  2.73749    ])
Iter time: 133.049438953
Iter time: 257.922042847
Iter time: 447.176735878
72      , -17966.5    , array([ 0.441814   ,  0.481181   ,  1.47438    ,  0.295105   ,  5.57418    ,  12.2113    ,  0.623219   ,  0.546942   ,  0.0606946  ,  0.0518358  ,  1.01179    ,  2.78784    ])
Iter time: 128.078097105
Iter time: 248.833573103
Iter time: 429.65612483
73      , -17870.8    , array([ 0.447209   ,  0.468916   ,  1.4694     ,  0.298296   ,  6.34492    ,  11.8923    ,  0.64526    ,  0.55067    ,  0.0602686  ,  0.0521367  ,  1.01161    ,  2.71346    ])
Iter time: 129.88052702
Iter time: 253.050011873
Iter time: 435.938682079
74      , -17678.4    , array([ 0.43976    ,  0.474405   ,  1.46492    ,  0.286295   ,  6.08439    ,  11.5681    ,  0.697266   ,  0.570131   ,  0.0586355  ,  0.0492626  ,  1.01186    ,  2.78632    ])
Iter time: 134.712918043
Iter time: 261.385231972
Iter time: 451.134938002
75      , -17061.2    , array([ 0.416799   ,  0.478115   ,  1.43873    ,  0.28144    ,  6.90915    ,  10.2735    ,  0.958382   ,  0.594978   ,  0.0550494  ,  0.0471473  ,  1.01225    ,  2.86104    ])
Iter time: 117.784387112
Iter time: 230.403678894
Iter time: 394.567778111
76      , -17444.5    , array([ 0.431354   ,  0.477218   ,  1.46151    ,  0.309245   ,  6.36211    ,  10.9482    ,  0.782177   ,  0.56789    ,  0.0556685  ,  0.0445681  ,  1.01199    ,  2.81337    ])
Iter time: 128.859560966
Iter time: 250.321393967
Iter time: 431.962597132
77      , -17245.5    , array([ 0.435944   ,  0.481348   ,  1.43821    ,  0.301339   ,  6.56487    ,  10.5738    ,  0.887479   ,  0.565372   ,  0.0565754  ,  0.0488184  ,  1.01224    ,  2.87591    ])
Iter time: 124.843317986
Iter time: 241.532660961
Iter time: 416.873874903
78      , -17226.4    , array([ 0.424478   ,  0.483443   ,  1.46807    ,  0.300734   ,  6.77265    ,  10.0451    ,  0.903721   ,  0.571899   ,  0.0607395  ,  0.0470088  ,  1.01223    ,  2.88771    ])
Iter time: 122.804214954
Iter time: 237.614867926
Iter time: 410.346791029
79      , -17113.5    , array([ 0.411811   ,  0.469294   ,  1.4349     ,  0.316537   ,  6.66168    ,  10.1151    ,  0.877625   ,  0.588394   ,  0.0591611  ,  0.0517959  ,  1.01246    ,  2.92246    ])
Iter time: 140.568651915
Iter time: 272.584811926
Iter time: 472.501003981
80      , -16954.2    , array([ 0.411963   ,  0.492096   ,  1.43694    ,  0.31176    ,  7.26445    ,  10.2676    ,  0.99964    ,  0.587995   ,  0.0579907  ,  0.0491445  ,  1.01252    ,  2.98561    ])
Iter time: 181.070411921
Iter time: 350.608258963
Iter time: 603.941524029
81      , -16374.8    , array([ 0.384811   ,  0.509463   ,  1.40698    ,  0.324977   ,  8.72475    ,  9.16263    ,  1.45634    ,  0.614046   ,  0.0560296  ,  0.0485137  ,  1.01314    ,  3.17368    ])
Iter time: 151.487315893
Iter time: 293.466454029
Iter time: 507.197775841
82      , -16690      , array([ 0.397419   ,  0.495122   ,  1.42845    ,  0.315751   ,  7.72595    ,  9.38505    ,  1.1845     ,  0.598207   ,  0.0566114  ,  0.0479969  ,  1.01308    ,  2.89628    ])
Iter time: 159.142264128
Iter time: 308.6704669
Iter time: 531.000579119
83      , -16579.3    , array([ 0.390394   ,  0.498899   ,  1.44186    ,  0.316757   ,  8.02773    ,  8.6615     ,  1.3443     ,  0.603887   ,  0.0473813  ,  0.054637   ,  1.01294    ,  3.01901    ])
Iter time: 165.573221922
Iter time: 321.442750931
Iter time: 556.447631836
84      , -16522.8    , array([ 0.385789   ,  0.495625   ,  1.42783    ,  0.316691   ,  8.17826    ,  9.01766    ,  1.35124    ,  0.6064     ,  0.0545079  ,  0.0483942  ,  1.01259    ,  2.97397    ])
Iter time: 162.21936202
Iter time: 313.941271067
Iter time: 541.171476841
85      , -16428.9    , array([ 0.393576   ,  0.488847   ,  1.42536    ,  0.320639   ,  8.65116    ,  8.60575    ,  1.3867     ,  0.621191   ,  0.0529094  ,  0.0477249  ,  1.01293    ,  2.99837    ])
Iter time: 169.176638126
Iter time: 327.304659128
Iter time: 564.985492945
86      , -16269.9    , array([ 0.378271   ,  0.511445   ,  1.37996    ,  0.316739   ,  9.20462    ,  7.75884    ,  1.609      ,  0.617366   ,  0.0495305  ,  0.0452653  ,  1.0132     ,  3.1002     ])
Iter time: 214.863740921
Iter time: 413.771934986
Iter time: 712.847351074
87      , -15824.5    , array([ 0.346968   ,  0.536988   ,  1.31983    ,  0.324498   ,  11.7713    ,  6.06579    ,  2.60242    ,  0.648254   ,  0.0439247  ,  0.0415957  ,  1.01394    ,  3.29919    ])
Iter time: 193.392183065
Iter time: 375.277993917
Iter time: 644.144972801
88      , -16038.9    , array([ 0.364547   ,  0.517586   ,  1.39162    ,  0.324959   ,  9.05066    ,  7.40319    ,  1.93496    ,  0.645057   ,  0.0491003  ,  0.0448201  ,  1.0137     ,  3.23121    ])
Iter time: 239.255109072
Iter time: 462.290745974
Iter time: 796.08601594
89      , -16012.4    , array([ 0.363234   ,  0.487077   ,  1.37373    ,  0.314855   ,  10.0309    ,  7.49914    ,  2.36783    ,  0.627273   ,  0.0510439  ,  0.0425616  ,  1.01353    ,  3.14344    ])
Iter time: 221.436288118
Iter time: 429.107882023
Iter time: 736.839528084
90      , -15925.4    , array([ 0.356521   ,  0.513096   ,  1.3715     ,  0.31683    ,  10.3963    ,  7.06878    ,  2.31172    ,  0.647895   ,  0.051166   ,  0.0505438  ,  1.01385    ,  3.24204    ])
Iter time: 221.841847181
Iter time: 427.675158024
Iter time: 736.641729116
91      , -15845.1    , array([ 0.341139   ,  0.514137   ,  1.38273    ,  0.32787    ,  10.8775    ,  6.84396    ,  2.3899     ,  0.665728   ,  0.0495096  ,  0.0464113  ,  1.01387    ,  3.23551    ])
Iter time: 252.91573596
Iter time: 487.957624197
Iter time: 840.740902185
92      , -15730.5    , array([ 0.337821   ,  0.517188   ,  1.34115    ,  0.333294   ,  11.4101    ,  6.75789    ,  2.75991    ,  0.675006   ,  0.0445706  ,  0.0480952  ,  1.01415    ,  3.28395    ])
Iter time: 367.391645908
Iter time: 705.455079079
Iter time: 1208.5503552
93      , -15519      , array([ 0.301371   ,  0.534933   ,  1.28187    ,  0.350873   ,  14.81      ,  5.54294    ,  4.82308    ,  0.733335   ,  0.03818    ,  0.0486477  ,  1.01512    ,  3.50202    ])
Iter time: 312.028396845
Iter time: 601.382891178
Iter time: 1032.80575991
94      , -15732      , array([ 0.330555   ,  0.544534   ,  1.3466     ,  0.322136   ,  13.2524    ,  6.07097    ,  3.77534    ,  0.68061    ,  0.0425386  ,  0.0431963  ,  1.01437    ,  3.34424    ])
Iter time: 326.717764854
Iter time: 627.30251193
Iter time: 1075.15444303
95      , -15677      , array([ 0.31422    ,  0.546201   ,  1.3283     ,  0.370557   ,  14.2428    ,  5.4756     ,  4.34472    ,  0.688332   ,  0.0437931  ,  0.0467682  ,  1.01493    ,  3.50603    ])
Iter time: 328.067525148
Iter time: 630.296694994
Iter time: 1084.21077085
96      , -15645.1    , array([ 0.316891   ,  0.536141   ,  1.32174    ,  0.33922    ,  14.104     ,  5.47914    ,  4.36551    ,  0.700818   ,  0.040801   ,  0.0457422  ,  1.0144     ,  3.57544    ])
Iter time: 353.714279175
Iter time: 677.879184961
Iter time: 1162.99163008
97      , -15572.9    , array([ 0.311571   ,  0.538505   ,  1.2906     ,  0.342026   ,  14.9106    ,  5.50059    ,  4.68094    ,  0.711666   ,  0.0475495  ,  0.0390105  ,  1.01479    ,  3.52817    ])
Iter time: 388.252240896
Iter time: 741.59054184
Iter time: 1267.43865204
98      , -15612.4    , array([ 0.30426    ,  0.549612   ,  1.28151    ,  0.346513   ,  16.177     ,  4.8655     ,  5.72835    ,  0.727878   ,  0.0404024  ,  0.0424887  ,  1.0155     ,  3.68507    ])
Iter time: 458.269582987
Iter time: 874.695920944
Iter time: 1496.31466794
99      , -15731.4    , array([ 0.285717   ,  0.56822    ,  1.26117    ,  0.346702   ,  16.9742    ,  4.63614    ,  7.07058    ,  0.729567   ,  0.0397935  ,  0.042258   ,  1.01559    ,  3.7829     ])
WARNING:Inference:Model is masked in some entries where data is not.
WARNING:Inference:Number of affected entries is 67. Sum of data in those entries is 3.29346:
Iter time: 486.660172939
Iter time: 925.336301804
Iter time: 1573.18158793
3.29345863478 9454.98941724
100     , -15715.5    , array([ 0.278077   ,  0.555236   ,  1.25456    ,  0.345783   ,  18.8055    ,  3.88699    ,  8.76073    ,  0.759568   ,  0.0354944  ,  0.0406254  ,  1.01579    ,  3.68008    ])
Iter time: 245.313186169
Iter time: 473.227195978
Iter time: 815.536693811
102     , -15766.9    , array([ 0.341453   ,  0.52621    ,  1.35388    ,  0.330904   ,  11.1002    ,  6.47082    ,  2.79972    ,  0.668264   ,  0.0461652  ,  0.0444246  ,  1.01417    ,  3.34111    ])
Iter time: 421.524706841
Iter time: 800.900097132
Iter time: 1368.02718306
103     , -15573.8    , array([ 0.278709   ,  0.595208   ,  1.25985    ,  0.363614   ,  18.7916    ,  4.16211    ,  7.12671    ,  0.772184   ,  0.0362974  ,  0.045881   ,  1.01586    ,  3.8357     ])
Iter time: 270.256542921
Iter time: 520.23694396
Iter time: 893.791261911
105     , -15705.3    , array([ 0.333366   ,  0.528874   ,  1.3385     ,  0.329301   ,  12.2455    ,  6.14708    ,  3.22962    ,  0.676429   ,  0.0462629  ,  0.0470701  ,  1.01436    ,  3.37882    ])
WARNING:Inference:Model is masked in some entries where data is not.
WARNING:Inference:Number of affected entries is 75. Sum of data in those entries is 3.30112:
Iter time: 523.581017971
Iter time: 995.993055105
Iter time: 2945.49708796
3.30111682491 9454.98941724
106     , -15748.3    , array([ 0.283737   ,  0.580734   ,  1.2274     ,  0.357547   ,  19.5074    ,  4.10115    ,  8.9567     ,  0.751169   ,  0.0349438  ,  0.0414994  ,  1.01594    ,  3.86025    ])
Iter time: 281.004554033
Iter time: 536.159307003
Iter time: 919.355119944
108     , -15658.4    , array([ 0.325811   ,  0.543455   ,  1.3073     ,  0.334672   ,  13.3732    ,  5.57718    ,  3.65331    ,  0.681236   ,  0.042338   ,  0.0427217  ,  1.0145     ,  3.43704    ])
Iter time: 299.402706861
Iter time: 575.603642941
Iter time: 989.153119802
110     , -15639.4    , array([ 0.32258    ,  0.538697   ,  1.32213    ,  0.338119   ,  13.0876    ,  5.72481    ,  3.83151    ,  0.692224   ,  0.0432481  ,  0.0440787  ,  1.01463    ,  3.4629     ])
Iter time: 240.364935875
Iter time: 462.643033981
Iter time: 792.869940042
111     , -15768.3    , array([ 0.334397   ,  0.517182   ,  1.37508    ,  0.330749   ,  11.4205    ,  6.61245    ,  2.66465    ,  0.675209   ,  0.0486745  ,  0.0465576  ,  1.01404    ,  3.27716    ])
