==========================================
SLURM_JOB_ID = 18981517
SLURM_NODELIST = c8-74
==========================================
Module slurm/17.11.5 loaded 
Module openmpi/3.0.1 loaded 
Module gcc/7.3.0 loaded 
Module python/2.7.6 loaded 
Module numpy/1.11.1 loaded 
Module dadi/1.7.0 loaded 
Module matplotlib/2.0 loaded 
Module scipy/0.18.0 loaded 
Beginning. Call:
/home/hemstrow/monarch/github/F-H_2018/DADI/demographic_models/run_3d_mods.py /home/hemstrow/monarch/github/F-H_2018/Data/dadi_inputs/ dadi_snps_10kgap.txt 1st_folded_optim_10kgap_snps_dadi_out.txt lgrowth_p2 10 [NAM,GUA,HAW] True 3 [0.1,0.1,0.5,1,5,5,.1,.1,.1,.1,2] [1,1,5,10,20,20,10,10,10,10,4] [1e-3,1e-3,1e-3,1e-3,0.01,0.01,0.01,0.01,0.01,0.01,1] [150,15,15] fmin

Ready to begin run. Parameters:

Model:
lgrowth_p2
Maxiters:
10
Pops:
['NAM', 'GUA', 'HAW']
Projection:
[150, 15, 15]
Number of segregating sites in projected sfs:
9454.98941724
Folding spectra:
True
Level of parm folding:
3
Optimizer:
fmin
p0:
[  2.03227542e-02   6.44202511e-02   2.38616001e+00   5.44866996e+00
   2.02270535e+00   1.98000000e+01   1.28077904e-01   1.96702527e-01
   1.35065461e-02   5.64059217e-02   3.96000000e+00]
Upper Bounds:
[1.0, 1.0, 5.0, 10.0, 20.0, 20.0, 10.0, 10.0, 10.0, 10.0, 4.0]
Lower Bounds:
[0.001, 0.001, 0.001, 0.001, 0.01, 0.01, 0.01, 0.01, 0.01, 0.01, 1.0]

Beginning optimization ************************************************
optimize_log_fmin.
Iter time: 345.573090076
Iter time: 669.114320993
Iter time: 1129.85520983
1       , -27955.2    , array([ 0.0203228  ,  0.0644203  ,  2.38616    ,  5.44867    ,  2.02271    ,  19.8       ,  0.128078   ,  0.196703   ,  0.0135065  ,  0.0564059  ,  3.96       ])
Iter time: 339.095080137
Iter time: 659.257459164
Iter time: 1122.3299129
2       , -27955.2    , array([ 0.0167256  ,  0.0644203  ,  2.38616    ,  5.44867    ,  2.02271    ,  19.8       ,  0.128078   ,  0.196703   ,  0.0135065  ,  0.0564059  ,  3.96       ])
Iter time: 364.153808832
Iter time: 715.488443136
Iter time: 1232.25723696
3       , -27949.7    , array([ 0.0203228  ,  0.056166   ,  2.38616    ,  5.44867    ,  2.02271    ,  19.8       ,  0.128078   ,  0.196703   ,  0.0135065  ,  0.0564059  ,  3.96       ])
Iter time: 334.54183197
Iter time: 641.260020971
Iter time: 1110.27248096
4       , -27976.4    , array([ 0.0203228  ,  0.0644203  ,  2.49221    ,  5.44867    ,  2.02271    ,  19.8       ,  0.128078   ,  0.196703   ,  0.0135065  ,  0.0564059  ,  3.96       ])
Iter time: 334.783190012
Iter time: 641.600347042
Iter time: 1112.29552794
5       , -28252      , array([ 0.0203228  ,  0.0644203  ,  2.38616    ,  5.93069    ,  2.02271    ,  19.8       ,  0.128078   ,  0.196703   ,  0.0135065  ,  0.0564059  ,  3.96       ])
Iter time: 334.938679934
Iter time: 652.816601038
Iter time: 1119.31086397
6       , -27957.4    , array([ 0.0203228  ,  0.0644203  ,  2.38616    ,  5.44867    ,  2.09522    ,  19.8       ,  0.128078   ,  0.196703   ,  0.0135065  ,  0.0564059  ,  3.96       ])
Iter time: 146912.503153
Iter time: 654.170171022
Iter time: 1144.39970899
8       , -28195.5    , array([ 0.0203228  ,  0.0644203  ,  2.38616    ,  5.44867    ,  2.02271    ,  19.8       ,  0.115571   ,  0.196703   ,  0.0135065  ,  0.0564059  ,  3.96       ])
Iter time: 342.956446171
Iter time: 657.897284985
Iter time: 1129.1062901
9       , -28162.7    , array([ 0.0203228  ,  0.0644203  ,  2.38616    ,  5.44867    ,  2.02271    ,  19.8       ,  0.128078   ,  0.181343   ,  0.0135065  ,  0.0564059  ,  3.96       ])
Iter time: 335.905728817
Iter time: 655.532050133
Iter time: 1113.43526292
10      , -27960.4    , array([ 0.0203228  ,  0.0644203  ,  2.38616    ,  5.44867    ,  2.02271    ,  19.8       ,  0.128078   ,  0.196703   ,  0.0108911  ,  0.0564059  ,  3.96       ])
Iter time: 334.863726139
Iter time: 647.741511106
Iter time: 1119.70833492
11      , -28011.2    , array([ 0.0203228  ,  0.0644203  ,  2.38616    ,  5.44867    ,  2.02271    ,  19.8       ,  0.128078   ,  0.196703   ,  0.0135065  ,  0.048853   ,  3.96       ])
Iter time: 350.583557129
Iter time: 692.730195045
Iter time: 1200.65910602
15      , -27953.2    , array([ 0.0184367  ,  0.0601517  ,  2.38616    ,  5.44867    ,  2.02271    ,  19.8       ,  0.128078   ,  0.196703   ,  0.0135065  ,  0.0564059  ,  3.96       ])
Iter time: 358.257299185
Iter time: 693.524840117
Iter time: 1199.39797187
16      , -27953.2    , array([ 0.0203228  ,  0.0601517  ,  2.38616    ,  5.44867    ,  2.02271    ,  19.8       ,  0.128078   ,  0.196703   ,  0.0135065  ,  0.0564059  ,  3.96       ])
Iter time: 358.043642044
Iter time: 692.503479958
Iter time: 1197.61591411
17      , -27954.2    , array([ 0.0203228  ,  0.0601517  ,  2.38616    ,  5.44867    ,  2.05864    ,  19.8       ,  0.128078   ,  0.196703   ,  0.0135065  ,  0.0564059  ,  3.96       ])
Iter time: 362.010514975
Iter time: 695.496670008
Iter time: 1201.88670182
18      , -27955.8    , array([ 0.0203228  ,  0.0601517  ,  2.38616    ,  5.44867    ,  2.02271    ,  19.8       ,  0.128078   ,  0.196703   ,  0.0121285  ,  0.0564059  ,  3.96       ])
Iter time: 353.631706953
Iter time: 677.630498886
Iter time: 1168.81577086
19      , -27963      , array([ 0.0203228  ,  0.0601517  ,  2.43861    ,  5.44867    ,  2.02271    ,  19.8       ,  0.128078   ,  0.196703   ,  0.0135065  ,  0.0564059  ,  3.96       ])
Iter time: 353.409381866
Iter time: 687.322040081
Iter time: 1170.81595707
20      , -27982.3    , array([ 0.0203228  ,  0.0601517  ,  2.38616    ,  5.44867    ,  2.02271    ,  19.8       ,  0.128078   ,  0.196703   ,  0.0135065  ,  0.0524938  ,  3.96       ])
Iter time: 357.737405062
Iter time: 687.488135099
Iter time: 1174.96999717
21      , -28056.4    , array([ 0.0203228  ,  0.0601517  ,  2.38616    ,  5.44867    ,  2.02271    ,  19.8       ,  0.128078   ,  0.188867   ,  0.0135065  ,  0.0564059  ,  3.96       ])
Iter time: 350.394644976
Iter time: 682.98555398
Iter time: 1178.63759398
22      , -28073.9    , array([ 0.0203228  ,  0.0601517  ,  2.38616    ,  5.44867    ,  2.02271    ,  19.8       ,  0.121664   ,  0.196703   ,  0.0135065  ,  0.0564059  ,  3.96       ])
Iter time: 351.827105999
Iter time: 684.761185884
Iter time: 1181.67218304
23      , -28101      , array([ 0.0203228  ,  0.0601517  ,  2.38616    ,  5.68457    ,  2.02271    ,  19.8       ,  0.128078   ,  0.196703   ,  0.0135065  ,  0.0564059  ,  3.96       ])
Iter time: 360.009290934
Iter time: 702.896095991
Iter time: 1201.30891299
28      , -27951.6    , array([ 0.0193567  ,  0.0581247  ,  2.38616    ,  5.44867    ,  2.02271    ,  19.8       ,  0.128078   ,  0.196703   ,  0.0135065  ,  0.0564059  ,  3.96       ])
Iter time: 369.785315037
Iter time: 707.960726976
Iter time: 1208.27913213
29      , -27951.6    , array([ 0.0203228  ,  0.0581247  ,  2.38616    ,  5.44867    ,  2.02271    ,  19.8       ,  0.128078   ,  0.196703   ,  0.0135065  ,  0.0564059  ,  3.96       ])
Iter time: 365.284374952
Iter time: 702.666601181
Iter time: 1225.61237693
30      , -27952.1    , array([ 0.0203228  ,  0.0581247  ,  2.38616    ,  5.44867    ,  2.04059    ,  19.8       ,  0.128078   ,  0.196703   ,  0.0135065  ,  0.0564059  ,  3.96       ])
Iter time: 366.165869951
Iter time: 709.466467857
Iter time: 1182.90186787
31      , -27952.9    , array([ 0.0203228  ,  0.0581247  ,  2.38616    ,  5.44867    ,  2.02271    ,  19.8       ,  0.128078   ,  0.196703   ,  0.012799   ,  0.0564059  ,  3.96       ])
Iter time: 360.705754995
Iter time: 708.121377945
Iter time: 1201.8171649
32      , -27956.3    , array([ 0.0203228  ,  0.0581247  ,  2.41224    ,  5.44867    ,  2.02271    ,  19.8       ,  0.128078   ,  0.196703   ,  0.0135065  ,  0.0564059  ,  3.96       ])
Iter time: 363.305853844
Iter time: 706.320625067
Iter time: 1224.65163302
33      , -27966.4    , array([ 0.0203228  ,  0.0581247  ,  2.38616    ,  5.44867    ,  2.02271    ,  19.8       ,  0.128078   ,  0.196703   ,  0.0135065  ,  0.0544147  ,  3.96       ])
Iter time: 368.543501139
Iter time: 706.665391922
Iter time: 1208.81907797
34      , -28003.1    , array([ 0.0203228  ,  0.0581247  ,  2.38616    ,  5.44867    ,  2.02271    ,  19.8       ,  0.128078   ,  0.192745   ,  0.0135065  ,  0.0564059  ,  3.96       ])
Iter time: 363.892668009
Iter time: 705.875326157
Iter time: 1218.21031404
35      , -28012.1    , array([ 0.0203228  ,  0.0581247  ,  2.38616    ,  5.44867    ,  2.02271    ,  19.8       ,  0.12483    ,  0.196703   ,  0.0135065  ,  0.0564059  ,  3.96       ])
Iter time: 363.837245941
Iter time: 696.690360785
Iter time: 1220.30949211
36      , -28025.3    , array([ 0.0203228  ,  0.0581247  ,  2.38616    ,  5.56537    ,  2.02271    ,  19.8       ,  0.128078   ,  0.196703   ,  0.0135065  ,  0.0564059  ,  3.96       ])
Iter time: 372.836007118
Iter time: 728.048765182
Iter time: 1246.57921004
39      , -27993.9    , array([ 0.0201436  ,  0.0577636  ,  2.39088    ,  5.4697     ,  2.02595    ,  19.9348    ,  0.127481   ,  0.195977   ,  0.0133751  ,  0.0560385  ,  3.89246    ])
Iter time: 358.542752981
Iter time: 684.161629915
Iter time: 1181.49814105
40      , -27967.6    , array([ 0.0201112  ,  0.0576981  ,  2.39174    ,  5.47354    ,  2.02654    ,  19.0982    ,  0.127373   ,  0.195845   ,  0.0133513  ,  0.055972   ,  3.94763    ])
Iter time: 365.058096886
Iter time: 695.687245846
Iter time: 1210.15134501
41      , -27913      , array([ 0.020073   ,  0.0576209  ,  2.39276    ,  5.34258    ,  2.02723    ,  19.6948    ,  0.127245   ,  0.19569    ,  0.0133232  ,  0.0558935  ,  3.94539    ])
Iter time: 357.505818129
Iter time: 705.381240845
Iter time: 1208.71048307
42      , -27857.2    , array([ 0.0199492  ,  0.0573707  ,  2.39606    ,  5.23455    ,  2.0295     ,  19.6424    ,  0.126831   ,  0.195185   ,  0.0132325  ,  0.055639   ,  3.9381     ])
Iter time: 362.026875019
Iter time: 705.730180025
Iter time: 1214.43534803
43      , -27897.4    , array([ 0.0200054  ,  0.0574843  ,  2.39456    ,  5.41737    ,  2.02847    ,  19.6662    ,  0.130934   ,  0.195415   ,  0.0132737  ,  0.0557545  ,  3.94141    ])
Iter time: 366.211807013
Iter time: 701.644526005
Iter time: 1221.4407742
44      , -27887.8    , array([ 0.0199482  ,  0.0573686  ,  2.39609    ,  5.4117     ,  2.02952    ,  19.642     ,  0.128126   ,  0.199927   ,  0.0132318  ,  0.0556369  ,  3.93804    ])
Iter time: 367.290747881
Iter time: 715.139635086
Iter time: 1235.67782497
46      , -27964.7    , array([ 0.0201302  ,  0.0577365  ,  2.39124    ,  5.44725    ,  2.02619    ,  19.8142    ,  0.127821   ,  0.196318   ,  0.0133652  ,  0.056011   ,  3.92271    ])
Iter time: 366.566672087
Iter time: 704.921693087
Iter time: 1204.18978214
48      , -27949      , array([ 0.0201148  ,  0.0577055  ,  2.39164    ,  5.44797    ,  2.02647    ,  19.4264    ,  0.127787   ,  0.196273   ,  0.013354   ,  0.0559795  ,  3.94927    ])
Iter time: 365.240144968
Iter time: 716.251565933
Iter time: 1221.97805095
49      , -27899.6    , array([ 0.0198791  ,  0.0572287  ,  2.39795    ,  5.39637    ,  2.03079    ,  19.6525    ,  0.128273   ,  0.196624   ,  0.0131811  ,  0.0579024  ,  3.9399     ])
Iter time: 362.201346874
Iter time: 701.341016054
Iter time: 1195.30760813
50      , -27891.3    , array([ 0.0200235  ,  0.057521   ,  2.39407    ,  5.38857    ,  2.02814    ,  19.6092    ,  0.128614   ,  0.197065   ,  0.013287   ,  0.056593   ,  3.98052    ])
Iter time: 364.083773851
Iter time: 703.160494089
Iter time: 1211.97229314
51      , -27888.3    , array([ 0.0197804  ,  0.0570284  ,  2.36997    ,  5.37631    ,  2.03262    ,  19.5888    ,  0.128453   ,  0.196746   ,  0.0131088  ,  0.0562306  ,  3.94674    ])
Iter time: 364.320391178
Iter time: 706.837918997
Iter time: 1211.12221193
52      , -27878.8    , array([ 0.0196833  ,  0.0568313  ,  2.39291    ,  5.36326    ,  2.03443    ,  19.5506    ,  0.128521   ,  0.196753   ,  0.0138938  ,  0.0561987  ,  3.94434    ])
Iter time: 365.57406497
Iter time: 704.37336278
Iter time: 1212.686028
53      , -27867.2    , array([ 0.0195692  ,  0.0565993  ,  2.39414    ,  5.34788    ,  2.01549    ,  19.5056    ,  0.128602   ,  0.196763   ,  0.0132338  ,  0.0561611  ,  3.9415     ])
Iter time: 366.838098049
Iter time: 708.350276947
Iter time: 1206.58065414
54      , -27852.6    , array([ 0.0194353  ,  0.0563263  ,  2.39559    ,  5.32975    ,  2.03199    ,  19.4526    ,  0.128697   ,  0.196774   ,  0.0131848  ,  0.0561167  ,  3.93814    ])
Iter time: 370.386847973
Iter time: 705.267324924
Iter time: 1220.26792502
55      , -27803.7    , array([ 0.0190062  ,  0.0554481  ,  2.40032    ,  5.27127    ,  2.03665    ,  19.2811    ,  0.129008   ,  0.196809   ,  0.0130268  ,  0.0559727  ,  3.92726    ])
Iter time: 364.954643965
Iter time: 701.825055122
Iter time: 1212.97027016
56      , -27826      , array([ 0.0203375  ,  0.0558455  ,  2.39817    ,  5.29778    ,  2.03453    ,  19.3589    ,  0.128866   ,  0.196793   ,  0.0130984  ,  0.0560381  ,  3.9322     ])
Iter time: 357.677958965
Iter time: 691.736457825
Iter time: 1196.40429306
57      , -27805.1    , array([ 0.0193733  ,  0.057733   ,  2.40036    ,  5.27079    ,  2.03669    ,  19.2797    ,  0.12901    ,  0.196809   ,  0.0130255  ,  0.0559715  ,  3.92717    ])
Iter time: 369.015140057
Iter time: 719.839866161
Iter time: 1252.362854
58      , -27776.5    , array([ 0.0194404  ,  0.0561976  ,  2.39644    ,  5.23988    ,  2.03477    ,  19.6234    ,  0.129529   ,  0.197338   ,  0.0131149  ,  0.0563964  ,  3.93382    ])
Iter time: 372.398850203
Iter time: 717.30866313
Iter time: 1250.92120004
59      , -27689.6    , array([ 0.0191117  ,  0.0554585  ,  2.39884    ,  5.13883    ,  2.03893    ,  19.7226    ,  0.130408   ,  0.197872   ,  0.0129969  ,  0.056606   ,  3.92612    ])
Iter time: 365.431951046
Iter time: 704.009660959
Iter time: 1213.16747403
60      , -27788      , array([ 0.0195306  ,  0.0563431  ,  2.3903     ,  5.24316    ,  2.03191    ,  19.4102    ,  0.129426   ,  0.197213   ,  0.0132529  ,  0.0542995  ,  3.94067    ])
Iter time: 362.562452078
Iter time: 707.384719849
Iter time: 1245.97690201
61      , -27771.6    , array([ 0.0193228  ,  0.0558884  ,  2.39291    ,  5.19188    ,  2.03486    ,  19.3505    ,  0.126528   ,  0.198764   ,  0.0131567  ,  0.0561209  ,  3.93902    ])
Iter time: 371.88697505
Iter time: 713.607630014
Iter time: 1223.34241319
62      , -27756.6    , array([ 0.0191806  ,  0.0555611  ,  2.39318    ,  5.18446    ,  2.03642    ,  19.3599    ,  0.128429   ,  0.197407   ,  0.01312    ,  0.0552053  ,  3.89289    ])
Iter time: 364.449939966
Iter time: 717.650837898
Iter time: 1231.98943186
63      , -27736.1    , array([ 0.019308   ,  0.055776   ,  2.42181    ,  5.16206    ,  2.03262    ,  19.3388    ,  0.128585   ,  0.197848   ,  0.0133004  ,  0.0553755  ,  3.91642    ])
Iter time: 364.145082951
Iter time: 715.775629997
Iter time: 1233.12662101
64      , -27709.9    , array([ 0.0190324  ,  0.0551622  ,  2.40007    ,  5.08446    ,  2.03629    ,  19.232     ,  0.128996   ,  0.194331   ,  0.0131892  ,  0.0559185  ,  3.92114    ])
Iter time: 375.775192976
Iter time: 716.955110073
Iter time: 1230.38852
65      , -27686.4    , array([ 0.0191709  ,  0.0553826  ,  2.40456    ,  5.08083    ,  2.03171    ,  19.2642    ,  0.128687   ,  0.19702    ,  0.0124424  ,  0.0553092  ,  3.91069    ])
Iter time: 367.543465853
Iter time: 717.555644989
Iter time: 1235.22379303
66      , -27590.8    , array([ 0.0189197  ,  0.0546722  ,  2.41041    ,  4.94524    ,  2.03036    ,  19.1225    ,  0.12877    ,  0.197154   ,  0.0117746  ,  0.0548697  ,  3.89397    ])
Iter time: 370.486462116
Iter time: 713.3019979
Iter time: 1233.45420504
67      , -27648.3    , array([ 0.0191647  ,  0.0552605  ,  2.40629    ,  5.02344    ,  2.05355    ,  19.2391    ,  0.128637   ,  0.197082   ,  0.0127884  ,  0.0551126  ,  3.90488    ])
Iter time: 373.747826099
Iter time: 719.80258894
Iter time: 1239.97882605
68      , -27620.4    , array([ 0.018663   ,  0.0541473  ,  2.40622    ,  5.09393    ,  2.04375    ,  19.0332    ,  0.130768   ,  0.199024   ,  0.0127105  ,  0.0555337  ,  3.90223    ])
Iter time: 488.230206013
Iter time: 718.109831095
Iter time: 1216.45707512
69      , -27614.6    , array([ 0.0180229  ,  0.0553146  ,  2.40557    ,  4.99736    ,  2.04037    ,  19.2525    ,  0.129046   ,  0.197804   ,  0.0127706  ,  0.0550476  ,  3.90266    ])
Iter time: 369.655140877
Iter time: 734.738620043
Iter time: 1251.74195886
70      , -27600.3    , array([ 0.0186729  ,  0.0530916  ,  2.40433    ,  4.97453    ,  2.03888    ,  19.3266    ,  0.128909   ,  0.197968   ,  0.012796   ,  0.0549465  ,  3.90321    ])
Iter time: 368.426932812
Iter time: 717.475492001
Iter time: 1232.63081503
71      , -27564.9    , array([ 0.0189725  ,  0.0548447  ,  2.40509    ,  4.92195    ,  2.03932    ,  19.3334    ,  0.128893   ,  0.19818    ,  0.0127532  ,  0.0547608  ,  3.89876    ])
Iter time: 372.794121027
Iter time: 717.641438007
Iter time: 1241.27371407
72      , -27445.8    , array([ 0.0189557  ,  0.0545454  ,  2.40749    ,  4.75606    ,  2.04065    ,  19.3597    ,  0.128836   ,  0.198869   ,  0.0126186  ,  0.0541647  ,  3.88459    ])
Iter time: 364.544875145
Iter time: 719.149852991
Iter time: 1248.63021684
73      , -27519.5    , array([ 0.0183631  ,  0.0536562  ,  2.41832    ,  4.86139    ,  2.04567    ,  19.1958    ,  0.12837    ,  0.198076   ,  0.0124244  ,  0.0564228  ,  3.87539    ])
Iter time: 370.693152905
Iter time: 730.535098076
Iter time: 1237.57599401
74      , -27490.6    , array([ 0.0183895  ,  0.0536933  ,  2.42033    ,  4.85104    ,  2.04467    ,  19.2269    ,  0.131656   ,  0.196406   ,  0.0123856  ,  0.0546448  ,  3.86554    ])
Iter time: 369.888857126
Iter time: 987.366207123
Iter time: 1278.23878503
75      , -27457.8    , array([ 0.0183844  ,  0.0536749  ,  2.42502    ,  4.79962    ,  2.04461    ,  19.1935    ,  0.130294   ,  0.197573   ,  0.0122909  ,  0.0554482  ,  3.90634    ])
Iter time: 381.383268118
Iter time: 737.164747953
Iter time: 1275.32381797
76      , -27427      , array([ 0.0181011  ,  0.0530961  ,  2.39693    ,  4.75707    ,  2.05063    ,  19.1881    ,  0.130448   ,  0.197083   ,  0.0119514  ,  0.0552909  ,  3.88106    ])
Iter time: 383.29509902
Iter time: 753.049853086
Iter time: 1291.93420005
77      , -27274.6    , array([ 0.0175262  ,  0.0518048  ,  2.38459    ,  4.56664    ,  2.05969    ,  19.1132    ,  0.13139    ,  0.196702   ,  0.0113292  ,  0.0552487  ,  3.8635     ])
Iter time: 383.546485901
Iter time: 738.389940023
Iter time: 1256.54254293
78      , -27372.8    , array([ 0.01809    ,  0.0530775  ,  2.41581    ,  4.73626    ,  2.05119    ,  19.273     ,  0.130468   ,  0.201093   ,  0.0117236  ,  0.0546342  ,  3.86595    ])
Iter time: 368.57111001
Iter time: 719.667073965
Iter time: 1214.49555802
79      , -27335.7    , array([ 0.0178359  ,  0.0523743  ,  2.42014    ,  4.61716    ,  2.05077    ,  18.7149    ,  0.129066   ,  0.198075   ,  0.0116761  ,  0.0536238  ,  3.85022    ])
Iter time: 380.744035959
Iter time: 742.393446922
Iter time: 1263.00527096
80      , -27320.4    , array([ 0.0175557  ,  0.0520518  ,  2.41517    ,  4.65135    ,  2.03566    ,  19.0891    ,  0.130922   ,  0.19905    ,  0.0116718  ,  0.0548034  ,  3.86126    ])
Iter time: 378.081374168
Iter time: 729.841883183
Iter time: 1263.66279387
81      , -27295.8    , array([ 0.0178282  ,  0.052742   ,  2.41687    ,  4.5118     ,  2.04396    ,  19.3059    ,  0.128816   ,  0.197113   ,  0.0115627  ,  0.054257   ,  3.85647    ])
Iter time: 390.608173847
Iter time: 742.010871887
Iter time: 1288.10380697
82      , -27241.3    , array([ 0.018425   ,  0.0511839  ,  2.41958    ,  4.51431    ,  2.04799    ,  19.0956    ,  0.130493   ,  0.198203   ,  0.0113022  ,  0.0545924  ,  3.84771    ])
Iter time: 400.990488052
Iter time: 771.205861092
Iter time: 1319.84504294
83      , -27061.4    , array([ 0.0186294  ,  0.0492356  ,  2.42661    ,  4.29059    ,  2.05182    ,  19.0176    ,  0.131222   ,  0.198403   ,  0.0106326  ,  0.0543663  ,  3.82053    ])
Iter time: 376.921240091
Iter time: 734.257735968
Iter time: 1252.66612506
84      , -27159.9    , array([ 0.0177761  ,  0.0526009  ,  2.4249     ,  4.4147     ,  2.05185    ,  18.9668    ,  0.131055   ,  0.198117   ,  0.0109062  ,  0.0545873  ,  3.83222    ])
Iter time: 396.58215189
Iter time: 757.513476133
Iter time: 1299.39315701
85      , -27091.9    , array([ 0.0173464  ,  0.0507228  ,  2.42141    ,  4.35015    ,  2.06441    ,  19.1406    ,  0.131616   ,  0.199112   ,  0.0116884  ,  0.0546126  ,  3.83017    ])
Iter time: 389.801620007
Iter time: 752.041224957
Iter time: 1278.2724309
86      , -27083.5    , array([ 0.0176882  ,  0.0511576  ,  2.41405    ,  4.33668    ,  2.05235    ,  19.0576    ,  0.132627   ,  0.198373   ,  0.0109547  ,  0.0527953  ,  3.84033    ])
Iter time: 385.105924129
Iter time: 738.345634937
Iter time: 1296.88555598
87      , -27039      , array([ 0.0175383  ,  0.0506745  ,  2.41091    ,  4.25826    ,  2.05476    ,  18.9962    ,  0.12949    ,  0.200423   ,  0.0107465  ,  0.0541729  ,  3.84553    ])
Iter time: 404.406276941
Iter time: 767.936729193
Iter time: 1311.72603297
88      , -26818.2    , array([ 0.0171277  ,  0.0492294  ,  2.40621    ,  3.98962    ,  2.05982    ,  18.8819    ,  0.12842    ,  0.202462   ,  0.0100102  ,  0.0539384  ,  3.83556    ])
Iter time: 394.391165018
Iter time: 750.664090157
Iter time: 1300.09411502
89      , -26955.8    , array([ 0.0173188  ,  0.0499014  ,  2.40284    ,  4.16164    ,  2.05759    ,  18.9728    ,  0.130499   ,  0.200126   ,  0.0104326  ,  0.0531207  ,  3.79274    ])
Iter time: 377.18477416
Iter time: 724.976334095
Iter time: 1253.81561899
91      , -27303.1    , array([ 0.0183159  ,  0.0529168  ,  2.41048    ,  4.58254    ,  2.04663    ,  19.2031    ,  0.129689   ,  0.198914   ,  0.0118507  ,  0.0541704  ,  3.86261    ])
Iter time: 392.344677925
Iter time: 739.612306833
Iter time: 1283.17256379
92      , -26940.7    , array([ 0.017353   ,  0.0496258  ,  2.41019    ,  4.09156    ,  2.05325    ,  18.8128    ,  0.130488   ,  0.196459   ,  0.0105863  ,  0.0536385  ,  3.81513    ])
Iter time: 396.926873922
Iter time: 771.08712101
Iter time: 1330.89197588
93      , -26902.7    , array([ 0.0175127  ,  0.0498015  ,  2.40407    ,  4.10588    ,  2.05412    ,  19.3922    ,  0.132169   ,  0.199156   ,  0.0104417  ,  0.0546519  ,  3.82434    ])
