==========================================
SLURM_JOB_ID = 18981506
SLURM_NODELIST = c8-73
==========================================
Module slurm/17.11.5 loaded 
Module openmpi/3.0.1 loaded 
Module gcc/7.3.0 loaded 
Module python/2.7.6 loaded 
Module numpy/1.11.1 loaded 
Module dadi/1.7.0 loaded 
Module matplotlib/2.0 loaded 
Module scipy/0.18.0 loaded 
Beginning. Call:
/home/hemstrow/monarch/github/F-H_2018/DADI/demographic_models/run_3d_mods.py /home/hemstrow/monarch/github/F-H_2018/Data/dadi_inputs/ dadi_snps_10kgap.txt 1st_folded_optim_10kgap_snps_dadi_out.txt lgrowth_p2 10 [NAM,HAW,GUA] True 3 [0.1,0.1,0.5,1,5,5,.1,.1,.1,.1,2] [1,1,5,10,20,20,10,10,10,10,4] [1e-3,1e-3,1e-3,1e-3,0.01,0.01,0.01,0.01,0.01,0.01,1] [150,15,15] fmin

Ready to begin run. Parameters:

Model:
lgrowth_p2
Maxiters:
10
Pops:
['NAM', 'HAW', 'GUA']
Projection:
[150, 15, 15]
Number of segregating sites in projected sfs:
9454.98941724
Folding spectra:
True
Level of parm folding:
3
Optimizer:
fmin
p0:
[  2.07921679e-02   2.41962356e-02   4.83872695e-01   9.48557951e-01
   1.78621203e+01   1.33446026e+01   1.26078988e-02   1.66026607e-02
   6.06536719e-01   4.82129198e-02   1.01000000e+00]
Upper Bounds:
[1.0, 1.0, 5.0, 10.0, 20.0, 20.0, 10.0, 10.0, 10.0, 10.0, 4.0]
Lower Bounds:
[0.001, 0.001, 0.001, 0.001, 0.01, 0.01, 0.01, 0.01, 0.01, 0.01, 1.0]

Beginning optimization ************************************************
optimize_log_fmin.
Iter time: 567.724267006
Iter time: 1105.44832897
Iter time: 1907.65842915
1       , -33081.3    , array([ 0.0207922  ,  0.0241962  ,  0.483873   ,  0.948558   ,  17.8621    ,  13.3446    ,  0.0126079  ,  0.0166027  ,  0.606537   ,  0.0482129  ,  1.01       ])
Iter time: 568.77964592
Iter time: 1106.37738895
Iter time: 1907.68178892
2       , -33081.3    , array([ 0.0171315  ,  0.0241962  ,  0.483873   ,  0.948558   ,  17.8621    ,  13.3446    ,  0.0126079  ,  0.0166027  ,  0.606537   ,  0.0482129  ,  1.01       ])
Iter time: 649.306097031
Iter time: 1263.68807101
Iter time: 2188.08589101
3       , -33080      , array([ 0.0207922  ,  0.0200879  ,  0.483873   ,  0.948558   ,  17.8621    ,  13.3446    ,  0.0126079  ,  0.0166027  ,  0.606537   ,  0.0482129  ,  1.01       ])
Iter time: 574.409700871
Iter time: 1115.92596316
Iter time: 148497.162313
4       , -33073      , array([ 0.0207922  ,  0.0241962  ,  0.466625   ,  0.948558   ,  17.8621    ,  13.3446    ,  0.0126079  ,  0.0166027  ,  0.606537   ,  0.0482129  ,  1.01       ])
Iter time: 571.136915922
Iter time: 1103.46529484
Iter time: 1907.18300796
5       , -33082.5    , array([ 0.0207922  ,  0.0241962  ,  0.483873   ,  0.946056   ,  17.8621    ,  13.3446    ,  0.0126079  ,  0.0166027  ,  0.606537   ,  0.0482129  ,  1.01       ])
Iter time: 648.628875017
Iter time: 1258.41335201
Iter time: 2168.37162089
7       , -33400.1    , array([ 0.0207922  ,  0.0241962  ,  0.483873   ,  0.948558   ,  17.8621    ,  15.1905    ,  0.0126079  ,  0.0166027  ,  0.606537   ,  0.0482129  ,  1.01       ])
Iter time: 567.905431032
Iter time: 1106.5572269
Iter time: 1909.53018808
8       , -33636.8    , array([ 0.0207922  ,  0.0241962  ,  0.483873   ,  0.948558   ,  17.8621    ,  13.3446    ,  0.0101315  ,  0.0166027  ,  0.606537   ,  0.0482129  ,  1.01       ])
Iter time: 567.501667023
Iter time: 1102.99919009
Iter time: 1906.01973104
9       , -33160      , array([ 0.0207922  ,  0.0241962  ,  0.483873   ,  0.948558   ,  17.8621    ,  13.3446    ,  0.0126079  ,  0.0135265  ,  0.606537   ,  0.0482129  ,  1.01       ])
Iter time: 569.00480485
Iter time: 1104.88676596
Iter time: 1905.63092208
10      , -33099.8    , array([ 0.0207922  ,  0.0241962  ,  0.483873   ,  0.948558   ,  17.8621    ,  13.3446    ,  0.0126079  ,  0.0166027  ,  0.591562   ,  0.0482129  ,  1.01       ])
Iter time: 567.896089077
Iter time: 1103.08525705
Iter time: 1910.61971307
11      , -33110.6    , array([ 0.0207922  ,  0.0241962  ,  0.483873   ,  0.948558   ,  17.8621    ,  13.3446    ,  0.0126079  ,  0.0166027  ,  0.606537   ,  0.0414306  ,  1.01       ])
Iter time: 568.881563902
Iter time: 1103.20766306
Iter time: 1909.47384691
12      , -33081.3    , array([ 0.0207922  ,  0.0241962  ,  0.483873   ,  0.948558   ,  17.8621    ,  13.3446    ,  0.0126079  ,  0.0166027  ,  0.606537   ,  0.0482129  ,  1.0105     ])
Iter time: 597.747855902
Iter time: 1158.77845502
Iter time: 2001.91835904
13      , -32823.7    , array([ 0.0200728  ,  0.0233913  ,  0.48069    ,  0.948103   ,  15.4645    ,  13.6627    ,  0.0121165  ,  0.0159955  ,  0.603786   ,  0.0469021  ,  1.01009    ])
Iter time: 612.112437963
Iter time: 1187.59888005
Iter time: 2058.297369
14      , -32505.5    , array([ 0.0197225  ,  0.0229989  ,  0.479106   ,  0.947875   ,  13.3887    ,  13.8245    ,  0.011878   ,  0.0157003  ,  0.602415   ,  0.0462601  ,  1.01014    ])
Iter time: 603.82200408
Iter time: 1177.34704804
Iter time: 2033.82757807
15      , -32448.7    , array([ 0.019881   ,  0.0231765  ,  0.479826   ,  0.947979   ,  16.95      ,  13.7507    ,  0.0155203  ,  0.0158338  ,  0.603038   ,  0.0465508  ,  1.01012    ])
Iter time: 625.612246037
Iter time: 1214.26834798
Iter time: 2095.43602395
16      , -31788.4    , array([ 0.0194404  ,  0.0226828  ,  0.477815   ,  0.947689   ,  16.5116    ,  13.9584    ,  0.0192094  ,  0.0154628  ,  0.601296   ,  0.0457414  ,  1.01017    ])
Iter time: 528.196779966
Iter time: 1026.51315498
Iter time: 1778.60262704
17      , -32463.7    , array([ 0.0196395  ,  0.0229059  ,  0.478728   ,  0.947821   ,  16.7095    ,  11.8955    ,  0.0134643  ,  0.0156303  ,  0.602087   ,  0.0461075  ,  1.01015    ])
Iter time: 593.000226974
Iter time: 1151.95937395
Iter time: 1992.25096107
18      , -32560.2    , array([ 0.0194368  ,  0.0226788  ,  0.477798   ,  0.947687   ,  16.508     ,  13.2608    ,  0.0136261  ,  0.0196958  ,  0.601282   ,  0.0457347  ,  1.01017    ])
Iter time: 597.356073856
Iter time: 1162.36225796
Iter time: 2008.15419602
19      , -32515.8    , array([ 0.0192001  ,  0.0224133  ,  0.476702   ,  0.947528   ,  16.2731    ,  13.2456    ,  0.0138199  ,  0.0165529  ,  0.600331   ,  0.0541867  ,  1.01021    ])
Iter time: 603.194047928
Iter time: 1172.93422389
Iter time: 2027.65268397
20      , -32421.2    , array([ 0.018924   ,  0.0221035  ,  0.47541    ,  0.947341   ,  15.9998    ,  13.2277    ,  0.0140525  ,  0.0165438  ,  0.617178   ,  0.0475635  ,  1.01024    ])
Iter time: 611.4809618
Iter time: 1185.44423699
Iter time: 2048.3422842
21      , -32321.1    , array([ 0.0186028  ,  0.021743   ,  0.473887   ,  0.95008    ,  15.6826    ,  13.2065    ,  0.0143324  ,  0.0165332  ,  0.603846   ,  0.0474464  ,  1.01029    ])
Iter time: 617.372431993
Iter time: 1201.68697715
Iter time: 2080.37584805
22      , -32187      , array([ 0.0229187  ,  0.0213244  ,  0.472093   ,  0.947851   ,  15.3159    ,  13.1816    ,  0.0146704  ,  0.0165206  ,  0.603358   ,  0.0473084  ,  1.01034    ])
Iter time: 627.500736952
Iter time: 1222.69231915
Iter time: 2109.56308293
23      , -32028.6    , array([ 0.0192209  ,  0.0208401  ,  0.469983   ,  0.947723   ,  14.8936    ,  13.1522    ,  0.0150801  ,  0.0165057  ,  0.602782   ,  0.0471457  ,  1.00981    ])
Iter time: 639.157579899
Iter time: 1242.32454991
Iter time: 2146.387115
24      , -31843.1    , array([ 0.0189483  ,  0.020282   ,  0.4675     ,  0.947571   ,  14.4095    ,  13.1175    ,  0.0155791  ,  0.0164881  ,  0.602102   ,  0.0469543  ,  1.01028    ])
Iter time: 559.566488028
Iter time: 1085.14012694
Iter time: 1872.53983903
25      , -31628.1    , array([ 0.0186311  ,  0.0244727  ,  0.464584   ,  0.947392   ,  13.8576    ,  13.0766    ,  0.0161902  ,  0.0164674  ,  0.601299   ,  0.046729   ,  1.01033    ])
Iter time: 519.841825008
Iter time: 1007.1223011
Iter time: 1743.11216307
26      , -30941.1    , array([ 0.0176362  ,  0.0270119  ,  0.45523    ,  0.946809   ,  12.2058    ,  12.9446    ,  0.0183466  ,  0.0164002  ,  0.598697   ,  0.0460042  ,  1.01049    ])
Iter time: 619.591748953
Iter time: 1205.2138741
Iter time: 2081.01940989
27      , -31260.5    , array([ 0.0180817  ,  0.0207282  ,  0.479596   ,  0.947074   ,  12.9307    ,  13.0045    ,  0.0173329  ,  0.0164307  ,  0.599879   ,  0.0463323  ,  1.01042    ])
Iter time: 603.790217876
Iter time: 1174.38307118
Iter time: 2028.93058705
28      , -31496.4    , array([ 0.01909    ,  0.0217564  ,  0.4687     ,  0.947833   ,  13.3836    ,  13.0403    ,  0.0167549  ,  0.0134013  ,  0.604864   ,  0.0489582  ,  1.01029    ])
Iter time: 599.785369873
Iter time: 1168.05074906
Iter time: 2014.99893212
29      , -31357      , array([ 0.0193052  ,  0.0218954  ,  0.468334   ,  0.948047   ,  13.1027    ,  13.0182    ,  0.0171087  ,  0.0153451  ,  0.606651   ,  0.0405665  ,  1.01027    ])
Iter time: 584.734462976
Iter time: 1136.50195122
Iter time: 1962.57286906
30      , -31066.1    , array([ 0.0187209  ,  0.021148   ,  0.464061   ,  0.947731   ,  15.8631    ,  12.3375    ,  0.0212712  ,  0.0161112  ,  0.605323   ,  0.0463962  ,  1.01036    ])
Iter time: 689.994246006
Iter time: 1340.94573998
Iter time: 2314.75971985
31      , -30989      , array([ 0.018637   ,  0.0209278  ,  0.461808   ,  0.947769   ,  12.591     ,  14.4337    ,  0.0203921  ,  0.0162727  ,  0.606243   ,  0.0466025  ,  1.01039    ])
Iter time: 618.251355886
Iter time: 1201.508425
Iter time: 2077.96806192
32      , -30735.2    , array([ 0.019288   ,  0.0214731  ,  0.462584   ,  0.948327   ,  12.589     ,  13.1876    ,  0.0209071  ,  0.0153281  ,  0.589501   ,  0.0450086  ,  1.01032    ])
Iter time: 625.647264004
Iter time: 1217.0308609
Iter time: 2104.02800107
33      , -29909.8    , array([ 0.0194726  ,  0.0211646  ,  0.456301   ,  0.94882    ,  11.1668    ,  13.1675    ,  0.0255015  ,  0.0147541  ,  0.576132   ,  0.0437831  ,  1.01036    ])
Iter time: 613.906251907
Iter time: 1193.98558307
Iter time: 2066.09779286
34      , -30386.5    , array([ 0.0197847  ,  0.0217224  ,  0.46089    ,  0.945365   ,  12.0745    ,  13.2016    ,  0.022763   ,  0.0150238  ,  0.597391   ,  0.0444653  ,  1.01029    ])
Iter time: 606.950131178
Iter time: 1178.82024097
Iter time: 2167.79740191
35      , -30185      , array([ 0.0156353  ,  0.0222234  ,  0.460625   ,  0.947136   ,  11.8404    ,  13.2302    ,  0.0240877  ,  0.0147778  ,  0.596795   ,  0.0440954  ,  1.01023    ])
Iter time: 593.677983999
Iter time: 1152.11339283
Iter time: 1992.50912595
36      , -29995.2    , array([ 0.0179564  ,  0.023007   ,  0.461005   ,  0.947157   ,  11.6787    ,  13.2741    ,  0.025516   ,  0.0144967  ,  0.596282   ,  0.0437126  ,  1.01083    ])
Iter time: 574.365215063
Iter time: 1117.17066383
Iter time: 1928.32493401
37      , -29826.5    , array([ 0.0180375  ,  0.0241883  ,  0.462275   ,  0.947234   ,  11.6186    ,  13.3379    ,  0.0270167  ,  0.0141765  ,  0.595902   ,  0.0433237  ,  1.01047    ])
Iter time: 544.579103947
Iter time: 1058.60053897
Iter time: 1832.77771997
38      , -28769.5    , array([ 0.0175987  ,  0.0264151  ,  0.459685   ,  0.947065   ,  10.4329    ,  13.4495    ,  0.0355776  ,  0.0131452  ,  0.592826   ,  0.041615   ,  1.01056    ])
Iter time: 573.856805086
Iter time: 1115.02373886
Iter time: 1926.58884406
39      , -29484      , array([ 0.0172656  ,  0.0222355  ,  0.449127   ,  0.947003   ,  9.32742    ,  12.45      ,  0.024509   ,  0.0146767  ,  0.595164   ,  0.0437145  ,  1.01064    ])
Iter time: 587.976402044
Iter time: 1145.53615284
Iter time: 1972.73242593
40      , -29266.5    , array([ 0.0172644  ,  0.0232742  ,  0.454323   ,  0.946708   ,  10.7762    ,  13.2148    ,  0.0301114  ,  0.0172167  ,  0.589916   ,  0.0400096  ,  1.01059    ])
Iter time: 588.732825994
Iter time: 1144.51940012
Iter time: 1977.28773212
41      , -29016.1    , array([ 0.0167286  ,  0.0233847  ,  0.452174   ,  0.946251   ,  10.6229    ,  13.2733    ,  0.032681   ,  0.0153538  ,  0.585195   ,  0.048165   ,  1.01067    ])
Iter time: 566.044186115
Iter time: 1099.83006287
Iter time: 1902.974195
42      , -28655.6    , array([ 0.0176098  ,  0.0252491  ,  0.436855   ,  0.947074   ,  10.3863    ,  13.3369    ,  0.0362007  ,  0.0141637  ,  0.589141   ,  0.0424696  ,  1.01057    ])
Iter time: 543.062819958
Iter time: 1056.80031586
Iter time: 1818.89817715
43      , -27215.1    , array([ 0.0173785  ,  0.0278669  ,  0.416935   ,  0.947074   ,  9.30849    ,  13.5063    ,  0.0523167  ,  0.0131503  ,  0.583844   ,  0.0406607  ,  1.01065    ])
Iter time: 591.430968046
Iter time: 1148.58807206
Iter time: 1985.64494514
44      , -28523.8    , array([ 0.0167799  ,  0.026021   ,  0.442773   ,  0.946297   ,  7.68425    ,  14.2912    ,  0.0347424  ,  0.0139209  ,  0.58002    ,  0.0414057  ,  1.01068    ])
Iter time: 488.015428066
Iter time: 948.579551935
Iter time: 1636.99533582
45      , -27917.6    , array([ 0.0165368  ,  0.0273571  ,  0.441541   ,  0.945992   ,  8.84986    ,  12.1936    ,  0.0399266  ,  0.0133971  ,  0.574502   ,  0.0403456  ,  1.0107     ])
Iter time: 641.54334712
Iter time: 1251.30887008
Iter time: 2153.7818861
46      , -27236.2    , array([ 0.0172719  ,  0.0212442  ,  0.445443   ,  0.946803   ,  8.6108     ,  13.4494    ,  0.0511176  ,  0.012813   ,  0.577395   ,  0.0399065  ,  1.01064    ])
Iter time: 545.195384026
Iter time: 1062.2771759
Iter time: 1830.43105602
47      , -27372.3    , array([ 0.0150208  ,  0.0263106  ,  0.437253   ,  0.948511   ,  8.18551    ,  13.2323    ,  0.0477285  ,  0.0135879  ,  0.575087   ,  0.0404836  ,  1.0109     ])
Iter time: 541.680256844
Iter time: 1054.02662706
Iter time: 1823.71124887
48      , -27074.1    , array([ 0.018869   ,  0.0265192  ,  0.433382   ,  0.946987   ,  7.80547    ,  13.204     ,  0.051075   ,  0.0136048  ,  0.571797   ,  0.0401939  ,  1.01109    ])
Iter time: 513.22426486
Iter time: 998.227356911
Iter time: 1724.51561522
49      , -25513.9    , array([ 0.0207286  ,  0.0289691  ,  0.420371   ,  0.946913   ,  6.33746    ,  13.191     ,  0.0743729  ,  0.0130537  ,  0.559693   ,  0.0383745  ,  1.01152    ])
Iter time: 540.829374075
Iter time: 1051.27136779
Iter time: 1812.42126107
50      , -26474.4    , array([ 0.0168645  ,  0.0267119  ,  0.425821   ,  0.946921   ,  7.08112    ,  13.1454    ,  0.0585685  ,  0.0136067  ,  0.565737   ,  0.0395969  ,  1.0106     ])
Iter time: 499.870485067
Iter time: 969.769939899
Iter time: 1675.88000989
51      , -25855.7    , array([ 0.01515    ,  0.0302926  ,  0.424837   ,  0.944917   ,  6.8171     ,  13.2477    ,  0.0681655  ,  0.013174   ,  0.583588   ,  0.0388174  ,  1.01112    ])
