==========================================
SLURM_JOB_ID = 18981485
SLURM_NODELIST = c8-71
==========================================
Module slurm/17.11.5 loaded 
Module openmpi/3.0.1 loaded 
Module gcc/7.3.0 loaded 
Module python/2.7.6 loaded 
Module numpy/1.11.1 loaded 
Module dadi/1.7.0 loaded 
Module matplotlib/2.0 loaded 
Module scipy/0.18.0 loaded 
Beginning. Call:
/home/hemstrow/monarch/github/F-H_2018/DADI/demographic_models/run_3d_mods.py /home/hemstrow/monarch/github/F-H_2018/Data/dadi_inputs/ dadi_snps_10kgap.txt 1st_folded_optim_10kgap_snps_dadi_out.txt lgrowth_p3 10 [NAM,HAW,GUA] True 3 [0.1,0.1,0.5,1,5,5,.1,.1,.1,.1,2] [1,1,5,10,20,20,10,10,10,10,4] [1e-3,1e-3,1e-3,1e-3,0.01,0.01,0.01,0.01,0.01,0.01,1] [150,15,15] fmin

Ready to begin run. Parameters:

Model:
lgrowth_p3
Maxiters:
10
Pops:
['NAM', 'HAW', 'GUA']
Projection:
[150, 15, 15]
Number of segregating sites in projected sfs:
9454.98941724
Folding spectra:
True
Level of parm folding:
3
Optimizer:
fmin
p0:
[ 0.01358629  0.42199274  0.43708821  4.99289189  0.79169569  5.93233326
  0.04668518  0.33494941  0.31997204  0.01887018  1.53693645]
Upper Bounds:
[1.0, 1.0, 5.0, 10.0, 20.0, 20.0, 10.0, 10.0, 10.0, 10.0, 4.0]
Lower Bounds:
[0.001, 0.001, 0.001, 0.001, 0.01, 0.01, 0.01, 0.01, 0.01, 0.01, 1.0]

Beginning optimization ************************************************
optimize_log_fmin.
Iter time: 294.008904934
Iter time: 571.731162071
Iter time: 987.167178154
1       , -26777.9    , array([ 0.0135863  ,  0.421993   ,  0.437088   ,  4.99289    ,  0.791696   ,  5.93233    ,  0.0466852  ,  0.334949   ,  0.319972   ,  0.0188702  ,  1.53694    ])
Iter time: 337.652342081
Iter time: 655.783205032
Iter time: 1130.76098394
2       , -26781.9    , array([ 0.0109586  ,  0.421993   ,  0.437088   ,  4.99289    ,  0.791696   ,  5.93233    ,  0.0466852  ,  0.334949   ,  0.319972   ,  0.0188702  ,  1.53694    ])
Iter time: 294.901430845
Iter time: 570.962594986
Iter time: 984.814004898
3       , -26777.2    , array([ 0.0135863  ,  0.404176   ,  0.437088   ,  4.99289    ,  0.791696   ,  5.93233    ,  0.0466852  ,  0.334949   ,  0.319972   ,  0.0188702  ,  1.53694    ])
Iter time: 298.012785196
Iter time: 581.114751816
Iter time: 1001.67003608
4       , -26820.5    , array([ 0.0135863  ,  0.421993   ,  0.41937    ,  4.99289    ,  0.791696   ,  5.93233    ,  0.0466852  ,  0.334949   ,  0.319972   ,  0.0188702  ,  1.53694    ])
Iter time: 294.077044964
Iter time: 570.725445032
Iter time: 985.236863852
5       , -26958.5    , array([ 0.0135863  ,  0.421993   ,  0.437088   ,  5.4109     ,  0.791696   ,  5.93233    ,  0.0466852  ,  0.334949   ,  0.319972   ,  0.0188702  ,  1.53694    ])
Iter time: 295.708410025
Iter time: 574.120558023
Iter time: 987.897757053
6       , -26771.9    , array([ 0.0135863  ,  0.421993   ,  0.437088   ,  4.99289    ,  0.782503   ,  5.93233    ,  0.0466852  ,  0.334949   ,  0.319972   ,  0.0188702  ,  1.53694    ])
Iter time: 328.99616003
Iter time: 639.251533031
Iter time: 147674.251356
7       , -27031      , array([ 0.0135863  ,  0.421993   ,  0.437088   ,  4.99289    ,  0.791696   ,  6.48465    ,  0.0466852  ,  0.334949   ,  0.319972   ,  0.0188702  ,  1.53694    ])
Iter time: 295.103749037
Iter time: 572.358127832
Iter time: 985.016983986
8       , -27066.8    , array([ 0.0135863  ,  0.421993   ,  0.437088   ,  4.99289    ,  0.791696   ,  5.93233    ,  0.0400533  ,  0.334949   ,  0.319972   ,  0.0188702  ,  1.53694    ])
Iter time: 293.710052013
Iter time: 570.295767069
Iter time: 984.587467194
9       , -26829.8    , array([ 0.0135863  ,  0.421993   ,  0.437088   ,  4.99289    ,  0.791696   ,  5.93233    ,  0.0466852  ,  0.317123   ,  0.319972   ,  0.0188702  ,  1.53694    ])
Iter time: 294.722368002
Iter time: 571.896672964
Iter time: 984.496787071
10      , -26821.8    , array([ 0.0135863  ,  0.421993   ,  0.437088   ,  4.99289    ,  0.791696   ,  5.93233    ,  0.0466852  ,  0.334949   ,  0.302251   ,  0.0188702  ,  1.53694    ])
Iter time: 293.445025921
Iter time: 570.712532997
Iter time: 989.334125996
11      , -26823      , array([ 0.0135863  ,  0.421993   ,  0.437088   ,  4.99289    ,  0.791696   ,  5.93233    ,  0.0466852  ,  0.334949   ,  0.319972   ,  0.0154727  ,  1.53694    ])
Iter time: 293.875132084
Iter time: 571.129701138
Iter time: 986.491295815
12      , -26779.7    , array([ 0.0135863  ,  0.421993   ,  0.437088   ,  4.99289    ,  0.791696   ,  5.93233    ,  0.0466852  ,  0.334949   ,  0.319972   ,  0.0188702  ,  1.57032    ])
Iter time: 308.414361954
Iter time: 598.855466843
Iter time: 1033.94693494
13      , -26590.4    , array([ 0.0130656  ,  0.418696   ,  0.433812   ,  5.06642    ,  0.790016   ,  6.02913    ,  0.0544152  ,  0.331635   ,  0.316674   ,  0.0182013  ,  1.54295    ])
Iter time: 315.805190086
Iter time: 613.467041969
Iter time: 1059.42096996
14      , -26336.4    , array([ 0.0128128  ,  0.417057   ,  0.432183   ,  5.10358    ,  0.789178   ,  6.07812    ,  0.0634251  ,  0.329991   ,  0.315038   ,  0.0178757  ,  1.54597    ])
Iter time: 273.708657026
Iter time: 531.780078888
Iter time: 917.789529085
15      , -26504.2    , array([ 0.0129271  ,  0.417801   ,  0.432923   ,  5.08665    ,  0.789559   ,  5.45106    ,  0.0493601  ,  0.330737   ,  0.315781   ,  0.018023   ,  1.5446     ])
Iter time: 302.624233007
Iter time: 589.40507102
Iter time: 1013.32850194
16      , -26502.7    , array([ 0.0128107  ,  0.417044   ,  0.43217    ,  4.64125    ,  0.789171   ,  5.86762    ,  0.0498626  ,  0.329977   ,  0.315025   ,  0.0178731  ,  1.546      ])
Iter time: 303.765036106
Iter time: 590.433049202
Iter time: 1018.870785
17      , -26575.6    , array([ 0.0126745  ,  0.41615    ,  0.431281   ,  4.96348    ,  0.788713   ,  5.85593    ,  0.0504632  ,  0.351053   ,  0.314134   ,  0.0176975  ,  1.54765    ])
Iter time: 305.961035967
Iter time: 594.108448029
Iter time: 1024.8747251
18      , -26534.8    , array([ 0.0125154  ,  0.415096   ,  0.430234   ,  4.95815    ,  0.788172   ,  5.84214    ,  0.0511822  ,  0.335219   ,  0.313084   ,  0.0221173  ,  1.5496     ])
Iter time: 308.296103001
Iter time: 598.051803112
Iter time: 1032.54577708
19      , -26483.5    , array([ 0.01233    ,  0.413855   ,  0.428999   ,  4.95186    ,  0.787533   ,  5.82589    ,  0.0520452  ,  0.335268   ,  0.333569   ,  0.0186663  ,  1.55192    ])
Iter time: 305.939151049
Iter time: 594.700659037
Iter time: 1023.01270795
20      , -26426.2    , array([ 0.0121144  ,  0.412392   ,  0.448973   ,  4.94443    ,  0.786778   ,  5.80675    ,  0.0530839  ,  0.335326   ,  0.317488   ,  0.0186295  ,  1.55466    ])
Iter time: 265.696536064
Iter time: 515.363922119
Iter time: 889.899089098
21      , -26400.7    , array([ 0.0152955  ,  0.41067    ,  0.43288    ,  4.93567    ,  0.785888   ,  5.7842     ,  0.0543383  ,  0.335395   ,  0.317038   ,  0.0185861  ,  1.5579     ])
Iter time: 298.574146986
Iter time: 580.548113108
Iter time: 1003.35738516
22      , -26331.4    , array([ 0.012606   ,  0.408644   ,  0.432119   ,  4.92534    ,  0.784836   ,  5.75767    ,  0.0558589  ,  0.335476   ,  0.316508   ,  0.0185349  ,  1.52258    ])
Iter time: 301.18226409
Iter time: 585.194689989
Iter time: 1009.82997608
23      , -26105.3    , array([ 0.0121427  ,  0.402129   ,  0.429656   ,  4.8919     ,  0.781429   ,  5.67227    ,  0.0611011  ,  0.33574    ,  0.31479    ,  0.0183694  ,  1.49926    ])
Iter time: 300.10711503
Iter time: 582.825598955
Iter time: 1005.38727689
24      , -26212.9    , array([ 0.0123511  ,  0.405077   ,  0.430774   ,  4.90707    ,  0.782976   ,  5.71093    ,  0.0586599  ,  0.33562    ,  0.315569   ,  0.0184444  ,  1.54865    ])
Iter time: 301.425564051
Iter time: 585.642036915
Iter time: 1010.07860112
25      , -26115.4    , array([ 0.0121389  ,  0.423106   ,  0.429636   ,  4.89163    ,  0.7814     ,  5.67157    ,  0.0611464  ,  0.335742   ,  0.314776   ,  0.0183681  ,  1.55079    ])
Iter time: 302.055848837
Iter time: 586.506958008
Iter time: 1014.59272981
26      , -25989.6    , array([ 0.0118929  ,  0.405436   ,  0.428294   ,  4.87344    ,  0.790377   ,  5.6254     ,  0.0642212  ,  0.335886   ,  0.31384    ,  0.0182782  ,  1.55332    ])
Iter time: 305.604506016
Iter time: 592.981421947
Iter time: 1021.1514802
27      , -25592.5    , array([ 0.011127   ,  0.397403   ,  0.423964   ,  4.81479    ,  0.794344   ,  5.47795    ,  0.0753231  ,  0.336356   ,  0.310818   ,  0.0179892  ,  1.56158    ])
Iter time: 292.882160902
Iter time: 568.333513975
Iter time: 983.00839901
28      , -26011.9    , array([ 0.0124501  ,  0.407697   ,  0.432713   ,  4.87529    ,  0.785169   ,  5.63008    ,  0.0639015  ,  0.317996   ,  0.319056   ,  0.0195474  ,  1.54508    ])
Iter time: 289.3465662
Iter time: 561.05616498
Iter time: 967.180385113
29      , -25941.2    , array([ 0.0125964  ,  0.407397   ,  0.434219   ,  4.86559    ,  0.785163   ,  5.60556    ,  0.0655983  ,  0.329838   ,  0.321228   ,  0.0152938  ,  1.54232    ])
Iter time: 325.213114023
Iter time: 632.000298977
Iter time: 1090.14779711
30      , -25853.1    , array([ 0.0121379  ,  0.402908   ,  0.431757   ,  4.70451    ,  0.782989   ,  6.03832    ,  0.0716297  ,  0.334142   ,  0.319476   ,  0.0182161  ,  1.5469     ])
Iter time: 298.747993946
Iter time: 579.439592838
Iter time: 1000.22926998
31      , -25758.3    , array([ 0.0121286  ,  0.401117   ,  0.432434   ,  5.16869    ,  0.782254   ,  5.63898    ,  0.0757351  ,  0.335677   ,  0.321061   ,  0.0184325  ,  1.54566    ])
Iter time: 292.024824142
Iter time: 565.53758502
Iter time: 978.07110095
32      , -25648.4    , array([ 0.0125638  ,  0.401917   ,  0.436262   ,  4.88239    ,  0.782924   ,  5.64579    ,  0.0776806  ,  0.330452   ,  0.301113   ,  0.0176088  ,  1.53863    ])
Iter time: 291.103712082
Iter time: 565.633242846
Iter time: 976.136556864
33      , -25560.5    , array([ 0.0128724  ,  0.40146    ,  0.414683   ,  4.8785     ,  0.782975   ,  5.63553    ,  0.0816195  ,  0.329517   ,  0.313333   ,  0.0174638  ,  1.53303    ])
Iter time: 284.687077045
Iter time: 553.041853905
Iter time: 954.230814219
34      , -25110.2    , array([ 0.0132689  ,  0.396104   ,  0.398532   ,  4.84587    ,  0.78108    ,  5.55183    ,  0.101207   ,  0.326649   ,  0.311276   ,  0.0169085  ,  1.52233    ])
Iter time: 339.92949295
Iter time: 660.543091059
Iter time: 1139.16105413
35      , -25348.7    , array([ 0.0099351  ,  0.400505   ,  0.423683   ,  4.87087    ,  0.782988   ,  5.61548    ,  0.0892814  ,  0.32787    ,  0.312733   ,  0.0172061  ,  1.52343    ])
Iter time: 288.424626827
Iter time: 561.723497868
Iter time: 967.008496046
36      , -25249.1    , array([ 0.0113242  ,  0.391479   ,  0.422836   ,  4.67082    ,  0.778608   ,  5.26756    ,  0.0813964  ,  0.33285    ,  0.314298   ,  0.017766   ,  1.53109    ])
Iter time: 303.221441031
Iter time: 587.989284039
Iter time: 1011.81613588
37      , -25187.7    , array([ 0.0115635  ,  0.400561   ,  0.422787   ,  4.81448    ,  0.783978   ,  5.52447    ,  0.0934095  ,  0.326774   ,  0.313539   ,  0.0171013  ,  1.52528    ])
Iter time: 300.894039869
Iter time: 584.632069111
Iter time: 1009.60798001
38      , -25119.1    , array([ 0.0116622  ,  0.379695   ,  0.422671   ,  4.81574    ,  0.786029   ,  5.53629    ,  0.0967876  ,  0.325051   ,  0.314105   ,  0.0169508  ,  1.51859    ])
Iter time: 301.082551003
Iter time: 586.003881216
Iter time: 1008.85179305
39      , -24938.9    , array([ 0.0115734  ,  0.395353   ,  0.421393   ,  4.80175    ,  0.78684    ,  5.51124    ,  0.105309   ,  0.323147   ,  0.313967   ,  0.0167036  ,  1.57445    ])
Iter time: 300.806252003
Iter time: 584.422753096
Iter time: 1007.959934
40      , -24326.8    , array([ 0.0112988  ,  0.392008   ,  0.417322   ,  4.75729    ,  0.78956    ,  5.43245    ,  0.138252   ,  0.317028   ,  0.313556   ,  0.0159282  ,  1.61345    ])
Iter time: 311.589419842
Iter time: 605.922869921
Iter time: 1043.78582406
41      , -24715.9    , array([ 0.0110902  ,  0.387182   ,  0.41567    ,  4.7967     ,  0.783886   ,  5.51658    ,  0.115862   ,  0.340988   ,  0.30879    ,  0.0151234  ,  1.53982    ])
Iter time: 320.407711983
Iter time: 622.834410906
Iter time: 1074.32352304
42      , -24579.8    , array([ 0.0107106  ,  0.383898   ,  0.410953   ,  4.79381    ,  0.78366    ,  5.52462    ,  0.125163   ,  0.33074    ,  0.304508   ,  0.0192903  ,  1.54213    ])
Iter time: 282.990808964
Iter time: 549.796248913
Iter time: 947.886645079
43      , -24447.6    , array([ 0.0108651  ,  0.384779   ,  0.409602   ,  4.97492    ,  0.785959   ,  5.04643    ,  0.126866   ,  0.325872   ,  0.303518   ,  0.0163653  ,  1.5367     ])
Iter time: 305.640402079
Iter time: 593.665094137
Iter time: 1024.65416503
44      , -24293.5    , array([ 0.0106581  ,  0.383585   ,  0.404947   ,  4.49679    ,  0.787373   ,  5.29582    ,  0.131788   ,  0.322639   ,  0.29895    ,  0.0158271  ,  1.53631    ])
Iter time: 309.268740177
Iter time: 600.674453974
Iter time: 1036.06223202
45      , -23532.8    , array([ 0.00999116 ,  0.375109   ,  0.391866   ,  4.19434    ,  0.789945   ,  5.13216    ,  0.173847   ,  0.316311   ,  0.288472   ,  0.0146659  ,  1.53165    ])
Iter time: 317.625067949
Iter time: 615.035872936
Iter time: 1060.72549009
46      , -24020.5    , array([ 0.00986916 ,  0.378047   ,  0.393637   ,  4.63082    ,  0.787978   ,  5.19849    ,  0.148755   ,  0.325144   ,  0.316279   ,  0.0160257  ,  1.54205    ])
Iter time: 306.118050098
Iter time: 592.409854889
Iter time: 1023.57461286
47      , -23768.9    , array([ 0.0109031  ,  0.378886   ,  0.399627   ,  4.66269    ,  0.775514   ,  5.30701    ,  0.173617   ,  0.317475   ,  0.307376   ,  0.0153605  ,  1.51592    ])
Iter time: 269.634848118
Iter time: 522.698645115
Iter time: 899.71391511
48      , -23756.9    , array([ 0.0124193  ,  0.372177   ,  0.395664   ,  4.57254    ,  0.78539    ,  5.12412    ,  0.1653     ,  0.323789   ,  0.304535   ,  0.0157318  ,  1.55248    ])
Iter time: 311.633291006
Iter time: 605.51463604
Iter time: 1045.01043916
49      , -23526.8    , array([ 0.0110803  ,  0.377275   ,  0.391698   ,  4.74999    ,  0.791054   ,  5.43522    ,  0.206238   ,  0.317348   ,  0.301285   ,  0.0149028  ,  1.54861    ])
Iter time: 324.743084192
Iter time: 629.11285615
Iter time: 1085.43337989
50      , -22605      , array([ 0.0109603  ,  0.370367   ,  0.376999   ,  4.79007    ,  0.797352   ,  5.52104    ,  0.328285   ,  0.309871   ,  0.294982   ,  0.0136491  ,  1.55745    ])
Iter time: 301.911351919
Iter time: 585.881326914
Iter time: 1010.35778904
51      , -23169.9    , array([ 0.0107458  ,  0.363503   ,  0.383663   ,  4.60399    ,  0.788056   ,  5.18187    ,  0.225855   ,  0.320142   ,  0.298683   ,  0.0148601  ,  1.56043    ])
Iter time: 302.893614769
Iter time: 587.792962074
Iter time: 1014.33280206
52      , -22881.9    , array([ 0.0104974  ,  0.380453   ,  0.377072   ,  4.56531    ,  0.786368   ,  5.10898    ,  0.25428    ,  0.32095    ,  0.295428   ,  0.0146376  ,  1.57507    ])
Iter time: 323.389569998
Iter time: 627.397932053
Iter time: 1082.25193501
53      , -22495.6    , array([ 0.00884156 ,  0.362029   ,  0.395906   ,  4.48799    ,  0.792321   ,  5.01826    ,  0.287521   ,  0.318359   ,  0.295293   ,  0.0142943  ,  1.58095    ])
Iter time: 344.286973953
Iter time: 667.235146999
Iter time: 1149.8522079
54      , -21215.1    , array([ 0.0072173  ,  0.346108   ,  0.394599   ,  4.31909    ,  0.798003   ,  4.77103    ,  0.484618   ,  0.314293   ,  0.287612   ,  0.013143   ,  1.6111     ])
Iter time: 301.141638994
Iter time: 584.637543917
Iter time: 1010.83944201
55      , -22263.5    , array([ 0.00978371 ,  0.362896   ,  0.376009   ,  4.44836    ,  0.792052   ,  4.91874    ,  0.325785   ,  0.300484   ,  0.293851   ,  0.0155789  ,  1.57591    ])
Iter time: 290.24798584
Iter time: 561.355632067
Iter time: 968.0895679
56      , -21966.9    , array([ 0.00996515 ,  0.362276   ,  0.37423    ,  4.39093    ,  0.793816   ,  4.80894    ,  0.358866   ,  0.304439   ,  0.296059   ,  0.0117483  ,  1.57975    ])
Iter time: 330.775249958
Iter time: 639.9232862
Iter time: 1103.10827899
57      , -21577.9    , array([ 0.00967017 ,  0.357508   ,  0.369349   ,  4.13609    ,  0.792927   ,  5.21869    ,  0.42773    ,  0.305187   ,  0.295684   ,  0.0130382  ,  1.59332    ])
Iter time: 314.522080898
Iter time: 612.640728951
Iter time: 1052.65352106
58      , -21276.6    , array([ 0.00903953 ,  0.345086   ,  0.354556   ,  4.21665    ,  0.789921   ,  4.8126     ,  0.481976   ,  0.311537   ,  0.28318    ,  0.0129171  ,  1.51408    ])
Iter time: 299.029614925
Iter time: 579.903459787
Iter time: 1000.68727708
59      , -21099.9    , array([ 0.0101851  ,  0.351944   ,  0.368811   ,  4.25865    ,  0.791862   ,  4.95915    ,  0.554692   ,  0.301409   ,  0.275156   ,  0.0123449  ,  1.57892    ])
Iter time: 292.25097084
Iter time: 567.169945002
Iter time: 977.791845083
60      , -19813      , array([ 0.0103468  ,  0.339576   ,  0.356991   ,  4.08393    ,  0.793811   ,  4.84365    ,  1.07113    ,  0.290199   ,  0.256645   ,  0.0108349  ,  1.59768    ])
Iter time: 307.758584976
Iter time: 596.370703936
Iter time: 1031.83819103
61      , -20631.3    , array([ 0.00913187 ,  0.344239   ,  0.355907   ,  4.12884    ,  0.808007   ,  4.77773    ,  0.661629   ,  0.30369    ,  0.273991   ,  0.0120876  ,  1.62154    ])
Iter time: 358.50554204
Iter time: 696.345754862
Iter time: 1198.89777899
62      , -20120.6    , array([ 0.00758111 ,  0.345508   ,  0.352616   ,  4.13282    ,  0.801976   ,  4.88568    ,  0.89423    ,  0.294318   ,  0.271283   ,  0.0112502  ,  1.59593    ])
Iter time: 339.691658974
Iter time: 623.448781013
Iter time: 1075.28098798
63      , -19830.2    , array([ 0.00896227 ,  0.337722   ,  0.349267   ,  4.49338    ,  0.799546   ,  4.83457    ,  1.14519    ,  0.297354   ,  0.283208   ,  0.0114999  ,  1.62978    ])
Iter time: 332.87748313
Iter time: 644.81291914
Iter time: 1112.21501803
64      , -19558.4    , array([ 0.00806241 ,  0.343874   ,  0.350694   ,  4.07552    ,  0.803575   ,  4.72817    ,  1.18415    ,  0.289878   ,  0.270893   ,  0.0108327  ,  1.61242    ])
Iter time: 338.972120047
Iter time: 659.682420969
Iter time: 1133.97985601
66      , -19274.8    , array([ 0.00786647 ,  0.322571   ,  0.352151   ,  4.02611    ,  0.808475   ,  4.72856    ,  1.39122    ,  0.283845   ,  0.269594   ,  0.0104117  ,  1.60425    ])
Iter time: 316.287621975
Iter time: 614.938858032
Iter time: 1056.08161783
68      , -18879.1    , array([ 0.00709336 ,  0.323134   ,  0.347879   ,  3.71787    ,  0.799348   ,  4.25409    ,  1.40115    ,  0.289341   ,  0.26562    ,  0.0106294  ,  1.63116    ])
Iter time: 310.270236015
Iter time: 602.998858929
Iter time: 1039.99742389
71      , -21270.7    , array([ 0.00915319 ,  0.352455   ,  0.367711   ,  4.29752    ,  0.795526   ,  4.8503     ,  0.502282   ,  0.299442   ,  0.285485   ,  0.0134625  ,  1.58735    ])
Iter time: 369.049048185
Iter time: 718.053688765
Iter time: 1234.08681798
72      , -18857.9    , array([ 0.00724582 ,  0.321842   ,  0.344431   ,  3.91037    ,  0.804564   ,  4.76422    ,  1.77641    ,  0.291608   ,  0.258125   ,  0.0118088  ,  1.61965    ])
Iter time: 459.701122046
Iter time: 892.55191803
Iter time: 2791.13645911
73      , -17867.9    , array([ 0.00617859 ,  0.30335    ,  0.330433   ,  3.69019    ,  0.809992   ,  4.74202    ,  3.9523     ,  0.285397   ,  0.241022   ,  0.0118391  ,  1.63997    ])
Iter time: 341.240001202
Iter time: 662.186634064
Iter time: 1141.93428802
74      , -18538.2    , array([ 0.00688281 ,  0.316537   ,  0.341989   ,  4.06609    ,  0.80859    ,  4.31436    ,  2.23298    ,  0.287368   ,  0.249024   ,  0.0104554  ,  1.6143     ])
Iter time: 370.006575108
Iter time: 718.293171883
Iter time: 1239.03586817
75      , -18425.3    , array([ 0.00700697 ,  0.322823   ,  0.353927   ,  3.96212    ,  0.815122   ,  4.58636    ,  2.61875    ,  0.277408   ,  0.254013   ,  0.0101555  ,  1.71871    ])
Iter time: 321.670628071
Iter time: 625.379751921
Iter time: 1073.89140296
77      , -20263.3    , array([ 0.008432   ,  0.341619   ,  0.360287   ,  4.17569    ,  0.799851   ,  4.76148    ,  0.80975    ,  0.295668   ,  0.275243   ,  0.0122593  ,  1.60599    ])
Iter time: 336.849348068
Iter time: 658.688560963
Iter time: 1130.46546006
79      , -20193.1    , array([ 0.00754054 ,  0.338327   ,  0.371688   ,  4.17974    ,  0.801179   ,  4.72198    ,  0.814163   ,  0.302072   ,  0.275715   ,  0.0120746  ,  1.61773    ])
Iter time: 394.000473022
Iter time: 764.071233034
Iter time: 1316.69834805
80      , -18271      , array([ 0.00656418 ,  0.316737   ,  0.347127   ,  3.97148    ,  0.799512   ,  4.56167    ,  2.93638    ,  0.27728    ,  0.255261   ,  0.0101786  ,  1.62653    ])
Iter time: 330.667026997
Iter time: 642.568897009
Iter time: 1109.93548584
82      , -19641.5    , array([ 0.00798835 ,  0.334709   ,  0.35526    ,  4.1027     ,  0.801782   ,  4.70555    ,  1.12645    ,  0.29206    ,  0.268875   ,  0.0115629  ,  1.61592    ])
Iter time: 339.453602076
Iter time: 659.028063059
Iter time: 1132.53605008
84      , -19583.8    , array([ 0.00757412 ,  0.33293    ,  0.360096   ,  4.10122    ,  0.802475   ,  4.68525    ,  1.14631    ,  0.294754   ,  0.268798   ,  0.0114529  ,  1.62173    ])
Iter time: 347.033948898
Iter time: 673.730916023
Iter time: 1161.13168788
85      , -18123.2    , array([ 0.00763339 ,  0.308569   ,  0.346476   ,  3.9129     ,  0.805664   ,  4.38988    ,  3.0475     ,  0.281136   ,  0.252718   ,  0.0105237  ,  1.66096    ])
Iter time: 376.613091946
Iter time: 729.513800859
Iter time: 1258.34198022
86      , -17947.4    , array([ 0.00627133 ,  0.310543   ,  0.349288   ,  3.50954    ,  0.809233   ,  4.35914    ,  2.84314    ,  0.275442   ,  0.237115   ,  0.0101306  ,  1.63208    ])
Iter time: 437.447644949
Iter time: 848.889491081
Iter time: 1461.80848789
87      , -17775      , array([ 0.00495946 ,  0.30387    ,  0.340379   ,  3.75644    ,  0.817936   ,  4.26838    ,  3.6301     ,  0.279568   ,  0.257918   ,  0.0106217  ,  1.67133    ])
Iter time: 573.593950033
Iter time: 1108.10782719
Iter time: 1909.3975389
88      , -17134.4    , array([ 0.00343359 ,  0.287451   ,  0.332365   ,  3.60267    ,  0.830273   ,  4.0069     ,  6.68278    ,  0.274399   ,  0.258557   ,  0.0105166  ,  1.70942    ])
Iter time: 345.926177979
Iter time: 671.158154011
Iter time: 1162.37895298
90      , -18991.9    , array([ 0.00727982 ,  0.325638   ,  0.350843   ,  3.98504    ,  0.805057   ,  4.59189    ,  1.61601    ,  0.287608   ,  0.262547   ,  0.0110896  ,  1.62914    ])
Iter time: 352.069602013
Iter time: 680.150289059
Iter time: 1174.23165011
92      , -18939.3    , array([ 0.0070758  ,  0.324445   ,  0.352805   ,  3.97912    ,  0.805522   ,  4.57778    ,  1.65584    ,  0.288609   ,  0.262228   ,  0.0110206  ,  1.6324     ])
Iter time: 456.235508919
Iter time: 885.153920174
Iter time: 1525.82867503
93      , -17458.1    , array([ 0.00529256 ,  0.28765    ,  0.341074   ,  3.64125    ,  0.813978   ,  4.20639    ,  5.13494    ,  0.27527    ,  0.24016    ,  0.0104137  ,  1.67821    ])
Iter time: 467.693255901
Iter time: 906.846498013
Iter time: 1565.83527088
94      , -17361.1    , array([ 0.00504728 ,  0.300326   ,  0.337695   ,  3.61921    ,  0.810042   ,  4.11751    ,  5.54194    ,  0.279557   ,  0.236298   ,  0.0108351  ,  1.70063    ])
Iter time: 483.774923086
Iter time: 938.444839001
Iter time: 1618.01077795
95      , -17325.9    , array([ 0.00510265 ,  0.293152   ,  0.336608   ,  3.59304    ,  0.814395   ,  4.15682    ,  5.96935    ,  0.274479   ,  0.238038   ,  0.01013    ,  1.68779    ])
Iter time: 529.257484913
Iter time: 1024.00587821
Iter time: 1766.23870301
96      , -17183      , array([ 0.00494683 ,  0.288854   ,  0.331888   ,  3.53223    ,  0.815547   ,  4.09713    ,  7.35545    ,  0.271042   ,  0.23417    ,  0.0100384  ,  1.69466    ])
