==========================================
SLURM_JOB_ID = 18981479
SLURM_NODELIST = c8-71
==========================================
Module slurm/17.11.5 loaded 
Module openmpi/3.0.1 loaded 
Module gcc/7.3.0 loaded 
Module python/2.7.6 loaded 
Module numpy/1.11.1 loaded 
Module dadi/1.7.0 loaded 
Module matplotlib/2.0 loaded 
Module scipy/0.18.0 loaded 
Beginning. Call:
/home/hemstrow/monarch/github/F-H_2018/DADI/demographic_models/run_3d_mods.py /home/hemstrow/monarch/github/F-H_2018/Data/dadi_inputs/ dadi_snps_10kgap.txt 1st_folded_optim_10kgap_snps_dadi_out.txt lgrowth_both 10 [NAM,GUA,HAW] True 3 [0.1,0.1,1,1,5,5,.1,.1,.1,.1,2,2] [1,1,10,10,20,20,10,10,10,10,4,4] [1e-3,1e-3,1e-3,1e-3,0.01,0.01,0.01,0.01,0.01,0.01,1,1] [150,15,15] fmin

Ready to begin run. Parameters:

Model:
lgrowth_both
Maxiters:
10
Pops:
['NAM', 'GUA', 'HAW']
Projection:
[150, 15, 15]
Number of segregating sites in projected sfs:
9454.98941724
Folding spectra:
True
Level of parm folding:
3
Optimizer:
fmin
p0:
[  0.06986949   0.15141254   4.90075914   0.65060623  19.8          5.65810418
   0.53052774   0.04610237   0.02758221   0.16494379   3.96         1.25579846]
Upper Bounds:
[1.0, 1.0, 10.0, 10.0, 20.0, 20.0, 10.0, 10.0, 10.0, 10.0, 4.0, 4.0]
Lower Bounds:
[0.001, 0.001, 0.001, 0.001, 0.01, 0.01, 0.01, 0.01, 0.01, 0.01, 1.0, 1.0]

Beginning optimization ************************************************
optimize_log_fmin.
Iter time: 59.0825610161
Iter time: 113.450783968
Iter time: 194.860953093
1       , -26391.6    , array([ 0.0698695  ,  0.151413   ,  4.90076    ,  0.650606   ,  19.8       ,  5.6581     ,  0.530528   ,  0.0461024  ,  0.0275822  ,  0.164944   ,  3.96       ,  1.2558     ])
Iter time: 59.5589540005
Iter time: 114.659090042
Iter time: 194.816792011
2       , -26391.6    , array([ 0.0611649  ,  0.151413   ,  4.90076    ,  0.650606   ,  19.8       ,  5.6581     ,  0.530528   ,  0.0461024  ,  0.0275822  ,  0.164944   ,  3.96       ,  1.2558     ])
Iter time: 60.3553659916
Iter time: 115.815157175
Iter time: 198.725080013
3       , -26390.3    , array([ 0.0698695  ,  0.137775   ,  4.90076    ,  0.650606   ,  19.8       ,  5.6581     ,  0.530528   ,  0.0461024  ,  0.0275822  ,  0.164944   ,  3.96       ,  1.2558     ])
Iter time: 59.0460720062
Iter time: 113.362772942
Iter time: 194.517258883
4       , -26579.2    , array([ 0.0698695  ,  0.151413   ,  5.30611    ,  0.650606   ,  19.8       ,  5.6581     ,  0.530528   ,  0.0461024  ,  0.0275822  ,  0.164944   ,  3.96       ,  1.2558     ])
Iter time: 59.1675260067
Iter time: 113.651967049
Iter time: 194.558153152
5       , -26403.8    , array([ 0.0698695  ,  0.151413   ,  4.90076    ,  0.636772   ,  19.8       ,  5.6581     ,  0.530528   ,  0.0461024  ,  0.0275822  ,  0.164944   ,  3.96       ,  1.2558     ])
Iter time: 63.607667923
Iter time: 122.259498119
Iter time: 209.804605007
7       , -26556      , array([ 0.0698695  ,  0.151413   ,  4.90076    ,  0.650606   ,  19.8       ,  6.17027    ,  0.530528   ,  0.0461024  ,  0.0275822  ,  0.164944   ,  3.96       ,  1.2558     ])
Iter time: 57.9571549892
Iter time: 111.300282001
Iter time: 191.041570187
8       , -26463.3    , array([ 0.0698695  ,  0.151413   ,  4.90076    ,  0.650606   ,  19.8       ,  5.6581     ,  0.513977   ,  0.0461024  ,  0.0275822  ,  0.164944   ,  3.96       ,  1.2558     ])
Iter time: 59.0624628067
Iter time: 113.300698996
Iter time: 194.54253006
9       , -26652.4    , array([ 0.0698695  ,  0.151413   ,  4.90076    ,  0.650606   ,  19.8       ,  5.6581     ,  0.530528   ,  0.0395284  ,  0.0275822  ,  0.164944   ,  3.96       ,  1.2558     ])
Iter time: 58.9991059303
Iter time: 113.293536901
Iter time: 194.364811182
10      , -26456.5    , array([ 0.0698695  ,  0.151413   ,  4.90076    ,  0.650606   ,  19.8       ,  5.6581     ,  0.530528   ,  0.0461024  ,  0.0230494  ,  0.164944   ,  3.96       ,  1.2558     ])
Iter time: 58.3439688683
Iter time: 111.722984076
Iter time: 192.370135069
11      , -26405.7    , array([ 0.0698695  ,  0.151413   ,  4.90076    ,  0.650606   ,  19.8       ,  5.6581     ,  0.530528   ,  0.0461024  ,  0.0275822  ,  0.150731   ,  3.96       ,  1.2558     ])
Iter time: 58.9530808926
Iter time: 113.260574102
Iter time: 194.517457008
13      , -26391.6    , array([ 0.0698695  ,  0.151413   ,  4.90076    ,  0.650606   ,  19.8       ,  5.6581     ,  0.530528   ,  0.0461024  ,  0.0275822  ,  0.164944   ,  3.96       ,  1.27018    ])
Iter time: 60.2743449211
Iter time: 115.289375067
Iter time: 196.445453882
16      , -26391.1    , array([ 0.0698695  ,  0.144433   ,  4.90076    ,  0.650606   ,  19.8       ,  5.6581     ,  0.530528   ,  0.0461024  ,  0.0275822  ,  0.164944   ,  3.96       ,  1.26297    ])
Iter time: 59.749063015
Iter time: 114.503936052
Iter time: 196.490673065
17      , -26390.8    , array([ 0.0653724  ,  0.144433   ,  4.90076    ,  0.650606   ,  19.8       ,  5.6581     ,  0.530528   ,  0.0461024  ,  0.0275822  ,  0.164944   ,  3.96       ,  1.2558     ])
Iter time: 59.6494100094
Iter time: 114.681070089
Iter time: 196.430202007
18      , -26390.8    , array([ 0.0698695  ,  0.144433   ,  4.90076    ,  0.650606   ,  19.8       ,  5.6581     ,  0.530528   ,  0.0461024  ,  0.0275822  ,  0.164944   ,  3.96       ,  1.2558     ])
Iter time: 59.7191820145
Iter time: 114.598658085
Iter time: 196.577247858
19      , -26397.2    , array([ 0.0698695  ,  0.144433   ,  4.90076    ,  0.643652   ,  19.8       ,  5.6581     ,  0.530528   ,  0.0461024  ,  0.0275822  ,  0.164944   ,  3.96       ,  1.2558     ])
Iter time: 59.2733530998
Iter time: 113.714905977
Iter time: 195.066218138
20      , -26398.3    , array([ 0.0698695  ,  0.144433   ,  4.90076    ,  0.650606   ,  19.8       ,  5.6581     ,  0.530528   ,  0.0461024  ,  0.0275822  ,  0.157677   ,  3.96       ,  1.2558     ])
Iter time: 59.6891269684
Iter time: 114.641088963
Iter time: 196.904525995
21      , -26424.3    , array([ 0.0698695  ,  0.144433   ,  4.90076    ,  0.650606   ,  19.8       ,  5.6581     ,  0.530528   ,  0.0461024  ,  0.0252142  ,  0.164944   ,  3.96       ,  1.2558     ])
Iter time: 59.2674920559
Iter time: 113.802958012
Iter time: 194.878793001
22      , -26426.7    , array([ 0.0698695  ,  0.144433   ,  4.90076    ,  0.650606   ,  19.8       ,  5.6581     ,  0.522187   ,  0.0461024  ,  0.0275822  ,  0.164944   ,  3.96       ,  1.2558     ])
Iter time: 61.8898561001
Iter time: 118.946460009
Iter time: 204.093231916
23      , -26473.1    , array([ 0.0698695  ,  0.144433   ,  4.90076    ,  0.650606   ,  19.8       ,  5.90864    ,  0.530528   ,  0.0461024  ,  0.0275822  ,  0.164944   ,  3.96       ,  1.2558     ])
Iter time: 59.8278400898
Iter time: 114.614454985
Iter time: 196.603669167
24      , -26484.8    , array([ 0.0698695  ,  0.144433   ,  5.09941    ,  0.650606   ,  19.8       ,  5.6581     ,  0.530528   ,  0.0461024  ,  0.0275822  ,  0.164944   ,  3.96       ,  1.2558     ])
Iter time: 59.8068599701
Iter time: 114.547724009
Iter time: 198.234810829
25      , -26522.6    , array([ 0.0698695  ,  0.144433   ,  4.90076    ,  0.650606   ,  19.8       ,  5.6581     ,  0.530528   ,  0.042689   ,  0.0275822  ,  0.164944   ,  3.96       ,  1.2558     ])
Iter time: 60.0589389801
Iter time: 115.128525019
Iter time: 197.644783974
30      , -26390.8    , array([ 0.0675836  ,  0.141065   ,  4.90076    ,  0.650606   ,  19.8       ,  5.6581     ,  0.530528   ,  0.0461024  ,  0.0275822  ,  0.164944   ,  3.96       ,  1.2558     ])
Iter time: 59.9608111382
Iter time: 115.139607906
Iter time: 197.503151894
31      , -26390.8    , array([ 0.0698695  ,  0.141065   ,  4.90076    ,  0.650606   ,  19.8       ,  5.6581     ,  0.530528   ,  0.0461024  ,  0.0275822  ,  0.164944   ,  3.96       ,  1.2558     ])
Iter time: 59.9361190796
Iter time: 115.35219717
Iter time: 197.550060034
32      , -26389.7    , array([ 0.0698695  ,  0.141065   ,  4.90076    ,  0.650606   ,  19.8       ,  5.6581     ,  0.530528   ,  0.0461024  ,  0.0275822  ,  0.164944   ,  3.96       ,  1.25938    ])
Iter time: 60.0168271065
Iter time: 115.289623976
Iter time: 197.599534035
33      , -26393.7    , array([ 0.0698695  ,  0.141065   ,  4.90076    ,  0.64712    ,  19.8       ,  5.6581     ,  0.530528   ,  0.0461024  ,  0.0275822  ,  0.164944   ,  3.96       ,  1.2558     ])
Iter time: 59.7512428761
Iter time: 114.764008999
Iter time: 196.872988939
34      , -26393.2    , array([ 0.0698695  ,  0.141065   ,  4.90076    ,  0.650606   ,  19.8       ,  5.6581     ,  0.530528   ,  0.0461024  ,  0.0275822  ,  0.16127    ,  3.96       ,  1.2558     ])
Iter time: 60.0294950008
Iter time: 115.173945189
Iter time: 198.479700089
35      , -26407.8    , array([ 0.0698695  ,  0.141065   ,  4.90076    ,  0.650606   ,  19.8       ,  5.6581     ,  0.530528   ,  0.0461024  ,  0.0263716  ,  0.164944   ,  3.96       ,  1.2558     ])
Iter time: 59.756013155
Iter time: 114.636038065
Iter time: 197.684434175
36      , -26408.5    , array([ 0.0698695  ,  0.141065   ,  4.90076    ,  0.650606   ,  19.8       ,  5.6581     ,  0.526341   ,  0.0461024  ,  0.0275822  ,  0.164944   ,  3.96       ,  1.2558     ])
Iter time: 61.0698571205
Iter time: 117.270608902
Iter time: 202.177693129
37      , -26431.7    , array([ 0.0698695  ,  0.141065   ,  4.90076    ,  0.650606   ,  19.8       ,  5.78202    ,  0.530528   ,  0.0461024  ,  0.0275822  ,  0.164944   ,  3.96       ,  1.2558     ])
Iter time: 59.9802000523
Iter time: 115.247745037
Iter time: 197.594472885
38      , -26437.8    , array([ 0.0698695  ,  0.141065   ,  4.9991     ,  0.650606   ,  19.8       ,  5.6581     ,  0.530528   ,  0.0461024  ,  0.0275822  ,  0.164944   ,  3.96       ,  1.2558     ])
Iter time: 60.0989129543
Iter time: 115.633206129
Iter time: 214.704840899
39      , -26457      , array([ 0.0698695  ,  0.141065   ,  4.90076    ,  0.650606   ,  19.8       ,  5.6581     ,  0.530528   ,  0.0443629  ,  0.0275822  ,  0.164944   ,  3.96       ,  1.2558     ])
Iter time: 60.1657369137
Iter time: 115.635213137
Iter time: 199.036962032
42      , -26422.3    , array([ 0.0694832  ,  0.140511   ,  4.91701    ,  0.650024   ,  19.9235    ,  5.67857    ,  0.529828   ,  0.0458078  ,  0.0273767  ,  0.164326   ,  3.89246    ,  1.25639    ])
Iter time: 60.067907095
Iter time: 115.358878851
Iter time: 197.963541031
43      , -26428.7    , array([ 0.069419   ,  0.140419   ,  4.91973    ,  0.649927   ,  19.0944    ,  5.68199    ,  0.529711   ,  0.0457589  ,  0.0273425  ,  0.164223   ,  3.94866    ,  1.25649    ])
Iter time: 60.2207260132
Iter time: 115.60946703
Iter time: 198.330214024
44      , -26357.1    , array([ 0.0693442  ,  0.140311   ,  4.9229     ,  0.649814   ,  19.701     ,  5.68598    ,  0.529575   ,  0.0477993  ,  0.0273028  ,  0.164103   ,  3.94678    ,  1.25661    ])
Iter time: 60.2967429161
Iter time: 115.837040901
Iter time: 146730.574055
45      , -26306      , array([ 0.0690831  ,  0.139936   ,  4.934      ,  0.649418   ,  19.6517    ,  5.69997    ,  0.529099   ,  0.0496161  ,  0.0271642  ,  0.163684   ,  3.94018    ,  1.25702    ])
Iter time: 80.61216712
Iter time: 137.533650875
Iter time: 198.378389835
46      , -26355      , array([ 0.0692135  ,  0.140124   ,  4.81553    ,  0.649616   ,  19.6764    ,  5.69297    ,  0.529337   ,  0.0465623  ,  0.0272334  ,  0.163894   ,  3.94348    ,  1.25681    ])
Iter time: 59.2360379696
Iter time: 113.275714874
Iter time: 194.404577971
47      , -26348.7    , array([ 0.0691048  ,  0.139968   ,  4.89781    ,  0.649451   ,  19.6558    ,  5.55657    ,  0.529139   ,  0.0466394  ,  0.0271757  ,  0.163719   ,  3.94073    ,  1.25698    ])
Iter time: 60.2351880074
Iter time: 115.306988001
Iter time: 198.158442974
49      , -26406.1    , array([ 0.0694394  ,  0.140448   ,  4.90858    ,  0.649958   ,  19.432     ,  5.6698     ,  0.529748   ,  0.0461001  ,  0.0273534  ,  0.164256   ,  3.94918    ,  1.25646    ])
Iter time: 60.206163168
Iter time: 115.293375969
Iter time: 197.813676119
51      , -26402.8    , array([ 0.0694697  ,  0.140491   ,  4.90688    ,  0.650003   ,  19.8287    ,  5.66773    ,  0.529803   ,  0.0461369  ,  0.0273695  ,  0.164304   ,  3.92333    ,  1.25642    ])
Iter time: 60.3254110813
Iter time: 115.610605001
Iter time: 199.666589022
52      , -26354.5    , array([ 0.0689793  ,  0.139787   ,  4.89379    ,  0.64926    ,  19.6737    ,  5.65732    ,  0.533822   ,  0.0468433  ,  0.0271091  ,  0.163518   ,  3.9428     ,  1.25718    ])
Iter time: 59.9780409336
Iter time: 115.154603004
Iter time: 198.031699896
53      , -26346.3    , array([ 0.0688321  ,  0.139576   ,  4.89262    ,  0.649036   ,  19.6527    ,  5.65719    ,  0.530155   ,  0.0469679  ,  0.0284842  ,  0.163281   ,  3.93994    ,  1.25741    ])
Iter time: 60.0046300888
Iter time: 115.288651943
Iter time: 197.806803942
55      , -26389      , array([ 0.0693687  ,  0.140347   ,  4.90197    ,  0.649851   ,  19.5878    ,  5.6632     ,  0.530062   ,  0.0463521  ,  0.0274267  ,  0.164142   ,  3.94918    ,  1.25657    ])
Iter time: 59.9192669392
Iter time: 115.029435158
Iter time: 197.29821682
56      , -26339.4    , array([ 0.0691102  ,  0.139975   ,  4.88306    ,  0.649459   ,  19.6212    ,  5.64474    ,  0.530992   ,  0.0471154  ,  0.0276413  ,  0.163728   ,  3.97956    ,  1.25697    ])
Iter time: 59.9349019527
Iter time: 115.147186041
Iter time: 197.437000036
57      , -26339.2    , array([ 0.0685897  ,  0.139227   ,  4.88621    ,  0.652745   ,  19.62      ,  5.65211    ,  0.530344   ,  0.0473218  ,  0.0274379  ,  0.162892   ,  3.94596    ,  1.25779    ])
Iter time: 60.1920700073
Iter time: 115.614799023
Iter time: 198.579405069
58      , -26329.2    , array([ 0.0683787  ,  0.138923   ,  4.88379    ,  0.649603   ,  19.5901    ,  5.65111    ,  0.530313   ,  0.0475281  ,  0.0274139  ,  0.166881   ,  3.94362    ,  1.25812    ])
Iter time: 60.1959769726
Iter time: 115.570632935
Iter time: 197.803213835
59      , -26322.7    , array([ 0.0681333  ,  0.138569   ,  4.88096    ,  0.649436   ,  19.5554    ,  5.64995    ,  0.530277   ,  0.04777    ,  0.0273859  ,  0.163481   ,  3.9409     ,  1.25851    ])
Iter time: 60.0906741619
Iter time: 115.295721054
Iter time: 197.852937937
60      , -26311.3    , array([ 0.070533   ,  0.138157   ,  4.87767    ,  0.649241   ,  19.5149    ,  5.64859    ,  0.530236   ,  0.0480538  ,  0.0273533  ,  0.163239   ,  3.93772    ,  1.25896    ])
Iter time: 59.6316568851
Iter time: 114.589257002
Iter time: 196.416288137
61      , -26298.1    , array([ 0.0683329  ,  0.141521   ,  4.87383    ,  0.649013   ,  19.4678    ,  5.64701    ,  0.530187   ,  0.0483869  ,  0.0273154  ,  0.162956   ,  3.93402    ,  1.25949    ])
Iter time: 59.3786458969
Iter time: 113.950639009
Iter time: 195.471369028
62      , -26250.7    , array([ 0.0675774  ,  0.143433   ,  4.86043    ,  0.648219   ,  19.3038    ,  5.64147    ,  0.530017   ,  0.0495713  ,  0.0271829  ,  0.161972   ,  3.9211     ,  1.26133    ])
Iter time: 59.8876540661
Iter time: 115.660345078
Iter time: 198.41562295
63      , -26274.5    , array([ 0.0679541  ,  0.138605   ,  4.86712    ,  0.648616   ,  19.3856    ,  5.64424    ,  0.530102   ,  0.0489755  ,  0.0272491  ,  0.162463   ,  3.92756    ,  1.25623    ])
Iter time: 59.8524329662
Iter time: 114.89647007
Iter time: 197.168951988
64      , -26257.1    , array([ 0.06821    ,  0.139025   ,  4.86014    ,  0.649164   ,  19.5618    ,  5.63601    ,  0.530575   ,  0.0491607  ,  0.0273739  ,  0.162977   ,  3.93471    ,  1.25898    ])
Iter time: 59.5077309608
Iter time: 114.320266008
Iter time: 196.818655968
65      , -26274.4    , array([ 0.0681967  ,  0.139063   ,  4.955      ,  0.649324   ,  19.4548    ,  5.59715    ,  0.531508   ,  0.0493837  ,  0.0275919  ,  0.163072   ,  3.93894    ,  1.2591     ])
Iter time: 59.4289479256
Iter time: 114.225956917
Iter time: 195.996165991
66      , -26262.6    , array([ 0.0682983  ,  0.139277   ,  4.88587    ,  0.64969    ,  19.4212    ,  5.62239    ,  0.526661   ,  0.0495215  ,  0.0278     ,  0.163372   ,  3.93898    ,  1.25905    ])
Iter time: 60.8070499897
Iter time: 116.662209034
Iter time: 200.315330029
67      , -26251.9    , array([ 0.068041   ,  0.138983   ,  4.87987    ,  0.649539   ,  19.3999    ,  5.73558    ,  0.530906   ,  0.0502375  ,  0.0278371  ,  0.163114   ,  3.94075    ,  1.25959    ])
Iter time: 60.0625281334
Iter time: 115.032809973
Iter time: 197.269215107
68      , -26239.4    , array([ 0.0681791  ,  0.139275   ,  4.88292    ,  0.650038   ,  19.3612    ,  5.64649    ,  0.530013   ,  0.0504488  ,  0.0264568  ,  0.163523   ,  3.94168    ,  1.25953    ])
Iter time: 59.7783257961
Iter time: 114.848706007
Iter time: 197.229803085
69      , -26183.6    , array([ 0.067855   ,  0.139125   ,  4.87807    ,  0.65054    ,  19.217     ,  5.64115    ,  0.529942   ,  0.0522848  ,  0.0254978  ,  0.163645   ,  3.94254    ,  1.2606     ])
Iter time: 60.0496709347
Iter time: 115.137049913
Iter time: 197.566611052
70      , -26221.4    , array([ 0.0676977  ,  0.138736   ,  4.89165    ,  0.649795   ,  19.3251    ,  5.65836    ,  0.529004   ,  0.0511711  ,  0.0268993  ,  0.163064   ,  3.89636    ,  1.26057    ])
Iter time: 59.9379861355
Iter time: 115.046851873
Iter time: 197.830367088
71      , -26201.8    , array([ 0.0680627  ,  0.1394     ,  4.8894     ,  0.646035   ,  19.2776    ,  5.65201    ,  0.529427   ,  0.0516163  ,  0.0270093  ,  0.163929   ,  3.92127    ,  1.26022    ])
Iter time: 59.5813581944
Iter time: 114.460334063
Iter time: 196.382275105
72      , -26190.6    , array([ 0.0682201  ,  0.139785   ,  4.89276    ,  0.648565   ,  19.2553    ,  5.65316    ,  0.52931    ,  0.0521039  ,  0.026966   ,  0.159536   ,  3.91987    ,  1.26024    ])
Iter time: 60.0475430489
Iter time: 115.670120955
Iter time: 196.782691002
73      , -26175      , array([ 0.0684803  ,  0.140346   ,  4.89756    ,  0.648587   ,  19.2399    ,  5.65486    ,  0.529185   ,  0.0525958  ,  0.0269241  ,  0.162191   ,  3.91909    ,  1.26014    ])
Iter time: 59.532212019
Iter time: 114.457110882
Iter time: 196.164859056
74      , -26099.1    , array([ 0.0686544  ,  0.141243   ,  4.90589    ,  0.648163   ,  19.084     ,  5.65732    ,  0.52864    ,  0.0551886  ,  0.0266962  ,  0.16155    ,  3.90823    ,  1.26096    ])
Iter time: 59.5950291157
Iter time: 114.514321089
Iter time: 196.426250219
75      , -26149.8    , array([ 0.0658535  ,  0.141283   ,  4.90558    ,  0.648602   ,  19.2082    ,  5.65768    ,  0.528961   ,  0.0535057  ,  0.0268472  ,  0.162151   ,  3.91733    ,  1.26002    ])
Iter time: 59.2474141121
Iter time: 113.750515938
Iter time: 195.379796982
76      , -26132      , array([ 0.0667012  ,  0.13971    ,  4.84491    ,  0.648289   ,  19.002     ,  5.59973    ,  0.530074   ,  0.0524768  ,  0.0269813  ,  0.161456   ,  3.9111     ,  1.26247    ])
Iter time: 59.5212700367
Iter time: 114.385379076
Iter time: 196.149800062
77      , -26138.3    , array([ 0.0675994  ,  0.141238   ,  4.90774    ,  0.649036   ,  19.1988    ,  5.64756    ,  0.529067   ,  0.0537785  ,  0.026853   ,  0.162501   ,  3.92093    ,  1.26431    ])
Iter time: 59.9029078484
Iter time: 115.008245945
Iter time: 197.325286865
78      , -26113.6    , array([ 0.0672602  ,  0.141138   ,  4.81301    ,  0.648281   ,  19.0884    ,  5.70359    ,  0.527263   ,  0.0540973  ,  0.0263997  ,  0.1618     ,  3.9066     ,  1.26229    ])
Iter time: 60.2235929966
Iter time: 115.344762802
Iter time: 197.830323935
79      , -26101.3    , array([ 0.066989   ,  0.141233   ,  4.8689     ,  0.647681   ,  19.0664    ,  5.69157    ,  0.532217   ,  0.0547472  ,  0.0259773  ,  0.161242   ,  3.9012     ,  1.26288    ])
Iter time: 59.7169661522
Iter time: 114.688186884
Iter time: 196.899307013
80      , -26080.1    , array([ 0.0668741  ,  0.141862   ,  4.89614    ,  0.647959   ,  18.8486    ,  5.6871     ,  0.528563   ,  0.0561473  ,  0.0261524  ,  0.161345   ,  3.89987    ,  1.26361    ])
Iter time: 59.641764164
Iter time: 114.489192009
Iter time: 196.750246048
81      , -25986.9    , array([ 0.0662159  ,  0.143302   ,  4.91424    ,  0.647357   ,  18.5017    ,  5.71282    ,  0.52756    ,  0.0600045  ,  0.0255623  ,  0.160536   ,  3.88256    ,  1.26593    ])
Iter time: 58.7619140148
Iter time: 112.584069967
Iter time: 193.46786809
82      , -26041.2    , array([ 0.0667371  ,  0.14263    ,  4.88206    ,  0.647222   ,  18.8563    ,  5.58468    ,  0.527676   ,  0.056595   ,  0.0253545  ,  0.160783   ,  3.88424    ,  1.26404    ])
Iter time: 60.3430621624
Iter time: 115.658024073
Iter time: 197.983402014
83      , -26005.2    , array([ 0.0670549  ,  0.138076   ,  4.90522    ,  0.648374   ,  18.8762    ,  5.66828    ,  0.528172   ,  0.0586363  ,  0.025665   ,  0.161718   ,  3.89758    ,  1.26275    ])
Iter time: 59.4210548401
Iter time: 113.911834955
Iter time: 195.3389709
84      , -26001.9    , array([ 0.0668294  ,  0.142637   ,  4.87616    ,  0.646565   ,  18.7817    ,  5.65301    ,  0.529044   ,  0.0581071  ,  0.0257334  ,  0.160413   ,  3.92253    ,  1.26388    ])
Iter time: 59.3324570656
Iter time: 113.757193089
Iter time: 195.888292789
85      , -25987.4    , array([ 0.0662687  ,  0.142502   ,  4.8762     ,  0.650417   ,  18.7464    ,  5.65952    ,  0.528558   ,  0.0587544  ,  0.0254227  ,  0.15899    ,  3.89782    ,  1.26484    ])
Iter time: 59.6154639721
Iter time: 114.241609097
Iter time: 195.940711021
86      , -25964.4    , array([ 0.0657969  ,  0.142566   ,  4.87009    ,  0.648188   ,  18.6845    ,  5.65943    ,  0.528549   ,  0.0593817  ,  0.0252146  ,  0.163276   ,  3.89554    ,  1.26559    ])
Iter time: 59.3838810921
Iter time: 114.115445137
Iter time: 195.785252094
87      , -25846.3    , array([ 0.0646177  ,  0.143977   ,  4.8588     ,  0.647999   ,  18.4054    ,  5.66257    ,  0.528169   ,  0.0633934  ,  0.024382   ,  0.165178   ,  3.88343    ,  1.26828    ])
Iter time: 59.3147468567
Iter time: 113.664533138
Iter time: 195.192121029
88      , -25917      , array([ 0.0656141  ,  0.144063   ,  4.88154    ,  0.645799   ,  18.5875    ,  5.67506    ,  0.527624   ,  0.0611071  ,  0.0264684  ,  0.159424   ,  3.8634     ,  1.26652    ])
Iter time: 59.256966114
Iter time: 113.900177002
Iter time: 195.723353863
89      , -25909.6    , array([ 0.0675673  ,  0.142324   ,  4.85019    ,  0.647261   ,  18.4946    ,  5.66138    ,  0.52838    ,  0.0610497  ,  0.0250786  ,  0.160438   ,  3.87929    ,  1.26818    ])
Iter time: 59.3231639862
Iter time: 114.094455004
Iter time: 195.709298134
90      , -25883      , array([ 0.065817   ,  0.142551   ,  4.83854    ,  0.646532   ,  18.3887    ,  5.67383    ,  0.52816    ,  0.0620373  ,  0.0247891  ,  0.159752   ,  3.86885    ,  1.26453    ])
Iter time: 59.6052660942
Iter time: 114.526401043
Iter time: 196.655834913
91      , -25842.2    , array([ 0.0665551  ,  0.144595   ,  4.90021    ,  0.646984   ,  18.4779    ,  5.73485    ,  0.526838   ,  0.0653745  ,  0.0243252  ,  0.160501   ,  3.87155    ,  1.26671    ])
Iter time: 59.8519201279
Iter time: 115.083960056
Iter time: 199.361900806
92      , -25682.8    , array([ 0.0664822  ,  0.147101   ,  4.92809    ,  0.646333   ,  18.2213    ,  5.80363    ,  0.525228   ,  0.0729674  ,  0.0230969  ,  0.160026   ,  3.85193    ,  1.26883    ])
Iter time: 59.2979388237
Iter time: 113.282305956
Iter time: 194.425642967
93      , -25793.3    , array([ 0.0658741  ,  0.144122   ,  4.95215    ,  0.646668   ,  18.2523    ,  5.64676    ,  0.529306   ,  0.0666592  ,  0.0243134  ,  0.159866   ,  3.86692    ,  1.26798    ])
Iter time: 58.6254560947
Iter time: 112.917649984
Iter time: 193.740866184
94      , -25755.9    , array([ 0.0659561  ,  0.144512   ,  4.90915    ,  0.647098   ,  18.1409    ,  5.65123    ,  0.5239     ,  0.0680648  ,  0.0244377  ,  0.16019    ,  3.86658    ,  1.26824    ])
Iter time: 59.0536580086
Iter time: 113.439666033
Iter time: 194.68889308
95      , -25695.6    , array([ 0.0639274  ,  0.145054   ,  4.87268    ,  0.64644    ,  17.9717    ,  5.68443    ,  0.526654   ,  0.0699221  ,  0.0234319  ,  0.15966    ,  3.85274    ,  1.27139    ])
Iter time: 60.1103441715
Iter time: 115.251809835
Iter time: 197.872359991
96      , -25698.6    , array([ 0.0652943  ,  0.144047   ,  4.8949     ,  0.64725    ,  18.0437    ,  5.77537    ,  0.527445   ,  0.0706304  ,  0.0243497  ,  0.160235   ,  3.87127    ,  1.26952    ])
Iter time: 58.7332999706
Iter time: 112.96560216
Iter time: 193.791968107
97      , -25686.5    , array([ 0.0646972  ,  0.149852   ,  4.87008    ,  0.645913   ,  17.8896    ,  5.70798    ,  0.526829   ,  0.0703192  ,  0.0238451  ,  0.159064   ,  3.85368    ,  1.27194    ])
Iter time: 59.221711874
Iter time: 113.941994905
Iter time: 195.526121855
98      , -25633.4    , array([ 0.0645657  ,  0.146258   ,  4.89808    ,  0.647611   ,  17.8345    ,  5.73264    ,  0.525592   ,  0.0732519  ,  0.0234815  ,  0.160132   ,  3.81788    ,  1.27216    ])
Iter time: 59.250442028
Iter time: 113.931005955
Iter time: 195.668836832
99      , -25435.5    , array([ 0.0634627  ,  0.148103   ,  4.90907    ,  0.648134   ,  17.3789    ,  5.77287    ,  0.523875   ,  0.0822458  ,  0.0224306  ,  0.159992   ,  3.7666     ,  1.27632    ])
Iter time: 59.263201952
Iter time: 114.240236998
Iter time: 195.861369848
100     , -25555      , array([ 0.0646442  ,  0.147341   ,  4.90353    ,  0.643399   ,  17.6439    ,  5.745      ,  0.525297   ,  0.0766219  ,  0.0232776  ,  0.161734   ,  3.82021    ,  1.27311    ])
Iter time: 58.8681519032
Iter time: 113.173817873
Iter time: 194.245106936
101     , -25484.7    , array([ 0.0644372  ,  0.147198   ,  4.8638     ,  0.645779   ,  17.7363    ,  5.69672    ,  0.525913   ,  0.0781456  ,  0.022792   ,  0.160376   ,  3.82489    ,  1.27321    ])
Iter time: 59.2891530991
Iter time: 113.915669203
Iter time: 196.86826992
102     , -25476.7    , array([ 0.0648323  ,  0.146946   ,  4.89341    ,  0.647334   ,  17.517     ,  5.73827    ,  0.525565   ,  0.0799463  ,  0.02147    ,  0.161655   ,  3.83745    ,  1.27374    ])
Iter time: 59.1211469173
Iter time: 113.666362047
Iter time: 195.24499917
103     , -25411.4    , array([ 0.0625261  ,  0.149537   ,  4.93233    ,  0.645885   ,  17.4465    ,  5.76509    ,  0.524346   ,  0.0837002  ,  0.0220806  ,  0.160835   ,  3.81483    ,  1.273      ])
Iter time: 59.0828590393
Iter time: 113.755192041
Iter time: 195.236479044
104     , -25137.6    , array([ 0.0601484  ,  0.153279   ,  4.97392    ,  0.645198   ,  16.9449    ,  5.81765    ,  0.522341   ,  0.0980049  ,  0.0207188  ,  0.161035   ,  3.783      ,  1.27542    ])
Iter time: 59.053715229
Iter time: 113.675526142
Iter time: 194.919849873
105     , -25313      , array([ 0.0632326  ,  0.151115   ,  4.967      ,  0.64639    ,  17.3094    ,  5.77648    ,  0.523597   ,  0.0888905  ,  0.0216806  ,  0.161742   ,  3.81085    ,  1.2785     ])
Iter time: 58.9347651005
Iter time: 113.608362913
Iter time: 194.586167097
106     , -25260      , array([ 0.064174   ,  0.15083    ,  4.96448    ,  0.64466    ,  17.1176    ,  5.80722    ,  0.52283    ,  0.0920309  ,  0.0216153  ,  0.155881   ,  3.78462    ,  1.27643    ])
Iter time: 59.3671810627
Iter time: 114.154147863
Iter time: 195.988936901
107     , -25224.6    , array([ 0.0626763  ,  0.151825   ,  4.87292    ,  0.645651   ,  17.0775    ,  5.85074    ,  0.520637   ,  0.0923556  ,  0.0212554  ,  0.160384   ,  3.78718    ,  1.27814    ])
Iter time: 59.8694350719
Iter time: 115.05747509
Iter time: 197.704543829
108     , -25172.3    , array([ 0.0620685  ,  0.152666   ,  4.90953    ,  0.644981   ,  17.0103    ,  5.88001    ,  0.525462   ,  0.0951679  ,  0.0206613  ,  0.160092   ,  3.77444    ,  1.27954    ])
Iter time: 58.433478117
Iter time: 112.46301198
Iter time: 193.056234121
109     , -25147.4    , array([ 0.0621704  ,  0.154649   ,  4.92628    ,  0.644453   ,  16.9346    ,  5.77086    ,  0.521603   ,  0.0963839  ,  0.020176   ,  0.160024   ,  3.75398    ,  1.27993    ])
Iter time: 59.4858319759
Iter time: 114.50585103
Iter time: 196.029947042
110     , -25050.7    , array([ 0.0632054  ,  0.155225   ,  4.95777    ,  0.644929   ,  16.8349    ,  5.87796    ,  0.521548   ,  0.10271    ,  0.02045    ,  0.160661   ,  3.75574    ,  1.27946    ])
Iter time: 59.7236969471
Iter time: 114.671651125
Iter time: 196.992907047
111     , -24692.3    , array([ 0.0628475  ,  0.160574   ,  5.00086    ,  0.644175   ,  16.2937    ,  5.97718    ,  0.519014   ,  0.124484   ,  0.0191046  ,  0.161165   ,  3.70816    ,  1.28352    ])
Iter time: 59.7484900951
Iter time: 114.909785986
Iter time: 197.684706926
112     , -24885.9    , array([ 0.0621522  ,  0.151995   ,  4.98238    ,  0.645166   ,  16.6508    ,  5.89883    ,  0.520078   ,  0.11233    ,  0.0193669  ,  0.161616   ,  3.73082    ,  1.28084    ])
Iter time: 58.6868388653
Iter time: 113.050493002
Iter time: 194.069193125
113     , -24764.9    , array([ 0.0598084  ,  0.155685   ,  4.93272    ,  0.644553   ,  16.104     ,  5.81737    ,  0.520808   ,  0.116323   ,  0.0194158  ,  0.16091    ,  3.71269    ,  1.286      ])
Iter time: 59.1838009357
Iter time: 113.617116928
Iter time: 195.117645979
114     , -24758.5    , array([ 0.060717   ,  0.156865   ,  4.96234    ,  0.647685   ,  16.3797    ,  5.88902    ,  0.519995   ,  0.118758   ,  0.0186913  ,  0.159075   ,  3.72575    ,  1.28384    ])
Iter time: 59.544479847
Iter time: 114.656707048
Iter time: 196.88954401
115     , -24699.6    , array([ 0.0603112  ,  0.158691   ,  5.01962    ,  0.645615   ,  16.0797    ,  5.97187    ,  0.518407   ,  0.124854   ,  0.0184688  ,  0.160204   ,  3.70493    ,  1.28551    ])
Iter time: 59.2823960781
Iter time: 113.993767023
Iter time: 196.490748167
116     , -24582.2    , array([ 0.0592258  ,  0.161012   ,  5.01047    ,  0.643778   ,  16.0503    ,  5.96819    ,  0.517566   ,  0.131455   ,  0.0191201  ,  0.158698   ,  3.67124    ,  1.28694    ])
Iter time: 59.4927790165
Iter time: 114.207361221
Iter time: 196.098101139
117     , -24084.5    , array([ 0.0566071  ,  0.168543   ,  5.07005    ,  0.642008   ,  15.3637    ,  6.08658    ,  0.513612   ,  0.168564   ,  0.0180434  ,  0.15724    ,  3.59086    ,  1.2936     ])
Iter time: 59.2740459442
Iter time: 114.362940073
Iter time: 195.88997817
118     , -24391      , array([ 0.0593621  ,  0.163234   ,  5.02141    ,  0.641967   ,  15.849     ,  5.98498    ,  0.517526   ,  0.144013   ,  0.0176493  ,  0.159885   ,  3.71063    ,  1.28723    ])
Iter time: 59.3677148819
Iter time: 114.460928917
Iter time: 196.463273048
119     , -24372.1    , array([ 0.0589542  ,  0.16205    ,  4.97187    ,  0.642963   ,  15.6806    ,  6.01668    ,  0.516795   ,  0.144406   ,  0.0176444  ,  0.157851   ,  3.65129    ,  1.28649    ])
Iter time: 59.7246789932
Iter time: 114.789103985
Iter time: 197.241849899
120     , -24275.1    , array([ 0.0572738  ,  0.164311   ,  4.97563    ,  0.644406   ,  15.6263    ,  6.02029    ,  0.516553   ,  0.150354   ,  0.017109   ,  0.164129   ,  3.65469    ,  1.29027    ])
Iter time: 59.2531459332
Iter time: 114.116432905
Iter time: 195.914310932
121     , -24147.3    , array([ 0.057768   ,  0.165398   ,  5.08677    ,  0.643209   ,  15.4328    ,  6.00403    ,  0.518048   ,  0.162503   ,  0.0167806  ,  0.160135   ,  3.6306     ,  1.29056    ])
Iter time: 58.6294181347
Iter time: 113.748631001
Iter time: 194.932538986
122     , -24029.2    , array([ 0.0576397  ,  0.166697   ,  5.07877    ,  0.643582   ,  15.2445    ,  5.99495    ,  0.512077   ,  0.17241    ,  0.0166748  ,  0.160434   ,  3.61935    ,  1.291      ])
Iter time: 58.1421511173
Iter time: 112.419039011
Iter time: 192.429904938
123     , -23402.9    , array([ 0.0555452  ,  0.174189   ,  5.16557    ,  0.642883   ,  14.4316    ,  6.05326    ,  0.505513   ,  0.232059   ,  0.01498    ,  0.160605   ,  3.54421    ,  1.29677    ])
Iter time: 60.0348918438
Iter time: 115.671439886
Iter time: 198.684469938
124     , -23739.6    , array([ 0.0564747  ,  0.167855   ,  5.10167    ,  0.643848   ,  14.9098    ,  6.15717    ,  0.513178   ,  0.197083   ,  0.0162491  ,  0.160599   ,  3.60436    ,  1.29342    ])
Iter time: 59.6503250599
Iter time: 114.861711025
Iter time: 197.120709896
125     , -23500.9    , array([ 0.0577633  ,  0.171939   ,  5.07421    ,  0.64288    ,  14.5864    ,  6.16567    ,  0.510944   ,  0.217757   ,  0.0151954  ,  0.15952    ,  3.54799    ,  1.30104    ])
Iter time: 59.055793047
Iter time: 113.536323071
Iter time: 195.219097137
126     , -23560.5    , array([ 0.0552228  ,  0.176992   ,  5.08104    ,  0.642532   ,  14.5202    ,  6.12582    ,  0.511654   ,  0.212148   ,  0.015612   ,  0.1586     ,  3.56761    ,  1.29891    ])
Iter time: 60.1107618809
Iter time: 115.668915033
Iter time: 198.893191099
127     , -23465.1    , array([ 0.056629   ,  0.176531   ,  5.15759    ,  0.642807   ,  14.7564    ,  6.26531    ,  0.50943    ,  0.226444   ,  0.0150169  ,  0.158913   ,  3.5613     ,  1.29585    ])
Iter time: 59.8438110352
Iter time: 115.282973051
Iter time: 198.124419928
128     , -23254      , array([ 0.0551373  ,  0.178686   ,  5.1599     ,  0.638892   ,  14.2578    ,  6.25331    ,  0.508483   ,  0.246992   ,  0.0150402  ,  0.160719   ,  3.52222    ,  1.30005    ])
Iter time: 60.2635691166
Iter time: 116.367043018
Iter time: 200.22269392
129     , -22436.3    , array([ 0.0525428  ,  0.19071    ,  5.26161    ,  0.63454    ,  13.3022    ,  6.44383    ,  0.502823   ,  0.356199   ,  0.0134915  ,  0.161548   ,  3.42466    ,  1.30823    ])
Iter time: 59.3826808929
Iter time: 114.491268873
Iter time: 196.710222006
130     , -22943.1    , array([ 0.0542471  ,  0.182125   ,  5.14119    ,  0.639095   ,  14.0719    ,  6.24522    ,  0.507453   ,  0.279784   ,  0.0144452  ,  0.159808   ,  3.49587    ,  1.30216    ])
Iter time: 59.2763700485
Iter time: 114.277426004
Iter time: 196.499943018
131     , -22641      , array([ 0.0507967  ,  0.183806   ,  5.18434    ,  0.639679   ,  13.5519    ,  6.28547    ,  0.504959   ,  0.321167   ,  0.0133287  ,  0.158632   ,  3.45867    ,  1.30732    ])
Iter time: 60.1509940624
Iter time: 115.939470053
Iter time: 197.683779001
132     , -22675.3    , array([ 0.0524004  ,  0.184423   ,  5.19067    ,  0.641498   ,  13.5733    ,  6.32874    ,  0.504341   ,  0.317319   ,  0.0137682  ,  0.159693   ,  3.4161     ,  1.30692    ])
Iter time: 59.5919959545
Iter time: 114.903555155
Iter time: 197.611565113
133     , -22406.3    , array([ 0.0517367  ,  0.189818   ,  5.28016    ,  0.64026    ,  13.393     ,  6.34866    ,  0.503005   ,  0.360827   ,  0.0132142  ,  0.162064   ,  3.43331    ,  1.31111    ])
Iter time: 59.8960971832
Iter time: 115.534713984
Iter time: 198.887542963
134     , -21430.2    , array([ 0.0484664  ,  0.205439   ,  5.4414     ,  0.638912   ,  12.3775    ,  6.52146    ,  0.496249   ,  0.570369   ,  0.0114356  ,  0.164212   ,  3.32925    ,  1.32359    ])
Iter time: 59.3915979862
Iter time: 114.565819979
Iter time: 196.906827927
135     , -22031.5    , array([ 0.0517931  ,  0.194308   ,  5.35545    ,  0.637916   ,  12.9275    ,  6.42999    ,  0.499889   ,  0.432787   ,  0.0127428  ,  0.155878   ,  3.37721    ,  1.31284    ])
Iter time: 59.7630689144
Iter time: 115.430349112
Iter time: 198.503207207
136     , -21808.3    , array([ 0.0504241  ,  0.198284   ,  5.28357    ,  0.638223   ,  12.7088    ,  6.52148    ,  0.495491   ,  0.471445   ,  0.0124096  ,  0.159049   ,  3.35887    ,  1.31628    ])
Iter time: 59.9384570122
Iter time: 115.689455986
Iter time: 199.503008842
137     , -21507.8    , array([ 0.0504758  ,  0.199927   ,  5.33757    ,  0.638787   ,  12.3686    ,  6.50745    ,  0.496788   ,  0.539476   ,  0.010843   ,  0.162287   ,  3.35845    ,  1.31701    ])
Iter time: 59.2978758812
Iter time: 114.227127075
Iter time: 196.166682005
138     , -21504.8    , array([ 0.0496559  ,  0.206681   ,  5.34459    ,  0.636125   ,  12.3543    ,  6.49244    ,  0.494525   ,  0.545728   ,  0.0112554  ,  0.159169   ,  3.3067     ,  1.32116    ])
Iter time: 60.2334899902
Iter time: 116.160521984
Iter time: 199.846462011
139     , -21349.6    , array([ 0.0498902  ,  0.201144   ,  5.41171    ,  0.636364   ,  12.3489    ,  6.5892     ,  0.493191   ,  0.593439   ,  0.011093   ,  0.161272   ,  3.29874    ,  1.31931    ])
Iter time: 63.0123519897
Iter time: 121.592566967
Iter time: 209.206403971
141     , -21090.7    , array([ 0.0465453  ,  0.212541   ,  5.47747    ,  0.63494    ,  11.9563    ,  6.6195     ,  0.490974   ,  0.683298   ,  0.0108148  ,  0.160635   ,  3.27696    ,  1.32021    ])
Iter time: 70.8236031532
Iter time: 136.451641798
Iter time: 236.652835846
143     , -20782.3    , array([ 0.045951   ,  0.213517   ,  5.44323    ,  0.63371    ,  11.4113    ,  6.5742     ,  0.489415   ,  0.789882   ,  0.0103607  ,  0.161538   ,  3.21975    ,  1.32962    ])
Iter time: 58.8440871239
Iter time: 113.374455929
Iter time: 194.95025301
146     , -22615.5    , array([ 0.0528111  ,  0.185463   ,  5.24303    ,  0.640175   ,  13.5515    ,  6.25439    ,  0.501731   ,  0.329682   ,  0.013461   ,  0.160451   ,  3.45048    ,  1.30604    ])
Iter time: 73.1464619637
Iter time: 141.541673183
Iter time: 243.255429029
147     , -20793.3    , array([ 0.046269   ,  0.214751   ,  5.52649    ,  0.636045   ,  11.4351    ,  6.68836    ,  0.487755   ,  0.805822   ,  0.0100104  ,  0.160895   ,  3.22092    ,  1.32936    ])
Iter time: 59.6330180168
Iter time: 115.080840111
Iter time: 197.933399916
149     , -22149.7    , array([ 0.0509721  ,  0.192194   ,  5.27381    ,  0.639302   ,  13.0283    ,  6.41026    ,  0.500215   ,  0.403532   ,  0.0126974  ,  0.160071   ,  3.37742    ,  1.31223    ])
Iter time: 77.0247890949
Iter time: 149.331142902
Iter time: 256.766777992
150     , -20699.5    , array([ 0.0484255  ,  0.219884   ,  5.55388    ,  0.634499   ,  11.4639    ,  6.72904    ,  0.486674   ,  0.851752   ,  0.0102047  ,  0.162535   ,  3.21105    ,  1.32871    ])
Iter time: 59.2445759773
Iter time: 114.59967494
Iter time: 196.891062975
153     , -22016.1    , array([ 0.0509942  ,  0.194468   ,  5.31687    ,  0.638391   ,  12.9062    ,  6.39718    ,  0.49809    ,  0.432001   ,  0.0123858  ,  0.160598   ,  3.38086    ,  1.31293    ])
Iter time: 59.983716011
Iter time: 115.706078053
Iter time: 199.039430141
155     , -21909.2    , array([ 0.0508012  ,  0.19736    ,  5.3286     ,  0.635735   ,  12.7709    ,  6.49138    ,  0.498435   ,  0.452663   ,  0.0123557  ,  0.161106   ,  3.36638    ,  1.31423    ])
Iter time: 75.3660371304
Iter time: 145.6479671
Iter time: 251.061031103
156     , -20722.9    , array([ 0.0473035  ,  0.218007   ,  5.53144    ,  0.633978   ,  11.5001    ,  6.68489    ,  0.487741   ,  0.835892   ,  0.0100385  ,  0.161436   ,  3.24039    ,  1.32867    ])
Iter time: 59.5522460938
Iter time: 114.894859791
Iter time: 197.698680878
158     , -21648.5    , array([ 0.0502402  ,  0.200392   ,  5.38547    ,  0.637111   ,  12.5181    ,  6.49832    ,  0.496396   ,  0.515295   ,  0.0118757  ,  0.158527   ,  3.33677    ,  1.31728    ])
Iter time: 59.517029047
Iter time: 114.905997992
Iter time: 198.957312822
160     , -21624.7    , array([ 0.0498203  ,  0.200725   ,  5.36891    ,  0.637294   ,  12.4919    ,  6.48596    ,  0.495431   ,  0.518622   ,  0.0116877  ,  0.160823   ,  3.33675    ,  1.31751    ])
Iter time: 59.8598999977
Iter time: 115.504017115
Iter time: 198.778839111
162     , -21561.3    , array([ 0.0496855  ,  0.202355   ,  5.37651    ,  0.636032   ,  12.4148    ,  6.53331    ,  0.495478   ,  0.533897   ,  0.0116465  ,  0.161065   ,  3.32837    ,  1.3183     ])
Iter time: 59.90666008
Iter time: 115.385219812
Iter time: 198.452466965
164     , -21502.7    , array([ 0.0494704  ,  0.203      ,  5.35764    ,  0.637184   ,  12.3725    ,  6.54893    ,  0.494012   ,  0.547693   ,  0.0116411  ,  0.160118   ,  3.32339    ,  1.31941    ])
Iter time: 71.8230178356
Iter time: 138.7226789
Iter time: 239.177809954
165     , -20785.6    , array([ 0.0467665  ,  0.216003   ,  5.47571    ,  0.635199   ,  11.5674    ,  6.66424    ,  0.488318   ,  0.793678   ,  0.0100081  ,  0.164177   ,  3.23833    ,  1.3282     ])
Iter time: 59.7126111984
Iter time: 115.189317942
Iter time: 197.978429079
167     , -21372.3    , array([ 0.0490123  ,  0.204981   ,  5.404      ,  0.636636   ,  12.2213    ,  6.54057    ,  0.493586   ,  0.586206   ,  0.0112153  ,  0.161214   ,  3.30774    ,  1.32056    ])
Iter time: 59.8581500053
Iter time: 115.542669058
Iter time: 198.716190815
169     , -21333.5    , array([ 0.0489182  ,  0.205922   ,  5.40898    ,  0.636031   ,  12.1755    ,  6.5647     ,  0.493531   ,  0.597097   ,  0.0111779  ,  0.161341   ,  3.30273    ,  1.32105    ])
Iter time: 75.8608670235
Iter time: 146.815438032
Iter time: 252.759730101
170     , -20738.3    , array([ 0.0457161  ,  0.220725   ,  5.56004    ,  0.632827   ,  11.4977    ,  6.69604    ,  0.485914   ,  0.840693   ,  0.0106684  ,  0.160794   ,  3.18918    ,  1.33133    ])
Iter time: 80.7708170414
Iter time: 156.19938612
Iter time: 269.181122065
171     , -20620.4    , array([ 0.045835   ,  0.215864   ,  5.58943    ,  0.634926   ,  11.3739    ,  6.74615    ,  0.486711   ,  0.893121   ,  0.0101862  ,  0.164222   ,  3.21962    ,  1.32884    ])
Iter time: 59.8379209042
Iter time: 115.50543499
Iter time: 198.678884029
174     , -21225.1    , array([ 0.0484265  ,  0.207601   ,  5.42093    ,  0.63626    ,  12.0681    ,  6.59156    ,  0.491999   ,  0.631087   ,  0.0111026  ,  0.161065   ,  3.28864    ,  1.32259    ])
Iter time: 59.9974529743
Iter time: 116.322155952
Iter time: 200.53800416
176     , -21183.5    , array([ 0.047931   ,  0.208936   ,  5.46228    ,  0.637012   ,  12.0578    ,  6.58065    ,  0.492935   ,  0.646739   ,  0.0109906  ,  0.162979   ,  3.28986    ,  1.32464    ])
Iter time: 60.9357941151
Iter time: 117.644648075
Iter time: 202.654618979
178     , -21148.3    , array([ 0.0481554  ,  0.208869   ,  5.44591    ,  0.635892   ,  11.9747    ,  6.59196    ,  0.491584   ,  0.658347   ,  0.0108751  ,  0.161558   ,  3.27847    ,  1.3233     ])
Iter time: 61.7765851021
Iter time: 119.233548164
Iter time: 205.194939137
180     , -21129.6    , array([ 0.0485131  ,  0.20723    ,  5.45122    ,  0.635736   ,  12.0217    ,  6.61654    ,  0.49132    ,  0.665267   ,  0.0108067  ,  0.161599   ,  3.27317    ,  1.32283    ])
Iter time: 61.9684391022
Iter time: 119.63780117
Iter time: 205.775159836
182     , -21113.4    , array([ 0.0480216  ,  0.209732   ,  5.45161    ,  0.635557   ,  11.9307    ,  6.60639    ,  0.491397   ,  0.670327   ,  0.0108327  ,  0.161645   ,  3.27392    ,  1.32378    ])
Iter time: 63.6438689232
Iter time: 122.830657959
Iter time: 211.388587952
184     , -21057.3    , array([ 0.047763   ,  0.210675   ,  5.45892    ,  0.635643   ,  11.8723    ,  6.62051    ,  0.490609   ,  0.690876   ,  0.0107851  ,  0.16153    ,  3.26632    ,  1.32461    ])
Iter time: 64.3290500641
Iter time: 124.179810047
Iter time: 213.754706144
186     , -21031.6    , array([ 0.047511   ,  0.211424   ,  5.47956    ,  0.635961   ,  11.8595    ,  6.61669    ,  0.490979   ,  0.701317   ,  0.0107221  ,  0.162427   ,  3.26594    ,  1.32563    ])
Iter time: 79.9230949879
Iter time: 154.708132982
Iter time: 266.587802172
187     , -20622.8    , array([ 0.045954   ,  0.219584   ,  5.55404    ,  0.633945   ,  11.344     ,  6.71867    ,  0.486391   ,  0.887815   ,  0.0100374  ,  0.16234    ,  3.2043     ,  1.33034    ])
Iter time: 66.0836179256
Iter time: 127.651891947
Iter time: 219.88688302
189     , -20979      , array([ 0.0476641  ,  0.211175   ,  5.47968    ,  0.635252   ,  11.8084    ,  6.63998    ,  0.489943   ,  0.721795   ,  0.0105931  ,  0.161805   ,  3.25425    ,  1.32513    ])
Iter time: 66.5015828609
Iter time: 128.247087955
Iter time: 220.978414059
191     , -20965.6    , array([ 0.0474072  ,  0.212507   ,  5.48105    ,  0.63515    ,  11.7586    ,  6.63629    ,  0.489921   ,  0.726772   ,  0.010596   ,  0.161834   ,  3.2538     ,  1.32567    ])
Iter time: 67.1326777935
Iter time: 130.48322916
Iter time: 223.982895851
193     , -20949.7    , array([ 0.0467085  ,  0.213924   ,  5.49418    ,  0.63485    ,  11.763     ,  6.64357    ,  0.489666   ,  0.735658   ,  0.0105782  ,  0.161378   ,  3.25435    ,  1.3241     ])
Iter time: 67.8595881462
Iter time: 130.724937201
Iter time: 224.953950882
195     , -20928.7    , array([ 0.0472716  ,  0.213119   ,  5.48634    ,  0.635168   ,  11.7171    ,  6.64504    ,  0.489445   ,  0.741665   ,  0.0105551  ,  0.161821   ,  3.24857    ,  1.32628    ])
Iter time: 68.1587469578
Iter time: 131.809834957
Iter time: 226.815241814
197     , -20912.2    , array([ 0.0471368  ,  0.213568   ,  5.49698    ,  0.635294   ,  11.7049    ,  6.64431    ,  0.489565   ,  0.748992   ,  0.0105174  ,  0.162244   ,  3.24766    ,  1.32682    ])
Iter time: 80.1919448376
Iter time: 155.108702183
Iter time: 267.083920002
198     , -20613.5    , array([ 0.0457989  ,  0.220805   ,  5.55239    ,  0.634013   ,  11.2852    ,  6.70499    ,  0.486313   ,  0.891954   ,  0.0100353  ,  0.162391   ,  3.20381    ,  1.33119    ])
Iter time: 70.0515089035
Iter time: 135.505083084
Iter time: 232.659653902
201     , -20862.4    , array([ 0.0469958  ,  0.214557   ,  5.50142    ,  0.634844   ,  11.6308    ,  6.65718    ,  0.488871   ,  0.770183   ,  0.0104286  ,  0.161989   ,  3.23925    ,  1.32714    ])
Iter time: 70.4404549599
Iter time: 136.479769945
Iter time: 234.509328127
203     , -20851.1    , array([ 0.0466601  ,  0.215298   ,  5.5083     ,  0.634693   ,  11.6275    ,  6.6614     ,  0.488711   ,  0.77636    ,  0.0104136  ,  0.161786   ,  3.2389     ,  1.32649    ])
Iter time: 70.8758068085
Iter time: 136.98209691
Iter time: 235.864777088
205     , -20837.8    , array([ 0.0469151  ,  0.214983   ,  5.50529    ,  0.634833   ,  11.6011    ,  6.66282    ,  0.48857    ,  0.781009   ,  0.0103964  ,  0.162006   ,  3.23561    ,  1.32759    ])
Iter time: 71.2029058933
Iter time: 137.712227106
Iter time: 237.203084946
207     , -20826.4    , array([ 0.0468389  ,  0.215269   ,  5.51097    ,  0.634877   ,  11.5907    ,  6.66323    ,  0.488589   ,  0.786228   ,  0.0103728  ,  0.162208   ,  3.23466    ,  1.32789    ])
Iter time: 79.7520198822
Iter time: 154.58812809
Iter time: 266.692875862
208     , -20622.1    , array([ 0.0460688  ,  0.219558   ,  5.55029    ,  0.63408    ,  11.32      ,  6.70832    ,  0.486313   ,  0.887437   ,  0.0100267  ,  0.162393   ,  3.20352    ,  1.3309     ])
Iter time: 72.8571460247
Iter time: 140.830959082
Iter time: 242.422194958
210     , -20785.4    , array([ 0.0465703  ,  0.216345   ,  5.51879    ,  0.634552   ,  11.5378    ,  6.67399    ,  0.48805    ,  0.805627   ,  0.010303   ,  0.162014   ,  3.22863    ,  1.32794    ])
Iter time: 73.1814160347
Iter time: 141.326458931
Iter time: 243.945597887
212     , -20776.7    , array([ 0.046683   ,  0.216244   ,  5.51784    ,  0.63461    ,  11.522     ,  6.67517    ,  0.487958   ,  0.809082   ,  0.0102906  ,  0.162124   ,  3.2267     ,  1.3285     ])
Iter time: 73.645802021
Iter time: 142.094737053
Iter time: 244.823331833
214     , -20769.2    , array([ 0.0466386  ,  0.216429   ,  5.52098    ,  0.634621   ,  11.514     ,  6.67587    ,  0.487941   ,  0.81275    ,  0.0102755  ,  0.162222   ,  3.22589    ,  1.32868    ])
Iter time: 78.840433836
Iter time: 152.173431158
Iter time: 262.366414785
215     , -20629      , array([ 0.0466717  ,  0.220762   ,  5.53459    ,  0.632453   ,  11.4538    ,  6.68664    ,  0.486866   ,  0.877226   ,  0.0103958  ,  0.16381    ,  3.21421    ,  1.32946    ])
Iter time: 81.3805060387
Iter time: 157.51090312
Iter time: 271.303163052
216     , -20614.3    , array([ 0.0461595  ,  0.22028    ,  5.59589    ,  0.632839   ,  11.3042    ,  6.7146     ,  0.486064   ,  0.90563    ,  0.0104642  ,  0.160475   ,  3.19295    ,  1.33083    ])
Iter time: 81.5764670372
Iter time: 157.894294977
Iter time: 272.193863869
217     , -20584.5    , array([ 0.0462857  ,  0.220594   ,  5.56506    ,  0.633198   ,  11.2946    ,  6.71157    ,  0.486      ,  0.909767   ,  0.0101911  ,  0.16236    ,  3.19662    ,  1.33158    ])
Iter time: 86.596765995
Iter time: 167.573241949
Iter time: 289.958549976
218     , -20489.2    , array([ 0.046144   ,  0.222749   ,  5.58834    ,  0.632522   ,  11.175     ,  6.73043    ,  0.484978   ,  0.966782   ,  0.0101356  ,  0.162534   ,  3.18073    ,  1.3334     ])
Iter time: 87.9667339325
Iter time: 169.026365995
Iter time: 291.390746117
219     , -20543.8    , array([ 0.0469422  ,  0.225098   ,  5.6671     ,  0.633841   ,  11.38      ,  6.84017    ,  0.48391    ,  0.959688   ,  0.0100972  ,  0.163005   ,  3.19892    ,  1.33052    ])
Iter time: 86.7240669727
Iter time: 168.363799095
Iter time: 289.448649883
220     , -20509      , array([ 0.0462489  ,  0.223751   ,  5.6154     ,  0.632814   ,  11.2474    ,  6.76417    ,  0.484681   ,  0.963954   ,  0.010134   ,  0.162562   ,  3.18744    ,  1.33198    ])
Iter time: 89.1403799057
Iter time: 172.200594902
Iter time: 296.808204174
221     , -20473.9    , array([ 0.0462282  ,  0.224804   ,  5.62809    ,  0.632503   ,  11.2113    ,  6.77829    ,  0.484157   ,  0.987283   ,  0.0101254  ,  0.162522   ,  3.18187    ,  1.33235    ])
Iter time: 98.3373520374
Iter time: 190.345798969
Iter time: 328.711454868
222     , -20340.8    , array([ 0.0460243  ,  0.229112   ,  5.68243    ,  0.631447   ,  11.063     ,  6.83009    ,  0.482275   ,  1.08814    ,  0.0100512  ,  0.162672   ,  3.16008    ,  1.33419    ])
Iter time: 79.3041551113
Iter time: 153.022634029
Iter time: 263.65426302
224     , -20660.1    , array([ 0.046086   ,  0.220994   ,  5.57221    ,  0.633136   ,  11.4111    ,  6.71699    ,  0.485828   ,  0.877177   ,  0.0104058  ,  0.161659   ,  3.19526    ,  1.33104    ])
Iter time: 91.121160984
Iter time: 176.426628113
Iter time: 304.217350006
225     , -20440.9    , array([ 0.0454316  ,  0.225078   ,  5.64477    ,  0.632773   ,  11.1386    ,  6.79697    ,  0.483432   ,  1.01021    ,  0.0103237  ,  0.163667   ,  3.15542    ,  1.33323    ])
Iter time: 91.9101109505
Iter time: 178.437807083
Iter time: 306.518897057
226     , -20422.1    , array([ 0.0439095  ,  0.224026   ,  5.6372     ,  0.631967   ,  11.1203    ,  6.76369    ,  0.483953   ,  1.02       ,  0.0101751  ,  0.162747   ,  3.17499    ,  1.33395    ])
Iter time: 81.8752150536
Iter time: 158.519105911
Iter time: 273.176558018
228     , -20598      , array([ 0.0460063  ,  0.221595   ,  5.58648    ,  0.633135   ,  11.3386    ,  6.73359    ,  0.485491   ,  0.909916   ,  0.0102877  ,  0.162195   ,  3.19327    ,  1.3313     ])
Iter time: 81.8439249992
Iter time: 158.328362942
Iter time: 273.169620991
230     , -20581.2    , array([ 0.04627    ,  0.221513   ,  5.56976    ,  0.632822   ,  11.355     ,  6.72032    ,  0.485953   ,  0.91133    ,  0.0102782  ,  0.163203   ,  3.20185    ,  1.33059    ])
Iter time: 91.3965651989
Iter time: 177.008659124
Iter time: 305.073298931
231     , -20443.9    , array([ 0.045842   ,  0.225311   ,  5.65939    ,  0.632251   ,  11.1725    ,  6.79015    ,  0.483622   ,  1.01402    ,  0.0103289  ,  0.163      ,  3.17444    ,  1.33315    ])
Iter time: 93.7274429798
Iter time: 181.656579018
Iter time: 312.928510904
232     , -20416.5    , array([ 0.0456902  ,  0.226311   ,  5.68162    ,  0.631813   ,  11.1717    ,  6.81438    ,  0.483252   ,  1.03726    ,  0.0103912  ,  0.163049   ,  3.17038    ,  1.33297    ])
Iter time: 95.2431938648
Iter time: 183.958621025
Iter time: 317.906561136
233     , -20385.4    , array([ 0.045899   ,  0.232006   ,  5.65724    ,  0.630454   ,  11.0856    ,  6.78754    ,  0.482283   ,  1.05668    ,  0.0102626  ,  0.16104    ,  3.14644    ,  1.33572    ])
Iter time: 85.119795084
Iter time: 164.352427959
Iter time: 283.723277092
235     , -20546.6    , array([ 0.0460022  ,  0.222508   ,  5.61209    ,  0.632663   ,  11.2573    ,  6.74369    ,  0.48512    ,  0.944017   ,  0.0103352  ,  0.161569   ,  3.18593    ,  1.33176    ])
Iter time: 100.471406937
Iter time: 192.73687315
Iter time: 331.986084938
236     , -20346.5    , array([ 0.0459258  ,  0.229076   ,  5.71552    ,  0.630741   ,  11.1319    ,  6.84808    ,  0.481854   ,  1.09593    ,  0.0104343  ,  0.162813   ,  3.1513     ,  1.33427    ])
Iter time: 100.138532162
Iter time: 194.455627918
Iter time: 335.110615015
237     , -20318.8    , array([ 0.0457054  ,  0.229526   ,  5.7023     ,  0.631216   ,  11.0455    ,  6.83818    ,  0.482064   ,  1.10812    ,  0.0102023  ,  0.163114   ,  3.15474    ,  1.33465    ])
Iter time: 111.057015896
Iter time: 215.464962959
Iter time: 371.565414906
238     , -20192.5    , array([ 0.0455557  ,  0.233597   ,  5.76111    ,  0.630259   ,  10.9019    ,  6.89108    ,  0.48036    ,  1.22286    ,  0.0101599  ,  0.163575   ,  3.13565    ,  1.33633    ])
Iter time: 105.598707199
Iter time: 204.708483934
Iter time: 352.878527164
239     , -20274.4    , array([ 0.0453272  ,  0.231652   ,  5.75171    ,  0.631101   ,  10.955     ,  6.8804     ,  0.480678   ,  1.16197    ,  0.010192   ,  0.162168   ,  3.13535    ,  1.33632    ])
Iter time: 105.772609949
Iter time: 204.48178792
Iter time: 352.619006872
240     , -20258.9    , array([ 0.0454789  ,  0.232169   ,  5.73175    ,  0.631      ,  11.0001    ,  6.87953    ,  0.480766   ,  1.16125    ,  0.0101123  ,  0.163909   ,  3.14262    ,  1.33592    ])
Iter time: 105.602140903
Iter time: 204.846099138
Iter time: 354.523503065
241     , -20214.5    , array([ 0.0443336  ,  0.230684   ,  5.68685    ,  0.629357   ,  10.82      ,  6.78898    ,  0.481444   ,  1.17917    ,  0.0103532  ,  0.162615   ,  3.12061    ,  1.33806    ])
Iter time: 109.989005089
Iter time: 213.276212931
Iter time: 367.799046993
242     , -20202.9    , array([ 0.0446821  ,  0.233256   ,  5.75133    ,  0.629802   ,  10.8771    ,  6.86945    ,  0.480142   ,  1.21405    ,  0.0103525  ,  0.163066   ,  3.12081    ,  1.33761    ])
Iter time: 114.743931055
Iter time: 222.625170946
Iter time: 384.173648834
243     , -20177.8    , array([ 0.044544   ,  0.236112   ,  5.80693    ,  0.62964    ,  10.8985    ,  6.92745    ,  0.479047   ,  1.25733    ,  0.0103875  ,  0.163184   ,  3.1175     ,  1.33688    ])
Iter time: 132.56606698
Iter time: 256.915649891
Iter time: 443.362905979
244     , -20046.3    , array([ 0.0437649  ,  0.24309    ,  5.91942    ,  0.628205   ,  10.7628    ,  7.02811    ,  0.476108   ,  1.43387    ,  0.0105158  ,  0.16351    ,  3.08635    ,  1.33863    ])
Iter time: 115.689263105
Iter time: 224.080171824
Iter time: 386.446156979
245     , -20149.8    , array([ 0.0444923  ,  0.2364     ,  5.77712    ,  0.629237   ,  10.8332    ,  6.90606    ,  0.479138   ,  1.27001    ,  0.0102235  ,  0.162802   ,  3.10906    ,  1.33805    ])
Iter time: 120.543181896
Iter time: 234.34514904
Iter time: 404.746045828
246     , -20109      , array([ 0.0447382  ,  0.238589   ,  5.8145     ,  0.62813    ,  10.816     ,  6.91746    ,  0.478614   ,  1.32437    ,  0.0102121  ,  0.161996   ,  3.1201     ,  1.33877    ])
Iter time: 125.639621019
Iter time: 243.647028923
Iter time: 420.915734053
247     , -20079.8    , array([ 0.0464335  ,  0.242239   ,  5.85244    ,  0.628293   ,  10.7838    ,  6.9776     ,  0.477215   ,  1.37001    ,  0.0103675  ,  0.162785   ,  3.09186    ,  1.33886    ])
Iter time: 128.956325054
Iter time: 250.26809597
Iter time: 431.383897066
248     , -20030.9    , array([ 0.044744   ,  0.242526   ,  5.83542    ,  0.627862   ,  10.6711    ,  6.95306    ,  0.476908   ,  1.41116    ,  0.010148   ,  0.16244    ,  3.08344    ,  1.34083    ])
Iter time: 151.558176994
Iter time: 294.254962921
Iter time: 507.258700132
249     , -19869.6    , array([ 0.0442784  ,  0.251064   ,  5.91387    ,  0.625896   ,  10.4292    ,  7.02345    ,  0.473767   ,  1.64596    ,  0.0100286  ,  0.162137   ,  3.04087    ,  1.34477    ])
Iter time: 137.414495945
Iter time: 266.806376934
Iter time: 461.572710037
250     , -19975.2    , array([ 0.0442744  ,  0.239707   ,  5.90405    ,  0.628455   ,  10.6451    ,  7.02042    ,  0.476449   ,  1.49142    ,  0.0102358  ,  0.164652   ,  3.08929    ,  1.33958    ])
Iter time: 138.736289024
Iter time: 269.305456877
Iter time: 464.475487947
251     , -19949.9    , array([ 0.0439794  ,  0.244616   ,  5.87555    ,  0.62779    ,  10.5221    ,  6.98724    ,  0.475978   ,  1.51378    ,  0.0100352  ,  0.163164   ,  3.07432    ,  1.34192    ])
Iter time: 148.7511971
Iter time: 287.949777126
Iter time: 497.382297993
252     , -19902      , array([ 0.043554   ,  0.247261   ,  5.94278    ,  0.626481   ,  10.4996    ,  7.03226    ,  0.474521   ,  1.61086    ,  0.0104149  ,  0.163389   ,  3.05175    ,  1.34329    ])
Iter time: 146.572360039
Iter time: 284.016057968
Iter time: 489.858506918
253     , -19893.4    , array([ 0.0439307  ,  0.247222   ,  5.90326    ,  0.626056   ,  10.5284    ,  7.00629    ,  0.475076   ,  1.5929     ,  0.0103081  ,  0.164101   ,  3.06199    ,  1.34231    ])
Iter time: 154.561937094
Iter time: 300.011891842
Iter time: 519.575865984
254     , -19857.7    , array([ 0.0435321  ,  0.249268   ,  5.953      ,  0.625336   ,  10.4089    ,  7.02853    ,  0.474048   ,  1.6801     ,  0.0104227  ,  0.16239    ,  3.04171    ,  1.34378    ])
Iter time: 187.365032911
Iter time: 363.714323044
Iter time: 628.315928936
255     , -19701.2    , array([ 0.0425902  ,  0.258283   ,  6.0668     ,  0.622523   ,  10.1254    ,  7.10424    ,  0.470724   ,  2.02087    ,  0.0105814  ,  0.161637   ,  2.99247    ,  1.34773    ])
Iter time: 170.242313147
Iter time: 329.590811014
Iter time: 569.09644413
256     , -19820.3    , array([ 0.0443591  ,  0.255643   ,  6.06502    ,  0.625829   ,  10.4657    ,  7.17635    ,  0.471607   ,  1.81       ,  0.0102172  ,  0.163518   ,  3.04183    ,  1.34325    ])
Iter time: 175.274991989
Iter time: 340.606862068
Iter time: 587.86394906
257     , -19769.6    , array([ 0.0439599  ,  0.256715   ,  6.05035    ,  0.624728   ,  10.3441    ,  7.14414    ,  0.471474   ,  1.87899    ,  0.0101955  ,  0.16314    ,  3.02866    ,  1.34464    ])
Iter time: 189.390054941
Iter time: 364.23392415
Iter time: 628.322048903
258     , -19722.2    , array([ 0.0428615  ,  0.260404   ,  6.08959    ,  0.623359   ,  10.2307    ,  7.16465    ,  0.469796   ,  2.00389    ,  0.0103948  ,  0.16256    ,  2.99694    ,  1.34732    ])
Iter time: 195.230745792
Iter time: 379.504653931
Iter time: 655.084310055
259     , -19692.6    , array([ 0.0436136  ,  0.261497   ,  6.12626    ,  0.623395   ,  10.1978    ,  7.19305    ,  0.469451   ,  2.08189    ,  0.0103588  ,  0.163292   ,  3.00413    ,  1.34714    ])
Iter time: 254.575475931
Iter time: 494.408656836
Iter time: 855.782633066
260     , -19539.9    , array([ 0.0431807  ,  0.275027   ,  6.30867    ,  0.620495   ,  9.89424    ,  7.34099    ,  0.464682   ,  2.66553    ,  0.0104271  ,  0.163538   ,  2.95299    ,  1.35171    ])
Iter time: 211.909337044
Iter time: 411.591037035
Iter time: 711.279990911
261     , -19633.3    , array([ 0.0431185  ,  0.265308   ,  6.17019    ,  0.623222   ,  10.0635    ,  7.25267    ,  0.467657   ,  2.24329    ,  0.0104064  ,  0.164365   ,  2.96616    ,  1.34857    ])
Iter time: 221.755646944
Iter time: 430.693423033
Iter time: 744.280719995
262     , -19592.1    , array([ 0.0410345  ,  0.265303   ,  6.18445    ,  0.622219   ,  9.97795    ,  7.23665    ,  0.467448   ,  2.35431    ,  0.0102568  ,  0.163831   ,  2.97261    ,  1.35011    ])
Iter time: 229.333801031
Iter time: 446.70836091
Iter time: 771.280587196
263     , -19547.5    , array([ 0.0430717  ,  0.268255   ,  6.15927    ,  0.621315   ,  9.87203    ,  7.21973    ,  0.467104   ,  2.44326    ,  0.0100703  ,  0.163158   ,  2.95935    ,  1.35226    ])
Iter time: 240.780009985
Iter time: 467.919457912
Iter time: 809.156955004
264     , -19549.4    , array([ 0.0423811  ,  0.27719    ,  6.21901    ,  0.619885   ,  9.85653    ,  7.26145    ,  0.465232   ,  2.5504     ,  0.0103176  ,  0.16178    ,  2.93543    ,  1.35343    ])
Iter time: 261.470571995
Iter time: 508.216679096
Iter time: 880.039176941
265     , -19521      , array([ 0.042403   ,  0.277347   ,  6.30863    ,  0.619233   ,  9.86371    ,  7.34288    ,  0.463923   ,  2.74096    ,  0.0105727  ,  0.163023   ,  2.92709    ,  1.35299    ])
Iter time: 359.661818981
Iter time: 699.657191992
Iter time: 1208.77810502
266     , -19418.2    , array([ 0.0416361  ,  0.29532    ,  6.537      ,  0.614999   ,  9.55012    ,  7.52743    ,  0.458011   ,  3.68827    ,  0.0108521  ,  0.162953   ,  2.85614    ,  1.35856    ])
Iter time: 283.192702055
Iter time: 550.575258017
Iter time: 952.490968943
267     , -19475.4    , array([ 0.0424969  ,  0.282624   ,  6.33712    ,  0.618617   ,  9.72992    ,  7.37909    ,  0.462609   ,  2.95712    ,  0.0102573  ,  0.162727   ,  2.91636    ,  1.35416    ])
Iter time: 321.169512033
Iter time: 624.814815044
Iter time: 1078.96220493
268     , -19454.2    , array([ 0.0419002  ,  0.289044   ,  6.4554     ,  0.617804   ,  9.57667    ,  7.47071    ,  0.460025   ,  3.31526    ,  0.010355   ,  0.161794   ,  2.88309    ,  1.35714    ])
Iter time: 352.210934877
Iter time: 685.593132019
Iter time: 1182.7997551
269     , -19423.6    , array([ 0.0411904  ,  0.291382   ,  6.5386     ,  0.616624   ,  9.53128    ,  7.52953    ,  0.459039   ,  3.60552    ,  0.0107007  ,  0.163696   ,  2.87746    ,  1.35672    ])
Iter time: 353.858412981
Iter time: 688.364272118
Iter time: 1189.79672694
270     , -19382.9    , array([ 0.0406107  ,  0.292473   ,  6.45605    ,  0.615168   ,  9.35112    ,  7.42835    ,  0.45907    ,  3.67784    ,  0.0105843  ,  0.162343   ,  2.85004    ,  1.36052    ])
Iter time: 513.828309059
Iter time: 996.384868145
Iter time: 1723.10841012
271     , -19325      , array([ 0.038857   ,  0.312833   ,  6.66092    ,  0.609906   ,  8.83916    ,  7.55764    ,  0.452928   ,  5.24263    ,  0.0107728  ,  0.161758   ,  2.75873    ,  1.36924    ])
Iter time: 410.0243361
Iter time: 798.997395992
Iter time: 1380.00277615
272     , -19368      , array([ 0.0401453  ,  0.301008   ,  6.57624    ,  0.613792   ,  9.21639    ,  7.53214    ,  0.456138   ,  4.20355    ,  0.0107047  ,  0.162488   ,  2.81824    ,  1.36322    ])
Iter time: 437.566485167
Iter time: 849.707677126
Iter time: 1470.53472519
273     , -19354.3    , array([ 0.0407274  ,  0.303998   ,  6.61813    ,  0.613556   ,  9.1578     ,  7.57346    ,  0.455521   ,  4.45955    ,  0.010551   ,  0.163056   ,  2.81903    ,  1.36317    ])
Iter time: 503.813079119
Iter time: 982.317880154
Iter time: 1695.84011102
274     , -19362.7    , array([ 0.0406824  ,  0.314932   ,  6.73999    ,  0.612896   ,  9.09942    ,  7.71972    ,  0.452143   ,  5.04568    ,  0.01036    ,  0.164227   ,  2.79529    ,  1.36535    ])
Iter time: 513.644733191
Iter time: 999.544710875
Iter time: 1729.25773811
275     , -19358.4    , array([ 0.0397963  ,  0.315482   ,  6.72533    ,  0.610507   ,  9.00296    ,  7.64079    ,  0.452557   ,  5.20289    ,  0.0105263  ,  0.161478   ,  2.79233    ,  1.36732    ])
Iter time: 564.820700884
Iter time: 1099.19146681
Iter time: 1901.41796398
276     , -19375.6    , array([ 0.0416044  ,  0.324729   ,  6.80425    ,  0.609557   ,  8.92589    ,  7.72738    ,  0.450322   ,  5.658      ,  0.0107261  ,  0.161614   ,  2.75737    ,  1.36864    ])
Iter time: 599.919028997
Iter time: 2417.81720614
Iter time: 2017.75299001
277     , -19376.9    , array([ 0.0401585  ,  0.319112   ,  6.86863    ,  0.610141   ,  8.88772    ,  7.78122    ,  0.450018   ,  5.96478    ,  0.0107321  ,  0.163635   ,  2.76332    ,  1.36783    ])
WARNING:Numerics:Extrapolation may have failed. Check resulting frequency spectrum for unexpected results.
Iter time: 741.921559095
Iter time: 1441.13044214
Iter time: 2492.28551602
278     , -19458.6    , array([ 0.0390561  ,  0.339421   ,  7.06239    ,  0.606898   ,  8.71977    ,  7.92449    ,  0.445439   ,  7.22499    ,  0.011113   ,  0.162332   ,  2.70986    ,  1.37163    ])
