==========================================
SLURM_JOB_ID = 18981480
SLURM_NODELIST = c8-71
==========================================
Module slurm/17.11.5 loaded 
Module openmpi/3.0.1 loaded 
Module gcc/7.3.0 loaded 
Module python/2.7.6 loaded 
Module numpy/1.11.1 loaded 
Module dadi/1.7.0 loaded 
Module matplotlib/2.0 loaded 
Module scipy/0.18.0 loaded 
Beginning. Call:
/home/hemstrow/monarch/github/F-H_2018/DADI/demographic_models/run_3d_mods.py /home/hemstrow/monarch/github/F-H_2018/Data/dadi_inputs/ dadi_snps_10kgap.txt 1st_folded_optim_10kgap_snps_dadi_out.txt lgrowth_p3 10 [NAM,HAW,GUA] True 3 [0.1,0.1,0.5,1,5,5,.1,.1,.1,.1,2] [1,1,5,10,20,20,10,10,10,10,4] [1e-3,1e-3,1e-3,1e-3,0.01,0.01,0.01,0.01,0.01,0.01,1] [150,15,15] fmin

Ready to begin run. Parameters:

Model:
lgrowth_p3
Maxiters:
10
Pops:
['NAM', 'HAW', 'GUA']
Projection:
[150, 15, 15]
Number of segregating sites in projected sfs:
9454.98941724
Folding spectra:
True
Level of parm folding:
3
Optimizer:
fmin
p0:
[  0.05257839   0.02640567   0.15323636   7.79472905  19.8          5.67690952
   0.06954347   0.37551735   0.04691051   0.41478523   1.5671519 ]
Upper Bounds:
[1.0, 1.0, 5.0, 10.0, 20.0, 20.0, 10.0, 10.0, 10.0, 10.0, 4.0]
Lower Bounds:
[0.001, 0.001, 0.001, 0.001, 0.01, 0.01, 0.01, 0.01, 0.01, 0.01, 1.0]

Beginning optimization ************************************************
optimize_log_fmin.
Iter time: 188.097121954
Iter time: 359.177369833
Iter time: 608.895442963
1       , -27741.4    , array([ 0.0525784  ,  0.0264057  ,  0.153236   ,  7.79473    ,  19.8       ,  5.67691    ,  0.0695435  ,  0.375517   ,  0.0469105  ,  0.414785   ,  1.56715    ])
Iter time: 191.306380987
Iter time: 362.688913107
Iter time: 616.77975297
2       , -27741.9    , array([ 0.0453782  ,  0.0264057  ,  0.153236   ,  7.79473    ,  19.8       ,  5.67691    ,  0.0695435  ,  0.375517   ,  0.0469105  ,  0.414785   ,  1.56715    ])
Iter time: 201.190122128
Iter time: 381.66062212
Iter time: 650.395258904
3       , -27614.6    , array([ 0.0525784  ,  0.0220182  ,  0.153236   ,  7.79473    ,  19.8       ,  5.67691    ,  0.0695435  ,  0.375517   ,  0.0469105  ,  0.414785   ,  1.56715    ])
Iter time: 198.213908195
Iter time: 378.444666147
Iter time: 644.211846113
4       , -27876.5    , array([ 0.0525784  ,  0.0264057  ,  0.139518   ,  7.79473    ,  19.8       ,  5.67691    ,  0.0695435  ,  0.375517   ,  0.0469105  ,  0.414785   ,  1.56715    ])
Iter time: 188.08818388
Iter time: 356.995927095
Iter time: 608.108906984
5       , -27956.7    , array([ 0.0525784  ,  0.0264057  ,  0.153236   ,  8.63756    ,  19.8       ,  5.67691    ,  0.0695435  ,  0.375517   ,  0.0469105  ,  0.414785   ,  1.56715    ])
Iter time: 201.845105171
Iter time: 383.535954952
Iter time: 651.967996836
7       , -28012.3    , array([ 0.0525784  ,  0.0264057  ,  0.153236   ,  7.79473    ,  19.8       ,  6.19181    ,  0.0695435  ,  0.375517   ,  0.0469105  ,  0.414785   ,  1.56715    ])
Iter time: 188.518491983
Iter time: 358.242233992
Iter time: 609.335175991
8       , -27999.8    , array([ 0.0525784  ,  0.0264057  ,  0.153236   ,  7.79473    ,  19.8       ,  5.67691    ,  0.0608652  ,  0.375517   ,  0.0469105  ,  0.414785   ,  1.56715    ])
Iter time: 187.95498991
Iter time: 357.88312602
Iter time: 608.228926897
9       , -27885.8    , array([ 0.0525784  ,  0.0264057  ,  0.153236   ,  7.79473    ,  19.8       ,  5.67691    ,  0.0695435  ,  0.35757    ,  0.0469105  ,  0.414785   ,  1.56715    ])
Iter time: 187.978007078
Iter time: 357.14419508
Iter time: 607.977164984
10      , -27704.9    , array([ 0.0525784  ,  0.0264057  ,  0.153236   ,  7.79473    ,  19.8       ,  5.67691    ,  0.0695435  ,  0.375517   ,  0.0402563  ,  0.414785   ,  1.56715    ])
Iter time: 188.583950043
Iter time: 357.938195944
Iter time: 609.655696869
11      , -27821.9    , array([ 0.0525784  ,  0.0264057  ,  0.153236   ,  7.79473    ,  19.8       ,  5.67691    ,  0.0695435  ,  0.375517   ,  0.0469105  ,  0.39693    ,  1.56715    ])
Iter time: 187.129763126
Iter time: 355.494189024
Iter time: 147066.908902
12      , -27830      , array([ 0.0525784  ,  0.0264057  ,  0.153236   ,  7.79473    ,  19.8       ,  5.67691    ,  0.0695435  ,  0.375517   ,  0.0469105  ,  0.414785   ,  1.60275    ])
Iter time: 266.796284914
Iter time: 411.004990101
Iter time: 630.196937084
13      , -27797      , array([ 0.0511892  ,  0.0255475  ,  0.150645   ,  7.94161    ,  17.0542    ,  5.76723    ,  0.0678784  ,  0.372189   ,  0.0456237  ,  0.41148    ,  1.57357    ])
Iter time: 181.10768199
Iter time: 343.508971214
Iter time: 586.497370005
14      , -27501.3    , array([ 0.0509406  ,  0.0253945  ,  0.150179   ,  7.96861    ,  19.2698    ,  5.21979    ,  0.0675799  ,  0.371586   ,  0.0453936  ,  0.410882   ,  1.57473    ])
Iter time: 172.901948929
Iter time: 326.85800004
Iter time: 556.992233992
15      , -27094.1    , array([ 0.0501409  ,  0.0249036  ,  0.148673   ,  8.05699    ,  19.0101    ,  4.79259    ,  0.0666191  ,  0.369637   ,  0.0446536  ,  0.408944   ,  1.57854    ])
Iter time: 190.06024003
Iter time: 362.372301102
Iter time: 615.278372049
16      , -27480.8    , array([ 0.0505028  ,  0.0251255  ,  0.149356   ,  8.0167     ,  19.1277    ,  5.52061    ,  0.0784942  ,  0.370522   ,  0.0449885  ,  0.409824   ,  1.57681    ])
Iter time: 190.652751923
Iter time: 361.76493597
Iter time: 618.716096878
17      , -27469.1    , array([ 0.0501344  ,  0.0248996  ,  0.148661   ,  7.13699    ,  19.0079    ,  5.49266    ,  0.070228   ,  0.36962    ,  0.0446476  ,  0.408928   ,  1.57857    ])
Iter time: 191.059129953
Iter time: 362.830762148
Iter time: 618.113969088
18      , -27452.5    , array([ 0.0497023  ,  0.0246351  ,  0.147844   ,  7.78295    ,  18.8674    ,  5.45981    ,  0.0703532  ,  0.390519   ,  0.044248   ,  0.407872   ,  1.58066    ])
Iter time: 181.473635912
Iter time: 343.37733984
Iter time: 587.047212839
19      , -27377.8    , array([ 0.0491966  ,  0.0243262  ,  0.164102   ,  7.78081    ,  18.7026    ,  5.42124    ,  0.0705015  ,  0.374512   ,  0.0437804  ,  0.406628   ,  1.58312    ])
Iter time: 189.696816921
Iter time: 360.361586094
Iter time: 616.520467043
20      , -27328.9    , array([ 0.0486055  ,  0.0239661  ,  0.151283   ,  7.77828    ,  18.5097    ,  5.376      ,  0.0706771  ,  0.37433    ,  0.0432342  ,  0.405162   ,  1.54449    ])
Iter time: 190.676349878
Iter time: 359.565907955
Iter time: 612.283776045
21      , -27243.8    , array([ 0.0479161  ,  0.0235474  ,  0.15093    ,  7.7753     ,  18.2843    ,  5.32303    ,  0.0708852  ,  0.374114   ,  0.0425974  ,  0.42497    ,  1.5754     ])
Iter time: 190.750153065
Iter time: 363.221348047
Iter time: 618.916162014
23      , -27658.9    , array([ 0.0505367  ,  0.0251463  ,  0.151374   ,  7.85536    ,  18.0708    ,  5.61008    ,  0.069171   ,  0.373587   ,  0.0450198  ,  0.411699   ,  1.5725     ])
Iter time: 185.851286888
Iter time: 353.702951908
Iter time: 602.951313972
24      , -27195.7    , array([ 0.0559404  ,  0.0229957  ,  0.150647   ,  7.75635    ,  18.2121    ,  5.23474    ,  0.0713763  ,  0.374115   ,  0.0417556  ,  0.408514   ,  1.57671    ])
Iter time: 188.551527977
Iter time: 359.242918968
Iter time: 610.355869055
25      , -27077.3    , array([ 0.048827   ,  0.0224247  ,  0.150181   ,  7.7494     ,  17.9374    ,  5.15813    ,  0.0717147  ,  0.373861   ,  0.0408811  ,  0.407384   ,  1.57846    ])
Iter time: 189.866124868
Iter time: 361.01417613
Iter time: 615.763585091
26      , -26681.8    , array([ 0.0470529  ,  0.0206653  ,  0.148676   ,  7.72683    ,  17.0729    ,  4.9168     ,  0.0728256  ,  0.373035   ,  0.0381636  ,  0.403733   ,  1.58414    ])
Iter time: 189.227406979
Iter time: 360.217006922
Iter time: 613.24730587
27      , -26914.4    , array([ 0.0478511  ,  0.0214473  ,  0.149358   ,  7.73708    ,  17.4605    ,  5.02506    ,  0.0723185  ,  0.37341    ,  0.0471785  ,  0.405389   ,  1.58156    ])
Iter time: 185.714915037
Iter time: 353.730089188
Iter time: 602.064753056
28      , -26862.6    , array([ 0.0492925  ,  0.0218791  ,  0.150828   ,  7.65622    ,  19.0123    ,  4.98412    ,  0.0732985  ,  0.375307   ,  0.0425473  ,  0.407283   ,  1.57782    ])
Iter time: 173.455255985
Iter time: 329.145713091
Iter time: 560.238736868
29      , -26738.6    , array([ 0.0468258  ,  0.0249588  ,  0.148566   ,  7.69066    ,  17.2242    ,  4.81026    ,  0.0736064  ,  0.37334    ,  0.0401141  ,  0.402913   ,  1.58516    ])
Iter time: 180.512254
Iter time: 343.198668003
Iter time: 584.483778
30      , -26746.5    , array([ 0.0480847  ,  0.0218456  ,  0.152279   ,  7.42148    ,  17.4931    ,  4.82411    ,  0.0644551  ,  0.378895   ,  0.0409648  ,  0.406531   ,  1.57697    ])
Iter time: 178.702105045
Iter time: 339.5725739
Iter time: 580.031309128
31      , -26538.7    , array([ 0.0480719  ,  0.0215256  ,  0.153661   ,  8.3957     ,  17.3395    ,  4.73558    ,  0.0709269  ,  0.381534   ,  0.0406365  ,  0.406986   ,  1.57492    ])
Iter time: 175.326443911
Iter time: 332.836587191
Iter time: 569.142637968
32      , -25884.3    , array([ 0.0470727  ,  0.0200141  ,  0.156224   ,  9.106      ,  16.561     ,  4.39712    ,  0.071279   ,  0.387634   ,  0.0387682  ,  0.406018   ,  1.5731     ])
Iter time: 175.72852993
Iter time: 334.054188013
Iter time: 569.641700029
33      , -26292.2    , array([ 0.0480129  ,  0.0209502  ,  0.156067   ,  7.92182    ,  17.0594    ,  4.58022    ,  0.0709692  ,  0.360631   ,  0.0400295  ,  0.407702   ,  1.57147    ])
Iter time: 183.239215136
Iter time: 348.257334948
Iter time: 593.5157969
34      , -26166      , array([ 0.0482921  ,  0.0206477  ,  0.139328   ,  7.94991    ,  16.9244    ,  4.47357    ,  0.0709052  ,  0.37347    ,  0.0398036  ,  0.409146   ,  1.56692    ])
Iter time: 174.407716036
Iter time: 331.54184103
Iter time: 564.433351994
35      , -26051.7    , array([ 0.048822   ,  0.0203977  ,  0.148888   ,  7.98412    ,  16.8246    ,  4.36297    ,  0.0707705  ,  0.373496   ,  0.0397051  ,  0.411357   ,  1.61032    ])
Iter time: 172.760393143
Iter time: 328.330856085
Iter time: 559.625387907
36      , -25871.2    , array([ 0.0496933  ,  0.0202254  ,  0.148867   ,  8.02577    ,  16.7763    ,  4.24989    ,  0.0705419  ,  0.373598   ,  0.0397868  ,  0.389869   ,  1.58503    ])
Iter time: 167.56663084
Iter time: 318.924627066
Iter time: 543.838456154
37      , -25097.7    , array([ 0.0506065  ,  0.0187446  ,  0.147846   ,  8.15401    ,  16.0696    ,  3.79741    ,  0.0703709  ,  0.37334    ,  0.0384518  ,  0.373421   ,  1.58987    ])
Iter time: 172.501538038
Iter time: 326.885032892
Iter time: 556.29499507
38      , -25548      , array([ 0.0417967  ,  0.0199551  ,  0.148639   ,  8.11884    ,  16.4638    ,  4.07657    ,  0.0698761  ,  0.373457   ,  0.0399851  ,  0.399004   ,  1.58611    ])
Iter time: 187.443564892
Iter time: 355.751843929
Iter time: 606.856072903
39      , -25463.5    , array([ 0.045113   ,  0.0176989  ,  0.150606   ,  7.82676    ,  15.3657    ,  4.32357    ,  0.0755185  ,  0.378689   ,  0.0366468  ,  0.396805   ,  1.58566    ])
Iter time: 168.530729055
Iter time: 320.15594101
Iter time: 545.5152421
40      , -25356.4    , array([ 0.046768   ,  0.0198457  ,  0.150142   ,  8.16748    ,  16.345     ,  4.01235    ,  0.0701167  ,  0.37582    ,  0.0331285  ,  0.398731   ,  1.58337    ])
Iter time: 168.658605814
Iter time: 321.021476984
Iter time: 548.56557703
41      , -25066.2    , array([ 0.0449686  ,  0.019112   ,  0.148556   ,  8.35132    ,  14.6041    ,  3.8889     ,  0.0686232  ,  0.374014   ,  0.0351007  ,  0.395348   ,  1.58814    ])
Iter time: 162.906131983
Iter time: 310.691035986
Iter time: 530.126444101
42      , -24141.4    , array([ 0.042951   ,  0.0178626  ,  0.147433   ,  8.72219    ,  12.7995    ,  3.43516    ,  0.0663987  ,  0.373369   ,  0.0318815  ,  0.389513   ,  1.59332    ])
Iter time: 170.041717052
Iter time: 323.508903027
Iter time: 551.969261885
43      , -24677.5    , array([ 0.0451614  ,  0.0184535  ,  0.146278   ,  8.8722     ,  14.996     ,  3.77733    ,  0.0784611  ,  0.369483   ,  0.0348323  ,  0.393012   ,  1.59198    ])
Iter time: 184.603095055
Iter time: 352.004994154
Iter time: 601.109386206
44      , -24333.7    , array([ 0.0460715  ,  0.0152888  ,  0.149511   ,  8.78705    ,  14.8512    ,  3.62532    ,  0.0695089  ,  0.374274   ,  0.0346696  ,  0.394751   ,  1.58498    ])
Iter time: 163.121703863
Iter time: 312.930811882
Iter time: 529.392251968
45      , -24066.9    , array([ 0.0456738  ,  0.0174808  ,  0.149553   ,  8.95278    ,  14.6078    ,  3.3556     ,  0.0696612  ,  0.374806   ,  0.0358108  ,  0.392341   ,  1.58616    ])
Iter time: 156.861993074
Iter time: 298.95457387
Iter time: 509.838432074
46      , -23201.6    , array([ 0.0449995  ,  0.0160775  ,  0.149993   ,  9.63688    ,  13.5122    ,  2.77214    ,  0.068131   ,  0.375694   ,  0.0346894  ,  0.386765   ,  1.58716    ])
Iter time: 169.802294016
Iter time: 324.019053936
Iter time: 552.264007092
47      , -23855.6    , array([ 0.0442361  ,  0.0164328  ,  0.141445   ,  9.04919    ,  14.0127    ,  3.28789    ,  0.0709549  ,  0.390593   ,  0.0332641  ,  0.384816   ,  1.60184    ])
Iter time: 164.647151947
Iter time: 313.156325817
Iter time: 534.700188875
48      , -23580.1    , array([ 0.0432844  ,  0.0159955  ,  0.158874   ,  9.23206    ,  13.6479    ,  3.18298    ,  0.071028   ,  0.380252   ,  0.032379   ,  0.379207   ,  1.61294    ])
Iter time: 171.523654938
Iter time: 325.081207991
Iter time: 553.050239801
49      , -23332.6    , array([ 0.0418877  ,  0.0154914  ,  0.150437   ,  9.43847    ,  13.2163    ,  3.08181    ,  0.0712102  ,  0.381467   ,  0.0312775  ,  0.371629   ,  1.56993    ])
Iter time: 167.740643024
Iter time: 319.900416136
Iter time: 546.576172113
50      , -23264.2    , array([ 0.0425321  ,  0.0150699  ,  0.142393   ,  8.32976    ,  12.8871    ,  2.86651    ,  0.0706898  ,  0.366483   ,  0.0308071  ,  0.370505   ,  1.60649    ])
Iter time: 171.833238125
Iter time: 328.39515996
Iter time: 561.758496046
51      , -22988.6    , array([ 0.0480532  ,  0.0143622  ,  0.148496   ,  9.38624    ,  12.3985    ,  2.90015    ,  0.0722609  ,  0.379094   ,  0.0284864  ,  0.371973   ,  1.59702    ])
Iter time: 176.067376137
Iter time: 335.904200077
Iter time: 572.908764124
54      , -24624.7    , array([ 0.0450934  ,  0.0171462  ,  0.149487   ,  8.3344     ,  14.6729    ,  3.78632    ,  0.0731079  ,  0.377493   ,  0.034768   ,  0.389839   ,  1.58912    ])
Iter time: 175.535660982
Iter time: 335.4052279
Iter time: 576.116990805
55      , -22756.3    , array([ 0.043154   ,  0.0135384  ,  0.146516   ,  9.67926    ,  11.7774    ,  2.71148    ,  0.0719827  ,  0.377088   ,  0.0331326  ,  0.366374   ,  1.60291    ])
Iter time: 167.854099035
Iter time: 319.311315775
Iter time: 544.380953789
58      , -24321.5    , array([ 0.047337   ,  0.0172712  ,  0.148021   ,  8.5813     ,  14.7224    ,  3.48535    ,  0.0707793  ,  0.375064   ,  0.0354514  ,  0.377463   ,  1.59208    ])
Iter time: 174.000859022
Iter time: 332.079400778
Iter time: 572.107609987
59      , -22980.4    , array([ 0.0437863  ,  0.0135592  ,  0.150463   ,  9.13707    ,  12.0912    ,  2.66975    ,  0.0633938  ,  0.385301   ,  0.0307688  ,  0.367712   ,  1.59664    ])
Iter time: 166.200004101
Iter time: 316.753212929
Iter time: 541.590820074
60      , -22851.3    , array([ 0.0436184  ,  0.0139834  ,  0.147407   ,  9.89064    ,  11.9302    ,  2.49947    ,  0.0662948  ,  0.378532   ,  0.0301484  ,  0.366787   ,  1.60088    ])
Iter time: 151.87176013
Iter time: 289.714480877
Iter time: 494.89778018
61      , -22684.1    , array([ 0.0422698  ,  0.0154298  ,  0.147004   ,  9.58512    ,  11.3269    ,  2.43981    ,  0.0691298  ,  0.382574   ,  0.0294756  ,  0.357415   ,  1.60798    ])
Iter time: 165.857462883
Iter time: 316.101039171
Iter time: 539.697494984
64      , -23678.5    , array([ 0.0454706  ,  0.0162039  ,  0.14809    ,  8.91909    ,  13.6547    ,  3.1678     ,  0.0699703  ,  0.377068   ,  0.033383   ,  0.375607   ,  1.59498    ])
Iter time: 175.860442877
Iter time: 337.701165915
Iter time: 576.252532005
65      , -22702.6    , array([ 0.0448797  ,  0.0127114  ,  0.149011   ,  9.89265    ,  12.6789    ,  2.37792    ,  0.072748   ,  0.385577   ,  0.0312557  ,  0.356283   ,  1.60276    ])
Iter time: 168.343925953
Iter time: 322.90218997
Iter time: 551.666526079
66      , -22631.7    , array([ 0.0436905  ,  0.0131871  ,  0.156796   ,  9.69094    ,  11.3725    ,  2.34229    ,  0.0683862  ,  0.367708   ,  0.0296193  ,  0.355616   ,  1.5944     ])
Iter time: 171.166637897
Iter time: 327.926651955
Iter time: 560.606172085
68      , -22551.4    , array([ 0.0421968  ,  0.0128817  ,  0.151325   ,  9.98179    ,  11.289     ,  2.30123    ,  0.0690604  ,  0.379161   ,  0.0288788  ,  0.360729   ,  1.60115    ])
Iter time: 173.978296041
Iter time: 333.791447878
Iter time: 572.701630831
70      , -22667.5    , array([ 0.0441235  ,  0.0125458  ,  0.13981    ,  9.78129    ,  10.9115    ,  2.15909    ,  0.0676854  ,  0.37579    ,  0.0291614  ,  0.354075   ,  1.58121    ])
Iter time: 169.066540956
Iter time: 323.80202508
Iter time: 554.305702209
71      , -22644.9    , array([ 0.0460279  ,  0.0124667  ,  0.145697   ,  9.62964    ,  10.882     ,  2.09026    ,  0.0668919  ,  0.373573   ,  0.0298063  ,  0.35813    ,  1.62664    ])
Iter time: 167.237118959
Iter time: 319.200584173
Iter time: 545.741535902
73      , -22955.9    , array([ 0.0433705  ,  0.0143474  ,  0.145345   ,  8.9703     ,  12.3366    ,  2.65885    ,  0.0696734  ,  0.372274   ,  0.0306237  ,  0.367083   ,  1.60317    ])
Iter time: 186.155498981
Iter time: 356.831881046
Iter time: 610.959161997
74      , -22416.7    , array([ 0.0431744  ,  0.0113674  ,  0.145902   ,  9.55797    ,  10.152     ,  2.17751    ,  0.069499   ,  0.380005   ,  0.0261151  ,  0.338763   ,  1.61558    ])
Iter time: 208.198830128
Iter time: 402.143651009
Iter time: 688.575198889
75      , -22257.2    , array([ 0.0422898  ,  0.00955829 ,  0.143899   ,  9.51876    ,  8.79964    ,  1.9299     ,  0.0701932  ,  0.382178   ,  0.0226589  ,  0.317044   ,  1.62997    ])
Iter time: 174.997125149
Iter time: 336.108859062
Iter time: 574.703664064
76      , -22702.5    , array([ 0.0395024  ,  0.0118169  ,  0.146533   ,  9.83824    ,  10.3952    ,  1.93283    ,  0.0651819  ,  0.377152   ,  0.0305056  ,  0.342149   ,  1.61158    ])
Iter time: 172.423168898
Iter time: 329.704174995
Iter time: 564.024484158
78      , -22771.1    , array([ 0.0434733  ,  0.0132079  ,  0.148801   ,  9.40189    ,  11.636     ,  2.4775     ,  0.0660435  ,  0.381324   ,  0.0301051  ,  0.361005   ,  1.60113    ])
Iter time: 169.085577011
Iter time: 324.085232019
Iter time: 554.196346998
80      , -22744.9    , array([ 0.0432711  ,  0.0135353  ,  0.146404   ,  9.33562    ,  11.7222    ,  2.46451    ,  0.0690692  ,  0.375232   ,  0.0300107  ,  0.360422   ,  1.60431    ])
Iter time: 181.21689105
Iter time: 346.829699993
Iter time: 594.211687803
81      , -22428.4    , array([ 0.0426679  ,  0.0115917  ,  0.147353   ,  9.44439    ,  10.3661    ,  2.08243    ,  0.0712459  ,  0.377292   ,  0.0286657  ,  0.340348   ,  1.61067    ])
Iter time: 175.19037509
Iter time: 334.971359968
Iter time: 573.234076977
82      , -22431      , array([ 0.0426649  ,  0.0119845  ,  0.145713   ,  9.94349    ,  10.4073    ,  2.03558    ,  0.0725098  ,  0.373807   ,  0.0284524  ,  0.342114   ,  1.61216    ])
Iter time: 175.863394976
Iter time: 336.300412178
Iter time: 579.785539865
83      , -22711      , array([ 0.0428917  ,  0.0114356  ,  0.147838   ,  9.70597    ,  10.0536    ,  1.76545    ,  0.0666154  ,  0.377406   ,  0.0251466  ,  0.332927   ,  1.61206    ])
Iter time: 171.315530062
Iter time: 327.590117931
Iter time: 560.44679594
85      , -22619.1    , array([ 0.0431294  ,  0.0128784  ,  0.146854   ,  9.52927    ,  11.2155    ,  2.28715    ,  0.0690444  ,  0.376337   ,  0.0291965  ,  0.353515   ,  1.60625    ])
Iter time: 175.733313084
Iter time: 335.680299044
Iter time: 573.948512077
86      , -22711.6    , array([ 0.0431282  ,  0.0134165  ,  0.146597   ,  9.71546    ,  11.6832    ,  2.67491    ,  0.071978   ,  0.37729    ,  0.0329673  ,  0.365088   ,  1.60326    ])
Iter time: 174.191897869
Iter time: 334.908679008
Iter time: 571.06564188
87      , -22603      , array([ 0.0429507  ,  0.0119015  ,  0.147527   ,  9.70834    ,  10.4384    ,  1.9587     ,  0.0679174  ,  0.377377   ,  0.0269079  ,  0.340691   ,  1.60986    ])
Iter time: 171.521147966
Iter time: 330.70904398
Iter time: 564.167659998
88      , -22374.5    , array([ 0.0408899  ,  0.0119264  ,  0.14518    ,  9.49958    ,  8.94229    ,  1.91714    ,  0.0650921  ,  0.367853   ,  0.025811   ,  0.33839    ,  1.61386    ])
Iter time: 171.955623865
Iter time: 329.330879927
Iter time: 564.313277006
89      , -22389.5    , array([ 0.0467486  ,  0.0128506  ,  0.147385   ,  9.49147    ,  10.6123    ,  2.35512    ,  0.0726295  ,  0.374368   ,  0.0256543  ,  0.351661   ,  1.60544    ])
Iter time: 209.586215973
Iter time: 404.179959059
Iter time: 693.343322992
90      , -22562.1    , array([ 0.0444953  ,  0.00951975 ,  0.146982   ,  9.72474    ,  9.62467    ,  1.85379    ,  0.0690995  ,  0.36761    ,  0.0258889  ,  0.335649   ,  1.60858    ])
Iter time: 183.27876997
Iter time: 352.602766991
Iter time: 601.555652857
91      , -22280.3    , array([ 0.042691   ,  0.011135   ,  0.155957   ,  9.51967    ,  9.76567    ,  2.03755    ,  0.0708398  ,  0.372752   ,  0.0256076  ,  0.33554    ,  1.64092    ])
Iter time: 190.213126898
Iter time: 365.715124846
Iter time: 626.824809074
92      , -22239.9    , array([ 0.0403685  ,  0.0109779  ,  0.151519   ,  9.64941    ,  9.60134    ,  2.09489    ,  0.0724314  ,  0.374814   ,  0.0243714  ,  0.327834   ,  1.59762    ])
Iter time: 202.5075109
Iter time: 389.760087967
Iter time: 668.110355854
93      , -22048.6    , array([ 0.0378054  ,  0.0103015  ,  0.154516   ,  9.65931    ,  9.01868    ,  2.09721    ,  0.0753709  ,  0.375435   ,  0.0220378  ,  0.31366    ,  1.58331    ])
Iter time: 199.911731005
Iter time: 386.812478065
Iter time: 658.670217037
94      , -22255.8    , array([ 0.0414241  ,  0.00992248 ,  0.140418   ,  9.58267    ,  8.80795    ,  1.83229    ,  0.0721125  ,  0.382234   ,  0.0232417  ,  0.3227     ,  1.62786    ])
Iter time: 203.705964088
Iter time: 391.336350918
Iter time: 672.344193935
95      , -22199.5    , array([ 0.0416563  ,  0.00968984 ,  0.148708   ,  9.75516    ,  8.54735    ,  1.80231    ,  0.071992   ,  0.374528   ,  0.0226203  ,  0.31928    ,  1.61979    ])
Iter time: 202.22495389
Iter time: 389.455265045
Iter time: 668.161336899
96      , -22045.9    , array([ 0.0415976  ,  0.0101005  ,  0.148245   ,  9.58361    ,  8.85592    ,  2.07294    ,  0.073966   ,  0.372982   ,  0.0237818  ,  0.327411   ,  1.61796    ])
Iter time: 218.120553017
Iter time: 421.898536921
Iter time: 722.873469114
97      , -21786.6    , array([ 0.0409371  ,  0.00930491 ,  0.148605   ,  9.52184    ,  8.15707    ,  2.13253    ,  0.0771894  ,  0.370803   ,  0.0223577  ,  0.320966   ,  1.62203    ])
Iter time: 170.933993101
Iter time: 328.153039932
Iter time: 562.028499842
98      , -22068.4    , array([ 0.0395496  ,  0.0125753  ,  0.149092   ,  9.53083    ,  9.32002    ,  2.24676    ,  0.074179   ,  0.383494   ,  0.0240675  ,  0.329637   ,  1.62171    ])
Iter time: 210.330515146
Iter time: 405.801469803
Iter time: 697.293967962
99      , -21953.6    , array([ 0.0412156  ,  0.00925273 ,  0.144423   ,  9.20767    ,  7.67387    ,  1.80204    ,  0.0751921  ,  0.37258    ,  0.0208725  ,  0.301733   ,  1.63301    ])
Iter time: 210.472965956
Iter time: 407.40643692
Iter time: 697.709238052
100     , -21892.4    , array([ 0.040508   ,  0.00948848 ,  0.149742   ,  9.11484    ,  7.8754     ,  1.99257    ,  0.0720897  ,  0.37769    ,  0.020025   ,  0.310968   ,  1.62565    ])
Iter time: 209.039046049
Iter time: 403.105278015
Iter time: 693.070637941
101     , -21805.5    , array([ 0.0401245  ,  0.00945932 ,  0.14851    ,  9.53475    ,  7.52133    ,  1.93219    ,  0.0735257  ,  0.374273   ,  0.018621   ,  0.307493   ,  1.62989    ])
Iter time: 234.809859037
Iter time: 453.774729013
Iter time: 781.886615992
102     , -21939.4    , array([ 0.0356185  ,  0.00807031 ,  0.148683   ,  9.49531    ,  6.90111    ,  1.64807    ,  0.0722861  ,  0.377179   ,  0.0196293  ,  0.290426   ,  1.63971    ])
Iter time: 242.246546984
Iter time: 467.696910858
Iter time: 804.882550955
103     , -21676.9    , array([ 0.0397128  ,  0.00809964 ,  0.151597   ,  9.48643    ,  7.81301    ,  1.96967    ,  0.0822086  ,  0.38561    ,  0.0185627  ,  0.293544   ,  1.63587    ])
Iter time: 289.818938971
Iter time: 562.397433996
Iter time: 968.51107502
104     , -21339.6    , array([ 0.0391371  ,  0.00667489 ,  0.154912   ,  9.47986    ,  7.30303    ,  1.99648    ,  0.0923871  ,  0.394807   ,  0.015742   ,  0.273402   ,  1.64699    ])
Iter time: 249.083117008
Iter time: 481.564326048
Iter time: 824.589323997
105     , -21652.8    , array([ 0.0374409  ,  0.0079045  ,  0.140949   ,  9.4592     ,  6.78609    ,  1.84642    ,  0.0792752  ,  0.384541   ,  0.0171261  ,  0.285217   ,  1.60997    ])
Iter time: 222.555794954
Iter time: 429.510737896
Iter time: 738.914077997
106     , -21518.4    , array([ 0.0369685  ,  0.00889578 ,  0.152185   ,  9.44931    ,  7.18355    ,  1.93382    ,  0.0817952  ,  0.375477   ,  0.0183942  ,  0.296105   ,  1.61715    ])
Iter time: 237.766762972
Iter time: 457.857046127
Iter time: 791.525582075
107     , -21406.7    , array([ 0.0369682  ,  0.00840077 ,  0.158256   ,  9.36239    ,  6.91563    ,  2.05689    ,  0.081463   ,  0.374207   ,  0.0171863  ,  0.286402   ,  1.61731    ])
Iter time: 239.605220079
Iter time: 462.595247984
Iter time: 796.532421112
108     , -21341.9    , array([ 0.0359727  ,  0.00838205 ,  0.151134   ,  9.12839    ,  6.85723    ,  2.14195    ,  0.0834539  ,  0.381846   ,  0.016798   ,  0.283806   ,  1.62492    ])
Iter time: 316.760648012
Iter time: 612.832866907
Iter time: 1042.63009286
109     , -21563.8    , array([ 0.0372414  ,  0.00599955 ,  0.151118   ,  9.27025    ,  5.94747    ,  1.70338    ,  0.0827471  ,  0.372627   ,  0.0147887  ,  0.267508   ,  1.62358    ])
Iter time: 281.039819002
Iter time: 544.789550066
Iter time: 938.441504955
110     , -21290.4    , array([ 0.0388533  ,  0.00663818 ,  0.145225   ,  9.07883    ,  5.69812    ,  1.75713    ,  0.0828328  ,  0.380106   ,  0.0150209  ,  0.273115   ,  1.67057    ])
Iter time: 334.836624861
Iter time: 649.308672905
Iter time: 1124.23754692
111     , -21001.2    , array([ 0.039388   ,  0.00532872 ,  0.140791   ,  8.8018     ,  4.52924    ,  1.60836    ,  0.0868364  ,  0.382463   ,  0.0124011  ,  0.254852   ,  1.71599    ])
Iter time: 290.979922056
Iter time: 562.90467
Iter time: 968.968255997
112     , -21154.9    , array([ 0.0353459  ,  0.00668509 ,  0.154657   ,  9.4464     ,  6.08452    ,  2.00309    ,  0.085232   ,  0.384847   ,  0.014427   ,  0.275326   ,  1.63439    ])
Iter time: 270.148443937
Iter time: 523.068132877
Iter time: 904.290539026
113     , -21080.6    , array([ 0.040843   ,  0.00740657 ,  0.151306   ,  9.15165    ,  6.61267    ,  2.26931    ,  0.0913544  ,  0.381548   ,  0.0145055  ,  0.283282   ,  1.62674    ])
Iter time: 318.520145178
Iter time: 616.733944893
Iter time: 1063.985466
114     , -20953.3    , array([ 0.0359669  ,  0.00602214 ,  0.150519   ,  9.54064    ,  5.61337    ,  1.92188    ,  0.0956339  ,  0.381736   ,  0.0134092  ,  0.260121   ,  1.64101    ])
Iter time: 395.732624054
Iter time: 766.795353889
Iter time: 1321.49543309
115     , -20559.5    , array([ 0.033891   ,  0.00479764 ,  0.150909   ,  9.76095    ,  4.73914    ,  1.88748    ,  0.110149   ,  0.383775   ,  0.0109728  ,  0.237906   ,  1.64875    ])
Iter time: 359.949123144
Iter time: 701.60371089
Iter time: 1203.877985
116     , -20801.7    , array([ 0.035213   ,  0.00533927 ,  0.152211   ,  9.15944    ,  5.40419    ,  1.97352    ,  0.100917   ,  0.386982   ,  0.0130982  ,  0.251071   ,  1.64017    ])
Iter time: 251.000544071
Iter time: 482.599377155
Iter time: 827.348540068
118     , -21468.8    , array([ 0.0389595  ,  0.00792915 ,  0.149638   ,  9.41649    ,  7.07776    ,  2.03348    ,  0.0825411  ,  0.376387   ,  0.0182374  ,  0.295318   ,  1.62934    ])
Iter time: 330.122184992
Iter time: 639.613492012
Iter time: 1104.11473799
119     , -20718.1    , array([ 0.0369838  ,  0.005779   ,  0.162838   ,  9.16015    ,  5.60039    ,  2.07234    ,  0.0989958  ,  0.378108   ,  0.0130708  ,  0.260502   ,  1.66744    ])
Iter time: 263.866243124
Iter time: 507.04193902
Iter time: 872.938004971
120     , -20808      , array([ 0.037135   ,  0.00756225 ,  0.153957   ,  9.32657    ,  6.32059    ,  2.32789    ,  0.0979847  ,  0.391234   ,  0.0148006  ,  0.276411   ,  1.6615     ])
Iter time: 383.253152132
Iter time: 742.556277037
Iter time: 1282.17571712
121     , -20582.8    , array([ 0.0374397  ,  0.00495178 ,  0.153199   ,  9.12811    ,  5.11264    ,  2.12082    ,  0.102434   ,  0.391178   ,  0.0114383  ,  0.24661    ,  1.67633    ])
Iter time: 370.796168804
Iter time: 1970.9798739
Iter time: 1242.02734113
122     , -20473.1    , array([ 0.0352703  ,  0.00509969 ,  0.156476   ,  9.10827    ,  4.8911     ,  2.03235    ,  0.105572   ,  0.392976   ,  0.0105985  ,  0.239296   ,  1.67242    ])
Iter time: 423.092705011
Iter time: 820.954813004
Iter time: 1417.30700779
124     , -20391.9    , array([ 0.0368537  ,  0.0043958  ,  0.14765    ,  9.11517    ,  4.70024    ,  2.00484    ,  0.112132   ,  0.398799   ,  0.0103004  ,  0.238814   ,  1.69515    ])
Iter time: 281.357638836
Iter time: 546.209810019
Iter time: 937.604048014
127     , -21044.3    , array([ 0.0364789  ,  0.00693063 ,  0.151834   ,  9.18241    ,  6.1462     ,  2.07932    ,  0.0905164  ,  0.384829   ,  0.0146212  ,  0.27031    ,  1.64343    ])
Iter time: 380.979192019
Iter time: 740.23061204
Iter time: 1264.67160106
128     , -20246.5    , array([ 0.0345206  ,  0.00495353 ,  0.149653   ,  8.94784    ,  4.02725    ,  2.05595    ,  0.103942   ,  0.379218   ,  0.0101514  ,  0.241939   ,  1.6768     ])
Iter time: 381.858380079
Iter time: 741.04973793
Iter time: 1284.01279306
130     , -20216.7    , array([ 0.0380594  ,  0.00468361 ,  0.149005   ,  8.89144    ,  4.48436    ,  2.05889    ,  0.116807   ,  0.387992   ,  0.010391   ,  0.234667   ,  1.69762    ])
Iter time: 295.007797956
Iter time: 571.870563984
Iter time: 986.45590806
133     , -20817.8    , array([ 0.0385803  ,  0.00630498 ,  0.15145    ,  9.14618    ,  5.77435    ,  2.13727    ,  0.096546   ,  0.384267   ,  0.0131262  ,  0.266053   ,  1.6493     ])
Iter time: 302.720142126
Iter time: 588.93556118
Iter time: 1011.58573318
135     , -20803.4    , array([ 0.0365539  ,  0.00607286 ,  0.151696   ,  9.1599     ,  5.55119    ,  2.04841    ,  0.0963843  ,  0.38589    ,  0.013114   ,  0.259703   ,  1.65801    ])
Iter time: 356.492636919
Iter time: 690.746249199
Iter time: 1190.81583405
136     , -20253.5    , array([ 0.0336039  ,  0.00544161 ,  0.165377   ,  9.5549     ,  5.7593     ,  2.64566    ,  0.123625   ,  0.392132   ,  0.0112701  ,  0.245121   ,  1.62037    ])
Iter time: 402.908486843
Iter time: 782.679713011
Iter time: 1349.75046515
137     , -20213.3    , array([ 0.0334567  ,  0.00447753 ,  0.156218   ,  9.26851    ,  4.5153     ,  2.06971    ,  0.116304   ,  0.391732   ,  0.0103564  ,  0.231329   ,  1.68048    ])
Iter time: 299.638444185
Iter time: 582.296668053
Iter time: 1004.45872498
140     , -20596.6    , array([ 0.0363534  ,  0.00618956 ,  0.153988   ,  9.26403    ,  5.59483    ,  2.20091    ,  0.102694   ,  0.389627   ,  0.0129249  ,  0.259754   ,  1.66402    ])
Iter time: 329.869339943
Iter time: 639.832195044
Iter time: 1103.74573112
142     , -20619      , array([ 0.0360588  ,  0.00555146 ,  0.152958   ,  9.1856     ,  5.24512    ,  2.07132    ,  0.102146   ,  0.387126   ,  0.0121582  ,  0.251783   ,  1.66254    ])
Iter time: 351.427361012
Iter time: 682.191430092
Iter time: 1176.08257985
144     , -20608.2    , array([ 0.0354294  ,  0.00521459 ,  0.153251   ,  9.18656    ,  5.16818    ,  2.03758    ,  0.104577   ,  0.38768    ,  0.0121098  ,  0.247596   ,  1.65459    ])
Iter time: 339.070575953
Iter time: 656.101099014
Iter time: 1131.50253606
146     , -20563.3    , array([ 0.0362386  ,  0.00539979 ,  0.158074   ,  9.18812    ,  5.24199    ,  2.08637    ,  0.103836   ,  0.383645   ,  0.0120552  ,  0.251621   ,  1.6677     ])
Iter time: 397.837927103
Iter time: 773.413716078
Iter time: 1334.04054499
147     , -20206.5    , array([ 0.034998   ,  0.00456257 ,  0.154866   ,  9.24732    ,  4.5893     ,  2.13287    ,  0.116475   ,  0.39077    ,  0.0101521  ,  0.234579   ,  1.67435    ])
Iter time: 358.618575096
Iter time: 696.826984167
Iter time: 1206.18171
150     , -20489.3    , array([ 0.0354572  ,  0.00509187 ,  0.153653   ,  9.20423    ,  5.0084     ,  2.07378    ,  0.107327   ,  0.388452   ,  0.0115065  ,  0.2447     ,  1.66239    ])
Iter time: 336.733455896
Iter time: 649.21468401
Iter time: 1118.99108815
152     , -20472.5    , array([ 0.0358758  ,  0.00549849 ,  0.154007   ,  9.24024    ,  5.18487    ,  2.14947    ,  0.10657    ,  0.389372   ,  0.0118248  ,  0.249957   ,  1.66705    ])
Iter time: 371.464869976
Iter time: 723.39449501
Iter time: 1245.15216684
153     , -20132.1    , array([ 0.0332211  ,  0.00491091 ,  0.155003   ,  9.32644    ,  4.52731    ,  2.08295    ,  0.120262   ,  0.386743   ,  0.010294   ,  0.235175   ,  1.66219    ])
Iter time: 354.811563015
Iter time: 688.684502125
Iter time: 1188.54019117
156     , -20438.6    , array([ 0.0356087  ,  0.00513802 ,  0.155934   ,  9.21367    ,  4.98857    ,  2.09391    ,  0.108073   ,  0.386432   ,  0.0113555  ,  0.245409   ,  1.66822    ])
Iter time: 363.309751034
Iter time: 703.603317022
Iter time: 1213.7443192
157     , -20148.5    , array([ 0.0364504  ,  0.00504446 ,  0.157732   ,  8.65423    ,  4.80023    ,  2.38432    ,  0.114468   ,  0.395276   ,  0.0104921  ,  0.242164   ,  1.69259    ])
Iter time: 365.06072998
Iter time: 708.092416048
Iter time: 1221.16494989
159     , -20380.1    , array([ 0.0353463  ,  0.00500282 ,  0.154151   ,  9.17186    ,  4.87812    ,  2.1108     ,  0.110101   ,  0.389275   ,  0.0110649  ,  0.242237   ,  1.66782    ])
