==========================================
SLURM_JOB_ID = 18981482
SLURM_NODELIST = c8-71
==========================================
Module slurm/17.11.5 loaded 
Module openmpi/3.0.1 loaded 
Module gcc/7.3.0 loaded 
Module python/2.7.6 loaded 
Module numpy/1.11.1 loaded 
Module dadi/1.7.0 loaded 
Module matplotlib/2.0 loaded 
Module scipy/0.18.0 loaded 
Beginning. Call:
/home/hemstrow/monarch/github/F-H_2018/DADI/demographic_models/run_3d_mods.py /home/hemstrow/monarch/github/F-H_2018/Data/dadi_inputs/ dadi_snps_10kgap.txt 1st_folded_optim_10kgap_snps_dadi_out.txt lgrowth_p3 10 [NAM,HAW,GUA] True 3 [0.1,0.1,0.5,1,5,5,.1,.1,.1,.1,2] [1,1,5,10,20,20,10,10,10,10,4] [1e-3,1e-3,1e-3,1e-3,0.01,0.01,0.01,0.01,0.01,0.01,1] [150,15,15] fmin

Ready to begin run. Parameters:

Model:
lgrowth_p3
Maxiters:
10
Pops:
['NAM', 'HAW', 'GUA']
Projection:
[150, 15, 15]
Number of segregating sites in projected sfs:
9454.98941724
Folding spectra:
True
Level of parm folding:
3
Optimizer:
fmin
p0:
[  0.11740271   0.06017107   0.33043974   0.2303745    0.98398113
  13.39192396   0.03183732   0.60287607   0.0513006    0.40117338   3.96      ]
Upper Bounds:
[1.0, 1.0, 5.0, 10.0, 20.0, 20.0, 10.0, 10.0, 10.0, 10.0, 4.0]
Lower Bounds:
[0.001, 0.001, 0.001, 0.001, 0.01, 0.01, 0.01, 0.01, 0.01, 0.01, 1.0]

Beginning optimization ************************************************
optimize_log_fmin.
Iter time: 234.603797197
Iter time: 457.544216871
Iter time: 790.70841217
1       , -19125.4    , array([ 0.117403   ,  0.0601711  ,  0.33044    ,  0.230374   ,  0.983981   ,  13.3919    ,  0.0318373  ,  0.602876   ,  0.0513006  ,  0.401173   ,  3.96       ])
Iter time: 245.855895042
Iter time: 479.294544935
Iter time: 827.668962002
2       , -19125.3    , array([ 0.105478   ,  0.0601711  ,  0.33044    ,  0.230374   ,  0.983981   ,  13.3919    ,  0.0318373  ,  0.602876   ,  0.0513006  ,  0.401173   ,  3.96       ])
Iter time: 236.739961147
Iter time: 460.018027782
Iter time: 794.415669918
3       , -19125.3    , array([ 0.117403   ,  0.0522826  ,  0.33044    ,  0.230374   ,  0.983981   ,  13.3919    ,  0.0318373  ,  0.602876   ,  0.0513006  ,  0.401173   ,  3.96       ])
Iter time: 237.443233013
Iter time: 463.862368107
Iter time: 801.417016983
4       , -19150.6    , array([ 0.117403   ,  0.0601711  ,  0.312642   ,  0.230374   ,  0.983981   ,  13.3919    ,  0.0318373  ,  0.602876   ,  0.0513006  ,  0.401173   ,  3.96       ])
Iter time: 240.500957966
Iter time: 468.738897085
Iter time: 810.350547075
5       , -19130.3    , array([ 0.117403   ,  0.0601711  ,  0.33044    ,  0.21407    ,  0.983981   ,  13.3919    ,  0.0318373  ,  0.602876   ,  0.0513006  ,  0.401173   ,  3.96       ])
Iter time: 235.395593166
Iter time: 458.139214039
Iter time: 789.729286909
6       , -19125.3    , array([ 0.117403   ,  0.0601711  ,  0.33044    ,  0.230374   ,  0.983187   ,  13.3919    ,  0.0318373  ,  0.602876   ,  0.0513006  ,  0.401173   ,  3.96       ])
Iter time: 268.005095005
Iter time: 522.389375925
Iter time: 900.742919922
7       , -19137.5    , array([ 0.117403   ,  0.0601711  ,  0.33044    ,  0.230374   ,  0.983981   ,  15.247     ,  0.0318373  ,  0.602876   ,  0.0513006  ,  0.401173   ,  3.96       ])
Iter time: 234.407238007
Iter time: 457.820271969
Iter time: 789.445066929
8       , -19254      , array([ 0.117403   ,  0.0601711  ,  0.33044    ,  0.230374   ,  0.983981   ,  13.3919    ,  0.0267968  ,  0.602876   ,  0.0513006  ,  0.401173   ,  3.96       ])
Iter time: 234.323308945
Iter time: 456.49338603
Iter time: 147363.749912
9       , -19194.1    , array([ 0.117403   ,  0.0601711  ,  0.33044    ,  0.230374   ,  0.983981   ,  13.3919    ,  0.0318373  ,  0.587813   ,  0.0513006  ,  0.401173   ,  3.96       ])
Iter time: 235.422837973
Iter time: 458.29596591
Iter time: 790.439942122
10      , -19110.4    , array([ 0.117403   ,  0.0601711  ,  0.33044    ,  0.230374   ,  0.983981   ,  13.3919    ,  0.0318373  ,  0.602876   ,  0.044221   ,  0.401173   ,  3.96       ])
Iter time: 234.58810091
Iter time: 457.004668951
Iter time: 792.406505108
11      , -19256.7    , array([ 0.117403   ,  0.0601711  ,  0.33044    ,  0.230374   ,  0.983981   ,  13.3919    ,  0.0318373  ,  0.602876   ,  0.0513006  ,  0.383265   ,  3.96       ])
Iter time: 244.211194992
Iter time: 475.994027853
Iter time: 822.600121975
13      , -19191      , array([ 0.115139   ,  0.0586531  ,  0.32713    ,  0.22732    ,  0.983837   ,  13.7116    ,  0.0308551  ,  0.600109   ,  0.049934   ,  0.397856   ,  3.69667    ])
Iter time: 245.547083855
Iter time: 478.819600105
Iter time: 828.367488861
14      , -19047.3    , array([ 0.114732   ,  0.0583813  ,  0.326532   ,  0.226769   ,  0.98381    ,  13.7705    ,  0.0306798  ,  0.599607   ,  0.0496895  ,  0.419286   ,  3.91076    ])
Iter time: 252.460147142
Iter time: 490.396023035
Iter time: 849.979478836
15      , -18942.7    , array([ 0.113419   ,  0.0575065  ,  0.324595   ,  0.224988   ,  0.983725   ,  13.9638    ,  0.0301169  ,  0.597979   ,  0.048903   ,  0.438546   ,  3.88638    ])
Iter time: 249.280694008
Iter time: 486.357435942
Iter time: 838.944544077
16      , -18980.7    , array([ 0.114014   ,  0.0579025  ,  0.325474   ,  0.225796   ,  0.983764   ,  13.8756    ,  0.037233   ,  0.598719   ,  0.0492589  ,  0.407108   ,  3.89744    ])
Iter time: 251.818233013
Iter time: 490.176257133
Iter time: 848.618806839
17      , -19014.9    , array([ 0.113408   ,  0.0574993  ,  0.324579   ,  0.224973   ,  0.983724   ,  13.9654    ,  0.0322432  ,  0.616117   ,  0.0488965  ,  0.408197   ,  3.88617    ])
Iter time: 243.807301998
Iter time: 475.247442007
Iter time: 821.739592075
19      , -19139.7    , array([ 0.115184   ,  0.0586835  ,  0.327197   ,  0.227382   ,  0.98384    ,  13.705     ,  0.0315047  ,  0.601673   ,  0.0499613  ,  0.401717   ,  3.81677    ])
Iter time: 251.183652878
Iter time: 489.932694912
Iter time: 850.295736074
20      , -19027.5    , array([ 0.112705   ,  0.0570318  ,  0.345415   ,  0.224016   ,  0.983678   ,  14.071     ,  0.0324402  ,  0.603386   ,  0.0484765  ,  0.410206   ,  3.89548    ])
Iter time: 244.446105003
Iter time: 476.170928001
Iter time: 822.762751102
22      , -19108.4    , array([ 0.114993   ,  0.0585559  ,  0.328716   ,  0.227123   ,  0.983827   ,  13.7326    ,  0.0318618  ,  0.602479   ,  0.0498465  ,  0.40407    ,  3.87539    ])
Iter time: 220.880007982
Iter time: 430.621659994
Iter time: 744.568574905
23      , -19008.3    , array([ 0.111837   ,  0.0564565  ,  0.329732   ,  0.222833   ,  0.983621   ,  12.1844    ,  0.0326178  ,  0.603626   ,  0.0479599  ,  0.412308   ,  3.89464    ])
Iter time: 243.015233994
Iter time: 463.138113022
Iter time: 817.543093204
24      , -19001.2    , array([ 0.110854   ,  0.0558062  ,  0.329604   ,  0.24156    ,  0.983555   ,  13.6359    ,  0.0327617  ,  0.603762   ,  0.0473763  ,  0.414365   ,  3.88287    ])
Iter time: 249.334369898
Iter time: 487.389996052
Iter time: 840.915273905
25      , -18979.9    , array([ 0.109703   ,  0.0550473  ,  0.329452   ,  0.226408   ,  0.983478   ,  13.6808    ,  0.0329326  ,  0.603924   ,  0.0466958  ,  0.41681    ,  3.86901    ])
Iter time: 250.569997072
Iter time: 488.419227839
Iter time: 846.153283119
26      , -18953.5    , array([ 0.108358   ,  0.0639493  ,  0.329273   ,  0.225694   ,  0.983387   ,  13.734     ,  0.0331358  ,  0.604114   ,  0.0459041  ,  0.419718   ,  3.8527     ])
Iter time: 254.787765026
Iter time: 496.352662802
Iter time: 860.276823044
27      , -18922.6    , array([ 0.10679    ,  0.0561841  ,  0.329061   ,  0.224853   ,  0.984217   ,  13.7971    ,  0.0333775  ,  0.60434    ,  0.0449857  ,  0.423181   ,  3.8335     ])
Iter time: 266.047770023
Iter time: 517.262093067
Iter time: 894.289180994
28      , -18822.8    , array([ 0.10185    ,  0.0542908  ,  0.328374   ,  0.222142   ,  0.984733   ,  14.0043    ,  0.0341753  ,  0.605073   ,  0.042126   ,  0.434633   ,  3.77178    ])
Iter time: 247.23456192
Iter time: 481.032182932
Iter time: 831.343985081
29      , -18868      , array([ 0.118109   ,  0.0551434  ,  0.328686   ,  0.22337    ,  0.98356    ,  13.9097    ,  0.0338103  ,  0.60474    ,  0.0434026  ,  0.429389   ,  3.79971    ])
Iter time: 261.035401106
Iter time: 508.780917883
Iter time: 878.634982109
30      , -18838.5    , array([ 0.106229   ,  0.0542755  ,  0.328368   ,  0.22212    ,  0.983483   ,  14.006     ,  0.034182   ,  0.605079   ,  0.0501805  ,  0.434729   ,  3.77127    ])
Iter time: 253.073829889
Iter time: 493.583137035
Iter time: 852.992170095
31      , -18792.7    , array([ 0.106903   ,  0.0550081  ,  0.330026   ,  0.224389   ,  0.983574   ,  13.7076    ,  0.0345951  ,  0.605952   ,  0.0445714  ,  0.43739    ,  3.83457    ])
Iter time: 257.986111164
Iter time: 502.275882959
Iter time: 869.673285961
32      , -18638.2    , array([ 0.103074   ,  0.0533157  ,  0.330683   ,  0.223034   ,  0.983447   ,  13.6951    ,  0.0360484  ,  0.607696   ,  0.042147   ,  0.455067   ,  3.81433    ])
Iter time: 247.79437995
Iter time: 483.502460003
Iter time: 837.103265047
33      , -18804.2    , array([ 0.107316   ,  0.0557905  ,  0.311592   ,  0.22732    ,  0.983681   ,  13.3122    ,  0.0346361  ,  0.605825   ,  0.0446798  ,  0.439054   ,  3.80022    ])
Iter time: 246.247227192
Iter time: 481.241147995
Iter time: 829.617187977
34      , -18778.4    , array([ 0.105585   ,  0.0550341  ,  0.329142   ,  0.22678    ,  0.983627   ,  13.2966    ,  0.0353043  ,  0.591492   ,  0.0435756  ,  0.447101   ,  3.79386    ])
Iter time: 287.061992884
Iter time: 559.681824923
Iter time: 968.840394974
35      , -18732.4    , array([ 0.105954   ,  0.0557912  ,  0.323892   ,  0.22969    ,  0.983732   ,  15.4841    ,  0.0354047  ,  0.601507   ,  0.0436589  ,  0.449211   ,  3.76761    ])
Iter time: 269.226549149
Iter time: 524.482357979
Iter time: 906.884922981
36      , -18703.4    , array([ 0.106019   ,  0.0564386  ,  0.32299    ,  0.209951   ,  0.983829   ,  14.1592    ,  0.0357499  ,  0.600962   ,  0.0435449  ,  0.453591   ,  3.75838    ])
Iter time: 266.085359097
Iter time: 518.15966177
Iter time: 896.929957867
37      , -18659.6    , array([ 0.101727   ,  0.0541426  ,  0.326633   ,  0.221657   ,  0.983633   ,  13.966     ,  0.031225   ,  0.606437   ,  0.0409523  ,  0.470842   ,  3.71968    ])
Iter time: 268.408117056
Iter time: 524.293885946
Iter time: 903.724760056
38      , -18613.1    , array([ 0.104284   ,  0.0567795  ,  0.322185   ,  0.220207   ,  0.983947   ,  14.2181    ,  0.0349623  ,  0.601664   ,  0.0421815  ,  0.470188   ,  3.72029    ])
Iter time: 278.682431936
Iter time: 542.35492301
Iter time: 938.301562071
39      , -18435.3    , array([ 0.101675   ,  0.057666   ,  0.318613   ,  0.217171   ,  0.984181   ,  14.4946    ,  0.0360236  ,  0.600537   ,  0.0400908  ,  0.499388   ,  3.64809    ])
Iter time: 272.627146959
Iter time: 531.139090061
Iter time: 919.799328089
40      , -18545.2    , array([ 0.104363   ,  0.0479652  ,  0.320438   ,  0.219363   ,  0.984183   ,  14.3025    ,  0.0352799  ,  0.600825   ,  0.0418655  ,  0.481921   ,  3.69916    ])
Iter time: 275.122526169
Iter time: 536.29120779
Iter time: 926.114176035
41      , -18478      , array([ 0.0982091  ,  0.0516082  ,  0.324294   ,  0.219041   ,  0.983927   ,  14.1286    ,  0.0399493  ,  0.607513   ,  0.0382035  ,  0.469208   ,  3.63433    ])
Iter time: 286.981750011
Iter time: 558.868856907
Iter time: 966.837383032
42      , -18487.2    , array([ 0.0911975  ,  0.0531754  ,  0.319476   ,  0.219843   ,  0.98416    ,  14.2238    ,  0.0366812  ,  0.601222   ,  0.0420579  ,  0.487004   ,  3.68727    ])
Iter time: 275.195791006
Iter time: 536.882938862
Iter time: 927.280543089
43      , -18456.4    , array([ 0.098623   ,  0.0538249  ,  0.318193   ,  0.220667   ,  0.98436    ,  14.1658    ,  0.0367509  ,  0.600187   ,  0.0352278  ,  0.491057   ,  3.6999     ])
Iter time: 272.596102953
Iter time: 529.95074892
Iter time: 915.942577124
44      , -18403.7    , array([ 0.102263   ,  0.0537254  ,  0.316371   ,  0.220378   ,  0.983042   ,  14.1971    ,  0.0372469  ,  0.599308   ,  0.0406208  ,  0.502187   ,  3.68648    ])
Iter time: 276.756330013
Iter time: 536.424613953
Iter time: 927.802204847
45      , -18202.8    , array([ 0.10247    ,  0.053445   ,  0.310535   ,  0.2195     ,  0.982198   ,  14.2945    ,  0.0388847  ,  0.596447   ,  0.0398885  ,  0.539805   ,  3.64456    ])
Iter time: 298.214737892
Iter time: 580.471633196
Iter time: 1003.11251903
46      , -18314.6    , array([ 0.096242   ,  0.0518747  ,  0.333204   ,  0.213992   ,  0.983823   ,  15.1298    ,  0.0375327  ,  0.59687    ,  0.0375173  ,  0.516157   ,  3.63117    ])
Iter time: 309.30948782
Iter time: 603.091457129
Iter time: 1042.69549084
47      , -18249.6    , array([ 0.0961857  ,  0.0520253  ,  0.316142   ,  0.21225    ,  0.983913   ,  15.5075    ,  0.0372344  ,  0.612339   ,  0.0374351  ,  0.520279   ,  3.60839    ])
Iter time: 269.503868103
Iter time: 525.247564077
Iter time: 907.393070936
48      , -18216.8    , array([ 0.0941796  ,  0.0506714  ,  0.319854   ,  0.206573   ,  0.983841   ,  13.3203    ,  0.0374706  ,  0.604101   ,  0.0363333  ,  0.531849   ,  3.60511    ])
Iter time: 288.434740067
Iter time: 562.081182957
Iter time: 971.53677392
49      , -18155.8    , array([ 0.0921172  ,  0.049118   ,  0.320179   ,  0.22533    ,  0.983746   ,  14.4058    ,  0.0374273  ,  0.605222   ,  0.0352487  ,  0.542179   ,  3.58671    ])
Iter time: 301.212331057
Iter time: 585.060899973
Iter time: 1013.800035
50      , -17896.9    , array([ 0.0858656  ,  0.0458219  ,  0.318783   ,  0.233437   ,  0.983705   ,  14.5306    ,  0.0382954  ,  0.607364   ,  0.0317136  ,  0.592764   ,  3.50384    ])
Iter time: 297.420599937
Iter time: 579.483292103
Iter time: 1001.65162396
51      , -18050.6    , array([ 0.0930898  ,  0.0496709  ,  0.315211   ,  0.215449   ,  0.983956   ,  14.7107    ,  0.0444711  ,  0.599925   ,  0.0357779  ,  0.544646   ,  3.58485    ])
Iter time: 315.00198698
Iter time: 613.415990829
Iter time: 1060.60760903
52      , -17979.6    , array([ 0.0901877  ,  0.049796   ,  0.308649   ,  0.212775   ,  0.984234   ,  15.1981    ,  0.0400198  ,  0.597283   ,  0.0337435  ,  0.582242   ,  3.45668    ])
Iter time: 306.875738859
Iter time: 596.886304855
Iter time: 1031.09581423
53      , -17963.3    , array([ 0.0867407  ,  0.0557291  ,  0.316354   ,  0.21514    ,  0.983508   ,  14.7142    ,  0.0418396  ,  0.603464   ,  0.032664   ,  0.56903    ,  3.52064    ])
Iter time: 293.719415188
Iter time: 572.660145044
Iter time: 989.745295048
54      , -17926.7    , array([ 0.0983624  ,  0.0506992  ,  0.316741   ,  0.213828   ,  0.983412   ,  14.8871    ,  0.0412155  ,  0.603473   ,  0.0310541  ,  0.579255   ,  3.50241    ])
Iter time: 310.31775403
Iter time: 603.887313128
Iter time: 1047.32830906
55      , -17836.2    , array([ 0.0913658  ,  0.0520702  ,  0.3107     ,  0.213674   ,  0.983551   ,  15.1306    ,  0.0380592  ,  0.5965     ,  0.0329232  ,  0.624703   ,  3.52962    ])
Iter time: 329.753624916
Iter time: 641.287861109
Iter time: 1109.48143911
56      , -17533.7    , array([ 0.0881251  ,  0.0523027  ,  0.304119   ,  0.21104    ,  0.983362   ,  15.658     ,  0.037148   ,  0.591068   ,  0.0305634  ,  0.720822   ,  3.47841    ])
Iter time: 320.571894884
Iter time: 623.237823009
Iter time: 1076.883708
57      , -17693.4    , array([ 0.0891395  ,  0.049666   ,  0.314064   ,  0.210386   ,  0.982937   ,  15.3682    ,  0.0414523  ,  0.602103   ,  0.0347941  ,  0.640054   ,  3.42838    ])
Iter time: 325.186604977
Iter time: 632.576532841
Iter time: 1094.10411215
58      , -17586.8    , array([ 0.0844197  ,  0.045116   ,  0.312832   ,  0.212542   ,  0.98289    ,  15.1803    ,  0.0433824  ,  0.602037   ,  0.029796   ,  0.658424   ,  3.43802    ])
Iter time: 309.136698961
Iter time: 602.244125128
Iter time: 1041.80111217
59      , -17571.5    , array([ 0.0870852  ,  0.0488959  ,  0.295721   ,  0.215433   ,  0.983077   ,  14.5518    ,  0.0427492  ,  0.606686   ,  0.0305334  ,  0.665862   ,  3.41988    ])
Iter time: 296.668596983
Iter time: 577.800428867
Iter time: 998.095342159
60      , -17519.2    , array([ 0.0855756  ,  0.0482074  ,  0.307919   ,  0.21779    ,  0.982836   ,  14.0341    ,  0.0441875  ,  0.590363   ,  0.0294874  ,  0.690895   ,  3.40807    ])
Iter time: 291.229017973
Iter time: 568.18325305
Iter time: 979.669599056
61      , -17191.5    , array([ 0.0807179  ,  0.0464049  ,  0.303888   ,  0.220613   ,  0.982298   ,  13.3508    ,  0.0481367  ,  0.579673   ,  0.0261707  ,  0.79616    ,  3.31212    ])
Iter time: 347.541145086
Iter time: 676.856343985
Iter time: 1170.02033901
62      , -17363.9    , array([ 0.0849815  ,  0.0487103  ,  0.301525   ,  0.226466   ,  0.982627   ,  16.3453    ,  0.045955   ,  0.593939   ,  0.0286222  ,  0.727304   ,  3.359      ])
Iter time: 353.149266958
Iter time: 689.629784107
Iter time: 1191.67796397
63      , -17229.7    , array([ 0.0754928  ,  0.0454101  ,  0.308916   ,  0.214342   ,  0.984349   ,  15.6072    ,  0.0456495  ,  0.601101   ,  0.0245444  ,  0.756502   ,  3.27371    ])
Iter time: 337.085808992
Iter time: 656.682245016
Iter time: 1139.06195307
64      , -17215      , array([ 0.079994   ,  0.0480701  ,  0.30322    ,  0.218169   ,  0.982662   ,  15.3296    ,  0.0401053  ,  0.597829   ,  0.0255522  ,  0.795933   ,  3.27374    ])
Iter time: 323.227788925
Iter time: 629.09781599
Iter time: 1084.86716604
65      , -17154.6    , array([ 0.0807869  ,  0.0476427  ,  0.308668   ,  0.221918   ,  0.982099   ,  14.8612    ,  0.0445834  ,  0.600573   ,  0.0257571  ,  0.788086   ,  3.36173    ])
Iter time: 328.003128052
Iter time: 636.431602001
Iter time: 1099.53034496
66      , -16778.3    , array([ 0.0764606  ,  0.0466013  ,  0.308677   ,  0.226636   ,  0.981034   ,  14.6956    ,  0.0470569  ,  0.602225   ,  0.0225035  ,  0.916872   ,  3.31523    ])
Iter time: 335.771186113
Iter time: 655.019215107
Iter time: 1130.02302003
67      , -16965.1    , array([ 0.0820927  ,  0.0412084  ,  0.299808   ,  0.221566   ,  0.982375   ,  15.3464    ,  0.0435653  ,  0.5942     ,  0.0248653  ,  0.879448   ,  3.26478    ])
Iter time: 361.268265009
Iter time: 702.795646906
Iter time: 1216.43745685
68      , -16838.4    , array([ 0.0700521  ,  0.0436214  ,  0.296466   ,  0.224371   ,  0.982282   ,  15.2522    ,  0.044673   ,  0.59252    ,  0.0251186  ,  0.932065   ,  3.24012    ])
Iter time: 361.829523087
Iter time: 706.264376879
Iter time: 1220.54140496
69      , -16699.9    , array([ 0.0773319  ,  0.0478345  ,  0.290705   ,  0.204049   ,  0.981731   ,  15.7647    ,  0.0494451  ,  0.586082   ,  0.0235754  ,  0.988948   ,  3.19304    ])
Iter time: 399.133497953
Iter time: 778.585419893
Iter time: 1344.54537392
70      , -16205.1    , array([ 0.0733886  ,  0.0488738  ,  0.277608   ,  0.190773   ,  0.980746   ,  16.4205    ,  0.0561839  ,  0.575722   ,  0.0203267  ,  1.27738    ,  3.04814    ])
Iter time: 356.256971836
Iter time: 693.489274979
Iter time: 1202.26256204
71      , -16604.5    , array([ 0.0719043  ,  0.0440033  ,  0.288527   ,  0.222413   ,  0.982098   ,  15.086     ,  0.0482761  ,  0.586406   ,  0.0194875  ,  1.03849    ,  3.19431    ])
Iter time: 356.832585812
Iter time: 693.096996069
Iter time: 1198.2050271
72      , -16528.2    , array([ 0.0737413  ,  0.0482217  ,  0.285435   ,  0.221981   ,  0.982002   ,  15.2556    ,  0.0470334  ,  0.583673   ,  0.0210657  ,  1.09672    ,  3.14305    ])
Iter time: 387.568906069
Iter time: 757.58957696
Iter time: 1304.48554707
73      , -16376.6    , array([ 0.0693548  ,  0.0443818  ,  0.300014   ,  0.220198   ,  0.98162    ,  16.0517    ,  0.0485662  ,  0.575141   ,  0.0192154  ,  1.18746    ,  3.1116     ])
Iter time: 378.578444004
Iter time: 734.649622917
Iter time: 1270.27746701
74      , -16203.7    , array([ 0.0656157  ,  0.0402704  ,  0.291009   ,  0.226525   ,  0.981019   ,  14.9852    ,  0.05868    ,  0.587414   ,  0.0176432  ,  1.20113    ,  2.99789    ])
Iter time: 424.874686956
Iter time: 827.720200062
Iter time: 1431.4629252
75      , -15648.5    , array([ 0.056619   ,  0.0353359  ,  0.284668   ,  0.234689   ,  0.979849   ,  14.6597    ,  0.073751   ,  0.585595   ,  0.0134049  ,  1.5505     ,  2.78312    ])
Iter time: 369.164680958
Iter time: 718.644723892
Iter time: 1237.36982799
76      , -16051.6    , array([ 0.0632     ,  0.040789   ,  0.290458   ,  0.212468   ,  0.981248   ,  14.0738    ,  0.0516945  ,  0.583072   ,  0.0164126  ,  1.36608    ,  3.0001     ])
Iter time: 373.64737916
Iter time: 1980.62482309
Iter time: 1259.53704405
77      , -15982.9    , array([ 0.0688813  ,  0.0429079  ,  0.280351   ,  0.224128   ,  0.978969   ,  14.4649    ,  0.0532306  ,  0.572944   ,  0.017789   ,  1.46234    ,  3.0298     ])
Iter time: 399.889367819
Iter time: 778.391475916
Iter time: 1348.38486099
78      , -15795.7    , array([ 0.0632616  ,  0.0397048  ,  0.281574   ,  0.221277   ,  0.979979   ,  14.5722    ,  0.0637898  ,  0.571644   ,  0.0159986  ,  1.55244    ,  2.98741    ])
Iter time: 500.139586926
Iter time: 974.199647903
Iter time: 1683.45246506
79      , -15574      , array([ 0.0599771  ,  0.0399799  ,  0.277086   ,  0.218946   ,  0.979921   ,  17.0004    ,  0.0559382  ,  0.588056   ,  0.0142834  ,  1.75235    ,  2.89791    ])
Iter time: 730.441403866
Iter time: 1418.642308
Iter time: 2454.72419381
80      , -14946.7    , array([ 0.0517003  ,  0.0371091  ,  0.264585   ,  0.218117   ,  0.978735   ,  19.1838    ,  0.0603011  ,  0.592293   ,  0.0105521  ,  2.59974    ,  2.71066    ])
Iter time: 490.795620203
Iter time: 956.081321001
Iter time: 1652.59481502
81      , -15429.8    , array([ 0.0542175  ,  0.044172   ,  0.274547   ,  0.217383   ,  0.979183   ,  15.4022    ,  0.0655714  ,  0.573343   ,  0.0128639  ,  1.93195    ,  2.84217    ])
Iter time: 491.238761902
Iter time: 957.155016899
Iter time: 1662.02680898
82      , -15307.6    , array([ 0.0606443  ,  0.0418237  ,  0.273792   ,  0.213434   ,  0.978713   ,  15.5249    ,  0.0685667  ,  0.57154    ,  0.0112753  ,  2.0812     ,  2.79638    ])
Iter time: 594.822272062
Iter time: 1158.03184795
Iter time: 2000.03743505
83      , -15173.9    , array([ 0.0532689  ,  0.038387   ,  0.257289   ,  0.209009   ,  0.979536   ,  16.2746    ,  0.0697045  ,  0.557008   ,  0.0110996  ,  2.45572    ,  2.64974    ])
Iter time: 592.630091906
Iter time: 1154.77799296
Iter time: 1996.33992386
84      , -15040.6    , array([ 0.0536376  ,  0.0396564  ,  0.269581   ,  0.210583   ,  0.97801    ,  16.0735    ,  0.0726369  ,  0.56671    ,  0.0115706  ,  2.53539    ,  2.65816    ])
Iter time: 399.696490049
Iter time: 780.296435118
Iter time: 1348.12232399
86      , -16038.7    , array([ 0.0667003  ,  0.0444847  ,  0.281414   ,  0.218657   ,  0.980845   ,  15.4496    ,  0.0538276  ,  0.579285   ,  0.0173077  ,  1.38581    ,  3.00336    ])
Iter time: 583.272533894
Iter time: 1137.840518
Iter time: 1964.4043479
87      , -14919.1    , array([ 0.0521113  ,  0.0379608  ,  0.253612   ,  0.210403   ,  0.977622   ,  15.145     ,  0.0796151  ,  0.57547    ,  0.0103251  ,  2.65582    ,  2.62995    ])
Iter time: 432.633590937
Iter time: 842.936099052
Iter time: 1456.86230898
90      , -15811.7    , array([ 0.0653969  ,  0.0442777  ,  0.275587   ,  0.203544   ,  0.98004    ,  15.9421    ,  0.0600509  ,  0.575502   ,  0.0164077  ,  1.55709    ,  2.93317    ])
Iter time: 671.952203989
Iter time: 1308.14023495
Iter time: 2259.22425199
91      , -14935.8    , array([ 0.0540696  ,  0.0400429  ,  0.255234   ,  0.220251   ,  0.977207   ,  17.4115    ,  0.0818919  ,  0.56625    ,  0.010687   ,  2.70067    ,  2.64461    ])
Iter time: 447.196573973
Iter time: 870.496868134
Iter time: 1505.64505386
93      , -15672.4    , array([ 0.0618496  ,  0.0421984  ,  0.275582   ,  0.21756    ,  0.979869   ,  15.6362    ,  0.0603195  ,  0.576341   ,  0.0148119  ,  1.68174    ,  2.89179    ])
Iter time: 437.042836905
Iter time: 851.276901007
Iter time: 1472.73748899
95      , -15635.1    , array([ 0.0625458  ,  0.0414123  ,  0.274846   ,  0.219967   ,  0.978973   ,  15.1833    ,  0.0603259  ,  0.573332   ,  0.0148919  ,  1.73857    ,  2.89834    ])
