==========================================
SLURM_JOB_ID = 18981527
SLURM_NODELIST = c8-76
==========================================
Module slurm/17.11.5 loaded 
Module openmpi/3.0.1 loaded 
Module gcc/7.3.0 loaded 
Module python/2.7.6 loaded 
Module numpy/1.11.1 loaded 
Module dadi/1.7.0 loaded 
Module matplotlib/2.0 loaded 
Module scipy/0.18.0 loaded 
Beginning. Call:
/home/hemstrow/monarch/github/F-H_2018/DADI/demographic_models/run_3d_mods.py /home/hemstrow/monarch/github/F-H_2018/Data/dadi_inputs/ dadi_snps_10kgap.txt 1st_folded_optim_10kgap_snps_dadi_out.txt lgb_p1tb_2f 10 [NAM,HAW,GUA] True 3 [0.1,0.1,1,1,5,5,.1,.1,.1,.1,2,2] [1,1,10,10,20,20,10,10,10,10,4,4] [1e-3,1e-3,1e-3,1e-3,0.01,0.01,0.01,0.01,0.01,0.01,1,1] [150,15,15] fmin

Ready to begin run. Parameters:

Model:
lgb_p1tb_2f
Maxiters:
10
Pops:
['NAM', 'HAW', 'GUA']
Projection:
[150, 15, 15]
Number of segregating sites in projected sfs:
9454.98941724
Folding spectra:
True
Level of parm folding:
3
Optimizer:
fmin
p0:
[ 0.07444261  0.17920925  0.20213327  0.41610225  3.70754687  2.74304345
  0.0347165   0.13274785  0.03253908  0.01480503  3.96        3.96      ]
Upper Bounds:
[1.0, 1.0, 10.0, 10.0, 20.0, 20.0, 10.0, 10.0, 10.0, 10.0, 4.0, 4.0]
Lower Bounds:
[0.001, 0.001, 0.001, 0.001, 0.01, 0.01, 0.01, 0.01, 0.01, 0.01, 1.0, 1.0]

Beginning optimization ************************************************
optimize_log_fmin.
Iter time: 45.1372449398
Iter time: 87.1280870438
Iter time: 150.37381196
1       , -24673.4    , array([ 0.0744426  ,  0.179209   ,  0.202133   ,  0.416102   ,  3.70755    ,  2.74304    ,  0.0347165  ,  0.132748   ,  0.0325391  ,  0.014805   ,  3.96       ,  3.96       ])
Iter time: 45.1812300682
Iter time: 87.5772140026
Iter time: 151.016106844
2       , -24673.4    , array([ 0.0653751  ,  0.179209   ,  0.202133   ,  0.416102   ,  3.70755    ,  2.74304    ,  0.0347165  ,  0.132748   ,  0.0325391  ,  0.014805   ,  3.96       ,  3.96       ])
Iter time: 45.2939441204
Iter time: 87.3587949276
Iter time: 150.329323053
3       , -24673.1    , array([ 0.0744426  ,  0.164448   ,  0.202133   ,  0.416102   ,  3.70755    ,  2.74304    ,  0.0347165  ,  0.132748   ,  0.0325391  ,  0.014805   ,  3.96       ,  3.96       ])
Iter time: 48.8285579681
Iter time: 94.2126171589
Iter time: 162.22360301
4       , -24789.4    , array([ 0.0744426  ,  0.179209   ,  0.186603   ,  0.416102   ,  3.70755    ,  2.74304    ,  0.0347165  ,  0.132748   ,  0.0325391  ,  0.014805   ,  3.96       ,  3.96       ])
Iter time: 45.1811890602
Iter time: 87.1957259178
Iter time: 149.919799805
5       , -24668.8    , array([ 0.0744426  ,  0.179209   ,  0.202133   ,  0.398254   ,  3.70755    ,  2.74304    ,  0.0347165  ,  0.132748   ,  0.0325391  ,  0.014805   ,  3.96       ,  3.96       ])
Iter time: 45.2174348831
Iter time: 87.2287118435
Iter time: 150.101100922
6       , -24803.9    , array([ 0.0744426  ,  0.179209   ,  0.202133   ,  0.416102   ,  3.95859    ,  2.74304    ,  0.0347165  ,  0.132748   ,  0.0325391  ,  0.014805   ,  3.96       ,  3.96       ])
Iter time: 47.3872580528
Iter time: 91.5863339901
Iter time: 157.562974215
7       , -24806.7    , array([ 0.0744426  ,  0.179209   ,  0.202133   ,  0.416102   ,  3.70755    ,  2.88499    ,  0.0347165  ,  0.132748   ,  0.0325391  ,  0.014805   ,  3.96       ,  3.96       ])
Iter time: 45.1361620426
Iter time: 87.175383091
Iter time: 150.089820147
8       , -24973.1    , array([ 0.0744426  ,  0.179209   ,  0.202133   ,  0.416102   ,  3.70755    ,  2.74304    ,  0.0293469  ,  0.132748   ,  0.0325391  ,  0.014805   ,  3.96       ,  3.96       ])
Iter time: 45.133949995
Iter time: 87.1694250107
Iter time: 149.872424126
9       , -24762.6    , array([ 0.0744426  ,  0.179209   ,  0.202133   ,  0.416102   ,  3.70755    ,  2.74304    ,  0.0347165  ,  0.119999   ,  0.0325391  ,  0.014805   ,  3.96       ,  3.96       ])
Iter time: 45.1412909031
Iter time: 87.1545360088
Iter time: 149.872622013
10      , -24690.9    , array([ 0.0744426  ,  0.179209   ,  0.202133   ,  0.416102   ,  3.70755    ,  2.74304    ,  0.0347165  ,  0.132748   ,  0.0274174  ,  0.014805   ,  3.96       ,  3.96       ])
Iter time: 45.1479520798
Iter time: 87.130687952
Iter time: 149.892817974
11      , -24763.6    , array([ 0.0744426  ,  0.179209   ,  0.202133   ,  0.416102   ,  3.70755    ,  2.74304    ,  0.0347165  ,  0.132748   ,  0.0325391  ,  0.0119931  ,  3.96       ,  3.96       ])
Iter time: 45.3099160194
Iter time: 87.3082318306
Iter time: 150.399095774
16      , -24670.8    , array([ 0.0744426  ,  0.17167    ,  0.202133   ,  0.40708    ,  3.70755    ,  2.74304    ,  0.0347165  ,  0.132748   ,  0.0325391  ,  0.014805   ,  3.96       ,  3.96       ])
Iter time: 45.1525480747
Iter time: 87.1434710026
Iter time: 150.261475086
17      , -24671      , array([ 0.0744426  ,  0.179209   ,  0.202133   ,  0.40708    ,  3.70755    ,  2.74304    ,  0.0347165  ,  0.132748   ,  0.0325391  ,  0.014805   ,  3.96       ,  3.96       ])
Iter time: 45.1636362076
Iter time: 87.1935839653
Iter time: 150.277345896
18      , -24671      , array([ 0.0697617  ,  0.179209   ,  0.202133   ,  0.40708    ,  3.70755    ,  2.74304    ,  0.0347165  ,  0.132748   ,  0.0325391  ,  0.014805   ,  3.96       ,  3.96       ])
Iter time: 45.3515589237
Iter time: 88.0602030754
Iter time: 149.992426157
19      , -24680.1    , array([ 0.0744426  ,  0.179209   ,  0.202133   ,  0.40708    ,  3.70755    ,  2.74304    ,  0.0347165  ,  0.132748   ,  0.0298686  ,  0.014805   ,  3.96       ,  3.96       ])
Iter time: 45.1341021061
Iter time: 87.3192098141
Iter time: 150.078445911
20      , -24715.9    , array([ 0.0744426  ,  0.179209   ,  0.202133   ,  0.40708    ,  3.70755    ,  2.74304    ,  0.0347165  ,  0.126213   ,  0.0325391  ,  0.014805   ,  3.96       ,  3.96       ])
Iter time: 45.1451189518
Iter time: 87.1786220074
Iter time: 149.955193043
21      , -24717.6    , array([ 0.0744426  ,  0.179209   ,  0.202133   ,  0.40708    ,  3.70755    ,  2.74304    ,  0.0347165  ,  0.132748   ,  0.0325391  ,  0.0133251  ,  3.96       ,  3.96       ])
Iter time: 46.9124748707
Iter time: 90.6136918068
Iter time: 155.877018929
22      , -24728.5    , array([ 0.0744426  ,  0.179209   ,  0.194213   ,  0.40708    ,  3.70755    ,  2.74304    ,  0.0347165  ,  0.132748   ,  0.0325391  ,  0.014805   ,  3.96       ,  3.96       ])
Iter time: 45.171487093
Iter time: 87.2013869286
Iter time: 150.704294205
23      , -24735.7    , array([ 0.0744426  ,  0.179209   ,  0.202133   ,  0.40708    ,  3.83101    ,  2.74304    ,  0.0347165  ,  0.132748   ,  0.0325391  ,  0.014805   ,  3.96       ,  3.96       ])
Iter time: 46.2432820797
Iter time: 89.2895610332
Iter time: 153.65855217
24      , -24737.3    , array([ 0.0744426  ,  0.179209   ,  0.202133   ,  0.40708    ,  3.70755    ,  2.81312    ,  0.0347165  ,  0.132748   ,  0.0325391  ,  0.014805   ,  3.96       ,  3.96       ])
Iter time: 45.134002924
Iter time: 87.1593971252
Iter time: 150.238406897
25      , -24822.9    , array([ 0.0744426  ,  0.179209   ,  0.202133   ,  0.40708    ,  3.70755    ,  2.74304    ,  0.031919   ,  0.132748   ,  0.0325391  ,  0.014805   ,  3.96       ,  3.96       ])
Iter time: 45.6333880424
Iter time: 88.2042038441
Iter time: 151.812789917
28      , -24744.5    , array([ 0.0736412  ,  0.17793    ,  0.200791   ,  0.405596   ,  3.72784    ,  2.7546     ,  0.0342338  ,  0.131636   ,  0.032078   ,  0.0145474  ,  3.98277    ,  3.82607    ])
Iter time: 45.7241790295
Iter time: 88.2394561768
Iter time: 151.846210957
29      , -24756.8    , array([ 0.0735085  ,  0.177718   ,  0.200568   ,  0.405349   ,  3.73124    ,  2.75653    ,  0.034154   ,  0.131451   ,  0.0320018  ,  0.0145049  ,  3.82973    ,  3.93736    ])
Iter time: 45.7998659611
Iter time: 88.5110068321
Iter time: 152.158080101
30      , -24589      , array([ 0.0733539  ,  0.17747    ,  0.200309   ,  0.405061   ,  3.7352     ,  2.75879    ,  0.0375687  ,  0.131236   ,  0.0319131  ,  0.0144555  ,  3.94175    ,  3.9336     ])
Iter time: 46.2102968693
Iter time: 89.1206831932
Iter time: 153.311261177
31      , -24465.1    , array([ 0.0728156  ,  0.176607   ,  0.199403   ,  0.404055   ,  3.74911    ,  2.76669    ,  0.0407582  ,  0.130487   ,  0.0316046  ,  0.0142838  ,  3.93266    ,  3.92046    ])
Iter time: 45.6947689056
Iter time: 88.0495009422
Iter time: 151.501574039
33      , -24720.8    , array([ 0.073673   ,  0.177981   ,  0.200845   ,  0.405655   ,  3.72703    ,  2.75414    ,  0.0346448  ,  0.13168    ,  0.0320963  ,  0.0145576  ,  3.89413    ,  3.94136    ])
Iter time: 45.5930840969
Iter time: 87.9888980389
Iter time: 151.464376926
35      , -24713.6    , array([ 0.0737408  ,  0.178089   ,  0.200958   ,  0.405781   ,  3.7253     ,  2.75315    ,  0.0347025  ,  0.131774   ,  0.0321352  ,  0.0145794  ,  3.96745    ,  3.89007    ])
Iter time: 44.6779239178
Iter time: 86.1848590374
Iter time: 148.391736031
36      , -24624.3    , array([ 0.073128   ,  0.177108   ,  0.199929   ,  0.404639   ,  3.74102    ,  2.68199    ,  0.0356427  ,  0.130922   ,  0.0317835  ,  0.0143834  ,  3.94562    ,  3.93856    ])
Iter time: 45.7726140022
Iter time: 88.1004559994
Iter time: 151.63674593
37      , -24608.1    , array([ 0.0729111  ,  0.176761   ,  0.199564   ,  0.404234   ,  3.60614    ,  2.74021    ,  0.0357994  ,  0.13062    ,  0.0316593  ,  0.0143143  ,  3.94323    ,  3.935      ])
Iter time: 43.7502169609
Iter time: 84.5010080338
Iter time: 145.460170984
38      , -24594.3    , array([ 0.072659   ,  0.176356   ,  0.208645   ,  0.403762   ,  3.70904    ,  2.73973    ,  0.0359832  ,  0.130269   ,  0.031515   ,  0.0142341  ,  3.94044    ,  3.93085    ])
Iter time: 45.4212129116
Iter time: 87.6875801086
Iter time: 150.830256939
40      , -24685.8    , array([ 0.0735667  ,  0.177811   ,  0.201392   ,  0.405457   ,  3.7169     ,  2.74716    ,  0.0350481  ,  0.131532   ,  0.0320352  ,  0.0145236  ,  3.924      ,  3.94294    ])
Iter time: 45.2347819805
Iter time: 87.2753589153
Iter time: 150.086774111
41      , -24576.7    , array([ 0.0723485  ,  0.175857   ,  0.201623   ,  0.403178   ,  3.70761    ,  2.73802    ,  0.0362686  ,  0.129836   ,  0.0313376  ,  0.0159836  ,  3.94221    ,  3.92627    ])
Iter time: 45.2572660446
Iter time: 87.3330779076
Iter time: 150.479983807
42      , -24556.4    , array([ 0.0720052  ,  0.175304   ,  0.201538   ,  0.402532   ,  3.70762    ,  2.73719    ,  0.036534   ,  0.137204   ,  0.0311417  ,  0.0145707  ,  3.93925    ,  3.92068    ])
Iter time: 44.7251980305
Iter time: 86.3256039619
Iter time: 148.700098038
43      , -24533      , array([ 0.0724025  ,  0.175944   ,  0.202814   ,  0.40328    ,  3.68702    ,  2.72449    ,  0.0368633  ,  0.132301   ,  0.0313684  ,  0.0147948  ,  3.92719    ,  3.99638    ])
Iter time: 44.795003891
Iter time: 86.714799881
Iter time: 148.758375883
44      , -24535.5    , array([ 0.0723812  ,  0.175909   ,  0.202615   ,  0.40324    ,  3.69039    ,  2.72667    ,  0.0368084  ,  0.132673   ,  0.0313562  ,  0.0148975  ,  3.97121    ,  3.95165    ])
Iter time: 45.0225789547
Iter time: 86.8050189018
Iter time: 149.373389006
45      , -24515.9    , array([ 0.0711955  ,  0.173997   ,  0.201952   ,  0.400998   ,  3.69684    ,  2.72804    ,  0.0375241  ,  0.131446   ,  0.0339042  ,  0.0146294  ,  3.93696    ,  3.93324    ])
Iter time: 45.1000511646
Iter time: 86.763657093
Iter time: 149.36805582
46      , -24499.3    , array([ 0.0706683  ,  0.173143   ,  0.201922   ,  0.399993   ,  3.69506    ,  2.72555    ,  0.0380136  ,  0.13123    ,  0.0313357  ,  0.0146003  ,  3.93313    ,  3.9288     ])
Iter time: 44.9340298176
Iter time: 86.6671319008
Iter time: 149.172910929
47      , -24470.2    , array([ 0.0755724  ,  0.172152   ,  0.201886   ,  0.398824   ,  3.69299    ,  2.72264    ,  0.0385928  ,  0.130979   ,  0.0311395  ,  0.0145665  ,  3.92867    ,  3.92362    ])
Iter time: 44.8480319977
Iter time: 86.6013109684
Iter time: 148.916116953
48      , -24436.3    , array([ 0.0709985  ,  0.179797   ,  0.201845   ,  0.397465   ,  3.69056    ,  2.71926    ,  0.0392796  ,  0.130687   ,  0.0309121  ,  0.0145271  ,  3.92348    ,  3.91759    ])
Iter time: 44.6537928581
Iter time: 86.4107210636
Iter time: 148.504309893
49      , -24315.8    , array([ 0.0693367  ,  0.184003   ,  0.201702   ,  0.392742   ,  3.6821     ,  2.70744    ,  0.0417814  ,  0.129668   ,  0.0301294  ,  0.0143901  ,  3.90534    ,  3.89655    ])
Iter time: 44.7953670025
Iter time: 86.4123940468
Iter time: 148.717175007
50      , -24378.4    , array([ 0.0701627  ,  0.172992   ,  0.201773   ,  0.405331   ,  3.68633    ,  2.71334    ,  0.0405112  ,  0.130176   ,  0.0305182  ,  0.0144585  ,  3.9144     ,  3.90706    ])
Iter time: 45.3024799824
Iter time: 87.486866951
Iter time: 150.425752878
51      , -24384.8    , array([ 0.0709329  ,  0.17436    ,  0.204311   ,  0.399048   ,  3.64439    ,  2.78049    ,  0.0403096  ,  0.131866   ,  0.0310329  ,  0.0148953  ,  3.92346    ,  3.92307    ])
Iter time: 44.2608549595
Iter time: 85.5495429039
Iter time: 146.894369125
52      , -24362      , array([ 0.0708185  ,  0.174305   ,  0.205488   ,  0.398589   ,  3.78736    ,  2.72805    ,  0.0409347  ,  0.13238    ,  0.031051   ,  0.0150667  ,  3.92256    ,  3.92463    ])
Iter time: 46.260258913
Iter time: 89.2959699631
Iter time: 153.62903595
53      , -24338      , array([ 0.070761   ,  0.174365   ,  0.196046   ,  0.398199   ,  3.69513    ,  2.72657    ,  0.0416102  ,  0.133093   ,  0.0311162  ,  0.0152959  ,  3.92236    ,  3.92774    ])
Iter time: 44.9605638981
Iter time: 86.7492229939
Iter time: 149.824611902
54      , -24309.1    , array([ 0.0708025  ,  0.174611   ,  0.201927   ,  0.39795    ,  3.69448    ,  2.72637    ,  0.042239   ,  0.13409    ,  0.0312555  ,  0.0135221  ,  3.9173     ,  3.93257    ])
Iter time: 44.8276281357
Iter time: 86.5495538712
Iter time: 148.864138126
55      , -24163.3    , array([ 0.0700419  ,  0.173992   ,  0.202079   ,  0.395362   ,  3.68793    ,  2.72057    ,  0.0455831  ,  0.136269   ,  0.0312145  ,  0.0124374  ,  3.9049     ,  3.93572    ])
Iter time: 44.8847260475
Iter time: 86.6181130409
Iter time: 149.029308081
56      , -24269.3    , array([ 0.0708129  ,  0.174943   ,  0.202102   ,  0.397397   ,  3.69119    ,  2.72444    ,  0.0435076  ,  0.126744   ,  0.0314643  ,  0.0144471  ,  3.91452    ,  3.94069    ])
Iter time: 45.314193964
Iter time: 87.4514901638
Iter time: 150.445639849
57      , -24243.6    , array([ 0.0701884  ,  0.174181   ,  0.200943   ,  0.395736   ,  3.70856    ,  2.73457    ,  0.0444037  ,  0.130077   ,  0.0312669  ,  0.0140581  ,  3.87373    ,  3.908      ])
Iter time: 45.4823279381
Iter time: 87.8136219978
Iter time: 151.345434904
58      , -24195.8    , array([ 0.0698055  ,  0.173855   ,  0.200436   ,  0.394453   ,  3.71555    ,  2.73844    ,  0.0457343  ,  0.130075   ,  0.031238   ,  0.0140357  ,  3.90822    ,  3.84988    ])
Iter time: 45.3709971905
Iter time: 87.4962339401
Iter time: 150.635059118
59      , -24160.1    , array([ 0.070756   ,  0.175776   ,  0.201039   ,  0.395611   ,  3.7088     ,  2.73662    ,  0.0464353  ,  0.130693   ,  0.0285097  ,  0.0140967  ,  3.89375    ,  3.89774    ])
Iter time: 45.4678740501
Iter time: 87.7795398235
Iter time: 151.052549124
60      , -23969.7    , array([ 0.0705373  ,  0.176672   ,  0.200584   ,  0.392944   ,  3.71479    ,  2.74091    ,  0.0516556  ,  0.130318   ,  0.0261434  ,  0.0138377  ,  3.87233    ,  3.88011    ])
Iter time: 45.4180588722
Iter time: 87.6776919365
Iter time: 150.919975996
61      , -24088.3    , array([ 0.0712619  ,  0.177238   ,  0.200846   ,  0.395431   ,  3.71388    ,  2.74169    ,  0.0482409  ,  0.130756   ,  0.0299292  ,  0.013999   ,  3.88743    ,  3.89405    ])
Iter time: 45.5669219494
Iter time: 88.1009030342
Iter time: 151.53233099
62      , -24052.8    , array([ 0.0659884  ,  0.179125   ,  0.200708   ,  0.396026   ,  3.71947    ,  2.7478     ,  0.0493174  ,  0.130969   ,  0.0299194  ,  0.0139389  ,  3.88501    ,  3.89427    ])
Iter time: 44.2701530457
Iter time: 85.3719501495
Iter time: 146.95106411
63      , -23997.9    , array([ 0.0673721  ,  0.175018   ,  0.20343    ,  0.389593   ,  3.65894    ,  2.70097    ,  0.0482046  ,  0.131544   ,  0.0292111  ,  0.014157   ,  3.8732     ,  3.89306    ])
Iter time: 44.9246649742
Iter time: 86.747243166
Iter time: 149.127062082
64      , -24006.4    , array([ 0.0685691  ,  0.177386   ,  0.1984     ,  0.392909   ,  3.76658    ,  2.67459    ,  0.050216   ,  0.130115   ,  0.0294508  ,  0.0134613  ,  3.87394    ,  3.88549    ])
Iter time: 45.4164600372
Iter time: 87.7014598846
Iter time: 151.174035072
65      , -23948.9    , array([ 0.069057   ,  0.179537   ,  0.200331   ,  0.384817   ,  3.73712    ,  2.73422    ,  0.0517868  ,  0.131794   ,  0.0297702  ,  0.0137038  ,  3.87619    ,  3.89782    ])
Iter time: 45.7698440552
Iter time: 88.2707669735
Iter time: 151.907080889
66      , -23716.6    , array([ 0.0685107  ,  0.182902   ,  0.199614   ,  0.374953   ,  3.76277    ,  2.74473    ,  0.0585519  ,  0.132611   ,  0.0294031  ,  0.0133414  ,  3.85723    ,  3.89321    ])
Iter time: 46.2182331085
Iter time: 89.2809450626
Iter time: 153.509089947
67      , -23856.9    , array([ 0.0680407  ,  0.179621   ,  0.195761   ,  0.387358   ,  3.63348    ,  2.72225    ,  0.0544016  ,  0.129638   ,  0.0289947  ,  0.0128867  ,  3.85732    ,  3.87517    ])
Iter time: 44.1875150204
Iter time: 85.2960820198
Iter time: 146.784718037
68      , -23792.1    , array([ 0.0676525  ,  0.18045    ,  0.20514    ,  0.385958   ,  3.71374    ,  2.723      ,  0.0559635  ,  0.128379   ,  0.0285954  ,  0.0123361  ,  3.84678    ,  3.86341    ])
Iter time: 45.7670209408
Iter time: 88.2683770657
Iter time: 151.887362003
69      , -23725.8    , array([ 0.0687599  ,  0.170443   ,  0.19995    ,  0.390186   ,  3.7322     ,  2.74486    ,  0.0585161  ,  0.131551   ,  0.0292759  ,  0.0127803  ,  3.85382    ,  3.8888     ])
Iter time: 45.6307590008
Iter time: 88.0401360989
Iter time: 151.52645278
70      , -23684.2    , array([ 0.0669971  ,  0.178493   ,  0.199198   ,  0.384441   ,  3.72987    ,  2.73114    ,  0.0590398  ,  0.135424   ,  0.027699   ,  0.0124725  ,  3.83478    ,  3.83676    ])
Iter time: 45.9976799488
Iter time: 88.8288140297
Iter time: 152.814377069
71      , -23359.4    , array([ 0.065167   ,  0.180296   ,  0.197762   ,  0.378122   ,  3.74937    ,  2.73449    ,  0.0687757  ,  0.139984   ,  0.0259889  ,  0.0115888  ,  3.79553    ,  3.78582    ])
Iter time: 45.3381900787
Iter time: 87.7526979446
Iter time: 150.452301979
72      , -23566.1    , array([ 0.0667621  ,  0.180308   ,  0.199816   ,  0.383136   ,  3.71918    ,  2.72101    ,  0.0622244  ,  0.133577   ,  0.027028   ,  0.0124115  ,  3.86202    ,  3.84843    ])
Iter time: 45.2643170357
Iter time: 87.0724709034
Iter time: 149.813241005
73      , -23509.3    , array([ 0.0666314  ,  0.181747   ,  0.200217   ,  0.382522   ,  3.71279    ,  2.71427    ,  0.0635952  ,  0.134172   ,  0.0264082  ,  0.0121791  ,  3.82036    ,  3.90628    ])
Iter time: 45.8250977993
Iter time: 88.4501240253
Iter time: 152.180481911
74      , -23432.3    , array([ 0.0658564  ,  0.182928   ,  0.198284   ,  0.379549   ,  3.74479    ,  2.73105    ,  0.0674474  ,  0.127743   ,  0.0257017  ,  0.0136963  ,  3.80968    ,  3.8163     ])
Iter time: 45.3083469868
Iter time: 87.5461921692
Iter time: 150.40486908
75      , -23398.2    , array([ 0.0638835  ,  0.180527   ,  0.199074   ,  0.376898   ,  3.72376    ,  2.70825    ,  0.0673926  ,  0.132613   ,  0.0261338  ,  0.0121241  ,  3.81393    ,  3.8442     ])
Iter time: 45.0889909267
Iter time: 87.118927002
Iter time: 149.754314899
76      , -23323.7    , array([ 0.0686171  ,  0.178857   ,  0.198939   ,  0.37324    ,  3.71888    ,  2.6957     ,  0.0694432  ,  0.132672   ,  0.0255595  ,  0.0118966  ,  3.80458    ,  3.83569    ])
Iter time: 44.8840250969
Iter time: 86.7589719296
Iter time: 149.081254959
77      , -22924      , array([ 0.0699705  ,  0.178724   ,  0.19806    ,  0.362343   ,  3.71859    ,  2.67003    ,  0.0824032  ,  0.133532   ,  0.0236239  ,  0.0109906  ,  3.765      ,  3.80674    ])
Iter time: 45.8545439243
Iter time: 88.3818321228
Iter time: 152.025644064
78      , -23190.7    , array([ 0.0662575  ,  0.180837   ,  0.201197   ,  0.371157   ,  3.66453    ,  2.7687     ,  0.0740693  ,  0.134121   ,  0.0250294  ,  0.0119093  ,  3.79736    ,  3.83126    ])
Iter time: 46.747800827
Iter time: 90.2463288307
Iter time: 155.200634003
79      , -23021.1    , array([ 0.0672475  ,  0.184285   ,  0.195861   ,  0.371303   ,  3.77329    ,  2.75301    ,  0.0828864  ,  0.133094   ,  0.0245933  ,  0.0110025  ,  3.78559    ,  3.81363    ])
Iter time: 45.6518142223
Iter time: 88.1174721718
Iter time: 151.603704214
80      , -22910.2    , array([ 0.0637207  ,  0.183848   ,  0.197853   ,  0.364678   ,  3.72625    ,  2.71488    ,  0.0836916  ,  0.134819   ,  0.0272006  ,  0.0108343  ,  3.77217    ,  3.81535    ])
Iter time: 44.8493101597
Iter time: 86.4966480732
Iter time: 148.788594961
82      , -22870.8    , array([ 0.0653405  ,  0.181532   ,  0.203087   ,  0.366235   ,  3.82568    ,  2.73226    ,  0.085382   ,  0.136415   ,  0.0242661  ,  0.0113023  ,  3.77279    ,  3.81033    ])
Iter time: 44.1917159557
Iter time: 85.2669839859
Iter time: 146.473804951
83      , -22308.4    , array([ 0.0640308  ,  0.182496   ,  0.206852   ,  0.356109   ,  3.92556    ,  2.73727    ,  0.106965   ,  0.139935   ,  0.0221993  ,  0.0105848  ,  3.73122    ,  3.77832    ])
Iter time: 46.8897638321
Iter time: 90.4659340382
Iter time: 155.64811182
84      , -22695.1    , array([ 0.0651156  ,  0.181038   ,  0.19407    ,  0.362666   ,  3.77776    ,  2.73388    ,  0.0924618  ,  0.139745   ,  0.0235882  ,  0.0115092  ,  3.76394    ,  3.80776    ])
Iter time: 45.5608701706
Iter time: 87.9152860641
Iter time: 151.11544013
85      , -22591.8    , array([ 0.063488   ,  0.193603   ,  0.198119   ,  0.354389   ,  3.76669    ,  2.7103     ,  0.0954348  ,  0.137756   ,  0.0222252  ,  0.0109169  ,  3.74231    ,  3.76965    ])
Iter time: 45.6730518341
Iter time: 87.7678091526
Iter time: 150.863798857
86      , -22391.3    , array([ 0.0629155  ,  0.182133   ,  0.198205   ,  0.365337   ,  3.73674    ,  2.70474    ,  0.103467   ,  0.137525   ,  0.0211205  ,  0.0101141  ,  3.72021    ,  3.74519    ])
Iter time: 45.9004268646
Iter time: 88.6877529621
Iter time: 152.373389959
87      , -22356.6    , array([ 0.0639279  ,  0.185063   ,  0.197738   ,  0.35471    ,  3.7835     ,  2.72558    ,  0.105971   ,  0.137194   ,  0.0220511  ,  0.0105071  ,  3.6925     ,  3.77164    ])
Iter time: 46.2328500748
Iter time: 89.446844101
Iter time: 154.428826094
88      , -22211.2    , array([ 0.0636126  ,  0.184153   ,  0.196932   ,  0.350838   ,  3.80194    ,  2.73425    ,  0.112898   ,  0.137094   ,  0.0219005  ,  0.0104473  ,  3.71165    ,  3.69413    ])
Iter time: 46.5535778999
Iter time: 88.5283231735
Iter time: 151.915374994
91      , -23122      , array([ 0.0653849  ,  0.182988   ,  0.198369   ,  0.371665   ,  3.75331    ,  2.72778    ,  0.0772382  ,  0.132013   ,  0.0246964  ,  0.0122901  ,  3.78347    ,  3.80234    ])
Iter time: 46.2021300793
Iter time: 89.123967886
Iter time: 153.343446016
92      , -22066.7    , array([ 0.0662226  ,  0.186023   ,  0.19772    ,  0.350617   ,  3.80534    ,  2.74414    ,  0.118756   ,  0.140243   ,  0.0213458  ,  0.0100544  ,  3.69684    ,  3.72668    ])
Iter time: 45.4933929443
Iter time: 88.0716979504
Iter time: 151.438779831
94      , -21890      , array([ 0.0650924  ,  0.187234   ,  0.199025   ,  0.345111   ,  3.78869    ,  2.7194     ,  0.127459   ,  0.1329     ,  0.0207722  ,  0.0102728  ,  3.69849    ,  3.77423    ])
Iter time: 45.8270430565
Iter time: 88.2753310204
Iter time: 151.994318008
97      , -22879.3    , array([ 0.0656426  ,  0.182543   ,  0.199699   ,  0.365056   ,  3.72155    ,  2.74568    ,  0.0851809  ,  0.135202   ,  0.0239287  ,  0.0113292  ,  3.7678     ,  3.80318    ])
Iter time: 45.7857627869
Iter time: 88.3151581287
Iter time: 151.980391026
99      , -22832.4    , array([ 0.0652196  ,  0.183607   ,  0.198346   ,  0.365033   ,  3.76503    ,  2.72606    ,  0.0873394  ,  0.134269   ,  0.0237377  ,  0.01147    ,  3.76025    ,  3.78883    ])
Iter time: 44.5721459389
Iter time: 86.0141720772
Iter time: 147.909451008
100     , -21983.9    , array([ 0.0626132  ,  0.184059   ,  0.201239   ,  0.345194   ,  3.7789     ,  2.69156    ,  0.118709   ,  0.140328   ,  0.021043   ,  0.0104871  ,  3.68525    ,  3.73342    ])
Iter time: 46.36292696
Iter time: 89.4562959671
Iter time: 153.882666826
101     , -21901.7    , array([ 0.0590726  ,  0.190718   ,  0.199534   ,  0.350884   ,  3.84478    ,  2.77893    ,  0.126895   ,  0.141029   ,  0.0214882  ,  0.0104167  ,  3.69221    ,  3.72808    ])
Iter time: 45.6861701012
Iter time: 88.1698770523
Iter time: 151.64212203
102     , -21741.5    , array([ 0.0640528  ,  0.186539   ,  0.200025   ,  0.346404   ,  3.85695    ,  2.74366    ,  0.133916   ,  0.140735   ,  0.0179436  ,  0.0104979  ,  3.67206    ,  3.70535    ])
Iter time: 45.6742491722
Iter time: 88.1919679642
Iter time: 151.72812891
103     , -21087.6    , array([ 0.0642195  ,  0.187899   ,  0.201119   ,  0.337614   ,  3.92401    ,  2.75816    ,  0.169398   ,  0.14379    ,  0.0145739  ,  0.0103337  ,  3.623      ,  3.65154    ])
Iter time: 45.7059140205
Iter time: 88.3014941216
Iter time: 151.807502985
105     , -22550.2    , array([ 0.0646995  ,  0.184083   ,  0.199376   ,  0.359037   ,  3.76443    ,  2.73796    ,  0.0977215  ,  0.136819   ,  0.0225221  ,  0.0109499  ,  3.73861    ,  3.77509    ])
Iter time: 45.730437994
Iter time: 88.2467508316
Iter time: 151.799914122
107     , -22513.3    , array([ 0.0644692  ,  0.184638   ,  0.198742   ,  0.358778   ,  3.78633    ,  2.72865    ,  0.0994161  ,  0.136452   ,  0.022383   ,  0.0109965  ,  3.73396    ,  3.7674     ])
Iter time: 46.2273280621
Iter time: 89.1713781357
Iter time: 153.434282064
109     , -22433.9    , array([ 0.064391   ,  0.183493   ,  0.196783   ,  0.357452   ,  3.79309    ,  2.73235    ,  0.102599   ,  0.139069   ,  0.0222637  ,  0.0109944  ,  3.73455    ,  3.77512    ])
Iter time: 45.7627239227
Iter time: 88.3522429466
Iter time: 152.167948961
110     , -21680.2    , array([ 0.0640119  ,  0.177068   ,  0.200733   ,  0.350751   ,  3.85522    ,  2.75521    ,  0.137464   ,  0.139259   ,  0.0198736  ,  0.0101159  ,  3.66756    ,  3.71696    ])
Iter time: 45.6691019535
Iter time: 88.1529970169
Iter time: 151.610168934
112     , -22317.5    , array([ 0.0641941  ,  0.184318   ,  0.199455   ,  0.355441   ,  3.79126    ,  2.73603    ,  0.107311   ,  0.137761   ,  0.0216432  ,  0.0106917  ,  3.71866    ,  3.75669    ])
Iter time: 45.6652691364
Iter time: 88.1102499962
Iter time: 151.713752031
114     , -22290.1    , array([ 0.0640683  ,  0.184582   ,  0.199168   ,  0.355174   ,  3.80248    ,  2.73168    ,  0.108583   ,  0.137631   ,  0.021546   ,  0.0107019  ,  3.71572    ,  3.75241    ])
Iter time: 45.9413509369
Iter time: 88.5780889988
Iter time: 152.484750032
116     , -22243.2    , array([ 0.0640161  ,  0.184054   ,  0.198283   ,  0.354423   ,  3.80626    ,  2.7335     ,  0.110568   ,  0.138884   ,  0.0214592  ,  0.0106889  ,  3.71523    ,  3.75531    ])
Iter time: 45.8729829788
Iter time: 88.3875482082
Iter time: 152.036880016
117     , -21659.4    , array([ 0.0645659  ,  0.187462   ,  0.20141    ,  0.336327   ,  3.91606    ,  2.76978    ,  0.13875    ,  0.140115   ,  0.02031    ,  0.010776   ,  3.67114    ,  3.72773    ])
Iter time: 45.3573200703
Iter time: 87.5712900162
Iter time: 150.668140173
118     , -21579.6    , array([ 0.0636487  ,  0.18489    ,  0.202506   ,  0.343344   ,  3.88992    ,  2.75597    ,  0.141694   ,  0.140946   ,  0.019188   ,  0.0104166  ,  3.69511    ,  3.69436    ])
Iter time: 45.511852026
Iter time: 87.8022680283
Iter time: 151.759042025
119     , -21492.7    , array([ 0.0632946  ,  0.185735   ,  0.201271   ,  0.340667   ,  3.89861    ,  2.74878    ,  0.14656    ,  0.140902   ,  0.0191612  ,  0.0101924  ,  3.66523    ,  3.69874    ])
Iter time: 47.3341197968
Iter time: 91.3349010944
Iter time: 157.267322063
120     , -21369.5    , array([ 0.0633339  ,  0.18814    ,  0.193191   ,  0.337524   ,  3.76091    ,  2.74945    ,  0.154957   ,  0.138872   ,  0.0182286  ,  0.0102308  ,  3.64205    ,  3.66455    ])
Iter time: 46.0188500881
Iter time: 88.7646389008
Iter time: 152.72550106
121     , -21219.3    , array([ 0.0631753  ,  0.186606   ,  0.199628   ,  0.335551   ,  3.87554    ,  2.75806    ,  0.16197    ,  0.141408   ,  0.0182651  ,  0.0100432  ,  3.64506    ,  3.6753     ])
Iter time: 45.954185009
Iter time: 88.7226171494
Iter time: 152.280668974
123     , -21968.3    , array([ 0.0637827  ,  0.184927   ,  0.198896   ,  0.348996   ,  3.82539    ,  2.74018    ,  0.123033   ,  0.1393     ,  0.0204945  ,  0.0104996  ,  3.69474    ,  3.73108    ])
Iter time: 45.424079895
Iter time: 87.7053349018
Iter time: 150.855854034
124     , -21085.6    , array([ 0.0635161  ,  0.187602   ,  0.202457   ,  0.336319   ,  3.89174    ,  2.76057    ,  0.168409   ,  0.142768   ,  0.0173008  ,  0.0101901  ,  3.63471    ,  3.72609    ])
Iter time: 45.0417129993
Iter time: 87.098441124
Iter time: 149.513911963
125     , -20480.9    , array([ 0.0634679  ,  0.189351   ,  0.205278   ,  0.329286   ,  3.93743    ,  2.77383    ,  0.205687   ,  0.145693   ,  0.015377   ,  0.0100639  ,  3.59684    ,  3.74217    ])
Iter time: 45.3424961567
Iter time: 87.570827961
Iter time: 150.693122149
126     , -20976      , array([ 0.0605823  ,  0.186266   ,  0.202914   ,  0.333028   ,  3.91045    ,  2.75556    ,  0.175451   ,  0.140453   ,  0.0168062  ,  0.01059    ,  3.63262    ,  3.6961     ])
Iter time: 47.0664219856
Iter time: 90.9982061386
Iter time: 156.232499838
127     , -20870.3    , array([ 0.0637234  ,  0.188628   ,  0.199642   ,  0.336243   ,  3.96033    ,  2.82042    ,  0.18733    ,  0.140389   ,  0.016421   ,  0.0101696  ,  3.63532    ,  3.68325    ])
Iter time: 45.9345829487
Iter time: 88.6359620094
Iter time: 152.302983046
128     , -20711      , array([ 0.0625453  ,  0.188363   ,  0.20212    ,  0.330523   ,  3.93487    ,  2.78373    ,  0.193865   ,  0.141608   ,  0.0162491  ,  0.0101036  ,  3.6162     ,  3.67765    ])
Iter time: 45.403427124
Iter time: 87.4931910038
Iter time: 150.483961105
129     , -20582.2    , array([ 0.0681783  ,  0.182266   ,  0.201907   ,  0.325486   ,  3.93017    ,  2.74571    ,  0.201722   ,  0.139967   ,  0.0147925  ,  0.0101323  ,  3.60615    ,  3.67226    ])
Iter time: 46.1797659397
Iter time: 89.1238880157
Iter time: 153.248300076
130     , -20348.5    , array([ 0.0623526  ,  0.184826   ,  0.202909   ,  0.327716   ,  4.0128     ,  2.81031    ,  0.216799   ,  0.149817   ,  0.0144605  ,  0.0102507  ,  3.58489    ,  3.61084    ])
Iter time: 46.5533461571
Iter time: 89.7908399105
Iter time: 154.424553156
131     , -19503.4    , array([ 0.0610262  ,  0.183634   ,  0.204879   ,  0.319351   ,  4.12977    ,  2.85691    ,  0.28275    ,  0.159067   ,  0.0120652  ,  0.0102397  ,  3.5294     ,  3.53182    ])
Iter time: 46.059844017
Iter time: 88.9531509876
Iter time: 152.83022809
132     , -20225.5    , array([ 0.0629024  ,  0.196628   ,  0.201869   ,  0.317446   ,  3.98902    ,  2.79059    ,  0.226695   ,  0.14618    ,  0.0139081  ,  0.0104309  ,  3.59207    ,  3.63538    ])
Iter time: 45.8749289513
Iter time: 88.4857709408
Iter time: 152.343047142
134     , -21263.1    , array([ 0.0639383  ,  0.187399   ,  0.201374   ,  0.334197   ,  3.92182    ,  2.77218    ,  0.159738   ,  0.14164    ,  0.0180879  ,  0.0105068  ,  3.64701    ,  3.69788    ])
Iter time: 46.5882139206
Iter time: 89.8620610237
Iter time: 154.569041014
135     , -20028.2    , array([ 0.0630344  ,  0.19024    ,  0.19999    ,  0.319744   ,  3.97103    ,  2.79604    ,  0.243494   ,  0.145573   ,  0.0133916  ,  0.0100893  ,  3.54462    ,  3.64293    ])
Iter time: 46.5863220692
Iter time: 89.9591958523
Iter time: 154.644870996
136     , -19870.8    , array([ 0.0633434  ,  0.190133   ,  0.201003   ,  0.31887    ,  3.97434    ,  2.81133    ,  0.256195   ,  0.146412   ,  0.012633   ,  0.0102938  ,  3.55365    ,  3.62941    ])
Iter time: 44.697468996
Iter time: 86.424186945
Iter time: 148.659822226
137     , -19733      , array([ 0.0633058  ,  0.188033   ,  0.210798   ,  0.318805   ,  4.15794    ,  2.82109    ,  0.263493   ,  0.149867   ,  0.0124922  ,  0.0102657  ,  3.56165    ,  3.6574     ])
Iter time: 46.2380120754
Iter time: 88.5634198189
Iter time: 152.343934059
139     , -20862.7    , array([ 0.063602   ,  0.187769   ,  0.201973   ,  0.33045    ,  3.9477     ,  2.78063    ,  0.183445   ,  0.143283   ,  0.0162684  ,  0.0103667  ,  3.62067    ,  3.67769    ])
Iter time: 45.8590130806
Iter time: 88.211176157
Iter time: 151.982588053
140     , -19576      , array([ 0.0634307  ,  0.189881   ,  0.205962   ,  0.317358   ,  4.08701    ,  2.82433    ,  0.279758   ,  0.148897   ,  0.0114973  ,  0.0104723  ,  3.54073    ,  3.64041    ])
Iter time: 46.0874400139
Iter time: 89.0203051567
Iter time: 152.972312927
141     , -19465.1    , array([ 0.062271   ,  0.188904   ,  0.205248   ,  0.312183   ,  4.064      ,  2.8354     ,  0.290818   ,  0.147285   ,  0.013851   ,  0.0102005  ,  3.54867    ,  3.66224    ])
Iter time: 46.3358671665
Iter time: 89.2603030205
Iter time: 153.444982052
142     , -18631.7    , array([ 0.061319   ,  0.189408   ,  0.207343   ,  0.300195   ,  4.13585    ,  2.87483    ,  0.381045   ,  0.149064   ,  0.0135031  ,  0.0101346  ,  3.51208    ,  3.6676     ])
Iter time: 45.5995287895
Iter time: 88.3133308887
Iter time: 151.457023859
144     , -20544.1    , array([ 0.0619269  ,  0.187461   ,  0.203226   ,  0.327393   ,  3.96094    ,  2.78087    ,  0.203819   ,  0.143322   ,  0.0153122  ,  0.0104081  ,  3.60398    ,  3.67525    ])
Iter time: 44.5667109489
Iter time: 86.2403519154
Iter time: 148.35206604
145     , -19250.8    , array([ 0.0625834  ,  0.188505   ,  0.208129   ,  0.306713   ,  4.06462    ,  2.7859     ,  0.303505   ,  0.152883   ,  0.0117154  ,  0.0103293  ,  3.51173    ,  3.62472    ])
Iter time: 45.6518850327
Iter time: 88.0952420235
Iter time: 151.831552029
146     , -18976.4    , array([ 0.0625343  ,  0.189491   ,  0.206758   ,  0.308237   ,  4.0975     ,  2.82666    ,  0.337063   ,  0.151423   ,  0.0111956  ,  0.0101268  ,  3.50804    ,  3.62143    ])
Iter time: 45.6174459457
Iter time: 87.8938429356
Iter time: 151.214221954
147     , -18839.3    , array([ 0.063589   ,  0.189082   ,  0.207391   ,  0.304604   ,  4.13871    ,  2.83072    ,  0.349747   ,  0.154935   ,  0.0105341  ,  0.0103944  ,  3.49464    ,  3.61218    ])
Iter time: 46.1855919361
Iter time: 89.0045249462
Iter time: 153.070067883
148     , -18674.8    , array([ 0.0576615  ,  0.196606   ,  0.208539   ,  0.305919   ,  4.17951    ,  2.88454    ,  0.368411   ,  0.159428   ,  0.0109349  ,  0.0104093  ,  3.48608    ,  3.60756    ])
Iter time: 45.7037580013
Iter time: 88.1536159515
Iter time: 151.642455101
150     , -20021      , array([ 0.0621272  ,  0.188753   ,  0.204428   ,  0.32051    ,  4.01565    ,  2.80179    ,  0.241605   ,  0.146971   ,  0.0137607  ,  0.0103388  ,  3.56973    ,  3.65463    ])
Iter time: 45.4389209747
Iter time: 87.8912301064
Iter time: 150.760823011
152     , -19970      , array([ 0.0628394  ,  0.189677   ,  0.205422   ,  0.321074   ,  4.007      ,  2.79941    ,  0.244343   ,  0.148235   ,  0.0137261  ,  0.0101778  ,  3.56506    ,  3.68412    ])
Iter time: 45.6689729691
Iter time: 87.9083170891
Iter time: 151.209280968
153     , -18614.7    , array([ 0.0615293  ,  0.182503   ,  0.209942   ,  0.309332   ,  4.17165    ,  2.8618     ,  0.37633    ,  0.155975   ,  0.0107702  ,  0.0101155  ,  3.47165    ,  3.62661    ])
Iter time: 44.9317638874
Iter time: 86.5663030148
Iter time: 148.961647987
155     , -18577.7    , array([ 0.0611536  ,  0.187331   ,  0.213637   ,  0.305419   ,  4.22512    ,  2.86731    ,  0.376734   ,  0.158437   ,  0.0107867  ,  0.0104624  ,  3.50594    ,  3.61639    ])
Iter time: 45.5794019699
Iter time: 88.1404678822
Iter time: 151.456952095
157     , -18346.9    , array([ 0.0618835  ,  0.188569   ,  0.210539   ,  0.30225    ,  4.21373    ,  2.87247    ,  0.408858   ,  0.158907   ,  0.0100799  ,  0.0102302  ,  3.47084    ,  3.59849    ])
Iter time: 45.5302090645
Iter time: 87.8123440742
Iter time: 151.029735804
160     , -19511.9    , array([ 0.0623811  ,  0.189122   ,  0.206651   ,  0.315327   ,  4.06842    ,  2.82113    ,  0.283129   ,  0.150948   ,  0.012552   ,  0.0102331  ,  3.53848    ,  3.65159    ])
Iter time: 44.5908398628
Iter time: 85.9834210873
Iter time: 147.896739006
161     , -18166.8    , array([ 0.0603861  ,  0.186851   ,  0.216001   ,  0.3002     ,  4.31015    ,  2.87671    ,  0.427174   ,  0.162195   ,  0.0104178  ,  0.0102736  ,  3.46854    ,  3.61299    ])
Iter time: 46.4844388962
Iter time: 89.5212259293
Iter time: 154.024991989
163     , -18060.5    , array([ 0.0599484  ,  0.18874    ,  0.206803   ,  0.297268   ,  4.14459    ,  2.8761     ,  0.450173   ,  0.160558   ,  0.0102212  ,  0.0103031  ,  3.4455     ,  3.57805    ])
Iter time: 45.5057969093
Iter time: 87.734842062
Iter time: 151.076974154
165     , -17959      , array([ 0.0592699  ,  0.186714   ,  0.211803   ,  0.295386   ,  4.22637    ,  2.88151    ,  0.458985   ,  0.163647   ,  0.01089    ,  0.0100725  ,  3.45015    ,  3.58441    ])
Iter time: 45.618448019
Iter time: 88.1313390732
Iter time: 151.167561054
168     , -19071      , array([ 0.0617141  ,  0.188605   ,  0.207967   ,  0.309873   ,  4.11856    ,  2.83941    ,  0.324997   ,  0.154019   ,  0.0117813  ,  0.010245   ,  3.51304    ,  3.62909    ])
Iter time: 44.5384581089
Iter time: 85.8795480728
Iter time: 147.792294025
169     , -17725.4    , array([ 0.0611963  ,  0.193514   ,  0.214332   ,  0.28891    ,  4.20733    ,  2.8558     ,  0.503764   ,  0.154428   ,  0.0100945  ,  0.010275   ,  3.444      ,  3.69992    ])
Iter time: 46.3837471008
Iter time: 89.4223151207
Iter time: 153.709167004
171     , -17707.8    , array([ 0.0594512  ,  0.18934    ,  0.212021   ,  0.297831   ,  4.29942    ,  2.94071    ,  0.510671   ,  0.160944   ,  0.0101411  ,  0.010177   ,  3.45011    ,  3.61745    ])
Iter time: 45.6183030605
Iter time: 87.9072170258
Iter time: 151.214455843
174     , -18710      , array([ 0.0612592  ,  0.188794   ,  0.209182   ,  0.305527   ,  4.15679    ,  2.85498    ,  0.364497   ,  0.155719   ,  0.0112614  ,  0.0102461  ,  3.49424    ,  3.6246     ])
Iter time: 45.5880060196
Iter time: 87.8184380531
Iter time: 151.037156105
175     , -17701.4    , array([ 0.0589259  ,  0.18836    ,  0.21453    ,  0.293974   ,  4.30587    ,  2.92013    ,  0.502307   ,  0.164457   ,  0.0103602  ,  0.0103892  ,  3.4411     ,  3.61933    ])
Iter time: 45.5923650265
Iter time: 87.8967280388
Iter time: 151.407834053
177     , -17651.5    , array([ 0.0572177  ,  0.188648   ,  0.215086   ,  0.295725   ,  4.29124    ,  2.93109    ,  0.514197   ,  0.162335   ,  0.0109803  ,  0.0101208  ,  3.4454     ,  3.62979    ])
Iter time: 45.5857791901
Iter time: 87.8535470963
Iter time: 151.106123924
179     , -17602.5    , array([ 0.058722   ,  0.188911   ,  0.214236   ,  0.293233   ,  4.2953     ,  2.91896    ,  0.52251    ,  0.162641   ,  0.0102279  ,  0.0102463  ,  3.43773    ,  3.61822    ])
Iter time: 44.9641070366
Iter time: 86.718585968
Iter time: 149.065002918
181     , -17467.2    , array([ 0.0625756  ,  0.180202   ,  0.215864   ,  0.290798   ,  4.29144    ,  2.89476    ,  0.547961   ,  0.159386   ,  0.0104167  ,  0.0100592  ,  3.43776    ,  3.6371     ])
Iter time: 45.8611798286
Iter time: 88.4509029388
Iter time: 152.048854113
184     , -18294.2    , array([ 0.0607418  ,  0.188424   ,  0.210095   ,  0.298831   ,  4.19163    ,  2.88306    ,  0.420081   ,  0.154579   ,  0.0118756  ,  0.0101804  ,  3.48376    ,  3.64361    ])
Iter time: 45.3400278091
Iter time: 87.4134039879
Iter time: 150.310086966
185     , -17286      , array([ 0.0587145  ,  0.193549   ,  0.215891   ,  0.284426   ,  4.32952    ,  2.92474    ,  0.580457   ,  0.164497   ,  0.0102945  ,  0.0103495  ,  3.44177    ,  3.61577    ])
Iter time: 45.2082250118
Iter time: 87.1703288555
Iter time: 150.430709124
186     , -16684.1    , array([ 0.0573557  ,  0.19932    ,  0.218928   ,  0.272736   ,  4.41068    ,  2.95672    ,  0.720892   ,  0.168931   ,  0.0100645  ,  0.0104685  ,  3.42693    ,  3.61037    ])
Iter time: 46.2240619659
Iter time: 88.836165905
Iter time: 152.799426079
187     , -17022.1    , array([ 0.0584472  ,  0.190521   ,  0.213025   ,  0.282687   ,  4.30546    ,  2.93409    ,  0.646066   ,  0.163681   ,  0.0101607  ,  0.0100073  ,  3.39518    ,  3.62499    ])
Iter time: 45.4401788712
Iter time: 87.6447291374
Iter time: 150.618746042
188     , -17016.6    , array([ 0.0572105  ,  0.189595   ,  0.216583   ,  0.282484   ,  4.33262    ,  2.9392     ,  0.642476   ,  0.164004   ,  0.0108876  ,  0.0101969  ,  3.41694    ,  3.64747    ])
Iter time: 45.6547949314
Iter time: 88.0352709293
Iter time: 151.367255926
190     , -17919      , array([ 0.0599684  ,  0.188801   ,  0.212079   ,  0.294805   ,  4.23784    ,  2.89666    ,  0.472294   ,  0.15836    ,  0.0111136  ,  0.0101976  ,  3.46092    ,  3.6334     ])
Iter time: 46.6781709194
Iter time: 89.8198540211
Iter time: 154.499803066
191     , -16949.2    , array([ 0.0579797  ,  0.191868   ,  0.211531   ,  0.280907   ,  4.24713    ,  2.94772    ,  0.671192   ,  0.161626   ,  0.0104956  ,  0.010144   ,  3.40694    ,  3.63689    ])
Iter time: 44.7282910347
Iter time: 86.3967838287
Iter time: 148.407702208
192     , -16862      , array([ 0.0580789  ,  0.190469   ,  0.221773   ,  0.281014   ,  4.43481    ,  2.96045    ,  0.680742   ,  0.163455   ,  0.0107448  ,  0.0100888  ,  3.42329    ,  3.6824     ])
Iter time: 45.5342929363
Iter time: 87.8264632225
Iter time: 151.636561155
193     , -16789.6    , array([ 0.0585455  ,  0.193175   ,  0.218205   ,  0.280464   ,  4.38403    ,  2.96823    ,  0.713008   ,  0.160338   ,  0.0100624  ,  0.0103226  ,  3.41423    ,  3.69243    ])
Iter time: 45.7029891014
Iter time: 87.8785870075
Iter time: 151.116718054
195     , -17581.2    , array([ 0.0593757  ,  0.189539   ,  0.213778   ,  0.290691   ,  4.27707    ,  2.91353    ,  0.528789   ,  0.160245   ,  0.0107414  ,  0.0102024  ,  3.44455    ,  3.63815    ])
Iter time: 46.7252120972
Iter time: 89.982405901
Iter time: 154.778599977
196     , -16784.7    , array([ 0.0561924  ,  0.186453   ,  0.216562   ,  0.284668   ,  4.44099    ,  3.01721    ,  0.701438   ,  0.171314   ,  0.0107882  ,  0.0101276  ,  3.41269    ,  3.57672    ])
Iter time: 44.888035059
Iter time: 86.5628910065
Iter time: 148.876165867
197     , -16658.9    , array([ 0.0573009  ,  0.190077   ,  0.219697   ,  0.274069   ,  4.36939    ,  2.94266    ,  0.72954    ,  0.166098   ,  0.0108499  ,  0.010217   ,  3.40046    ,  3.65137    ])
Iter time: 44.2261800766
Iter time: 85.2279441357
Iter time: 146.808919907
198     , -16187.8    , array([ 0.0562551  ,  0.190447   ,  0.223639   ,  0.26291    ,  4.4048     ,  2.94364    ,  0.871973   ,  0.168736   ,  0.0112226  ,  0.010237   ,  3.3759     ,  3.66844    ])
Iter time: 45.518928051
Iter time: 87.7737150192
Iter time: 150.914500952
200     , -17362      , array([ 0.0585321  ,  0.18912    ,  0.21555    ,  0.288464   ,  4.32414    ,  2.93187    ,  0.566582   ,  0.164154   ,  0.0104594  ,  0.0102863  ,  3.4304     ,  3.62888    ])
Iter time: 45.4578199387
Iter time: 87.5504570007
Iter time: 150.952976942
201     , -16431.8    , array([ 0.0593033  ,  0.191204   ,  0.218151   ,  0.269811   ,  4.39993    ,  2.9564     ,  0.807245   ,  0.165688   ,  0.0100732  ,  0.0102762  ,  3.3918     ,  3.64699    ])
Iter time: 45.4479579926
Iter time: 87.5756280422
Iter time: 150.483932972
202     , -16298      , array([ 0.057879   ,  0.191322   ,  0.219679   ,  0.268354   ,  4.41344    ,  2.97499    ,  0.854132   ,  0.165889   ,  0.0107868  ,  0.0101552  ,  3.39176    ,  3.66348    ])
Iter time: 45.3724629879
Iter time: 87.4625611305
Iter time: 150.43722415
203     , -16122.2    , array([ 0.0569987  ,  0.190986   ,  0.221151   ,  0.267118   ,  4.45549    ,  2.99093    ,  0.914207   ,  0.169344   ,  0.0102783  ,  0.0101911  ,  3.37633    ,  3.64763    ])
Iter time: 49.0887238979
Iter time: 94.9261758327
Iter time: 162.853560925
204     , -15517.2    , array([ 0.0558462  ,  0.191713   ,  0.224932   ,  0.256058   ,  4.54747    ,  3.03039    ,  1.20206    ,  0.174085   ,  0.0100543  ,  0.0101854  ,  3.34273    ,  3.65237    ])
Iter time: 46.0340840816
Iter time: 88.7551150322
Iter time: 152.514389992
205     , -15911.8    , array([ 0.0530681  ,  0.202965   ,  0.220521   ,  0.261418   ,  4.48367    ,  3.03338    ,  1.00563    ,  0.172777   ,  0.0105364  ,  0.0103576  ,  3.36723    ,  3.65123    ])
Iter time: 45.5433938503
Iter time: 87.7747781277
Iter time: 150.926790953
206     , -15789.1    , array([ 0.055815   ,  0.195686   ,  0.221683   ,  0.259244   ,  4.47671    ,  3.01203    ,  1.07018    ,  0.169197   ,  0.0105061  ,  0.0101406  ,  3.36403    ,  3.66325    ])
Iter time: 44.9379620552
Iter time: 86.6612229347
Iter time: 149.023801088
207     , -15867.2    , array([ 0.0554684  ,  0.195114   ,  0.225805   ,  0.260751   ,  4.52546    ,  3.02292    ,  1.02087    ,  0.170626   ,  0.0108754  ,  0.0104464  ,  3.3937     ,  3.6736     ])
Iter time: 45.5256989002
Iter time: 87.7300028801
Iter time: 150.812341928
208     , -15705.7    , array([ 0.0563761  ,  0.197007   ,  0.223644   ,  0.257481   ,  4.52985    ,  3.03183    ,  1.10895    ,  0.171417   ,  0.0101474  ,  0.0102936  ,  3.36825    ,  3.65531    ])
Iter time: 47.4014539719
Iter time: 91.2930879593
Iter time: 156.961443901
209     , -15567.1    , array([ 0.0553688  ,  0.195533   ,  0.23112    ,  0.255195   ,  4.67093    ,  3.03728    ,  1.15416    ,  0.175653   ,  0.0104674  ,  0.0103725  ,  3.37172    ,  3.66903    ])
Iter time: 50.7720639706
Iter time: 97.8969972134
Iter time: 168.437220097
210     , -15451      , array([ 0.0548357  ,  0.197833   ,  0.221968   ,  0.251033   ,  4.5121     ,  3.03716    ,  1.24264    ,  0.175783   ,  0.0101802  ,  0.0104775  ,  3.34713    ,  3.62148    ])
Iter time: 53.3616600037
Iter time: 102.708216906
Iter time: 176.612746
212     , -15297.8    , array([ 0.0538085  ,  0.195837   ,  0.226242   ,  0.246922   ,  4.58631    ,  3.0408     ,  1.30149    ,  0.181969   ,  0.0108917  ,  0.0102657  ,  3.34493    ,  3.59999    ])
Iter time: 72.5840969086
Iter time: 139.909319878
Iter time: 240.694864988
213     , -14682.6    , array([ 0.0515857  ,  0.197182   ,  0.230372   ,  0.231686   ,  4.69092    ,  3.07775    ,  1.75838    ,  0.193855   ,  0.0113317  ,  0.0102374  ,  3.31081    ,  3.55464    ])
Iter time: 62.1660320759
Iter time: 119.882447958
Iter time: 206.294738054
214     , -15017.1    , array([ 0.0552682  ,  0.204798   ,  0.230319   ,  0.235066   ,  4.569      ,  3.00136    ,  1.54194    ,  0.173855   ,  0.0102425  ,  0.0104821  ,  3.32958    ,  3.71261    ])
Iter time: 70.0642871857
Iter time: 135.154911995
Iter time: 230.439363956
215     , -14864.2    , array([ 0.0538136  ,  0.192445   ,  0.229764   ,  0.239347   ,  4.62751    ,  3.07042    ,  1.70301    ,  0.177154   ,  0.011011   ,  0.010143   ,  3.29986    ,  3.69518    ])
Iter time: 71.3600990772
Iter time: 137.889482021
Iter time: 236.581681967
216     , -14805.9    , array([ 0.0512105  ,  0.200831   ,  0.232585   ,  0.237159   ,  4.67797    ,  3.09019    ,  1.72234    ,  0.182646   ,  0.011166   ,  0.0103104  ,  3.31881    ,  3.66608    ])
Iter time: 75.6863219738
Iter time: 146.066797972
Iter time: 251.306300879
217     , -14689.3    , array([ 0.0514111  ,  0.202336   ,  0.233175   ,  0.233585   ,  4.70912    ,  3.09038    ,  1.82963    ,  0.185375   ,  0.0104876  ,  0.0104597  ,  3.30684    ,  3.65001    ])
Iter time: 44.6369700432
Iter time: 86.0030250549
Iter time: 147.939204931
219     , -15720.1    , array([ 0.0551881  ,  0.194063   ,  0.22537    ,  0.2553     ,  4.49367    ,  2.99363    ,  1.0768     ,  0.172692   ,  0.0108946  ,  0.0102808  ,  3.35954    ,  3.66182    ])
Iter time: 72.7507119179
Iter time: 140.138727903
Iter time: 241.100342989
220     , -14739      , array([ 0.0555983  ,  0.191228   ,  0.234757   ,  0.234177   ,  4.689      ,  3.04886    ,  1.77845    ,  0.180781   ,  0.0106756  ,  0.0102793  ,  3.31821    ,  3.66095    ])
Iter time: 79.0592720509
Iter time: 152.019935846
Iter time: 262.098433018
221     , -14606.7    , array([ 0.0532131  ,  0.198257   ,  0.230754   ,  0.230607   ,  4.67327    ,  3.06377    ,  1.92171    ,  0.184833   ,  0.0103109  ,  0.0101646  ,  3.28001    ,  3.63657    ])
Iter time: 108.921045065
Iter time: 209.621087074
Iter time: 360.72740221
222     , -14103.7    , array([ 0.0521201  ,  0.199848   ,  0.233268   ,  0.216868   ,  4.74898    ,  3.0844     ,  2.63661    ,  0.192374   ,  0.0100397  ,  0.0100266  ,  3.22459    ,  3.61819    ])
Iter time: 87.9971280098
Iter time: 169.982569933
Iter time: 292.118564129
223     , -14404.1    , array([ 0.0522825  ,  0.198373   ,  0.237048   ,  0.22515    ,  4.77087    ,  3.08704    ,  2.13044    ,  0.190424   ,  0.0105928  ,  0.0104514  ,  3.28568    ,  3.63933    ])
Iter time: 98.9415199757
Iter time: 191.123121977
Iter time: 328.565819979
224     , -14285.8    , array([ 0.0524018  ,  0.200766   ,  0.235141   ,  0.223889   ,  4.80052    ,  3.12197    ,  2.37235    ,  0.189635   ,  0.0101674  ,  0.0103372  ,  3.27789    ,  3.63701    ])
Iter time: 108.417859077
Iter time: 208.754120111
Iter time: 359.303193092
225     , -14090      , array([ 0.0506763  ,  0.198389   ,  0.238944   ,  0.21688    ,  4.80847    ,  3.09772    ,  2.61485    ,  0.194289   ,  0.0109196  ,  0.0103317  ,  3.25463    ,  3.64045    ])
Iter time: 167.823173046
Iter time: 323.725566149
Iter time: 557.201453924
226     , -13512      , array([ 0.0480463  ,  0.199084   ,  0.246982   ,  0.199047   ,  4.95414    ,  3.13119    ,  4.01527    ,  0.206844   ,  0.0113275  ,  0.0103508  ,  3.19927    ,  3.63304    ])
Iter time: 128.242802858
Iter time: 247.469877005
Iter time: 425.917952061
227     , -13893.4    , array([ 0.0503928  ,  0.200485   ,  0.233787   ,  0.209945   ,  4.70921    ,  3.10789    ,  3.09267    ,  0.19484    ,  0.010726   ,  0.0102495  ,  3.22296    ,  3.62088    ])
Iter time: 145.121716976
Iter time: 279.978097916
Iter time: 481.567687988
228     , -13715      , array([ 0.0491136  ,  0.20601    ,  0.24177    ,  0.202427   ,  4.86531    ,  3.12809    ,  3.47597    ,  0.20032    ,  0.0112878  ,  0.0104486  ,  3.2312     ,  3.63214    ])
Iter time: 167.017922878
Iter time: 322.168807983
Iter time: 554.232977867
229     , -13551.4    , array([ 0.0491083  ,  0.20099    ,  0.248512   ,  0.199204   ,  4.96544    ,  3.13651    ,  3.99129    ,  0.202752   ,  0.0113418  ,  0.0101527  ,  3.20805    ,  3.66492    ])
Iter time: 160.677630901
Iter time: 310.187523127
Iter time: 533.742249012
230     , -13590.4    , array([ 0.0477738  ,  0.193548   ,  0.242556   ,  0.206946   ,  4.97208    ,  3.1973     ,  3.76904    ,  0.210323   ,  0.0114659  ,  0.0100943  ,  3.20503    ,  3.56726    ])
Iter time: 163.564720154
Iter time: 315.61726284
Iter time: 542.820502996
231     , -13515.8    , array([ 0.0481013  ,  0.206168   ,  0.245347   ,  0.198377   ,  4.96833    ,  3.14655    ,  3.89567    ,  0.212396   ,  0.0107378  ,  0.0104234  ,  3.21822    ,  3.56311    ])
Iter time: 185.007296085
Iter time: 357.093005896
Iter time: 612.572084188
232     , -13403      , array([ 0.0500213  ,  0.198425   ,  0.244539   ,  0.194337   ,  4.96431    ,  3.13585    ,  4.41325    ,  0.211256   ,  0.01052    ,  0.0102728  ,  3.18348    ,  3.57438    ])
Iter time: 298.465344191
Iter time: 574.194201946
Iter time: 987.418708086
233     , -12970.2    , array([ 0.0494372  ,  0.197233   ,  0.250745   ,  0.175919   ,  5.11398    ,  3.15893    ,  7.06446    ,  0.2272     ,  0.0102112  ,  0.0102541  ,  3.1179     ,  3.52939    ])
Iter time: 229.070388079
Iter time: 442.730314016
Iter time: 760.947824001
234     , -13195.7    , array([ 0.0451806  ,  0.209465   ,  0.244952   ,  0.187648   ,  5.02477    ,  3.1972     ,  5.37867    ,  0.221722   ,  0.010922   ,  0.0102997  ,  3.15119    ,  3.55763    ])
Iter time: 264.930253029
Iter time: 510.656221151
Iter time: 878.206315994
235     , -13069.4    , array([ 0.0478196  ,  0.199112   ,  0.248647   ,  0.181382   ,  5.05769    ,  3.17216    ,  6.25755    ,  0.222777   ,  0.0111933  ,  0.0100961  ,  3.13671    ,  3.55308    ])
Iter time: 343.648481131
Iter time: 662.909538031
Iter time: 1139.60178709
236     , -13002.3    , array([ 0.0470593  ,  0.204648   ,  0.254895   ,  0.175558   ,  5.14142    ,  3.20126    ,  8.04519    ,  0.218026   ,  0.0103384  ,  0.0102915  ,  3.10486    ,  3.64813    ])
Iter time: 354.602654934
Iter time: 684.711210012
Iter time: 1177.11079097
237     , -12923.9    , array([ 0.0456248  ,  0.204478   ,  0.250731   ,  0.173317   ,  5.11868    ,  3.21101    ,  8.28628    ,  0.227019   ,  0.0110147  ,  0.0100549  ,  3.09924    ,  3.56468    ])
Iter time: 389.551855087
Iter time: 751.991307974
Iter time: 1293.52029395
239     , -12820.9    , array([ 0.0444822  ,  0.202659   ,  0.255484   ,  0.167013   ,  5.14176    ,  3.19       ,  9.16599    ,  0.234903   ,  0.0116298  ,  0.0101192  ,  3.07772    ,  3.55502    ])
Iter time: 153.920418024
Iter time: 296.989636898
Iter time: 512.773105145
242     , -13634.2    , array([ 0.0498331  ,  0.200894   ,  0.24002    ,  0.202566   ,  4.87347    ,  3.12427    ,  3.69326    ,  0.203184   ,  0.0105127  ,  0.0101305  ,  3.19411    ,  3.60432    ])
Iter time: 383.632227182
Iter time: 740.00792098
Iter time: 1272.89100003
243     , -12829.6    , array([ 0.0449662  ,  0.203485   ,  0.262036   ,  0.169503   ,  5.34178    ,  3.2253     ,  8.91373    ,  0.238025   ,  0.0112597  ,  0.0102015  ,  3.1013     ,  3.55768    ])
Iter time: 186.649104834
Iter time: 360.373873949
Iter time: 620.974430084
245     , -13416.1    , array([ 0.0481746  ,  0.20388    ,  0.245444   ,  0.193974   ,  4.95912    ,  3.15103    ,  4.44301    ,  0.209198   ,  0.0111366  ,  0.0103261  ,  3.19072    ,  3.60746    ])
Iter time: 387.727769136
Iter time: 748.551120996
Iter time: 1286.74571395
246     , -12839.2    , array([ 0.0445554  ,  0.203153   ,  0.259644   ,  0.169329   ,  5.25799    ,  3.22938    ,  9.00587    ,  0.23605    ,  0.0115943  ,  0.0103131  ,  3.10743    ,  3.56222    ])
Iter time: 205.391141891
Iter time: 396.543836117
Iter time: 682.637052774
248     , -13313.9    , array([ 0.0473083  ,  0.198138   ,  0.246771   ,  0.194144   ,  5.02858    ,  3.18815    ,  4.83461    ,  0.215653   ,  0.0112563  ,  0.0101667  ,  3.17354    ,  3.57502    ])
Iter time: 428.378962994
Iter time: 826.835592985
Iter time: 1422.48621106
249     , -12764      , array([ 0.0444132  ,  0.204214   ,  0.253336   ,  0.165812   ,  5.21989    ,  3.23093    ,  9.94824    ,  0.243639   ,  0.0107532  ,  0.0103298  ,  3.07248    ,  3.48803    ])
Iter time: 217.752216101
Iter time: 419.994033098
Iter time: 722.704911947
252     , -13233.8    , array([ 0.0472391  ,  0.204293   ,  0.248446   ,  0.188464   ,  5.03969    ,  3.1684     ,  5.15194    ,  0.218517   ,  0.0108903  ,  0.0103278  ,  3.1725     ,  3.56608    ])
Iter time: 223.152085781
Iter time: 430.111875057
Iter time: 741.573410988
254     , -13225.7    , array([ 0.0471788  ,  0.200969   ,  0.249333   ,  0.188353   ,  5.03608    ,  3.16221    ,  5.28503    ,  0.216136   ,  0.011167   ,  0.0102908  ,  3.16204    ,  3.59811    ])
Iter time: 236.912739038
Iter time: 456.969440937
Iter time: 786.713503122
256     , -13180.4    , array([ 0.0472006  ,  0.203253   ,  0.248719   ,  0.18571    ,  5.04184    ,  3.17268    ,  5.59976    ,  0.217658   ,  0.0110737  ,  0.0102771  ,  3.15663    ,  3.58503    ])
Iter time: 249.975429058
Iter time: 482.786012888
Iter time: 831.215964079
258     , -13131.1    , array([ 0.0467699  ,  0.200583   ,  0.249472   ,  0.185447   ,  5.07759    ,  3.19067    ,  5.8772     ,  0.221075   ,  0.0111255  ,  0.0102021  ,  3.14742    ,  3.56929    ])
Iter time: 259.008779049
Iter time: 500.067733049
Iter time: 860.600043058
260     , -13092.4    , array([ 0.0467162  ,  0.20352    ,  0.25036    ,  0.182592   ,  5.08478    ,  3.1817     ,  6.1004     ,  0.222646   ,  0.0109529  ,  0.0102774  ,  3.14586    ,  3.56496    ])
Iter time: 264.367515087
Iter time: 509.170372963
Iter time: 875.889218092
262     , -13085.1    , array([ 0.0466672  ,  0.201963   ,  0.25085    ,  0.182302   ,  5.085      ,  3.1794     ,  6.21574    ,  0.221704   ,  0.0110822  ,  0.0102584  ,  3.14       ,  3.57955    ])
Iter time: 269.141923904
Iter time: 519.302730083
Iter time: 894.2709589
264     , -13066.1    , array([ 0.0457299  ,  0.205875   ,  0.248883   ,  0.181742   ,  5.0818     ,  3.1962     ,  6.30847    ,  0.22455    ,  0.0109666  ,  0.0102611  ,  3.13414    ,  3.56027    ])
Iter time: 429.254017115
Iter time: 827.751364946
Iter time: 1424.38952398
265     , -12793.8    , array([ 0.0451501  ,  0.201875   ,  0.257131   ,  0.166238   ,  5.24593    ,  3.22184    ,  9.97248    ,  0.238846   ,  0.0109317  ,  0.0101657  ,  3.07456    ,  3.53684    ])
Iter time: 288.652363062
Iter time: 558.114006042
Iter time: 960.095886946
267     , -13018.8    , array([ 0.0463977  ,  0.201625   ,  0.251492   ,  0.17969    ,  5.11707    ,  3.19521    ,  6.7748     ,  0.225238   ,  0.0110557  ,  0.0102101  ,  3.12827    ,  3.56371    ])
Iter time: 295.921259165
Iter time: 569.922480822
Iter time: 980.322581053
269     , -12998.8    , array([ 0.0463579  ,  0.203016   ,  0.251986   ,  0.178182   ,  5.12205    ,  3.19128    ,  6.93247    ,  0.226146   ,  0.0109739  ,  0.0102449  ,  3.12677    ,  3.5615     ])
Iter time: 299.734479904
Iter time: 578.090774059
Iter time: 993.290989876
271     , -12992.9    , array([ 0.0463207  ,  0.202282   ,  0.25228    ,  0.177871   ,  5.12371    ,  3.19062    ,  7.02959    ,  0.225854   ,  0.011034   ,  0.0102349  ,  3.12331    ,  3.56803    ])
Iter time: 301.903112173
Iter time: 582.405925035
Iter time: 1001.29476213
273     , -12982.2    , array([ 0.046827   ,  0.200981   ,  0.251322   ,  0.177277   ,  5.11269    ,  3.18776    ,  7.08746    ,  0.226529   ,  0.0110825  ,  0.0101594  ,  3.12111    ,  3.55543    ])
Iter time: 305.700676918
Iter time: 589.322335958
Iter time: 1013.90152311
275     , -12977.7    , array([ 0.0458377  ,  0.204161   ,  0.251543   ,  0.177269   ,  5.12616    ,  3.19946    ,  7.15085    ,  0.227512   ,  0.0109745  ,  0.0102378  ,  3.11929    ,  3.55883    ])
Iter time: 420.168292999
Iter time: 809.26612711
Iter time: 1392.1669898
276     , -12811.3    , array([ 0.045406   ,  0.203726   ,  0.257012   ,  0.166003   ,  5.22685    ,  3.21097    ,  9.78579    ,  0.236306   ,  0.0108963  ,  0.0102237  ,  3.07947    ,  3.55026    ])
Iter time: 364.937463999
Iter time: 703.341473103
Iter time: 1209.7241559
277     , -12762.8    , array([ 0.0445016  ,  0.200565   ,  0.25393    ,  0.168332   ,  5.21641    ,  3.20653    ,  8.51398    ,  0.24742    ,  0.0117548  ,  0.0101318  ,  3.09844    ,  3.45242    ])
Iter time: 374.920082092
Iter time: 724.619621038
Iter time: 1246.29914308
278     , -12640.9    , array([ 0.0432753  ,  0.198554   ,  0.253448   ,  0.164831   ,  5.25432    ,  3.20917    ,  8.75851    ,  0.263572   ,  0.0125343  ,  0.0100529  ,  3.09524    ,  3.35854    ])
Iter time: 326.894819975
Iter time: 630.35298419
Iter time: 1084.84816003
280     , -12922.8    , array([ 0.0459274  ,  0.202618   ,  0.253257   ,  0.174449   ,  5.15581    ,  3.19832    ,  7.64878    ,  0.230649   ,  0.0110599  ,  0.0102201  ,  3.11287    ,  3.54653    ])
Iter time: 330.914119005
Iter time: 636.89200902
Iter time: 1095.99205303
282     , -12917.7    , array([ 0.0458927  ,  0.202265   ,  0.253446   ,  0.174156   ,  5.15799    ,  3.19832    ,  7.72931    ,  0.230702   ,  0.0110913  ,  0.0102144  ,  3.11071    ,  3.54888    ])
Iter time: 332.214279175
Iter time: 641.726562023
Iter time: 1103.95141506
284     , -12910      , array([ 0.0461041  ,  0.201668   ,  0.253053   ,  0.173737   ,  5.15433    ,  3.19732    ,  7.78915    ,  0.231222   ,  0.011116   ,  0.010179   ,  3.10919    ,  3.54234    ])
Iter time: 335.595548153
Iter time: 648.080554962
Iter time: 1114.31313896
286     , -12905.3    , array([ 0.0456255  ,  0.203153   ,  0.253227   ,  0.173587   ,  5.1623     ,  3.20309    ,  7.85182    ,  0.23188    ,  0.0110676  ,  0.0102157  ,  3.10786    ,  3.54335    ])
Iter time: 333.594928026
Iter time: 643.276039839
Iter time: 1106.48962617
288     , -12898.8    , array([ 0.0472249  ,  0.199922   ,  0.252929   ,  0.172829   ,  5.15818    ,  3.18458    ,  7.83869    ,  0.231917   ,  0.0107117  ,  0.0102222  ,  3.10675    ,  3.52924    ])
Iter time: 387.56582284
Iter time: 747.291915894
Iter time: 1285.79411793
289     , -12745.6    , array([ 0.0448612  ,  0.200082   ,  0.259987   ,  0.166261   ,  5.29501    ,  3.20547    ,  9.04558    ,  0.247744   ,  0.01141    ,  0.0103564  ,  3.09328    ,  3.48805    ])
Iter time: 351.196255922
Iter time: 676.329219818
Iter time: 1163.53499484
291     , -12869.2    , array([ 0.0455385  ,  0.202337   ,  0.254563   ,  0.171741   ,  5.18665    ,  3.20357    ,  8.19465    ,  0.234577   ,  0.0111495  ,  0.0102179  ,  3.10374    ,  3.53388    ])
Iter time: 352.882236004
Iter time: 681.681917191
Iter time: 1172.43017292
293     , -12865      , array([ 0.0455066  ,  0.202164   ,  0.254705   ,  0.171496   ,  5.18894    ,  3.20379    ,  8.25776    ,  0.234767   ,  0.0111677  ,  0.0102153  ,  3.10237    ,  3.53443    ])
Iter time: 355.33848691
Iter time: 685.924916983
Iter time: 1179.79022312
295     , -12859.6    , array([ 0.0455865  ,  0.201885   ,  0.254576   ,  0.171197   ,  5.18855    ,  3.20356    ,  8.30987    ,  0.235181   ,  0.0111823  ,  0.010199   ,  3.10133    ,  3.53084    ])
Iter time: 357.598166943
Iter time: 692.569734812
Iter time: 1188.5658021
297     , -12855.7    , array([ 0.0453476  ,  0.202575   ,  0.25472    ,  0.171024   ,  5.19365    ,  3.20647    ,  8.36297    ,  0.235653   ,  0.0111627  ,  0.0102167  ,  3.10039    ,  3.53082    ])
Iter time: 358.296826124
Iter time: 690.487901926
Iter time: 1187.93801308
299     , -12850.6    , array([ 0.0460577  ,  0.201068   ,  0.254645   ,  0.170576   ,  5.19306    ,  3.1981     ,  8.37854    ,  0.23583    ,  0.0110006  ,  0.0102198  ,  3.09958    ,  3.52385    ])
Iter time: 422.276348829
Iter time: 814.966867924
Iter time: 1402.27134514
300     , -12747.1    , array([ 0.0443926  ,  0.201891   ,  0.258209   ,  0.164844   ,  5.27113    ,  3.2189     ,  9.82343    ,  0.245372   ,  0.0114217  ,  0.0102169  ,  3.08045    ,  3.50147    ])
Iter time: 371.095682859
Iter time: 717.082225084
Iter time: 1232.67585087
302     , -12829      , array([ 0.0451867  ,  0.202128   ,  0.255686   ,  0.169589   ,  5.2122     ,  3.20813    ,  8.67004    ,  0.237764   ,  0.0112366  ,  0.0102164  ,  3.0963     ,  3.52464    ])
Iter time: 373.880624056
Iter time: 720.337415934
Iter time: 1239.12763906
304     , -12825      , array([ 0.0452098  ,  0.201998   ,  0.255668   ,  0.169375   ,  5.21299    ,  3.20821    ,  8.71275    ,  0.238082   ,  0.0112462  ,  0.010209   ,  3.09557    ,  3.5226     ])
Iter time: 375.680526972
Iter time: 724.174813986
Iter time: 1245.50802922
306     , -12822      , array([ 0.0450855  ,  0.202319   ,  0.25578    ,  0.169221   ,  5.21637    ,  3.20974    ,  8.75547    ,  0.238423   ,  0.0112399  ,  0.0102176  ,  3.09491    ,  3.52224    ])
Iter time: 375.84510994
Iter time: 727.060998917
Iter time: 1247.51497293
308     , -12818.4    , array([ 0.0453967  ,  0.201617   ,  0.25579    ,  0.168943   ,  5.21704    ,  3.20603    ,  8.7797     ,  0.23862    ,  0.011168   ,  0.010219   ,  3.0943     ,  3.5187     ])
Iter time: 399.939563036
Iter time: 773.146119118
Iter time: 1325.49947286
309     , -12733.4    , array([ 0.0450762  ,  0.200934   ,  0.25363    ,  0.165281   ,  5.21754    ,  3.19479    ,  9.35871    ,  0.247407   ,  0.0110181  ,  0.0101087  ,  3.06859    ,  3.45847    ])
Iter time: 406.527987957
Iter time: 783.236118078
Iter time: 1346.713346
310     , -12727.6    , array([ 0.0446825  ,  0.200185   ,  0.249953   ,  0.164419   ,  5.11559    ,  3.19377    ,  9.53253    ,  0.246941   ,  0.0113045  ,  0.0102037  ,  3.06923    ,  3.4466     ])
Iter time: 426.05777216
Iter time: 822.121155024
Iter time: 1413.54382682
311     , -12714.3    , array([ 0.0443814  ,  0.201205   ,  0.255194   ,  0.16349    ,  5.22644    ,  3.20846    ,  9.95659    ,  0.248778   ,  0.0113391  ,  0.0101867  ,  3.06969    ,  3.46594    ])
Iter time: 386.766764879
Iter time: 746.798424006
Iter time: 1284.55926299
313     , -12792.4    , array([ 0.0449609  ,  0.201799   ,  0.255534   ,  0.16769    ,  5.21671    ,  3.20826    ,  9.04743    ,  0.241072   ,  0.0112708  ,  0.0102044  ,  3.08818    ,  3.50649    ])
Iter time: 388.43364501
Iter time: 750.015293121
Iter time: 1291.87720609
315     , -12789.7    , array([ 0.0448938  ,  0.201937   ,  0.25558    ,  0.16755    ,  5.21842    ,  3.20897    ,  9.08199    ,  0.241356   ,  0.0112689  ,  0.0102081  ,  3.08757    ,  3.50566    ])
Iter time: 416.588685989
Iter time: 803.304218054
Iter time: 1382.40599704
316     , -12689.3    , array([ 0.0449938  ,  0.20034    ,  0.255292   ,  0.164875   ,  5.31346    ,  3.22968    ,  9.66764    ,  0.255276   ,  0.0109183  ,  0.0102936  ,  3.08443    ,  3.41652    ])
Iter time: 390.605336905
Iter time: 755.136444092
Iter time: 1300.31125402
318     , -12781.3    , array([ 0.0450491  ,  0.201503   ,  0.255568   ,  0.167265   ,  5.22596    ,  3.20889    ,  9.12763    ,  0.242409   ,  0.0112075  ,  0.0102156  ,  3.08727    ,  3.49755    ])
Iter time: 389.823911905
Iter time: 751.377316952
Iter time: 1293.15595412
319     , -12674.6    , array([ 0.0439551  ,  0.198716   ,  0.253454   ,  0.165414   ,  5.24279    ,  3.21217    ,  9.09572    ,  0.257724   ,  0.0116641  ,  0.0101993  ,  3.08233    ,  3.39587    ])
Iter time: 375.181158066
Iter time: 723.484812975
Iter time: 1246.09042382
320     , -12675.6    , array([ 0.0440071  ,  0.200012   ,  0.252729   ,  0.165043   ,  5.22321    ,  3.19973    ,  8.7896     ,  0.258236   ,  0.0117526  ,  0.0102633  ,  3.08855    ,  3.38572    ])
Iter time: 412.989353895
Iter time: 797.413765192
Iter time: 1372.85494614
321     , -12653.5    , array([ 0.0440347  ,  0.199791   ,  0.253841   ,  0.163181   ,  5.25355    ,  3.21185    ,  9.64171    ,  0.258801   ,  0.0114788  ,  0.0102342  ,  3.07499    ,  3.39514    ])
Iter time: 415.479153872
Iter time: 803.79655695
Iter time: 1379.57291412
322     , -12633.4    , array([ 0.0439586  ,  0.199299   ,  0.253507   ,  0.1626     ,  5.25771    ,  3.21163    ,  9.70124    ,  0.261521   ,  0.0115161  ,  0.0102348  ,  3.07351    ,  3.37786    ])
Iter time: 417.605887175
Iter time: 806.246332884
Iter time: 1386.95872402
324     , -12617.1    , array([ 0.0436286  ,  0.199362   ,  0.253176   ,  0.162111   ,  5.25542    ,  3.21216    ,  9.75128    ,  0.263699   ,  0.0116318  ,  0.0102305  ,  3.07152    ,  3.36609    ])
Iter time: 380.672457933
Iter time: 731.354639053
Iter time: 1260.90378404
326     , -12612.6    , array([ 0.044122   ,  0.195929   ,  0.25538    ,  0.162917   ,  5.26749    ,  3.18716    ,  8.91716    ,  0.265851   ,  0.012283   ,  0.0101011  ,  3.08614    ,  3.35533    ])
Iter time: 378.735922813
Iter time: 730.581648111
Iter time: 1233.1786859
328     , -12607.5    , array([ 0.0440975  ,  0.197196   ,  0.250101   ,  0.163553   ,  5.21567    ,  3.19379    ,  8.88593    ,  0.267523   ,  0.011705   ,  0.0101933  ,  3.0791     ,  3.31878    ])
Iter time: 358.817187786
Iter time: 693.559499979
Iter time: 1193.34861302
329     , -12541.7    , array([ 0.0439508  ,  0.194889   ,  0.246144   ,  0.162911   ,  5.18816    ,  3.18131    ,  8.45129    ,  0.279337   ,  0.0118493  ,  0.0101815  ,  3.07843    ,  3.23105    ])
Iter time: 408.008730888
Iter time: 786.629328012
Iter time: 1352.53361893
330     , -12571      , array([ 0.043488   ,  0.198108   ,  0.246136   ,  0.16161    ,  5.17455    ,  3.20313    ,  9.54138    ,  0.270316   ,  0.0117911  ,  0.0100275  ,  3.06387    ,  3.28932    ])
Iter time: 396.705658197
Iter time: 765.496994972
Iter time: 1319.59258986
331     , -12554.9    , array([ 0.0430227  ,  0.196804   ,  0.251047   ,  0.161961   ,  5.24415    ,  3.21523    ,  9.25189    ,  0.274708   ,  0.0123493  ,  0.0102595  ,  3.08774    ,  3.28985    ])
Iter time: 389.215813875
Iter time: 749.609940052
Iter time: 1291.14458799
332     , -12531.7    , array([ 0.0431287  ,  0.19698    ,  0.254925   ,  0.162401   ,  5.37083    ,  3.21985    ,  9.03807    ,  0.280158   ,  0.012215   ,  0.0101732  ,  3.09018    ,  3.27567    ])
Iter time: 380.182097197
Iter time: 733.336445093
Iter time: 1261.12511396
333     , -12431.5    , array([ 0.0423722  ,  0.195398   ,  0.257449   ,  0.161402   ,  5.50318    ,  3.23298    ,  8.80054    ,  0.298406   ,  0.0126974  ,  0.0101579  ,  3.10071    ,  3.19341    ])
Iter time: 362.58257103
Iter time: 700.270323038
Iter time: 1207.21437097
334     , -12504.9    , array([ 0.0430874  ,  0.195028   ,  0.250056   ,  0.162975   ,  5.30232    ,  3.20918    ,  8.47694    ,  0.28665    ,  0.0124095  ,  0.0101853  ,  3.09491    ,  3.21322    ])
Iter time: 362.87519908
Iter time: 700.080778837
Iter time: 1204.66436005
335     , -12498.2    , array([ 0.0421953  ,  0.194994   ,  0.249099   ,  0.161294   ,  5.21365    ,  3.18471    ,  8.54115    ,  0.284802   ,  0.0131657  ,  0.0100618  ,  3.08186    ,  3.22655    ])
Iter time: 402.044909954
Iter time: 774.730653048
Iter time: 1328.95752597
336     , -12477.6    , array([ 0.0428402  ,  0.194488   ,  0.251019   ,  0.160514   ,  5.30212    ,  3.21199    ,  9.34957    ,  0.28617    ,  0.0124647  ,  0.0100582  ,  3.07663    ,  3.22988    ])
Iter time: 387.898421049
Iter time: 747.52054286
Iter time: 1285.65290594
337     , -12445.2    , array([ 0.0427076  ,  0.195056   ,  0.249898   ,  0.159353   ,  5.29223    ,  3.19952    ,  9.07646    ,  0.291787   ,  0.012699   ,  0.0100978  ,  3.08189    ,  3.19344    ])
Iter time: 362.60127902
Iter time: 698.955892086
Iter time: 1202.48269391
338     , -12436.2    , array([ 0.0424135  ,  0.193233   ,  0.248868   ,  0.160896   ,  5.28786    ,  3.1978     ,  8.47669    ,  0.29644    ,  0.0131231  ,  0.0100409  ,  3.0904     ,  3.16169    ])
Iter time: 396.16355896
Iter time: 764.763123989
Iter time: 1315.05343914
339     , -12410.2    , array([ 0.0430133  ,  0.193558   ,  0.248497   ,  0.158645   ,  5.2927     ,  3.19858    ,  9.28074    ,  0.296831   ,  0.0121104  ,  0.01022    ,  3.06939    ,  3.16413    ])
Iter time: 407.321978807
Iter time: 785.579151869
Iter time: 1351.06686592
340     , -12293.2    , array([ 0.0428829  ,  0.191107   ,  0.246057   ,  0.155639   ,  5.31199    ,  3.1933     ,  9.55342    ,  0.315003   ,  0.0119039  ,  0.0103046  ,  3.05655    ,  3.07118    ])
Iter time: 356.534161091
Iter time: 687.723737001
Iter time: 1183.05264783
341     , -12366.8    , array([ 0.0421702  ,  0.19149    ,  0.247207   ,  0.159654   ,  5.29834    ,  3.19308    ,  8.35747    ,  0.308582   ,  0.013254   ,  0.0100497  ,  3.08824    ,  3.09652    ])
Iter time: 344.91208601
Iter time: 665.961661816
Iter time: 1147.64306211
342     , -12344.5    , array([ 0.0422491  ,  0.190149   ,  0.246547   ,  0.159728   ,  5.30784    ,  3.18938    ,  8.10355    ,  0.314157   ,  0.0134109  ,  0.0100241  ,  3.09303    ,  3.06441    ])
Iter time: 374.194473982
Iter time: 722.290120125
Iter time: 1243.45227599
343     , -12292.8    , array([ 0.0414758  ,  0.192517   ,  0.24299    ,  0.158414   ,  5.30242    ,  3.21478    ,  8.72139    ,  0.320406   ,  0.0128873  ,  0.0101396  ,  3.07952    ,  3.02812    ])
Iter time: 371.51014185
Iter time: 717.203138113
Iter time: 1233.91605401
344     , -12127.4    , array([ 0.0402128  ,  0.190833   ,  0.237022   ,  0.15621    ,  5.31997    ,  3.22868    ,  8.62512    ,  0.351748   ,  0.0132005  ,  0.0101589  ,  3.07622    ,  2.87668    ])
Iter time: 343.087671995
Iter time: 661.972748995
Iter time: 1138.27250314
345     , -12268.7    , array([ 0.0415348  ,  0.189216   ,  0.250536   ,  0.158794   ,  5.42265    ,  3.20298    ,  8.01481    ,  0.329251   ,  0.0136799  ,  0.0102362  ,  3.10399    ,  3.02064    ])
Iter time: 343.478426933
Iter time: 663.454534769
Iter time: 1142.47322297
346     , -12236.4    , array([ 0.0417385  ,  0.189226   ,  0.245552   ,  0.157929   ,  5.38061    ,  3.1889     ,  8.0702     ,  0.333915   ,  0.0132863  ,  0.010001   ,  3.08269    ,  2.97749    ])
Iter time: 377.276155949
Iter time: 729.591804981
Iter time: 1252.86103511
347     , -12190.9    , array([ 0.040507   ,  0.190148   ,  0.250342   ,  0.156197   ,  5.47179    ,  3.22418    ,  8.76703    ,  0.338296   ,  0.0141135  ,  0.0100476  ,  3.09272    ,  2.99066    ])
Iter time: 376.150686026
Iter time: 726.051390886
Iter time: 1248.73980689
348     , -12178.1    , array([ 0.0408955  ,  0.189212   ,  0.246472   ,  0.155035   ,  5.38213    ,  3.19867    ,  8.78965    ,  0.338895   ,  0.0137685  ,  0.010021   ,  3.0759     ,  2.97149    ])
Iter time: 377.614627123
Iter time: 727.875841141
Iter time: 1253.07174993
349     , -12127.1    , array([ 0.0415429  ,  0.188298   ,  0.246983   ,  0.155621   ,  5.50276    ,  3.2256     ,  8.76537    ,  0.351124   ,  0.0130749  ,  0.0101372  ,  3.08792    ,  2.91888    ])
Iter time: 385.381463051
Iter time: 742.868756056
Iter time: 1277.11262202
350     , -11932.5    , array([ 0.0412205  ,  0.185037   ,  0.245932   ,  0.152859   ,  5.65327    ,  3.24624    ,  8.87968    ,  0.38987    ,  0.0130298  ,  0.0101751  ,  3.09096    ,  2.77623    ])
Iter time: 339.944869041
Iter time: 655.388665915
Iter time: 1127.82061195
351     , -12067.3    , array([ 0.0406556  ,  0.187227   ,  0.244259   ,  0.155109   ,  5.46908    ,  3.20385    ,  7.93894    ,  0.367928   ,  0.0139127  ,  0.0101603  ,  3.09556    ,  2.84324    ])
Iter time: 343.610182047
Iter time: 662.836861134
Iter time: 1139.96382117
352     , -12032.6    , array([ 0.0404485  ,  0.185412   ,  0.244422   ,  0.155537   ,  5.5094     ,  3.21706    ,  7.99734    ,  0.375063   ,  0.0138653  ,  0.0101309  ,  3.09257    ,  2.82055    ])
Iter time: 365.336552143
Iter time: 704.282190084
Iter time: 1210.90146899
353     , -11968      , array([ 0.0404082  ,  0.185877   ,  0.244698   ,  0.153179   ,  5.5518     ,  3.22202    ,  8.48051    ,  0.383938   ,  0.0135408  ,  0.0102035  ,  3.08441    ,  2.79517    ])
Iter time: 345.12488699
Iter time: 665.624691963
Iter time: 1148.69352007
354     , -11903.3    , array([ 0.040129   ,  0.182293   ,  0.234548   ,  0.151373   ,  5.3424     ,  3.18516    ,  8.11817    ,  0.39777    ,  0.0141455  ,  0.0100935  ,  3.07145    ,  2.70665    ])
Iter time: 329.861329079
Iter time: 636.571597099
Iter time: 1093.77082109
355     , -11640.7    , array([ 0.0390523  ,  0.176074   ,  0.223873   ,  0.146595   ,  5.26378    ,  3.16152    ,  7.79709    ,  0.459244   ,  0.0149304  ,  0.0100614  ,  3.05692    ,  2.49184    ])
Iter time: 363.645180941
Iter time: 700.817842007
Iter time: 1206.17715001
356     , -11837.3    , array([ 0.0398083  ,  0.183429   ,  0.240262   ,  0.15087    ,  5.5429     ,  3.21963    ,  8.45024    ,  0.411006   ,  0.0138232  ,  0.0102042  ,  3.07862    ,  2.69208    ])
Iter time: 380.285805941
Iter time: 730.160176992
Iter time: 1255.56015396
357     , -11774      , array([ 0.0393418  ,  0.183619   ,  0.23987    ,  0.149373   ,  5.57308    ,  3.22844    ,  8.77607    ,  0.422204   ,  0.0137306  ,  0.0102606  ,  3.07146    ,  2.66218    ])
Iter time: 382.694101095
Iter time: 737.994036913
Iter time: 1269.1394968
359     , -12156.5    , array([ 0.041663   ,  0.188655   ,  0.244358   ,  0.154785   ,  5.3858     ,  3.20252    ,  8.94412    ,  0.342867   ,  0.0127854  ,  0.010221   ,  3.06998    ,  2.94417    ])
Iter time: 383.528604031
Iter time: 739.450891018
Iter time: 1271.61518288
360     , -11748.8    , array([ 0.0394679  ,  0.183208   ,  0.234076   ,  0.148591   ,  5.49265    ,  3.22052    ,  8.91005    ,  0.425869   ,  0.0136302  ,  0.0100384  ,  3.05749    ,  2.62594    ])
Iter time: 389.455828905
Iter time: 752.163392067
Iter time: 1292.12568903
361     , -11698.3    , array([ 0.0389108  ,  0.182214   ,  0.23693    ,  0.147894   ,  5.5546     ,  3.24007    ,  8.99611    ,  0.437293   ,  0.014094   ,  0.0102809  ,  3.0744     ,  2.60879    ])
Iter time: 356.47102499
Iter time: 687.115579844
Iter time: 1182.23945093
362     , -11665.8    , array([ 0.0398261  ,  0.180047   ,  0.230272   ,  0.148179   ,  5.47574    ,  3.20724    ,  8.31676    ,  0.450497   ,  0.0132648  ,  0.0102724  ,  3.06139    ,  2.53883    ])
Iter time: 355.337609053
Iter time: 685.050336123
Iter time: 1183.02299714
363     , -11588.6    , array([ 0.0392739  ,  0.179446   ,  0.231253   ,  0.148169   ,  5.58297    ,  3.23426    ,  8.21925    ,  0.47155    ,  0.013513   ,  0.0103422  ,  3.07572    ,  2.48907    ])
Iter time: 346.636650085
Iter time: 666.639591932
Iter time: 1146.74667907
364     , -11285.5    , array([ 0.0384873  ,  0.174754   ,  0.224      ,  0.144851   ,  5.68618    ,  3.2522     ,  7.94808    ,  0.556236   ,  0.013387   ,  0.0105067  ,  3.07562    ,  2.27808    ])
Iter time: 342.906773806
Iter time: 660.873219967
Iter time: 1137.41475201
365     , -11468.3    , array([ 0.0380443  ,  0.177695   ,  0.229897   ,  0.146777   ,  5.62987    ,  3.23866    ,  7.91991    ,  0.505232   ,  0.014664   ,  0.0101866  ,  3.08258    ,  2.40704    ])
Iter time: 348.335298061
Iter time: 672.376806974
Iter time: 1155.51531506
366     , -11385.8    , array([ 0.0390539  ,  0.173591   ,  0.23581    ,  0.143936   ,  5.75356    ,  3.21408    ,  8.09689    ,  0.52311    ,  0.014454   ,  0.0102535  ,  3.07739    ,  2.3914     ])
Iter time: 382.976889133
Iter time: 738.607104063
Iter time: 1273.90264988
367     , -11328.1    , array([ 0.0383706  ,  0.174719   ,  0.227485   ,  0.143162   ,  5.6442     ,  3.24071    ,  8.82565    ,  0.530316   ,  0.0138016  ,  0.0102677  ,  3.05516    ,  2.35074    ])
Iter time: 386.230797052
Iter time: 742.690858126
Iter time: 1281.861202
368     , -11246.4    , array([ 0.0382295  ,  0.174691   ,  0.224628   ,  0.140809   ,  5.62551    ,  3.23134    ,  8.9063     ,  0.551143   ,  0.0138382  ,  0.0103205  ,  3.05193    ,  2.29878    ])
Iter time: 408.842531919
Iter time: 786.215502024
Iter time: 1351.17907
369     , -10845.1    , array([ 0.0371661  ,  0.169566   ,  0.21534    ,  0.133977   ,  5.68448    ,  3.2385     ,  9.39881    ,  0.668105   ,  0.0138246  ,  0.0104166  ,  3.03181    ,  2.07529    ])
Iter time: 369.296418905
Iter time: 711.874734163
Iter time: 1225.39114404
370     , -11126.4    , array([ 0.0377379  ,  0.171607   ,  0.219645   ,  0.139821   ,  5.60457    ,  3.22911    ,  8.54403    ,  0.59048    ,  0.0142188  ,  0.0102825  ,  3.05124    ,  2.20732    ])
Iter time: 347.620959044
Iter time: 669.409736872
Iter time: 1153.30468011
371     , -11039.7    , array([ 0.036454   ,  0.170235   ,  0.214465   ,  0.138046   ,  5.49605    ,  3.2022     ,  8.10771    ,  0.623152   ,  0.0149931  ,  0.0103292  ,  3.03822    ,  2.13905    ])
Iter time: 366.134898901
Iter time: 705.812357903
Iter time: 1214.12563896
372     , -10991.7    , array([ 0.0371975  ,  0.169604   ,  0.215409   ,  0.137811   ,  5.59756    ,  3.22574    ,  8.46119    ,  0.633564   ,  0.0143252  ,  0.0103207  ,  3.04368    ,  2.12297    ])
Iter time: 348.764656782
Iter time: 671.963572979
Iter time: 1156.93366694
373     , -10932.5    , array([ 0.0372886  ,  0.167201   ,  0.211927   ,  0.137336   ,  5.57131    ,  3.2165     ,  8.09758    ,  0.659923   ,  0.0145241  ,  0.010274   ,  3.04616    ,  2.06734    ])
Iter time: 338.795943022
Iter time: 654.287892818
Iter time: 1124.80356097
374     , -10823.6    , array([ 0.0368193  ,  0.165042   ,  0.213605   ,  0.136258   ,  5.66631    ,  3.22373    ,  7.84973    ,  0.70379    ,  0.0147868  ,  0.0105421  ,  3.05819    ,  2.01397    ])
Iter time: 319.36310482
Iter time: 615.656975985
Iter time: 1055.15985703
375     , -10385.2    , array([ 0.0355624  ,  0.156645   ,  0.204052   ,  0.130481   ,  5.75519    ,  3.22534    ,  7.36787    ,  0.904747   ,  0.0154013  ,  0.0108033  ,  3.05855    ,  1.76375    ])
Iter time: 322.952228069
Iter time: 622.790441036
Iter time: 1069.91645098
376     , -10667      , array([ 0.0367905  ,  0.161812   ,  0.205843   ,  0.134072   ,  5.63633    ,  3.20185    ,  7.52017    ,  0.773699   ,  0.0145132  ,  0.0103788  ,  3.03875    ,  1.89918    ])
Iter time: 347.443097115
Iter time: 668.763914108
Iter time: 1150.61853909
377     , -10515      , array([ 0.0354731  ,  0.160872   ,  0.207872   ,  0.131601   ,  5.74512    ,  3.23372    ,  7.9991     ,  0.821864   ,  0.0156533  ,  0.0104052  ,  3.04789    ,  1.85934    ])
Iter time: 378.00075388
Iter time: 729.565174818
Iter time: 1257.19776487
378     , -10338.8    , array([ 0.035601   ,  0.162044   ,  0.211187   ,  0.130652   ,  6.06426    ,  3.29284    ,  8.56868    ,  0.888328   ,  0.0140171  ,  0.0106831  ,  3.05084    ,  1.80417    ])
Iter time: 407.185774088
Iter time: 784.446811914
Iter time: 1344.4842391
379     , -9725.95    , array([ 0.0339915  ,  0.155454   ,  0.205116   ,  0.123343   ,  6.50905    ,  3.36053    ,  8.98266    ,  1.23549    ,  0.0135816  ,  0.0110082  ,  3.0478     ,  1.53517    ])
Iter time: 373.906208992
Iter time: 720.281481028
Iter time: 1239.145082
380     , -10232.6    , array([ 0.0358646  ,  0.157027   ,  0.201782   ,  0.126762   ,  5.80872    ,  3.23427    ,  8.61471    ,  0.937242   ,  0.0140906  ,  0.0106891  ,  3.01973    ,  1.73285    ])
Iter time: 373.039235115
Iter time: 718.240902901
Iter time: 1233.78468704
381     , -10128.3    , array([ 0.0344449  ,  0.158075   ,  0.191679   ,  0.126556   ,  5.69289    ,  3.2624     ,  8.51392    ,  0.997605   ,  0.0142347  ,  0.0106933  ,  3.0153     ,  1.65301    ])
Iter time: 337.631217003
Iter time: 650.650655985
Iter time: 1121.32315302
382     , -10016.6    , array([ 0.0344333  ,  0.154456   ,  0.193102   ,  0.124651   ,  5.8115     ,  3.2392     ,  7.76422    ,  1.09334    ,  0.0149845  ,  0.0107511  ,  3.0306     ,  1.58576    ])
Iter time: 371.190775156
Iter time: 715.964200974
Iter time: 1231.85495687
383     , -9842.15    , array([ 0.033698   ,  0.15128    ,  0.191314   ,  0.120152   ,  5.78959    ,  3.2256     ,  8.58793    ,  1.16666    ,  0.0157417  ,  0.0105468  ,  3.00305    ,  1.54046    ])
Iter time: 348.890153885
Iter time: 672.623484135
Iter time: 1156.82161999
384     , -9795.8     , array([ 0.0337246  ,  0.150851   ,  0.190668   ,  0.121369   ,  5.90579    ,  3.24808    ,  7.99575    ,  1.23109    ,  0.0150742  ,  0.0108224  ,  3.01903    ,  1.49733    ])
Iter time: 370.634609938
Iter time: 715.76493597
Iter time: 1226.66518712
385     , -9668.43    , array([ 0.0344626  ,  0.149033   ,  0.191483   ,  0.12032    ,  6.09501    ,  3.28315    ,  8.40654    ,  1.30672    ,  0.0143086  ,  0.0108576  ,  3.02876    ,  1.45594    ])
Iter time: 382.436760187
Iter time: 736.847326994
Iter time: 1266.2115829
386     , -9118.89    , array([ 0.033508   ,  0.139444   ,  0.180933   ,  0.112329   ,  6.41854    ,  3.32439    ,  8.56006    ,  1.89225    ,  0.0139781  ,  0.0111318  ,  3.02405    ,  1.20117    ])
Iter time: 354.985006094
Iter time: 684.668118954
Iter time: 1177.53990197
387     , -9437.37    , array([ 0.0331908  ,  0.144785   ,  0.185181   ,  0.116487   ,  6.12255    ,  3.27559    ,  8.07095    ,  1.54236    ,  0.0149146  ,  0.0110044  ,  3.02007    ,  1.33413    ])
Iter time: 373.231441975
Iter time: 718.755393028
Iter time: 1235.56217003
388     , -9265.23    , array([ 0.0324735  ,  0.143384   ,  0.184039   ,  0.113726   ,  6.24889    ,  3.29499    ,  8.42873    ,  1.70581    ,  0.0147755  ,  0.0111817  ,  3.01329    ,  1.27359    ])
Iter time: 314.598184109
Iter time: 605.749106169
Iter time: 1040.86595082
389     , -9201.28    , array([ 0.0318558  ,  0.137488   ,  0.176442   ,  0.113436   ,  6.22187    ,  3.28204    ,  7.13115    ,  1.96982    ,  0.0156962  ,  0.0111597  ,  3.02447    ,  1.16955    ])
Iter time: 395.792770863
Iter time: 763.012259007
Iter time: 1310.80619383
390     , -9035.34    , array([ 0.0314178  ,  0.140216   ,  0.179902   ,  0.110242   ,  6.37925    ,  3.33333    ,  8.83405    ,  1.98766    ,  0.0151481  ,  0.0113365  ,  3.01518    ,  1.17881    ])
Iter time: 376.950109005
Iter time: 724.972383976
Iter time: 1246.71012807
392     , -8963.78    , array([ 0.0319319  ,  0.137843   ,  0.173906   ,  0.109045   ,  6.36862    ,  3.31721    ,  8.44371    ,  2.1679     ,  0.0139681  ,  0.0114704  ,  3.00074    ,  1.116      ])
Iter time: 423.153841972
Iter time: 814.474300146
Iter time: 1393.771842
394     , -8841.51    , array([ 0.0312852  ,  0.138576   ,  0.172504   ,  0.10674    ,  6.46571    ,  3.34143    ,  9.37773    ,  2.27805    ,  0.0139674  ,  0.0111586  ,  2.98079    ,  1.09007    ])
Iter time: 366.772412062
Iter time: 705.960722923
Iter time: 1213.2311039
396     , -8816.36    , array([ 0.0303232  ,  0.13539    ,  0.169946   ,  0.106769   ,  6.52155    ,  3.35036    ,  8.1347     ,  2.5499     ,  0.0152444  ,  0.011359   ,  3.01259    ,  1.02702    ])
