==========================================
SLURM_JOB_ID = 18981499
SLURM_NODELIST = c8-72
==========================================
Module slurm/17.11.5 loaded 
Module openmpi/3.0.1 loaded 
Module gcc/7.3.0 loaded 
Module python/2.7.6 loaded 
Module numpy/1.11.1 loaded 
Module dadi/1.7.0 loaded 
Module matplotlib/2.0 loaded 
Module scipy/0.18.0 loaded 
Beginning. Call:
/home/hemstrow/monarch/github/F-H_2018/DADI/demographic_models/run_3d_mods.py /home/hemstrow/monarch/github/F-H_2018/Data/dadi_inputs/ dadi_snps_10kgap.txt 1st_folded_optim_10kgap_snps_dadi_out.txt lgrowth_p3 10 [NAM,GUA,HAW] True 3 [0.1,0.1,0.5,1,5,5,.1,.1,.1,.1,2] [1,1,5,10,20,20,10,10,10,10,4] [1e-3,1e-3,1e-3,1e-3,0.01,0.01,0.01,0.01,0.01,0.01,1] [150,15,15] fmin

Ready to begin run. Parameters:

Model:
lgrowth_p3
Maxiters:
10
Pops:
['NAM', 'GUA', 'HAW']
Projection:
[150, 15, 15]
Number of segregating sites in projected sfs:
9454.98941724
Folding spectra:
True
Level of parm folding:
3
Optimizer:
fmin
p0:
[  4.16748028e-01   1.59873710e-02   1.07875697e-01   1.25713783e-01
   1.20569881e+01   1.65089013e+01   4.19474996e-01   3.30921450e-02
   3.40651185e-02   8.54430799e-02   1.01000000e+00]
Upper Bounds:
[1.0, 1.0, 5.0, 10.0, 20.0, 20.0, 10.0, 10.0, 10.0, 10.0, 4.0]
Lower Bounds:
[0.001, 0.001, 0.001, 0.001, 0.01, 0.01, 0.01, 0.01, 0.01, 0.01, 1.0]

Beginning optimization ************************************************
optimize_log_fmin.
Iter time: 605.018044949
Iter time: 1181.0234282
Iter time: 2035.57283688
1       , -27967.3    , array([ 0.416748   ,  0.0159874  ,  0.107876   ,  0.125714   ,  12.057     ,  16.5089    ,  0.419475   ,  0.0330921  ,  0.0340651  ,  0.0854431  ,  1.01       ])
Iter time: 607.441446066
Iter time: 1182.02701592
Iter time: 2041.90573287
2       , -27967.2    , array([ 0.398903   ,  0.0159874  ,  0.107876   ,  0.125714   ,  12.057     ,  16.5089    ,  0.419475   ,  0.0330921  ,  0.0340651  ,  0.0854431  ,  1.01       ])
Iter time: 650.448609114
Iter time: 1266.65762019
Iter time: 2189.87333202
3       , -27967.3    , array([ 0.416748   ,  0.0130007  ,  0.107876   ,  0.125714   ,  12.057     ,  16.5089    ,  0.419475   ,  0.0330921  ,  0.0340651  ,  0.0854431  ,  1.01       ])
Iter time: 617.021089077
Iter time: 147776.045245
Iter time: 2079.13630104
4       , -28039.5    , array([ 0.416748   ,  0.0159874  ,  0.0965094  ,  0.125714   ,  12.057     ,  16.5089    ,  0.419475   ,  0.0330921  ,  0.0340651  ,  0.0854431  ,  1.01       ])
Iter time: 642.193575144
Iter time: 1250.34688401
Iter time: 2165.90761614
5       , -28125.1    , array([ 0.416748   ,  0.0159874  ,  0.107876   ,  0.113332   ,  12.057     ,  16.5089    ,  0.419475   ,  0.0330921  ,  0.0340651  ,  0.0854431  ,  1.01       ])
Iter time: 606.096692085
Iter time: 1178.96131992
Iter time: 2038.26366687
6       , -27968.8    , array([ 0.416748   ,  0.0159874  ,  0.107876   ,  0.125714   ,  13.6553    ,  16.5089    ,  0.419475   ,  0.0330921  ,  0.0340651  ,  0.0854431  ,  1.01       ])
Iter time: 668.512867928
Iter time: 1302.16304398
Iter time: 2253.35037112
7       , -28338.3    , array([ 0.416748   ,  0.0159874  ,  0.107876   ,  0.125714   ,  12.057     ,  18.9935    ,  0.419475   ,  0.0330921  ,  0.0340651  ,  0.0854431  ,  1.01       ])
Iter time: 605.053343058
Iter time: 1178.56842899
Iter time: 2036.91970491
8       , -28069.2    , array([ 0.416748   ,  0.0159874  ,  0.107876   ,  0.125714   ,  12.057     ,  16.5089    ,  0.401644   ,  0.0330921  ,  0.0340651  ,  0.0854431  ,  1.01       ])
Iter time: 604.980073929
Iter time: 1179.30494714
Iter time: 2036.38923001
9       , -28395.7    , array([ 0.416748   ,  0.0159874  ,  0.107876   ,  0.125714   ,  12.057     ,  16.5089    ,  0.419475   ,  0.0279069  ,  0.0340651  ,  0.0854431  ,  1.01       ])
Iter time: 604.64428091
Iter time: 1179.61650491
Iter time: 2035.69667912
10      , -28207.3    , array([ 0.416748   ,  0.0159874  ,  0.107876   ,  0.125714   ,  12.057     ,  16.5089    ,  0.419475   ,  0.0330921  ,  0.028769   ,  0.0854431  ,  1.01       ])
Iter time: 605.062021017
Iter time: 1179.22079206
Iter time: 2034.92648888
11      , -27971.2    , array([ 0.416748   ,  0.0159874  ,  0.107876   ,  0.125714   ,  12.057     ,  16.5089    ,  0.419475   ,  0.0330921  ,  0.0340651  ,  0.0755546  ,  1.01       ])
Iter time: 604.411864996
Iter time: 1179.12885189
Iter time: 2035.53656507
12      , -27967.2    , array([ 0.416748   ,  0.0159874  ,  0.107876   ,  0.125714   ,  12.057     ,  16.5089    ,  0.419475   ,  0.0330921  ,  0.0340651  ,  0.0854431  ,  1.0105     ])
Iter time: 631.707506895
Iter time: 1231.66839194
Iter time: 2124.67730188
13      , -27666.3    , array([ 0.413445   ,  0.0153974  ,  0.105714   ,  0.123366   ,  12.333     ,  16.9351    ,  0.416175   ,  0.0392409  ,  0.0330345  ,  0.0835535  ,  1.01009    ])
Iter time: 646.416697025
Iter time: 1262.17094207
Iter time: 2175.33676505
14      , -27225.6    , array([ 0.411803   ,  0.0151106  ,  0.104649   ,  0.122209   ,  12.4733    ,  17.1523    ,  0.414535   ,  0.0465321  ,  0.0325309  ,  0.0826245  ,  1.01014    ])
Iter time: 571.983968019
Iter time: 1109.78234506
Iter time: 1918.96556306
15      , -27575.5    , array([ 0.412549   ,  0.0152403  ,  0.105132   ,  0.122733   ,  12.4094    ,  14.4495    ,  0.41528    ,  0.0352078  ,  0.0327588  ,  0.0830455  ,  1.01012    ])
Iter time: 622.279317141
Iter time: 1208.33458996
Iter time: 2090.64254808
16      , -27582.2    , array([ 0.41179    ,  0.0151083  ,  0.104641   ,  0.122199   ,  12.4745    ,  16.2262    ,  0.414521   ,  0.0356068  ,  0.0397162  ,  0.0826169  ,  1.01014    ])
Iter time: 591.984169006
Iter time: 1151.55903387
Iter time: 1990.91380405
17      , -27588      , array([ 0.410895   ,  0.0149537  ,  0.104063   ,  0.137419   ,  12.552     ,  16.1753    ,  0.413627   ,  0.0360841  ,  0.0344908  ,  0.0821131  ,  1.01016    ])
Iter time: 615.198199987
Iter time: 1197.22969699
Iter time: 2071.68088579
18      , -27553.7    , array([ 0.409839   ,  0.0147731  ,  0.103384   ,  0.125906   ,  12.6441    ,  16.1154    ,  0.434305   ,  0.0366564  ,  0.0345688  ,  0.0815218  ,  1.01019    ])
Iter time: 607.09405899
Iter time: 1181.22213507
Iter time: 2045.90655208
19      , -27498.5    , array([ 0.408596   ,  0.0145625  ,  0.117015   ,  0.125941   ,  12.7539    ,  16.0448    ,  0.418479   ,  0.0373446  ,  0.0346611  ,  0.0808284  ,  1.01023    ])
Iter time: 615.04501605
Iter time: 1197.99625993
Iter time: 2071.85594893
20      , -27473      , array([ 0.407131   ,  0.0143174  ,  0.106245   ,  0.125982   ,  12.8849    ,  15.9619    ,  0.418298   ,  0.0381745  ,  0.0347706  ,  0.0925354  ,  1.01027    ])
Iter time: 616.467553139
Iter time: 1203.21008611
Iter time: 2075.43196487
21      , -27385.1    , array([ 0.405406   ,  0.0140331  ,  0.105951   ,  0.126031   ,  11.2573    ,  15.8644    ,  0.418085   ,  0.0391792  ,  0.0349004  ,  0.0830211  ,  1.01032    ])
Iter time: 569.679864168
Iter time: 1108.99459219
Iter time: 1919.14206386
22      , -27279.3    , array([ 0.403377   ,  0.0174984  ,  0.105605   ,  0.126089   ,  12.5914    ,  15.7499    ,  0.417832   ,  0.0404006  ,  0.0350545  ,  0.0825882  ,  1.01037    ])
Iter time: 604.464689016
Iter time: 1177.02247596
Iter time: 2036.18161297
23      , -27151.6    , array([ 0.400993   ,  0.014465   ,  0.105197   ,  0.126157   ,  12.6911    ,  15.6157    ,  0.417534   ,  0.0418933  ,  0.0352374  ,  0.0820795  ,  1.01044    ])
Iter time: 605.944619894
Iter time: 1184.59365702
Iter time: 2040.76382399
24      , -26730.7    , array([ 0.39334    ,  0.013759   ,  0.103883   ,  0.126379   ,  13.0206    ,  15.1874    ,  0.416568   ,  0.0471362  ,  0.0358386  ,  0.0804476  ,  1.01066    ])
Iter time: 604.481245041
Iter time: 1177.13508701
Iter time: 2038.73301888
25      , -26923      , array([ 0.417863   ,  0.0140755  ,  0.104479   ,  0.126278   ,  12.8698    ,  15.3806    ,  0.417007   ,  0.0446764  ,  0.0355641  ,  0.0811853  ,  1.01056    ])
Iter time: 606.642518044
Iter time: 1179.04705191
Iter time: 2040.82037401
26      , -26727.2    , array([ 0.400165   ,  0.0137533  ,  0.103873   ,  0.126381   ,  13.0234    ,  15.1839    ,  0.41656    ,  0.0471822  ,  0.0358436  ,  0.0804343  ,  1.01007    ])
Iter time: 610.004074097
Iter time: 1188.46567392
Iter time: 2058.18479681
27      , -26078.2    , array([ 0.392122   ,  0.0127562  ,  0.101927   ,  0.126716   ,  13.5352    ,  14.5618    ,  0.41511    ,  0.0563385  ,  0.0367674  ,  0.0780411  ,  1.00986    ])
Iter time: 627.381880999
Iter time: 1221.47883081
Iter time: 2113.66295314
28      , -26850.6    , array([ 0.402429   ,  0.0142851  ,  0.107273   ,  0.113924   ,  12.6825    ,  15.2038    ,  0.422724   ,  0.046921   ,  0.0358151  ,  0.0829257  ,  1.01036    ])
Iter time: 593.6261549
Iter time: 1156.2910018
Iter time: 1995.21971798
29      , -26653.9    , array([ 0.399879   ,  0.0139957  ,  0.107164   ,  0.126491   ,  12.7997    ,  14.9778    ,  0.423317   ,  0.0499964  ,  0.0305237  ,  0.082476   ,  1.01042    ])
Iter time: 648.570874929
Iter time: 1265.00159311
Iter time: 2183.9831202
30      , -26444.9    , array([ 0.396886   ,  0.0136612  ,  0.107035   ,  0.126632   ,  12.9396    ,  16.9297    ,  0.42402    ,  0.0538918  ,  0.036534   ,  0.0819477  ,  1.0105     ])
Iter time: 608.569988966
Iter time: 1184.546211
Iter time: 2048.5608511
31      , -26341.7    , array([ 0.397183   ,  0.0138941  ,  0.109534   ,  0.123571   ,  12.7527    ,  15.3163    ,  0.403682   ,  0.0555192  ,  0.034971   ,  0.0835586  ,  1.01048    ])
Iter time: 620.857346058
Iter time: 1209.08684111
Iter time: 2090.05890584
32      , -26174.5    , array([ 0.396345   ,  0.0139752  ,  0.0956188  ,  0.12311    ,  12.6428    ,  15.2542    ,  0.416215   ,  0.0585703  ,  0.0349342  ,  0.0847859  ,  1.01049    ])
Iter time: 608.277637005
Iter time: 1185.51135206
Iter time: 2049.88324904
33      , -25954.4    , array([ 0.395835   ,  0.0141521  ,  0.103313   ,  0.122555   ,  12.4712    ,  15.2076    ,  0.416017   ,  0.0619345  ,  0.034854   ,  0.0728909  ,  1.01049    ])
Iter time: 607.248326063
Iter time: 1177.70155501
Iter time: 2038.02558708
34      , -25099.6    , array([ 0.390305   ,  0.0140702  ,  0.101877   ,  0.120877   ,  12.2693    ,  14.8439    ,  0.414881   ,  0.0788881  ,  0.0348958  ,  0.0646928  ,  1.0106     ])
Iter time: 606.270612001
Iter time: 1180.32029009
Iter time: 2035.62483501
35      , -25609.9    , array([ 0.394784   ,  0.0144458  ,  0.102863   ,  0.121581   ,  14.4995    ,  15.1172    ,  0.415648   ,  0.0685355  ,  0.0347235  ,  0.0776419  ,  1.01049    ])
Iter time: 672.43552804
Iter time: 1305.75836802
Iter time: 2258.09138608
36      , -25393.8    , array([ 0.395219   ,  0.0111882  ,  0.102708   ,  0.120724   ,  13.3       ,  15.114     ,  0.415503   ,  0.073167   ,  0.0345113  ,  0.0771774  ,  1.01045    ])
Iter time: 596.642621994
Iter time: 1162.13754416
Iter time: 1961.24881315
37      , -25263.1    , array([ 0.38425    ,  0.0122671  ,  0.103294   ,  0.12428    ,  13.5834    ,  13.5626    ,  0.418985   ,  0.0689746  ,  0.0375903  ,  0.0761928  ,  1.01075    ])
Iter time: 601.310414076
Iter time: 1169.68505001
Iter time: 2022.38514185
38      , -25131.4    , array([ 0.372948   ,  0.012844   ,  0.103249   ,  0.119926   ,  13.2948    ,  14.7829    ,  0.41686    ,  0.0777422  ,  0.0347324  ,  0.0766538  ,  1.01035    ])
Iter time: 591.144825935
Iter time: 1149.92718101
Iter time: 1987.38166213
39      , -24884.3    , array([ 0.381932   ,  0.0124132  ,  0.0998621  ,  0.134178   ,  13.6073    ,  14.8787    ,  0.410179   ,  0.0811406  ,  0.0342971  ,  0.0739796  ,  1.01056    ])
Iter time: 600.437932968
Iter time: 1169.36317801
Iter time: 2025.87503004
40      , -23760.4    , array([ 0.372078   ,  0.0115713  ,  0.0963508  ,  0.145618   ,  14.0947    ,  14.7188    ,  0.404048   ,  0.106702   ,  0.0335623  ,  0.0698752  ,  1.01066    ])
Iter time: 601.596496105
Iter time: 1169.89524198
Iter time: 2031.96053791
41      , -24421.3    , array([ 0.386829   ,  0.0124884  ,  0.101719   ,  0.124111   ,  13.4464    ,  14.8101    ,  0.413938   ,  0.0937051  ,  0.033868   ,  0.0743297  ,  1.01025    ])
Iter time: 621.056965828
Iter time: 1208.50545192
Iter time: 2089.9360981
42      , -24137      , array([ 0.378215   ,  0.0120255  ,  0.0976745  ,  0.123574   ,  13.8016    ,  14.9866    ,  0.405682   ,  0.0990339  ,  0.0405241  ,  0.0711436  ,  1.01046    ])
Iter time: 572.255931854
Iter time: 1113.7011981
Iter time: 1927.44444108
43      , -24022.6    , array([ 0.377743   ,  0.0120376  ,  0.0961784  ,  0.122889   ,  13.8134    ,  12.9681    ,  0.401768   ,  0.102624   ,  0.0345016  ,  0.0697851  ,  1.01038    ])
Iter time: 610.663717031
Iter time: 1188.5238328
Iter time: 2055.94525194
44      , -23628.6    , array([ 0.374032   ,  0.0115311  ,  0.0917887  ,  0.125807   ,  14.2209    ,  13.9069    ,  0.421645   ,  0.111388   ,  0.0359552  ,  0.0662347  ,  1.01039    ])
Iter time: 636.040663004
Iter time: 1238.28047109
Iter time: 2145.06267214
45      , -22164      , array([ 0.362968   ,  0.0105048  ,  0.0840253  ,  0.12694    ,  15.0171    ,  13.2516    ,  0.430924   ,  0.157773   ,  0.0364576  ,  0.0589702  ,  1.01034    ])
Iter time: 602.370932102
Iter time: 1175.31925201
Iter time: 2026.3890779
46      , -23081.5    , array([ 0.368875   ,  0.0108843  ,  0.102704   ,  0.126983   ,  14.8005    ,  13.6108    ,  0.411538   ,  0.12643    ,  0.0362733  ,  0.0611057  ,  1.01035    ])
Iter time: 611.865859985
Iter time: 1187.59840798
Iter time: 2051.24972701
47      , -22438.2    , array([ 0.368728   ,  0.0115853  ,  0.0964808  ,  0.123416   ,  14.0511    ,  14.0839    ,  0.411987   ,  0.152247   ,  0.0343801  ,  0.0634988  ,  1.01107    ])
