==========================================
SLURM_JOB_ID = 18981508
SLURM_NODELIST = c8-73
==========================================
Module slurm/17.11.5 loaded 
Module openmpi/3.0.1 loaded 
Module gcc/7.3.0 loaded 
Module python/2.7.6 loaded 
Module numpy/1.11.1 loaded 
Module dadi/1.7.0 loaded 
Module matplotlib/2.0 loaded 
Module scipy/0.18.0 loaded 
Beginning. Call:
/home/hemstrow/monarch/github/F-H_2018/DADI/demographic_models/run_3d_mods.py /home/hemstrow/monarch/github/F-H_2018/Data/dadi_inputs/ dadi_snps_10kgap.txt 1st_folded_optim_10kgap_snps_dadi_out.txt lgrowth_p2 10 [NAM,HAW,GUA] True 3 [0.1,0.1,0.5,1,5,5,.1,.1,.1,.1,2] [1,1,5,10,20,20,10,10,10,10,4] [1e-3,1e-3,1e-3,1e-3,0.01,0.01,0.01,0.01,0.01,0.01,1] [150,15,15] fmin

Ready to begin run. Parameters:

Model:
lgrowth_p2
Maxiters:
10
Pops:
['NAM', 'HAW', 'GUA']
Projection:
[150, 15, 15]
Number of segregating sites in projected sfs:
9454.98941724
Folding spectra:
True
Level of parm folding:
3
Optimizer:
fmin
p0:
[  1.35875944e-02   5.54549685e-02   1.11176429e+00   2.02287580e-01
   1.98000000e+01   1.01641159e+01   2.36177304e-01   8.25526992e-02
   2.92646012e-02   2.04793523e-02   1.01000000e+00]
Upper Bounds:
[1.0, 1.0, 5.0, 10.0, 20.0, 20.0, 10.0, 10.0, 10.0, 10.0, 4.0]
Lower Bounds:
[0.001, 0.001, 0.001, 0.001, 0.01, 0.01, 0.01, 0.01, 0.01, 0.01, 1.0]

Beginning optimization ************************************************
optimize_log_fmin.
Iter time: 246.559126139
Iter time: 475.289006948
Iter time: 813.042711973
1       , -25066.1    , array([ 0.0135876  ,  0.055455   ,  1.11176    ,  0.202288   ,  19.8       ,  10.1641    ,  0.236177   ,  0.0825527  ,  0.0292646  ,  0.0204794  ,  1.01       ])
Iter time: 247.655645847
Iter time: 476.259361029
Iter time: 815.632600069
2       , -25066.1    , array([ 0.0109597  ,  0.055455   ,  1.11176    ,  0.202288   ,  19.8       ,  10.1641    ,  0.236177   ,  0.0825527  ,  0.0292646  ,  0.0204794  ,  1.01       ])
Iter time: 265.257775068
Iter time: 510.424597979
Iter time: 875.104448795
3       , -25055.7    , array([ 0.0135876  ,  0.0479885  ,  1.11176    ,  0.202288   ,  19.8       ,  10.1641    ,  0.236177   ,  0.0825527  ,  0.0292646  ,  0.0204794  ,  1.01       ])
Iter time: 246.213522911
Iter time: 473.264928102
Iter time: 812.334348202
4       , -25072      , array([ 0.0135876  ,  0.055455   ,  1.11767    ,  0.202288   ,  19.8       ,  10.1641    ,  0.236177   ,  0.0825527  ,  0.0292646  ,  0.0204794  ,  1.01       ])
Iter time: 255.499953032
Iter time: 490.525820017
Iter time: 841.007778883
5       , -25188.4    , array([ 0.0135876  ,  0.055455   ,  1.11176    ,  0.186753   ,  19.8       ,  10.1641    ,  0.236177   ,  0.0825527  ,  0.0292646  ,  0.0204794  ,  1.01       ])
Iter time: 275.704355001
Iter time: 530.083078861
Iter time: 910.313441038
7       , -25238.2    , array([ 0.0135876  ,  0.055455   ,  1.11176    ,  0.202288   ,  19.8       ,  11.4136    ,  0.236177   ,  0.0825527  ,  0.0292646  ,  0.0204794  ,  1.01       ])
Iter time: 246.587355852
Iter time: 473.387810946
Iter time: 813.294385195
8       , -25338.6    , array([ 0.0135876  ,  0.055455   ,  1.11176    ,  0.202288   ,  19.8       ,  10.1641    ,  0.219735   ,  0.0825527  ,  0.0292646  ,  0.0204794  ,  1.01       ])
Iter time: 246.653066874
Iter time: 476.607546806
Iter time: 815.059841871
9       , -25339.9    , array([ 0.0135876  ,  0.055455   ,  1.11176    ,  0.202288   ,  19.8       ,  10.1641    ,  0.236177   ,  0.0728732  ,  0.0292646  ,  0.0204794  ,  1.01       ])
Iter time: 247.015259027
Iter time: 147048.805708
Iter time: 813.313502789
10      , -25124.8    , array([ 0.0135876  ,  0.055455   ,  1.11176    ,  0.202288   ,  19.8       ,  10.1641    ,  0.236177   ,  0.0825527  ,  0.0245279  ,  0.0204794  ,  1.01       ])
Iter time: 246.205698967
Iter time: 474.080181837
Iter time: 813.986099005
11      , -25096.1    , array([ 0.0135876  ,  0.055455   ,  1.11176    ,  0.202288   ,  19.8       ,  10.1641    ,  0.236177   ,  0.0825527  ,  0.0292646  ,  0.0168609  ,  1.01       ])
Iter time: 246.858767033
Iter time: 473.49635601
Iter time: 813.064698935
12      , -25066.1    , array([ 0.0135876  ,  0.055455   ,  1.11176    ,  0.202288   ,  19.8       ,  10.1641    ,  0.236177   ,  0.0825527  ,  0.0292646  ,  0.0204794  ,  1.0105     ])
Iter time: 254.962507963
Iter time: 490.922141075
Iter time: 844.813392878
13      , -25229      , array([ 0.0130669  ,  0.0540159  ,  1.11284    ,  0.19937    ,  17.0542    ,  10.3807    ,  0.233099   ,  0.0807018  ,  0.02834    ,  0.0197681  ,  1.01009    ])
Iter time: 257.845841169
Iter time: 497.420964003
Iter time: 851.259104013
14      , -24925.1    , array([ 0.0129743  ,  0.0537583  ,  1.11303    ,  0.198844   ,  19.2698    ,  10.4205    ,  0.232544   ,  0.0931331  ,  0.0281751  ,  0.0196414  ,  1.01011    ])
Iter time: 263.998939991
Iter time: 507.455003977
Iter time: 872.929911137
15      , -24695.4    , array([ 0.0126782  ,  0.0529295  ,  1.11366    ,  0.197144   ,  19.0101    ,  10.5511    ,  0.230748   ,  0.105286   ,  0.0276456  ,  0.0192354  ,  1.01016    ])
Iter time: 262.906430006
Iter time: 505.409034967
Iter time: 862.427361012
16      , -24837.6    , array([ 0.012812   ,  0.0533047  ,  1.11338    ,  0.197915   ,  19.1277    ,  10.4916    ,  0.252176   ,  0.0859307  ,  0.0278851  ,  0.0194189  ,  1.01014    ])
Iter time: 231.585747004
Iter time: 446.264162064
Iter time: 765.261410952
17      , -24852.5    , array([ 0.0126758  ,  0.0529228  ,  1.11367    ,  0.19713    ,  19.0079    ,  9.20101    ,  0.237433   ,  0.0865595  ,  0.0276413  ,  0.0192321  ,  1.01016    ])
Iter time: 253.565793037
Iter time: 488.307788849
Iter time: 837.746698141
19      , -25122      , array([ 0.0130772  ,  0.0540447  ,  1.11281    ,  0.199429   ,  18.2792    ,  10.2576    ,  0.235141   ,  0.0828584  ,  0.0283585  ,  0.0197822  ,  1.01009    ])
Iter time: 247.488259077
Iter time: 475.788259983
Iter time: 814.787636995
20      , -24830      , array([ 0.0125185  ,  0.05248    ,  1.11401    ,  0.21565    ,  19.1068    ,  10.1248    ,  0.238039   ,  0.0877283  ,  0.0273592  ,  0.0190161  ,  1.01019    ])
Iter time: 253.923281908
Iter time: 488.115082979
Iter time: 840.661080122
21      , -24832.2    , array([ 0.0123333  ,  0.0519565  ,  1.11442    ,  0.201418   ,  18.9834    ,  10.1177    ,  0.23838    ,  0.0887036  ,  0.0332976  ,  0.0187615  ,  1.01023    ])
Iter time: 252.278723001
Iter time: 484.556001902
Iter time: 833.392215967
23      , -25038.9    , array([ 0.0129765  ,  0.0537643  ,  1.11303    ,  0.200727   ,  18.8575    ,  10.1927    ,  0.236353   ,  0.084466   ,  0.0286767  ,  0.0196444  ,  1.01011    ])
Iter time: 255.785856962
Iter time: 492.583958864
Iter time: 843.172604084
24      , -24798.5    , array([ 0.012101   ,  0.051296   ,  1.11494    ,  0.201498   ,  18.9456    ,  10.0976    ,  0.239005   ,  0.0901848  ,  0.028629   ,  0.0232051  ,  1.01027    ])
Iter time: 258.100669146
Iter time: 494.077574968
Iter time: 848.650876999
25      , -24775.5    , array([ 0.0118488  ,  0.0505741  ,  1.10856    ,  0.201354   ,  18.7943    ,  10.0855    ,  0.239523   ,  0.0916464  ,  0.0285149  ,  0.0195441  ,  1.01032    ])
Iter time: 256.992440939
Iter time: 495.183312178
Iter time: 851.173557043
26      , -24728.4    , array([ 0.0148996  ,  0.0497339  ,  1.11386    ,  0.201185   ,  18.617     ,  10.0713    ,  0.240137   ,  0.0934044  ,  0.0283806  ,  0.0193788  ,  1.01038    ])
Iter time: 258.954447031
Iter time: 504.023369074
Iter time: 860.605066061
27      , -24666.2    , array([ 0.0122211  ,  0.048759   ,  1.11425    ,  0.200985   ,  18.4096    ,  10.0545    ,  0.240864   ,  0.0955255  ,  0.0282228  ,  0.0191851  ,  1.01045    ])
Iter time: 268.301413059
Iter time: 516.301525831
Iter time: 886.86964488
28      , -24461.8    , array([ 0.0115903  ,  0.0457207  ,  1.11549    ,  0.200337   ,  17.7514    ,  10.0002    ,  0.243242   ,  0.102757   ,  0.0277159  ,  0.018569   ,  1.01067    ])
Iter time: 264.500923872
Iter time: 509.635862112
Iter time: 875.753829956
29      , -24554.7    , array([ 0.0118729  ,  0.0470775  ,  1.11492    ,  0.200632   ,  18.0476    ,  10.0248    ,  0.242158   ,  0.0994047  ,  0.0279452  ,  0.0188465  ,  1.00998    ])
Iter time: 246.29668498
Iter time: 473.596304893
Iter time: 813.237218857
30      , -24472.9    , array([ 0.0115852  ,  0.054213   ,  1.1155     ,  0.200332   ,  17.7461    ,  9.99973    ,  0.243261   ,  0.102819   ,  0.0277118  ,  0.018564   ,  1.01047    ])
Iter time: 258.08941102
Iter time: 496.575775146
Iter time: 855.473007917
31      , -24389.2    , array([ 0.0118832  ,  0.0484622  ,  1.11469    ,  0.201817   ,  18.4283    ,  9.93709    ,  0.244357   ,  0.104148   ,  0.0281045  ,  0.019155   ,  1.01043    ])
Iter time: 263.030260086
Iter time: 505.607313156
Iter time: 867.521903992
32      , -24058.3    , array([ 0.0113716  ,  0.0460106  ,  1.11552    ,  0.202364   ,  18.2174    ,  9.81171    ,  0.24846    ,  0.115647   ,  0.0278226  ,  0.0189149  ,  1.01059    ])
Iter time: 287.547102928
Iter time: 553.513715029
Iter time: 951.47181797
33      , -24394.5    , array([ 0.0119273  ,  0.0479958  ,  1.11438    ,  0.206481   ,  18.1419    ,  11.1375    ,  0.245261   ,  0.107126   ,  0.0291919  ,  0.0195065  ,  1.01046    ])
Iter time: 259.847738028
Iter time: 498.073328972
Iter time: 856.421969891
34      , -24375.3    , array([ 0.011648   ,  0.0467516  ,  1.11485    ,  0.207252   ,  17.8557    ,  9.87417    ,  0.229758   ,  0.112323   ,  0.0291787  ,  0.0193347  ,  1.01054    ])
Iter time: 267.097486973
Iter time: 513.806048155
Iter time: 887.010547876
35      , -24262.5    , array([ 0.011975   ,  0.0470529  ,  1.11389    ,  0.204709   ,  17.7922    ,  10.1938    ,  0.241434   ,  0.113584   ,  0.023856   ,  0.020122   ,  1.01051    ])
Iter time: 278.901211977
Iter time: 538.413072824
Iter time: 923.466371059
36      , -24174.5    , array([ 0.011703   ,  0.0456681  ,  1.11427    ,  0.189397   ,  17.4496    ,  10.1992    ,  0.242402   ,  0.120369   ,  0.0283196  ,  0.0200577  ,  1.0106     ])
Iter time: 274.553883076
Iter time: 527.701508045
Iter time: 907.733886003
37      , -24083.8    , array([ 0.0120334  ,  0.0457453  ,  1.11322    ,  0.20043    ,  17.3369    ,  10.2454    ,  0.242042   ,  0.123401   ,  0.0270102  ,  0.0160069  ,  1.01058    ])
Iter time: 275.128026962
Iter time: 531.348199129
Iter time: 911.269201994
38      , -23981.9    , array([ 0.0123241  ,  0.0455594  ,  1.12048    ,  0.200404   ,  17.2219    ,  10.287     ,  0.241979   ,  0.128182   ,  0.0268523  ,  0.0183278  ,  1.01058    ])
Iter time: 285.49793005
Iter time: 550.163050175
Iter time: 946.202826977
39      , -23555.5    , array([ 0.0125689  ,  0.0432417  ,  1.12649    ,  0.199931   ,  16.4857    ,  10.3892    ,  0.243216   ,  0.151594   ,  0.0260577  ,  0.0177483  ,  1.01071    ])
Iter time: 279.907994032
Iter time: 540.075952053
Iter time: 925.98983717
40      , -23811.8    , array([ 0.00950217 ,  0.0451656  ,  1.11744    ,  0.200345   ,  17.0058    ,  10.3599    ,  0.241921   ,  0.137345   ,  0.0265636  ,  0.0181912  ,  1.01058    ])
Iter time: 277.467951059
Iter time: 535.097568035
Iter time: 917.662421942
41      , -23721.6    , array([ 0.0105967  ,  0.0412322  ,  1.11832    ,  0.205051   ,  16.3201    ,  9.85589    ,  0.253938   ,  0.127878   ,  0.0270726  ,  0.0181417  ,  1.01087    ])
Iter time: 277.680855036
Iter time: 533.955973864
Iter time: 919.220329046
42      , -23679      , array([ 0.0110839  ,  0.0452535  ,  1.11768    ,  0.202287   ,  16.8788    ,  10.3413    ,  0.244072   ,  0.141792   ,  0.0266284  ,  0.0183882  ,  1.01122    ])
Iter time: 308.118701935
Iter time: 593.972579002
Iter time: 1018.07783985
43      , -23617.4    , array([ 0.0112681  ,  0.0380276  ,  1.1175     ,  0.202947   ,  17.01      ,  10.4308    ,  0.243111   ,  0.145332   ,  0.0266587  ,  0.0186358  ,  1.01086    ])
Iter time: 286.577996016
Iter time: 553.811321974
Iter time: 951.766740799
44      , -23464.5    , array([ 0.0112056  ,  0.0436056  ,  1.11787    ,  0.20342    ,  16.8735    ,  10.5106    ,  0.243107   ,  0.15488    ,  0.0264669  ,  0.0186429  ,  1.01069    ])
Iter time: 297.32150507
Iter time: 572.027256012
Iter time: 983.587653875
45      , -22929.7    , array([ 0.0110181  ,  0.042585   ,  1.11907    ,  0.204979   ,  16.4509    ,  10.7754    ,  0.24304    ,  0.190146   ,  0.0258636  ,  0.01868    ,  1.0107     ])
Iter time: 269.609409094
Iter time: 519.014729023
Iter time: 893.841634035
46      , -23318.9    , array([ 0.0107331  ,  0.040645   ,  1.11984    ,  0.197106   ,  16.2192    ,  9.38073    ,  0.240707   ,  0.164901   ,  0.0245816  ,  0.0176077  ,  1.01095    ])
Iter time: 301.369089842
Iter time: 580.724079132
Iter time: 1000.2417531
47      , -23095.9    , array([ 0.0108282  ,  0.0406782  ,  1.12028    ,  0.194588   ,  16.1936    ,  10.4828    ,  0.259132   ,  0.168643   ,  0.023838   ,  0.0174646  ,  1.01095    ])
Iter time: 298.508349895
Iter time: 574.957286835
Iter time: 993.413090944
48      , -23022.8    , array([ 0.0103416  ,  0.0393619  ,  1.12241    ,  0.195198   ,  15.9757    ,  10.2058    ,  0.249794   ,  0.179196   ,  0.0291527  ,  0.0163546  ,  1.01106    ])
Iter time: 291.102607965
Iter time: 561.232686043
Iter time: 962.819289923
49      , -22895.7    , array([ 0.0103466  ,  0.0394744  ,  1.12351    ,  0.212139   ,  16.03      ,  10.2016    ,  0.250159   ,  0.181783   ,  0.0246876  ,  0.0158094  ,  1.01105    ])
Iter time: 298.857547998
Iter time: 576.248872995
Iter time: 991.326040983
50      , -22250.2    , array([ 0.00972851 ,  0.0367001  ,  1.12816    ,  0.224514   ,  15.3641    ,  10.2027    ,  0.25413    ,  0.223394   ,  0.0230501  ,  0.0140357  ,  1.01128    ])
Iter time: 299.557054996
Iter time: 578.265845776
Iter time: 991.530133963
51      , -22654.7    , array([ 0.00968097 ,  0.0378604  ,  1.1273     ,  0.204641   ,  15.7837    ,  10.1479    ,  0.25276    ,  0.197521   ,  0.0251489  ,  0.0193424  ,  1.0112     ])
Iter time: 322.005028963
Iter time: 621.233494043
Iter time: 1068.37447691
52      , -22378      , array([ 0.00994887 ,  0.0363311  ,  1.12713    ,  0.203098   ,  14.6342    ,  10.6616    ,  0.247      ,  0.232309   ,  0.0239701  ,  0.0164353  ,  1.01129    ])
Iter time: 308.270986795
Iter time: 595.364444971
Iter time: 1024.84726787
53      , -22419.3    , array([ 0.0120061  ,  0.0355748  ,  1.12697    ,  0.205654   ,  15.2546    ,  10.1503    ,  0.254637   ,  0.215222   ,  0.0246416  ,  0.0167767  ,  1.01144    ])
Iter time: 316.58179903
Iter time: 610.492878914
Iter time: 1049.31899905
54      , -22238.5    , array([ 0.0110132  ,  0.0379367  ,  1.12765    ,  0.201041   ,  15.7015    ,  10.7266    ,  0.242708   ,  0.254103   ,  0.0237682  ,  0.0165849  ,  1.01125    ])
Iter time: 337.840137005
Iter time: 652.482818127
Iter time: 1122.18522501
55      , -21552.4    , array([ 0.0112275  ,  0.0363891  ,  1.13234    ,  0.199066   ,  15.4011    ,  11.1904    ,  0.237281   ,  0.358192   ,  0.0222705  ,  0.0158574  ,  1.01143    ])
Iter time: 329.278341055
Iter time: 636.889506102
Iter time: 1093.36600089
56      , -21922      , array([ 0.0105538  ,  0.0332223  ,  1.13098    ,  0.203195   ,  14.931     ,  10.3708    ,  0.251227   ,  0.271225   ,  0.0233922  ,  0.015928   ,  1.01094    ])
Iter time: 299.774667978
Iter time: 578.159687996
Iter time: 994.311853886
57      , -21693.9    , array([ 0.0102583  ,  0.0385758  ,  1.13363    ,  0.202578   ,  14.4688    ,  10.2711    ,  0.25373    ,  0.296407   ,  0.0228168  ,  0.015274   ,  1.01131    ])
Iter time: 327.25481081
Iter time: 630.733166933
Iter time: 1084.75979495
58      , -21432.2    , array([ 0.00886317 ,  0.0332273  ,  1.12587    ,  0.206127   ,  14.5789    ,  10.2908    ,  0.25558    ,  0.321007   ,  0.0227862  ,  0.0156059  ,  1.01158    ])
Iter time: 352.99646306
Iter time: 679.631343126
Iter time: 1168.77362108
59      , -20543.7    , array([ 0.00744277 ,  0.0291267  ,  1.12556    ,  0.209296   ,  13.7099    ,  10.2419    ,  0.261996   ,  0.467123   ,  0.0213078  ,  0.0146337  ,  1.01201    ])
Iter time: 362.8294909
Iter time: 702.470328808
Iter time: 1209.222574
60      , -21104.9    , array([ 0.00971081 ,  0.033272   ,  1.13361    ,  0.211375   ,  14.3725    ,  11.5805    ,  0.262255   ,  0.356609   ,  0.0235348  ,  0.0152102  ,  1.01152    ])
Iter time: 337.127228975
Iter time: 650.802344084
Iter time: 1121.54465699
61      , -21087.3    , array([ 0.00943678 ,  0.032052   ,  1.13561    ,  0.217356   ,  14.0863    ,  10.5524    ,  0.244138   ,  0.399558   ,  0.0242125  ,  0.0149543  ,  1.01163    ])
Iter time: 347.401866913
Iter time: 670.953500032
Iter time: 1153.9582839
62      , -20778      , array([ 0.00971772 ,  0.0319094  ,  1.13586    ,  0.220954   ,  13.9554    ,  10.9049    ,  0.252213   ,  0.435048   ,  0.0191412  ,  0.0157114  ,  1.01162    ])
Iter time: 361.245991945
Iter time: 696.961175919
Iter time: 1200.85949707
63      , -20535.9    , array([ 0.00891509 ,  0.0279866  ,  1.14234    ,  0.213301   ,  13.1529    ,  10.3508    ,  0.260973   ,  0.476577   ,  0.0204264  ,  0.0133294  ,  1.01214    ])
Iter time: 404.819365978
Iter time: 779.901255846
Iter time: 1348.17642689
64      , -19719.3    , array([ 0.00801927 ,  0.022688   ,  1.15416    ,  0.217589   ,  11.7609    ,  10.1448    ,  0.270429   ,  0.754493   ,  0.0181528  ,  0.0112598  ,  1.01287    ])
Iter time: 375.116080999
Iter time: 724.787781954
Iter time: 1248.52670288
65      , -20319.7    , array([ 0.00980494 ,  0.0286805  ,  1.13886    ,  0.21605    ,  12.9949    ,  10.9902    ,  0.254039   ,  0.585373   ,  0.019798   ,  0.0116669  ,  1.01196    ])
Iter time: 376.743387938
Iter time: 729.214745998
Iter time: 1250.00592422
66      , -20206      , array([ 0.00762029 ,  0.0293508  ,  1.14138    ,  0.216923   ,  13.0593    ,  11.1477    ,  0.252059   ,  0.644418   ,  0.0194173  ,  0.0125915  ,  1.01181    ])
Iter time: 372.60206604
Iter time: 721.425373077
Iter time: 1238.90047789
67      , -19894.6    , array([ 0.00876078 ,  0.0276462  ,  1.14382    ,  0.222299   ,  13.334     ,  10.6995    ,  0.260812   ,  0.718709   ,  0.0192113  ,  0.0122453  ,  1.01205    ])
Iter time: 415.676863909
Iter time: 804.465922117
Iter time: 1384.35595012
68      , -19830.9    , array([ 0.00879017 ,  0.0259943  ,  1.14564    ,  0.200731   ,  12.3775    ,  11.2777    ,  0.254694   ,  0.924307   ,  0.0193271  ,  0.0139875  ,  1.01221    ])
Iter time: 394.526532888
Iter time: 761.785789967
Iter time: 1310.93476605
69      , -19658.7    , array([ 0.00783787 ,  0.0274627  ,  1.14547    ,  0.221301   ,  12.3096    ,  11.2653    ,  0.258279   ,  0.951422   ,  0.0183949  ,  0.0120379  ,  1.01278    ])
Iter time: 487.303019047
Iter time: 943.479336023
Iter time: 1621.22733498
70      , -19245.6    , array([ 0.00675451 ,  0.024969   ,  1.15278    ,  0.23095    ,  11.1768    ,  11.7411    ,  0.261878   ,  1.78195    ,  0.0163121  ,  0.0104652  ,  1.0137     ])
Iter time: 479.2496562
Iter time: 926.975535154
Iter time: 1597.63032198
71      , -19471.1    , array([ 0.00747365 ,  0.0218529  ,  1.14627    ,  0.227327   ,  12.1203    ,  11.6547    ,  0.257205   ,  1.20629    ,  0.0177424  ,  0.0117194  ,  1.01283    ])
Iter time: 459.382441044
Iter time: 1007.19607091
Iter time: 1533.54366899
72      , -19069.1    , array([ 0.00634144 ,  0.0211148  ,  1.15013    ,  0.236991   ,  10.9013    ,  10.7767    ,  0.279097   ,  1.24481    ,  0.0174417  ,  0.0106844  ,  1.01297    ])
Iter time: 454.390604973
Iter time: 879.30807209
Iter time: 1513.73548889
74      , -19380.3    , array([ 0.00678529 ,  0.0212604  ,  1.15188    ,  0.22788    ,  11.1089    ,  10.2783    ,  0.255394   ,  1.56942    ,  0.0156298  ,  0.0104462  ,  1.01315    ])
Iter time: 366.327043056
Iter time: 707.443429947
Iter time: 1216.79675913
76      , -20319.9    , array([ 0.00862196 ,  0.0286574  ,  1.13989    ,  0.218881   ,  13.1981    ,  10.7169    ,  0.251878   ,  0.581809   ,  0.0211249  ,  0.0135074  ,  1.01205    ])
Iter time: 373.133274078
Iter time: 719.883021832
Iter time: 1239.1935389
78      , -20165.6    , array([ 0.00870191 ,  0.0284542  ,  1.1402     ,  0.220591   ,  13.1034    ,  10.8858    ,  0.255994   ,  0.615173   ,  0.0188672  ,  0.0137504  ,  1.01207    ])
Iter time: 377.661046028
Iter time: 726.546419859
Iter time: 1250.29429483
80      , -20047.8    , array([ 0.00766982 ,  0.0271564  ,  1.13569    ,  0.215206   ,  12.9609    ,  10.579     ,  0.260637   ,  0.645474   ,  0.0197966  ,  0.0132329  ,  1.01226    ])
Iter time: 465.798892975
Iter time: 902.800864935
Iter time: 1552.21674514
81      , -19244.7    , array([ 0.00709293 ,  0.0221523  ,  1.15117    ,  0.223025   ,  11.3378    ,  11.1152    ,  0.268575   ,  1.39339    ,  0.0158255  ,  0.0105613  ,  1.01302    ])
Iter time: 487.153490067
Iter time: 941.589697123
Iter time: 1625.99662209
82      , -19137.6    , array([ 0.00588057 ,  0.021119   ,  1.15446    ,  0.227257   ,  11.2331    ,  10.8611    ,  0.268998   ,  1.62144    ,  0.0162124  ,  0.0120081  ,  1.0133     ])
Iter time: 509.172945976
Iter time: 986.333992004
Iter time: 1699.21694899
83      , -19036.5    , array([ 0.0072182  ,  0.019438   ,  1.1543     ,  0.228267   ,  10.8756    ,  10.6572    ,  0.274337   ,  1.74191    ,  0.0159969  ,  0.0110308  ,  1.01372    ])
Iter time: 651.245378017
Iter time: 1260.89886999
Iter time: 2166.70303297
84      , -18834.4    , array([ 0.00702519 ,  0.0158186  ,  1.16082    ,  0.234159   ,  9.92479    ,  10.4201    ,  0.286205   ,  2.86389    ,  0.0145197  ,  0.0103245  ,  1.01468    ])
Iter time: 400.234692097
Iter time: 772.973273993
Iter time: 1332.14562988
86      , -19687.4    , array([ 0.00795577 ,  0.0253835  ,  1.14494    ,  0.222157   ,  12.3396    ,  10.8711    ,  0.260774   ,  0.865783   ,  0.0180193  ,  0.0125653  ,  1.01253    ])
Iter time: 403.338752985
Iter time: 781.396366119
Iter time: 1340.54251218
88      , -19622      , array([ 0.00748152 ,  0.0247218  ,  1.14309    ,  0.219746   ,  12.245     ,  10.7301    ,  0.263134   ,  0.898766   ,  0.0183791  ,  0.0122976  ,  1.01264    ])
Iter time: 596.613910913
Iter time: 1155.07746482
Iter time: 1990.33139896
89      , -19076.6    , array([ 0.00590721 ,  0.0179521  ,  1.15717    ,  0.226007   ,  9.88252    ,  11.0761    ,  0.271025   ,  2.26949    ,  0.0150336  ,  0.0106742  ,  1.01411    ])
Iter time: 429.271362066
Iter time: 831.65446806
Iter time: 1428.59189081
91      , -19509.4    , array([ 0.00780969 ,  0.023663   ,  1.14858    ,  0.213262   ,  11.7986    ,  11.0711    ,  0.260958   ,  1.13178    ,  0.0179176  ,  0.0124913  ,  1.01273    ])
Iter time: 635.097306013
Iter time: 1227.25109482
Iter time: 2116.42089796
92      , -19187      , array([ 0.00597468 ,  0.0206086  ,  1.14788    ,  0.235072   ,  10.7613    ,  11.8299    ,  0.262648   ,  2.74016    ,  0.0151638  ,  0.0112623  ,  1.01362    ])
Iter time: 431.794348955
Iter time: 834.832261086
Iter time: 1437.31176901
94      , -19386.7    , array([ 0.00732488 ,  0.0232072  ,  1.14811    ,  0.224727   ,  11.7092    ,  10.955     ,  0.263712   ,  1.17573    ,  0.0171554  ,  0.0118362  ,  1.01294    ])
Iter time: 674.426476002
Iter time: 1306.38173199
Iter time: 2257.26122403
95      , -19100.8    , array([ 0.00605587 ,  0.0180018  ,  1.16046    ,  0.236129   ,  10.0002    ,  11.4008    ,  0.27039    ,  2.97831    ,  0.0143339  ,  0.0100386  ,  1.01409    ])
Iter time: 468.463361979
Iter time: 906.186329842
Iter time: 1559.75991201
97      , -19295.4    , array([ 0.00716701 ,  0.0220666  ,  1.1507     ,  0.221429   ,  11.3408    ,  11.0805    ,  0.264258   ,  1.42195    ,  0.0168813  ,  0.0116644  ,  1.01311    ])
Iter time: 577.727477074
Iter time: 1117.25028491
Iter time: 1927.97786808
98      , -18940.2    , array([ 0.00574438 ,  0.0194118  ,  1.16021    ,  0.231411   ,  9.68607    ,  10.4559    ,  0.279787   ,  2.72617    ,  0.0141294  ,  0.0101148  ,  1.0142     ])
Iter time: 474.771327019
Iter time: 918.122231007
Iter time: 1582.791538
100     , -19205.2    , array([ 0.00685166 ,  0.021686   ,  1.15121    ,  0.227334   ,  11.1669    ,  10.9736    ,  0.266692   ,  1.51707    ,  0.0163363  ,  0.0112712  ,  1.01328    ])
