==========================================
SLURM_JOB_ID = 18981475
SLURM_NODELIST = c8-68
==========================================
Module slurm/17.11.5 loaded 
Module openmpi/3.0.1 loaded 
Module gcc/7.3.0 loaded 
Module python/2.7.6 loaded 
Module numpy/1.11.1 loaded 
Module dadi/1.7.0 loaded 
Module matplotlib/2.0 loaded 
Module scipy/0.18.0 loaded 
Beginning. Call:
/home/hemstrow/monarch/github/F-H_2018/DADI/demographic_models/run_3d_mods.py /home/hemstrow/monarch/github/F-H_2018/Data/dadi_inputs/ dadi_snps_10kgap.txt 1st_folded_optim_10kgap_snps_dadi_out.txt lgrowth_both 10 [NAM,GUA,HAW] True 3 [0.1,0.1,1,1,5,5,.1,.1,.1,.1,2,2] [1,1,10,10,20,20,10,10,10,10,4,4] [1e-3,1e-3,1e-3,1e-3,0.01,0.01,0.01,0.01,0.01,0.01,1,1] [150,15,15] fmin

Ready to begin run. Parameters:

Model:
lgrowth_both
Maxiters:
10
Pops:
['NAM', 'GUA', 'HAW']
Projection:
[150, 15, 15]
Number of segregating sites in projected sfs:
9454.98941724
Folding spectra:
True
Level of parm folding:
3
Optimizer:
fmin
p0:
[ 0.05207823  0.13714294  0.14331237  4.95665892  7.69238568  1.20629851
  0.19734436  0.04868228  0.20119593  0.5272631   1.01        2.95306501]
Upper Bounds:
[1.0, 1.0, 10.0, 10.0, 20.0, 20.0, 10.0, 10.0, 10.0, 10.0, 4.0, 4.0]
Lower Bounds:
[0.001, 0.001, 0.001, 0.001, 0.01, 0.01, 0.01, 0.01, 0.01, 0.01, 1.0, 1.0]

Beginning optimization ************************************************
optimize_log_fmin.
Iter time: 31.7092719078
Iter time: 59.4025361538
Iter time: 100.310302973
1       , -20373.2    , array([ 0.0520782  ,  0.137143   ,  0.143312   ,  4.95666    ,  7.69239    ,  1.2063     ,  0.197344   ,  0.0486823  ,  0.201196   ,  0.527263   ,  1.01       ,  2.95307    ])
Iter time: 31.9419341087
Iter time: 59.7410109043
Iter time: 100.829769135
2       , -20376.8    , array([ 0.0449251  ,  0.137143   ,  0.143312   ,  4.95666    ,  7.69239    ,  1.2063     ,  0.197344   ,  0.0486823  ,  0.201196   ,  0.527263   ,  1.01       ,  2.95307    ])
Iter time: 31.9897959232
Iter time: 60.0885028839
Iter time: 101.517431021
3       , -20350.5    , array([ 0.0520782  ,  0.124174   ,  0.143312   ,  4.95666    ,  7.69239    ,  1.2063     ,  0.197344   ,  0.0486823  ,  0.201196   ,  0.527263   ,  1.01       ,  2.95307    ])
Iter time: 34.811068058
Iter time: 65.2690899372
Iter time: 110.228760958
4       , -20418.4    , array([ 0.0520782  ,  0.137143   ,  0.130046   ,  4.95666    ,  7.69239    ,  1.2063     ,  0.197344   ,  0.0486823  ,  0.201196   ,  0.527263   ,  1.01       ,  2.95307    ])
Iter time: 31.7051041126
Iter time: 59.3961930275
Iter time: 100.254894972
5       , -20383.8    , array([ 0.0520782  ,  0.137143   ,  0.143312   ,  5.36968    ,  7.69239    ,  1.2063     ,  0.197344   ,  0.0486823  ,  0.201196   ,  0.527263   ,  1.01       ,  2.95307    ])
Iter time: 32.1016099453
Iter time: 60.0468490124
Iter time: 101.005559921
6       , -20484.7    , array([ 0.0520782  ,  0.137143   ,  0.143312   ,  4.95666    ,  8.51852    ,  1.2063     ,  0.197344   ,  0.0486823  ,  0.201196   ,  0.527263   ,  1.01       ,  2.95307    ])
Iter time: 31.9962699413
Iter time: 59.9082770348
Iter time: 101.141505003
7       , -20390.7    , array([ 0.0520782  ,  0.137143   ,  0.143312   ,  4.95666    ,  7.69239    ,  1.21766    ,  0.197344   ,  0.0486823  ,  0.201196   ,  0.527263   ,  1.01       ,  2.95307    ])
Iter time: 31.6894741058
Iter time: 59.3850338459
Iter time: 100.258306026
8       , -20571.3    , array([ 0.0520782  ,  0.137143   ,  0.143312   ,  4.95666    ,  7.69239    ,  1.2063     ,  0.181964   ,  0.0486823  ,  0.201196   ,  0.527263   ,  1.01       ,  2.95307    ])
Iter time: 31.692237854
Iter time: 59.4805729389
Iter time: 100.472280979
9       , -20546.5    , array([ 0.0520782  ,  0.137143   ,  0.143312   ,  4.95666    ,  7.69239    ,  1.2063     ,  0.197344   ,  0.0418542  ,  0.201196   ,  0.527263   ,  1.01       ,  2.95307    ])
Iter time: 31.6947820187
Iter time: 59.3761689663
Iter time: 100.429340839
10      , -20407.7    , array([ 0.0520782  ,  0.137143   ,  0.143312   ,  4.95666    ,  7.69239    ,  1.2063     ,  0.197344   ,  0.0486823  ,  0.185695   ,  0.527263   ,  1.01       ,  2.95307    ])
Iter time: 31.7004160881
Iter time: 59.3821070194
Iter time: 100.257673979
11      , -20384.6    , array([ 0.0520782  ,  0.137143   ,  0.143312   ,  4.95666    ,  7.69239    ,  1.2063     ,  0.197344   ,  0.0486823  ,  0.201196   ,  0.510656   ,  1.01       ,  2.95307    ])
Iter time: 31.6909120083
Iter time: 59.4042651653
Iter time: 100.236917019
12      , -20373.2    , array([ 0.0520782  ,  0.137143   ,  0.143312   ,  4.95666    ,  7.69239    ,  1.2063     ,  0.197344   ,  0.0486823  ,  0.201196   ,  0.527263   ,  1.0105     ,  2.95307    ])
Iter time: 31.6967968941
Iter time: 59.3713669777
Iter time: 100.231178045
13      , -20414.2    , array([ 0.0520782  ,  0.137143   ,  0.143312   ,  4.95666    ,  7.69239    ,  1.2063     ,  0.197344   ,  0.0486823  ,  0.201196   ,  0.527263   ,  1.01       ,  3.11736    ])
Iter time: 32.3180069923
Iter time: 60.6480200291
Iter time: 102.349208117
14      , -20239.2    , array([ 0.0508115  ,  0.134891   ,  0.141011   ,  5.02322    ,  7.82429    ,  1.20819    ,  0.214024   ,  0.0474714  ,  0.198525   ,  0.524458   ,  1.01008    ,  2.97983    ])
Iter time: 32.6862139702
Iter time: 61.1313140392
Iter time: 103.203629017
15      , -20064.8    , array([ 0.0501897  ,  0.133779   ,  0.139874   ,  5.05684    ,  7.89109    ,  1.20913    ,  0.232114   ,  0.0468773  ,  0.197203   ,  0.523061   ,  1.01013    ,  2.99331    ])
Iter time: 32.5437910557
Iter time: 60.8295629025
Iter time: 102.68842411
16      , -20186.2    , array([ 0.0504996  ,  0.134334   ,  0.140441   ,  5.04       ,  7.85762    ,  1.20866    ,  0.202755   ,  0.0562688  ,  0.197863   ,  0.523759   ,  1.0101     ,  2.98656    ])
Iter time: 32.2121901512
Iter time: 60.4662218094
Iter time: 102.236801147
17      , -20201.5    , array([ 0.0502412  ,  0.133871   ,  0.139968   ,  5.05403    ,  7.00071    ,  1.20905    ,  0.203671   ,  0.0495586  ,  0.197313   ,  0.523178   ,  1.01012    ,  2.99218    ])
Iter time: 29.3984041214
Iter time: 55.0000660419
Iter time: 93.0356268883
18      , -20240.2    , array([ 0.0499414  ,  0.133334   ,  0.156149   ,  5.07044    ,  7.63177    ,  1.20951    ,  0.204745   ,  0.0497062  ,  0.196673   ,  0.5225     ,  1.01014    ,  2.99875    ])
Iter time: 31.7420859337
Iter time: 59.5202708244
Iter time: 100.631018877
19      , -20212.5    , array([ 0.0495939  ,  0.132709   ,  0.143735   ,  5.08966    ,  7.62172    ,  1.21005    ,  0.206005   ,  0.0498789  ,  0.19593    ,  0.52171    ,  1.01017    ,  2.82241    ])
Iter time: 31.7851209641
Iter time: 59.5462858677
Iter time: 100.508784056
20      , -20184.4    , array([ 0.0491915  ,  0.131984   ,  0.143805   ,  5.11217    ,  7.61       ,  1.21067    ,  0.207485   ,  0.0500812  ,  0.214192   ,  0.52079    ,  1.01019    ,  2.95704    ])
Iter time: 31.490555048
Iter time: 59.0075249672
Iter time: 100.07393384
21      , -20165.1    , array([ 0.0487262  ,  0.131144   ,  0.143887   ,  5.13855    ,  7.59636    ,  1.19822    ,  0.209225   ,  0.0503182  ,  0.199763   ,  0.519719   ,  1.01023    ,  2.9577     ])
Iter time: 32.0111069679
Iter time: 60.3979511261
Iter time: 100.436711073
22      , -20139      , array([ 0.0481889  ,  0.13017    ,  0.143983   ,  5.16951    ,  7.58047    ,  1.20816    ,  0.211273   ,  0.0505962  ,  0.199525   ,  0.538197   ,  1.01026    ,  2.95848    ])
Iter time: 31.6722121239
Iter time: 59.3889639378
Iter time: 100.120247126
23      , -20094.7    , array([ 0.0475695  ,  0.129042   ,  0.144096   ,  4.74177    ,  7.56198    ,  1.20847    ,  0.213688   ,  0.0509224  ,  0.199247   ,  0.523032   ,  1.01031    ,  2.95938    ])
Iter time: 31.4379339218
Iter time: 58.9239420891
Iter time: 99.6690080166
24      , -20059.3    , array([ 0.0556718  ,  0.12774    ,  0.144227   ,  5.09908    ,  7.54046    ,  1.20883    ,  0.216541   ,  0.0513056  ,  0.198925   ,  0.52233    ,  1.01036    ,  2.96044    ])
Iter time: 31.2668919563
Iter time: 58.670511961
Iter time: 99.2897469997
25      , -19902.7    , array([ 0.0619739  ,  0.123283   ,  0.144686   ,  5.17181    ,  7.46563    ,  1.2101     ,  0.226829   ,  0.0526699  ,  0.197798   ,  0.51988    ,  1.01054    ,  2.96413    ])
Iter time: 31.5686750412
Iter time: 59.1550679207
Iter time: 100.031146049
26      , -19980.3    , array([ 0.049438   ,  0.125491   ,  0.144456   ,  5.13532    ,  7.50295    ,  1.20946    ,  0.221625   ,  0.0519833  ,  0.198361   ,  0.521104   ,  1.01045    ,  2.96228    ])
Iter time: 31.5852031708
Iter time: 67.2864410877
Iter time: 99.9190328121
27      , -19915      , array([ 0.0490111  ,  0.123648   ,  0.144647   ,  5.16571    ,  7.47184    ,  1.20999    ,  0.225953   ,  0.0525548  ,  0.197892   ,  0.520084   ,  1.00994    ,  2.96382    ])
Iter time: 31.4578750134
Iter time: 58.861841917
Iter time: 99.5514662266
28      , -19868.7    , array([ 0.0485178  ,  0.136465   ,  0.144871   ,  5.2014     ,  7.4357     ,  1.21061    ,  0.231109   ,  0.0532296  ,  0.197347   ,  0.518897   ,  1.01043    ,  2.96562    ])
Iter time: 31.3234910965
Iter time: 63.5254869461
Iter time: 101.661375046
29      , -19634.8    , array([ 0.0468299  ,  0.143059   ,  0.145657   ,  5.32827    ,  7.31058    ,  1.21277    ,  0.2501     ,  0.0556601  ,  0.19545    ,  0.514764   ,  1.01064    ,  2.97191    ])
Iter time: 36.8474500179
Iter time: 64.513851881
Iter time: 111.716735125
30      , -19880.6    , array([ 0.0500542  ,  0.12859    ,  0.13143    ,  5.12689    ,  7.44123    ,  1.20794    ,  0.23031    ,  0.0531254  ,  0.201675   ,  0.522327   ,  1.01037    ,  2.91606    ])
Iter time: 32.1889829636
Iter time: 60.3846800327
Iter time: 102.30122304
31      , -19851.3    , array([ 0.0504826  ,  0.128518   ,  0.140667   ,  5.11374    ,  7.42135    ,  1.20705    ,  0.233196   ,  0.0535007  ,  0.203418   ,  0.523221   ,  1.01038    ,  3.11516    ])
Iter time: 31.8388421535
Iter time: 59.4521408081
Iter time: 100.28956008
32      , -19770.3    , array([ 0.049872   ,  0.126539   ,  0.144572   ,  5.15988    ,  8.15863    ,  1.20771    ,  0.24125    ,  0.0545378  ,  0.20302    ,  0.52176    ,  1.01047    ,  2.9582     ])
Iter time: 31.2206571102
Iter time: 58.8663060665
Iter time: 99.4845211506
33      , -19744.1    , array([ 0.0495134  ,  0.124853   ,  0.144783   ,  5.19455    ,  7.31458    ,  1.20794    ,  0.249464   ,  0.0477846  ,  0.203325   ,  0.520849   ,  1.01055    ,  2.95905    ])
Iter time: 32.0444481373
Iter time: 60.0730531216
Iter time: 101.480321884
34      , -19673      , array([ 0.0508854  ,  0.125905   ,  0.141556   ,  5.13489    ,  7.50291    ,  1.20548    ,  0.25138    ,  0.05327    ,  0.186203   ,  0.523828   ,  1.01052    ,  2.98894    ])
Iter time: 32.3896660805
Iter time: 60.8271458149
Iter time: 102.803247929
35      , -19608.8    , array([ 0.0517439  ,  0.125854   ,  0.14109    ,  5.10791    ,  7.50089    ,  1.21923    ,  0.257034   ,  0.0535252  ,  0.197327   ,  0.525597   ,  1.01053    ,  2.9935     ])
Iter time: 32.9329478741
Iter time: 61.7778010368
Iter time: 104.485163927
36      , -19331.9    , array([ 0.0533222  ,  0.12329    ,  0.139712   ,  5.09266    ,  7.45361    ,  1.22988    ,  0.284891   ,  0.0552046  ,  0.19612    ,  0.52856    ,  1.01069    ,  3.01156    ])
Iter time: 32.4059839249
Iter time: 60.7649960518
Iter time: 102.740354061
37      , -19502.6    , array([ 0.0532111  ,  0.125654   ,  0.14029    ,  5.06467    ,  7.4955     ,  1.2128     ,  0.267546   ,  0.0540102  ,  0.196996   ,  0.506026   ,  1.01057    ,  3.0016     ])
Iter time: 32.5256719589
Iter time: 61.2275409698
Iter time: 103.154577971
38      , -19444.3    , array([ 0.0549203  ,  0.12619    ,  0.139557   ,  5.5825     ,  7.50278    ,  1.21321    ,  0.274619   ,  0.0541933  ,  0.196897   ,  0.517837   ,  1.01056    ,  3.00778    ])
Iter time: 31.5719089508
Iter time: 59.3340711594
Iter time: 100.389330864
39      , -19376.2    , array([ 0.0528404  ,  0.120543   ,  0.143715   ,  5.32167    ,  7.12965    ,  1.21323    ,  0.260004   ,  0.0603099  ,  0.198887   ,  0.516942   ,  1.01082    ,  2.97608    ])
Iter time: 32.6926021576
Iter time: 61.6424679756
Iter time: 104.821150064
40      , -19355.2    , array([ 0.0542423  ,  0.127646   ,  0.139037   ,  5.27157    ,  7.43497    ,  1.21353    ,  0.279656   ,  0.0557496  ,  0.197814   ,  0.518192   ,  1.01056    ,  3.00958    ])
Iter time: 32.879379034
Iter time: 61.6949388981
Iter time: 104.139484882
41      , -19326.7    , array([ 0.0556473  ,  0.130237   ,  0.13794    ,  5.2583     ,  7.45977    ,  1.21359    ,  0.284223   ,  0.0556884  ,  0.198269   ,  0.518892   ,  1.01117    ,  3.01571    ])
Iter time: 33.5585770607
Iter time: 63.0388689041
Iter time: 106.221584082
42      , -19032.9    , array([ 0.0592952  ,  0.133663   ,  0.134704   ,  5.30522    ,  7.45375    ,  1.21539    ,  0.318771   ,  0.0573245  ,  0.198458   ,  0.518297   ,  1.01179    ,  3.042      ])
Iter time: 33.6248428822
Iter time: 62.9715890884
Iter time: 106.519634008
43      , -19194.7    , array([ 0.0436849  ,  0.132395   ,  0.136271   ,  5.27444    ,  7.464      ,  1.21436    ,  0.299647   ,  0.0563566  ,  0.198473   ,  0.518832   ,  1.01078    ,  3.02846    ])
Iter time: 30.3910050392
Iter time: 56.968460083
Iter time: 91.5197229385
44      , -19114.2    , array([ 0.0528748  ,  0.127549   ,  0.150922   ,  5.34588    ,  7.49228    ,  1.21761    ,  0.30835    ,  0.0564259  ,  0.194139   ,  0.515824   ,  1.01102    ,  3.09784    ])
Iter time: 31.5678699017
Iter time: 60.2202110291
Iter time: 101.713485956
45      , -19003.5    , array([ 0.0528322  ,  0.127459   ,  0.142675   ,  5.39942    ,  7.52427    ,  1.22028    ,  0.319049   ,  0.0565293  ,  0.190984   ,  0.513722   ,  1.01111    ,  2.89715    ])
Iter time: 32.02444911
Iter time: 60.1019740105
Iter time: 101.524533033
46      , -18577.7    , array([ 0.0540478  ,  0.126933   ,  0.14369    ,  5.54819    ,  7.57627    ,  1.22695    ,  0.373185   ,  0.0581073  ,  0.185055   ,  0.509037   ,  1.01148    ,  2.79394    ])
Iter time: 32.6012899876
Iter time: 61.3206119537
Iter time: 103.824714899
47      , -18927.8    , array([ 0.0542006  ,  0.12952    ,  0.13868    ,  5.41624    ,  6.76036    ,  1.22283    ,  0.331654   ,  0.0560434  ,  0.188426   ,  0.513045   ,  1.01119    ,  3.02197    ])
Iter time: 33.2115359306
Iter time: 62.3792819977
Iter time: 105.524909973
48      , -18785.7    , array([ 0.0554223  ,  0.132074   ,  0.137487   ,  5.4177     ,  7.44208    ,  1.22509    ,  0.336324   ,  0.0656862  ,  0.185772   ,  0.512651   ,  1.01122    ,  3.03171    ])
Iter time: 32.7251608372
Iter time: 61.5416331291
Iter time: 104.054132938
49      , -18716.8    , array([ 0.0547011  ,  0.132019   ,  0.13994    ,  5.52984    ,  7.24545    ,  1.2309     ,  0.350354   ,  0.0610161  ,  0.202776   ,  0.507906   ,  1.01137    ,  3.00851    ])
Iter time: 33.7625310421
Iter time: 63.5056679249
Iter time: 107.532135963
50      , -18583.2    , array([ 0.0609975  ,  0.114644   ,  0.135095   ,  5.36223    ,  7.42497    ,  1.22653    ,  0.372497   ,  0.0592971  ,  0.194371   ,  0.515696   ,  1.01136    ,  3.03193    ])
Iter time: 32.7652590275
Iter time: 61.5830988884
Iter time: 104.36838913
51      , -18584.3    , array([ 0.0549184  ,  0.128545   ,  0.139384   ,  5.69525    ,  7.2304     ,  1.2288     ,  0.367954   ,  0.0620671  ,  0.192414   ,  0.526258   ,  1.01157    ,  3.00697    ])
Iter time: 32.6865839958
Iter time: 61.4089460373
Iter time: 104.138633013
52      , -18496.7    , array([ 0.053209   ,  0.128393   ,  0.140087   ,  5.18421    ,  7.179      ,  1.23099    ,  0.376389   ,  0.0632719  ,  0.191774   ,  0.515639   ,  1.01174    ,  3.00066    ])
Iter time: 32.7668399811
Iter time: 61.6110739708
Iter time: 104.615641832
53      , -18044.9    , array([ 0.0523734  ,  0.129509   ,  0.140353   ,  4.99585    ,  7.02239    ,  1.23998    ,  0.440647   ,  0.0683665  ,  0.189262   ,  0.514544   ,  1.01233    ,  2.99711    ])
Iter time: 33.9763250351
Iter time: 64.0004429817
Iter time: 107.929586887
54      , -18321.6    , array([ 0.0552216  ,  0.136025   ,  0.135499   ,  5.38133    ,  7.53565    ,  1.23546    ,  0.434082   ,  0.0580556  ,  0.188293   ,  0.516132   ,  1.01174    ,  3.03618    ])
Iter time: 33.0439648628
Iter time: 62.0800731182
Iter time: 104.984315872
55      , -18196.3    , array([ 0.0539551  ,  0.129824   ,  0.139457   ,  5.45117    ,  7.24242    ,  1.23885    ,  0.434264   ,  0.0632301  ,  0.187764   ,  0.514546   ,  1.0122     ,  3.00679    ])
Iter time: 32.7834739685
Iter time: 61.6394479275
Iter time: 104.197352886
56      , -18035.1    , array([ 0.0549941  ,  0.135573   ,  0.138741   ,  5.70701    ,  7.18978    ,  1.22386    ,  0.457311   ,  0.0653154  ,  0.188016   ,  0.502198   ,  1.01232    ,  3.00402    ])
Iter time: 32.8249070644
Iter time: 61.6096301079
Iter time: 104.29817605
57      , -17444.6    , array([ 0.0558496  ,  0.142166   ,  0.138258   ,  6.04144    ,  7.06139    ,  1.22087    ,  0.579399   ,  0.0710454  ,  0.18409    ,  0.489514   ,  1.01314    ,  3.00025    ])
Iter time: 32.0482010841
Iter time: 60.4786989689
Iter time: 104.064206839
58      , -17880.4    , array([ 0.0699316  ,  0.127756   ,  0.142588   ,  5.63644    ,  7.11372    ,  1.24061    ,  0.485298   ,  0.0664984  ,  0.183472   ,  0.506679   ,  1.01262    ,  2.9826     ])
Iter time: 35.9210631847
Iter time: 67.5358188152
Iter time: 114.150271177
59      , -17753.5    , array([ 0.0605332  ,  0.132647   ,  0.127533   ,  5.61039    ,  7.02589    ,  1.24116    ,  0.508629   ,  0.06826    ,  0.185809   ,  0.508117   ,  1.01266    ,  2.89744    ])
Iter time: 32.6366400719
Iter time: 61.3995289803
Iter time: 103.991686106
60      , -17633.2    , array([ 0.0541651  ,  0.126418   ,  0.14159    ,  5.70633    ,  6.99297    ,  1.24779    ,  0.531847   ,  0.0691738  ,  0.179782   ,  0.504022   ,  1.01202    ,  2.92678    ])
Iter time: 33.6178190708
Iter time: 63.0902488232
Iter time: 106.765048981
61      , -17484.5    , array([ 0.0592498  ,  0.129936   ,  0.138008   ,  5.63818    ,  7.75381    ,  1.24438    ,  0.553049   ,  0.0732814  ,  0.187877   ,  0.507679   ,  1.01276    ,  2.9305     ])
Iter time: 33.057459116
Iter time: 62.2644469738
Iter time: 105.324428082
62      , -17439.2    , array([ 0.0585923  ,  0.127077   ,  0.139293   ,  5.67426    ,  7.09187    ,  1.24532    ,  0.592506   ,  0.0636743  ,  0.19092    ,  0.507244   ,  1.01299    ,  2.90461    ])
Iter time: 32.9402701855
Iter time: 62.088132143
Iter time: 105.304507971
63      , -16844.6    , array([ 0.0602446  ,  0.12465    ,  0.140204   ,  5.80706    ,  6.923      ,  1.25556    ,  0.78643    ,  0.0626916  ,  0.193547   ,  0.504562   ,  1.01388    ,  2.84307    ])
Iter time: 33.5939509869
Iter time: 63.3753869534
Iter time: 107.066940069
64      , -17199.7    , array([ 0.0603275  ,  0.125919   ,  0.136895   ,  5.6047     ,  7.22928    ,  1.24355    ,  0.650832   ,  0.0688581  ,  0.173557   ,  0.511419   ,  1.01326    ,  2.89954    ])
Iter time: 33.6679368019
Iter time: 63.3260819912
Iter time: 107.194902897
65      , -17098.9    , array([ 0.0610371  ,  0.128878   ,  0.137029   ,  5.4274     ,  7.24414    ,  1.24816    ,  0.681494   ,  0.0688737  ,  0.179786   ,  0.491238   ,  1.01334    ,  2.88349    ])
Iter time: 146491.964242
Iter time: 61.6089558601
Iter time: 177.011788845
66      , -16911.8    , array([ 0.05496    ,  0.14735    ,  0.141714   ,  5.77609    ,  7.02537    ,  1.25411    ,  0.744484   ,  0.0739125  ,  0.175677   ,  0.497256   ,  1.01388    ,  2.83593    ])
Iter time: 54.9876148701
Iter time: 87.1066579819
Iter time: 111.083312035
67      , -16698.4    , array([ 0.0622002  ,  0.136435   ,  0.13293    ,  5.62006    ,  6.79899    ,  1.25827    ,  0.833762   ,  0.0785118  ,  0.182929   ,  0.501798   ,  1.01416    ,  3.08515    ])
Iter time: 36.0842869282
Iter time: 68.2475421429
Iter time: 116.378049135
68      , -16022      , array([ 0.0667266  ,  0.141449   ,  0.127857   ,  5.65635    ,  6.44079    ,  1.27423    ,  1.24624    ,  0.0912614  ,  0.181875   ,  0.498217   ,  1.01551    ,  3.24195    ])
Iter time: 32.8952600956
Iter time: 62.1274249554
Iter time: 105.527564049
69      , -16465.9    , array([ 0.0628289  ,  0.128148   ,  0.139609   ,  5.84266    ,  6.6591     ,  1.25605    ,  0.854541   ,  0.084735   ,  0.178747   ,  0.491995   ,  1.01453    ,  2.8702     ])
Iter time: 33.8574910164
Iter time: 63.8483009338
Iter time: 108.197882175
70      , -16332.2    , array([ 0.0659565  ,  0.133978   ,  0.135671   ,  5.83487    ,  6.83243    ,  1.25549    ,  0.956198   ,  0.0816907  ,  0.177786   ,  0.489839   ,  1.01446    ,  2.87589    ])
Iter time: 34.2853639126
Iter time: 64.695194006
Iter time: 109.695430994
71      , -16221.8    , array([ 0.0706106  ,  0.135066   ,  0.134045   ,  6.53354    ,  7.01436    ,  1.25695    ,  1.07223    ,  0.0778289  ,  0.17455    ,  0.485841   ,  1.01467    ,  2.8654     ])
Iter time: 35.4808261395
Iter time: 66.8463549614
Iter time: 113.251477957
72      , -16098.6    , array([ 0.0529671  ,  0.138194   ,  0.130591   ,  5.93532    ,  6.9081     ,  1.25906    ,  1.11109    ,  0.0821413  ,  0.178568   ,  0.489941   ,  1.01473    ,  2.86016    ])
Iter time: 31.7209479809
Iter time: 59.8972349167
Iter time: 101.473294973
73      , -15995.4    , array([ 0.0598441  ,  0.134011   ,  0.146586   ,  6.01909    ,  6.97477    ,  1.26151    ,  1.20757    ,  0.0825288  ,  0.175158   ,  0.485597   ,  1.01504    ,  2.93788    ])
Iter time: 42.2976119518
Iter time: 80.2936441898
Iter time: 137.061505079
74      , -15426.7    , array([ 0.0595025  ,  0.134699   ,  0.157155   ,  6.23447    ,  6.94935    ,  1.27181    ,  1.86067    ,  0.0907455  ,  0.170064   ,  0.474715   ,  1.01623    ,  2.95832    ])
Iter time: 35.1664369106
Iter time: 67.1420288086
Iter time: 112.240447998
75      , -15727.2    , array([ 0.0679358  ,  0.142109   ,  0.134348   ,  6.00584    ,  7.0003     ,  1.2588     ,  1.42291    ,  0.0852074  ,  0.179361   ,  0.484678   ,  1.01638    ,  2.91362    ])
Iter time: 37.5892491341
Iter time: 71.2510559559
Iter time: 121.443069935
76      , -15640.6    , array([ 0.063538   ,  0.140341   ,  0.137219   ,  6.14277    ,  6.20674    ,  1.26468    ,  1.60177    ,  0.0824782  ,  0.170311   ,  0.477483   ,  1.01624    ,  2.90712    ])
Iter time: 42.3160860538
Iter time: 80.4855079651
Iter time: 137.823372841
77      , -15418.4    , array([ 0.0688709  ,  0.127991   ,  0.136799   ,  5.74866    ,  6.67039    ,  1.29662    ,  1.8113     ,  0.0872163  ,  0.171576   ,  0.493152   ,  1.01637    ,  2.82466    ])
Iter time: 69.3831880093
Iter time: 132.192770004
Iter time: 225.412070036
78      , -14846.8    , array([ 0.0764793  ,  0.121443   ,  0.136075   ,  5.60764    ,  6.48308    ,  1.33624    ,  3.20256    ,  0.0966337  ,  0.165642   ,  0.494981   ,  1.01799    ,  2.74075    ])
Iter time: 46.6863660812
Iter time: 88.849034071
Iter time: 151.641937971
79      , -15242.2    , array([ 0.0663302  ,  0.143637   ,  0.138023   ,  6.19716    ,  6.39824    ,  1.28832    ,  2.10299    ,  0.0952155  ,  0.180579   ,  0.469466   ,  1.01705    ,  2.89546    ])
Iter time: 52.6775281429
Iter time: 100.318571091
Iter time: 171.313009977
80      , -15103.5    , array([ 0.0664742  ,  0.142899   ,  0.138054   ,  6.54264    ,  6.25433    ,  1.29036    ,  2.4233     ,  0.100474   ,  0.17445    ,  0.485075   ,  1.01759    ,  2.91359    ])
Iter time: 57.5259609222
Iter time: 109.66503787
Iter time: 187.777279139
81      , -14949.6    , array([ 0.0762022  ,  0.124346   ,  0.132909   ,  6.2767     ,  6.32534    ,  1.29034    ,  2.70047    ,  0.0985393  ,  0.178322   ,  0.477227   ,  1.01766    ,  2.97582    ])
Iter time: 65.6251499653
Iter time: 124.931375027
Iter time: 213.071133137
82      , -14822.9    , array([ 0.0722944  ,  0.146932   ,  0.133149   ,  6.32467    ,  6.32301    ,  1.29473    ,  3.14001    ,  0.125271   ,  0.159662   ,  0.465971   ,  1.0183     ,  2.991      ])
Iter time: 124.181646109
Iter time: 237.054535151
Iter time: 404.987076998
83      , -14523.7    , array([ 0.079195   ,  0.159525   ,  0.129756   ,  6.60052    ,  6.04281    ,  1.31478    ,  6.27432    ,  0.177081   ,  0.145013   ,  0.447797   ,  1.02052    ,  3.06783    ])
Iter time: 82.9870049953
Iter time: 157.800740004
Iter time: 270.427855015
84      , -14838.5    , array([ 0.0720476  ,  0.148234   ,  0.132096   ,  6.41521    ,  6.46804    ,  1.30413    ,  4.02869    ,  0.104797   ,  0.166959   ,  0.470435   ,  1.01865    ,  2.99579    ])
Iter time: 93.5799691677
Iter time: 178.159656048
Iter time: 303.510515928
85      , -14771.5    , array([ 0.0696491  ,  0.144194   ,  0.135326   ,  6.5261     ,  6.24664    ,  1.313      ,  4.57564    ,  0.11331    ,  0.166113   ,  0.469333   ,  1.01942    ,  3.01029    ])
Iter time: 104.871615171
Iter time: 199.909013033
Iter time: 342.444229841
86      , -14665.7    , array([ 0.0649099  ,  0.1446     ,  0.137185   ,  5.82713    ,  5.96819    ,  1.32105    ,  5.19684    ,  0.126616   ,  0.167802   ,  0.470478   ,  1.01999    ,  3.04626    ])
Iter time: 129.551540136
Iter time: 246.864864826
Iter time: 421.207381964
87      , -14759.3    , array([ 0.0895141  ,  0.142398   ,  0.141973   ,  6.39481    ,  5.91407    ,  1.32944    ,  6.48549    ,  0.128941   ,  0.162334   ,  0.463399   ,  1.02082    ,  3.08407    ])
Iter time: 150.649765015
Iter time: 286.088504076
Iter time: 489.560233116
88      , -14627.7    , array([ 0.0746215  ,  0.139276   ,  0.147564   ,  6.84884    ,  6.25361    ,  1.32293    ,  7.61169    ,  0.122937   ,  0.156392   ,  0.450232   ,  1.02092    ,  2.69832    ])
Iter time: 174.979571819
Iter time: 334.193768024
Iter time: 571.868505001
89      , -14785.6    , array([ 0.0744489  ,  0.138166   ,  0.142647   ,  6.59306    ,  5.64662    ,  1.35028    ,  8.81638    ,  0.139967   ,  0.155003   ,  0.457156   ,  1.0208     ,  2.96422    ])
Iter time: 54.8641598225
Iter time: 104.580682039
Iter time: 178.372717857
91      , -15085.5    , array([ 0.0676665  ,  0.140141   ,  0.138049   ,  6.23559    ,  6.22224    ,  1.28757    ,  2.55729    ,  0.0970209  ,  0.167855   ,  0.473229   ,  1.0176     ,  2.92529    ])
Iter time: 187.422416925
Iter time: 357.168766022
Iter time: 609.511932135
92      , -14620.9    , array([ 0.0891659  ,  0.14635    ,  0.120113   ,  6.4268     ,  5.49688    ,  1.35391    ,  9.44631    ,  0.145144   ,  0.16058    ,  0.463138   ,  1.02194    ,  2.92345    ])
Iter time: 66.3023581505
Iter time: 126.390663147
Iter time: 216.232871056
94      , -14882      , array([ 0.0703709  ,  0.142122   ,  0.136912   ,  6.27268    ,  6.24881    ,  1.30291    ,  3.16109    ,  0.106387   ,  0.171904   ,  0.468913   ,  1.01827    ,  2.91923    ])
Iter time: 192.880092859
Iter time: 367.856193066
Iter time: 627.047131062
95      , -14735.8    , array([ 0.0846485  ,  0.138258   ,  0.133416   ,  6.11821    ,  5.95421    ,  1.34771    ,  9.73871    ,  0.14198    ,  0.153135   ,  0.449675   ,  1.02151    ,  2.97405    ])
Iter time: 77.154127121
Iter time: 147.586585045
Iter time: 250.02387619
97      , -14797.8    , array([ 0.0719129  ,  0.140271   ,  0.136683   ,  6.27609    ,  6.15075    ,  1.30553    ,  3.72661    ,  0.109368   ,  0.165003   ,  0.469125   ,  1.01874    ,  2.93649    ])
Iter time: 79.897840023
Iter time: 152.314893007
Iter time: 259.842936993
99      , -14731.5    , array([ 0.0761299  ,  0.132795   ,  0.13427    ,  6.29672    ,  6.19427    ,  1.30758    ,  3.88125    ,  0.110701   ,  0.169521   ,  0.470767   ,  1.01881    ,  2.96009    ])
Iter time: 86.7498350143
Iter time: 165.230978012
Iter time: 281.958986044
101     , -14726.4    , array([ 0.0733992  ,  0.141569   ,  0.136167   ,  6.29571    ,  6.15443    ,  1.31412    ,  4.2353     ,  0.115215   ,  0.166345   ,  0.466725   ,  1.01914    ,  2.93351    ])
Iter time: 89.6268949509
Iter time: 170.493155003
Iter time: 290.799085855
103     , -14698.1    , array([ 0.0763876  ,  0.131704   ,  0.135754   ,  5.98139    ,  6.25516    ,  1.3299     ,  4.31293    ,  0.110615   ,  0.163317   ,  0.478349   ,  1.01905    ,  2.85048    ])
Iter time: 167.893671989
Iter time: 320.655389071
Iter time: 548.571419001
104     , -14600.6    , array([ 0.0815867  ,  0.134939   ,  0.13949    ,  6.27148    ,  5.60012    ,  1.34774    ,  8.46965    ,  0.154367   ,  0.154729   ,  0.455524   ,  1.02163    ,  2.90954    ])
Iter time: 97.8601112366
Iter time: 186.632441044
Iter time: 318.917958021
106     , -14680.7    , array([ 0.0746443  ,  0.140622   ,  0.136327   ,  6.30923    ,  6.06051    ,  1.31735    ,  4.82804    ,  0.119649   ,  0.162416   ,  0.465441   ,  1.01956    ,  2.94328    ])
Iter time: 83.7299559116
Iter time: 156.638045788
Iter time: 267.487958908
107     , -14660.8    , array([ 0.0806688  ,  0.144264   ,  0.128635   ,  6.05698    ,  6.39018    ,  1.30322    ,  4.01401    ,  0.119253   ,  0.166177   ,  0.467861   ,  1.01974    ,  2.93255    ])
Iter time: 150.207829952
Iter time: 286.480601072
Iter time: 490.338448048
108     , -14519.8    , array([ 0.088365   ,  0.138244   ,  0.134453   ,  6.04351    ,  5.79828    ,  1.33856    ,  7.56725    ,  0.148567   ,  0.155073   ,  0.455484   ,  1.02119    ,  2.8751     ])
Iter time: 192.311205864
Iter time: 367.218381166
Iter time: 625.850753069
109     , -14488.8    , array([ 0.099532   ,  0.135361   ,  0.134018   ,  5.81577    ,  5.58632    ,  1.35153    ,  9.73153    ,  0.170118   ,  0.149831   ,  0.448713   ,  1.02207    ,  2.8098     ])
Iter time: 114.873583078
Iter time: 218.992624044
Iter time: 373.486202002
110     , -14421.7    , array([ 0.0699814  ,  0.13881    ,  0.126932   ,  6.0708     ,  6.06642    ,  1.32565    ,  5.71241    ,  0.13673    ,  0.156577   ,  0.458847   ,  1.01999    ,  2.7631     ])
Iter time: 108.285027981
Iter time: 206.487253904
Iter time: 352.939923048
111     , -14279.4    , array([ 0.0618769  ,  0.13705    ,  0.120019   ,  5.915      ,  6.14405    ,  1.32376    ,  5.36114    ,  0.140799   ,  0.153775   ,  0.456588   ,  1.01958    ,  2.61536    ])
Iter time: 71.5107440948
Iter time: 136.447628975
Iter time: 232.741749048
112     , -14657.5    , array([ 0.0702382  ,  0.142758   ,  0.132711   ,  6.30963    ,  6.05713    ,  1.30377    ,  3.44393    ,  0.124      ,  0.166098   ,  0.474055   ,  1.01898    ,  2.80459    ])
Iter time: 167.972919226
Iter time: 320.07456398
Iter time: 546.337241173
113     , -14505.3    , array([ 0.077056   ,  0.150434   ,  0.131611   ,  6.13285    ,  5.8007     ,  1.34313    ,  8.47092    ,  0.162073   ,  0.149534   ,  0.453341   ,  1.02171    ,  2.79259    ])
Iter time: 172.107805967
Iter time: 328.165518999
Iter time: 560.611341953
114     , -14441.2    , array([ 0.080573   ,  0.142546   ,  0.129044   ,  6.1071     ,  5.78093    ,  1.34131    ,  8.7135     ,  0.164836   ,  0.149706   ,  0.455055   ,  1.02181    ,  2.79486    ])
Iter time: 186.929445982
Iter time: 356.275936842
Iter time: 610.893313169
115     , -14462.5    , array([ 0.0781122  ,  0.155257   ,  0.128347   ,  6.45034    ,  5.61358    ,  1.32728    ,  9.62072    ,  0.183494   ,  0.150287   ,  0.440318   ,  1.02236    ,  2.86684    ])
Iter time: 189.342195988
Iter time: 361.29778409
Iter time: 616.696512938
116     , -14389.4    , array([ 0.0805438  ,  0.14783    ,  0.12653    ,  6.13775    ,  5.72038    ,  1.34161    ,  9.64086    ,  0.182171   ,  0.149178   ,  0.448364   ,  1.02232    ,  2.76431    ])
Iter time: 194.898004055
Iter time: 371.503600836
Iter time: 634.140182972
117     , -14325.9    , array([ 0.0960149  ,  0.144293   ,  0.124055   ,  6.70334    ,  5.76795    ,  1.34131    ,  9.92832    ,  0.182907   ,  0.141587   ,  0.440019   ,  1.02228    ,  2.62797    ])
Iter time: 111.876209974
Iter time: 213.12629509
Iter time: 363.421971083
119     , -14496.9    , array([ 0.0803834  ,  0.144356   ,  0.129346   ,  6.17873    ,  6.09703    ,  1.31869    ,  5.5761     ,  0.137137   ,  0.15898    ,  0.460204   ,  1.02054    ,  2.86738    ])
Iter time: 106.110550165
Iter time: 203.577291012
Iter time: 344.876516104
121     , -14464.7    , array([ 0.0754296  ,  0.143668   ,  0.131239   ,  6.30077    ,  5.93765    ,  1.31959    ,  5.26973    ,  0.140428   ,  0.158652   ,  0.462669   ,  1.02023    ,  2.80671    ])
Iter time: 159.404953003
Iter time: 303.977313042
Iter time: 519.140166044
122     , -14230.6    , array([ 0.088092   ,  0.15087    ,  0.111937   ,  5.7005     ,  5.37083    ,  1.34783    ,  8.03429    ,  0.210337   ,  0.147191   ,  0.454945   ,  1.02191    ,  2.94313    ])
Iter time: 163.783196926
Iter time: 313.675087214
Iter time: 537.06964016
123     , -14010.1    , array([ 0.0957134  ,  0.157024   ,  0.0974923  ,  5.20068    ,  4.97733    ,  1.36046    ,  8.25431    ,  0.275126   ,  0.142796   ,  0.457321   ,  1.02241    ,  3.07373    ])
Iter time: 125.370824099
Iter time: 238.757555008
Iter time: 407.575086117
124     , -14161.7    , array([ 0.0745985  ,  0.145273   ,  0.132818   ,  5.86425    ,  6.00992    ,  1.31804    ,  6.32999    ,  0.198192   ,  0.140575   ,  0.441337   ,  1.02097    ,  2.73928    ])
Iter time: 132.926950932
Iter time: 253.483342886
Iter time: 433.499981165
125     , -14128.9    , array([ 0.0803209  ,  0.159507   ,  0.113438   ,  5.94262    ,  5.96898    ,  1.31917    ,  6.72547    ,  0.194277   ,  0.143577   ,  0.446354   ,  1.02117    ,  2.72485    ])
Iter time: 181.908670902
Iter time: 346.888757944
Iter time: 592.686542034
126     , -14150.7    , array([ 0.0829415  ,  0.134921   ,  0.119247   ,  5.54843    ,  5.52037    ,  1.353      ,  9.18434    ,  0.171992   ,  0.152942   ,  0.453812   ,  1.02239    ,  2.5337     ])
Iter time: 136.334985018
Iter time: 259.662695169
Iter time: 443.308053017
127     , -14088.3    , array([ 0.086296   ,  0.140503   ,  0.115649   ,  5.87268    ,  5.7035     ,  1.32605    ,  6.89504    ,  0.189789   ,  0.148877   ,  0.44834    ,  1.02131    ,  2.73865    ])
Iter time: 130.971256018
Iter time: 249.925367832
Iter time: 426.044450998
129     , -14365.8    , array([ 0.081202   ,  0.144706   ,  0.125736   ,  6.07652    ,  5.90551    ,  1.32691    ,  6.58603    ,  0.1572     ,  0.153594   ,  0.454999   ,  1.02106    ,  2.81059    ])
Iter time: 115.801872015
Iter time: 220.54558897
Iter time: 377.632453918
130     , -14112.8    , array([ 0.065349   ,  0.157185   ,  0.110294   ,  6.18571    ,  5.91137    ,  1.315      ,  5.82632    ,  0.188379   ,  0.147574   ,  0.452043   ,  1.02091    ,  2.70124    ])
Iter time: 125.82419014
Iter time: 240.063364983
Iter time: 410.046249151
132     , -14329.8    , array([ 0.077531   ,  0.145306   ,  0.125405   ,  6.14275    ,  5.84024    ,  1.32616    ,  6.32565    ,  0.160505   ,  0.153132   ,  0.456039   ,  1.02089    ,  2.77629    ])
Iter time: 113.351143122
Iter time: 215.943985224
Iter time: 369.328336954
133     , -14069.7    , array([ 0.0812004  ,  0.137584   ,  0.111445   ,  5.51497    ,  5.91723    ,  1.33806    ,  5.58837    ,  0.179365   ,  0.145816   ,  0.461573   ,  1.02049    ,  2.61662    ])
Iter time: 114.366961002
Iter time: 218.174724102
Iter time: 372.229629993
134     , -13981.3    , array([ 0.0788223  ,  0.14897    ,  0.108168   ,  5.72676    ,  5.7683     ,  1.32353    ,  5.72992    ,  0.202498   ,  0.145741   ,  0.447684   ,  1.02082    ,  2.65468    ])
Iter time: 93.4612879753
Iter time: 178.464924097
Iter time: 304.685698986
135     , -13844.7    , array([ 0.0779613  ,  0.15229    ,  0.099033   ,  5.54556    ,  5.76199    ,  1.31472    ,  4.64651    ,  0.224443   ,  0.143798   ,  0.444043   ,  1.02032    ,  2.58725    ])
Iter time: 92.9711828232
Iter time: 177.206440926
Iter time: 302.581772089
136     , -14052.8    , array([ 0.0784238  ,  0.14436    ,  0.105903   ,  5.60261    ,  5.8364     ,  1.31877    ,  4.58558    ,  0.189714   ,  0.145364   ,  0.453632   ,  1.01998    ,  2.65458    ])
Iter time: 126.814132929
Iter time: 241.198529005
Iter time: 411.797600031
137     , -13821.1    , array([ 0.0773381  ,  0.147417   ,  0.103566   ,  5.583      ,  5.64236    ,  1.33202    ,  6.31948    ,  0.226847   ,  0.139895   ,  0.446793   ,  1.02106    ,  2.58614    ])
Iter time: 123.313997984
Iter time: 235.31364584
Iter time: 402.205971003
138     , -13544.5    , array([ 0.0754756  ,  0.148791   ,  0.093993   ,  5.35147    ,  5.51521    ,  1.33458    ,  6.19027    ,  0.272505   ,  0.133511   ,  0.442745   ,  1.02106    ,  2.48073    ])
Iter time: 130.692914963
Iter time: 249.032799006
Iter time: 425.287374973
139     , -13723.6    , array([ 0.080638   ,  0.147389   ,  0.0989675  ,  5.39732    ,  5.65122    ,  1.33418    ,  6.55593    ,  0.242667   ,  0.137147   ,  0.443582   ,  1.02126    ,  2.56942    ])
Iter time: 80.0500409603
Iter time: 152.824496031
Iter time: 261.576498032
140     , -13934.7    , array([ 0.0632475  ,  0.14895    ,  0.096347   ,  4.77051    ,  5.70259    ,  1.31794    ,  3.89783    ,  0.22322    ,  0.147545   ,  0.460349   ,  1.0197     ,  2.70427    ])
Iter time: 135.156961203
Iter time: 258.373348951
Iter time: 441.137360096
141     , -13599.5    , array([ 0.0985008  ,  0.159013   ,  0.0960062  ,  5.21597    ,  5.28739    ,  1.33444    ,  6.84493    ,  0.313125   ,  0.134917   ,  0.444251   ,  1.02241    ,  2.73249    ])
Iter time: 119.404006004
Iter time: 225.918603897
Iter time: 385.31334281
142     , -13712.5    , array([ 0.0855768  ,  0.15229    ,  0.0821864  ,  5.15939    ,  5.29122    ,  1.34298    ,  5.87333    ,  0.24007    ,  0.146579   ,  0.460107   ,  1.02126    ,  2.6078     ])
Iter time: 76.6160640717
Iter time: 146.259800911
Iter time: 249.825998068
143     , -13849.2    , array([ 0.077371   ,  0.167317   ,  0.0860339  ,  5.3874     ,  5.71989    ,  1.30667    ,  3.75733    ,  0.292451   ,  0.133775   ,  0.448487   ,  1.01966    ,  2.83297    ])
Iter time: 94.747396946
Iter time: 181.332340956
Iter time: 309.903892994
144     , -13627.7    , array([ 0.0793987  ,  0.142659   ,  0.0863658  ,  4.94847    ,  5.25256    ,  1.33805    ,  4.65654    ,  0.277171   ,  0.140832   ,  0.456344   ,  1.02063    ,  2.65137    ])
Iter time: 104.962151051
Iter time: 200.641464949
Iter time: 343.309042931
145     , -13502.1    , array([ 0.100809   ,  0.142446   ,  0.0852805  ,  4.58043    ,  5.20031    ,  1.34618    ,  5.1781     ,  0.30485    ,  0.135954   ,  0.451312   ,  1.02084    ,  2.66625    ])
Iter time: 100.074178934
Iter time: 191.666100979
Iter time: 327.748648167
146     , -13195.2    , array([ 0.125207   ,  0.135603   ,  0.0749893  ,  3.94154    ,  4.87753    ,  1.36205    ,  4.88155    ,  0.387804   ,  0.130492   ,  0.450946   ,  1.0208     ,  2.64893    ])
Iter time: 85.0556299686
Iter time: 162.919929981
Iter time: 278.701838017
147     , -13490.8    , array([ 0.0812244  ,  0.158418   ,  0.0756661  ,  4.51437    ,  5.25113    ,  1.34094    ,  4.13077    ,  0.340857   ,  0.131835   ,  0.45548    ,  1.02035    ,  2.61527    ])
Iter time: 97.203168869
Iter time: 185.82346487
Iter time: 317.70519805
148     , -13318.2    , array([ 0.0863257  ,  0.165626   ,  0.0736129  ,  4.64943    ,  4.96171    ,  1.32939    ,  4.84627    ,  0.401402   ,  0.13236    ,  0.441443   ,  1.02115    ,  2.73701    ])
Iter time: 119.42526412
Iter time: 228.569183111
Iter time: 391.896229029
149     , -13180.1    , array([ 0.0908238  ,  0.16151    ,  0.0729089  ,  4.43664    ,  4.89612    ,  1.35063    ,  5.96074    ,  0.429996   ,  0.130714   ,  0.447135   ,  1.02186    ,  2.71165    ])
Iter time: 135.680766106
Iter time: 260.798177958
Iter time: 445.265548944
150     , -12727.7    , array([ 0.0977407  ,  0.170835   ,  0.0604946  ,  3.94809    ,  4.48441    ,  1.36684    ,  6.796      ,  0.647362   ,  0.123953   ,  0.443922   ,  1.0228     ,  2.74064    ])
Iter time: 66.774739027
Iter time: 127.557318926
Iter time: 217.562420845
151     , -13360.8    , array([ 0.0746779  ,  0.150584   ,  0.0731438  ,  4.56498    ,  5.64225    ,  1.31027    ,  3.20584    ,  0.341954   ,  0.129963   ,  0.441336   ,  1.01949    ,  2.29753    ])
Iter time: 130.657888889
Iter time: 250.320466995
Iter time: 427.807872772
152     , -13026.9    , array([ 0.116184   ,  0.159036   ,  0.0706914  ,  4.94023    ,  4.91595    ,  1.35122    ,  6.57133    ,  0.45252    ,  0.123149   ,  0.435362   ,  1.02216    ,  2.54144    ])
Iter time: 150.189065933
Iter time: 286.795196056
Iter time: 490.134647131
153     , -13045.5    , array([ 0.101634   ,  0.140386   ,  0.0766157  ,  4.31182    ,  4.7789     ,  1.37051    ,  7.48273    ,  0.371463   ,  0.133964   ,  0.44467    ,  1.02262    ,  2.38246    ])
Iter time: 132.138899088
Iter time: 253.082707882
Iter time: 432.685889006
154     , -12808.3    , array([ 0.105422   ,  0.15216    ,  0.0637721  ,  4.0168     ,  4.59835    ,  1.37158    ,  6.55089    ,  0.526417   ,  0.123163   ,  0.449227   ,  1.02234    ,  2.57312    ])
Iter time: 94.7499229908
Iter time: 181.611461163
Iter time: 311.768875837
155     , -12870.5    , array([ 0.106578   ,  0.158056   ,  0.0593072  ,  3.92884    ,  4.53011    ,  1.35782    ,  4.64235    ,  0.553961   ,  0.126842   ,  0.450642   ,  1.02159    ,  2.5916     ])
Iter time: 100.671079874
Iter time: 192.744279861
Iter time: 329.714189053
156     , -12607.2    , array([ 0.104169   ,  0.15392    ,  0.0676371  ,  3.92755    ,  4.7147     ,  1.3514     ,  4.98269    ,  0.643689   ,  0.115854   ,  0.432955   ,  1.02163    ,  2.55082    ])
Iter time: 92.9966728687
Iter time: 178.280215025
Iter time: 305.31388402
157     , -11983.9    , array([ 0.114929   ,  0.154742   ,  0.0613589  ,  3.42676    ,  4.45045    ,  1.35562    ,  4.58937    ,  1.05401    ,  0.102999   ,  0.419985   ,  1.02182    ,  2.5228     ])
Iter time: 125.093513966
Iter time: 239.652678013
Iter time: 411.862505913
158     , -12461.3    , array([ 0.119413   ,  0.166552   ,  0.0607993  ,  3.85168    ,  4.62003    ,  1.35933    ,  6.26949    ,  0.696545   ,  0.114456   ,  0.430526   ,  1.02247    ,  2.48819    ])
Iter time: 92.3087229729
Iter time: 176.898089886
Iter time: 302.886088848
159     , -12480.2    , array([ 0.0993938  ,  0.150581   ,  0.0506844  ,  3.47408    ,  4.48754    ,  1.36722    ,  4.20311    ,  0.70445    ,  0.116243   ,  0.439937   ,  1.02069    ,  2.37694    ])
Iter time: 99.5078599453
Iter time: 191.157656908
Iter time: 328.660831213
160     , -12266.8    , array([ 0.135806   ,  0.161248   ,  0.0467062  ,  3.15086    ,  4.15683    ,  1.37259    ,  4.3572     ,  0.948289   ,  0.114787   ,  0.440966   ,  1.02199    ,  2.59958    ])
Iter time: 131.386334181
Iter time: 252.093327999
Iter time: 431.714586973
161     , -12041.6    , array([ 0.137481   ,  0.151896   ,  0.0535362  ,  3.51785    ,  4.1991     ,  1.3714     ,  6.58792    ,  0.89909    ,  0.113593   ,  0.42633    ,  1.02297    ,  2.46338    ])
Iter time: 192.108901978
Iter time: 369.309725046
Iter time: 633.674350977
162     , -12139.9    , array([ 0.165544   ,  0.160029   ,  0.0525755  ,  3.331      ,  3.72027    ,  1.41421    ,  9.57131    ,  1.05288    ,  0.112673   ,  0.437463   ,  1.02442    ,  2.83682    ])
Iter time: 144.786961079
Iter time: 278.458276987
Iter time: 475.441270113
163     , -11764.8    , array([ 0.159622   ,  0.144664   ,  0.0493907  ,  3.09369    ,  4.03229    ,  1.40831    ,  7.09198    ,  1.05334    ,  0.107702   ,  0.436697   ,  1.02329    ,  2.39557    ])
Iter time: 176.949038982
Iter time: 340.611629963
Iter time: 584.531352997
164     , -10881.7    , array([ 0.217055   ,  0.1352     ,  0.0404567  ,  2.52356    ,  3.63507    ,  1.44952    ,  8.57921    ,  1.70633    ,  0.0971536  ,  0.434344   ,  1.02437    ,  2.24117    ])
Iter time: 155.002310991
Iter time: 296.515669823
Iter time: 507.704936981
165     , -11528      , array([ 0.120623   ,  0.176606   ,  0.0437453  ,  3.38794    ,  3.90573    ,  1.38887    ,  7.73448    ,  1.39565    ,  0.104003   ,  0.42483    ,  1.02424    ,  2.40721    ])
Iter time: 119.170121908
Iter time: 229.183089018
Iter time: 393.368938923
166     , -11425.1    , array([ 0.152903   ,  0.177242   ,  0.0389986  ,  2.975      ,  3.85452    ,  1.38336    ,  5.0737     ,  1.81671    ,  0.0971222  ,  0.427562   ,  1.02269    ,  2.68106    ])
Iter time: 124.102030993
Iter time: 237.3243258
Iter time: 406.245095015
167     , -11084.8    , array([ 0.14002    ,  0.159309   ,  0.0382778  ,  2.38611    ,  3.59819    ,  1.40862    ,  5.53362    ,  1.88006    ,  0.101552   ,  0.435389   ,  1.02323    ,  2.53586    ])
Iter time: 162.289514065
Iter time: 311.970027924
Iter time: 534.74286294
168     , -10994.9    , array([ 0.159742   ,  0.160507   ,  0.0424143  ,  2.76107    ,  3.75762    ,  1.41038    ,  8.06561    ,  1.88269    ,  0.095008   ,  0.418219   ,  1.02409    ,  2.47778    ])
Iter time: 127.205635071
Iter time: 244.694733143
Iter time: 419.965207815
169     , -10683.3    , array([ 0.173076   ,  0.168218   ,  0.0368527  ,  2.53704    ,  3.57935    ,  1.40273    ,  5.91739    ,  2.45002    ,  0.0937037  ,  0.414566   ,  1.02362    ,  2.47992    ])
Iter time: 166.316649914
Iter time: 320.662395
Iter time: 550.96470499
170     , -9624.48    , array([ 0.221764   ,  0.176872   ,  0.0280149  ,  2.01628    ,  3.15795    ,  1.41857    ,  5.624      ,  5.28553    ,  0.0817324  ,  0.398251   ,  1.02426    ,  2.43459    ])
Iter time: 138.260390043
Iter time: 265.978103161
Iter time: 454.795131922
171     , -10329.5    , array([ 0.213991   ,  0.150698   ,  0.0341714  ,  2.30771    ,  3.46192    ,  1.41635    ,  5.52684    ,  2.8271     ,  0.0868637  ,  0.411997   ,  1.02341    ,  2.28284    ])
Iter time: 187.320358992
Iter time: 360.900132179
Iter time: 619.857932806
172     , -10143.1    , array([ 0.239121   ,  0.17099    ,  0.0381917  ,  2.44974    ,  3.31308    ,  1.42431    ,  9.35355    ,  3.27507    ,  0.0882351  ,  0.411207   ,  1.02598    ,  2.61448    ])
Iter time: 160.337926865
Iter time: 309.361392021
Iter time: 532.320492029
173     , -9766.75    , array([ 0.223454   ,  0.155272   ,  0.0294639  ,  2.04905    ,  3.04458    ,  1.44377    ,  6.70304    ,  4.28713    ,  0.0858097  ,  0.416993   ,  1.02477    ,  2.51827    ])
Iter time: 110.232111931
Iter time: 211.896685123
Iter time: 363.667474031
175     , -11642.2    , array([ 0.152065   ,  0.160777   ,  0.0436162  ,  2.92233    ,  3.89753    ,  1.3896     ,  5.41096    ,  1.36317    ,  0.105372   ,  0.431244   ,  1.02292    ,  2.54755    ])
Iter time: 154.052083969
Iter time: 292.468707085
Iter time: 502.005151987
176     , -10035.7    , array([ 0.172673   ,  0.160713   ,  0.0305869  ,  2.15778    ,  3.61767    ,  1.3954     ,  4.28971    ,  3.80746    ,  0.0821195  ,  0.405606   ,  1.02304    ,  2.15809    ])
Iter time: 172.532367945
Iter time: 333.559658051
Iter time: 574.625405788
177     , -9508.33    , array([ 0.215968   ,  0.170918   ,  0.0273623  ,  1.88334    ,  3.1265     ,  1.44312    ,  5.80227    ,  5.67132    ,  0.0771665  ,  0.412756   ,  1.0245     ,  2.43105    ])
Iter time: 228.428862095
Iter time: 443.43124795
Iter time: 759.276352882
179     , -9238.06    , array([ 0.286988   ,  0.170577   ,  0.0208674  ,  1.74983    ,  2.78133    ,  1.47522    ,  8.66098    ,  6.40396    ,  0.0811053  ,  0.41778    ,  1.0261     ,  2.35917    ])
Iter time: 183.161558867
Iter time: 356.339794159
Iter time: 606.972792149
181     , -9201.6     , array([ 0.241121   ,  0.165801   ,  0.0259618  ,  1.88377    ,  3.00224    ,  1.45356    ,  7.94501    ,  6.40806    ,  0.0758945  ,  0.404727   ,  1.02553    ,  2.30653    ])
Iter time: 199.735026121
Iter time: 386.191420078
Iter time: 665.324131012
183     , -9180.96    , array([ 0.34117    ,  0.149361   ,  0.0237293  ,  1.47345    ,  2.8674     ,  1.46539    ,  5.58318    ,  8.06909    ,  0.0729595  ,  0.407532   ,  1.02441    ,  2.42368    ])
Iter time: 196.436568022
Iter time: 379.12826395
Iter time: 651.802895069
185     , -8847.53    , array([ 0.307663   ,  0.14464    ,  0.0245024  ,  1.49254    ,  2.76572    ,  1.48543    ,  8.64797    ,  7.94766    ,  0.0744911  ,  0.401703   ,  1.02626    ,  2.13982    ])
Iter time: 205.862714052
Iter time: 399.724140167
Iter time: 685.21292901
187     , -8860.12    , array([ 0.383076   ,  0.158352   ,  0.023175   ,  1.72093    ,  2.83561    ,  1.47175    ,  8.54175    ,  9.76559    ,  0.0676552  ,  0.389222   ,  1.02622    ,  2.19922    ])
Iter time: 151.759485006
Iter time: 291.956912994
Iter time: 502.334424973
189     , -10182      , array([ 0.199483   ,  0.159576   ,  0.0346586  ,  2.31925    ,  3.42409    ,  1.42757    ,  7.46441    ,  3.0419     ,  0.0874951  ,  0.413686   ,  1.0245     ,  2.40697    ])
Iter time: 157.928316116
Iter time: 302.797528028
Iter time: 519.894443989
191     , -10116.9    , array([ 0.231715   ,  0.147472   ,  0.0336318  ,  2.20947    ,  3.35941    ,  1.44632    ,  7.65388    ,  2.96653    ,  0.0880924  ,  0.42073    ,  1.02464    ,  2.29598    ])
Iter time: 209.221698046
Iter time: 404.235419989
Iter time: 697.345640898
192     , -8890.99    , array([ 0.289759   ,  0.171083   ,  0.0228143  ,  1.60988    ,  2.77034    ,  1.47555    ,  8.90684    ,  9.48447    ,  0.0736232  ,  0.404549   ,  1.02663    ,  2.42587    ])
Iter time: 155.38678503
Iter time: 299.299391031
Iter time: 514.823107004
194     , -9719.99    , array([ 0.226369   ,  0.160536   ,  0.0305707  ,  2.08238    ,  3.22776    ,  1.43856    ,  7.29029    ,  4.1614     ,  0.0830484  ,  0.41058    ,  1.02484    ,  2.38074    ])
Iter time: 163.88065505
Iter time: 315.938672066
Iter time: 542.742268801
196     , -9659.9     , array([ 0.247276   ,  0.165742   ,  0.0317949  ,  2.12572    ,  3.17156    ,  1.43751    ,  8.07654    ,  4.36125    ,  0.0831886  ,  0.409322   ,  1.02554    ,  2.47158    ])
Iter time: 160.398536205
Iter time: 309.463484049
Iter time: 531.398425102
198     , -9662.89    , array([ 0.244076   ,  0.154673   ,  0.0297668  ,  2.01554    ,  3.18601    ,  1.44821    ,  7.32236    ,  4.21792    ,  0.0829232  ,  0.41356    ,  1.02491    ,  2.32327    ])
Iter time: 167.800810099
Iter time: 319.001866817
Iter time: 548.655900955
200     , -9637.06    , array([ 0.213758   ,  0.16121    ,  0.0283552  ,  1.98618    ,  3.28875    ,  1.42469    ,  5.60531    ,  4.79893    ,  0.0800951  ,  0.406388   ,  1.02418    ,  2.25936    ])
Iter time: 204.729465961
Iter time: 394.978487968
Iter time: 678.620891094
201     , -8946.72    , array([ 0.31106    ,  0.16947    ,  0.023302   ,  1.62273    ,  2.97386    ,  1.46226    ,  7.76831    ,  8.69566    ,  0.0703084  ,  0.395877   ,  1.02579    ,  2.18197    ])
Iter time: 169.541084051
Iter time: 326.980801105
Iter time: 562.228013992
203     , -9441.75    , array([ 0.247553   ,  0.161739   ,  0.0279841  ,  1.92849    ,  3.10585    ,  1.44674    ,  7.27229    ,  5.19784    ,  0.0797605  ,  0.407813   ,  1.0251     ,  2.35378    ])
Iter time: 172.884073973
Iter time: 336.008509874
Iter time: 572.797545195
205     , -9408.26    , array([ 0.257204   ,  0.159053   ,  0.0275427  ,  1.8938     ,  3.08242    ,  1.45152    ,  7.28618    ,  5.27877    ,  0.0795714  ,  0.409052   ,  1.02514    ,  2.32646    ])
Iter time: 167.73810482
Iter time: 324.008148193
Iter time: 555.994781017
207     , -9389.57    , array([ 0.259309   ,  0.164364   ,  0.0282957  ,  1.93553    ,  3.07177    ,  1.44674    ,  7.61946    ,  5.41058    ,  0.0795511  ,  0.406939   ,  1.02544    ,  2.39353    ])
Iter time: 214.920097113
Iter time: 415.503298044
Iter time: 714.901051044
208     , -8832.71    , array([ 0.357248   ,  0.165336   ,  0.0223555  ,  1.55705    ,  2.66097    ,  1.49185    ,  9.70209    ,  9.57841    ,  0.0721702  ,  0.402853   ,  1.02671    ,  2.40101    ])
Iter time: 178.819290876
Iter time: 346.537311077
Iter time: 595.302630901
211     , -9351.78    , array([ 0.252521   ,  0.169453   ,  0.0263097  ,  1.86285    ,  3.03474    ,  1.44111    ,  6.58805    ,  6.13638    ,  0.0784218  ,  0.401614   ,  1.02496    ,  2.37988    ])
Iter time: 182.592413902
Iter time: 352.524485111
Iter time: 606.404603958
213     , -9293.47    , array([ 0.250828   ,  0.166517   ,  0.0259589  ,  1.79957    ,  3.01584    ,  1.45345    ,  6.72715    ,  6.37729    ,  0.0762511  ,  0.408396   ,  1.02509    ,  2.37605    ])
Iter time: 181.561271906
Iter time: 350.704163074
Iter time: 602.72945118
215     , -9249.49    , array([ 0.268691   ,  0.16218    ,  0.0261702  ,  1.81577    ,  3.00219    ,  1.45555    ,  7.50685    ,  6.15752    ,  0.0773769  ,  0.405967   ,  1.0254     ,  2.3389     ])
Iter time: 183.700538158
Iter time: 354.603732824
Iter time: 611.85879612
217     , -9229.82    , array([ 0.274377   ,  0.160959   ,  0.0259077  ,  1.79622    ,  2.98756    ,  1.45812    ,  7.52336    ,  6.24522    ,  0.0771951  ,  0.406455   ,  1.02543    ,  2.32581    ])
Iter time: 181.526663065
Iter time: 350.564130068
Iter time: 603.251044035
219     , -9214.17    , array([ 0.276147   ,  0.163481   ,  0.0261632  ,  1.81026    ,  2.97894    ,  1.45619    ,  7.68943    ,  6.36061    ,  0.0770886  ,  0.405384   ,  1.02558    ,  2.35627    ])
Iter time: 217.128211021
Iter time: 419.278507948
Iter time: 721.446216106
220     , -8824.41    , array([ 0.347619   ,  0.1551     ,  0.0222231  ,  1.53147    ,  2.7416     ,  1.4933     ,  9.37913    ,  9.16629    ,  0.0709562  ,  0.406702   ,  1.02657    ,  2.25708    ])
Iter time: 218.797575951
Iter time: 422.962750912
Iter time: 729.608888865
222     , -8800.68    , array([ 0.369526   ,  0.155978   ,  0.0219475  ,  1.54327    ,  2.71529    ,  1.48732    ,  9.7083     ,  9.36977    ,  0.0721061  ,  0.399671   ,  1.02668    ,  2.24145    ])
Iter time: 191.87698698
Iter time: 370.56311202
Iter time: 637.496445894
225     , -9108.91    , array([ 0.289833   ,  0.161407   ,  0.0248106  ,  1.72779    ,  2.91882    ,  1.46421    ,  7.87274    ,  7.02087    ,  0.0755237  ,  0.404724   ,  1.02569    ,  2.31917    ])
Iter time: 213.708726883
Iter time: 413.763693094
Iter time: 710.504413843
227     , -9097.95    , array([ 0.299662   ,  0.165152   ,  0.0223152  ,  1.69523    ,  2.81507    ,  1.47361    ,  8.42275    ,  7.18748    ,  0.0770925  ,  0.410027   ,  1.02603    ,  2.32754    ])
Iter time: 192.854304075
Iter time: 374.364192009
Iter time: 641.425276995
229     , -9088.98    , array([ 0.294083   ,  0.160601   ,  0.0247104  ,  1.71342    ,  2.91034    ,  1.46569    ,  7.88715    ,  7.13952    ,  0.075207   ,  0.404579   ,  1.02572    ,  2.31109    ])
Iter time: 192.340220928
Iter time: 371.597317934
Iter time: 639.486075878
231     , -9076.85    , array([ 0.295804   ,  0.161734   ,  0.0247729  ,  1.71616    ,  2.90332    ,  1.46512    ,  7.98216    ,  7.23994    ,  0.0750778  ,  0.404012   ,  1.0258     ,  2.3243     ])
Iter time: 193.472478867
Iter time: 374.433131933
Iter time: 644.136159182
233     , -9067.99    , array([ 0.278773   ,  0.162709   ,  0.0246292  ,  1.74388    ,  2.91059    ,  1.46428    ,  8.11531    ,  7.30395    ,  0.0744605  ,  0.403655   ,  1.02578    ,  2.30037    ])
Iter time: 201.705264091
Iter time: 391.97737813
Iter time: 671.034693003
235     , -9052.07    , array([ 0.328824   ,  0.154984   ,  0.023583   ,  1.55317    ,  2.84625    ,  1.47018    ,  6.90981    ,  8.16214    ,  0.0730685  ,  0.40489    ,  1.02529    ,  2.35294    ])
Iter time: 219.53868413
Iter time: 422.130980968
Iter time: 729.687390089
236     , -8808.32    , array([ 0.353915   ,  0.15915    ,  0.021954   ,  1.52407    ,  2.72323    ,  1.48685    ,  9.08933    ,  9.95583    ,  0.0705149  ,  0.399847   ,  1.02655    ,  2.25532    ])
Iter time: 210.652999163
Iter time: 404.596930981
Iter time: 695.734020948
238     , -9002.47    , array([ 0.311953   ,  0.162445   ,  0.0228057  ,  1.65125    ,  2.81331    ,  1.4751     ,  8.46778    ,  7.85781    ,  0.074728   ,  0.405709   ,  1.0261     ,  2.30416    ])
Iter time: 200.012358189
Iter time: 387.182381153
Iter time: 664.383270979
240     , -8994.77    , array([ 0.309795   ,  0.160267   ,  0.0239183  ,  1.65753    ,  2.85648    ,  1.47152    ,  8.21842    ,  7.86289    ,  0.0737889  ,  0.403051   ,  1.02596    ,  2.29572    ])
Iter time: 393.173204899
Iter time: 386.195649147
Iter time: 817.952136993
242     , -8986.34    , array([ 0.3113     ,  0.16077    ,  0.0239135  ,  1.65645    ,  2.8511     ,  1.4715     ,  8.27782    ,  7.94528    ,  0.0736723  ,  0.402729   ,  1.026      ,  2.30109    ])
Iter time: 200.439703941
Iter time: 551.705628157
Iter time: 667.986619949
244     , -8978.44    , array([ 0.303598   ,  0.161174   ,  0.0238148  ,  1.6662     ,  2.85221    ,  1.47138    ,  8.35348    ,  8.00835    ,  0.0733362  ,  0.402512   ,  1.02601    ,  2.28924    ])
Iter time: 204.536823034
Iter time: 396.386661053
Iter time: 680.516884089
246     , -8969.53    , array([ 0.328633   ,  0.157558   ,  0.023313   ,  1.57707    ,  2.82075    ,  1.4744     ,  7.76929    ,  8.45906    ,  0.0726586  ,  0.403029   ,  1.02579    ,  2.3126     ])
Iter time: 205.285578012
Iter time: 396.475442171
Iter time: 681.572995901
247     , -8796.27    , array([ 0.348817   ,  0.157133   ,  0.0233747  ,  1.54107    ,  2.77901    ,  1.48203    ,  8.88365    ,  9.90184    ,  0.0695299  ,  0.396256   ,  1.02643    ,  2.24354    ])
Iter time: 203.767578125
Iter time: 393.356513023
Iter time: 677.955583096
250     , -8932.56    , array([ 0.32126    ,  0.159885   ,  0.0234772  ,  1.62114    ,  2.82289    ,  1.47548    ,  8.47018    ,  8.40848    ,  0.0727501  ,  0.401717   ,  1.02613    ,  2.28247    ])
Iter time: 203.672886133
Iter time: 393.624221087
Iter time: 677.137820959
252     , -8926.29    , array([ 0.322461   ,  0.160099   ,  0.0234569  ,  1.61916    ,  2.81907    ,  1.47563    ,  8.50888    ,  8.4724     ,  0.0726544  ,  0.401514   ,  1.02616    ,  2.28436    ])
Iter time: 204.559105158
Iter time: 395.691009045
Iter time: 679.281667948
254     , -8921.13    , array([ 0.319248   ,  0.160255   ,  0.0233936  ,  1.62198    ,  2.81824    ,  1.47575    ,  8.55424    ,  8.52595    ,  0.0724603  ,  0.401365   ,  1.02617    ,  2.27827    ])
Iter time: 206.475073099
Iter time: 400.486966133
Iter time: 686.490107059
256     , -8915.13    , array([ 0.33175    ,  0.158559   ,  0.0231492  ,  1.57985    ,  2.80256    ,  1.47732    ,  8.28286    ,  8.76546    ,  0.0721166  ,  0.401553   ,  1.02607    ,  2.28844    ])
Iter time: 206.429939985
Iter time: 708.290107012
Iter time: 685.950395107
258     , -8902.59    , array([ 0.323625   ,  0.163989   ,  0.0231373  ,  1.60077    ,  2.8705     ,  1.47185    ,  8.3045     ,  8.89016    ,  0.0710157  ,  0.39821    ,  1.02609    ,  2.22728    ])
WARNING:Numerics:Extrapolation may have failed. Check resulting frequency spectrum for unexpected results.
Iter time: 214.235517025
Iter time: 430.438529015
Iter time: 712.282045126
259     , -8792.94    , array([ 0.35331    ,  0.158161   ,  0.0224268  ,  1.53492    ,  2.72715    ,  1.48695    ,  9.27424    ,  9.91626    ,  0.0704408  ,  0.398817   ,  1.02663    ,  2.25543    ])
Iter time: 206.514734983
Iter time: 398.906249046
Iter time: 686.256294012
262     , -8886.3     , array([ 0.330861   ,  0.159478   ,  0.0231567  ,  1.59461    ,  2.79289    ,  1.47888    ,  8.71541    ,  8.85354    ,  0.0720254  ,  0.400776   ,  1.02629    ,  2.27542    ])
Iter time: 206.936084032
Iter time: 399.805183172
Iter time: 687.779440165
264     , -8882.16    , array([ 0.329699   ,  0.159523   ,  0.0231156  ,  1.59487    ,  2.79143    ,  1.47907    ,  8.7454     ,  8.89544    ,  0.071911   ,  0.400677   ,  1.0263     ,  2.27226    ])
Iter time: 213.331475973
Iter time: 411.916954994
Iter time: 710.529766083
265     , -8776.04    , array([ 0.349102   ,  0.159192   ,  0.0225313  ,  1.55911    ,  2.72588    ,  1.48781    ,  9.73889    ,  9.8509     ,  0.0705896  ,  0.39829    ,  1.02682    ,  2.24165    ])
Iter time: 214.558452845
Iter time: 414.716345072
Iter time: 713.058578968
267     , -8766.97    , array([ 0.362414   ,  0.153161   ,  0.0224433  ,  1.53199    ,  2.63852    ,  1.49602    ,  9.97491    ,  9.88027    ,  0.0716119  ,  0.401647   ,  1.02693    ,  2.30567    ])
Iter time: 212.554343939
Iter time: 410.837542057
Iter time: 706.682621002
269     , -8743.38    , array([ 0.42015    ,  0.144128   ,  0.022699   ,  1.51078    ,  2.7118     ,  1.4957     ,  9.47756    ,  9.32448    ,  0.0687576  ,  0.394879   ,  1.02644    ,  2.09907    ])
Iter time: 220.603694916
Iter time: 414.387171984
Iter time: 713.27332592
270     , -8658.47    , array([ 0.505926   ,  0.132287   ,  0.0226416  ,  1.46355    ,  2.683      ,  1.50587    ,  9.77649    ,  9.24549    ,  0.0664467  ,  0.390131   ,  1.02634    ,  1.95257    ])
Iter time: 209.159744978
Iter time: 404.439131975
Iter time: 695.314592123
272     , -8844.23    , array([ 0.345834   ,  0.157021   ,  0.0229342  ,  1.57135    ,  2.76216    ,  1.48335    ,  8.99141    ,  9.14117    ,  0.0713457  ,  0.399782   ,  1.02641    ,  2.25157    ])
Iter time: 209.481876135
Iter time: 404.685979843
Iter time: 696.195392847
274     , -8840.6     , array([ 0.345914   ,  0.156939   ,  0.0229064  ,  1.57051    ,  2.76022    ,  1.48362    ,  9.01729    ,  9.17318    ,  0.0712656  ,  0.399695   ,  1.02642    ,  2.24915    ])
Iter time: 209.100522995
Iter time: 404.15498805
Iter time: 697.422868013
276     , -8830       , array([ 0.371284   ,  0.156304   ,  0.0229247  ,  1.62519    ,  2.77886    ,  1.48044    ,  8.93181    ,  9.58635    ,  0.0692745  ,  0.394376   ,  1.02639    ,  2.21478    ])
Iter time: 205.561222792
Iter time: 396.658335924
Iter time: 680.304890871
278     , -8819.81    , array([ 0.335353   ,  0.149867   ,  0.0235068  ,  1.51889    ,  2.74494    ,  1.4871     ,  8.99928    ,  8.71597    ,  0.0724705  ,  0.400342   ,  1.02642    ,  2.1878     ])
Iter time: 216.325908899
Iter time: 417.99111414
Iter time: 719.321289778
279     , -8750.4     , array([ 0.384383   ,  0.152374   ,  0.0222666  ,  1.5119     ,  2.6842     ,  1.49484    ,  9.75525    ,  9.91597    ,  0.0698555  ,  0.398284   ,  1.02674    ,  2.21162    ])
Iter time: 212.433797836
Iter time: 408.008688927
Iter time: 701.963958979
281     , -8814.52    , array([ 0.356698   ,  0.155614   ,  0.0227248  ,  1.55339    ,  2.73831    ,  1.48682    ,  9.21994    ,  9.37569    ,  0.0708713  ,  0.399304   ,  1.02651    ,  2.23874    ])
Iter time: 211.115972996
Iter time: 407.563509226
Iter time: 701.246095181
282     , -8730.72    , array([ 0.378602   ,  0.142553   ,  0.0227977  ,  1.51555    ,  2.7866     ,  1.48735    ,  9.08249    ,  9.5528     ,  0.0686198  ,  0.394432   ,  1.02645    ,  2.04418    ])
Iter time: 217.700888872
Iter time: 420.301215887
Iter time: 724.636185884
283     , -8729.13    , array([ 0.365477   ,  0.148495   ,  0.0222111  ,  1.4352     ,  2.66962    ,  1.49997    ,  9.89331    ,  9.53932    ,  0.0713751  ,  0.40292    ,  1.02678    ,  2.18666    ])
Iter time: 215.030411959
Iter time: 415.407021999
Iter time: 714.666416883
285     , -8797.97    , array([ 0.358591   ,  0.15344    ,  0.0223929  ,  1.52522    ,  2.72961    ,  1.49201    ,  9.4106     ,  9.37802    ,  0.0706532  ,  0.402486   ,  1.02659    ,  2.22575    ])
Iter time: 209.151268005
Iter time: 404.202227116
Iter time: 695.231784105
287     , -8793.45    , array([ 0.353193   ,  0.150977   ,  0.022984   ,  1.51921    ,  2.73063    ,  1.48912    ,  9.23525    ,  9.1727     ,  0.0713276  ,  0.399416   ,  1.02652    ,  2.1929     ])
Iter time: 216.587743998
Iter time: 418.683731079
Iter time: 720.878027201
288     , -8722.54    , array([ 0.387281   ,  0.14791    ,  0.0222659  ,  1.4809     ,  2.69339    ,  1.49586    ,  9.74477    ,  9.90306    ,  0.0696149  ,  0.3977     ,  1.02673    ,  2.1506     ])
Iter time: 216.034756899
Iter time: 417.57126689
Iter time: 717.959022045
290     , -8783.62    , array([ 0.36405    ,  0.154914   ,  0.0222355  ,  1.51857    ,  2.71824    ,  1.48947    ,  9.30895    ,  9.79232    ,  0.0703398  ,  0.399084   ,  1.02659    ,  2.22016    ])
Iter time: 208.816586971
Iter time: 403.891169071
Iter time: 693.263945103
291     , -8718.75    , array([ 0.378549   ,  0.145608   ,  0.023159   ,  1.47952    ,  2.71173    ,  1.49722    ,  9.29728    ,  9.9736     ,  0.0679947  ,  0.396883   ,  1.02658    ,  2.12766    ])
Iter time: 213.977781057
Iter time: 414.920859098
Iter time: 711.126511097
293     , -8774.85    , array([ 0.367047   ,  0.151734   ,  0.0225004  ,  1.5162     ,  2.7208     ,  1.49235    ,  9.45071    ,  9.54586    ,  0.0702237  ,  0.400141   ,  1.02661    ,  2.20055    ])
Iter time: 209.316895008
Iter time: 405.251718998
Iter time: 696.980310202
295     , -8773.39    , array([ 0.36278    ,  0.153326   ,  0.0229519  ,  1.52302    ,  2.74289    ,  1.48778    ,  9.206      ,  9.79388    ,  0.069692   ,  0.397193   ,  1.02654    ,  2.20754    ])
Iter time: 213.245462179
Iter time: 408.334951878
Iter time: 704.012547016
297     , -8770.9     , array([ 0.365455   ,  0.150389   ,  0.0227579  ,  1.51234    ,  2.71942    ,  1.49128    ,  9.38517    ,  9.45216    ,  0.0705191  ,  0.398681   ,  1.02658    ,  2.18309    ])
Iter time: 213.962270021
Iter time: 411.790997982
Iter time: 709.97688508
298     , -8699.9     , array([ 0.407009   ,  0.140701   ,  0.0226973  ,  1.473      ,  2.68823    ,  1.5007     ,  9.82774    ,  9.49102    ,  0.0690188  ,  0.397057   ,  1.02666    ,  2.08286    ])
Iter time: 210.858798981
Iter time: 406.917363882
Iter time: 700.239716768
299     , -8696.71    , array([ 0.402413   ,  0.141364   ,  0.0229711  ,  1.48132    ,  2.69205    ,  1.50004    ,  9.87999    ,  9.56121    ,  0.0688998  ,  0.396455   ,  1.0267     ,  2.09356    ])
Iter time: 213.243225098
Iter time: 412.520863056
Iter time: 709.343886852
300     , -8688.09    , array([ 0.429703   ,  0.134869   ,  0.0227427  ,  1.43055    ,  2.67892    ,  1.50376    ,  9.46649    ,  9.4572     ,  0.0683793  ,  0.39694    ,  1.02645    ,  2.05       ])
Iter time: 212.044251204
Iter time: 409.7489779
Iter time: 704.931015968
301     , -8677.21    , array([ 0.419572   ,  0.138746   ,  0.0228146  ,  1.45685    ,  2.67699    ,  1.50109    ,  9.75788    ,  9.74424    ,  0.0684313  ,  0.394575   ,  1.02664    ,  2.06377    ])
Iter time: 211.551132202
Iter time: 408.528576851
Iter time: 702.286496162
303     , -8746.6     , array([ 0.379608   ,  0.148534   ,  0.0227982  ,  1.50173    ,  2.718      ,  1.4928     ,  9.42527    ,  9.71687    ,  0.0694538  ,  0.397161   ,  1.02658    ,  2.16289    ])
Iter time: 215.060870886
Iter time: 415.831200838
Iter time: 716.061992168
304     , -8662.23    , array([ 0.434482   ,  0.137391   ,  0.0225405  ,  1.44809    ,  2.66728    ,  1.50466    ,  9.92887    ,  9.87787    ,  0.0677656  ,  0.395332   ,  1.02668    ,  2.05387    ])
Iter time: 213.023822069
Iter time: 409.498828173
Iter time: 704.752967834
305     , -8636.62    , array([ 0.451574   ,  0.132483   ,  0.022873   ,  1.41617    ,  2.75403    ,  1.50133    ,  9.33466    ,  9.44949    ,  0.0661202  ,  0.391378   ,  1.02629    ,  1.90755    ])
Iter time: 210.689785957
Iter time: 407.133491039
Iter time: 700.382083893
306     , -8557.65    , array([ 0.504069   ,  0.123216   ,  0.0230909  ,  1.36158    ,  2.81367    ,  1.50399    ,  9.03011    ,  9.24119    ,  0.0635344  ,  0.386342   ,  1.02598    ,  1.73506    ])
Iter time: 210.43361783
Iter time: 405.16085887
Iter time: 697.618788004
307     , -8625.7     , array([ 0.445441   ,  0.128535   ,  0.0231946  ,  1.41016    ,  2.72851    ,  1.50405    ,  9.42276    ,  9.30552    ,  0.0667196  ,  0.392685   ,  1.02636    ,  1.90985    ])
Iter time: 214.814265013
Iter time: 414.30005002
Iter time: 711.626871824
308     , -8613.24    , array([ 0.463228   ,  0.128719   ,  0.0227189  ,  1.40489    ,  2.6963     ,  1.50799    ,  9.75222    ,  9.42798    ,  0.0666578  ,  0.393051   ,  1.02647    ,  1.9128     ])
Iter time: 212.523704052
Iter time: 409.464396
Iter time: 705.051075935
310     , -8701.45    , array([ 0.401814   ,  0.1398     ,  0.0227748  ,  1.47901    ,  2.74281    ,  1.49471    ,  9.35921    ,  9.55682    ,  0.0682475  ,  0.394709   ,  1.02649    ,  2.03345    ])
Iter time: 208.559273958
Iter time: 401.083009958
Iter time: 689.845364094
311     , -8599.16    , array([ 0.505514   ,  0.125314   ,  0.0234035  ,  1.45885    ,  2.74247    ,  1.50334    ,  9.31511    ,  9.58535    ,  0.0640704  ,  0.385881   ,  1.02623    ,  1.84866    ])
Iter time: 207.058907986
Iter time: 399.767655849
Iter time: 687.802868843
312     , -8587.04    , array([ 0.498714   ,  0.122381   ,  0.0235406  ,  1.4103     ,  2.72646    ,  1.50873    ,  9.3863     ,  9.18323    ,  0.064788   ,  0.388984   ,  1.0262     ,  1.83285    ])
Iter time: 215.094452143
Iter time: 414.475826025
Iter time: 714.815696955
313     , -8569.4     , array([ 0.534208   ,  0.120766   ,  0.0226945  ,  1.4004     ,  2.71048    ,  1.50928    ,  9.85371    ,  8.99368    ,  0.0657998  ,  0.388482   ,  1.02629    ,  1.80712    ])
Iter time: 211.655549049
Iter time: 408.858361006
Iter time: 703.513535976
314     , -8572.72    , array([ 0.527743   ,  0.122753   ,  0.0230638  ,  1.38818    ,  2.67446    ,  1.51427    ,  9.87286    ,  9.29136    ,  0.0651583  ,  0.389588   ,  1.02634    ,  1.85403    ])
