==========================================
SLURM_JOB_ID = 18981478
SLURM_NODELIST = c8-71
==========================================
Module slurm/17.11.5 loaded 
Module openmpi/3.0.1 loaded 
Module gcc/7.3.0 loaded 
Module python/2.7.6 loaded 
Module numpy/1.11.1 loaded 
Module dadi/1.7.0 loaded 
Module matplotlib/2.0 loaded 
Module scipy/0.18.0 loaded 
Beginning. Call:
/home/hemstrow/monarch/github/F-H_2018/DADI/demographic_models/run_3d_mods.py /home/hemstrow/monarch/github/F-H_2018/Data/dadi_inputs/ dadi_snps_10kgap.txt 1st_folded_optim_10kgap_snps_dadi_out.txt lgrowth_both 10 [NAM,GUA,HAW] True 3 [0.1,0.1,1,1,5,5,.1,.1,.1,.1,2,2] [1,1,10,10,20,20,10,10,10,10,4,4] [1e-3,1e-3,1e-3,1e-3,0.01,0.01,0.01,0.01,0.01,0.01,1,1] [150,15,15] fmin

Ready to begin run. Parameters:

Model:
lgrowth_both
Maxiters:
10
Pops:
['NAM', 'GUA', 'HAW']
Projection:
[150, 15, 15]
Number of segregating sites in projected sfs:
9454.98941724
Folding spectra:
True
Level of parm folding:
3
Optimizer:
fmin
p0:
[  0.44164284   0.0390303    7.44718943   1.3602894    2.6930093   19.8
   0.45524208   0.07845982   0.07057854   0.08373198   1.01         3.96      ]
Upper Bounds:
[1.0, 1.0, 10.0, 10.0, 20.0, 20.0, 10.0, 10.0, 10.0, 10.0, 4.0, 4.0]
Lower Bounds:
[0.001, 0.001, 0.001, 0.001, 0.01, 0.01, 0.01, 0.01, 0.01, 0.01, 1.0, 1.0]

Beginning optimization ************************************************
optimize_log_fmin.
Iter time: 153.463568926
Iter time: 299.084771156
Iter time: 517.766159773
1       , -27765.1    , array([ 0.441643   ,  0.0390303  ,  7.44719    ,  1.36029    ,  2.69301    ,  19.8       ,  0.455242   ,  0.0784598  ,  0.0705785  ,  0.083732   ,  1.01       ,  3.96       ])
Iter time: 153.647711992
Iter time: 298.272094011
Iter time: 516.678532839
2       , -27765.1    , array([ 0.42396    ,  0.0390303  ,  7.44719    ,  1.36029    ,  2.69301    ,  19.8       ,  0.455242   ,  0.0784598  ,  0.0705785  ,  0.083732   ,  1.01       ,  3.96       ])
Iter time: 156.727456093
Iter time: 304.951458216
Iter time: 527.303416014
3       , -27765.1    , array([ 0.441643   ,  0.0331873  ,  7.44719    ,  1.36029    ,  2.69301    ,  19.8       ,  0.455242   ,  0.0784598  ,  0.0705785  ,  0.083732   ,  1.01       ,  3.96       ])
Iter time: 153.211292028
Iter time: 298.296049118
Iter time: 515.767908096
4       , -27994.7    , array([ 0.441643   ,  0.0390303  ,  8.23364    ,  1.36029    ,  2.69301    ,  19.8       ,  0.455242   ,  0.0784598  ,  0.0705785  ,  0.083732   ,  1.01       ,  3.96       ])
Iter time: 153.686260939
Iter time: 299.978137016
Iter time: 515.740346193
5       , -27773      , array([ 0.441643   ,  0.0390303  ,  7.44719    ,  1.38138    ,  2.69301    ,  19.8       ,  0.455242   ,  0.0784598  ,  0.0705785  ,  0.083732   ,  1.01       ,  3.96       ])
Iter time: 153.347746849
Iter time: 298.468792915
Iter time: 515.644098997
6       , -27766.6    , array([ 0.441643   ,  0.0390303  ,  7.44719    ,  1.36029    ,  2.82976    ,  19.8       ,  0.455242   ,  0.0784598  ,  0.0705785  ,  0.083732   ,  1.01       ,  3.96       ])
Iter time: 149.031042099
Iter time: 289.910320044
Iter time: 501.016385078
8       , -27863.7    , array([ 0.441643   ,  0.0390303  ,  7.44719    ,  1.36029    ,  2.69301    ,  19.8       ,  0.437678   ,  0.0784598  ,  0.0705785  ,  0.083732   ,  1.01       ,  3.96       ])
Iter time: 153.514151812
Iter time: 299.002650976
Iter time: 517.559314013
9       , -28070.8    , array([ 0.441643   ,  0.0390303  ,  7.44719    ,  1.36029    ,  2.69301    ,  19.8       ,  0.455242   ,  0.0690844  ,  0.0705785  ,  0.083732   ,  1.01       ,  3.96       ])
Iter time: 154.690872908
Iter time: 298.298112154
Iter time: 515.465933084
10      , -27877.4    , array([ 0.441643   ,  0.0390303  ,  7.44719    ,  1.36029    ,  2.69301    ,  19.8       ,  0.455242   ,  0.0784598  ,  0.0618168  ,  0.083732   ,  1.01       ,  3.96       ])
Iter time: 150.865108013
Iter time: 293.719014883
Iter time: 507.462095976
11      , -27745.8    , array([ 0.441643   ,  0.0390303  ,  7.44719    ,  1.36029    ,  2.69301    ,  19.8       ,  0.455242   ,  0.0784598  ,  0.0705785  ,  0.0739666  ,  1.01       ,  3.96       ])
Iter time: 153.714365005
Iter time: 298.430900097
Iter time: 515.574157
12      , -27765.1    , array([ 0.441643   ,  0.0390303  ,  7.44719    ,  1.36029    ,  2.69301    ,  19.8       ,  0.455242   ,  0.0784598  ,  0.0705785  ,  0.083732   ,  1.0105     ,  3.96       ])
Iter time: 153.669163942
Iter time: 299.179729939
Iter time: 518.78016305
16      , -27755.7    , array([ 0.441643   ,  0.0359904  ,  7.44719    ,  1.36029    ,  2.69301    ,  19.8       ,  0.455242   ,  0.0784598  ,  0.0705785  ,  0.078698   ,  1.01       ,  3.96       ])
Iter time: 152.441787004
Iter time: 296.504679918
Iter time: 511.639076948
17      , -27755.7    , array([ 0.432711   ,  0.0390303  ,  7.44719    ,  1.36029    ,  2.69301    ,  19.8       ,  0.455242   ,  0.0784598  ,  0.0705785  ,  0.078698   ,  1.01       ,  3.96       ])
Iter time: 152.410220861
Iter time: 146755.269236
Iter time: 626.570422173
18      , -27755.7    , array([ 0.441643   ,  0.0390303  ,  7.44719    ,  1.36029    ,  2.69301    ,  19.8       ,  0.455242   ,  0.0784598  ,  0.0705785  ,  0.078698   ,  1.01       ,  3.96       ])
Iter time: 151.956274986
Iter time: 295.889648914
Iter time: 511.517258883
19      , -27755.7    , array([ 0.441643   ,  0.0390303  ,  7.44719    ,  1.36029    ,  2.69301    ,  19.8       ,  0.455242   ,  0.0784598  ,  0.0705785  ,  0.078698   ,  1.01025    ,  3.96       ])
Iter time: 152.094892979
Iter time: 297.595910072
Iter time: 512.032261133
20      , -27756.4    , array([ 0.441643   ,  0.0390303  ,  7.44719    ,  1.36029    ,  2.76054    ,  19.8       ,  0.455242   ,  0.0784598  ,  0.0705785  ,  0.078698   ,  1.01       ,  3.96       ])
Iter time: 152.582769156
Iter time: 296.050731897
Iter time: 511.431284904
21      , -27760.2    , array([ 0.441643   ,  0.0390303  ,  7.44719    ,  1.37079    ,  2.69301    ,  19.8       ,  0.455242   ,  0.0784598  ,  0.0705785  ,  0.078698   ,  1.01       ,  3.96       ])
Iter time: 150.215389967
Iter time: 291.818220854
Iter time: 504.187648058
22      , -27804.8    , array([ 0.441643   ,  0.0390303  ,  7.44719    ,  1.36029    ,  2.69301    ,  19.8       ,  0.446374   ,  0.0784598  ,  0.0705785  ,  0.078698   ,  1.01       ,  3.96       ])
Iter time: 152.033588171
Iter time: 296.220156193
Iter time: 511.529205799
23      , -27813.4    , array([ 0.441643   ,  0.0390303  ,  7.44719    ,  1.36029    ,  2.69301    ,  19.8       ,  0.455242   ,  0.0784598  ,  0.0660525  ,  0.078698   ,  1.01       ,  3.96       ])
Iter time: 152.094181061
Iter time: 297.677412033
Iter time: 512.77038908
24      , -27871.5    , array([ 0.441643   ,  0.0390303  ,  7.83055    ,  1.36029    ,  2.69301    ,  19.8       ,  0.455242   ,  0.0784598  ,  0.0705785  ,  0.078698   ,  1.01       ,  3.96       ])
Iter time: 151.976300955
Iter time: 296.015697002
Iter time: 511.644799948
25      , -27909.5    , array([ 0.441643   ,  0.0390303  ,  7.44719    ,  1.36029    ,  2.69301    ,  19.8       ,  0.455242   ,  0.073623   ,  0.0705785  ,  0.078698   ,  1.01       ,  3.96       ])
Iter time: 152.808461905
Iter time: 296.349709034
Iter time: 513.555201054
30      , -27750.9    , array([ 0.441643   ,  0.0374796  ,  7.44719    ,  1.36029    ,  2.69301    ,  19.8       ,  0.455242   ,  0.0784598  ,  0.0705785  ,  0.0762956  ,  1.01       ,  3.96       ])
Iter time: 151.515924931
Iter time: 295.146309853
Iter time: 511.228708982
31      , -27751      , array([ 0.437154   ,  0.0390303  ,  7.44719    ,  1.36029    ,  2.69301    ,  19.8       ,  0.455242   ,  0.0784598  ,  0.0705785  ,  0.0762956  ,  1.01       ,  3.96       ])
Iter time: 152.861453056
Iter time: 294.864655018
Iter time: 509.428746939
32      , -27751      , array([ 0.441643   ,  0.0390303  ,  7.44719    ,  1.36029    ,  2.69301    ,  19.8       ,  0.455242   ,  0.0784598  ,  0.0705785  ,  0.0762956  ,  1.01       ,  3.96       ])
Iter time: 151.403572083
Iter time: 294.881775856
Iter time: 510.264713049
33      , -27751      , array([ 0.441643   ,  0.0390303  ,  7.44719    ,  1.36029    ,  2.69301    ,  19.8       ,  0.455242   ,  0.0784598  ,  0.0705785  ,  0.0762956  ,  1.01013    ,  3.96       ])
Iter time: 151.413448095
Iter time: 294.84217906
Iter time: 509.556130886
34      , -27751.4    , array([ 0.441643   ,  0.0390303  ,  7.44719    ,  1.36029    ,  2.72656    ,  19.8       ,  0.455242   ,  0.0784598  ,  0.0705785  ,  0.0762956  ,  1.01       ,  3.96       ])
Iter time: 151.456059933
Iter time: 294.704380989
Iter time: 511.987609863
35      , -27753      , array([ 0.441643   ,  0.0390303  ,  7.44719    ,  1.36553    ,  2.69301    ,  19.8       ,  0.455242   ,  0.0784598  ,  0.0705785  ,  0.0762956  ,  1.01       ,  3.96       ])
Iter time: 150.309653044
Iter time: 292.57841301
Iter time: 505.674443007
36      , -27775.6    , array([ 0.441643   ,  0.0390303  ,  7.44719    ,  1.36029    ,  2.69301    ,  19.8       ,  0.450786   ,  0.0784598  ,  0.0705785  ,  0.0762956  ,  1.01       ,  3.96       ])
Iter time: 151.554172039
Iter time: 294.840679169
Iter time: 509.354769945
37      , -27780.2    , array([ 0.441643   ,  0.0390303  ,  7.44719    ,  1.36029    ,  2.69301    ,  19.8       ,  0.455242   ,  0.0784598  ,  0.068278   ,  0.0762956  ,  1.01       ,  3.96       ])
Iter time: 151.481795073
Iter time: 294.963707924
Iter time: 509.521407127
38      , -27809.1    , array([ 0.441643   ,  0.0390303  ,  7.63646    ,  1.36029    ,  2.69301    ,  19.8       ,  0.455242   ,  0.0784598  ,  0.0705785  ,  0.0762956  ,  1.01       ,  3.96       ])
Iter time: 151.403625011
Iter time: 295.162675858
Iter time: 511.165933132
39      , -27828.2    , array([ 0.441643   ,  0.0390303  ,  7.44719    ,  1.36029    ,  2.69301    ,  19.8       ,  0.455242   ,  0.0760029  ,  0.0705785  ,  0.0762956  ,  1.01       ,  3.96       ])
Iter time: 152.351320982
Iter time: 296.812195063
Iter time: 513.139145851
42      , -27785.6    , array([ 0.440892   ,  0.0387675  ,  7.47841    ,  1.36116    ,  2.69857    ,  19.9235    ,  0.454496   ,  0.0780449  ,  0.0701898  ,  0.0759024  ,  1.01002    ,  3.89246    ])
Iter time: 146.509105921
Iter time: 285.537848949
Iter time: 492.708945036
43      , -27765.6    , array([ 0.440766   ,  0.0387238  ,  7.48362    ,  1.36131    ,  2.6995     ,  19.0944    ,  0.454372   ,  0.077976   ,  0.0701252  ,  0.0758371  ,  1.01002    ,  3.94866    ])
Iter time: 150.65953207
Iter time: 293.151802063
Iter time: 506.566401005
44      , -27699.9    , array([ 0.440621   ,  0.038673   ,  7.48971    ,  1.36148    ,  2.70059    ,  19.701     ,  0.454227   ,  0.0808412  ,  0.07005    ,  0.075761   ,  1.01003    ,  3.94678    ])
Iter time: 150.261327982
Iter time: 292.658373117
Iter time: 506.777873993
45      , -27634.7    , array([ 0.44011    ,  0.0384955  ,  7.51106    ,  1.36207    ,  2.70438    ,  19.6517    ,  0.453721   ,  0.0833746  ,  0.0697872  ,  0.075495   ,  1.01004    ,  3.94018    ])
Iter time: 150.449807167
Iter time: 292.818713903
Iter time: 506.436792135
46      , -27688.4    , array([ 0.440365   ,  0.0385842  ,  7.28395    ,  1.36177    ,  2.70248    ,  19.6764    ,  0.453974   ,  0.0791067  ,  0.0699184  ,  0.0756279  ,  1.01004    ,  3.94348    ])
Iter time: 151.657168865
Iter time: 295.176126003
Iter time: 509.987216949
48      , -27763.9    , array([ 0.440926   ,  0.0387794  ,  7.46006    ,  1.36112    ,  2.69832    ,  19.8203    ,  0.45453    ,  0.0784571  ,  0.0702074  ,  0.0759203  ,  1.01002    ,  3.92411    ])
Iter time: 150.173796892
Iter time: 292.766690016
Iter time: 505.035404921
49      , -27700.8    , array([ 0.440158   ,  0.0385123  ,  7.43849    ,  1.36201    ,  2.70402    ,  19.6388    ,  0.453769   ,  0.0792846  ,  0.0725638  ,  0.0755201  ,  1.01004    ,  3.94605    ])
Iter time: 151.597132921
Iter time: 294.410085917
Iter time: 508.712059975
50      , -27691.9    , array([ 0.439912   ,  0.0384266  ,  7.43704    ,  1.3623     ,  2.70586    ,  19.6121    ,  0.458758   ,  0.079423   ,  0.0705239  ,  0.0753916  ,  1.01005    ,  3.94373    ])
Iter time: 148.727157831
Iter time: 290.140635014
Iter time: 500.779761076
52      , -27747.2    , array([ 0.440736   ,  0.0387131  ,  7.4609     ,  1.36134    ,  2.69973    ,  19.4194    ,  0.454745   ,  0.0785166  ,  0.0703545  ,  0.0758211  ,  1.01003    ,  3.95005    ])
Iter time: 150.319449902
Iter time: 292.629080057
Iter time: 507.406508923
53      , -27689.9    , array([ 0.440453   ,  0.0386146  ,  7.41662    ,  1.36167    ,  2.70183    ,  19.6126    ,  0.455744   ,  0.0796796  ,  0.0709884  ,  0.0756735  ,  1.01003    ,  3.98334    ])
Iter time: 150.607246876
Iter time: 292.352980137
Iter time: 506.208120108
54      , -27690.1    , array([ 0.43954    ,  0.038298   ,  7.42435    ,  1.35663    ,  2.70864    ,  19.6017    ,  0.455115   ,  0.0798819  ,  0.0706834  ,  0.0751985  ,  1.01006    ,  3.95111    ])
Iter time: 150.736992121
Iter time: 293.635087967
Iter time: 504.627641916
55      , -27681.5    , array([ 0.43919    ,  0.0381772  ,  7.42055    ,  1.36125    ,  2.67236    ,  19.5688    ,  0.455094   ,  0.0801214  ,  0.0707008  ,  0.0750172  ,  1.01007    ,  3.94963    ])
Iter time: 149.689289808
Iter time: 291.514781952
Iter time: 503.768853188
56      , -27670.5    , array([ 0.438783   ,  0.0380369  ,  7.41611    ,  1.36141    ,  2.70219    ,  19.5305    ,  0.455069   ,  0.0804018  ,  0.0707212  ,  0.0748062  ,  1.00993    ,  3.94791    ])
Iter time: 149.623062134
Iter time: 291.150866032
Iter time: 502.898277044
57      , -27657.3    , array([ 0.438308   ,  0.0378738  ,  7.41095    ,  1.3616     ,  2.70372    ,  19.486     ,  0.45504    ,  0.0807301  ,  0.0707451  ,  0.0745608  ,  1.01005    ,  3.9459     ])
Iter time: 149.300842047
Iter time: 291.637212038
Iter time: 503.453112841
58      , -27641.5    , array([ 0.443003   ,  0.0376844  ,  7.40493    ,  1.36182    ,  2.70551    ,  19.4341    ,  0.455007   ,  0.0811148  ,  0.0707728  ,  0.0742756  ,  1.01006    ,  3.94355    ])
Iter time: 149.773069143
Iter time: 288.10860014
Iter time: 498.075499058
59      , -27623.1    , array([ 0.438726   ,  0.0392793  ,  7.3979     ,  1.36207    ,  2.7076     ,  19.3738    ,  0.454968   ,  0.0815659  ,  0.0708053  ,  0.0739441  ,  1.01007    ,  3.94082    ])
Iter time: 145.761383057
Iter time: 283.670205116
Iter time: 490.346269846
60      , -27559.1    , array([ 0.437274   ,  0.0402113  ,  7.37338    ,  1.36297    ,  2.71493    ,  19.1641    ,  0.454831   ,  0.0831648  ,  0.0709189  ,  0.0727957  ,  1.0101     ,  3.93126    ])
Iter time: 150.787507057
Iter time: 293.67395997
Iter time: 507.578340054
61      , -27594.6    , array([ 0.439051   ,  0.0382691  ,  7.36981    ,  1.36129    ,  2.70339    ,  19.71      ,  0.455479   ,  0.082292   ,  0.0711254  ,  0.0739037  ,  1.01005    ,  3.9476     ])
Iter time: 148.756333113
Iter time: 289.469036102
Iter time: 501.781595945
62      , -27571.4    , array([ 0.43772    ,  0.0378337  ,  7.37053    ,  1.36251    ,  2.71187    ,  19.3165    ,  0.455021   ,  0.0830087  ,  0.0709909  ,  0.0757458  ,  1.01009    ,  3.93563    ])
Iter time: 150.369694948
Iter time: 290.345080137
Iter time: 501.963886023
63      , -27593.8    , array([ 0.43879    ,  0.0382292  ,  7.36787    ,  1.36087    ,  2.70214    ,  19.4213    ,  0.456709   ,  0.0827759  ,  0.068797   ,  0.0742246  ,  1.01005    ,  3.9478     ])
Iter time: 148.143115044
Iter time: 288.589006901
Iter time: 497.254046917
64      , -27586.1    , array([ 0.438849   ,  0.0382815  ,  7.35784    ,  1.36034    ,  2.69968    ,  19.4162    ,  0.451404   ,  0.0832032  ,  0.070495   ,  0.074158   ,  1.01005    ,  3.9508     ])
Iter time: 148.693572044
Iter time: 289.023648024
Iter time: 499.305482864
65      , -27570.5    , array([ 0.439105   ,  0.0384074  ,  7.35938    ,  1.36665    ,  2.69543    ,  19.3957    ,  0.454397   ,  0.0832887  ,  0.0703047  ,  0.074176   ,  1.01003    ,  3.94337    ])
Iter time: 148.451503992
Iter time: 288.291083097
Iter time: 499.745962858
66      , -27552.2    , array([ 0.437971   ,  0.0380582  ,  7.35754    ,  1.36242    ,  2.70114    ,  19.349     ,  0.453546   ,  0.084119   ,  0.0698897  ,  0.0734652  ,  1.01006    ,  3.90489    ])
Iter time: 147.232469082
Iter time: 286.260632992
Iter time: 494.602812052
67      , -27481.6    , array([ 0.436736   ,  0.037783   ,  7.32817    ,  1.36279    ,  2.7008     ,  19.2185    ,  0.452451   ,  0.0864306  ,  0.0693468  ,  0.0723854  ,  1.01007    ,  3.86624    ])
Iter time: 147.360277891
Iter time: 287.031468153
Iter time: 496.295422077
68      , -27517.1    , array([ 0.437454   ,  0.0379553  ,  7.49911    ,  1.36249    ,  2.70021    ,  19.2108    ,  0.45506    ,  0.0859878  ,  0.0708623  ,  0.0729747  ,  1.01006    ,  3.93138    ])
Iter time: 147.533586025
Iter time: 286.720717192
Iter time: 495.325055122
69      , -27497.9    , array([ 0.438335   ,  0.0383226  ,  7.374      ,  1.36321    ,  2.73537    ,  19.257     ,  0.453934   ,  0.0859046  ,  0.0701047  ,  0.073231   ,  1.01003    ,  3.92222    ])
Iter time: 147.413036108
Iter time: 286.392884016
Iter time: 496.562251091
70      , -27480.5    , array([ 0.438668   ,  0.038512   ,  7.3714     ,  1.36335    ,  2.71069    ,  19.2494    ,  0.45377    ,  0.0865548  ,  0.0699823  ,  0.0731775  ,  1.01018    ,  3.91967    ])
Iter time: 145.64011097
Iter time: 283.726433992
Iter time: 490.180325031
71      , -27383.8    , array([ 0.43861    ,  0.0387518  ,  7.34915    ,  1.36433    ,  2.71494    ,  19.1104    ,  0.453122   ,  0.0898057  ,  0.0696157  ,  0.0723765  ,  1.0103     ,  3.90563    ])
Iter time: 146.646785021
Iter time: 285.470858097
Iter time: 493.21876502
72      , -27448.5    , array([ 0.439193   ,  0.0388259  ,  7.36626    ,  1.36362    ,  2.71102    ,  19.231     ,  0.453479   ,  0.0877471  ,  0.0697714  ,  0.0730554  ,  1.01011    ,  3.91497    ])
Iter time: 147.013915062
Iter time: 286.355077028
Iter time: 492.998584032
73      , -27431.7    , array([ 0.433913   ,  0.0392156  ,  7.36582    ,  1.3637     ,  2.71014    ,  19.2486    ,  0.453259   ,  0.0884825  ,  0.0695785  ,  0.0731338  ,  1.01011    ,  3.91256    ])
Iter time: 145.061253071
Iter time: 282.120827913
Iter time: 492.255687952
74      , -27405.1    , array([ 0.435734   ,  0.038508   ,  7.23814    ,  1.36372    ,  2.71224    ,  18.9697    ,  0.454466   ,  0.0869415  ,  0.070526   ,  0.0715724  ,  1.01013    ,  3.91131    ])
Iter time: 144.006132126
Iter time: 279.296104908
Iter time: 482.77304697
75      , -27412.9    , array([ 0.436234   ,  0.0387761  ,  7.35474    ,  1.36491    ,  2.71471    ,  18.7933    ,  0.452544   ,  0.0888959  ,  0.0691015  ,  0.072724   ,  1.01013    ,  3.89796    ])
Iter time: 144.330842018
Iter time: 280.473896027
Iter time: 484.801312923
76      , -27385.8    , array([ 0.436069   ,  0.0389086  ,  7.35448    ,  1.36601    ,  2.71808    ,  18.9685    ,  0.450637   ,  0.0894331  ,  0.0714929  ,  0.0721636  ,  1.01015    ,  3.88952    ])
Iter time: 145.086307049
Iter time: 282.367851973
Iter time: 487.149887085
77      , -27359.3    , array([ 0.435548   ,  0.0389608  ,  7.36394    ,  1.36748    ,  2.72363    ,  18.9       ,  0.455803   ,  0.090051   ,  0.0699345  ,  0.0719009  ,  1.01017    ,  3.87645    ])
Iter time: 143.345652103
Iter time: 279.846472979
Iter time: 484.341403008
78      , -27245.2    , array([ 0.433907   ,  0.0393049  ,  7.36699    ,  1.37107    ,  2.73569    ,  18.647     ,  0.458019   ,  0.0936834  ,  0.0696558  ,  0.0707982  ,  1.01024    ,  3.8398     ])
Iter time: 143.486734152
Iter time: 278.809551001
Iter time: 481.087624073
79      , -27317      , array([ 0.436036   ,  0.0396734  ,  7.35068    ,  1.36673    ,  2.71534    ,  18.8861    ,  0.452675   ,  0.0921004  ,  0.0692266  ,  0.0696057  ,  1.01016    ,  3.87544    ])
Iter time: 142.879532814
Iter time: 277.829561949
Iter time: 480.725759029
80      , -27276.7    , array([ 0.434152   ,  0.0392926  ,  7.36037    ,  1.36261    ,  2.73526    ,  18.7257    ,  0.45301    ,  0.0933422  ,  0.0697224  ,  0.0703294  ,  1.01023    ,  3.85665    ])
Iter time: 144.680651903
Iter time: 281.53094101
Iter time: 486.48171711
81      , -27238.9    , array([ 0.43545    ,  0.0373856  ,  7.34422    ,  1.36623    ,  2.71899    ,  18.879     ,  0.452276   ,  0.0952974  ,  0.0689228  ,  0.0712524  ,  1.01019    ,  3.85619    ])
Iter time: 144.096529007
Iter time: 280.824598074
Iter time: 486.510990143
82      , -27071.7    , array([ 0.43454    ,  0.0360481  ,  7.32969    ,  1.36787    ,  2.72102    ,  18.738     ,  0.451005   ,  0.102012   ,  0.0679459  ,  0.0704931  ,  1.01023    ,  3.8192     ])
Iter time: 143.105713129
Iter time: 278.293138027
Iter time: 479.33334589
83      , -27208      , array([ 0.434786   ,  0.0392689  ,  7.19364    ,  1.36761    ,  2.73731    ,  18.7552    ,  0.451374   ,  0.0948316  ,  0.0684965  ,  0.070669   ,  1.01025    ,  3.83751    ])
Iter time: 141.885318041
Iter time: 276.0432899
Iter time: 476.976336002
84      , -27178.7    , array([ 0.433324   ,  0.0390509  ,  7.28557    ,  1.36761    ,  2.70244    ,  18.6279    ,  0.452067   ,  0.0965005  ,  0.0689694  ,  0.0700049  ,  1.01032    ,  3.8325     ])
Iter time: 141.269050121
Iter time: 275.202107906
Iter time: 475.509438992
85      , -27145.3    , array([ 0.434344   ,  0.0398271  ,  7.324      ,  1.36884    ,  2.73731    ,  18.5685    ,  0.453485   ,  0.0976912  ,  0.0696598  ,  0.0704291  ,  1.01032    ,  3.88232    ])
Iter time: 140.576292038
Iter time: 273.685737848
Iter time: 476.89919281
86      , -27130      , array([ 0.431115   ,  0.0389222  ,  7.27916    ,  1.36888    ,  2.73138    ,  18.4483    ,  0.452458   ,  0.0979626  ,  0.0692174  ,  0.0693586  ,  1.01032    ,  3.82865    ])
Iter time: 139.762599945
Iter time: 272.025730848
Iter time: 470.261048079
87      , -27098      , array([ 0.43589    ,  0.0384872  ,  7.26525    ,  1.36967    ,  2.73582    ,  18.3014    ,  0.452544   ,  0.0988106  ,  0.0693491  ,  0.068675   ,  1.01036    ,  3.81719    ])
Iter time: 142.144782066
Iter time: 276.675802946
Iter time: 478.455141068
88      , -27063.2    , array([ 0.433515   ,  0.0388749  ,  7.26136    ,  1.36925    ,  2.73475    ,  18.6621    ,  0.453259   ,  0.1001     ,  0.0698694  ,  0.0684057  ,  1.01037    ,  3.81814    ])
Iter time: 141.3617661
Iter time: 275.246877909
Iter time: 477.010810852
89      , -26886.3    , array([ 0.432161   ,  0.0389244  ,  7.21512    ,  1.37142    ,  2.74482    ,  18.5968    ,  0.453617   ,  0.10622    ,  0.0702565  ,  0.0663436  ,  1.01048    ,  3.77885    ])
Iter time: 140.414953947
Iter time: 272.660372019
Iter time: 472.707976103
90      , -26980.1    , array([ 0.433416   ,  0.0392158  ,  7.37442    ,  1.37173    ,  2.74269    ,  18.4274    ,  0.451201   ,  0.105824   ,  0.0684145  ,  0.068633   ,  1.01043    ,  3.78332    ])
Iter time: 140.697345972
Iter time: 273.103854895
Iter time: 472.416849136
91      , -26930.8    , array([ 0.432643   ,  0.0388629  ,  7.26104    ,  1.37038    ,  2.74092    ,  18.34      ,  0.45513    ,  0.105802   ,  0.066996   ,  0.0675041  ,  1.01046    ,  3.787      ])
Iter time: 137.998229027
Iter time: 268.623329163
Iter time: 463.734380007
92      , -26860.6    , array([ 0.429156   ,  0.0390388  ,  7.25171    ,  1.37309    ,  2.74844    ,  18.0793    ,  0.452968   ,  0.108281   ,  0.0683641  ,  0.0665283  ,  1.01033    ,  3.75204    ])
Iter time: 134.222280025
Iter time: 261.390192986
Iter time: 451.585703135
93      , -26596.1    , array([ 0.424506   ,  0.039183   ,  7.20348    ,  1.37749    ,  2.76534    ,  17.5849    ,  0.452891   ,  0.118899   ,  0.0677467  ,  0.0637838  ,  1.01035    ,  3.67753    ])
Iter time: 139.089939833
Iter time: 270.699722052
Iter time: 467.154324055
94      , -26805.9    , array([ 0.429766   ,  0.038053   ,  7.2258     ,  1.37246    ,  2.75641    ,  18.0777    ,  0.453451   ,  0.110175   ,  0.0685013  ,  0.0681768  ,  1.01051    ,  3.74838    ])
Iter time: 140.252707005
Iter time: 270.492794991
Iter time: 467.214521885
95      , -26768.2    , array([ 0.430901   ,  0.038217   ,  7.19412    ,  1.37827    ,  2.73985    ,  18.1259    ,  0.453189   ,  0.111755   ,  0.0678141  ,  0.0671266  ,  1.01048    ,  3.74881    ])
Iter time: 137.653183937
Iter time: 267.37987113
Iter time: 462.214735031
96      , -26718.8    , array([ 0.430645   ,  0.0380267  ,  7.15927    ,  1.37096    ,  2.74012    ,  18.1165    ,  0.447442   ,  0.11467    ,  0.0675765  ,  0.0660928  ,  1.01052    ,  3.75023    ])
Iter time: 137.325732946
Iter time: 267.405202866
Iter time: 462.153532982
97      , -26678.8    , array([ 0.42909    ,  0.0378583  ,  7.32594    ,  1.37499    ,  2.73896    ,  17.9084    ,  0.453367   ,  0.116925   ,  0.0685655  ,  0.065479   ,  1.01055    ,  3.73811    ])
Iter time: 137.676402092
Iter time: 267.201663971
Iter time: 461.651628017
98      , -26620.3    , array([ 0.429833   ,  0.0378733  ,  7.24017    ,  1.37622    ,  2.78052    ,  17.9127    ,  0.452889   ,  0.118639   ,  0.0680288  ,  0.0653679  ,  1.01051    ,  3.72748    ])
Iter time: 137.390637875
Iter time: 269.133396864
Iter time: 461.730439901
99      , -26562.1    , array([ 0.428079   ,  0.0368252  ,  7.18837    ,  1.37622    ,  2.75227    ,  17.8627    ,  0.451374   ,  0.121049   ,  0.0670891  ,  0.0641716  ,  1.01055    ,  3.65477    ])
Iter time: 135.615377188
Iter time: 264.154942036
Iter time: 457.503549099
100     , -26266.9    , array([ 0.42498    ,  0.0354101  ,  7.1215     ,  1.37992    ,  2.75978    ,  17.5199    ,  0.450323   ,  0.134746   ,  0.0658396  ,  0.0612545  ,  1.01066    ,  3.54605    ])
Iter time: 137.131300926
Iter time: 266.618921041
Iter time: 461.072710037
101     , -26435.6    , array([ 0.430256   ,  0.0370921  ,  7.20631    ,  1.37802    ,  2.763      ,  17.825     ,  0.452042   ,  0.127302   ,  0.0669572  ,  0.0638264  ,  1.0106     ,  3.65895    ])
Iter time: 137.377281904
Iter time: 267.682522058
Iter time: 463.15948987
102     , -26354.3    , array([ 0.42462    ,  0.0372812  ,  7.21031    ,  1.37863    ,  2.76307    ,  17.8892    ,  0.451872   ,  0.131652   ,  0.0664403  ,  0.06368    ,  1.01061    ,  3.64412    ])
Iter time: 132.134113073
Iter time: 257.837683916
Iter time: 445.59667182
103     , -26268.7    , array([ 0.424303   ,  0.0400274  ,  7.12739    ,  1.38224    ,  2.7852     ,  17.3379    ,  0.45356    ,  0.133059   ,  0.0675595  ,  0.0609955  ,  1.0108     ,  3.61383    ])
Iter time: 134.689584017
Iter time: 262.253931046
Iter time: 453.877969027
104     , -26240.1    , array([ 0.4239     ,  0.0369201  ,  7.04404    ,  1.38011    ,  2.77029    ,  17.452     ,  0.453757   ,  0.133256   ,  0.0669563  ,  0.0614288  ,  1.01066    ,  3.62034    ])
Iter time: 132.242738962
Iter time: 258.353297949
Iter time: 444.870702982
105     , -25868.2    , array([ 0.41922    ,  0.0358231  ,  6.88444    ,  1.38432    ,  2.7842     ,  16.9838    ,  0.45504    ,  0.149534   ,  0.0662389  ,  0.0581154  ,  1.01077    ,  3.54151    ])
Iter time: 133.110187054
Iter time: 259.331429958
Iter time: 447.640054941
106     , -26117.1    , array([ 0.422432   ,  0.036753   ,  7.09081    ,  1.38379    ,  2.77933    ,  17.3121    ,  0.449825   ,  0.141195   ,  0.0682446  ,  0.0609165  ,  1.01068    ,  3.57664    ])
Iter time: 130.836025
Iter time: 254.629096985
Iter time: 441.760930061
107     , -26023.4    , array([ 0.421301   ,  0.0363456  ,  7.1153     ,  1.38482    ,  2.78117    ,  16.8706    ,  0.450695   ,  0.147471   ,  0.0647631  ,  0.0611067  ,  1.01069    ,  3.55166    ])
Iter time: 131.68415904
Iter time: 256.31499505
Iter time: 444.255932093
108     , -25977.9    , array([ 0.422247   ,  0.0368945  ,  7.08656    ,  1.38584    ,  2.7736     ,  17.1563    ,  0.450401   ,  0.149258   ,  0.0658042  ,  0.0583884  ,  1.01069    ,  3.5485     ])
Iter time: 130.94201684
Iter time: 254.501266956
Iter time: 440.342830896
109     , -25886.9    , array([ 0.419713   ,  0.0365212  ,  7.09991    ,  1.38126    ,  2.79606    ,  16.9546    ,  0.450198   ,  0.154418   ,  0.0661385  ,  0.0579395  ,  1.01076    ,  3.51577    ])
Iter time: 131.04351902
Iter time: 255.084060907
Iter time: 440.65278697
110     , -25798.5    , array([ 0.418167   ,  0.0364576  ,  7.12459    ,  1.39035    ,  2.80523    ,  16.777     ,  0.456448   ,  0.158146   ,  0.0661336  ,  0.0575685  ,  1.01076    ,  3.47682    ])
Iter time: 128.651946068
Iter time: 249.590753794
Iter time: 432.771600962
111     , -25341.4    , array([ 0.412064   ,  0.0356975  ,  7.10731    ,  1.40015    ,  2.83836    ,  16.1448    ,  0.461018   ,  0.185721   ,  0.0654238  ,  0.0537279  ,  1.01088    ,  3.34768    ])
Iter time: 129.540081978
Iter time: 254.698699951
Iter time: 435.754563808
112     , -25608.3    , array([ 0.41686    ,  0.0362629  ,  6.92742    ,  1.39048    ,  2.82313    ,  16.6812    ,  0.451741   ,  0.167529   ,  0.0646721  ,  0.0562238  ,  1.01078    ,  3.42455    ])
Iter time: 128.389961004
Iter time: 250.505253792
Iter time: 433.232587099
113     , -25500.1    , array([ 0.41402    ,  0.0359869  ,  6.95809    ,  1.39162    ,  2.788      ,  16.4804    ,  0.452027   ,  0.174884   ,  0.0646349  ,  0.0549225  ,  1.01086    ,  3.38614    ])
Iter time: 130.593421936
Iter time: 253.995902061
Iter time: 438.841170073
114     , -25340.2    , array([ 0.417471   ,  0.0342942  ,  6.95326    ,  1.39271    ,  2.80712    ,  16.6072    ,  0.451881   ,  0.186091   ,  0.0643974  ,  0.0549006  ,  1.01111    ,  3.38524    ])
Iter time: 129.460818052
Iter time: 251.961746931
Iter time: 436.8016119
115     , -24716.7    , array([ 0.413996   ,  0.0320836  ,  6.83142    ,  1.40038    ,  2.82824    ,  16.1389    ,  0.451376   ,  0.23281    ,  0.0627853  ,  0.0509343  ,  1.0115     ,  3.24793    ])
Iter time: 126.4984231
Iter time: 246.41156888
Iter time: 427.526278019
116     , -25221.4    , array([ 0.409256   ,  0.0353621  ,  6.88891    ,  1.39591    ,  2.82044    ,  16.1143    ,  0.452618   ,  0.192205   ,  0.0644618  ,  0.0528391  ,  1.01101    ,  3.33553    ])
Iter time: 125.192799091
Iter time: 242.856571913
Iter time: 419.592949867
117     , -25115.5    , array([ 0.412148   ,  0.0348742  ,  6.83296    ,  1.3982     ,  2.83005    ,  15.7793    ,  0.452913   ,  0.197952   ,  0.0646369  ,  0.0513387  ,  1.01107    ,  3.30008    ])
Iter time: 129.204746962
Iter time: 251.66395402
Iter time: 433.860399008
118     , -25003.7    , array([ 0.410463   ,  0.0317439  ,  6.86402    ,  1.39721    ,  2.81504    ,  16.0274    ,  0.451119   ,  0.209265   ,  0.0630993  ,  0.0520805  ,  1.01093    ,  3.27774    ])
Iter time: 123.636533976
Iter time: 240.65395999
Iter time: 415.841932058
119     , -24804.9    , array([ 0.407442   ,  0.0352354  ,  6.82767    ,  1.40247    ,  2.85038    ,  15.6273    ,  0.454497   ,  0.222376   ,  0.0642905  ,  0.0504767  ,  1.01111    ,  3.29688    ])
Iter time: 124.874371052
Iter time: 242.961639881
Iter time: 419.807670116
120     , -24728.4    , array([ 0.407439   ,  0.0337103  ,  6.81413    ,  1.40167    ,  2.84226    ,  15.5473    ,  0.455784   ,  0.228909   ,  0.0614109  ,  0.0491911  ,  1.01116    ,  3.2246     ])
Iter time: 126.195272923
Iter time: 247.472728968
Iter time: 423.763931036
121     , -24615.7    , array([ 0.406261   ,  0.0336632  ,  6.74191    ,  1.40346    ,  2.85069    ,  15.7384    ,  0.455756   ,  0.235832   ,  0.0641415  ,  0.0472968  ,  1.01123    ,  3.19542    ])
Iter time: 124.42526412
Iter time: 242.090134859
Iter time: 418.236268044
122     , -23941.1    , array([ 0.398943   ,  0.0323972  ,  6.56263    ,  1.41287    ,  2.8861     ,  15.2012    ,  0.458308   ,  0.298229   ,  0.0638329  ,  0.0416106  ,  1.0115     ,  3.03094    ])
Iter time: 124.54508996
Iter time: 241.844940186
Iter time: 418.484590769
123     , -24323.6    , array([ 0.401534   ,  0.0324516  ,  6.68315    ,  1.40695    ,  2.87747    ,  15.1674    ,  0.457378   ,  0.261501   ,  0.0628075  ,  0.0467814  ,  1.01136    ,  3.11532    ])
Iter time: 124.079592943
Iter time: 241.639451027
Iter time: 417.311417818
124     , -24154.5    , array([ 0.400987   ,  0.0321442  ,  6.60366    ,  1.41596    ,  2.86804    ,  15.0655    ,  0.458792   ,  0.275957   ,  0.0619541  ,  0.0454928  ,  1.0114     ,  3.08159    ])
Iter time: 121.973889112
Iter time: 236.725792885
Iter time: 409.648717165
125     , -23916.3    , array([ 0.398494   ,  0.032184   ,  6.76324    ,  1.41816    ,  2.89454    ,  14.7422    ,  0.454532   ,  0.31561    ,  0.0611745  ,  0.0435412  ,  1.01149    ,  2.98908    ])
Iter time: 124.89968586
Iter time: 238.597970963
Iter time: 412.346421003
126     , -23060.1    , array([ 0.388519   ,  0.0305055  ,  6.70345    ,  1.43538    ,  2.95134    ,  13.7349    ,  0.454279   ,  0.458517   ,  0.0587894  ,  0.0376882  ,  1.01185    ,  2.74608    ])
Iter time: 122.226516008
Iter time: 237.913609982
Iter time: 410.826617956
127     , -23730.7    , array([ 0.396075   ,  0.0308906  ,  6.68456    ,  1.41938    ,  2.87583    ,  14.5312    ,  0.458279   ,  0.333178   ,  0.0616686  ,  0.0421036  ,  1.01165    ,  2.97948    ])
Iter time: 122.190605879
Iter time: 237.761961937
Iter time: 412.102985859
128     , -23548.6    , array([ 0.395858   ,  0.0303453  ,  6.61077    ,  1.42288    ,  2.92716    ,  14.4028    ,  0.459039   ,  0.355364   ,  0.0612228  ,  0.0412336  ,  1.01171    ,  2.9497     ])
Iter time: 121.790015936
Iter time: 236.693483114
Iter time: 409.059031963
129     , -23403.6    , array([ 0.395086   ,  0.0297743  ,  6.39433    ,  1.41801    ,  2.89002    ,  14.4251    ,  0.449764   ,  0.372845   ,  0.0598192  ,  0.0403314  ,  1.01183    ,  2.92131    ])
Iter time: 122.691814899
Iter time: 238.371707916
Iter time: 413.548418999
130     , -23238.3    , array([ 0.395468   ,  0.0292073  ,  6.51563    ,  1.42605    ,  2.92022    ,  14.1882    ,  0.457629   ,  0.402334   ,  0.0599603  ,  0.0392045  ,  1.01184    ,  2.86787    ])
Iter time: 124.251927853
Iter time: 241.407419205
Iter time: 418.041855812
131     , -23043.5    , array([ 0.389998   ,  0.0287534  ,  6.51713    ,  1.42841    ,  2.92556    ,  14.235     ,  0.458121   ,  0.439673   ,  0.0590541  ,  0.038577   ,  1.0119     ,  2.83166    ])
Iter time: 160.069031
Iter time: 311.331726074
Iter time: 538.193398952
132     , -22183.8    , array([ 0.379373   ,  0.0261085  ,  6.36473    ,  1.44376    ,  2.97452    ,  13.5205    ,  0.460748   ,  0.655263   ,  0.0564462  ,  0.0334402  ,  1.01232    ,  2.623      ])
Iter time: 129.179407835
Iter time: 251.067682028
Iter time: 433.946556807
133     , -22696.2    , array([ 0.386492   ,  0.0305764  ,  6.40649    ,  1.43725    ,  2.96829    ,  13.6229    ,  0.461564   ,  0.50305    ,  0.0593801  ,  0.0353208  ,  1.01228    ,  2.74701    ])
Iter time: 141.623064041
Iter time: 275.637015104
Iter time: 477.197019815
134     , -22548.9    , array([ 0.385947   ,  0.026903   ,  6.37262    ,  1.43772    ,  2.95137    ,  13.6557    ,  0.459314   ,  0.542386   ,  0.0575132  ,  0.0343377  ,  1.01229    ,  2.64926    ])
Iter time: 151.31509304
Iter time: 294.000131845
Iter time: 506.852096081
135     , -22309.5    , array([ 0.38248    ,  0.0270827  ,  6.31438    ,  1.44464    ,  2.97844    ,  13.4324    ,  0.458606   ,  0.608378   ,  0.0595556  ,  0.0331861  ,  1.01243    ,  2.62136    ])
Iter time: 157.571445942
Iter time: 307.019199133
Iter time: 529.769448996
136     , -21980      , array([ 0.371487   ,  0.0276634  ,  6.21632    ,  1.45349    ,  3.01913    ,  12.55      ,  0.464313   ,  0.702044   ,  0.0577414  ,  0.0298417  ,  1.01225    ,  2.51121    ])
Iter time: 217.514542818
Iter time: 422.55577302
Iter time: 731.326233149
137     , -20996.1    , array([ 0.351898   ,  0.0256873  ,  5.92986    ,  1.4808     ,  3.11936    ,  11.067     ,  0.470919   ,  1.21912    ,  0.0553736  ,  0.0228418  ,  1.01262    ,  2.20811    ])
Iter time: 176.978151083
Iter time: 345.990018845
Iter time: 594.951822042
138     , -21781.2    , array([ 0.374686   ,  0.0263047  ,  6.22884    ,  1.45909    ,  3.00766    ,  12.6706    ,  0.460454   ,  0.807832   ,  0.0565218  ,  0.0288316  ,  1.01259    ,  2.47213    ])
Iter time: 191.343612909
Iter time: 372.93860507
Iter time: 644.253443003
139     , -21603.9    , array([ 0.370978   ,  0.0256836  ,  6.24272    ,  1.45708    ,  3.04156    ,  12.3934    ,  0.459311   ,  0.915587   ,  0.0564307  ,  0.0274782  ,  1.01275    ,  2.40907    ])
Iter time: 202.235771179
Iter time: 394.687293053
Iter time: 680.66186285
140     , -21433.9    , array([ 0.368389   ,  0.0245155  ,  6.22965    ,  1.46777    ,  3.04907    ,  11.8718    ,  0.459963   ,  1.02137    ,  0.053656   ,  0.0280344  ,  1.01286    ,  2.35737    ])
Iter time: 216.127413988
Iter time: 422.920997858
Iter time: 727.48071599
141     , -21246.4    , array([ 0.366603   ,  0.0247395  ,  6.04459    ,  1.46924    ,  3.08994    ,  12.0078    ,  0.460274   ,  1.1019     ,  0.0542657  ,  0.0258903  ,  1.01291    ,  2.30627    ])
Iter time: 234.8484869
Iter time: 456.477359056
Iter time: 789.488157988
142     , -21084      , array([ 0.36214    ,  0.0243413  ,  6.02153    ,  1.47347    ,  3.06326    ,  11.753     ,  0.459717   ,  1.24754    ,  0.0535728  ,  0.0244636  ,  1.01305    ,  2.23595    ])
Iter time: 255.739501953
Iter time: 500.760442019
Iter time: 866.493461132
143     , -20901.5    , array([ 0.35762    ,  0.023989   ,  6.16334    ,  1.48801    ,  3.13287    ,  11.341     ,  0.470913   ,  1.45419    ,  0.0538312  ,  0.0230113  ,  1.01313    ,  2.15928    ])
Iter time: 412.503262043
Iter time: 801.098670959
Iter time: 1386.41697097
144     , -20202.8    , array([ 0.340241   ,  0.0215326  ,  6.051      ,  1.52429    ,  3.26184    ,  10.0558    ,  0.481858   ,  2.87188    ,  0.0510659  ,  0.0173816  ,  1.01378    ,  1.85641    ])
Iter time: 305.835283041
Iter time: 595.849087
Iter time: 1026.79916096
145     , -20588.3    , array([ 0.348429   ,  0.0232432  ,  5.97447    ,  1.49614    ,  3.15817    ,  10.8875    ,  0.466816   ,  1.86993    ,  0.0522864  ,  0.0206716  ,  1.01345    ,  2.04572    ])
Iter time: 335.348106861
Iter time: 652.109818935
Iter time: 1130.26914501
146     , -20313.9    , array([ 0.348282   ,  0.0212681  ,  5.69672    ,  1.49672    ,  3.16035    ,  10.8196    ,  0.472397   ,  2.07397    ,  0.052296   ,  0.019455   ,  1.01371    ,  2.03415    ])
Iter time: 373.424234867
Iter time: 725.739492893
Iter time: 1250.96331596
147     , -20322.1    , array([ 0.344086   ,  0.019973   ,  5.84526    ,  1.50491    ,  3.17531    ,  10.4976    ,  0.466742   ,  2.39375    ,  0.0506911  ,  0.018795   ,  1.01352    ,  1.93414    ])
Iter time: 406.470653057
Iter time: 789.909610987
Iter time: 1367.41128683
148     , -20157.4    , array([ 0.338041   ,  0.0216007  ,  5.79234    ,  1.51592    ,  3.23268    ,  10.0233    ,  0.470284   ,  2.84343    ,  0.0512467  ,  0.0174855  ,  1.01371    ,  1.90306    ])
WARNING:Numerics:Extrapolation may have failed. Check resulting frequency spectrum for unexpected results.
Iter time: 1991.22554493
Iter time: 1444.7447319
Iter time: 2495.23081779
149     , -19749.4    , array([ 0.316367   ,  0.0193554  ,  5.52232    ,  1.5566     ,  3.38323    ,  8.58733    ,  0.475868   ,  6.51044    ,  0.0483743  ,  0.0124776  ,  1.01442    ,  1.61293    ])
Iter time: 497.009817123
Iter time: 960.793209076
Iter time: 1661.35964179
150     , -19955.9    , array([ 0.330485   ,  0.0202891  ,  5.71662    ,  1.52754    ,  3.27206    ,  9.45776    ,  0.473919   ,  3.76314    ,  0.0478034  ,  0.0153706  ,  1.0139     ,  1.77378    ])
