==========================================
SLURM_JOB_ID = 18981512
SLURM_NODELIST = c8-74
==========================================
Module slurm/17.11.5 loaded 
Module openmpi/3.0.1 loaded 
Module gcc/7.3.0 loaded 
Module python/2.7.6 loaded 
Module numpy/1.11.1 loaded 
Module dadi/1.7.0 loaded 
Module matplotlib/2.0 loaded 
Module scipy/0.18.0 loaded 
Beginning. Call:
/home/hemstrow/monarch/github/F-H_2018/DADI/demographic_models/run_3d_mods.py /home/hemstrow/monarch/github/F-H_2018/Data/dadi_inputs/ dadi_snps_10kgap.txt 1st_folded_optim_10kgap_snps_dadi_out.txt lgrowth_p2 10 [NAM,GUA,HAW] True 3 [0.1,0.1,0.5,1,5,5,.1,.1,.1,.1,2] [1,1,5,10,20,20,10,10,10,10,4] [1e-3,1e-3,1e-3,1e-3,0.01,0.01,0.01,0.01,0.01,0.01,1] [150,15,15] fmin

Ready to begin run. Parameters:

Model:
lgrowth_p2
Maxiters:
10
Pops:
['NAM', 'GUA', 'HAW']
Projection:
[150, 15, 15]
Number of segregating sites in projected sfs:
9454.98941724
Folding spectra:
True
Level of parm folding:
3
Optimizer:
fmin
p0:
[  0.06989778   0.32004038   0.17422389   0.47488928  19.8         19.8
   0.24985242   0.37041031   0.17652819   0.14500653   1.01      ]
Upper Bounds:
[1.0, 1.0, 5.0, 10.0, 20.0, 20.0, 10.0, 10.0, 10.0, 10.0, 4.0]
Lower Bounds:
[0.001, 0.001, 0.001, 0.001, 0.01, 0.01, 0.01, 0.01, 0.01, 0.01, 1.0]

Beginning optimization ************************************************
optimize_log_fmin.
Iter time: 349.307557821
Iter time: 674.763026953
Iter time: 1152.90234494
1       , -19077.7    , array([ 0.0698978  ,  0.32004    ,  0.174224   ,  0.474889   ,  19.8       ,  19.8       ,  0.249852   ,  0.37041    ,  0.176528   ,  0.145007   ,  1.01       ])
Iter time: 347.292542219
Iter time: 669.344480991
Iter time: 1155.17639685
2       , -19077.7    , array([ 0.0611909  ,  0.32004    ,  0.174224   ,  0.474889   ,  19.8       ,  19.8       ,  0.249852   ,  0.37041    ,  0.176528   ,  0.145007   ,  1.01       ])
Iter time: 351.165634155
Iter time: 683.22960186
Iter time: 1180.42454004
3       , -19078      , array([ 0.0698978  ,  0.302319   ,  0.174224   ,  0.474889   ,  19.8       ,  19.8       ,  0.249852   ,  0.37041    ,  0.176528   ,  0.145007   ,  1.01       ])
Iter time: 369.746024847
Iter time: 695.886597872
Iter time: 1217.17989898
4       , -19187.1    , array([ 0.0698978  ,  0.32004    ,  0.159648   ,  0.474889   ,  19.8       ,  19.8       ,  0.249852   ,  0.37041    ,  0.176528   ,  0.145007   ,  1.01       ])
Iter time: 341.572255135
Iter time: 666.110506058
Iter time: 1145.09075189
5       , -19041.3    , array([ 0.0698978  ,  0.32004    ,  0.174224   ,  0.457533   ,  19.8       ,  19.8       ,  0.249852   ,  0.37041    ,  0.176528   ,  0.145007   ,  1.01       ])
Iter time: 347.277333975
Iter time: 676.072789907
Iter time: 147724.088352
8       , -19256.7    , array([ 0.0698978  ,  0.32004    ,  0.174224   ,  0.474889   ,  19.8       ,  19.8       ,  0.233114   ,  0.37041    ,  0.176528   ,  0.145007   ,  1.01       ])
Iter time: 349.739830971
Iter time: 664.681135893
Iter time: 1164.02152991
9       , -19224.1    , array([ 0.0698978  ,  0.32004    ,  0.174224   ,  0.474889   ,  19.8       ,  19.8       ,  0.249852   ,  0.352466   ,  0.176528   ,  0.145007   ,  1.01       ])
Iter time: 343.832911968
Iter time: 670.649254084
Iter time: 1146.14191389
10      , -19109.7    , array([ 0.0698978  ,  0.32004    ,  0.174224   ,  0.474889   ,  19.8       ,  19.8       ,  0.249852   ,  0.37041    ,  0.161866   ,  0.145007   ,  1.01       ])
Iter time: 348.96043396
Iter time: 670.176669121
Iter time: 1152.33900499
11      , -19119.6    , array([ 0.0698978  ,  0.32004    ,  0.174224   ,  0.474889   ,  19.8       ,  19.8       ,  0.249852   ,  0.37041    ,  0.176528   ,  0.131661   ,  1.01       ])
Iter time: 345.801494122
Iter time: 678.186003923
Iter time: 1151.6504631
12      , -19077.7    , array([ 0.0698978  ,  0.32004    ,  0.174224   ,  0.474889   ,  19.8       ,  19.8       ,  0.249852   ,  0.37041    ,  0.176528   ,  0.145007   ,  1.0105     ])
Iter time: 347.579068899
Iter time: 662.627660036
Iter time: 1137.99391007
15      , -19059.3    , array([ 0.0653996  ,  0.32004    ,  0.174224   ,  0.46613    ,  19.8       ,  19.8       ,  0.249852   ,  0.37041    ,  0.176528   ,  0.145007   ,  1.01       ])
Iter time: 341.832331181
Iter time: 664.785205126
Iter time: 1141.40968204
16      , -19059.3    , array([ 0.0698978  ,  0.32004    ,  0.174224   ,  0.46613    ,  19.8       ,  19.8       ,  0.249852   ,  0.37041    ,  0.176528   ,  0.145007   ,  1.01       ])
Iter time: 341.014038086
Iter time: 662.878366947
Iter time: 1141.90584302
17      , -19059.3    , array([ 0.0698978  ,  0.32004    ,  0.174224   ,  0.46613    ,  19.8       ,  19.8       ,  0.249852   ,  0.37041    ,  0.176528   ,  0.145007   ,  1.01025    ])
Iter time: 345.252237797
Iter time: 666.259575844
Iter time: 1174.39574599
18      , -19059.6    , array([ 0.0698978  ,  0.311053   ,  0.174224   ,  0.46613    ,  19.8       ,  19.8       ,  0.249852   ,  0.37041    ,  0.176528   ,  0.145007   ,  1.01       ])
Iter time: 350.087168932
Iter time: 666.532783985
Iter time: 1148.46043801
19      , -19075.5    , array([ 0.0698978  ,  0.32004    ,  0.174224   ,  0.46613    ,  19.8       ,  19.8       ,  0.249852   ,  0.37041    ,  0.169038   ,  0.145007   ,  1.01       ])
Iter time: 348.356121063
Iter time: 681.364092112
Iter time: 1152.11412597
20      , -19080.7    , array([ 0.0698978  ,  0.32004    ,  0.174224   ,  0.46613    ,  19.8       ,  19.8       ,  0.249852   ,  0.37041    ,  0.176528   ,  0.138173   ,  1.01       ])
Iter time: 355.263838053
Iter time: 690.576201916
Iter time: 1176.97260499
21      , -19113.2    , array([ 0.0698978  ,  0.32004    ,  0.166777   ,  0.46613    ,  19.8       ,  19.8       ,  0.249852   ,  0.37041    ,  0.176528   ,  0.145007   ,  1.01       ])
Iter time: 346.154010057
Iter time: 677.29487896
Iter time: 1148.85116696
22      , -19132.4    , array([ 0.0698978  ,  0.32004    ,  0.174224   ,  0.46613    ,  19.8       ,  19.8       ,  0.249852   ,  0.361327   ,  0.176528   ,  0.145007   ,  1.01       ])
Iter time: 350.066525936
Iter time: 677.512751102
Iter time: 1159.5564549
23      , -19148.6    , array([ 0.0698978  ,  0.32004    ,  0.174224   ,  0.46613    ,  19.8       ,  19.8       ,  0.241338   ,  0.37041    ,  0.176528   ,  0.145007   ,  1.01       ])
Iter time: 350.213195086
Iter time: 667.050816059
Iter time: 1149.84487295
28      , -19050.2    , array([ 0.0676113  ,  0.32004    ,  0.174224   ,  0.461811   ,  19.8       ,  19.8       ,  0.249852   ,  0.37041    ,  0.176528   ,  0.145007   ,  1.01       ])
Iter time: 349.113615036
Iter time: 684.918653965
Iter time: 1147.85041094
29      , -19050.2    , array([ 0.0698978  ,  0.32004    ,  0.174224   ,  0.461811   ,  19.8       ,  19.8       ,  0.249852   ,  0.37041    ,  0.176528   ,  0.145007   ,  1.01       ])
Iter time: 351.298950911
Iter time: 678.542731047
Iter time: 1163.72655201
30      , -19050.2    , array([ 0.0698978  ,  0.32004    ,  0.174224   ,  0.461811   ,  19.8       ,  19.8       ,  0.249852   ,  0.37041    ,  0.176528   ,  0.145007   ,  1.01013    ])
Iter time: 351.274837017
Iter time: 678.206415892
Iter time: 1165.91504002
31      , -19050.3    , array([ 0.0698978  ,  0.315515   ,  0.174224   ,  0.461811   ,  19.8       ,  19.8       ,  0.249852   ,  0.37041    ,  0.176528   ,  0.145007   ,  1.01       ])
Iter time: 347.377093077
Iter time: 674.723694086
Iter time: 1172.49888802
32      , -19058.4    , array([ 0.0698978  ,  0.32004    ,  0.174224   ,  0.461811   ,  19.8       ,  19.8       ,  0.249852   ,  0.37041    ,  0.172743   ,  0.145007   ,  1.01       ])
Iter time: 351.145726919
Iter time: 672.364432812
Iter time: 1159.85323215
33      , -19061      , array([ 0.0698978  ,  0.32004    ,  0.174224   ,  0.461811   ,  19.8       ,  19.8       ,  0.249852   ,  0.37041    ,  0.176528   ,  0.141548   ,  1.01       ])
Iter time: 351.356149912
Iter time: 694.057027817
Iter time: 1168.71630001
34      , -19077      , array([ 0.0698978  ,  0.32004    ,  0.17046    ,  0.461811   ,  19.8       ,  19.8       ,  0.249852   ,  0.37041    ,  0.176528   ,  0.145007   ,  1.01       ])
Iter time: 347.557011843
Iter time: 671.084586143
Iter time: 1164.02304411
35      , -19086.8    , array([ 0.0698978  ,  0.32004    ,  0.174224   ,  0.461811   ,  19.8       ,  19.8       ,  0.249852   ,  0.36584    ,  0.176528   ,  0.145007   ,  1.01       ])
Iter time: 348.530102968
Iter time: 672.133277893
Iter time: 1156.41740394
36      , -19094.8    , array([ 0.0698978  ,  0.32004    ,  0.174224   ,  0.461811   ,  19.8       ,  19.8       ,  0.245558   ,  0.37041    ,  0.176528   ,  0.145007   ,  1.01       ])
Iter time: 340.239679098
Iter time: 648.414278984
Iter time: 1124.57624912
39      , -19072.1    , array([ 0.0694764  ,  0.319213   ,  0.173533   ,  0.46103    ,  19.9348    ,  19.0747    ,  0.249066   ,  0.369575   ,  0.175834   ,  0.144372   ,  1.01002    ])
Iter time: 348.526368141
Iter time: 668.740772963
Iter time: 1143.08961701
40      , -19075.6    , array([ 0.0694     ,  0.319063   ,  0.173408   ,  0.460889   ,  19.0982    ,  19.6661    ,  0.248923   ,  0.369424   ,  0.175708   ,  0.144256   ,  1.01003    ])
Iter time: 350.228507042
Iter time: 681.427452087
Iter time: 1142.55776691
41      , -19027.6    , array([ 0.0693099  ,  0.318885   ,  0.17326    ,  0.460721   ,  19.6948    ,  19.6419    ,  0.253904   ,  0.369244   ,  0.175559   ,  0.14412    ,  1.01003    ])
Iter time: 346.313224077
Iter time: 674.547094822
Iter time: 1155.13007092
42      , -18994.2    , array([ 0.0690178  ,  0.318309   ,  0.17278    ,  0.460177   ,  19.6424    ,  19.5633    ,  0.258183   ,  0.368663   ,  0.175076   ,  0.143679   ,  1.01005    ])
Iter time: 347.620044947
Iter time: 662.446770906
Iter time: 1148.90247798
43      , -19018.8    , array([ 0.0691504  ,  0.318571   ,  0.172998   ,  0.460424   ,  19.6662    ,  19.5989    ,  0.251033   ,  0.37438    ,  0.175296   ,  0.14388    ,  1.01004    ])
Iter time: 334.68133688
Iter time: 659.518496037
Iter time: 1143.81317401
44      , -19018.2    , array([ 0.0690154  ,  0.318304   ,  0.177294   ,  0.460172   ,  19.642     ,  19.5626    ,  0.251248   ,  0.370478   ,  0.175073   ,  0.143676   ,  1.01005    ])
Iter time: 344.29377389
Iter time: 663.133027077
Iter time: 1147.11650896
46      , -19058.9    , array([ 0.0694101  ,  0.319082   ,  0.173801   ,  0.460907   ,  19.4318    ,  19.6688    ,  0.249841   ,  0.369981   ,  0.175724   ,  0.144272   ,  1.01003    ])
Iter time: 341.761685848
Iter time: 665.254132986
Iter time: 1138.28100109
48      , -19056.6    , array([ 0.0694452  ,  0.319151   ,  0.173876   ,  0.460973   ,  19.8298    ,  19.3978    ,  0.249947   ,  0.370076   ,  0.175782   ,  0.144325   ,  1.01002    ])
Iter time: 349.611628056
Iter time: 665.686352015
Iter time: 1143.06665897
49      , -19020.3    , array([ 0.0688524  ,  0.317982   ,  0.17415    ,  0.459868   ,  19.6563    ,  19.5799    ,  0.251832   ,  0.370683   ,  0.174803   ,  0.14758    ,  1.01006    ])
Iter time: 353.770102978
Iter time: 665.177635908
Iter time: 1153.45187092
51      , -19048.1    , array([ 0.0693662  ,  0.318996   ,  0.174009   ,  0.460826   ,  19.5896    ,  19.6752    ,  0.25043    ,  0.370296   ,  0.175652   ,  0.144551   ,  1.01003    ])
Iter time: 350.721445084
Iter time: 667.387124062
Iter time: 1157.89827514
52      , -19013.9    , array([ 0.0686561  ,  0.317594   ,  0.174174   ,  0.4595     ,  19.6592    ,  19.5414    ,  0.252302   ,  0.37079    ,  0.179006   ,  0.144573   ,  1.01007    ])
Iter time: 354.014082909
Iter time: 683.58210206
Iter time: 1156.07093811
53      , -19008.2    , array([ 0.0689601  ,  0.318195   ,  0.174578   ,  0.460069   ,  19.5989    ,  19.9733    ,  0.252637   ,  0.371255   ,  0.176492   ,  0.145301   ,  1.01005    ])
Iter time: 340.961377859
Iter time: 668.571022034
Iter time: 1133.29308987
54      , -19006.7    , array([ 0.0683456  ,  0.322358   ,  0.174293   ,  0.458918   ,  19.5919    ,  19.5986    ,  0.253242   ,  0.371074   ,  0.17574    ,  0.144671   ,  1.01008    ])
Iter time: 347.474261045
Iter time: 665.22983408
Iter time: 1141.59647703
55      , -18998.8    , array([ 0.0680671  ,  0.318217   ,  0.174305   ,  0.458394   ,  19.5544    ,  19.5622    ,  0.253864   ,  0.371195   ,  0.175597   ,  0.14461    ,  1.0101     ])
Iter time: 348.223357916
Iter time: 673.967605829
Iter time: 1146.746948
56      , -18989.5    , array([ 0.0677394  ,  0.317886   ,  0.17432    ,  0.457775   ,  19.51      ,  19.5193    ,  0.2546     ,  0.371337   ,  0.175428   ,  0.144538   ,  1.00997    ])
Iter time: 341.711124182
Iter time: 660.614957809
Iter time: 1141.75229907
57      , -18959.3    , array([ 0.0666853  ,  0.316814   ,  0.174368   ,  0.45577    ,  19.3666    ,  19.3804    ,  0.257007   ,  0.371802   ,  0.174881   ,  0.144304   ,  1.00989    ])
Iter time: 339.315668106
Iter time: 657.388581991
Iter time: 1132.05753303
58      , -18973      , array([ 0.0698549  ,  0.317301   ,  0.174347   ,  0.45668    ,  19.4317    ,  19.4434    ,  0.25591    ,  0.371591   ,  0.17513    ,  0.144411   ,  1.01008    ])
Iter time: 346.852669954
Iter time: 666.036828041
Iter time: 1147.0731132
59      , -18961.5    , array([ 0.0681746  ,  0.318032   ,  0.174623   ,  0.456906   ,  19.6115    ,  19.5246    ,  0.256326   ,  0.371942   ,  0.175908   ,  0.14484    ,  1.01006    ])
Iter time: 342.895707846
Iter time: 663.2689991
Iter time: 1138.11998105
60      , -18954      , array([ 0.0673497  ,  0.316631   ,  0.17448    ,  0.46008    ,  19.3694    ,  19.3522    ,  0.258117   ,  0.372106   ,  0.174923   ,  0.144355   ,  1.01009    ])
Iter time: 339.195072174
Iter time: 655.165342093
Iter time: 1118.84294915
61      , -18910.6    , array([ 0.0661108  ,  0.31494    ,  0.174609   ,  0.461359   ,  19.1576    ,  19.1321    ,  0.262351   ,  0.372956   ,  0.174126   ,  0.14403    ,  1.01014    ])
Iter time: 335.328290224
Iter time: 656.946357965
Iter time: 1151.71085501
62      , -18954.3    , array([ 0.067869   ,  0.318125   ,  0.174638   ,  0.458013   ,  19.42      ,  19.4875    ,  0.258      ,  0.372245   ,  0.176525   ,  0.141212   ,  1.01005    ])
Iter time: 342.202526093
Iter time: 657.672513962
Iter time: 1140.64032507
63      , -18944.8    , array([ 0.0673471  ,  0.317456   ,  0.176103   ,  0.457023   ,  19.3659    ,  19.4485    ,  0.260113   ,  0.368187   ,  0.176252   ,  0.144351   ,  1.01007    ])
Iter time: 348.252111912
Iter time: 669.929450989
Iter time: 1159.61801505
64      , -18932.1    , array([ 0.0671793  ,  0.317567   ,  0.171625   ,  0.456703   ,  19.3399    ,  19.4639    ,  0.261535   ,  0.371645   ,  0.176693   ,  0.144679   ,  1.01007    ])
Iter time: 343.28302598
Iter time: 659.155272961
Iter time: 1116.81053209
65      , -18921.5    , array([ 0.0672644  ,  0.318273   ,  0.174231   ,  0.456863   ,  19.2655    ,  19.471     ,  0.262149   ,  0.371488   ,  0.172402   ,  0.143801   ,  1.01005    ])
Iter time: 334.544193983
Iter time: 654.971833944
Iter time: 1107.11504102
66      , -18911.2    , array([ 0.0666654  ,  0.317686   ,  0.173766   ,  0.455718   ,  19.2646    ,  18.9619    ,  0.263567   ,  0.371064   ,  0.174114   ,  0.14281    ,  1.01007    ])
Iter time: 342.774218082
Iter time: 657.452383995
Iter time: 1133.48679996
67      , -18895.3    , array([ 0.0669611  ,  0.312752   ,  0.173954   ,  0.456281   ,  19.2125    ,  19.2087    ,  0.264854   ,  0.371244   ,  0.174563   ,  0.143095   ,  1.01003    ])
Iter time: 344.588904858
Iter time: 655.479205132
Iter time: 1132.06066108
68      , -18839.8    , array([ 0.0662794  ,  0.308057   ,  0.173785   ,  0.454968   ,  19.0255    ,  19.0167    ,  0.270858   ,  0.371329   ,  0.173978   ,  0.142313   ,  1.01       ])
Iter time: 342.13309288
Iter time: 654.713464975
Iter time: 1133.14181209
69      , -18874.4    , array([ 0.0669105  ,  0.314959   ,  0.173847   ,  0.45618    ,  19.1537    ,  19.1458    ,  0.267337   ,  0.371148   ,  0.174411   ,  0.142739   ,  1.01       ])
Iter time: 338.775015116
Iter time: 647.350640059
Iter time: 1112.41393995
70      , -18857.3    , array([ 0.0656178  ,  0.314262   ,  0.175578   ,  0.453692   ,  18.9807    ,  19.0698    ,  0.264536   ,  0.374153   ,  0.174809   ,  0.143492   ,  1.01004    ])
Iter time: 342.133260965
Iter time: 655.480179071
Iter time: 1117.47852015
71      , -18857.2    , array([ 0.0640981  ,  0.314709   ,  0.174223   ,  0.45662    ,  19.1048    ,  19.1198    ,  0.268498   ,  0.371669   ,  0.174698   ,  0.1426     ,  1.01       ])
Iter time: 336.451253891
Iter time: 676.305421114
Iter time: 1211.84644198
72      , -18849.5    , array([ 0.0649458  ,  0.313387   ,  0.173875   ,  0.456343   ,  18.8397    ,  18.9679    ,  0.270333   ,  0.371269   ,  0.173707   ,  0.141775   ,  1.01001    ])
Iter time: 342.770400047
Iter time: 640.807824135
Iter time: 1118.467906
73      , -18832.1    , array([ 0.0660779  ,  0.31397    ,  0.17404    ,  0.457585   ,  18.9825    ,  19.0344    ,  0.272106   ,  0.371312   ,  0.174513   ,  0.141845   ,  1.0102     ])
Iter time: 331.062726021
Iter time: 648.06083703
Iter time: 1099.03679395
74      , -18768.7    , array([ 0.0657762  ,  0.312557   ,  0.173875   ,  0.458495   ,  18.7933    ,  18.8638    ,  0.279985   ,  0.371067   ,  0.174329   ,  0.14063    ,  1.01035    ])
Iter time: 337.857085943
Iter time: 643.521716118
Iter time: 1118.57390189
75      , -18804.5    , array([ 0.0645567  ,  0.311675   ,  0.173632   ,  0.455431   ,  18.8177    ,  18.8182    ,  0.27512    ,  0.370656   ,  0.172495   ,  0.144843   ,  1.01009    ])
Iter time: 333.952445984
Iter time: 649.404118061
Iter time: 1117.648633
76      , -18787.7    , array([ 0.0645584  ,  0.311289   ,  0.171747   ,  0.456128   ,  18.7721    ,  18.7433    ,  0.275681   ,  0.375197   ,  0.172086   ,  0.14178    ,  1.01008    ])
Iter time: 330.937933922
Iter time: 640.358072042
Iter time: 1094.704916
77      , -18774      , array([ 0.0642531  ,  0.310052   ,  0.176251   ,  0.456344   ,  18.6957    ,  18.6005    ,  0.276822   ,  0.37235    ,  0.170834   ,  0.140939   ,  1.01008    ])
Iter time: 327.504037857
Iter time: 647.221988916
Iter time: 1088.44858885
78      , -18757.5    , array([ 0.0636397  ,  0.307896   ,  0.173978   ,  0.456089   ,  18.6658    ,  18.4397    ,  0.278921   ,  0.372665   ,  0.174795   ,  0.141282   ,  1.01011    ])
Iter time: 319.675323963
Iter time: 633.22305584
Iter time: 1342.71880102
79      , -18675.4    , array([ 0.0619012  ,  0.302835   ,  0.173852   ,  0.455703   ,  18.373     ,  17.9447    ,  0.287706   ,  0.373254   ,  0.176004   ,  0.14004    ,  1.01014    ])
Iter time: 343.673609972
Iter time: 647.048331022
Iter time: 1113.62170386
80      , -18725.6    , array([ 0.0633516  ,  0.305792   ,  0.17446    ,  0.457232   ,  18.5065    ,  18.7459    ,  0.281876   ,  0.373489   ,  0.173417   ,  0.141757   ,  1.0101     ])
Iter time: 335.711658955
Iter time: 637.59997797
Iter time: 1117.96466422
81      , -18692.2    , array([ 0.0633899  ,  0.306809   ,  0.173591   ,  0.450905   ,  18.4932    ,  18.5104    ,  0.286903   ,  0.371691   ,  0.173277   ,  0.14015    ,  1.01002    ])
Iter time: 325.053116798
Iter time: 631.57109499
Iter time: 1087.49665499
82      , -18695.5    , array([ 0.0620196  ,  0.305332   ,  0.174304   ,  0.45506    ,  18.3793    ,  18.384     ,  0.285191   ,  0.373601   ,  0.172788   ,  0.140948   ,  1.01017    ])
Iter time: 330.786844015
Iter time: 639.269160032
Iter time: 1108.90471196
83      , -18683.4    , array([ 0.0625963  ,  0.304409   ,  0.172358   ,  0.457806   ,  18.4386    ,  18.3347    ,  0.292178   ,  0.370501   ,  0.172031   ,  0.139752   ,  1.01015    ])
Iter time: 327.422402143
Iter time: 626.001415968
Iter time: 1082.1471839
84      , -18651.8    , array([ 0.0638048  ,  0.302143   ,  0.173358   ,  0.455085   ,  18.201     ,  18.1479    ,  0.292324   ,  0.372764   ,  0.171659   ,  0.140112   ,  1.01022    ])
Iter time: 325.077741146
Iter time: 637.736940861
Iter time: 1079.19558501
85      , -18550.5    , array([ 0.0636586  ,  0.29605    ,  0.172927   ,  0.454319   ,  17.7653    ,  17.6806    ,  0.305018   ,  0.373312   ,  0.17016    ,  0.138884   ,  1.01032    ])
Iter time: 330.022069216
Iter time: 619.31217885
Iter time: 1087.47281694
86      , -18605.6    , array([ 0.0627432  ,  0.300295   ,  0.173532   ,  0.454993   ,  18.2611    ,  18.061     ,  0.296783   ,  0.373538   ,  0.171992   ,  0.1404     ,  1.01026    ])
Iter time: 324.435913801
Iter time: 616.268437147
Iter time: 1066.25449681
87      , -18572.7    , array([ 0.0608709  ,  0.304076   ,  0.173577   ,  0.456373   ,  17.9485    ,  17.8465    ,  0.301171   ,  0.37388    ,  0.171366   ,  0.139525   ,  1.01032    ])
Iter time: 325.438529015
Iter time: 623.331525087
Iter time: 1069.10820413
88      , -18563.7    , array([ 0.0618308  ,  0.299201   ,  0.173719   ,  0.45608    ,  17.9913    ,  17.8618    ,  0.301424   ,  0.375149   ,  0.172634   ,  0.13616    ,  1.01027    ])
Iter time: 316.325593948
Iter time: 623.877575159
Iter time: 1071.34583306
89      , -18541.2    , array([ 0.0613457  ,  0.297422   ,  0.175991   ,  0.455375   ,  17.8962    ,  17.7767    ,  0.305732   ,  0.3706     ,  0.173144   ,  0.138082   ,  1.01032    ])
Iter time: 317.812044859
Iter time: 614.013139963
Iter time: 1061.32853198
90      , -18419.5    , array([ 0.0597998  ,  0.290721   ,  0.178152   ,  0.454999   ,  17.4737    ,  17.3122    ,  0.321964   ,  0.368322   ,  0.173675   ,  0.136269   ,  1.01044    ])
Iter time: 326.931542873
Iter time: 618.611260891
Iter time: 1078.00619888
91      , -18490.5    , array([ 0.0608375  ,  0.295134   ,  0.171829   ,  0.454915   ,  17.7498    ,  17.681     ,  0.312951   ,  0.372697   ,  0.174936   ,  0.138058   ,  1.01038    ])
Iter time: 315.428205013
Iter time: 620.854532957
Iter time: 1059.95931602
92      , -18446.2    , array([ 0.0585914  ,  0.289731   ,  0.173802   ,  0.452136   ,  17.4753    ,  17.2301    ,  0.315741   ,  0.374283   ,  0.171538   ,  0.137897   ,  1.01012    ])
Iter time: 314.596056938
Iter time: 605.098268986
Iter time: 997.880351782
93      , -18437.6    , array([ 0.059976   ,  0.29325    ,  0.173101   ,  0.452462   ,  17.562     ,  17.0747    ,  0.32016    ,  0.371999   ,  0.172098   ,  0.136116   ,  1.01037    ])
Iter time: 307.509395123
Iter time: 600.761821032
Iter time: 1036.16420507
94      , -18421      , array([ 0.0608919  ,  0.291544   ,  0.173037   ,  0.454149   ,  17.5379    ,  17.1785    ,  0.323163   ,  0.371597   ,  0.172599   ,  0.136032   ,  1.01034    ])
Iter time: 310.404043913
Iter time: 588.738097906
Iter time: 1027.64669108
95      , -18376.1    , array([ 0.0591418  ,  0.28746    ,  0.173648   ,  0.458932   ,  17.2626    ,  16.8312    ,  0.328262   ,  0.37349    ,  0.17199    ,  0.136067   ,  1.01055    ])
Iter time: 300.300680161
Iter time: 577.116739988
Iter time: 999.278149843
96      , -18222.2    , array([ 0.0571257  ,  0.278249   ,  0.173676   ,  0.462999   ,  16.6784    ,  16.0496    ,  0.351126   ,  0.374393   ,  0.17135    ,  0.13407    ,  1.01081    ])
Iter time: 302.895403862
Iter time: 591.843476057
Iter time: 1010.70147896
97      , -18299.9    , array([ 0.0589039  ,  0.285031   ,  0.175132   ,  0.452942   ,  17.0007    ,  16.5861    ,  0.333288   ,  0.375402   ,  0.173111   ,  0.135428   ,  1.01053    ])
Iter time: 309.362252951
Iter time: 600.562543869
Iter time: 1023.93317699
98      , -18243.3    , array([ 0.0590303  ,  0.283374   ,  0.173859   ,  0.454529   ,  16.8224    ,  16.7057    ,  0.347641   ,  0.373022   ,  0.168693   ,  0.13433    ,  1.01062    ])
Iter time: 304.404639959
Iter time: 590.928243876
Iter time: 1013.21573281
99      , -18243.5    , array([ 0.0575957  ,  0.282774   ,  0.174239   ,  0.455154   ,  16.6747    ,  16.3645    ,  0.346842   ,  0.372645   ,  0.172021   ,  0.132912   ,  1.01056    ])
Iter time: 300.469811916
Iter time: 591.581890821
Iter time: 1009.33091593
100     , -18216.2    , array([ 0.0587733  ,  0.275594   ,  0.174315   ,  0.453557   ,  16.7397    ,  16.3022    ,  0.350676   ,  0.37208    ,  0.17277    ,  0.13257    ,  1.01055    ])
