==========================================
SLURM_JOB_ID = 18981481
SLURM_NODELIST = c8-71
==========================================
Module slurm/17.11.5 loaded 
Module openmpi/3.0.1 loaded 
Module gcc/7.3.0 loaded 
Module python/2.7.6 loaded 
Module numpy/1.11.1 loaded 
Module dadi/1.7.0 loaded 
Module matplotlib/2.0 loaded 
Module scipy/0.18.0 loaded 
Beginning. Call:
/home/hemstrow/monarch/github/F-H_2018/DADI/demographic_models/run_3d_mods.py /home/hemstrow/monarch/github/F-H_2018/Data/dadi_inputs/ dadi_snps_10kgap.txt 1st_folded_optim_10kgap_snps_dadi_out.txt lgrowth_p3 10 [NAM,HAW,GUA] True 3 [0.1,0.1,0.5,1,5,5,.1,.1,.1,.1,2] [1,1,5,10,20,20,10,10,10,10,4] [1e-3,1e-3,1e-3,1e-3,0.01,0.01,0.01,0.01,0.01,0.01,1] [150,15,15] fmin

Ready to begin run. Parameters:

Model:
lgrowth_p3
Maxiters:
10
Pops:
['NAM', 'HAW', 'GUA']
Projection:
[150, 15, 15]
Number of segregating sites in projected sfs:
9454.98941724
Folding spectra:
True
Level of parm folding:
3
Optimizer:
fmin
p0:
[  5.26774636e-01   3.45313446e-01   2.34680277e+00   5.14531826e+00
   1.98000000e+01   5.45699550e+00   1.25541792e-02   1.84834363e-01
   2.89083607e-02   3.46274857e-02   3.96000000e+00]
Upper Bounds:
[1.0, 1.0, 5.0, 10.0, 20.0, 20.0, 10.0, 10.0, 10.0, 10.0, 4.0]
Lower Bounds:
[0.001, 0.001, 0.001, 0.001, 0.01, 0.01, 0.01, 0.01, 0.01, 0.01, 1.0]

Beginning optimization ************************************************
optimize_log_fmin.
Iter time: 20.017056942
Iter time: 38.1443531513
Iter time: 65.1174480915
1       , -33884.6    , array([ 0.526775   ,  0.345313   ,  2.3468     ,  5.14532    ,  19.8       ,  5.457      ,  0.0125542  ,  0.184834   ,  0.0289084  ,  0.0346275  ,  3.96       ])
Iter time: 20.0596899986
Iter time: 38.1505179405
Iter time: 65.0267081261
2       , -33882.1    , array([ 0.51016    ,  0.345313   ,  2.3468     ,  5.14532    ,  19.8       ,  5.457      ,  0.0125542  ,  0.184834   ,  0.0289084  ,  0.0346275  ,  3.96       ])
Iter time: 20.1903610229
Iter time: 38.338588953
Iter time: 65.3468658924
3       , -33881.3    , array([ 0.526775   ,  0.327434   ,  2.3468     ,  5.14532    ,  19.8       ,  5.457      ,  0.0125542  ,  0.184834   ,  0.0289084  ,  0.0346275  ,  3.96       ])
Iter time: 20.0683581829
Iter time: 38.316393137
Iter time: 65.6174459457
4       , -33911.8    , array([ 0.526775   ,  0.345313   ,  2.44907    ,  5.14532    ,  19.8       ,  5.457      ,  0.0125542  ,  0.184834   ,  0.0289084  ,  0.0346275  ,  3.96       ])
Iter time: 20.3827459812
Iter time: 38.1496238708
Iter time: 64.9549939632
5       , -34065.5    , array([ 0.526775   ,  0.345313   ,  2.3468     ,  5.58448    ,  19.8       ,  5.457      ,  0.0125542  ,  0.184834   ,  0.0289084  ,  0.0346275  ,  3.96       ])
Iter time: 21.6251819134
Iter time: 41.2039129734
Iter time: 70.2026729584
7       , -33986.6    , array([ 0.526775   ,  0.345313   ,  2.3468     ,  5.14532    ,  19.8       ,  5.9402     ,  0.0125542  ,  0.184834   ,  0.0289084  ,  0.0346275  ,  3.96       ])
Iter time: 20.0529870987
Iter time: 38.1759898663
Iter time: 64.9342181683
8       , -34225.9    , array([ 0.526775   ,  0.345313   ,  2.3468     ,  5.14532    ,  19.8       ,  5.457      ,  0.0100862  ,  0.184834   ,  0.0289084  ,  0.0346275  ,  3.96       ])
Iter time: 19.997025013
Iter time: 38.1585609913
Iter time: 64.9442899227
9       , -33977.9    , array([ 0.526775   ,  0.345313   ,  2.3468     ,  5.14532    ,  19.8       ,  5.457      ,  0.0125542  ,  0.169872   ,  0.0289084  ,  0.0346275  ,  3.96       ])
Iter time: 20.0104520321
Iter time: 38.0505108833
Iter time: 64.9674510956
10      , -33878.2    , array([ 0.526775   ,  0.345313   ,  2.3468     ,  5.14532    ,  19.8       ,  5.457      ,  0.0125542  ,  0.184834   ,  0.0242145  ,  0.0346275  ,  3.96       ])
Iter time: 20.0695118904
Iter time: 38.1990630627
Iter time: 64.9628050327
11      , -33996.6    , array([ 0.526775   ,  0.345313   ,  2.3468     ,  5.14532    ,  19.8       ,  5.457      ,  0.0125542  ,  0.184834   ,  0.0289084  ,  0.0292679  ,  3.96       ])
Iter time: 20.1107959747
Iter time: 38.2593960762
Iter time: 65.2356078625
15      , -33879      , array([ 0.526775   ,  0.336255   ,  2.3468     ,  5.14532    ,  19.8       ,  5.457      ,  0.0125542  ,  0.184834   ,  0.0264575  ,  0.0346275  ,  3.96       ])
Iter time: 20.0631780624
Iter time: 38.1238479614
Iter time: 64.9790270329
16      , -33880      , array([ 0.518401   ,  0.345313   ,  2.3468     ,  5.14532    ,  19.8       ,  5.457      ,  0.0125542  ,  0.184834   ,  0.0264575  ,  0.0346275  ,  3.96       ])
Iter time: 20.0055599213
Iter time: 38.0880339146
Iter time: 65.0399780273
17      , -33881.2    , array([ 0.526775   ,  0.345313   ,  2.3468     ,  5.14532    ,  19.8       ,  5.457      ,  0.0125542  ,  0.184834   ,  0.0264575  ,  0.0346275  ,  3.96       ])
Iter time: 19.9993579388
Iter time: 38.0397980213
Iter time: 64.9489529133
18      , -33894.5    , array([ 0.526775   ,  0.345313   ,  2.39739    ,  5.14532    ,  19.8       ,  5.457      ,  0.0125542  ,  0.184834   ,  0.0264575  ,  0.0346275  ,  3.96       ])
Iter time: 19.9916749001
Iter time: 38.0483660698
Iter time: 65.2399427891
19      , -33928      , array([ 0.526775   ,  0.345313   ,  2.3468     ,  5.14532    ,  19.8       ,  5.457      ,  0.0125542  ,  0.177195   ,  0.0264575  ,  0.0346275  ,  3.96       ])
Iter time: 20.7853040695
Iter time: 39.5546178818
Iter time: 67.6755428314
20      , -33931.2    , array([ 0.526775   ,  0.345313   ,  2.3468     ,  5.14532    ,  19.8       ,  5.69348    ,  0.0125542  ,  0.184834   ,  0.0264575  ,  0.0346275  ,  3.96       ])
Iter time: 20.025135994
Iter time: 38.0594348907
Iter time: 65.2328031063
21      , -33938.7    , array([ 0.526775   ,  0.345313   ,  2.3468     ,  5.14532    ,  19.8       ,  5.457      ,  0.0125542  ,  0.184834   ,  0.0264575  ,  0.0318351  ,  3.96       ])
Iter time: 20.0591671467
Iter time: 38.0660750866
Iter time: 64.9248449802
22      , -33971.4    , array([ 0.526775   ,  0.345313   ,  2.3468     ,  5.3604     ,  19.8       ,  5.457      ,  0.0125542  ,  0.184834   ,  0.0264575  ,  0.0346275  ,  3.96       ])
Iter time: 20.0085179806
Iter time: 38.0506720543
Iter time: 64.9119501114
23      , -34056      , array([ 0.526775   ,  0.345313   ,  2.3468     ,  5.14532    ,  19.8       ,  5.457      ,  0.0112527  ,  0.184834   ,  0.0264575  ,  0.0346275  ,  3.96       ])
Iter time: 20.0260708332
Iter time: 38.1230289936
Iter time: 65.0051288605
28      , -33878.7    , array([ 0.526775   ,  0.340754   ,  2.3468     ,  5.14532    ,  19.8       ,  5.457      ,  0.0125542  ,  0.184834   ,  0.0253111  ,  0.0346275  ,  3.96       ])
Iter time: 20.0776369572
Iter time: 38.0595009327
Iter time: 64.9732971191
29      , -33879.1    , array([ 0.522571   ,  0.345313   ,  2.3468     ,  5.14532    ,  19.8       ,  5.457      ,  0.0125542  ,  0.184834   ,  0.0253111  ,  0.0346275  ,  3.96       ])
Iter time: 20.0132911205
Iter time: 38.0459749699
Iter time: 64.9179251194
30      , -33879.7    , array([ 0.526775   ,  0.345313   ,  2.3468     ,  5.14532    ,  19.8       ,  5.457      ,  0.0125542  ,  0.184834   ,  0.0253111  ,  0.0346275  ,  3.96       ])
Iter time: 20.0105209351
Iter time: 38.0678641796
Iter time: 64.9289381504
31      , -33886.2    , array([ 0.526775   ,  0.345313   ,  2.37196    ,  5.14532    ,  19.8       ,  5.457      ,  0.0125542  ,  0.184834   ,  0.0253111  ,  0.0346275  ,  3.96       ])
Iter time: 20.026376009
Iter time: 38.0836548805
Iter time: 64.9244091511
32      , -33903.1    , array([ 0.526775   ,  0.345313   ,  2.3468     ,  5.14532    ,  19.8       ,  5.457      ,  0.0125542  ,  0.180975   ,  0.0253111  ,  0.0346275  ,  3.96       ])
Iter time: 20.4122099876
Iter time: 38.8652141094
Iter time: 66.2235751152
33      , -33902.3    , array([ 0.526775   ,  0.345313   ,  2.3468     ,  5.14532    ,  19.8       ,  5.57398    ,  0.0125542  ,  0.184834   ,  0.0253111  ,  0.0346275  ,  3.96       ])
Iter time: 19.9953889847
Iter time: 38.183027029
Iter time: 64.9224050045
34      , -33908.8    , array([ 0.526775   ,  0.345313   ,  2.3468     ,  5.14532    ,  19.8       ,  5.457      ,  0.0125542  ,  0.184834   ,  0.0253111  ,  0.033202   ,  3.96       ])
Iter time: 19.9927201271
Iter time: 38.1869130135
Iter time: 65.0875461102
35      , -33924.7    , array([ 0.526775   ,  0.345313   ,  2.3468     ,  5.25176    ,  19.8       ,  5.457      ,  0.0125542  ,  0.184834   ,  0.0253111  ,  0.0346275  ,  3.96       ])
Iter time: 20.0326910019
Iter time: 38.1586141586
Iter time: 64.9159271717
36      , -33968.1    , array([ 0.526775   ,  0.345313   ,  2.3468     ,  5.14532    ,  19.8       ,  5.457      ,  0.0118857  ,  0.184834   ,  0.0253111  ,  0.0346275  ,  3.96       ])
Iter time: 20.1919460297
Iter time: 38.2821140289
Iter time: 65.348911047
39      , -33939.4    , array([ 0.526008   ,  0.34448    ,  2.35136    ,  5.16451    ,  19.9348    ,  5.47808    ,  0.0124299  ,  0.184127   ,  0.0251081  ,  0.0343638  ,  3.89246    ])
Iter time: 20.0479328632
Iter time: 38.2314958572
Iter time: 65.1173408031
40      , -33808.3    , array([ 0.525868   ,  0.344329   ,  2.35219    ,  5.16801    ,  19.0982    ,  5.48192    ,  0.0124074  ,  0.183998   ,  0.0250714  ,  0.0343161  ,  3.94763    ])
Iter time: 20.0215411186
Iter time: 38.2456970215
Iter time: 65.1732771397
41      , -33710.9    , array([ 0.525416   ,  0.343837   ,  2.35488    ,  5.17939    ,  18.4099    ,  5.49443    ,  0.0123347  ,  0.183581   ,  0.0249523  ,  0.0341615  ,  3.94146    ])
Iter time: 20.0994980335
Iter time: 38.4471600056
Iter time: 65.6123130322
42      , -33792.5    , array([ 0.525622   ,  0.344061   ,  2.35366    ,  5.17421    ,  19.5638    ,  5.48874    ,  0.013194   ,  0.183771   ,  0.0250064  ,  0.0342317  ,  3.94427    ])
Iter time: 20.0956540108
Iter time: 38.7490859032
Iter time: 65.9705350399
44      , -33903.1    , array([ 0.526085   ,  0.344564   ,  2.3509     ,  5.16257    ,  19.7909    ,  5.47595    ,  0.0125101  ,  0.184198   ,  0.0251286  ,  0.0343904  ,  3.92454    ])
Iter time: 20.2201871872
Iter time: 38.3254508972
Iter time: 65.6571929455
45      , -33805      , array([ 0.525426   ,  0.343849   ,  2.35482    ,  5.0553     ,  19.4955    ,  5.49415    ,  0.0126195  ,  0.183591   ,  0.0249551  ,  0.034165   ,  3.9473     ])
Iter time: 20.1895577908
Iter time: 38.3010928631
Iter time: 65.3591611385
46      , -33805.1    , array([ 0.525182   ,  0.343583   ,  2.35628    ,  5.14335    ,  19.4406    ,  5.50093    ,  0.0126314  ,  0.183366   ,  0.0248909  ,  0.0358176  ,  3.94499    ])
Iter time: 20.1271221638
Iter time: 38.3207218647
Iter time: 65.2032339573
47      , -33791      , array([ 0.525705   ,  0.344152   ,  2.35316    ,  5.12269    ,  19.3865    ,  5.48643    ,  0.0126982  ,  0.183848   ,  0.0250284  ,  0.0348364  ,  3.98441    ])
Iter time: 20.1499888897
Iter time: 38.3623380661
Iter time: 65.5073840618
48      , -33771.5    , array([ 0.524824   ,  0.343194   ,  2.35842    ,  5.13575    ,  19.3034    ,  5.51087    ,  0.0126799  ,  0.187659   ,  0.0247972  ,  0.0346358  ,  3.95314    ])
Iter time: 19.7456510067
Iter time: 37.5645089149
Iter time: 64.2222650051
49      , -33746.2    , array([ 0.52447    ,  0.34281    ,  2.36054    ,  5.13401    ,  19.2144    ,  5.38405    ,  0.0127029  ,  0.184248   ,  0.0247049  ,  0.0346373  ,  3.95189    ])
Iter time: 20.1194350719
Iter time: 38.208425045
Iter time: 65.3742039204
50      , -33740.2    , array([ 0.524052   ,  0.342357   ,  2.33345    ,  5.13196    ,  19.1098    ,  5.48603    ,  0.0127301  ,  0.184141   ,  0.0245962  ,  0.034639   ,  3.95042    ])
Iter time: 20.1680340767
Iter time: 38.3628950119
Iter time: 65.2671759129
51      , -33726.3    , array([ 0.523558   ,  0.341823   ,  2.35602    ,  5.12953    ,  18.9869    ,  5.49132    ,  0.0127624  ,  0.184015   ,  0.0244684  ,  0.0346411  ,  3.94868    ])
Iter time: 20.0659320354
Iter time: 38.2333509922
Iter time: 65.2743360996
52      , -33695.3    , array([ 0.527951   ,  0.341192   ,  2.3577     ,  5.12667    ,  18.8427    ,  5.49759    ,  0.0128006  ,  0.183867   ,  0.0243182  ,  0.0346436  ,  3.94663    ])
Iter time: 20.1035900116
Iter time: 38.3452961445
Iter time: 65.5472488403
53      , -33605.3    , array([ 0.530661   ,  0.339149   ,  2.36317    ,  5.11736    ,  18.3816    ,  5.518      ,  0.0129256  ,  0.183385   ,  0.0238364  ,  0.0346517  ,  3.93996    ])
Iter time: 20.0905389786
Iter time: 38.320152998
Iter time: 65.3603599072
54      , -33642.6    , array([ 0.524438   ,  0.34546    ,  2.36069    ,  5.12159    ,  18.5898    ,  5.50871    ,  0.0128686  ,  0.183604   ,  0.0240542  ,  0.034648   ,  3.94299    ])
Iter time: 20.122166872
Iter time: 38.3246109486
Iter time: 65.6428771019
55      , -33602.9    , array([ 0.524014   ,  0.340925   ,  2.36322    ,  5.11729    ,  18.3778    ,  5.51817    ,  0.0129266  ,  0.183381   ,  0.0251133  ,  0.0346518  ,  3.9399     ])
Iter time: 20.1577529907
Iter time: 38.4867930412
Iter time: 65.7271101475
56      , -33473      , array([ 0.52264    ,  0.338752   ,  2.37147    ,  5.10333    ,  17.7055    ,  5.54901    ,  0.013117   ,  0.182659   ,  0.0255752  ,  0.0346639  ,  3.92989    ])
Iter time: 19.978303194
Iter time: 38.1041638851
Iter time: 65.0303258896
57      , -33614.9    , array([ 0.52514    ,  0.341761   ,  2.35646    ,  5.11198    ,  18.4021    ,  5.48277    ,  0.012936   ,  0.18472    ,  0.0245517  ,  0.0333016  ,  3.95213    ])
Iter time: 20.0853669643
Iter time: 38.1016869545
Iter time: 65.1129949093
58      , -33576.7    , array([ 0.524844   ,  0.34112    ,  2.35823    ,  5.21157    ,  18.1588    ,  5.48747    ,  0.0130066  ,  0.184699   ,  0.0244161  ,  0.0347503  ,  3.9507     ])
Iter time: 20.0547540188
Iter time: 38.206401825
Iter time: 65.1133768559
59      , -33552.6    , array([ 0.524508   ,  0.340378   ,  2.36022    ,  5.09846    ,  17.8518    ,  5.49264    ,  0.012408   ,  0.184688   ,  0.0242603  ,  0.0347776  ,  3.95491    ])
Iter time: 20.1008532047
Iter time: 38.1475088596
Iter time: 65.1341860294
60      , -33512.7    , array([ 0.524207   ,  0.339606   ,  2.36201    ,  5.1453     ,  17.7469    ,  5.49609    ,  0.0128384  ,  0.184763   ,  0.024102   ,  0.0341633  ,  3.90978    ])
Iter time: 19.9333250523
Iter time: 38.0559468269
Iter time: 64.8228580952
61      , -33483.5    , array([ 0.524975   ,  0.339903   ,  2.35739    ,  5.13396    ,  17.553     ,  5.46904    ,  0.012886   ,  0.1805     ,  0.0242013  ,  0.0342756  ,  3.93282    ])
Iter time: 20.3263759613
Iter time: 38.9135940075
Iter time: 66.5316720009
62      , -33466.7    , array([ 0.525422   ,  0.339757   ,  2.35471    ,  5.13569    ,  17.3467    ,  5.61383    ,  0.0128962  ,  0.183156   ,  0.024201   ,  0.0342087  ,  3.9306     ])
Iter time: 20.6627590656
Iter time: 39.5669298172
Iter time: 67.7591981888
63      , -33332      , array([ 0.525898   ,  0.338241   ,  2.3518     ,  5.13653    ,  16.4821    ,  5.73237    ,  0.012994   ,  0.182613   ,  0.0239529  ,  0.0339965  ,  3.91999    ])
Iter time: 20.1256639957
Iter time: 38.425839901
Iter time: 65.6337919235
64      , -33397.3    , array([ 0.526177   ,  0.33946    ,  2.38543    ,  5.13857    ,  16.9788    ,  5.55364    ,  0.0129167  ,  0.182985   ,  0.024191   ,  0.0340907  ,  3.92654    ])
Iter time: 20.1871459484
Iter time: 38.4463260174
Iter time: 65.6859259605
65      , -33355.4    , array([ 0.527151   ,  0.339562   ,  2.36791    ,  5.14265    ,  16.7448    ,  5.55968    ,  0.0129123  ,  0.182923   ,  0.024267   ,  0.0339895  ,  3.92425    ])
Iter time: 20.2221899033
Iter time: 38.6337049007
Iter time: 65.88509202
66      , -33297      , array([ 0.525602   ,  0.336805   ,  2.37144    ,  5.08656    ,  16.9745    ,  5.56848    ,  0.0134716  ,  0.183236   ,  0.0236762  ,  0.0344352  ,  3.92831    ])
Iter time: 20.3180599213
Iter time: 38.7315719128
Iter time: 66.2203240395
67      , -33093.1    , array([ 0.525695   ,  0.333343   ,  2.37976    ,  5.04077    ,  16.2994    ,  5.60588    ,  0.0140787  ,  0.183063   ,  0.0230628  ,  0.0345729  ,  3.92175    ])
Iter time: 20.2698209286
Iter time: 38.5276660919
Iter time: 65.930934906
68      , -33273.6    , array([ 0.526811   ,  0.333054   ,  2.36908    ,  5.12911    ,  16.4132    ,  5.57173    ,  0.0131254  ,  0.183115   ,  0.0243729  ,  0.0339382  ,  3.92294    ])
Iter time: 20.3038790226
Iter time: 38.8053209782
Iter time: 66.4916059971
69      , -33232.8    , array([ 0.526411   ,  0.335082   ,  2.37562    ,  5.14188    ,  16.2393    ,  5.6145     ,  0.0130916  ,  0.18172    ,  0.0238474  ,  0.0354322  ,  3.90859    ])
Iter time: 20.1986410618
Iter time: 38.6029539108
Iter time: 66.2915790081
70      , -33179.9    , array([ 0.520173   ,  0.336924   ,  2.37114    ,  5.14093    ,  15.8953    ,  5.59627    ,  0.0131326  ,  0.182739   ,  0.024565   ,  0.0341898  ,  3.91497    ])
Iter time: 20.3838298321
Iter time: 38.9346780777
Iter time: 66.7551310062
71      , -33138.9    , array([ 0.525084   ,  0.334224   ,  2.37848    ,  5.03549    ,  15.7055    ,  5.64753    ,  0.0130736  ,  0.181087   ,  0.0240084  ,  0.0339922  ,  3.89788    ])
Iter time: 20.4338738918
Iter time: 39.0719311237
Iter time: 67.1134300232
72      , -33081.9    , array([ 0.525526   ,  0.333844   ,  2.3798     ,  5.13558    ,  15.6078    ,  5.67081    ,  0.0138351  ,  0.180452   ,  0.0241167  ,  0.0338247  ,  3.88346    ])
Iter time: 20.753054142
Iter time: 40.0787010193
Iter time: 68.3215770721
73      , -32865.8    , array([ 0.526036   ,  0.330624   ,  2.38964    ,  5.15424    ,  14.594     ,  5.76205    ,  0.0146091  ,  0.17837    ,  0.0240452  ,  0.0333581  ,  3.84822    ])
Iter time: 20.5693759918
Iter time: 39.3312499523
Iter time: 67.3838160038
74      , -33006.5    , array([ 0.526161   ,  0.332975   ,  2.38303    ,  5.09044    ,  15.1515    ,  5.71616    ,  0.0136892  ,  0.179227   ,  0.0242647  ,  0.0342839  ,  3.91697    ])
Iter time: 20.7583990097
Iter time: 39.7549550533
Iter time: 68.2878859043
75      , -32957.5    , array([ 0.525606   ,  0.331441   ,  2.3924     ,  5.0938     ,  14.9146    ,  5.79077    ,  0.0137894  ,  0.183224   ,  0.0241767  ,  0.0341731  ,  3.89117    ])
Iter time: 20.5954110622
Iter time: 39.5065507889
Iter time: 67.5723469257
76      , -32873.9    , array([ 0.528498   ,  0.331251   ,  2.382      ,  5.12263    ,  14.3321    ,  5.75174    ,  0.0136702  ,  0.18116    ,  0.0226452  ,  0.0337028  ,  3.88706    ])
Iter time: 20.7771060467
Iter time: 39.8135449886
Iter time: 68.2920188904
77      , -32846.7    , array([ 0.525366   ,  0.329093   ,  2.36744    ,  5.08462    ,  14.492     ,  5.78368    ,  0.014026   ,  0.180508   ,  0.0236552  ,  0.0341982  ,  3.88324    ])
Iter time: 21.1087560654
Iter time: 40.3596060276
Iter time: 69.4883289337
78      , -32592.2    , array([ 0.524961   ,  0.324028   ,  2.35849    ,  5.05785    ,  13.3888    ,  5.90225    ,  0.0146159  ,  0.179283   ,  0.0233917  ,  0.0342521  ,  3.86177    ])
Iter time: 20.8908419609
Iter time: 40.1459560394
Iter time: 68.6033890247
79      , -32751.9    , array([ 0.523998   ,  0.326204   ,  2.38322    ,  5.06525    ,  14.1089    ,  5.84055    ,  0.0143506  ,  0.179911   ,  0.0234241  ,  0.0343481  ,  3.87418    ])
Iter time: 20.3706459999
Iter time: 39.0346159935
Iter time: 66.8892700672
80      , -32657.4    , array([ 0.524901   ,  0.325328   ,  2.40536    ,  5.05843    ,  13.9343    ,  5.68389    ,  0.0145202  ,  0.179728   ,  0.0236352  ,  0.0344054  ,  3.87011    ])
Iter time: 20.9301578999
Iter time: 40.2365219593
Iter time: 68.7878749371
81      , -32622.5    , array([ 0.523645   ,  0.328987   ,  2.39442    ,  5.05298    ,  13.5823    ,  5.86899    ,  0.0146412  ,  0.178628   ,  0.0230984  ,  0.0345502  ,  3.85768    ])
Iter time: 20.9815559387
Iter time: 40.2712600231
Iter time: 68.7908389568
82      , -32540.3    , array([ 0.523542   ,  0.325906   ,  2.39124    ,  5.02447    ,  13.289     ,  5.87142    ,  0.0149806  ,  0.179439   ,  0.0234708  ,  0.0329421  ,  3.86263    ])
Iter time: 21.2791759968
Iter time: 40.8565020561
Iter time: 70.2628009319
83      , -32223.2    , array([ 0.522113   ,  0.321413   ,  2.39909    ,  4.96678    ,  12.0214    ,  6.00425    ,  0.016025   ,  0.178309   ,  0.0232848  ,  0.0317635  ,  3.83985    ])
Iter time: 21.2179088593
Iter time: 40.8466749191
Iter time: 70.0227091312
84      , -32425.3    , array([ 0.530179   ,  0.32136    ,  2.40087    ,  4.994      ,  12.9043    ,  5.9664     ,  0.0154843  ,  0.177643   ,  0.0225645  ,  0.0336853  ,  3.84277    ])
Iter time: 21.2097539902
Iter time: 40.7215070724
Iter time: 70.1742851734
85      , -32346.3    , array([ 0.526143   ,  0.321651   ,  2.39754    ,  5.09091    ,  12.602     ,  5.97158    ,  0.0160401  ,  0.178639   ,  0.0228288  ,  0.0338253  ,  3.84964    ])
Iter time: 21.5493109226
Iter time: 41.4571862221
Iter time: 70.9567840099
86      , -32285.9    , array([ 0.525613   ,  0.320415   ,  2.3995     ,  5.09474    ,  11.5879    ,  6.08547    ,  0.0152524  ,  0.175927   ,  0.0237208  ,  0.0331252  ,  3.81332    ])
Iter time: 21.4159691334
Iter time: 41.2211799622
Iter time: 70.7690410614
87      , -32210.1    , array([ 0.525048   ,  0.318534   ,  2.39921    ,  5.0458     ,  11.8726    ,  6.03639    ,  0.0159979  ,  0.179087   ,  0.022453   ,  0.0331963  ,  3.7994     ])
Iter time: 21.8970229626
Iter time: 42.2130458355
Iter time: 72.3397700787
88      , -31849.2    , array([ 0.524493   ,  0.31155    ,  2.40734    ,  5.02363    ,  10.5097    ,  6.20317    ,  0.0172945  ,  0.179016   ,  0.0215985  ,  0.0326655  ,  3.74195    ])
Iter time: 21.3642010689
Iter time: 41.0602810383
Iter time: 70.5005431175
89      , -32063.7    , array([ 0.5254     ,  0.316428   ,  2.39252    ,  5.02977    ,  11.3176    ,  6.03361    ,  0.0165494  ,  0.174441   ,  0.0220775  ,  0.0330318  ,  3.7975     ])
Iter time: 21.6881520748
Iter time: 41.6999149323
Iter time: 71.7421598434
90      , -31984.9    , array([ 0.521966   ,  0.313985   ,  2.4049     ,  4.98486    ,  11.2826    ,  6.12763    ,  0.0172839  ,  0.17522    ,  0.0234621  ,  0.0333705  ,  3.78543    ])
Iter time: 21.9063620567
Iter time: 41.9715878963
Iter time: 72.0739450455
91      , -31857.4    , array([ 0.52367    ,  0.311641   ,  2.39998    ,  4.92427    ,  10.5736    ,  6.18545    ,  0.0166752  ,  0.177385   ,  0.0219975  ,  0.0337176  ,  3.81222    ])
Iter time: 21.7166838646
Iter time: 41.8147439957
Iter time: 71.9955029488
92      , -31806.7    , array([ 0.525646   ,  0.313251   ,  2.40951    ,  4.98514    ,  10.3783    ,  6.16632    ,  0.0174452  ,  0.175415   ,  0.0223243  ,  0.0326357  ,  3.77559    ])
Iter time: 22.2844030857
Iter time: 42.9775559902
Iter time: 73.6716210842
93      , -31392.5    , array([ 0.526472   ,  0.306969   ,  2.42276    ,  4.94556    ,  8.90114    ,  6.33595    ,  0.0192345  ,  0.173209   ,  0.0217939  ,  0.0318118  ,  3.72724    ])
Iter time: 22.7149980068
Iter time: 43.7687671185
Iter time: 75.0643219948
94      , -31683.9    , array([ 0.525027   ,  0.310795   ,  2.39047    ,  4.97143    ,  9.68603    ,  6.46263    ,  0.0181458  ,  0.174417   ,  0.0218011  ,  0.0321204  ,  3.7538     ])
Iter time: 22.3648970127
Iter time: 43.1848449707
Iter time: 74.1316990852
95      , -31542.3    , array([ 0.526539   ,  0.304175   ,  2.40067    ,  4.96209    ,  9.34459    ,  6.36942    ,  0.0187119  ,  0.174732   ,  0.0220745  ,  0.0315644  ,  3.74725    ])
Iter time: 22.5670149326
Iter time: 43.3714361191
Iter time: 74.5956251621
96      , -31396      , array([ 0.525506   ,  0.305301   ,  2.44511    ,  4.9401     ,  8.87971    ,  6.42186    ,  0.0196054  ,  0.173282   ,  0.0215692  ,  0.0313695  ,  3.72285    ])
Iter time: 22.5354449749
Iter time: 43.4601790905
Iter time: 75.1167120934
97      , -31373.5    , array([ 0.519496   ,  0.30498    ,  2.40993    ,  4.9934     ,  8.60772    ,  6.43835    ,  0.0193172  ,  0.174093   ,  0.0221772  ,  0.031487   ,  3.71975    ])
Iter time: 23.2922320366
Iter time: 45.0912380219
Iter time: 77.4720978737
98      , -30941.1    , array([ 0.514236   ,  0.297106   ,  2.41448    ,  4.9931     ,  7.03015    ,  6.68815    ,  0.021576   ,  0.172344   ,  0.0219861  ,  0.0304423  ,  3.65973    ])
Iter time: 22.9421131611
Iter time: 44.3822171688
Iter time: 76.5824518204
99      , -31198.8    , array([ 0.521308   ,  0.300337   ,  2.41636    ,  4.88111    ,  7.92681    ,  6.56668    ,  0.0196806  ,  0.171997   ,  0.0217711  ,  0.0307616  ,  3.67912    ])
Iter time: 23.2573142052
Iter time: 44.6939911842
Iter time: 75.9144430161
100     , -31022.7    , array([ 0.521053   ,  0.29797    ,  2.41748    ,  4.8396     ,  8.04541    ,  6.53358    ,  0.0216788  ,  0.173932   ,  0.0206283  ,  0.0309918  ,  3.69005    ])
Iter time: 23.4842560291
Iter time: 45.3520059586
Iter time: 78.1203389168
101     , -30937.1    , array([ 0.524352   ,  0.292983   ,  2.42125    ,  4.94093    ,  7.20923    ,  6.72446    ,  0.021799   ,  0.170835   ,  0.0205567  ,  0.0321762  ,  3.63813    ])
Iter time: 24.7574138641
Iter time: 47.8898038864
Iter time: 82.5057330132
102     , -30452.2    , array([ 0.525475   ,  0.279725   ,  2.4324     ,  4.92805    ,  5.58286    ,  7.11634    ,  0.0254247  ,  0.167216   ,  0.019315   ,  0.0323846  ,  3.54129    ])
Iter time: 23.9934039116
Iter time: 46.3828508854
Iter time: 80.1869630814
103     , -30772.4    , array([ 0.521086   ,  0.291002   ,  2.4352     ,  4.86095    ,  6.73427    ,  6.89559    ,  0.0228222  ,  0.173285   ,  0.0211603  ,  0.0308297  ,  3.63228    ])
Iter time: 24.1779429913
Iter time: 46.5903549194
Iter time: 80.2865419388
104     , -30666      , array([ 0.524353   ,  0.28924    ,  2.42819    ,  4.88235    ,  6.15016    ,  6.93713    ,  0.0229852  ,  0.172167   ,  0.0195412  ,  0.0300805  ,  3.6166     ])
Iter time: 24.3473579884
Iter time: 47.1167528629
Iter time: 81.2140979767
105     , -30559.1    , array([ 0.522771   ,  0.287491   ,  2.43835    ,  4.93474    ,  5.94681    ,  7.01709    ,  0.0252557  ,  0.169145   ,  0.0203983  ,  0.0291593  ,  3.55696    ])
Iter time: 24.7774879932
Iter time: 48.1480989456
Iter time: 82.7062709332
106     , -30372.9    , array([ 0.521639   ,  0.283403   ,  2.43655    ,  4.82147    ,  5.39448    ,  7.15567    ,  0.0260869  ,  0.165884   ,  0.0205603  ,  0.0294835  ,  3.5905     ])
Iter time: 26.5951619148
Iter time: 51.6618380547
Iter time: 89.1514480114
107     , -29842.2    , array([ 0.520217   ,  0.270298   ,  2.45128    ,  4.72346    ,  3.86481    ,  7.68543    ,  0.0320392  ,  0.159683   ,  0.02006    ,  0.0280107  ,  3.51709    ])
Iter time: 24.6218450069
Iter time: 47.668063879
Iter time: 82.3754370213
108     , -30153.5    , array([ 0.520236   ,  0.27697    ,  2.46498    ,  4.82699    ,  4.95276    ,  7.08823    ,  0.0275705  ,  0.167547   ,  0.0200633  ,  0.0292468  ,  3.53703    ])
Iter time: 25.3759629726
Iter time: 49.2806119919
Iter time: 146544.173014
109     , -30076.2    , array([ 0.517608   ,  0.278218   ,  2.46633    ,  4.81186    ,  4.57407    ,  7.33316    ,  0.0286886  ,  0.165974   ,  0.0194736  ,  0.0293521  ,  3.50621    ])
Iter time: 25.8014531136
Iter time: 70.7101738453
Iter time: 158.601222992
110     , -29990      , array([ 0.517199   ,  0.27255    ,  2.42532    ,  4.81022    ,  4.26662    ,  7.45088    ,  0.0293435  ,  0.166056   ,  0.0195629  ,  0.0291796  ,  3.49094    ])
Iter time: 27.0270760059
Iter time: 74.4288599491
Iter time: 90.4139668941
111     , -29810.1    , array([ 0.514585   ,  0.265271   ,  2.44815    ,  4.78073    ,  3.72367    ,  7.77778    ,  0.0322967  ,  0.164857   ,  0.0189847  ,  0.0283257  ,  3.44554    ])
Iter time: 30.6559488773
Iter time: 59.5578830242
Iter time: 102.793836117
112     , -29309.6    , array([ 0.508742   ,  0.246596   ,  2.46095    ,  4.70039    ,  2.40842    ,  8.61743    ,  0.0418501  ,  0.160834   ,  0.0177189  ,  0.0267286  ,  3.31278    ])
Iter time: 27.5479741096
Iter time: 53.3070940971
Iter time: 92.003483057
113     , -29586      , array([ 0.517383   ,  0.261581   ,  2.46281    ,  4.81074    ,  3.36707    ,  7.88464    ,  0.0362055  ,  0.164006   ,  0.0183061  ,  0.0285537  ,  3.42467    ])
Iter time: 28.7546930313
Iter time: 55.8622040749
Iter time: 96.7995431423
114     , -29618.6    , array([ 0.51697    ,  0.257489   ,  2.47       ,  4.84673    ,  2.83153    ,  8.2001     ,  0.0360807  ,  0.160457   ,  0.0189053  ,  0.0279225  ,  3.36851    ])
Iter time: 29.1975138187
Iter time: 56.7801711559
Iter time: 97.8748180866
115     , -29373      , array([ 0.524329   ,  0.251605   ,  2.48332    ,  4.67239    ,  2.7466     ,  8.31299    ,  0.0398054  ,  0.159846   ,  0.0172575  ,  0.0279834  ,  3.34559    ])
Iter time: 29.5221390724
Iter time: 57.3317790031
Iter time: 99.0002031326
116     , -29313.7    , array([ 0.518021   ,  0.250177   ,  2.47096    ,  4.76501    ,  2.43586    ,  8.34167    ,  0.0416368  ,  0.156661   ,  0.0172785  ,  0.0271495  ,  3.32086    ])
Iter time: 30.6581258774
Iter time: 59.3843741417
Iter time: 102.450562
117     , -29153.6    , array([ 0.513658   ,  0.245148   ,  2.48597    ,  4.72318    ,  2.25384    ,  8.57439    ,  0.0460578  ,  0.154996   ,  0.0182961  ,  0.0273118  ,  3.28393    ])
Iter time: 35.1782131195
Iter time: 68.2832629681
Iter time: 118.075498819
118     , -28638      , array([ 0.508392   ,  0.22569    ,  2.51537    ,  4.64556    ,  1.3644     ,  9.53268    ,  0.0651974  ,  0.147064   ,  0.0177036  ,  0.0260245  ,  3.12925    ])
Iter time: 32.4268870354
Iter time: 62.9716520309
Iter time: 109.604104042
119     , -28963.8    , array([ 0.512606   ,  0.236022   ,  2.48966    ,  4.62201    ,  1.78354    ,  8.96228    ,  0.0498055  ,  0.153803   ,  0.0170816  ,  0.0275979  ,  3.26211    ])
Iter time: 34.0269949436
Iter time: 66.0917320251
Iter time: 113.414504051
120     , -28786.8    , array([ 0.507674   ,  0.235197   ,  2.50632    ,  4.57464    ,  1.54385    ,  9.21574    ,  0.0559082  ,  0.15323    ,  0.017641   ,  0.0241372  ,  3.22799    ])
Iter time: 35.6019608974
Iter time: 69.3982009888
Iter time: 119.743298054
121     , -28840.6    , array([ 0.510513   ,  0.230579   ,  2.48069    ,  4.62506    ,  1.4079     ,  9.70454    ,  0.0586286  ,  0.150464   ,  0.0165904  ,  0.0258098  ,  3.1786     ])
Iter time: 36.5595209599
Iter time: 71.1020100117
Iter time: 123.063260078
122     , -28686.9    , array([ 0.511818   ,  0.221839   ,  2.48195    ,  4.60631    ,  1.23048    ,  9.87066    ,  0.0641625  ,  0.149205   ,  0.016602   ,  0.0251228  ,  3.14985    ])
Iter time: 38.1312260628
Iter time: 74.1202008724
Iter time: 128.135915995
123     , -28538.2    , array([ 0.51125    ,  0.218132   ,  2.53453    ,  4.57174    ,  1.05222    ,  10.2244    ,  0.0723196  ,  0.146257   ,  0.0160404  ,  0.0245927  ,  3.10504    ])
Iter time: 45.9055790901
Iter time: 89.3895540237
Iter time: 154.535002947
124     , -27967.8    , array([ 0.508301   ,  0.195145   ,  2.59097    ,  4.45697    ,  0.522541   ,  11.9771    ,  0.113535   ,  0.137261   ,  0.0145246  ,  0.0225772  ,  2.9284     ])
Iter time: 40.7190330029
Iter time: 79.2685461044
Iter time: 137.332461119
125     , -28342.9    , array([ 0.506147   ,  0.2073     ,  2.53309    ,  4.60681    ,  0.807352   ,  10.7451    ,  0.0833653  ,  0.147967   ,  0.014751   ,  0.024634   ,  2.981      ])
Iter time: 40.0313031673
Iter time: 77.6713418961
Iter time: 134.66823101
126     , -28177.6    , array([ 0.50737    ,  0.209201   ,  2.52544    ,  4.44839    ,  0.877177   ,  10.578     ,  0.0862026  ,  0.145099   ,  0.0149615  ,  0.0241551  ,  3.04409    ])
Iter time: 44.7101640701
Iter time: 86.9697360992
Iter time: 149.990051985
127     , -28097      , array([ 0.505168   ,  0.197729   ,  2.54441    ,  4.41831    ,  0.577623   ,  11.6049    ,  0.100582   ,  0.138833   ,  0.0148947  ,  0.0229136  ,  2.93072    ])
Iter time: 45.4989919662
Iter time: 88.4075698853
Iter time: 150.997424841
128     , -28007.6    , array([ 0.495112   ,  0.196758   ,  2.53457    ,  4.50313    ,  0.533312   ,  11.6953    ,  0.10828    ,  0.138843   ,  0.0153824  ,  0.022546   ,  2.92864    ])
Iter time: 48.2288789749
Iter time: 94.0324480534
Iter time: 162.439419985
129     , -27766.7    , array([ 0.497037   ,  0.189424   ,  2.55904    ,  4.37045    ,  0.45623    ,  12.3936    ,  0.123163   ,  0.13859    ,  0.0150424  ,  0.0224667  ,  2.88379    ])
Iter time: 60.1550011635
Iter time: 117.092101812
Iter time: 202.463195086
130     , -26883.5    , array([ 0.486866   ,  0.164828   ,  2.60425    ,  4.18559    ,  0.197447   ,  15.1067    ,  0.211828   ,  0.130351   ,  0.0140354  ,  0.0204375  ,  2.68733    ])
Iter time: 52.1329329014
Iter time: 101.168612003
Iter time: 175.325618982
131     , -27363.1    , array([ 0.502074   ,  0.178602   ,  2.59603    ,  4.33807    ,  0.292818   ,  13.2861    ,  0.164556   ,  0.129934   ,  0.0140599  ,  0.0217337  ,  2.78291    ])
Iter time: 53.8907270432
Iter time: 104.93937397
Iter time: 181.983989954
132     , -27317.3    , array([ 0.496413   ,  0.177382   ,  2.58569    ,  4.36107    ,  0.284694   ,  13.7229    ,  0.171832   ,  0.13177    ,  0.0140773  ,  0.0201545  ,  2.74567    ])
Iter time: 54.2006659508
Iter time: 103.698162079
Iter time: 179.379311085
133     , -27189.3    , array([ 0.495916   ,  0.173114   ,  2.61467    ,  4.31188    ,  0.269695   ,  13.4973    ,  0.177493   ,  0.131484   ,  0.0140677  ,  0.0206031  ,  2.74379    ])
Iter time: 60.5482699871
Iter time: 117.916546106
Iter time: 204.840037107
134     , -26896.3    , array([ 0.496569   ,  0.160517   ,  2.60792    ,  4.31276    ,  0.179089   ,  15.2343    ,  0.229633   ,  0.125567   ,  0.0126964  ,  0.0214058  ,  2.62313    ])
Iter time: 63.9834480286
Iter time: 124.569612026
Iter time: 215.512625933
135     , -26670.9    , array([ 0.489847   ,  0.160459   ,  2.65735    ,  4.23213    ,  0.158278   ,  15.3912    ,  0.252296   ,  0.124974   ,  0.0128489  ,  0.0199759  ,  2.60024    ])
Iter time: 132.283749104
Iter time: 257.286417007
Iter time: 444.020182848
136     , -25735.2    , array([ 0.479217   ,  0.136468   ,  2.74964    ,  4.0566     ,  0.0567666  ,  19.2193    ,  0.500293   ,  0.114377   ,  0.0113037  ,  0.0178125  ,  2.36252    ])
Iter time: 94.0050899982
Iter time: 182.74011898
Iter time: 317.311857939
137     , -26116      , array([ 0.487877   ,  0.143935   ,  2.66483    ,  4.09421    ,  0.080073   ,  18.1039    ,  0.359641   ,  0.121129   ,  0.0111055  ,  0.0179992  ,  2.48697    ])
Iter time: 93.2447648048
Iter time: 181.077355862
Iter time: 312.725517988
138     , -26103.8    , array([ 0.486777   ,  0.146647   ,  2.6707     ,  4.04104    ,  0.0888991  ,  17.6592    ,  0.3669     ,  0.116087   ,  0.012658   ,  0.0179607  ,  2.52604    ])
Iter time: 125.70580411
Iter time: 244.60175705
Iter time: 423.842638969
139     , -25936.7    , array([ 0.481958   ,  0.136225   ,  2.70617    ,  4.11251    ,  0.0539649  ,  19.69      ,  0.461722   ,  0.113676   ,  0.0121063  ,  0.0173561  ,  2.39119    ])
Iter time: 141.092506886
Iter time: 274.499846935
Iter time: 475.956970215
140     , -25703.5    , array([ 0.479938   ,  0.134687   ,  2.71627    ,  4.08687    ,  0.0532557  ,  19.7584    ,  0.522058   ,  0.114565   ,  0.0117107  ,  0.0173954  ,  2.3935     ])
Iter time: 53.7431349754
Iter time: 104.544631004
Iter time: 180.856172085
143     , -27338.5    , array([ 0.493052   ,  0.17613    ,  2.58946    ,  4.35516    ,  0.27543    ,  13.6287    ,  0.169195   ,  0.131176   ,  0.0140777  ,  0.0209675  ,  2.75963    ])
Iter time: 54.6966509819
Iter time: 106.345748901
Iter time: 183.419161081
145     , -27281.5    , array([ 0.498884   ,  0.174591   ,  2.61804    ,  4.32823    ,  0.264813   ,  13.8732    ,  0.176422   ,  0.130158   ,  0.0136602  ,  0.0209116  ,  2.75209    ])
Iter time: 124.886105061
Iter time: 244.100438118
Iter time: 420.56488204
146     , -25812.7    , array([ 0.476965   ,  0.136049   ,  2.69983    ,  4.07087    ,  0.060392   ,  19.5893    ,  0.462527   ,  0.117275   ,  0.0116776  ,  0.0171406  ,  2.39887    ])
Iter time: 59.9648280144
Iter time: 117.163220882
Iter time: 202.454643965
148     , -26866      , array([ 0.490462   ,  0.163763   ,  2.62325    ,  4.26497    ,  0.178626   ,  15.0745    ,  0.226157   ,  0.126604   ,  0.0133171  ,  0.0199336  ,  2.6533     ])
Iter time: 60.4580581188
Iter time: 117.540559053
Iter time: 203.442773104
150     , -26831.8    , array([ 0.491861   ,  0.163748   ,  2.62306    ,  4.26354    ,  0.177798   ,  15.1912    ,  0.230776   ,  0.12666    ,  0.0132834  ,  0.0195335  ,  2.64247    ])
Iter time: 61.6658799648
Iter time: 120.39785099
Iter time: 209.588706017
152     , -26794      , array([ 0.492766   ,  0.161982   ,  2.63965    ,  4.24455    ,  0.1684     ,  15.3373    ,  0.23671    ,  0.125727   ,  0.0130685  ,  0.0198354  ,  2.64067    ])
Iter time: 61.7666749954
Iter time: 120.552767038
Iter time: 208.336668015
154     , -26734.3    , array([ 0.491156   ,  0.160809   ,  2.63909    ,  4.23349    ,  0.166346   ,  15.2163    ,  0.240555   ,  0.126109   ,  0.0132176  ,  0.0196547  ,  2.6321     ])
Iter time: 123.708551168
Iter time: 241.606156111
Iter time: 416.726562977
155     , -25732.8    , array([ 0.475571   ,  0.139058   ,  2.72663    ,  3.99247    ,  0.0579969  ,  19.312     ,  0.466797   ,  0.1166     ,  0.0122367  ,  0.0161706  ,  2.43196    ])
Iter time: 70.860929966
Iter time: 137.886466026
Iter time: 238.420444965
157     , -26511.6    , array([ 0.485892   ,  0.155718   ,  2.64076    ,  4.15858    ,  0.134171   ,  16.2778    ,  0.272979   ,  0.124954   ,  0.0131444  ,  0.0192933  ,  2.59349    ])
Iter time: 72.3874819279
Iter time: 141.036256075
Iter time: 243.964232206
159     , -26494.5    , array([ 0.487476   ,  0.154859   ,  2.65117    ,  4.19301    ,  0.125967   ,  16.3173    ,  0.284483   ,  0.123072   ,  0.0127961  ,  0.0190257  ,  2.57434    ])
Iter time: 73.8045909405
Iter time: 143.608213902
Iter time: 248.422070026
161     , -26461.8    , array([ 0.487972   ,  0.154459   ,  2.65236    ,  4.18913    ,  0.123722   ,  16.4336    ,  0.29012    ,  0.122938   ,  0.0127581  ,  0.0188112  ,  2.56603    ])
Iter time: 75.3611369133
Iter time: 146.710249901
Iter time: 254.884751081
163     , -26431.6    , array([ 0.488204   ,  0.153293   ,  2.66132    ,  4.1773     ,  0.118732   ,  16.5644    ,  0.296556   ,  0.12236    ,  0.0126407  ,  0.0189104  ,  2.56182    ])
Iter time: 76.5269019604
Iter time: 148.536437988
Iter time: 258.013672113
165     , -26389.1    , array([ 0.487272   ,  0.152404   ,  2.66205    ,  4.16932    ,  0.116211   ,  16.5627    ,  0.301813   ,  0.122378   ,  0.0126869  ,  0.0187911  ,  2.55451    ])
Iter time: 83.2517809868
Iter time: 161.120462894
Iter time: 277.615779161
167     , -26276.3    , array([ 0.484717   ,  0.149826   ,  2.66386    ,  4.13275    ,  0.103689   ,  17.1442    ,  0.322982   ,  0.121701   ,  0.0126313  ,  0.0185952  ,  2.53396    ])
Iter time: 84.604804039
Iter time: 164.056124926
Iter time: 283.593207836
169     , -26261.1    , array([ 0.48538    ,  0.149188   ,  2.66969    ,  4.14709    ,  0.0995839  ,  17.2036    ,  0.331625   ,  0.120719   ,  0.0124555  ,  0.0184466  ,  2.52278    ])
Iter time: 85.5785708427
Iter time: 166.704455137
Iter time: 288.853807211
171     , -26235.6    , array([ 0.48551    ,  0.148761   ,  2.67108    ,  4.14327    ,  0.0977234  ,  17.3008    ,  0.336936   ,  0.120553   ,  0.0124235  ,  0.018326   ,  2.51676    ])
Iter time: 87.3614759445
Iter time: 170.034262896
Iter time: 293.412117004
173     , -26213      , array([ 0.485503   ,  0.147996   ,  2.67603    ,  4.13588    ,  0.0948889  ,  17.4038    ,  0.342635   ,  0.120188   ,  0.0123564  ,  0.0183481  ,  2.51267    ])
Iter time: 88.2384388447
Iter time: 171.861124992
Iter time: 297.467133045
175     , -26186.6    , array([ 0.484959   ,  0.14737    ,  2.67704    ,  4.13042    ,  0.0930151  ,  17.4422    ,  0.347657   ,  0.120098   ,  0.0123641  ,  0.0182702  ,  2.5072     ])
Iter time: 136.04299593
Iter time: 264.450867891
Iter time: 458.746193886
176     , -25752.9    , array([ 0.480651   ,  0.135127   ,  2.72309    ,  4.05099    ,  0.0524098  ,  19.7417    ,  0.503227   ,  0.113869   ,  0.01145    ,  0.0169154  ,  2.38506    ])
Iter time: 96.5003688335
Iter time: 185.935016155
Iter time: 321.191384077
178     , -26098.5    , array([ 0.483813   ,  0.145043   ,  2.68389    ,  4.1149     ,  0.0832164  ,  17.902     ,  0.372642   ,  0.118894   ,  0.0121922  ,  0.0180164  ,  2.48403    ])
Iter time: 96.7215020657
Iter time: 188.321254015
Iter time: 325.573431969
180     , -26079.2    , array([ 0.4838     ,  0.144668   ,  2.68517    ,  4.11172    ,  0.0818354  ,  17.9804    ,  0.377338   ,  0.118737   ,  0.0121661  ,  0.0179435  ,  2.47958    ])
Iter time: 98.0579588413
Iter time: 191.035314798
Iter time: 330.491626024
182     , -26063.9    , array([ 0.48372    ,  0.144147   ,  2.68808    ,  4.10695    ,  0.0800992  ,  18.0606    ,  0.382188   ,  0.118492   ,  0.0121247  ,  0.0179361  ,  2.47607    ])
Iter time: 99.2291100025
Iter time: 193.792035818
Iter time: 334.411233187
184     , -26044.4    , array([ 0.483392   ,  0.143697   ,  2.68908    ,  4.10318    ,  0.0787673  ,  18.1091    ,  0.386639   ,  0.118375   ,  0.0121177  ,  0.0178831  ,  2.47197    ])
Iter time: 139.062726021
Iter time: 270.525348186
Iter time: 469.247793913
185     , -25728.1    , array([ 0.47506    ,  0.136357   ,  2.74255    ,  4.05972    ,  0.0553979  ,  19.5272    ,  0.520917   ,  0.11192    ,  0.0129034  ,  0.0170025  ,  2.3859     ])
Iter time: 104.133939981
Iter time: 203.067893028
Iter time: 351.300106049
187     , -25985.4    , array([ 0.483558   ,  0.14286    ,  2.69025    ,  4.0598     ,  0.0753108  ,  18.3052    ,  0.404904   ,  0.116067   ,  0.0123203  ,  0.0176816  ,  2.47414    ])
Iter time: 105.919938803
Iter time: 206.552278042
Iter time: 356.693013906
189     , -25975.3    , array([ 0.482072   ,  0.141979   ,  2.69718    ,  4.09422    ,  0.0725341  ,  18.4492    ,  0.409603   ,  0.117333   ,  0.0120973  ,  0.0176939  ,  2.45303    ])
Iter time: 107.634624958
Iter time: 209.347378016
Iter time: 362.544367075
191     , -25965      , array([ 0.481988   ,  0.141674   ,  2.69837    ,  4.09184    ,  0.0715364  ,  18.5112    ,  0.413716   ,  0.117193   ,  0.0120812  ,  0.0176468  ,  2.44964    ])
Iter time: 108.823950052
Iter time: 211.458453894
Iter time: 365.776893139
193     , -25952.8    , array([ 0.481869   ,  0.141308   ,  2.7003     ,  4.08879    ,  0.0704107  ,  18.5733    ,  0.417869   ,  0.117013   ,  0.0120586  ,  0.0176301  ,  2.44671    ])
Iter time: 109.510349989
Iter time: 213.318069935
Iter time: 368.855261087
195     , -25938.6    , array([ 0.481637   ,  0.14098    ,  2.70131    ,  4.08626    ,  0.0694678  ,  18.6196    ,  0.421782   ,  0.116894   ,  0.0120525  ,  0.0175926  ,  2.44354    ])
Iter time: 112.553898811
Iter time: 219.798567057
Iter time: 380.543148041
197     , -25909.5    , array([ 0.481632   ,  0.140484   ,  2.7024     ,  4.0658     ,  0.0676775  ,  18.7346    ,  0.432432   ,  0.115786   ,  0.0121407  ,  0.0174893  ,  2.44323    ])
Iter time: 143.096004963
Iter time: 279.423735857
Iter time: 484.250110865
198     , -25698.6    , array([ 0.477288   ,  0.13416    ,  2.73312    ,  4.04439    ,  0.0503558  ,  19.9832    ,  0.525879   ,  0.113432   ,  0.0118393  ,  0.0168772  ,  2.37131    ])
Iter time: 116.151913881
Iter time: 226.434383869
Iter time: 390.761824131
201     , -25883.8    , array([ 0.480615   ,  0.139486   ,  2.70829    ,  4.07836    ,  0.0647114  ,  18.9186    ,  0.442995   ,  0.116104   ,  0.0120132  ,  0.0174275  ,  2.42707    ])
Iter time: 117.635038853
Iter time: 228.14153409
Iter time: 394.476104975
203     , -25872.7    , array([ 0.480499   ,  0.139224   ,  2.70962    ,  4.07636    ,  0.0639543  ,  18.9662    ,  0.446396   ,  0.115973   ,  0.0119999  ,  0.0174101  ,  2.42473    ])
Iter time: 118.301011086
Iter time: 230.334489107
Iter time: 398.751527071
205     , -25864.2    , array([ 0.480332   ,  0.138983   ,  2.71051    ,  4.07465    ,  0.0632863  ,  19.0057    ,  0.449639   ,  0.115873   ,  0.0119945  ,  0.0173833  ,  2.42231    ])
Iter time: 128.74106288
Iter time: 250.914546013
Iter time: 434.561552048
206     , -25639.8    , array([ 0.475828   ,  0.138311   ,  2.73417    ,  4.00749    ,  0.063408   ,  18.9914    ,  0.495229   ,  0.116462   ,  0.0117498  ,  0.0170035  ,  2.41705    ])
Iter time: 130.398067951
Iter time: 254.059868097
Iter time: 439.39272809
207     , -25495.8    , array([ 0.472791   ,  0.139367   ,  2.74827    ,  3.95598    ,  0.0687322  ,  18.6515    ,  0.512883   ,  0.11788    ,  0.0115755  ,  0.01683    ,  2.43008    ])
Iter time: 147.724119902
Iter time: 287.665914059
Iter time: 497.553066969
208     , -25603.6    , array([ 0.474549   ,  0.133923   ,  2.74637    ,  4.0334     ,  0.0507028  ,  19.9438    ,  0.545434   ,  0.114713   ,  0.0116153  ,  0.0167566  ,  2.36325    ])
Iter time: 150.166625977
Iter time: 291.881500959
Iter time: 503.737441778
209     , -25579.6    , array([ 0.474456   ,  0.133887   ,  2.74737    ,  4.01289    ,  0.0507262  ,  19.9403    ,  0.552951   ,  0.114148   ,  0.011667   ,  0.0166964  ,  2.36749    ])
Iter time: 125.389718056
Iter time: 244.81060791
Iter time: 424.016091824
211     , -25785.4    , array([ 0.478735   ,  0.13769    ,  2.72038    ,  4.058      ,  0.0598982  ,  19.2368    ,  0.474633   ,  0.115464   ,  0.0119039  ,  0.0172004  ,  2.40826    ])
Iter time: 126.727406025
Iter time: 246.070257902
Iter time: 425.837883949
213     , -25776.2    , array([ 0.478579   ,  0.137512   ,  2.72128    ,  4.05639    ,  0.0594357  ,  19.2675    ,  0.477526   ,  0.115395   ,  0.0118971  ,  0.0171789  ,  2.40642    ])
Iter time: 147.217998028
Iter time: 286.653072119
Iter time: 495.625213861
214     , -25573.3    , array([ 0.476991   ,  0.136331   ,  2.76873    ,  4.00323    ,  0.0514435  ,  19.4179    ,  0.559298   ,  0.11228    ,  0.011965   ,  0.0168215  ,  2.38377    ])
Iter time: 150.789412022
Iter time: 293.499386787
Iter time: 508.935364962
215     , -25561.9    , array([ 0.474914   ,  0.134464   ,  2.75662    ,  4.00602    ,  0.0504523  ,  19.8074    ,  0.561544   ,  0.113463   ,  0.0117485  ,  0.0166953  ,  2.37008    ])
Iter time: 154.741430044
Iter time: 300.996728897
Iter time: 522.018563986
216     , -25530.2    , array([ 0.474405   ,  0.13409    ,  2.76218    ,  3.99851    ,  0.0493524  ,  19.8755    ,  0.574833   ,  0.113183   ,  0.0117284  ,  0.0166297  ,  2.36534    ])
Iter time: 147.045178175
Iter time: 286.406903028
Iter time: 495.64981699
217     , -25508.1    , array([ 0.471237   ,  0.136265   ,  2.76751    ,  3.99437    ,  0.0553601  ,  19.4219    ,  0.55883    ,  0.114573   ,  0.0122397  ,  0.0168365  ,  2.38292    ])
Iter time: 155.296949863
Iter time: 301.974314928
Iter time: 523.344580173
218     , -25485.6    , array([ 0.471207   ,  0.134891   ,  2.74402    ,  3.97764    ,  0.0508786  ,  19.9879    ,  0.573531   ,  0.114101   ,  0.0125787  ,  0.0158255  ,  2.40941    ])
Iter time: 134.779096842
Iter time: 261.485234022
Iter time: 453.020885944
221     , -25656.9    , array([ 0.475184   ,  0.137167   ,  2.7375     ,  4.00401    ,  0.0554976  ,  19.4858    ,  0.504748   ,  0.1153     ,  0.0120946  ,  0.0164611  ,  2.40778    ])
Iter time: 152.425357819
Iter time: 297.25717783
Iter time: 514.134980917
222     , -25432.9    , array([ 0.474556   ,  0.134399   ,  2.75337    ,  3.96193    ,  0.0509256  ,  19.7886    ,  0.568569   ,  0.116777   ,  0.0109451  ,  0.0164177  ,  2.38573    ])
Iter time: 159.471342802
Iter time: 310.601405144
Iter time: 538.343031883
223     , -25282.5    , array([ 0.474304   ,  0.133431   ,  2.75879    ,  3.91392    ,  0.0488268  ,  19.9206    ,  0.594005   ,  0.119284   ,  0.0100804  ,  0.0161328  ,  2.38565    ])
Iter time: 153.983160019
Iter time: 298.876921892
Iter time: 518.316447973
224     , -25383.3    , array([ 0.468725   ,  0.135834   ,  2.78788    ,  3.9048     ,  0.0521444  ,  19.5861    ,  0.580801   ,  0.114921   ,  0.0117354  ,  0.0158286  ,  2.37673    ])
Iter time: 153.24567318
Iter time: 297.430531025
Iter time: 515.449192047
225     , -25333.3    , array([ 0.469779   ,  0.136675   ,  2.7807     ,  3.92069    ,  0.0554985  ,  19.2951    ,  0.587089   ,  0.116345   ,  0.0115894  ,  0.0161253  ,  2.39996    ])
Iter time: 167.449740171
Iter time: 326.235160112
Iter time: 562.105669975
226     , -25322.2    , array([ 0.470879   ,  0.133592   ,  2.78416    ,  3.94512    ,  0.0503567  ,  19.7524    ,  0.628707   ,  0.114647   ,  0.0112572  ,  0.0164712  ,  2.36222    ])
Iter time: 155.068068027
Iter time: 301.712380886
Iter time: 522.764081001
227     , -25314.6    , array([ 0.470844   ,  0.136766   ,  2.78208    ,  3.90064    ,  0.0550502  ,  19.265     ,  0.597035   ,  0.115222   ,  0.011655   ,  0.0161303  ,  2.40653    ])
Iter time: 153.918003082
Iter time: 300.718041182
Iter time: 518.932185173
228     , -25291.7    , array([ 0.470283   ,  0.137334   ,  2.78742    ,  3.90041    ,  0.0558493  ,  19.1481    ,  0.597189   ,  0.115989   ,  0.0116013  ,  0.0160872  ,  2.40938    ])
Iter time: 158.354341984
Iter time: 307.225344896
Iter time: 531.839051008
229     , -25244.8    , array([ 0.466579   ,  0.135051   ,  2.76931    ,  3.89136    ,  0.0558995  ,  19.6132    ,  0.597491   ,  0.118618   ,  0.011249   ,  0.0158385  ,  2.39758    ])
Iter time: 164.500476837
Iter time: 318.283390999
Iter time: 550.613770008
230     , -25079.1    , array([ 0.461459   ,  0.134416   ,  2.7696     ,  3.83661    ,  0.0582702  ,  19.7116    ,  0.617555   ,  0.121919   ,  0.0109073  ,  0.0153687  ,  2.40451    ])
Iter time: 156.406024933
Iter time: 305.275982141
Iter time: 526.763181925
231     , -25169.5    , array([ 0.466178   ,  0.136918   ,  2.78385    ,  3.85822    ,  0.0585104  ,  19.2106    ,  0.605479   ,  0.118925   ,  0.0113026  ,  0.0157197  ,  2.41776    ])
Iter time: 152.922266006
Iter time: 297.729770899
Iter time: 515.589411974
232     , -25135.7    , array([ 0.465197   ,  0.137823   ,  2.78219    ,  3.84045    ,  0.0616946  ,  19.0267    ,  0.597093   ,  0.120297   ,  0.0112461  ,  0.0156212  ,  2.43229    ])
Iter time: 161.771382093
Iter time: 315.565478086
Iter time: 547.571689844
233     , -25090.6    , array([ 0.467226   ,  0.135903   ,  2.7795     ,  3.81707    ,  0.0560935  ,  19.3984    ,  0.621633   ,  0.119895   ,  0.0106118  ,  0.0152205  ,  2.42335    ])
Iter time: 143.150629997
Iter time: 279.650364876
Iter time: 482.373207808
235     , -25375.9    , array([ 0.470753   ,  0.137558   ,  2.76228    ,  3.92388    ,  0.0613192  ,  19.061     ,  0.554637   ,  0.117632   ,  0.0114405  ,  0.0163391  ,  2.41623    ])
Iter time: 156.033577919
Iter time: 302.617408037
Iter time: 523.597535133
237     , -25369.7    , array([ 0.469942   ,  0.135451   ,  2.76097    ,  3.93218    ,  0.053207   ,  19.6896    ,  0.585621   ,  0.115892   ,  0.0118746  ,  0.015867   ,  2.40624    ])
Iter time: 159.412576914
Iter time: 310.545929909
Iter time: 536.861402988
238     , -25120.2    , array([ 0.468859   ,  0.136125   ,  2.76333    ,  3.87466    ,  0.059592   ,  19.2255    ,  0.616564   ,  0.120753   ,  0.0107309  ,  0.0159961  ,  2.43514    ])
Iter time: 174.182853937
Iter time: 340.914535999
Iter time: 584.892119169
239     , -25088.4    , array([ 0.466498   ,  0.134164   ,  2.78913    ,  3.84698    ,  0.0504131  ,  19.7859    ,  0.658195   ,  0.118532   ,  0.0108801  ,  0.0154367  ,  2.39874    ])
Iter time: 163.742245913
Iter time: 319.721222878
Iter time: 554.047837973
240     , -25035.3    , array([ 0.466677   ,  0.136014   ,  2.79561    ,  3.8236     ,  0.0575324  ,  19.1713    ,  0.636755   ,  0.120806   ,  0.010317   ,  0.0158167  ,  2.40733    ])
Iter time: 168.774450064
Iter time: 328.711584091
Iter time: 570.323642015
242     , -25017.1    , array([ 0.466277   ,  0.134677   ,  2.77846    ,  3.81736    ,  0.055519   ,  19.5403    ,  0.64461    ,  0.121162   ,  0.0103497  ,  0.0155087  ,  2.41497    ])
Iter time: 155.04024601
Iter time: 301.323554039
Iter time: 522.910979033
244     , -24974.8    , array([ 0.464358   ,  0.137988   ,  2.77398    ,  3.77108    ,  0.0622833  ,  19.0506    ,  0.60468    ,  0.124198   ,  0.0104936  ,  0.0150178  ,  2.46343    ])
Iter time: 149.041583061
Iter time: 290.032680988
Iter time: 501.621586084
245     , -24803.2    , array([ 0.461132   ,  0.14024    ,  2.7689     ,  3.68696    ,  0.0692675  ,  18.7091    ,  0.593012   ,  0.129267   ,  0.0101314  ,  0.0143399  ,  2.51565    ])
Iter time: 157.562880039
Iter time: 307.064878941
Iter time: 532.815758944
247     , -25208.5    , array([ 0.468779   ,  0.136424   ,  2.77997    ,  3.8689     ,  0.0561076  ,  19.3058    ,  0.606541   ,  0.117871   ,  0.0111835  ,  0.0158428  ,  2.41427    ])
Iter time: 157.363298178
Iter time: 306.151599169
Iter time: 530.799109936
249     , -25192.9    , array([ 0.468431   ,  0.136666   ,  2.7823     ,  3.86736    ,  0.0565252  ,  19.2543    ,  0.607048   ,  0.118349   ,  0.0111391  ,  0.0158106  ,  2.41593    ])
Iter time: 161.61005187
Iter time: 313.474643946
Iter time: 543.454057217
250     , -24886.6    , array([ 0.457955   ,  0.139224   ,  2.80003    ,  3.74869    ,  0.0688392  ,  18.7015    ,  0.643564   ,  0.122076   ,  0.0115559  ,  0.0149117  ,  2.46554    ])
Iter time: 164.186357021
Iter time: 318.827172995
Iter time: 551.304311037
251     , -24903.8    , array([ 0.461389   ,  0.136673   ,  2.78233    ,  3.77062    ,  0.0621756  ,  19.1857    ,  0.637089   ,  0.124328   ,  0.0104782  ,  0.0150185  ,  2.44563    ])
Iter time: 165.360337019
Iter time: 322.183293104
Iter time: 556.125638962
252     , -24864.2    , array([ 0.460462   ,  0.136433   ,  2.78001    ,  3.75478    ,  0.0627947  ,  19.2245    ,  0.642172   ,  0.124941   ,  0.0104036  ,  0.014909   ,  2.44939    ])
Iter time: 168.359604836
Iter time: 327.076656103
Iter time: 564.60427618
253     , -24830      , array([ 0.46165    ,  0.136093   ,  2.77777    ,  3.74512    ,  0.0614487  ,  19.2709    ,  0.650761   ,  0.125457   ,  0.0100998  ,  0.0148515  ,  2.45332    ])
Iter time: 159.501816034
Iter time: 308.00955987
Iter time: 532.101808071
255     , -25054.8    , array([ 0.464391   ,  0.137084   ,  2.78129    ,  3.81644    ,  0.0608108  ,  19.1445    ,  0.614611   ,  0.12145    ,  0.0109082  ,  0.0154139  ,  2.43483    ])
Iter time: 167.729171991
Iter time: 325.907275915
Iter time: 565.552024126
256     , -24815.8    , array([ 0.457576   ,  0.136746   ,  2.80089    ,  3.70203    ,  0.0605119  ,  19.2859    ,  0.648765   ,  0.124635   ,  0.0104631  ,  0.0143643  ,  2.43957    ])
Iter time: 165.63852191
Iter time: 322.746393919
Iter time: 558.802600861
257     , -24795.9    , array([ 0.457435   ,  0.137125   ,  2.78847    ,  3.73703    ,  0.0651783  ,  19.0937    ,  0.648493   ,  0.126414   ,  0.0105535  ,  0.0149382  ,  2.45441    ])
Iter time: 168.084358931
Iter time: 326.259490013
Iter time: 565.568242073
258     , -24648.3    , array([ 0.452617   ,  0.13774    ,  2.79297    ,  3.69765    ,  0.0702584  ,  18.9432    ,  0.662355   ,  0.129805   ,  0.0105244  ,  0.0147989  ,  2.47009    ])
Iter time: 153.224383116
Iter time: 297.296547174
Iter time: 514.159315109
259     , -24725.2    , array([ 0.45564    ,  0.139568   ,  2.77954    ,  3.68138    ,  0.077034   ,  18.5722    ,  0.613171   ,  0.129998   ,  0.0102311  ,  0.0146164  ,  2.49285    ])
Iter time: 160.668539047
Iter time: 312.957448959
Iter time: 542.63260603
260     , -24667.8    , array([ 0.459554   ,  0.140262   ,  2.80096    ,  3.66372    ,  0.0701168  ,  18.4415    ,  0.652677   ,  0.127869   ,  0.0100875  ,  0.0145478  ,  2.50323    ])
Iter time: 160.111344099
Iter time: 312.366453886
Iter time: 539.762290955
262     , -24944.5    , array([ 0.462224   ,  0.137339   ,  2.78416    ,  3.77564    ,  0.0627507  ,  19.0727    ,  0.626368   ,  0.123431   ,  0.0106588  ,  0.0151416  ,  2.44717    ])
Iter time: 160.400623083
Iter time: 313.506315947
Iter time: 539.786575079
263     , -24618.3    , array([ 0.452761   ,  0.139438   ,  2.77639    ,  3.64062    ,  0.0740382  ,  18.815     ,  0.638041   ,  0.130771   ,  0.0105767  ,  0.0138773  ,  2.52044    ])
Iter time: 158.687667131
Iter time: 309.030632019
Iter time: 534.406991959
264     , -24412.8    , array([ 0.445959   ,  0.141183   ,  2.76683    ,  3.55244    ,  0.0839901  ,  18.6393    ,  0.638685   ,  0.136058   ,  0.0107089  ,  0.0129988  ,  2.57897    ])
Iter time: 153.743822098
Iter time: 299.648871899
Iter time: 520.261518955
265     , -24531      , array([ 0.449494   ,  0.142035   ,  2.79139    ,  3.59919    ,  0.0827209  ,  18.3019    ,  0.629209   ,  0.133165   ,  0.0106089  ,  0.0137058  ,  2.54266    ])
Iter time: 161.088946819
Iter time: 313.347010136
Iter time: 543.536082029
266     , -24525.3    , array([ 0.451139   ,  0.140137   ,  2.787      ,  3.60744    ,  0.0769583  ,  18.6105    ,  0.648066   ,  0.132534   ,  0.0102924  ,  0.0137861  ,  2.52673    ])
Iter time: 156.964937925
Iter time: 305.52880311
Iter time: 528.352596998
267     , -24500.3    , array([ 0.450112   ,  0.141462   ,  2.78967    ,  3.5833     ,  0.0807415  ,  18.3988    ,  0.639142   ,  0.133115   ,  0.0104358  ,  0.0136845  ,  2.54336    ])
Iter time: 160.397675991
Iter time: 312.599906921
Iter time: 539.940083027
269     , -24776.5    , array([ 0.456476   ,  0.139236   ,  2.79254    ,  3.70445    ,  0.070347   ,  18.7309    ,  0.640633   ,  0.125812   ,  0.0109419  ,  0.014564   ,  2.48324    ])
Iter time: 154.627089977
Iter time: 300.579721928
Iter time: 518.336939096
270     , -24451.8    , array([ 0.448894   ,  0.142649   ,  2.79241    ,  3.56027    ,  0.0840145  ,  18.2209    ,  0.633013   ,  0.134735   ,  0.0104127  ,  0.0135137  ,  2.56022    ])
Iter time: 149.313146114
Iter time: 290.989087105
Iter time: 504.118491888
271     , -24417.8    , array([ 0.445464   ,  0.144234   ,  2.79733    ,  3.53675    ,  0.090879   ,  17.9929    ,  0.621526   ,  0.135933   ,  0.0107856  ,  0.0133352  ,  2.57602    ])
Iter time: 147.244443893
Iter time: 285.663604021
Iter time: 496.225181103
272     , -24362.5    , array([ 0.447244   ,  0.144943   ,  2.7736     ,  3.54833    ,  0.0993684  ,  17.7534    ,  0.618594   ,  0.139005   ,  0.0104686  ,  0.0136024  ,  2.6163     ])
Iter time: 137.841531038
Iter time: 267.638993025
Iter time: 463.635450125
273     , -24142.4    , array([ 0.442165   ,  0.149223   ,  2.76006    ,  3.4739     ,  0.127336   ,  17.0335    ,  0.604039   ,  0.146799   ,  0.0104714  ,  0.0132367  ,  2.70941    ])
Iter time: 162.462996006
Iter time: 317.234037876
Iter time: 548.045768976
274     , -24250.4    , array([ 0.440418   ,  0.142936   ,  2.80401    ,  3.52448    ,  0.0969699  ,  17.9912    ,  0.679023   ,  0.137158   ,  0.0108765  ,  0.0134286  ,  2.57164    ])
Iter time: 151.563066959
Iter time: 295.372096777
Iter time: 510.031048059
275     , -24183.2    , array([ 0.442023   ,  0.144655   ,  2.78235    ,  3.47623    ,  0.10122    ,  17.8391    ,  0.635235   ,  0.143155   ,  0.0100599  ,  0.0130283  ,  2.62182    ])
Iter time: 158.882676125
Iter time: 308.52996707
Iter time: 533.58008194
276     , -24132.1    , array([ 0.440398   ,  0.145254   ,  2.79588    ,  3.46172    ,  0.0971378  ,  17.8603    ,  0.667964   ,  0.140996   ,  0.0107258  ,  0.0127129  ,  2.63578    ])
Iter time: 162.035801888
Iter time: 315.429659843
Iter time: 544.034153938
277     , -23839.5    , array([ 0.432968   ,  0.148183   ,  2.80409    ,  3.35686    ,  0.109079   ,  17.5147    ,  0.697171   ,  0.146839   ,  0.010982   ,  0.0118562  ,  2.71029    ])
Iter time: 150.528270006
Iter time: 293.5223701
Iter time: 506.987865925
278     , -24046.5    , array([ 0.431942   ,  0.145985   ,  2.77505    ,  3.42353    ,  0.115649   ,  17.819     ,  0.635103   ,  0.146994   ,  0.0110478  ,  0.0123065  ,  2.66305    ])
Iter time: 143.002426147
Iter time: 276.652639866
Iter time: 477.645019054
279     , -23965.2    , array([ 0.434849   ,  0.150238   ,  2.77974    ,  3.34495    ,  0.126363   ,  17.1552    ,  0.62106    ,  0.148112   ,  0.010683   ,  0.0116987  ,  2.73594    ])
Iter time: 152.180982113
Iter time: 296.165807962
Iter time: 512.092514992
280     , -23965.3    , array([ 0.435242   ,  0.14719    ,  2.7792     ,  3.39097    ,  0.11592    ,  17.5486    ,  0.65223    ,  0.147195   ,  0.0106114  ,  0.0122733  ,  2.6935     ])
Iter time: 143.751222849
Iter time: 280.746124029
Iter time: 484.345638037
281     , -23876.3    , array([ 0.430835   ,  0.150521   ,  2.78216    ,  3.34537    ,  0.134234   ,  17.0742    ,  0.63399    ,  0.150745   ,  0.0109985  ,  0.0119467  ,  2.74217    ])
Iter time: 145.79695797
Iter time: 282.743649006
Iter time: 488.951145887
282     , -23786.6    , array([ 0.428395   ,  0.150804   ,  2.77813    ,  3.32609    ,  0.140334   ,  17.0377    ,  0.641896   ,  0.153519   ,  0.0109515  ,  0.0117418  ,  2.76177    ])
Iter time: 141.339230061
Iter time: 272.094221115
Iter time: 472.358169794
283     , -23440.5    , array([ 0.417932   ,  0.155704   ,  2.77238    ,  3.2045     ,  0.18501    ,  16.3953    ,  0.643278   ,  0.164866   ,  0.0112188  ,  0.0108765  ,  2.87791    ])
Iter time: 145.980160952
Iter time: 283.254141092
Iter time: 491.908113003
284     , -23649      , array([ 0.424012   ,  0.15195    ,  2.77178    ,  3.28414    ,  0.155682   ,  16.877     ,  0.65001    ,  0.157343   ,  0.0111256  ,  0.01143    ,  2.80256    ])
Iter time: 149.252647877
Iter time: 290.503791094
Iter time: 502.420936823
285     , -23537.3    , array([ 0.42346    ,  0.151711   ,  2.76229    ,  3.26174    ,  0.158721   ,  16.8931    ,  0.667439   ,  0.16016    ,  0.0108018  ,  0.0112629  ,  2.82838    ])
Iter time: 139.219961882
Iter time: 270.546042919
Iter time: 467.588572979
286     , -23399      , array([ 0.419027   ,  0.157029   ,  2.79191    ,  3.19732    ,  0.192809   ,  16.0181    ,  0.654728   ,  0.164828   ,  0.0108961  ,  0.0112571  ,  2.87297    ])
Iter time: 130.59125495
Iter time: 253.640987873
Iter time: 437.486584902
287     , -22911.6    , array([ 0.406177   ,  0.165608   ,  2.80453    ,  3.0333     ,  0.29213    ,  14.8491    ,  0.6629     ,  0.18142    ,  0.010991   ,  0.0104759  ,  3.03231    ])
Iter time: 130.260751963
Iter time: 253.803550959
Iter time: 438.546797037
288     , -23321.1    , array([ 0.418101   ,  0.159311   ,  2.75499    ,  3.13593    ,  0.204079   ,  16.026     ,  0.613149   ,  0.172035   ,  0.0107487  ,  0.0104158  ,  2.96878    ])
Iter time: 136.851734877
Iter time: 265.626515865
Iter time: 460.440704107
289     , -23220.4    , array([ 0.412389   ,  0.160204   ,  2.77145    ,  3.12046    ,  0.222095   ,  15.8507    ,  0.651211   ,  0.17043    ,  0.0117621  ,  0.0103077  ,  2.97851    ])
Iter time: 140.363552094
Iter time: 273.340425968
Iter time: 472.914559126
291     , -23876.9    , array([ 0.433116   ,  0.151207   ,  2.76898    ,  3.36606    ,  0.141713   ,  16.8689    ,  0.625433   ,  0.152457   ,  0.0107292  ,  0.0122452  ,  2.76348    ])
Iter time: 134.830249071
Iter time: 263.476119041
Iter time: 454.823856831
292     , -23156.1    , array([ 0.416905   ,  0.161838   ,  2.77971    ,  3.09772    ,  0.22317    ,  15.507     ,  0.658474   ,  0.17168    ,  0.010881   ,  0.0104177  ,  3.00346    ])
Iter time: 130.769736052
Iter time: 254.487097979
Iter time: 442.484054089
293     , -23095.2    , array([ 0.410519   ,  0.163307   ,  2.77565    ,  3.07645    ,  0.250808   ,  15.3958    ,  0.642294   ,  0.176309   ,  0.0113803  ,  0.0101392  ,  3.0289     ])
Iter time: 138.513433933
Iter time: 269.39210391
Iter time: 465.325712919
294     , -22933.1    , array([ 0.40661    ,  0.162438   ,  2.77437    ,  3.0717     ,  0.260622   ,  15.4421    ,  0.678665   ,  0.180858   ,  0.0114347  ,  0.010364   ,  3.03758    ])
Iter time: 140.153928995
Iter time: 272.471326828
Iter time: 471.540735006
296     , -23616.3    , array([ 0.425534   ,  0.154194   ,  2.77326    ,  3.27112    ,  0.164869   ,  16.5034    ,  0.639588   ,  0.159194   ,  0.0109212  ,  0.0115241  ,  2.83468    ])
Iter time: 141.704997063
Iter time: 275.733692884
Iter time: 479.043008089
298     , -23603.5    , array([ 0.424174   ,  0.154012   ,  2.77945    ,  3.25772    ,  0.161967   ,  16.5779    ,  0.644206   ,  0.158691   ,  0.0110539  ,  0.0113641  ,  2.82799    ])
Iter time: 149.225174904
Iter time: 291.359926939
Iter time: 502.184436798
300     , -23571.8    , array([ 0.424826   ,  0.15308    ,  2.78926    ,  3.25887    ,  0.148651   ,  16.7485    ,  0.673121   ,  0.157175   ,  0.0110488  ,  0.0112992  ,  2.81694    ])
Iter time: 131.168243885
Iter time: 255.605762959
Iter time: 442.453752995
301     , -22973      , array([ 0.409926   ,  0.164801   ,  2.78041    ,  3.04348    ,  0.261396   ,  15.1775    ,  0.653933   ,  0.179854   ,  0.0110926  ,  0.0101239  ,  3.06147    ])
Iter time: 139.104371071
Iter time: 270.826444149
Iter time: 466.920572042
303     , -23431.9    , array([ 0.420485   ,  0.156679   ,  2.775      ,  3.20533    ,  0.186231   ,  16.1904    ,  0.6464     ,  0.164556   ,  0.0110225  ,  0.0110687  ,  2.89163    ])
Iter time: 139.269674063
Iter time: 271.499530077
Iter time: 470.347790003
305     , -23416.8    , array([ 0.419646   ,  0.156709   ,  2.77789    ,  3.1964     ,  0.18576    ,  16.2095    ,  0.648829   ,  0.164567   ,  0.0110878  ,  0.0109784  ,  2.89114    ])
Iter time: 142.385313034
Iter time: 277.275716066
Iter time: 479.583184004
307     , -23393.4    , array([ 0.419734   ,  0.156401   ,  2.78227    ,  3.19415    ,  0.179772   ,  16.2684    ,  0.662124   ,  0.164122   ,  0.0110871  ,  0.0109327  ,  2.8889     ])
Iter time: 142.188924074
Iter time: 277.100785017
Iter time: 479.33522296
309     , -23373.5    , array([ 0.41889    ,  0.155915   ,  2.7697     ,  3.19252    ,  0.186816   ,  16.3105    ,  0.659084   ,  0.165857   ,  0.0109754  ,  0.0109004  ,  2.89754    ])
Iter time: 131.807849884
Iter time: 259.134311199
Iter time: 445.817682981
310     , -22965.6    , array([ 0.411009   ,  0.164941   ,  2.78139    ,  3.04494    ,  0.261793   ,  15.1121    ,  0.66139    ,  0.179131   ,  0.0110414  ,  0.0102364  ,  3.0655     ])
Iter time: 136.728492022
Iter time: 267.327705145
Iter time: 462.175377131
312     , -23295.3    , array([ 0.417027   ,  0.158828   ,  2.77623    ,  3.15688    ,  0.205607   ,  15.914     ,  0.650006   ,  0.168814   ,  0.0110768  ,  0.0107687  ,  2.93845    ])
Iter time: 136.956791878
Iter time: 267.398782969
Iter time: 461.430462122
314     , -23282      , array([ 0.416492   ,  0.158941   ,  2.7776     ,  3.15069    ,  0.206296   ,  15.9101    ,  0.65128    ,  0.169015   ,  0.0111091  ,  0.0107153  ,  2.94037    ])
Iter time: 138.485023022
Iter time: 269.730747938
Iter time: 467.388151884
316     , -23265.9    , array([ 0.41639    ,  0.1589     ,  2.77958    ,  3.14763    ,  0.204217   ,  15.9228    ,  0.657425   ,  0.169012   ,  0.0111097  ,  0.0106832  ,  2.94159    ])
Iter time: 138.173239946
Iter time: 269.68565011
Iter time: 464.961730003
318     , -23249.6    , array([ 0.415858   ,  0.15879    ,  2.77374    ,  3.14479    ,  0.209024   ,  15.926     ,  0.655839   ,  0.170048   ,  0.0110598  ,  0.0106577  ,  2.94801    ])
Iter time: 139.964777946
Iter time: 272.234115839
Iter time: 469.870469093
319     , -22926.5    , array([ 0.407261   ,  0.164064   ,  2.80423    ,  3.06168    ,  0.269186   ,  15.0721    ,  0.703161   ,  0.176314   ,  0.0116155  ,  0.0104686  ,  3.0264     ])
Iter time: 134.452895164
Iter time: 259.72663784
Iter time: 449.058254004
320     , -22884.6    , array([ 0.406553   ,  0.165536   ,  2.78786    ,  3.02448    ,  0.280601   ,  15.0289    ,  0.672839   ,  0.181104   ,  0.0113691  ,  0.0100736  ,  3.07407    ])
Iter time: 132.753994942
Iter time: 257.990707874
Iter time: 447.933198929
322     , -22827.4    , array([ 0.405292   ,  0.166647   ,  2.78835    ,  3.00797    ,  0.295751   ,  14.8777    ,  0.67551    ,  0.183175   ,  0.0113839  ,  0.0100107  ,  3.097      ])
Iter time: 136.872867823
Iter time: 265.949091196
Iter time: 459.741850138
325     , -23138.5    , array([ 0.413105   ,  0.161161   ,  2.78167    ,  3.10646    ,  0.228408   ,  15.6035    ,  0.661163   ,  0.173079   ,  0.0111899  ,  0.0104878  ,  2.98637    ])
Iter time: 136.03509903
Iter time: 264.928565979
Iter time: 459.652912855
327     , -23125.7    , array([ 0.412716   ,  0.161214   ,  2.77911    ,  3.10333    ,  0.232014   ,  15.5905    ,  0.660608   ,  0.173749   ,  0.0111706  ,  0.0104676  ,  2.99138    ])
Iter time: 132.025145054
Iter time: 258.274239063
Iter time: 443.229720116
328     , -22768.1    , array([ 0.406886   ,  0.16741    ,  2.799      ,  3.00245    ,  0.301004   ,  14.6513    ,  0.681696   ,  0.185575   ,  0.0107216  ,  0.010283   ,  3.0958     ])
Iter time: 129.864082098
Iter time: 251.759819984
Iter time: 435.219701052
329     , -22545.5    , array([ 0.404161   ,  0.171133   ,  2.81288    ,  2.94512    ,  0.35042    ,  14.0861    ,  0.697469   ,  0.193645   ,  0.0102365  ,  0.0102707  ,  3.15616    ])
Iter time: 1384.02316594
Iter time: 257.367492914
Iter time: 444.517920971
330     , -22722.5    , array([ 0.400213   ,  0.167412   ,  2.79671    ,  2.99683    ,  0.325166   ,  14.7166    ,  0.681266   ,  0.188301   ,  0.0114618  ,  0.0101482  ,  3.09788    ])
Iter time: 130.69635582
Iter time: 255.000735998
Iter time: 439.671489
331     , -22665.9    , array([ 0.401573   ,  0.169282   ,  2.79747    ,  2.96894    ,  0.33878    ,  14.4708    ,  0.6822     ,  0.189663   ,  0.0111942  ,  0.0100202  ,  3.13644    ])
Iter time: 134.77393508
Iter time: 261.29351902
Iter time: 452.044874907
333     , -22991.8    , array([ 0.409489   ,  0.163543   ,  2.78517    ,  3.06378    ,  0.258456   ,  15.2542    ,  0.667055   ,  0.178134   ,  0.0111824  ,  0.0103384  ,  3.03226    ])
Iter time: 135.074823141
Iter time: 263.857685089
Iter time: 455.047307968
334     , -22604.4    , array([ 0.401914   ,  0.168592   ,  2.80865    ,  2.97163    ,  0.332316   ,  14.4443    ,  0.711235   ,  0.189534   ,  0.0109761  ,  0.0103192  ,  3.11977    ])
Iter time: 131.65594697
Iter time: 256.454219103
Iter time: 444.152940989
335     , -22637.9    , array([ 0.401559   ,  0.169281   ,  2.80333    ,  2.96741    ,  0.337562   ,  14.4346    ,  0.692865   ,  0.189719   ,  0.0111325  ,  0.010117   ,  3.13248    ])
Iter time: 135.826704025
Iter time: 263.829765081
Iter time: 456.243643999
336     , -22596.7    , array([ 0.399629   ,  0.16881    ,  2.81232    ,  2.97349    ,  0.34965    ,  14.3757    ,  0.71424    ,  0.189738   ,  0.01123    ,  0.01033    ,  3.11555    ])
Iter time: 134.726099014
Iter time: 262.28322506
Iter time: 455.60949707
337     , -22536.4    , array([ 0.396547   ,  0.169379   ,  2.81699    ,  2.95925    ,  0.367981   ,  14.3073    ,  0.716126   ,  0.192507   ,  0.0113169  ,  0.0102334  ,  3.12062    ])
Iter time: 136.629966021
Iter time: 265.269689798
Iter time: 460.755779028
338     , -22324.9    , array([ 0.389508   ,  0.171643   ,  2.83495    ,  2.91731    ,  0.436274   ,  13.9212    ,  0.74517    ,  0.199566   ,  0.0114573  ,  0.0102319  ,  3.14856    ])
Iter time: 128.229671001
Iter time: 249.802868843
Iter time: 432.704258919
339     , -22457.2    , array([ 0.397717   ,  0.173722   ,  2.83524    ,  2.9061     ,  0.405931   ,  13.7401    ,  0.709862   ,  0.194113   ,  0.0109316  ,  0.0100838  ,  3.16992    ])
Iter time: 135.846986055
Iter time: 260.285544157
Iter time: 440.891403913
341     , -22787.7    , array([ 0.404256   ,  0.166445   ,  2.80584    ,  3.01733    ,  0.301475   ,  14.7548    ,  0.698911   ,  0.182553   ,  0.0113644  ,  0.0103275  ,  3.07094    ])
Iter time: 126.160326958
Iter time: 245.215891123
Iter time: 424.100428104
343     , -22776.3    , array([ 0.403631   ,  0.167265   ,  2.80604    ,  3.00259    ,  0.31451    ,  14.6411    ,  0.680241   ,  0.18523    ,  0.0110715  ,  0.0103244  ,  3.07571    ])
Iter time: 126.214051008
Iter time: 245.819939852
Iter time: 424.755645037
344     , -22380.1    , array([ 0.395202   ,  0.172737   ,  2.83074    ,  2.91695    ,  0.417164   ,  13.8006    ,  0.725618   ,  0.198301   ,  0.0108876  ,  0.0103235  ,  3.16638    ])
Iter time: 126.990139961
Iter time: 248.058719873
Iter time: 428.224176884
345     , -22357.9    , array([ 0.394619   ,  0.17271    ,  2.83802    ,  2.91662    ,  0.421337   ,  13.7516    ,  0.732213   ,  0.198909   ,  0.0107858  ,  0.0104466  ,  3.15562    ])
Iter time: 123.122097015
Iter time: 240.019717932
Iter time: 414.586440086
346     , -22317.9    , array([ 0.393898   ,  0.174084   ,  2.82619    ,  2.88969    ,  0.439274   ,  13.6897    ,  0.713712   ,  0.202724   ,  0.010702   ,  0.0101474  ,  3.19818    ])
Iter time: 120.253250122
Iter time: 233.708526134
Iter time: 405.975440979
347     , -22087.4    , array([ 0.388819   ,  0.178033   ,  2.83642    ,  2.82791    ,  0.530247   ,  13.1864    ,  0.721229   ,  0.213631   ,  0.0103855  ,  0.0100585  ,  3.26376    ])
Iter time: 126.292564154
Iter time: 246.006299973
Iter time: 425.239598989
348     , -22202.5    , array([ 0.391836   ,  0.175207   ,  2.83152    ,  2.8724     ,  0.463017   ,  13.5361    ,  0.741143   ,  0.205044   ,  0.0108582  ,  0.0101024  ,  3.22786    ])
Iter time: 125.311861992
Iter time: 244.055207014
Iter time: 421.99071002
349     , -22161.4    , array([ 0.393665   ,  0.176508   ,  2.84736    ,  2.85582    ,  0.477568   ,  13.2634    ,  0.75145    ,  0.204849   ,  0.0103857  ,  0.0102693  ,  3.22881    ])
Iter time: 127.847414017
Iter time: 248.608235121
Iter time: 430.341325998
350     , -22127.7    , array([ 0.390915   ,  0.17589    ,  2.85575    ,  2.86235    ,  0.487903   ,  13.2767    ,  0.763729   ,  0.206246   ,  0.0104901  ,  0.010447   ,  3.20598    ])
Iter time: 126.218690872
Iter time: 245.82062602
Iter time: 425.173173189
351     , -22061.9    , array([ 0.389024   ,  0.177119   ,  2.8594     ,  2.84512    ,  0.523583   ,  13.1092    ,  0.765405   ,  0.20934    ,  0.0104348  ,  0.0104077  ,  3.2236     ])
Iter time: 126.404690981
Iter time: 246.598492146
Iter time: 426.0443151
352     , -21780.8    , array([ 0.382905   ,  0.181174   ,  2.88785    ,  2.78588    ,  0.65208    ,  12.4929    ,  0.804475   ,  0.219899   ,  0.0101025  ,  0.0105561  ,  3.27015    ])
Iter time: 122.679051876
Iter time: 239.052371979
Iter time: 412.204369068
353     , -21946.5    , array([ 0.385272   ,  0.180186   ,  2.86845    ,  2.80793    ,  0.601195   ,  12.7592    ,  0.762526   ,  0.215283   ,  0.0104251  ,  0.0102459  ,  3.26456    ])
Iter time: 121.494898081
Iter time: 235.917979956
Iter time: 409.678182125
354     , -21842.3    , array([ 0.384906   ,  0.1821     ,  2.87501    ,  2.7771     ,  0.630565   ,  12.5451    ,  0.768403   ,  0.220047   ,  0.0100525  ,  0.01022    ,  3.29686    ])
Iter time: 126.018045902
Iter time: 245.509970903
Iter time: 424.374847174
355     , -21764.7    , array([ 0.377226   ,  0.181668   ,  2.88588    ,  2.77406    ,  0.700106   ,  12.5361    ,  0.800859   ,  0.220677   ,  0.0109919  ,  0.0102698  ,  3.28035    ])
Iter time: 127.195329905
Iter time: 247.862401962
Iter time: 429.700505018
356     , -21386.6    , array([ 0.364439   ,  0.187176   ,  2.92308    ,  2.69229    ,  0.989581   ,  11.8263    ,  0.858167   ,  0.235577   ,  0.0113903  ,  0.0102694  ,  3.34426    ])
Iter time: 127.942397833
Iter time: 249.03405118
Iter time: 430.635025978
357     , -21653      , array([ 0.377296   ,  0.181404   ,  2.87906    ,  2.77252    ,  0.710662   ,  12.506     ,  0.814496   ,  0.228032   ,  0.0103702  ,  0.0104948  ,  3.29806    ])
Iter time: 124.87924099
Iter time: 243.344195127
Iter time: 420.408577204
358     , -21602.1    , array([ 0.37651    ,  0.18407    ,  2.89251    ,  2.73682    ,  0.761858   ,  12.2302    ,  0.813726   ,  0.228958   ,  0.0103203  ,  0.0102818  ,  3.32629    ])
Iter time: 123.874976873
Iter time: 241.213500023
Iter time: 417.044955969
359     , -21487.7    , array([ 0.373859   ,  0.186244   ,  2.89509    ,  2.70564    ,  0.840085   ,  12.0149    ,  0.822022   ,  0.234173   ,  0.0103345  ,  0.0101314  ,  3.36975    ])
Iter time: 127.566441059
Iter time: 249.001990795
Iter time: 431.580136061
361     , -22080.3    , array([ 0.386074   ,  0.176106   ,  2.85336    ,  2.85294    ,  0.524871   ,  13.2877    ,  0.76374    ,  0.209049   ,  0.0109469  ,  0.0102552  ,  3.21415    ])
Iter time: 123.494202137
Iter time: 240.834604025
Iter time: 416.579032898
362     , -21465.5    , array([ 0.372713   ,  0.186508   ,  2.91691    ,  2.70658    ,  0.881039   ,  11.8437    ,  0.831268   ,  0.234692   ,  0.0100898  ,  0.0104864  ,  3.33268    ])
Iter time: 124.0132339
Iter time: 241.404175997
Iter time: 418.591308117
363     , -21381      , array([ 0.367311   ,  0.186997   ,  2.91343    ,  2.69586    ,  0.954803   ,  11.841     ,  0.835053   ,  0.240797   ,  0.0104935  ,  0.0103553  ,  3.35094    ])
Iter time: 123.447317123
Iter time: 240.226438046
Iter time: 415.371660948
364     , -21002      , array([ 0.354803   ,  0.192473   ,  2.94703    ,  2.61928    ,  1.35006    ,  11.188     ,  0.88028    ,  0.261072   ,  0.0105478  ,  0.0103985  ,  3.41373    ])
Iter time: 121.230083942
Iter time: 236.255254984
Iter time: 410.132778883
365     , -21214.1    , array([ 0.363432   ,  0.190754   ,  2.92154    ,  2.64666    ,  1.12456    ,  11.4666    ,  0.84312    ,  0.249639   ,  0.0103995  ,  0.0101705  ,  3.41355    ])
Iter time: 129.458168983
Iter time: 252.09051013
Iter time: 435.729679108
366     , -21095.7    , array([ 0.360933   ,  0.190837   ,  2.9573     ,  2.64683    ,  1.18632    ,  11.2556    ,  0.918514   ,  0.247933   ,  0.0105068  ,  0.0105846  ,  3.38059    ])
Iter time: 126.676412106
Iter time: 246.165488005
Iter time: 424.568514109
368     , -21785      , array([ 0.37914    ,  0.180827   ,  2.8794     ,  2.78428    ,  0.669567   ,  12.6276    ,  0.79507    ,  0.22105    ,  0.0106735  ,  0.0103014  ,  3.27497    ])
Iter time: 127.989223003
Iter time: 249.091120005
Iter time: 429.745347977
369     , -21024.8    , array([ 0.358776   ,  0.191454   ,  2.94541    ,  2.62552    ,  1.23754    ,  11.2653    ,  0.905265   ,  0.255004   ,  0.0104336  ,  0.0104612  ,  3.4129     ])
Iter time: 130.256501198
Iter time: 253.39198494
Iter time: 439.097734928
370     , -20979.4    , array([ 0.354557   ,  0.191176   ,  2.95164    ,  2.62771    ,  1.33379    ,  11.2357    ,  0.925517   ,  0.256261   ,  0.0108938  ,  0.0105323  ,  3.40079    ])
Iter time: 135.420871019
Iter time: 262.868513107
Iter time: 454.394109011
371     , -20559.3    , array([ 0.340292   ,  0.195882   ,  2.99071    ,  2.55605    ,  1.93985    ,  10.6332    ,  1.01574    ,  0.276545   ,  0.0113405  ,  0.0106919  ,  3.45397    ])
Iter time: 127.091277122
Iter time: 246.569279194
Iter time: 427.584254026
372     , -20814.9    , array([ 0.352942   ,  0.195341   ,  2.96754    ,  2.58049    ,  1.52412    ,  10.8187    ,  0.93521    ,  0.265701   ,  0.0103736  ,  0.0105199  ,  3.4568     ])
Iter time: 126.67031312
Iter time: 247.294157028
Iter time: 426.106327057
373     , -20648.2    , array([ 0.344333   ,  0.197655   ,  2.97354    ,  2.54335    ,  1.82622    ,  10.653     ,  0.949931   ,  0.276441   ,  0.011013   ,  0.0102597  ,  3.49701    ])
Iter time: 125.445719004
Iter time: 243.140177011
Iter time: 423.071671963
374     , -20591.6    , array([ 0.343691   ,  0.200508   ,  3.00017    ,  2.51583    ,  1.98937    ,  10.3361    ,  0.964855   ,  0.276076   ,  0.0108466  ,  0.0102773  ,  3.50454    ])
Iter time: 127.998075008
Iter time: 248.967781067
Iter time: 429.913402081
375     , -20462.4    , array([ 0.338745   ,  0.200701   ,  3.00613    ,  2.50993    ,  2.2095     ,  10.2507    ,  0.996149   ,  0.284477   ,  0.0109981  ,  0.0104893  ,  3.50793    ])
Iter time: 130.141700029
Iter time: 253.23701787
Iter time: 435.983901978
376     , -19914      , array([ 0.321307   ,  0.209572   ,  3.0646     ,  2.40365    ,  3.76273    ,  9.38447    ,  1.10217    ,  0.317097   ,  0.0113535  ,  0.0105945  ,  3.60244    ])
Iter time: 130.558523178
Iter time: 252.909240961
Iter time: 437.710070848
377     , -20287.1    , array([ 0.331879   ,  0.20266    ,  3.03469    ,  2.4848     ,  2.63173    ,  9.97598    ,  1.0401     ,  0.293902   ,  0.0111723  ,  0.0107319  ,  3.50498    ])
Iter time: 131.737107992
Iter time: 256.128137112
Iter time: 443.20203495
378     , -20097.4    , array([ 0.32595    ,  0.205453   ,  3.03374    ,  2.44563    ,  3.0618     ,  9.80923    ,  1.07131    ,  0.305496   ,  0.0116573  ,  0.0104123  ,  3.5766     ])
Iter time: 128.704387903
Iter time: 250.209135056
Iter time: 432.205890894
379     , -19947.6    , array([ 0.326653   ,  0.208217   ,  3.04785    ,  2.41603    ,  3.3474     ,  9.49532    ,  1.08044    ,  0.319075   ,  0.0103699  ,  0.0106591  ,  3.60801    ])
Iter time: 137.050824165
Iter time: 265.892364025
Iter time: 458.461843014
380     , -19883.6    , array([ 0.321265   ,  0.207592   ,  3.07303    ,  2.41728    ,  3.59177    ,  9.46293    ,  1.15045    ,  0.314841   ,  0.0113521  ,  0.010855   ,  3.57056    ])
Iter time: 146.632527113
Iter time: 283.474965096
Iter time: 488.490012169
381     , -19246      , array([ 0.302052   ,  0.21656    ,  3.15169    ,  2.31016    ,  6.41906    ,  8.59648    ,  1.34387    ,  0.353575   ,  0.0118606  ,  0.0112143  ,  3.65176    ])
Iter time: 130.649255991
Iter time: 254.104382038
Iter time: 438.05559206
382     , -19668.7    , array([ 0.313182   ,  0.212327   ,  3.0712     ,  2.35807    ,  4.62818    ,  9.17936    ,  1.13167    ,  0.33814    ,  0.0114865  ,  0.0105405  ,  3.65632    ])
Iter time: 133.273991108
Iter time: 258.553501129
Iter time: 446.111609936
383     , -19496      , array([ 0.307375   ,  0.215662   ,  3.10714    ,  2.33122    ,  5.63905    ,  8.83624    ,  1.1958     ,  0.346073   ,  0.011771   ,  0.0106794  ,  3.66735    ])
Iter time: 140.413779974
Iter time: 272.346667051
Iter time: 469.534107208
384     , -19248.5    , array([ 0.302813   ,  0.219004   ,  3.13545    ,  2.2878     ,  6.70341    ,  8.52363    ,  1.30018    ,  0.355802   ,  0.0118783  ,  0.010796   ,  3.71455    ])
Iter time: 139.072192907
Iter time: 269.591091871
Iter time: 464.794631958
385     , -19152.6    , array([ 0.296047   ,  0.220321   ,  3.1451     ,  2.27191    ,  7.77301    ,  8.4406     ,  1.29936    ,  0.368666   ,  0.0123788  ,  0.0107218  ,  3.71654    ])
Iter time: 149.012131929
Iter time: 286.967940092
Iter time: 491.864698172
386     , -18372      , array([ 0.271138   ,  0.233985   ,  3.23782    ,  2.13174    ,  17.5539    ,  7.45542    ,  1.53158    ,  0.434263   ,  0.0135223  ,  0.0108242  ,  3.85364    ])
Iter time: 143.101251125
Iter time: 276.60641098
Iter time: 476.470126867
387     , -18902.1    , array([ 0.290546   ,  0.224526   ,  3.18773    ,  2.23227    ,  9.7893     ,  8.03333    ,  1.39529    ,  0.38467    ,  0.0121035  ,  0.0111013  ,  3.73925    ])
Iter time: 149.131450176
Iter time: 288.730988026
Iter time: 495.572329998
388     , -18658.5    , array([ 0.282333   ,  0.225931   ,  3.19445    ,  2.20815    ,  12.0064    ,  7.90882    ,  1.46901    ,  0.409123   ,  0.0125366  ,  0.0112389  ,  3.77545    ])
Iter time: 141.900133133
Iter time: 272.768306017
Iter time: 470.955299139
389     , -18371.3    , array([ 0.275636   ,  0.237346   ,  3.24319    ,  2.11635    ,  17.1513    ,  7.28503    ,  1.49224    ,  0.438573   ,  0.0122113  ,  0.0109014  ,  3.89321    ])
