==========================================
SLURM_JOB_ID = 18981449
SLURM_NODELIST = c8-65
==========================================
Module slurm/17.11.5 loaded 
Module openmpi/3.0.1 loaded 
Module gcc/7.3.0 loaded 
Module python/2.7.6 loaded 
Module numpy/1.11.1 loaded 
Module dadi/1.7.0 loaded 
Module matplotlib/2.0 loaded 
Module scipy/0.18.0 loaded 
Beginning. Call:
/home/hemstrow/monarch/github/F-H_2018/DADI/demographic_models/run_3d_mods.py /home/hemstrow/monarch/github/F-H_2018/Data/dadi_inputs/ dadi_snps_10kgap.txt 1st_folded_optim_10kgap_snps_dadi_out.txt cgrowth 10 [NAM,HAW,GUA] True 3 [0.1,0.1,0.5,0.5,5,5,.1,.1,.1,.1] [1,1,5,5,20,20,10,10,10,10] [.001,.001,.001,.001,.01,.01,.01,.01,.01,.01] [150,15,15] fmin

Ready to begin run. Parameters:

Model:
cgrowth
Maxiters:
10
Pops:
['NAM', 'HAW', 'GUA']
Projection:
[150, 15, 15]
Number of segregating sites in projected sfs:
9454.98941724
Folding spectra:
True
Level of parm folding:
3
Optimizer:
fmin
p0:
[  0.13655261   0.12194849   0.85508841   0.89766762   7.78415938
  17.09396795   0.24801475   0.4121077    0.05204203   0.02031306]
Upper Bounds:
[1.0, 1.0, 5.0, 5.0, 20.0, 20.0, 10.0, 10.0, 10.0, 10.0]
Lower Bounds:
[0.001, 0.001, 0.001, 0.001, 0.01, 0.01, 0.01, 0.01, 0.01, 0.01]

Beginning optimization ************************************************
optimize_log_fmin.
Iter time: 204.057462215
Iter time: 396.770314932
Iter time: 682.34303689
1       , -19878.5    , array([ 0.136553   ,  0.121948   ,  0.855088   ,  0.897668   ,  7.78416    ,  17.094     ,  0.248015   ,  0.412108   ,  0.052042   ,  0.0203131  ])
Iter time: 204.285618067
Iter time: 395.765173912
Iter time: 682.914010048
2       , -19876.8    , array([ 0.123613   ,  0.121948   ,  0.855088   ,  0.897668   ,  7.78416    ,  17.094     ,  0.248015   ,  0.412108   ,  0.052042   ,  0.0203131  ])
Iter time: 217.563913822
Iter time: 421.906045914
Iter time: 728.269466877
3       , -19875      , array([ 0.136553   ,  0.10977    ,  0.855088   ,  0.897668   ,  7.78416    ,  17.094     ,  0.248015   ,  0.412108   ,  0.052042   ,  0.0203131  ])
Iter time: 204.33211112
Iter time: 395.179402113
Iter time: 681.685646057
4       , -19876.2    , array([ 0.136553   ,  0.121948   ,  0.848421   ,  0.897668   ,  7.78416    ,  17.094     ,  0.248015   ,  0.412108   ,  0.052042   ,  0.0203131  ])
Iter time: 204.265210867
Iter time: 396.890316963
Iter time: 684.802094936
5       , -19871.5    , array([ 0.136553   ,  0.121948   ,  0.855088   ,  0.892835   ,  7.78416    ,  17.094     ,  0.248015   ,  0.412108   ,  0.052042   ,  0.0203131  ])
Iter time: 204.633280993
Iter time: 395.706553936
Iter time: 683.434073925
6       , -19880.6    , array([ 0.136553   ,  0.121948   ,  0.855088   ,  0.897668   ,  8.62526    ,  17.094     ,  0.248015   ,  0.412108   ,  0.052042   ,  0.0203131  ])
Iter time: 234.907396078
Iter time: 456.625409126
Iter time: 784.911778212
7       , -19892.1    , array([ 0.136553   ,  0.121948   ,  0.855088   ,  0.897668   ,  7.78416    ,  19.7009    ,  0.248015   ,  0.412108   ,  0.052042   ,  0.0203131  ])
Iter time: 204.007524014
Iter time: 395.608564854
Iter time: 684.351911068
8       , -20131.3    , array([ 0.136553   ,  0.121948   ,  0.855088   ,  0.897668   ,  7.78416    ,  17.094     ,  0.231314   ,  0.412108   ,  0.052042   ,  0.0203131  ])
Iter time: 203.132040977
Iter time: 393.073563099
Iter time: 678.577002048
9       , -19952.8    , array([ 0.136553   ,  0.121948   ,  0.855088   ,  0.897668   ,  7.78416    ,  17.094     ,  0.248015   ,  0.394241   ,  0.052042   ,  0.0203131  ])
Iter time: 203.656988144
Iter time: 394.957330942
Iter time: 147142.5322
10      , -19886.1    , array([ 0.136553   ,  0.121948   ,  0.855088   ,  0.897668   ,  7.78416    ,  17.094     ,  0.248015   ,  0.412108   ,  0.0448923  ,  0.0203131  ])
Iter time: 319.640413046
Iter time: 396.049020052
Iter time: 683.083768845
11      , -19905.9    , array([ 0.136553   ,  0.121948   ,  0.855088   ,  0.897668   ,  7.78416    ,  17.094     ,  0.248015   ,  0.412108   ,  0.052042   ,  0.0167172  ])
Iter time: 212.229330063
Iter time: 412.380028963
Iter time: 710.06793499
12      , -19654.2    , array([ 0.133861   ,  0.119409   ,  0.853751   ,  0.896699   ,  7.94555    ,  17.5862    ,  0.265922   ,  0.408471   ,  0.0505263  ,  0.0195368  ])
Iter time: 216.579468012
Iter time: 420.171453953
Iter time: 724.420662165
13      , -19424.9    , array([ 0.132535   ,  0.11816    ,  0.853083   ,  0.896215   ,  8.02749    ,  17.8376    ,  0.285121   ,  0.406664   ,  0.0497851  ,  0.0191598  ])
Iter time: 216.146855831
Iter time: 418.980095863
Iter time: 722.915436029
14      , -19720.8    , array([ 0.133063   ,  0.118658   ,  0.85335    ,  0.896409   ,  7.99461    ,  17.7366    ,  0.255028   ,  0.429641   ,  0.0500803  ,  0.0193097  ])
Iter time: 217.564812183
Iter time: 422.10964489
Iter time: 729.160614014
15      , -19725.6    , array([ 0.132376   ,  0.118011   ,  0.853003   ,  0.896157   ,  8.03738    ,  17.868     ,  0.256454   ,  0.414452   ,  0.0496969  ,  0.0241496  ])
Iter time: 186.279973984
Iter time: 361.273896933
Iter time: 623.19588995
16      , -19708.8    , array([ 0.131557   ,  0.117238   ,  0.852586   ,  0.895855   ,  8.08901    ,  15.2038    ,  0.258176   ,  0.414923   ,  0.0492407  ,  0.0205743  ])
Iter time: 211.199295998
Iter time: 409.769310951
Iter time: 705.595842838
17      , -19679.7    , array([ 0.13058    ,  0.116318   ,  0.852087   ,  0.895493   ,  8.15139    ,  17.1165    ,  0.260258   ,  0.415488   ,  0.0581483  ,  0.020627   ])
Iter time: 211.815670013
Iter time: 411.191765785
Iter time: 708.564543009
18      , -19646.6    , array([ 0.129417   ,  0.115224   ,  0.851487   ,  0.895059   ,  7.27383    ,  17.121     ,  0.262778   ,  0.416168   ,  0.0512851  ,  0.0206904  ])
Iter time: 213.518702984
Iter time: 414.030344009
Iter time: 715.251030922
19      , -19602.6    , array([ 0.128035   ,  0.113924   ,  0.850769   ,  0.894538   ,  7.95123    ,  17.1264    ,  0.265835   ,  0.416985   ,  0.0511351  ,  0.0207667  ])
Iter time: 215.913563013
Iter time: 417.848571062
Iter time: 720.886462212
20      , -19550.1    , array([ 0.142435   ,  0.112384   ,  0.849908   ,  0.893914   ,  7.98507    ,  17.1329    ,  0.26955    ,  0.417967   ,  0.0509556  ,  0.0208586  ])
Iter time: 218.031019926
Iter time: 422.654663086
Iter time: 729.183749914
21      , -19486.9    , array([ 0.13003    ,  0.110563   ,  0.856887   ,  0.893165   ,  8.02587    ,  17.1407    ,  0.274076   ,  0.419149   ,  0.050741   ,  0.0209694  ])
Iter time: 204.755699158
Iter time: 396.415765047
Iter time: 683.305826902
22      , -19412      , array([ 0.128764   ,  0.123006   ,  0.850563   ,  0.892267   ,  8.0751     ,  17.1501    ,  0.279608   ,  0.420571   ,  0.0504848  ,  0.0211032  ])
Iter time: 198.105782986
Iter time: 385.074934006
Iter time: 663.167536974
23      , -19187.8    , array([ 0.125037   ,  0.13021    ,  0.848309   ,  0.889579   ,  8.22463    ,  17.1782    ,  0.296884   ,  0.424868   ,  0.0497237  ,  0.0215098  ])
Iter time: 217.158535957
Iter time: 420.774122953
Iter time: 723.887709856
24      , -19281.2    , array([ 0.126515   ,  0.112183   ,  0.84921    ,  0.896441   ,  8.16449    ,  17.167     ,  0.289849   ,  0.423144   ,  0.0500267  ,  0.0213462  ])
Iter time: 202.908278942
Iter time: 394.304548025
Iter time: 679.88373208
25      , -19326.1    , array([ 0.129329   ,  0.114759   ,  0.850528   ,  0.893175   ,  7.93211    ,  16.2924    ,  0.287258   ,  0.4225     ,  0.0524568  ,  0.0175174  ])
Iter time: 201.959841013
Iter time: 391.069092989
Iter time: 674.735997915
26      , -19266.8    , array([ 0.127931   ,  0.113372   ,  0.849619   ,  0.892279   ,  7.96204    ,  16.1366    ,  0.295822   ,  0.406201   ,  0.0525401  ,  0.0214853  ])
Iter time: 237.939847946
Iter time: 461.266555071
Iter time: 795.725458145
27      , -19184.4    , array([ 0.128675   ,  0.113978   ,  0.849787   ,  0.892116   ,  7.84427    ,  19.0504    ,  0.300279   ,  0.418825   ,  0.0541336  ,  0.0203402  ])
Iter time: 214.952669144
Iter time: 416.518303156
Iter time: 720.453961849
29      , -19118.7    , array([ 0.129258   ,  0.114413   ,  0.849826   ,  0.891802   ,  7.72467    ,  17.2877    ,  0.306522   ,  0.418925   ,  0.0451898  ,  0.0202315  ])
Iter time: 216.96163702
Iter time: 420.729159832
Iter time: 727.567564011
30      , -18852.2    , array([ 0.128602   ,  0.113473   ,  0.848697   ,  0.889962   ,  7.51976    ,  17.374     ,  0.332652   ,  0.420654   ,  0.0398375  ,  0.0200366  ])
Iter time: 215.23796916
Iter time: 416.884504795
Iter time: 719.077668905
31      , -18992.6    , array([ 0.130254   ,  0.115147   ,  0.849866   ,  0.891216   ,  8.71438    ,  17.334     ,  0.318241   ,  0.419139   ,  0.0487131  ,  0.0200404  ])
Iter time: 213.614042044
Iter time: 413.855384111
Iter time: 714.599348068
32      , -18916.9    , array([ 0.132114   ,  0.11671    ,  0.850402   ,  0.891072   ,  8.11944    ,  17.3703    ,  0.326109   ,  0.41875    ,  0.0483842  ,  0.0198251  ])
Iter time: 211.753530979
Iter time: 410.532203913
Iter time: 709.096240997
33      , -18844.5    , array([ 0.116984   ,  0.119206   ,  0.851363   ,  0.891127   ,  8.11206    ,  17.4115    ,  0.334103   ,  0.417922   ,  0.0480544  ,  0.0195382  ])
Iter time: 209.996640921
Iter time: 406.296171904
Iter time: 701.220355988
34      , -18514.7    , array([ 0.106018   ,  0.122771   ,  0.852092   ,  0.889737   ,  8.17631    ,  17.5525    ,  0.371964   ,  0.417899   ,  0.0466664  ,  0.0189097  ])
Iter time: 208.038031101
Iter time: 402.051192999
Iter time: 694.712131977
35      , -18713.2    , array([ 0.123017   ,  0.123735   ,  0.843482   ,  0.891188   ,  8.10086    ,  17.4864    ,  0.34928    ,  0.416495   ,  0.0474564  ,  0.0190372  ])
Iter time: 207.092773914
Iter time: 401.090366125
Iter time: 691.678557158
36      , -18627.7    , array([ 0.118907   ,  0.116852   ,  0.845328   ,  0.887157   ,  8.11397    ,  16.7366    ,  0.349658   ,  0.431337   ,  0.0479064  ,  0.0208084  ])
Iter time: 221.733736038
Iter time: 429.850311041
Iter time: 741.5170331
37      , -18595.5    , array([ 0.119823   ,  0.120751   ,  0.846828   ,  0.888974   ,  8.24884    ,  18.4228    ,  0.360974   ,  0.416892   ,  0.0446488  ,  0.0235568  ])
Iter time: 209.10552907
Iter time: 406.219057083
Iter time: 698.808476925
38      , -18503.1    , array([ 0.121165   ,  0.125354   ,  0.847666   ,  0.884254   ,  8.03056    ,  17.7329    ,  0.373798   ,  0.41502    ,  0.0457647  ,  0.0197162  ])
Iter time: 205.906331062
Iter time: 398.000315189
Iter time: 688.234514952
39      , -18147.5    , array([ 0.118575   ,  0.132509   ,  0.846895   ,  0.878223   ,  7.96443    ,  18.0228    ,  0.424492   ,  0.411017   ,  0.0437719  ,  0.0189484  ])
Iter time: 225.748557091
Iter time: 436.345196962
Iter time: 753.732979059
40      , -18288.1    , array([ 0.118017   ,  0.12797    ,  0.846714   ,  0.885562   ,  8.23525    ,  19.2869    ,  0.393682   ,  0.433352   ,  0.0420129  ,  0.0191025  ])
Iter time: 235.410054922
Iter time: 455.425348043
Iter time: 786.0146029
41      , -18204      , array([ 0.119361   ,  0.111036   ,  0.847702   ,  0.887446   ,  7.97438    ,  18.5419    ,  0.415051   ,  0.415953   ,  0.0429214  ,  0.0186331  ])
Iter time: 195.449398041
Iter time: 378.382837772
Iter time: 654.61880517
42      , -18023.8    , array([ 0.114257   ,  0.126187   ,  0.845812   ,  0.883995   ,  8.3886     ,  16.6294    ,  0.437803   ,  0.421374   ,  0.0376368  ,  0.0193621  ])
Iter time: 183.057650805
Iter time: 354.263512135
Iter time: 611.015450954
43      , -17516.4    , array([ 0.107665   ,  0.132774   ,  0.843832   ,  0.879962   ,  8.67477    ,  15.5369    ,  0.528635   ,  0.422654   ,  0.0313823  ,  0.0188909  ])
Iter time: 208.715754032
Iter time: 405.251013994
Iter time: 697.240613937
44      , -17903.3    , array([ 0.108653   ,  0.128515   ,  0.84453    ,  0.88264    ,  7.54414    ,  17.8804    ,  0.457223   ,  0.421762   ,  0.0383037  ,  0.0194209  ])
Iter time: 210.502334118
Iter time: 407.984012127
Iter time: 702.650074959
45      , -17781.3    , array([ 0.103016   ,  0.129262   ,  0.842828   ,  0.881106   ,  7.97878    ,  17.9466    ,  0.477391   ,  0.42276    ,  0.0368036  ,  0.0195511  ])
Iter time: 207.569160938
Iter time: 402.445796967
Iter time: 691.551171064
46      , -17637.3    , array([ 0.101236   ,  0.136459   ,  0.843349   ,  0.880442   ,  8.71777    ,  18.0595    ,  0.503065   ,  0.421267   ,  0.0439969  ,  0.0192501  ])
Iter time: 217.124644041
Iter time: 418.942358971
Iter time: 724.227935076
47      , -17557.5    , array([ 0.101787   ,  0.127616   ,  0.848537   ,  0.8771     ,  8.21208    ,  18.0594    ,  0.515383   ,  0.426445   ,  0.0363785  ,  0.0203058  ])
Iter time: 223.039445162
Iter time: 432.554565907
Iter time: 745.637439013
48      , -17458.1    , array([ 0.102082   ,  0.137535   ,  0.847326   ,  0.87908    ,  8.21855    ,  19.1578    ,  0.556362   ,  0.410833   ,  0.0341064  ,  0.0184867  ])
Iter time: 207.94293499
Iter time: 403.793223143
Iter time: 694.472808123
50      , -17252.4    , array([ 0.098106   ,  0.136604   ,  0.845925   ,  0.875321   ,  8.07822    ,  17.541     ,  0.587626   ,  0.423825   ,  0.0346757  ,  0.0155572  ])
Iter time: 214.533615828
Iter time: 415.930437088
Iter time: 715.892156124
51      , -16683.2    , array([ 0.0887713  ,  0.145295   ,  0.845474   ,  0.868573   ,  7.99423    ,  17.1161    ,  0.749745   ,  0.427334   ,  0.0305586  ,  0.0126427  ])
Iter time: 222.249279976
Iter time: 430.629691839
Iter time: 744.067431927
52      , -16986.6    , array([ 0.107013   ,  0.13896    ,  0.839389   ,  0.87037    ,  8.11325    ,  18.3183    ,  0.656084   ,  0.424695   ,  0.0304829  ,  0.0178811  ])
Iter time: 207.115854025
Iter time: 401.147315979
Iter time: 689.055505037
53      , -16958.3    , array([ 0.0942687  ,  0.135529   ,  0.843254   ,  0.871451   ,  8.03118    ,  16.5001    ,  0.686558   ,  0.407902   ,  0.0317551  ,  0.0174683  ])
Iter time: 197.034795046
Iter time: 381.100393057
Iter time: 657.776160955
54      , -16780.2    , array([ 0.08891    ,  0.162552   ,  0.841385   ,  0.866444   ,  8.30569    ,  16.7672    ,  0.720172   ,  0.423306   ,  0.0292651  ,  0.0176786  ])
Iter time: 220.068827152
Iter time: 425.371636152
Iter time: 732.502108097
55      , -16581.2    , array([ 0.084491   ,  0.141893   ,  0.841088   ,  0.873182   ,  8.38615    ,  17.0028    ,  0.782676   ,  0.430921   ,  0.0264764  ,  0.0171449  ])
Iter time: 250.974898815
Iter time: 485.48211503
Iter time: 836.893998861
56      , -15953.4    , array([ 0.0713211  ,  0.146831   ,  0.838199   ,  0.870672   ,  8.60531    ,  16.5147    ,  1.06277    ,  0.441232   ,  0.0205917  ,  0.0163085  ])
Iter time: 223.52624917
Iter time: 431.892714024
Iter time: 744.750097036
57      , -16417.1    , array([ 0.0847617  ,  0.150253   ,  0.842175   ,  0.866443   ,  9.08948    ,  16.868     ,  0.860173   ,  0.42375    ,  0.0267241  ,  0.0161535  ])
Iter time: 227.117341042
Iter time: 439.685776949
Iter time: 757.239768028
58      , -16277.6    , array([ 0.0859794  ,  0.153949   ,  0.843745   ,  0.865043   ,  8.8213     ,  16.5988    ,  0.926789   ,  0.422947   ,  0.026089   ,  0.0154449  ])
Iter time: 233.421121836
Iter time: 453.325351954
Iter time: 779.211683035
59      , -16151.9    , array([ 0.0846787  ,  0.14939    ,  0.843303   ,  0.862646   ,  8.09261    ,  16.2191    ,  0.993809   ,  0.424784   ,  0.0196577  ,  0.0150104  ])
Iter time: 240.582747936
Iter time: 466.155191898
Iter time: 807.75801897
60      , -15990.7    , array([ 0.0811771  ,  0.164855   ,  0.837111   ,  0.86306    ,  8.5658     ,  15.8742    ,  1.10619    ,  0.4193     ,  0.0210207  ,  0.0133955  ])
Iter time: 312.986135006
Iter time: 606.968935013
Iter time: 1051.2479701
61      , -15767.9    , array([ 0.0725309  ,  0.16546    ,  0.840433   ,  0.856923   ,  8.08845    ,  18.531     ,  1.25009    ,  0.422386   ,  0.0224905  ,  0.0134422  ])
Iter time: 277.001395941
Iter time: 535.795802116
Iter time: 923.298035145
63      , -15503.7    , array([ 0.0714439  ,  0.165747   ,  0.8356     ,  0.853415   ,  8.51025    ,  14.9289    ,  1.39655    ,  0.436957   ,  0.0190406  ,  0.0128879  ])
Iter time: 383.605909824
Iter time: 745.318071127
Iter time: 1281.82128406
64      , -14818.6    , array([ 0.0597686  ,  0.181954   ,  0.829798   ,  0.840865   ,  8.65997    ,  13.1786    ,  2.21261    ,  0.450636   ,  0.0142266  ,  0.0107608  ])
Iter time: 292.685261965
Iter time: 568.428154945
Iter time: 976.518427849
65      , -15451.1    , array([ 0.0606578  ,  0.173135   ,  0.841565   ,  0.85603    ,  8.73387    ,  14.6179    ,  1.51023    ,  0.427737   ,  0.0182923  ,  0.0120376  ])
Iter time: 353.025290012
Iter time: 684.419798136
Iter time: 1181.0941422
66      , -15190.1    , array([ 0.0630461  ,  0.186428   ,  0.837373   ,  0.85192    ,  8.97238    ,  15.8403    ,  1.68966    ,  0.449596   ,  0.0157255  ,  0.0114378  ])
Iter time: 387.489370108
Iter time: 752.535895824
Iter time: 1294.25023508
67      , -15093.3    , array([ 0.0624045  ,  0.159755   ,  0.838431   ,  0.853952   ,  8.81084    ,  15.4116    ,  1.91035    ,  0.438488   ,  0.0150702  ,  0.0103591  ])
Iter time: 430.65191412
Iter time: 836.22294879
Iter time: 1440.2353971
68      , -14930      , array([ 0.0582482  ,  0.182153   ,  0.832981   ,  0.84897    ,  9.33394    ,  14.7841    ,  2.21245    ,  0.436598   ,  0.0125294  ,  0.0139197  ])
Iter time: 446.952804804
Iter time: 866.926972866
Iter time: 1494.92204499
69      , -14841.2    , array([ 0.0565942  ,  0.183058   ,  0.83441    ,  0.847597   ,  8.25293    ,  14.611     ,  2.32948    ,  0.442929   ,  0.0123131  ,  0.0105748  ])
Iter time: 493.807889938
Iter time: 957.705070019
Iter time: 1653.82541895
70      , -14703.6    , array([ 0.051316   ,  0.184959   ,  0.831006   ,  0.845517   ,  8.39131    ,  14.474     ,  2.59968    ,  0.447886   ,  0.0108541  ,  0.0102531  ])
Iter time: 274.844505072
Iter time: 532.589511156
Iter time: 918.560091019
73      , -15659.8    , array([ 0.073143   ,  0.160476   ,  0.839705   ,  0.858066   ,  8.35934    ,  15.7655    ,  1.30319    ,  0.431119   ,  0.0176556  ,  0.0134843  ])
Iter time: 529.157227993
Iter time: 1026.69481587
Iter time: 1768.99552798
74      , -14589.6    , array([ 0.0481568  ,  0.179294   ,  0.835652   ,  0.843088   ,  8.66209    ,  14.7737    ,  2.7279     ,  0.459138   ,  0.0115522  ,  0.0109684  ])
Iter time: 300.322227001
Iter time: 580.254616022
Iter time: 998.7729671
77      , -15476      , array([ 0.0654793  ,  0.160477   ,  0.837162   ,  0.860412   ,  8.61239    ,  15.8147    ,  1.42431    ,  0.440874   ,  0.0174029  ,  0.0137838  ])
Iter time: 342.312672138
Iter time: 661.950849056
Iter time: 1142.69172502
79      , -15390.7    , array([ 0.0656955  ,  0.170093   ,  0.838114   ,  0.853765   ,  8.37599    ,  16.6201    ,  1.55485    ,  0.432281   ,  0.0179559  ,  0.0125297  ])
Iter time: 325.412116051
Iter time: 630.302077055
Iter time: 1087.92962909
81      , -15326.1    , array([ 0.0656188  ,  0.168      ,  0.837671   ,  0.85412    ,  8.51594    ,  15.3704    ,  1.60161    ,  0.436786   ,  0.0159226  ,  0.0125034  ])
Iter time: 342.085723162
Iter time: 662.757701874
Iter time: 1142.28687596
83      , -15234.1    , array([ 0.0620926  ,  0.168386   ,  0.836427   ,  0.854973   ,  8.63901    ,  15.3724    ,  1.68423    ,  0.441493   ,  0.0157382  ,  0.01258    ])
Iter time: 542.610222101
Iter time: 1052.58316302
Iter time: 1815.57877016
84      , -14604.9    , array([ 0.0574244  ,  0.179306   ,  0.828846   ,  0.842947   ,  8.57933    ,  15.4288    ,  2.68427    ,  0.459877   ,  0.0107459  ,  0.0110477  ])
Iter time: 376.994762897
Iter time: 730.466878891
Iter time: 1261.00314093
86      , -15145.1    , array([ 0.0618503  ,  0.173573   ,  0.836181   ,  0.851069   ,  8.52519    ,  15.7401    ,  1.81831    ,  0.439219   ,  0.0154644  ,  0.0119451  ])
Iter time: 551.688999891
Iter time: 1073.74096107
Iter time: 1844.14777803
87      , -14549.9    , array([ 0.0510658  ,  0.187969   ,  0.830554   ,  0.842077   ,  8.84311    ,  14.5258    ,  2.89577    ,  0.456465   ,  0.0110756  ,  0.0102774  ])
Iter time: 390.855304003
Iter time: 757.028897047
Iter time: 1302.1374929
90      , -15025.1    , array([ 0.0593696  ,  0.173936   ,  0.834971   ,  0.850871   ,  8.66859    ,  15.1129    ,  1.95681    ,  0.444739   ,  0.0142051  ,  0.0118217  ])
Iter time: 570.011286974
Iter time: 1105.10813594
Iter time: 2039.48119807
91      , -14531.9    , array([ 0.0505009  ,  0.170772   ,  0.829202   ,  0.841481   ,  8.37464    ,  13.8056    ,  3.15023    ,  0.445459   ,  0.010243   ,  0.0108612  ])
Iter time: 420.093389988
Iter time: 817.496683121
Iter time: 1405.24500394
94      , -14943.7    , array([ 0.0584801  ,  0.175841   ,  0.834378   ,  0.848393   ,  8.58882    ,  15.1569    ,  2.10525    ,  0.443664   ,  0.013724   ,  0.0114838  ])
Iter time: 427.595999956
Iter time: 829.088720083
Iter time: 1429.58443379
96      , -14913.2    , array([ 0.0585511  ,  0.169507   ,  0.835298   ,  0.849551   ,  8.7204     ,  14.9854    ,  2.16838    ,  0.443555   ,  0.0134847  ,  0.0107495  ])
Iter time: 634.604690075
Iter time: 1127.45299411
Iter time: 1946.02906585
97      , -14492.6    , array([ 0.0506918  ,  0.185019   ,  0.829456   ,  0.839254   ,  8.60357    ,  14.0249    ,  3.15997    ,  0.452415   ,  0.0101428  ,  0.0103269  ])
Iter time: 454.484029055
Iter time: 880.309704065
Iter time: 1520.14566898
100     , -14812.8    , array([ 0.0562375  ,  0.17806    ,  0.833047   ,  0.846258   ,  8.61313    ,  14.7973    ,  2.33495    ,  0.446542   ,  0.0126423  ,  0.0112047  ])
Iter time: 461.594860077
Iter time: 895.265748024
Iter time: 1553.99763608
102     , -14802.1    , array([ 0.0560274  ,  0.181022   ,  0.832352   ,  0.84641    ,  8.94296    ,  14.6148    ,  2.40013    ,  0.44347    ,  0.012085   ,  0.0122028  ])
Iter time: 462.115540981
Iter time: 895.077346087
Iter time: 1542.80477381
104     , -14787.5    , array([ 0.0560492  ,  0.1752     ,  0.833361   ,  0.846543   ,  8.65494    ,  14.6956    ,  2.38819    ,  0.446985   ,  0.0124687  ,  0.0107918  ])
Iter time: 558.218267918
Iter time: 1082.21870208
Iter time: 1866.99813604
105     , -14498.4    , array([ 0.0507687  ,  0.177566   ,  0.828251   ,  0.839304   ,  9.02626    ,  14.2307    ,  2.98477    ,  0.458919   ,  0.0108224  ,  0.0111452  ])
Iter time: 446.996682167
Iter time: 864.674590111
Iter time: 1491.75356984
107     , -14721.7    , array([ 0.0561416  ,  0.1809     ,  0.830484   ,  0.842073   ,  8.66336    ,  13.8382    ,  2.45186    ,  0.451155   ,  0.0126411  ,  0.0108274  ])
Iter time: 485.823915958
Iter time: 940.178081036
Iter time: 1622.83541298
109     , -14716.1    , array([ 0.0544533  ,  0.179095   ,  0.831979   ,  0.84456    ,  8.64242    ,  14.6144    ,  2.52489    ,  0.449332   ,  0.0119164  ,  0.0110296  ])
Iter time: 490.186938047
Iter time: 951.066015959
Iter time: 1642.87365103
111     , -14707.4    , array([ 0.0542741  ,  0.180482   ,  0.831614   ,  0.844544   ,  8.7913     ,  14.524     ,  2.56638    ,  0.448078   ,  0.0116426  ,  0.0114523  ])
Iter time: 493.610596895
Iter time: 952.395948172
Iter time: 1644.51950502
113     , -14696      , array([ 0.0541974  ,  0.17782    ,  0.832031   ,  0.84451    ,  8.65534    ,  14.5555    ,  2.56922    ,  0.449905   ,  0.0117855  ,  0.0108019  ])
Iter time: 485.483975887
Iter time: 941.694026947
Iter time: 1624.98267007
115     , -14662.4    , array([ 0.0541465  ,  0.180534   ,  0.83067    ,  0.842399   ,  8.65915    ,  14.1603    ,  2.60933    ,  0.451936   ,  0.0118252  ,  0.0108184  ])
Iter time: 575.998739004
Iter time: 1116.96437192
Iter time: 1928.46026897
116     , -14493.8    , array([ 0.0500263  ,  0.181541   ,  0.829474   ,  0.840464   ,  8.67082    ,  14.2759    ,  3.07427    ,  0.456658   ,  0.0102531  ,  0.0105529  ])
Iter time: 513.53804493
Iter time: 997.281064987
Iter time: 1717.16419792
118     , -14642.7    , array([ 0.0530069  ,  0.180451   ,  0.831063   ,  0.843322   ,  8.71768    ,  14.4715    ,  2.69822    ,  0.45095    ,  0.0112723  ,  0.0110701  ])
Iter time: 588.388837099
Iter time: 1141.22913909
Iter time: 1966.51963782
119     , -14451      , array([ 0.0525662  ,  0.175124   ,  0.830029   ,  0.838265   ,  8.9739     ,  14.3642    ,  3.11875    ,  0.460501   ,  0.0110573  ,  0.0113405  ])
Iter time: 642.363917112
Iter time: 1243.67983508
Iter time: 2145.69734716
120     , -14334.5    , array([ 0.0532026  ,  0.170404   ,  0.829541   ,  0.834662   ,  9.28019    ,  14.3096    ,  3.41595    ,  0.466941   ,  0.0111603  ,  0.0119267  ])
Iter time: 623.835780144
Iter time: 1210.47750306
Iter time: 2087.07718587
121     , -14392.1    , array([ 0.0495874  ,  0.18061    ,  0.82851    ,  0.837297   ,  8.82229    ,  14.2352    ,  3.34073    ,  0.461855   ,  0.010073   ,  0.0109797  ])
