==========================================
SLURM_JOB_ID = 18981469
SLURM_NODELIST = c8-68
==========================================
Module slurm/17.11.5 loaded 
Module openmpi/3.0.1 loaded 
Module gcc/7.3.0 loaded 
Module python/2.7.6 loaded 
Module numpy/1.11.1 loaded 
Module dadi/1.7.0 loaded 
Module matplotlib/2.0 loaded 
Module scipy/0.18.0 loaded 
Beginning. Call:
/home/hemstrow/monarch/github/F-H_2018/DADI/demographic_models/run_3d_mods.py /home/hemstrow/monarch/github/F-H_2018/Data/dadi_inputs/ dadi_snps_10kgap.txt 1st_folded_optim_10kgap_snps_dadi_out.txt lgrowth_both 10 [NAM,HAW,GUA] True 3 [0.1,0.1,1,1,5,5,.1,.1,.1,.1,2,2] [1,1,10,10,20,20,10,10,10,10,4,4] [1e-3,1e-3,1e-3,1e-3,0.01,0.01,0.01,0.01,0.01,0.01,1,1] [150,15,15] fmin

Ready to begin run. Parameters:

Model:
lgrowth_both
Maxiters:
10
Pops:
['NAM', 'HAW', 'GUA']
Projection:
[150, 15, 15]
Number of segregating sites in projected sfs:
9454.98941724
Folding spectra:
True
Level of parm folding:
3
Optimizer:
fmin
p0:
[  0.0916617    0.33298747   3.91305743   0.2469713   12.49384287
   2.29629056   0.07993097   0.04535075   0.05661969   0.01763367
   3.79614553   1.01      ]
Upper Bounds:
[1.0, 1.0, 10.0, 10.0, 20.0, 20.0, 10.0, 10.0, 10.0, 10.0, 4.0, 4.0]
Lower Bounds:
[0.001, 0.001, 0.001, 0.001, 0.01, 0.01, 0.01, 0.01, 0.01, 0.01, 1.0, 1.0]

Beginning optimization ************************************************
optimize_log_fmin.
Iter time: 27.9098958969
Iter time: 53.8729100227
Iter time: 92.8101239204
1       , -27595.1    , array([ 0.0916617  ,  0.332987   ,  3.91306    ,  0.246971   ,  12.4938    ,  2.29629    ,  0.079931   ,  0.0453508  ,  0.0566197  ,  0.0176337  ,  3.79615    ,  1.01       ])
Iter time: 27.9307980537
Iter time: 53.9158279896
Iter time: 92.6067838669
2       , -27595      , array([ 0.0813387  ,  0.332987   ,  3.91306    ,  0.246971   ,  12.4938    ,  2.29629    ,  0.079931   ,  0.0453508  ,  0.0566197  ,  0.0176337  ,  3.79615    ,  1.01       ])
Iter time: 28.413613081
Iter time: 54.7912700176
Iter time: 94.2277290821
3       , -27598.4    , array([ 0.0916617  ,  0.315173   ,  3.91306    ,  0.246971   ,  12.4938    ,  2.29629    ,  0.079931   ,  0.0453508  ,  0.0566197  ,  0.0176337  ,  3.79615    ,  1.01       ])
Iter time: 27.8812599182
Iter time: 53.7896389961
Iter time: 92.5090651512
4       , -27797      , array([ 0.0916617  ,  0.332987   ,  4.18931    ,  0.246971   ,  12.4938    ,  2.29629    ,  0.079931   ,  0.0453508  ,  0.0566197  ,  0.0176337  ,  3.79615    ,  1.01       ])
Iter time: 29.2211308479
Iter time: 56.3940632343
Iter time: 97.0023498535
5       , -27637      , array([ 0.0916617  ,  0.332987   ,  3.91306    ,  0.230292   ,  12.4938    ,  2.29629    ,  0.079931   ,  0.0453508  ,  0.0566197  ,  0.0176337  ,  3.79615    ,  1.01       ])
Iter time: 28.0010619164
Iter time: 53.9699959755
Iter time: 92.7761528492
6       , -27854.1    , array([ 0.0916617  ,  0.332987   ,  3.91306    ,  0.246971   ,  14.1753    ,  2.29629    ,  0.079931   ,  0.0453508  ,  0.0566197  ,  0.0176337  ,  3.79615    ,  1.01       ])
Iter time: 29.1171541214
Iter time: 56.2330470085
Iter time: 96.7586660385
7       , -27650      , array([ 0.0916617  ,  0.332987   ,  3.91306    ,  0.246971   ,  12.4938    ,  2.39375    ,  0.079931   ,  0.0453508  ,  0.0566197  ,  0.0176337  ,  3.79615    ,  1.01       ])
Iter time: 27.8782291412
Iter time: 53.8519048691
Iter time: 92.4862849712
8       , -27957.3    , array([ 0.0916617  ,  0.332987   ,  3.91306    ,  0.246971   ,  12.4938    ,  2.29629    ,  0.0704451  ,  0.0453508  ,  0.0566197  ,  0.0176337  ,  3.79615    ,  1.01       ])
Iter time: 27.8891479969
Iter time: 53.8302359581
Iter time: 92.5269360542
9       , -27692.8    , array([ 0.0916617  ,  0.332987   ,  3.91306    ,  0.246971   ,  12.4938    ,  2.29629    ,  0.079931   ,  0.038852   ,  0.0566197  ,  0.0176337  ,  3.79615    ,  1.01       ])
Iter time: 27.8962979317
Iter time: 53.8553569317
Iter time: 92.5241420269
10      , -27650.7    , array([ 0.0916617  ,  0.332987   ,  3.91306    ,  0.246971   ,  12.4938    ,  2.29629    ,  0.079931   ,  0.0453508  ,  0.0490474  ,  0.0176337  ,  3.79615    ,  1.01       ])
Iter time: 27.9034850597
Iter time: 53.8273479939
Iter time: 92.5823700428
11      , -27607.9    , array([ 0.0916617  ,  0.332987   ,  3.91306    ,  0.246971   ,  12.4938    ,  2.29629    ,  0.079931   ,  0.0453508  ,  0.0566197  ,  0.0144099  ,  3.79615    ,  1.01       ])
Iter time: 27.8841750622
Iter time: 53.8150849342
Iter time: 92.6883831024
13      , -27595.1    , array([ 0.0916617  ,  0.332987   ,  3.91306    ,  0.246971   ,  12.4938    ,  2.29629    ,  0.079931   ,  0.0453508  ,  0.0566197  ,  0.0176337  ,  3.79615    ,  1.0105     ])
Iter time: 28.4145569801
Iter time: 54.8411369324
Iter time: 94.3111360073
14      , -27779.1    , array([ 0.0898544  ,  0.32995    ,  3.9578     ,  0.24411    ,  12.7595    ,  2.31225    ,  0.0782656  ,  0.0441967  ,  0.055281   ,  0.0170502  ,  3.5512     ,  1.01008    ])
Iter time: 28.5072469711
Iter time: 55.0167489052
Iter time: 94.5944290161
15      , -27366.4    , array([ 0.0895567  ,  0.329446   ,  3.96531    ,  0.243636   ,  12.8044    ,  2.31492    ,  0.0903765  ,  0.0440072  ,  0.0550609  ,  0.0169548  ,  3.75418    ,  1.0101     ])
Iter time: 28.837127924
Iter time: 55.6072537899
Iter time: 95.6272170544
16      , -27040.5    , array([ 0.0885224  ,  0.32769    ,  3.99169    ,  0.241985   ,  12.9625    ,  2.3243     ,  0.102366   ,  0.0433504  ,  0.0542977  ,  0.0166253  ,  3.73337    ,  1.01015    ])
Iter time: 28.5649449825
Iter time: 55.1700439453
Iter time: 94.8448359966
17      , -27357.4    , array([ 0.089038   ,  0.328567   ,  3.97848    ,  0.242809   ,  11.1186    ,  2.31961    ,  0.0830038  ,  0.0436775  ,  0.054678   ,  0.0167892  ,  3.74376    ,  1.01012    ])
Iter time: 28.7530469894
Iter time: 55.5628781319
Iter time: 95.4308321476
18      , -27351.1    , array([ 0.0886081  ,  0.327836   ,  3.68429    ,  0.242123   ,  12.3721    ,  2.32352    ,  0.0835273  ,  0.0434047  ,  0.0543609  ,  0.0166525  ,  3.7351     ,  1.01014    ])
Iter time: 28.3723020554
Iter time: 54.7690370083
Iter time: 94.1351418495
20      , -27656.5    , array([ 0.0899357  ,  0.330087   ,  3.93147    ,  0.244239   ,  12.579     ,  2.31153    ,  0.0801861  ,  0.0442484  ,  0.0553411  ,  0.0170763  ,  3.66448    ,  1.01008    ])
Iter time: 28.8771588802
Iter time: 55.7946288586
Iter time: 95.9099230766
21      , -27363.6    , array([ 0.0881225  ,  0.327008   ,  3.90064    ,  0.241345   ,  12.3226    ,  2.32796    ,  0.0844829  ,  0.0516194  ,  0.0540031  ,  0.0164985  ,  3.74457    ,  1.01017    ])
Iter time: 28.4804410934
Iter time: 54.9752418995
Iter time: 94.6106760502
22      , -27357.9    , array([ 0.0895092  ,  0.329366   ,  3.87728    ,  0.243561   ,  12.1973    ,  2.31535    ,  0.08495    ,  0.0465031  ,  0.0550259  ,  0.0169396  ,  3.89311    ,  1.0101     ])
Iter time: 29.1568379402
Iter time: 56.1674468517
Iter time: 96.5622339249
23      , -27309.4    , array([ 0.0874767  ,  0.325903   ,  3.88957    ,  0.240308   ,  12.2314    ,  2.33393    ,  0.0860905  ,  0.0455629  ,  0.0632884  ,  0.0162948  ,  3.77391    ,  1.0102     ])
Iter time: 27.8474111557
Iter time: 53.7365679741
Iter time: 92.6899359226
24      , -27258.3    , array([ 0.086798   ,  0.324737   ,  3.88566    ,  0.239216   ,  12.1881    ,  2.22948    ,  0.0871623  ,  0.0455984  ,  0.0558511  ,  0.0160817  ,  3.77022    ,  1.01023    ])
Iter time: 27.5535111427
Iter time: 53.2295370102
Iter time: 91.3975319862
25      , -27209.5    , array([ 0.0860129  ,  0.323382   ,  3.88112    ,  0.258172   ,  12.1379    ,  2.31269    ,  0.0884296  ,  0.0456398  ,  0.055724   ,  0.0158367  ,  3.76592    ,  1.01027    ])
Iter time: 28.8385350704
Iter time: 55.5605399609
Iter time: 95.4921190739
26      , -27169.2    , array([ 0.0851058  ,  0.321808   ,  3.87582    ,  0.242522   ,  12.0796    ,  2.31544    ,  0.0899314  ,  0.0456881  ,  0.0555761  ,  0.0196871  ,  3.7609     ,  1.01031    ])
Iter time: 28.3405890465
Iter time: 54.7110660076
Iter time: 94.124671936
27      , -27108.3    , array([ 0.0840597  ,  0.34118    ,  3.86965    ,  0.241789   ,  12.0119    ,  2.31865    ,  0.0917158  ,  0.0457446  ,  0.0554041  ,  0.0163859  ,  3.75506    ,  1.01036    ])
Iter time: 28.8864080906
Iter time: 55.7743251324
Iter time: 96.0229580402
28      , -27029.8    , array([ 0.0828555  ,  0.324238   ,  3.86246    ,  0.240935   ,  11.9334    ,  2.32239    ,  0.0938424  ,  0.0458105  ,  0.055204   ,  0.0161867  ,  3.74826    ,  1.00984    ])
Iter time: 29.4274542332
Iter time: 56.8339169025
Iter time: 97.7724919319
29      , -26745.2    , array([ 0.0787749  ,  0.319951   ,  3.83741    ,  0.237973   ,  11.6627    ,  2.33555    ,  0.101681   ,  0.0460422  ,  0.0545095  ,  0.0155084  ,  3.72454    ,  1.00951    ])
Iter time: 29.1547539234
Iter time: 56.390144825
Iter time: 96.8662550449
30      , -26887.9    , array([ 0.0807894  ,  0.322087   ,  3.84991    ,  0.23945    ,  11.7973    ,  2.32896    ,  0.0976832  ,  0.0459262  ,  0.0548557  ,  0.0158439  ,  3.73638    ,  1.01026    ])
Iter time: 29.336838007
Iter time: 64.7357599735
Iter time: 97.5060579777
31      , -26769.3    , array([ 0.0909399  ,  0.320306   ,  3.83949    ,  0.238219   ,  11.685     ,  2.33446    ,  0.101004   ,  0.0460228  ,  0.0545671  ,  0.0155638  ,  3.72651    ,  1.0103     ])
Iter time: 28.4308168888
Iter time: 54.9497749805
Iter time: 94.4483749866
32      , -26897.8    , array([ 0.0843807  ,  0.325039   ,  3.84158    ,  0.243243   ,  11.7429    ,  2.30376    ,  0.0984491  ,  0.0396678  ,  0.0573101  ,  0.0164737  ,  3.7748     ,  1.01016    ])
Iter time: 28.8613669872
Iter time: 55.7100470066
Iter time: 96.0081710815
33      , -26829.8    , array([ 0.0822605  ,  0.322001   ,  3.85877    ,  0.240978   ,  11.7887    ,  2.31438    ,  0.100344   ,  0.0428807  ,  0.0566275  ,  0.0159703  ,  3.61215    ,  1.01023    ])
Iter time: 31.4484348297
Iter time: 58.1809139252
Iter time: 98.3523402214
34      , -26696      , array([ 0.0816118  ,  0.3217     ,  3.74152    ,  0.241418   ,  13.0593    ,  2.30926    ,  0.105996   ,  0.0455148  ,  0.0573215  ,  0.0159797  ,  3.73391    ,  1.01023    ])
Iter time: 29.0154261589
Iter time: 55.9419150352
Iter time: 96.1218931675
35      , -26289.5    , array([ 0.0781343  ,  0.31832    ,  3.62839    ,  0.240726   ,  14.1531    ,  2.30411    ,  0.11978    ,  0.0464622  ,  0.0586908  ,  0.0155897  ,  3.72899    ,  1.01029    ])
Iter time: 28.6776359081
Iter time: 55.3634221554
Iter time: 95.2073140144
36      , -26575.3    , array([ 0.0803063  ,  0.320838   ,  4.03       ,  0.24187    ,  12.0022    ,  2.30216    ,  0.111854   ,  0.0463234  ,  0.058397   ,  0.0159348  ,  3.74154    ,  1.01023    ])
Iter time: 28.2870628834
Iter time: 54.6061859131
Iter time: 96.0059051514
37      , -26486.8    , array([ 0.0801937  ,  0.3219     ,  3.83994    ,  0.243959   ,  12.1021    ,  2.28666    ,  0.113364   ,  0.0442512  ,  0.0494915  ,  0.0162241  ,  3.69775    ,  1.01019    ])
Iter time: 29.6864869595
Iter time: 57.2222139835
Iter time: 98.363437891
38      , -26407.9    , array([ 0.0797618  ,  0.322584   ,  3.83622    ,  0.245877   ,  12.1306    ,  2.4039     ,  0.116984   ,  0.0439963  ,  0.0549633  ,  0.0164632  ,  3.68942    ,  1.01015    ])
Iter time: 30.3741490841
Iter time: 58.638698101
Iter time: 100.792139053
39      , -26318.8    , array([ 0.079484   ,  0.323802   ,  3.83327    ,  0.225978   ,  12.1796    ,  2.3324     ,  0.120812   ,  0.0436886  ,  0.0549626  ,  0.0168264  ,  3.68102    ,  1.01009    ])
Iter time: 29.31599617
Iter time: 56.7496809959
Iter time: 97.287984848
40      , -26206.1    , array([ 0.0794213  ,  0.325721   ,  3.83146    ,  0.237744   ,  12.2552    ,  2.33247    ,  0.124785   ,  0.043318   ,  0.055007   ,  0.0131859  ,  3.67276    ,  1.01001    ])
Iter time: 29.5403630733
Iter time: 57.2161641121
Iter time: 98.169451952
41      , -25674.9    , array([ 0.0767231  ,  0.327695   ,  3.80947    ,  0.23539    ,  12.344     ,  2.34103    ,  0.146991   ,  0.0421795  ,  0.0547247  ,  0.0107913  ,  3.62947    ,  1.00985    ])
Iter time: 29.9206340313
Iter time: 57.8006768227
Iter time: 99.4133639336
42      , -26026      , array([ 0.0791951  ,  0.305168   ,  3.82756    ,  0.237401   ,  12.3804    ,  2.33298    ,  0.132365   ,  0.0426834  ,  0.0550645  ,  0.014777   ,  3.65768    ,  1.00987    ])
Iter time: 29.6671738625
Iter time: 59.4056789875
Iter time: 98.662322998
43      , -25982.6    , array([ 0.07382    ,  0.313983   ,  3.68466    ,  0.236453   ,  11.385     ,  2.32875    ,  0.123783   ,  0.0449245  ,  0.0563179  ,  0.014281   ,  3.66639    ,  1.01004    ])
Iter time: 30.2327210903
Iter time: 58.3513069153
Iter time: 100.301815987
44      , -25913.1    , array([ 0.0757365  ,  0.314724   ,  3.80211    ,  0.234124   ,  12.5027    ,  2.35373    ,  0.133715   ,  0.0501241  ,  0.0532026  ,  0.0140733  ,  3.60858    ,  1.01001    ])
Iter time: 29.6611630917
Iter time: 57.3335030079
Iter time: 98.6228289604
45      , -25750.3    , array([ 0.0782563  ,  0.316386   ,  3.786      ,  0.236943   ,  12.5662    ,  2.33237    ,  0.142004   ,  0.0439294  ,  0.0553003  ,  0.0143466  ,  3.6246     ,  1.00987    ])
Iter time: 30.0931971073
Iter time: 58.1125659943
Iter time: 101.944863081
46      , -25621.7    , array([ 0.0762203  ,  0.315544   ,  3.76534    ,  0.234779   ,  12.7098    ,  2.35011    ,  0.146475   ,  0.0472392  ,  0.0533587  ,  0.0139809  ,  3.75142    ,  1.00983    ])
Iter time: 30.7173030376
Iter time: 59.3239810467
Iter time: 113.180500031
47      , -24928.4    , array([ 0.0733686  ,  0.312364   ,  3.71947    ,  0.231739   ,  13.197     ,  2.36818    ,  0.17697    ,  0.0495818  ,  0.0517958  ,  0.0130811  ,  3.82305    ,  1.00963    ])
Iter time: 29.8441531658
Iter time: 57.5957651138
Iter time: 98.9273159504
48      , -25350.2    , array([ 0.0665222  ,  0.315889   ,  3.76427    ,  0.236409   ,  13.0854    ,  2.33547    ,  0.159776   ,  0.0445638  ,  0.0548946  ,  0.0139365  ,  3.65182    ,  1.00965    ])
Iter time: 29.7982940674
Iter time: 57.6553771496
Iter time: 170.558487892
49      , -25108.7    , array([ 0.0746615  ,  0.315568   ,  3.75425    ,  0.236393   ,  13.3643    ,  2.33436    ,  0.171127   ,  0.0443035  ,  0.055017   ,  0.0137394  ,  3.64176    ,  1.01047    ])
Iter time: 30.7888298035
Iter time: 59.5550501347
Iter time: 102.404258013
50      , -25104.5    , array([ 0.0723535  ,  0.313827   ,  3.53286    ,  0.231698   ,  13.2211    ,  2.37371    ,  0.166988   ,  0.0437085  ,  0.0508468  ,  0.0130455  ,  3.60892    ,  1.00978    ])
Iter time: 31.818860054
Iter time: 61.1441328526
Iter time: 105.176902056
51      , -24937.1    , array([ 0.0712232  ,  0.31147    ,  3.65656    ,  0.227748   ,  13.3067    ,  2.40473    ,  0.175751   ,  0.0456613  ,  0.0602669  ,  0.0123555  ,  3.6369     ,  1.00976    ])
Iter time: 30.5512588024
Iter time: 59.046875
Iter time: 101.340661049
52      , -24772.2    , array([ 0.0702703  ,  0.308999   ,  3.63097    ,  0.223106   ,  13.4817    ,  2.28757    ,  0.182268   ,  0.046211   ,  0.0551067  ,  0.0116073  ,  3.63641    ,  1.00974    ])
Iter time: 29.9168951511
Iter time: 57.7281179428
Iter time: 99.6756541729
54      , -24600.2    , array([ 0.0690826  ,  0.305445   ,  3.60107    ,  0.242235   ,  13.6567    ,  2.35009    ,  0.189013   ,  0.0469739  ,  0.0551314  ,  0.0106753  ,  3.63731    ,  1.00974    ])
Iter time: 31.5238909721
Iter time: 60.8386631012
Iter time: 104.562817097
56      , -24444.9    , array([ 0.0688485  ,  0.308574   ,  3.79962    ,  0.227632   ,  11.6827    ,  2.38679    ,  0.2057     ,  0.0442504  ,  0.0510938  ,  0.0108174  ,  3.57565    ,  1.00945    ])
Iter time: 30.8308401108
Iter time: 59.3763170242
Iter time: 102.128092051
58      , -24378.8    , array([ 0.0663597  ,  0.322469   ,  3.59751    ,  0.229208   ,  13.227     ,  2.36623    ,  0.200336   ,  0.0484583  ,  0.0537835  ,  0.0108342  ,  3.63161    ,  1.0098     ])
Iter time: 31.3491401672
Iter time: 60.3456501961
Iter time: 103.719456911
60      , -23981.8    , array([ 0.0699386  ,  0.314813   ,  3.72216    ,  0.228936   ,  14.7475    ,  2.37685    ,  0.232124   ,  0.0466256  ,  0.0521845  ,  0.0107061  ,  3.61723    ,  1.00958    ])
Iter time: 30.8357360363
Iter time: 59.4736759663
Iter time: 102.240581036
62      , -23851.8    , array([ 0.0672699  ,  0.314087   ,  3.59442    ,  0.230352   ,  13.8038    ,  2.35545    ,  0.235571   ,  0.041288   ,  0.0550626  ,  0.0103801  ,  3.67664    ,  1.00955    ])
Iter time: 30.2499308586
Iter time: 58.3412649632
Iter time: 100.21064496
65      , -25274.7    , array([ 0.0742684  ,  0.315298   ,  3.73305    ,  0.234299   ,  12.8989    ,  2.34442    ,  0.162138   ,  0.0445885  ,  0.0546995  ,  0.0129917  ,  3.63568    ,  1.00981    ])
Iter time: 31.7906050682
Iter time: 61.2160379887
Iter time: 105.162566185
66      , -23712.8    , array([ 0.0644016  ,  0.299358   ,  3.54457    ,  0.227863   ,  14.3064    ,  2.37269    ,  0.237001   ,  0.0490118  ,  0.0534886  ,  0.0132291  ,  3.66522    ,  1.00964    ])
Iter time: 32.9786298275
Iter time: 63.4575371742
Iter time: 108.949033022
67      , -22651.8    , array([ 0.059004   ,  0.286122   ,  3.41911    ,  0.22419    ,  15.4017    ,  2.38868    ,  0.30094    ,  0.0528324  ,  0.0528811  ,  0.0146473  ,  3.68323    ,  1.00953    ])
Iter time: 31.9590990543
Iter time: 61.5272610188
Iter time: 105.792964935
68      , -23649.9    , array([ 0.0728073  ,  0.305464   ,  3.53009    ,  0.224882   ,  13.8675    ,  2.38729    ,  0.242302   ,  0.0477243  ,  0.052992   ,  0.0103288  ,  3.64799    ,  1.00982    ])
Iter time: 31.9162678719
Iter time: 61.5604989529
Iter time: 105.813903093
69      , -23437.7    , array([ 0.064998   ,  0.304425   ,  3.5266     ,  0.225361   ,  14.2387    ,  2.38537    ,  0.255306   ,  0.0482413  ,  0.0529006  ,  0.0106643  ,  3.66626    ,  1.00967    ])
Iter time: 30.4813280106
Iter time: 58.8458430767
Iter time: 101.170058966
71      , -24679.8    , array([ 0.0716087  ,  0.31221    ,  3.68116    ,  0.232603   ,  13.4936    ,  2.35165    ,  0.18973    ,  0.0454904  ,  0.0543125  ,  0.0125835  ,  3.64736    ,  1.01007    ])
Iter time: 31.5623018742
Iter time: 60.8404760361
Iter time: 104.494153023
72      , -23257.4    , array([ 0.0650823  ,  0.303764   ,  3.71315    ,  0.22623    ,  14.087     ,  2.36076    ,  0.270681   ,  0.0502495  ,  0.0571628  ,  0.0101203  ,  3.7041     ,  1.00961    ])
Iter time: 30.6957550049
Iter time: 59.1617188454
Iter time: 101.619441986
73      , -23157.9    , array([ 0.0651289  ,  0.304787   ,  3.59673    ,  0.229897   ,  14.13      ,  2.32315    ,  0.276379   ,  0.0488742  ,  0.0478047  ,  0.0103358  ,  3.68684    ,  1.0096     ])
Iter time: 30.8953430653
Iter time: 59.6304519176
Iter time: 102.513162851
75      , -24429.9    , array([ 0.0703393  ,  0.309913   ,  3.66757    ,  0.230199   ,  13.4905    ,  2.36399    ,  0.201195   ,  0.048368   ,  0.0525513  ,  0.0120396  ,  3.7359     ,  1.00965    ])
Iter time: 31.895236969
Iter time: 61.4885828495
Iter time: 105.792277098
76      , -22979.9    , array([ 0.064725   ,  0.30612    ,  3.60791    ,  0.235595   ,  14.1078    ,  2.4477     ,  0.291818   ,  0.048545   ,  0.0511805  ,  0.0106432  ,  3.68163    ,  1.00961    ])
Iter time: 30.8387231827
Iter time: 59.6593401432
Iter time: 102.440513849
78      , -24216.2    , array([ 0.0692014  ,  0.30962    ,  3.6471     ,  0.231051   ,  13.6669    ,  2.36289    ,  0.212968   ,  0.0465435  ,  0.0535738  ,  0.0117441  ,  3.65458    ,  1.00985    ])
Iter time: 33.1079311371
Iter time: 63.8246119022
Iter time: 109.640638113
79      , -22807      , array([ 0.0647565  ,  0.309366   ,  3.63338    ,  0.215746   ,  14.0324    ,  2.40071    ,  0.308412   ,  0.0482026  ,  0.0504123  ,  0.0114343  ,  3.68937    ,  1.00955    ])
Iter time: 31.8129439354
Iter time: 61.1390709877
Iter time: 104.884106874
80      , -22618.8    , array([ 0.0643165  ,  0.306359   ,  3.41793    ,  0.227544   ,  16.9122    ,  2.36608    ,  0.303182   ,  0.0519042  ,  0.0542744  ,  0.0113888  ,  3.77263    ,  1.00985    ])
Iter time: 32.5238530636
Iter time: 146521.614963
Iter time: 156.100440979
82      , -22393.6    , array([ 0.0620211  ,  0.304451   ,  3.49964    ,  0.224573   ,  15.2082    ,  2.38926    ,  0.331897   ,  0.0480473  ,  0.0530536  ,  0.0101384  ,  3.6167     ,  1.00968    ])
Iter time: 57.1518390179
Iter time: 83.9683840275
Iter time: 131.194854021
84      , -22095.7    , array([ 0.0650039  ,  0.289805   ,  3.55142    ,  0.224776   ,  15.8763    ,  2.39085    ,  0.362579   ,  0.0478898  ,  0.0517202  ,  0.0111424  ,  3.718      ,  1.00952    ])
Iter time: 34.9409089088
Iter time: 66.5017461777
Iter time: 113.600440025
85      , -20984.3    , array([ 0.0643365  ,  0.274735   ,  3.5286     ,  0.222593   ,  17.3937    ,  2.40325    ,  0.48778    ,  0.0476081  ,  0.0507184  ,  0.0112998  ,  3.76197    ,  1.00938    ])
Iter time: 33.5408699512
Iter time: 64.3115189075
Iter time: 110.213784933
86      , -21741.4    , array([ 0.0615818  ,  0.295878   ,  3.4839     ,  0.221602   ,  15.9953    ,  2.401      ,  0.39159    ,  0.0500483  ,  0.0514509  ,  0.0102133  ,  3.71252    ,  1.00939    ])
Iter time: 33.5647509098
Iter time: 64.2493708134
Iter time: 110.237645149
87      , -21640.3    , array([ 0.059654   ,  0.288005   ,  3.37622    ,  0.222438   ,  15.0253    ,  2.39093    ,  0.391993   ,  0.0505535  ,  0.0526961  ,  0.0111158  ,  3.76714    ,  1.00962    ])
Iter time: 34.652875185
Iter time: 66.3184080124
Iter time: 113.544320107
88      , -21362.3    , array([ 0.060791   ,  0.28453    ,  3.45991    ,  0.219786   ,  16.281     ,  2.41866    ,  0.420471   ,  0.059048   ,  0.0495774  ,  0.0115966  ,  3.72132    ,  1.00967    ])
Iter time: 33.9369709492
Iter time: 64.7807569504
Iter time: 110.489653826
89      , -21197.7    , array([ 0.0545041  ,  0.28912    ,  3.51118    ,  0.224274   ,  16.6455    ,  2.39161    ,  0.448124   ,  0.0529299  ,  0.0509459  ,  0.0118812  ,  3.763      ,  1.00937    ])
Iter time: 33.9671649933
Iter time: 65.0031599998
Iter time: 111.315931082
90      , -21046.2    , array([ 0.059287   ,  0.287623   ,  3.51209    ,  0.223617   ,  16.639     ,  2.39457    ,  0.467107   ,  0.0531785  ,  0.0507147  ,  0.0117165  ,  3.76054    ,  1.00948    ])
Iter time: 34.9341430664
Iter time: 66.3144919872
Iter time: 113.909978867
91      , -20883.2    , array([ 0.0582969  ,  0.285638   ,  3.30483    ,  0.222327   ,  17.2914    ,  2.42528    ,  0.482517   ,  0.0515375  ,  0.0460063  ,  0.0126515  ,  3.73152    ,  1.00951    ])
Iter time: 36.8197700977
Iter time: 70.1543560028
Iter time: 119.202963829
92      , -19826.8    , array([ 0.0551743  ,  0.276985   ,  3.11784    ,  0.220401   ,  19.1574    ,  2.45819    ,  0.644228   ,  0.0521937  ,  0.0412733  ,  0.0141454  ,  3.74531    ,  1.00947    ])
Iter time: 36.9729399681
Iter time: 70.2631180286
Iter time: 120.026054144
93      , -20423.6    , array([ 0.0566668  ,  0.280177   ,  3.33152    ,  0.217248   ,  18.1359    ,  2.48785    ,  0.544153   ,  0.0535712  ,  0.0536817  ,  0.0130527  ,  3.75883    ,  1.0095     ])
Iter time: 36.4915030003
Iter time: 69.3617777824
Iter time: 118.357931137
94      , -20176.8    , array([ 0.0557707  ,  0.274871   ,  3.27738    ,  0.209149   ,  18.941     ,  2.36767    ,  0.571761   ,  0.0548274  ,  0.0505413  ,  0.0131143  ,  3.77719    ,  1.00948    ])
Iter time: 33.7860078812
Iter time: 64.8036119938
Iter time: 111.532913208
96      , -22051.8    , array([ 0.0619881  ,  0.298093   ,  3.51953    ,  0.218557   ,  15.3359    ,  2.40264    ,  0.364181   ,  0.0501362  ,  0.050641   ,  0.0116893  ,  3.71282    ,  1.00954    ])
Iter time: 33.7587580681
Iter time: 64.7209129333
Iter time: 111.232227802
98      , -21949.1    , array([ 0.0592925  ,  0.287166   ,  3.4183     ,  0.222557   ,  16.0639    ,  2.3972     ,  0.362613   ,  0.0523743  ,  0.0517727  ,  0.0131063  ,  3.71097    ,  1.00953    ])
Iter time: 37.5685629845
Iter time: 71.4531219006
Iter time: 121.763302803
99      , -19932.5    , array([ 0.0544537  ,  0.268235   ,  3.4171     ,  0.213728   ,  16.4565    ,  2.4514     ,  0.648734   ,  0.0520143  ,  0.0469669  ,  0.0123623  ,  3.69534    ,  1.00917    ])
Iter time: 37.7585000992
Iter time: 71.8130919933
Iter time: 122.551738024
100     , -19728.7    , array([ 0.0552575  ,  0.264279   ,  3.32407    ,  0.214777   ,  18.5425    ,  2.43804    ,  0.662641   ,  0.0569375  ,  0.0470817  ,  0.0143537  ,  3.86851    ,  1.00925    ])
Iter time: 37.2988088131
Iter time: 70.6268081665
Iter time: 120.201915979
102     , -19668.9    , array([ 0.0542379  ,  0.264553   ,  3.27395    ,  0.220048   ,  18.9794    ,  2.43037    ,  0.667253   ,  0.0557344  ,  0.0487293  ,  0.0128827  ,  3.79424    ,  1.00934    ])
Iter time: 37.8591718674
Iter time: 71.5697119236
Iter time: 121.846350908
104     , -19415.7    , array([ 0.0558678  ,  0.270891   ,  3.34676    ,  0.215685   ,  18.63      ,  2.44148    ,  0.741833   ,  0.0539085  ,  0.0471852  ,  0.0114569  ,  3.8102     ,  1.00932    ])
Iter time: 38.5554709435
Iter time: 72.869768858
Iter time: 123.548450947
106     , -19232.4    , array([ 0.052925   ,  0.259077   ,  3.26183    ,  0.21564    ,  19.1914    ,  2.44442    ,  0.764123   ,  0.0571169  ,  0.0468004  ,  0.0149866  ,  3.82513    ,  1.00945    ])
Iter time: 34.6857430935
Iter time: 66.356415987
Iter time: 113.505712032
109     , -20919.6    , array([ 0.0580674  ,  0.281138   ,  3.36879    ,  0.220226   ,  16.3914    ,  2.40894    ,  0.47612    ,  0.0522544  ,  0.0506003  ,  0.0118739  ,  3.77017    ,  1.00951    ])
Iter time: 38.403026104
Iter time: 72.394616127
Iter time: 123.017814159
110     , -19140.7    , array([ 0.0521546  ,  0.26417    ,  3.25114    ,  0.216372   ,  19.6617    ,  2.43389    ,  0.812026   ,  0.0484102  ,  0.0477803  ,  0.0139275  ,  3.83414    ,  1.00911    ])
Iter time: 40.0326008797
Iter time: 75.4959349632
Iter time: 128.034494162
112     , -18971.2    , array([ 0.057745   ,  0.256095   ,  3.16284    ,  0.210778   ,  19.7724    ,  2.46863    ,  0.841272   ,  0.0532085  ,  0.0460023  ,  0.0139587  ,  3.80352    ,  1.00937    ])
Iter time: 35.4037218094
Iter time: 67.4937679768
Iter time: 115.485401869
115     , -20432.7    , array([ 0.0576087  ,  0.278407   ,  3.4062     ,  0.219955   ,  17.4995    ,  2.41519    ,  0.548831   ,  0.0531249  ,  0.0493485  ,  0.0123735  ,  3.77364    ,  1.00942    ])
Iter time: 39.9564609528
Iter time: 75.2711808681
Iter time: 127.544770002
116     , -18737.6    , array([ 0.0478171  ,  0.264924   ,  3.07462    ,  0.20987    ,  19.4936    ,  2.47121    ,  0.869426   ,  0.060253   ,  0.0452566  ,  0.0153419  ,  3.81374    ,  1.00935    ])
Iter time: 36.0405361652
Iter time: 68.6603028774
Iter time: 117.226037979
119     , -20256.4    , array([ 0.056294   ,  0.274722   ,  3.31842    ,  0.217735   ,  17.4991    ,  2.4255     ,  0.570978   ,  0.0532174  ,  0.0490082  ,  0.0126378  ,  3.78077    ,  1.00943    ])
Iter time: 40.2005519867
Iter time: 75.7145838737
Iter time: 128.606570005
120     , -18859.7    , array([ 0.0515019  ,  0.25828    ,  3.12335    ,  0.210333   ,  19.9436    ,  2.47123    ,  0.859939   ,  0.055309   ,  0.0456031  ,  0.0146735  ,  3.81043    ,  1.00929    ])
Iter time: 39.4920408726
Iter time: 74.2389621735
Iter time: 125.479504824
121     , -18618.3    , array([ 0.0515306  ,  0.253191   ,  3.1592     ,  0.211809   ,  19.5509    ,  2.39637    ,  0.936073   ,  0.0551408  ,  0.0407978  ,  0.0141841  ,  3.83415    ,  1.00917    ])
Iter time: 37.2031850815
Iter time: 70.3642730713
Iter time: 119.792263985
124     , -19792.2    , array([ 0.0549515  ,  0.269582   ,  3.2744     ,  0.215869   ,  18.2365    ,  2.43235    ,  0.651647   ,  0.0538605  ,  0.0475261  ,  0.0131765  ,  3.79074    ,  1.00937    ])
Iter time: 40.5463581085
Iter time: 76.2055640221
Iter time: 129.163321018
125     , -18546.2    , array([ 0.0514656  ,  0.253769   ,  3.1847     ,  0.220159   ,  18.949     ,  2.52426    ,  0.988699   ,  0.0540367  ,  0.0415999  ,  0.014403   ,  3.82672    ,  1.00914    ])
Iter time: 51.1373641491
Iter time: 96.0114848614
Iter time: 163.082352161
126     , -17867.5    , array([ 0.0494393  ,  0.243834   ,  3.13936    ,  0.225879   ,  18.953     ,  2.60639    ,  1.30014    ,  0.0536456  ,  0.0377412  ,  0.015094   ,  3.85173    ,  1.00897    ])
Iter time: 37.9633951187
Iter time: 71.97965312
Iter time: 122.548784018
128     , -19525.6    , array([ 0.0537955  ,  0.265108   ,  3.31088    ,  0.214649   ,  17.7612    ,  2.45432    ,  0.718924   ,  0.0532773  ,  0.0459858  ,  0.0131435  ,  3.75471    ,  1.00923    ])
Iter time: 41.0965540409
Iter time: 77.1551890373
Iter time: 130.641219139
129     , -18423.3    , array([ 0.0509755  ,  0.246057   ,  3.33392    ,  0.209926   ,  18.9408    ,  2.45563    ,  1.00346    ,  0.057252   ,  0.050011   ,  0.0136369  ,  3.88768    ,  1.00907    ])
Iter time: 38.0648889542
Iter time: 72.0859057903
Iter time: 122.533112049
131     , -19386      , array([ 0.0538153  ,  0.264281   ,  3.25157    ,  0.215233   ,  18.6676    ,  2.44557    ,  0.736976   ,  0.0543992  ,  0.0465663  ,  0.0135473  ,  3.80727    ,  1.00931    ])
Iter time: 41.5522868633
Iter time: 77.7803418636
Iter time: 131.616243124
132     , -18281.1    , array([ 0.0500446  ,  0.253993   ,  3.12497    ,  0.214499   ,  19.7149    ,  2.48114    ,  1.0671     ,  0.0526175  ,  0.0441342  ,  0.0133866  ,  3.7697     ,  1.00925    ])
Iter time: 43.8051800728
Iter time: 82.02967906
Iter time: 138.626029968
133     , -18124.3    , array([ 0.0503061  ,  0.252012   ,  3.14827    ,  0.208472   ,  19.3836    ,  2.49755    ,  1.14599    ,  0.0532401  ,  0.0419438  ,  0.0150108  ,  3.83934    ,  1.00914    ])
Iter time: 38.9507131577
Iter time: 73.5131380558
Iter time: 124.892171144
135     , -19122.9    , array([ 0.0528616  ,  0.261083   ,  3.25347    ,  0.214155   ,  18.5245    ,  2.46081    ,  0.808437   ,  0.0538703  ,  0.0454215  ,  0.0135945  ,  3.78911    ,  1.00923    ])
Iter time: 38.8468999863
Iter time: 73.2703399658
Iter time: 124.845707893
137     , -19057.6    , array([ 0.0537462  ,  0.26351    ,  3.2672     ,  0.214607   ,  18.9677    ,  2.45517    ,  0.824164   ,  0.0541869  ,  0.0459371  ,  0.0127831  ,  3.81612    ,  1.00927    ])
Iter time: 39.0738551617
Iter time: 73.7041368484
Iter time: 125.035907984
139     , -19030.6    , array([ 0.0527468  ,  0.260243   ,  3.22104    ,  0.214356   ,  18.9995    ,  2.45763    ,  0.825297   ,  0.054424   ,  0.045609   ,  0.0138669  ,  3.81502    ,  1.00927    ])
Iter time: 43.2799701691
Iter time: 81.0439791679
Iter time: 136.851917028
140     , -18162.4    , array([ 0.0504741  ,  0.253679   ,  3.11478    ,  0.211136   ,  19.4515    ,  2.49759    ,  1.13226    ,  0.0514894  ,  0.0424561  ,  0.0132703  ,  3.81876    ,  1.00896    ])
Iter time: 43.5014610291
Iter time: 81.5334529877
Iter time: 137.791110992
141     , -18066.9    , array([ 0.0509408  ,  0.247113   ,  3.10279    ,  0.209565   ,  18.9521    ,  2.51921    ,  1.12617    ,  0.0613774  ,  0.0407746  ,  0.0141649  ,  3.80724    ,  1.00927    ])
Iter time: 39.8874490261
Iter time: 75.0321290493
Iter time: 127.035228968
143     , -18807.6    , array([ 0.0521183  ,  0.257685   ,  3.2082     ,  0.213354   ,  18.9281    ,  2.4709     ,  0.891486   ,  0.0544843  ,  0.0445746  ,  0.0138419  ,  3.80561    ,  1.00921    ])
Iter time: 45.5893919468
Iter time: 85.3545517921
Iter time: 144.077007055
144     , -17956.1    , array([ 0.0488771  ,  0.244559   ,  3.05394    ,  0.210321   ,  19.7136    ,  2.50983    ,  1.18805    ,  0.0560907  ,  0.0414461  ,  0.0157465  ,  3.8265     ,  1.00911    ])
Iter time: 48.4348490238
Iter time: 90.8435471058
Iter time: 153.041344166
145     , -17815.3    , array([ 0.0491747  ,  0.245076   ,  3.07032    ,  0.209901   ,  19.8021    ,  2.51612    ,  1.26069    ,  0.0561278  ,  0.0410837  ,  0.0148267  ,  3.82952    ,  1.0091     ])
Iter time: 50.4768161774
Iter time: 94.6510448456
Iter time: 160.283816099
147     , -17682.4    , array([ 0.0437316  ,  0.247228   ,  3.11139    ,  0.213316   ,  19.0327    ,  2.51288    ,  1.32301    ,  0.0579234  ,  0.039972   ,  0.014878   ,  3.84547    ,  1.00894    ])
Iter time: 63.5511419773
Iter time: 119.123641014
Iter time: 201.271635056
148     , -17123.4    , array([ 0.0380571  ,  0.24291    ,  3.08597    ,  0.214596   ,  18.6733    ,  2.5353     ,  1.65911    ,  0.0604353  ,  0.0372601  ,  0.0153601  ,  3.86662    ,  1.00873    ])
Iter time: 55.0327270031
Iter time: 103.214524984
Iter time: 174.41636014
149     , -17507.1    , array([ 0.0466217  ,  0.242642   ,  3.14441    ,  0.214483   ,  18.6634    ,  2.52096    ,  1.44411    ,  0.0565529  ,  0.0389866  ,  0.0142615  ,  3.84787    ,  1.00893    ])
Iter time: 58.083548069
Iter time: 109.160976171
Iter time: 183.930045128
150     , -17356.7    , array([ 0.0452225  ,  0.240776   ,  3.05101    ,  0.211632   ,  19.6187    ,  2.52974    ,  1.50962    ,  0.0577665  ,  0.0390056  ,  0.0151937  ,  3.85984    ,  1.00896    ])
Iter time: 65.2400889397
Iter time: 122.042552948
Iter time: 206.218632936
151     , -17228.4    , array([ 0.048834   ,  0.230496   ,  3.17949    ,  0.215446   ,  19.0699    ,  2.53932    ,  1.69702    ,  0.0518703  ,  0.0374777  ,  0.013686   ,  3.85933    ,  1.00876    ])
Iter time: 69.1338298321
Iter time: 129.671649933
Iter time: 219.450294018
152     , -17122.1    , array([ 0.0449107  ,  0.237432   ,  3.09766    ,  0.214081   ,  18.9352    ,  2.64402    ,  1.7405     ,  0.0561046  ,  0.0409897  ,  0.0147153  ,  3.84297    ,  1.00887    ])
Iter time: 97.8310508728
Iter time: 184.661969185
Iter time: 311.910908937
153     , -16554.5    , array([ 0.0419269  ,  0.229924   ,  3.06734    ,  0.215225   ,  18.6347    ,  2.77729    ,  2.37331    ,  0.0565928  ,  0.041086   ,  0.0149883  ,  3.84739    ,  1.00872    ])
Iter time: 74.4479501247
Iter time: 139.599243879
Iter time: 235.881273985
154     , -17007.6    , array([ 0.0439449  ,  0.24157    ,  2.89484    ,  0.2169     ,  19.4922    ,  2.6337     ,  1.87409    ,  0.0539315  ,  0.0323607  ,  0.0155486  ,  3.78349    ,  1.00891    ])
Iter time: 76.3542480469
Iter time: 143.437263966
Iter time: 242.830940962
155     , -16890.2    , array([ 0.0438032  ,  0.232075   ,  3.04928    ,  0.21267    ,  18.6913    ,  2.63268    ,  1.93576    ,  0.0589235  ,  0.0348216  ,  0.0162396  ,  3.90427    ,  1.00868    ])
Iter time: 79.0118649006
Iter time: 148.253000021
Iter time: 250.741703987
156     , -16783.6    , array([ 0.0424164  ,  0.228941   ,  3.04843    ,  0.216319   ,  18.819     ,  2.6384     ,  1.99492    ,  0.0615834  ,  0.0350214  ,  0.0169426  ,  3.86837    ,  1.00892    ])
Iter time: 86.133054018
Iter time: 161.801070929
Iter time: 273.610102892
157     , -16634.9    , array([ 0.041365   ,  0.226796   ,  2.99985    ,  0.220436   ,  18.7921    ,  2.66267    ,  2.16182    ,  0.0610209  ,  0.0343994  ,  0.0152834  ,  3.85247    ,  1.00871    ])
Iter time: 97.9102828503
Iter time: 183.79981184
Iter time: 310.945551157
158     , -16517.4    , array([ 0.0394564  ,  0.228009   ,  3.02676    ,  0.221143   ,  19.1928    ,  2.66426    ,  2.45244    ,  0.0528796  ,  0.0343971  ,  0.0164026  ,  3.8926     ,  1.00848    ])
Iter time: 148.233741045
Iter time: 278.037134171
Iter time: 470.050608158
159     , -16023.1    , array([ 0.034725   ,  0.219018   ,  2.98945    ,  0.227169   ,  19.3143    ,  2.73988    ,  3.61905    ,  0.0490826  ,  0.0315928  ,  0.0176507  ,  3.936      ,  1.00808    ])
Iter time: 112.707208157
Iter time: 212.135539055
Iter time: 359.854836941
160     , -16297.6    , array([ 0.0388448  ,  0.226193   ,  3.06425    ,  0.223196   ,  18.3886    ,  2.71359    ,  2.79893    ,  0.0565907  ,  0.0323429  ,  0.0150385  ,  3.89126    ,  1.00846    ])
Iter time: 114.707864046
Iter time: 214.893656969
Iter time: 363.60155797
161     , -16091.8    , array([ 0.0368901  ,  0.224044   ,  2.96887    ,  0.207409   ,  19.0305    ,  2.63068    ,  2.90629    ,  0.0596994  ,  0.0346158  ,  0.0156789  ,  3.87236    ,  1.00853    ])
Iter time: 140.443800926
Iter time: 264.107362986
Iter time: 445.879580975
162     , -15985.6    , array([ 0.0353537  ,  0.219599   ,  3.01868    ,  0.222753   ,  18.0942    ,  2.74535    ,  3.44487    ,  0.057649   ,  0.0309045  ,  0.016111   ,  3.90204    ,  1.0083     ])
WARNING:Numerics:Extrapolation may have failed. Check resulting frequency spectrum for unexpected results.
WARNING:Inference:Model is masked in some entries where data is not.
WARNING:Inference:Number of affected entries is 86. Sum of data in those entries is 0.0550629:
Iter time: 238.761806965
Iter time: 450.083344936
Iter time: 763.478587866
0.0550629152665 9454.98941724
163     , -15543.5    , array([ 0.0299766  ,  0.207872   ,  2.99318    ,  0.229471   ,  17.2964    ,  2.86769    ,  5.69449    ,  0.058425   ,  0.0268038  ,  0.0167943  ,  3.93881    ,  1.00791    ])
Iter time: 156.881485939
Iter time: 296.165297031
Iter time: 499.93552494
164     , -15889      , array([ 0.0346434  ,  0.216158   ,  2.92343    ,  0.220463   ,  18.9563    ,  2.79956    ,  3.78001    ,  0.057527   ,  0.0305953  ,  0.0172122  ,  3.89858    ,  1.00829    ])
Iter time: 175.768119097
Iter time: 331.069052219
Iter time: 561.480861902
165     , -15828.3    , array([ 0.0341638  ,  0.213952   ,  2.99155    ,  0.22496    ,  17.9303    ,  2.83737    ,  4.2137     ,  0.0562795  ,  0.0293674  ,  0.0164955  ,  3.89297    ,  1.00815    ])
WARNING:Numerics:Extrapolation may have failed. Check resulting frequency spectrum for unexpected results.
Iter time: 184.633358002
Iter time: 347.96321702
Iter time: 590.660642147
166     , -15683      , array([ 0.0298084  ,  0.220737   ,  2.84167    ,  0.222576   ,  18.2579    ,  2.87945    ,  4.36186    ,  0.0635349  ,  0.0293473  ,  0.0188915  ,  3.89912    ,  1.00825    ])
WARNING:Inference:Model is masked in some entries where data is not.
WARNING:Inference:Number of affected entries is 58. Sum of data in those entries is 0.0200424:
Iter time: 227.427541018
Iter time: 428.273211002
Iter time: 726.828253031
0.0200423657841 9454.98941724
167     , -15705      , array([ 0.0367234  ,  0.206142   ,  2.88781    ,  0.224821   ,  18.5759    ,  2.94584    ,  5.24143    ,  0.0549871  ,  0.0283673  ,  0.0174232  ,  3.8972     ,  1.00821    ])
Iter time: 99.4807670116
Iter time: 186.637794971
Iter time: 315.902563095
169     , -16502.3    , array([ 0.04023    ,  0.230969   ,  2.9394     ,  0.218596   ,  19.0152    ,  2.69538    ,  2.45379    ,  0.0558033  ,  0.0322582  ,  0.0160246  ,  3.8371     ,  1.00866    ])
WARNING:Inference:Model is masked in some entries where data is not.
WARNING:Inference:Number of affected entries is 76. Sum of data in those entries is 0.05506:
Iter time: 237.885575056
Iter time: 448.470144987
Iter time: 756.793334007
0.0550599754073 9454.98941724
170     , -15583.5    , array([ 0.0305294  ,  0.20997    ,  2.90356    ,  0.229264   ,  18.4624    ,  2.9017     ,  5.5473     ,  0.0560696  ,  0.0293188  ,  0.0167579  ,  3.86751    ,  1.00813    ])
WARNING:Numerics:Extrapolation may have failed. Check resulting frequency spectrum for unexpected results.
WARNING:Inference:Model is masked in some entries where data is not.
WARNING:Inference:Number of affected entries is 130. Sum of data in those entries is 0.10513:
Iter time: 274.919479132
Iter time: 518.59030509
Iter time: 879.411556005
0.105130375471 9454.98941724
171     , -15575.6    , array([ 0.0298461  ,  0.209799   ,  2.88089    ,  0.227592   ,  18.2787    ,  2.94168    ,  6.3831     ,  0.0528158  ,  0.0283006  ,  0.0160333  ,  3.90326    ,  1.00776    ])
WARNING:Inference:Model is masked in some entries where data is not.
WARNING:Inference:Number of affected entries is 178. Sum of data in those entries is 0.0556903:
Iter time: 305.664541006
Iter time: 577.170240879
Iter time: 978.557417154
0.0556902948398 9454.98941724
172     , -15557.2    , array([ 0.0289844  ,  0.209051   ,  2.90787    ,  0.224533   ,  18.2206    ,  2.96367    ,  7.05518    ,  0.052035   ,  0.0278903  ,  0.0179164  ,  3.92794    ,  1.00782    ])
WARNING:Numerics:Extrapolation may have failed. Check resulting frequency spectrum for unexpected results.
WARNING:Inference:Model is masked in some entries where data is not.
WARNING:Inference:Number of affected entries is 226. Sum of data in those entries is 0.116991:
Iter time: 325.248610973
Iter time: 612.173966885
Iter time: 1038.42034388
0.116990983179 9454.98941724
173     , -15546.2    , array([ 0.0268895  ,  0.202961   ,  2.81869    ,  0.231597   ,  18.3059    ,  2.87229    ,  7.70605    ,  0.0553269  ,  0.0218912  ,  0.0188206  ,  3.94672    ,  1.00766    ])
WARNING:Numerics:Extrapolation may have failed. Check resulting frequency spectrum for unexpected results.
WARNING:Inference:Model is masked in some entries where data is not.
WARNING:Inference:Number of affected entries is 313. Sum of data in those entries is 0.337605:
Iter time: 392.568321943
Iter time: 741.217988968
Iter time: 1259.29606819
0.337605429707 9454.98941724
174     , -18229.7    , array([ 0.0262038  ,  0.197736   ,  2.9209     ,  0.230232   ,  17.8262    ,  2.9911     ,  9.01946    ,  0.0560295  ,  0.0261373  ,  0.0180818  ,  3.97593    ,  1.00755    ])
Iter time: 139.332892895
Iter time: 262.25118494
Iter time: 444.641468048
175     , -16037      , array([ 0.0361413  ,  0.222171   ,  2.93476    ,  0.221449   ,  18.7107    ,  2.76645    ,  3.39761    ,  0.0558598  ,  0.0306052  ,  0.0165158  ,  3.87135    ,  1.00838    ])
WARNING:Numerics:Extrapolation may have failed. Check resulting frequency spectrum for unexpected results.
WARNING:Inference:Model is masked in some entries where data is not.
WARNING:Inference:Number of affected entries is 253. Sum of data in those entries is 0.469883:
Iter time: 356.223049879
Iter time: 671.734513998
Iter time: 1140.48093414
0.469883347563 9454.98941724
176     , -15574      , array([ 0.0268139  ,  0.201309   ,  2.7818     ,  0.225193   ,  18.4871    ,  2.98059    ,  8.1669     ,  0.0551304  ,  0.0258301  ,  0.0195707  ,  3.91725    ,  1.00773    ])
WARNING:Numerics:Extrapolation may have failed. Check resulting frequency spectrum for unexpected results.
WARNING:Inference:Model is masked in some entries where data is not.
WARNING:Inference:Number of affected entries is 311. Sum of data in those entries is 0.259152:
Iter time: 424.759085178
Iter time: 805.573423147
Iter time: 1364.32132912
0.2591523294 9454.98941724
177     , -17386.9    , array([ 0.0267727  ,  0.199648   ,  2.84019    ,  0.245678   ,  17.7775    ,  3.1392     ,  9.34321    ,  0.0515706  ,  0.0229847  ,  0.019478   ,  3.94393    ,  1.00754    ])
Iter time: 159.037738085
Iter time: 298.524985075
Iter time: 505.536638021
178     , -15808.1    , array([ 0.0340491  ,  0.217679   ,  2.93617    ,  0.216378   ,  18.7092    ,  2.74951    ,  3.8916     ,  0.0575543  ,  0.0312475  ,  0.0165528  ,  3.89013    ,  1.00828    ])
WARNING:Numerics:Extrapolation may have failed. Check resulting frequency spectrum for unexpected results.
WARNING:Inference:Model is masked in some entries where data is not.
WARNING:Inference:Number of affected entries is 262. Sum of data in those entries is 0.472235:
Iter time: 356.134840965
Iter time: 671.514262915
Iter time: 1139.61156607
0.472235133217 9454.98941724
179     , -15830.6    , array([ 0.0270571  ,  0.200646   ,  2.87343    ,  0.229215   ,  18.081     ,  2.98208    ,  8.17499    ,  0.0553906  ,  0.0260867  ,  0.0184978  ,  3.94815    ,  1.00766    ])
WARNING:Numerics:Extrapolation may have failed. Check resulting frequency spectrum for unexpected results.
WARNING:Inference:Model is masked in some entries where data is not.
WARNING:Inference:Number of affected entries is 308. Sum of data in those entries is 0.583651:
Iter time: 389.027192116
Iter time: 734.973376036
Iter time: 1248.23486209
0.583651218382 9454.98941724
180     , -19950.5    , array([ 0.0270136  ,  0.200584   ,  2.80232    ,  0.223778   ,  17.3245    ,  3.05381    ,  8.7912     ,  0.064322   ,  0.0244775  ,  0.0174442  ,  3.88529    ,  1.0079     ])
Iter time: 188.506527185
Iter time: 357.426099062
Iter time: 603.759621859
181     , -15772.9    , array([ 0.032612   ,  0.214256   ,  2.94153    ,  0.226317   ,  18.7964    ,  2.8152     ,  4.51812    ,  0.0525152  ,  0.0296403  ,  0.0175989  ,  3.92326    ,  1.00803    ])
WARNING:Numerics:Extrapolation may have failed. Check resulting frequency spectrum for unexpected results.
WARNING:Inference:Model is masked in some entries where data is not.
WARNING:Inference:Number of affected entries is 308. Sum of data in those entries is 0.569179:
Iter time: 378.166217804
Iter time: 714.302952051
Iter time: 1212.83174896
0.569178560446 9454.98941724
182     , -19203.8    , array([ 0.0268059  ,  0.202939   ,  2.86855    ,  0.231595   ,  17.6267    ,  2.99148    ,  8.67084    ,  0.0540527  ,  0.0251422  ,  0.0179551  ,  3.9267     ,  1.00764    ])
Iter time: 195.612854958
Iter time: 368.870715857
Iter time: 623.093062878
183     , -15707      , array([ 0.0324918  ,  0.212775   ,  2.90961    ,  0.223194   ,  18.6148    ,  2.84636    ,  4.65195    ,  0.056638   ,  0.0291301  ,  0.017395   ,  3.9056     ,  1.00813    ])
Iter time: 150.641196966
Iter time: 283.336199045
Iter time: 479.941395998
184     , -15950.2    , array([ 0.0353849  ,  0.220777   ,  2.92456    ,  0.221765   ,  18.5698    ,  2.78667    ,  3.6497     ,  0.0563462  ,  0.0300349  ,  0.0165368  ,  3.87041    ,  1.00835    ])
WARNING:Inference:Model is masked in some entries where data is not.
WARNING:Inference:Number of affected entries is 148. Sum of data in those entries is 0.0558792:
Iter time: 287.066649914
Iter time: 540.878426075
Iter time: 917.669398069
0.0558791682787 9454.98941724
185     , -15508.3    , array([ 0.0289345  ,  0.2055     ,  2.88613    ,  0.22733    ,  18.202     ,  2.93198    ,  6.68236    ,  0.055628   ,  0.0270222  ,  0.0179868  ,  3.92857    ,  1.00783    ])
WARNING:Numerics:Extrapolation may have failed. Check resulting frequency spectrum for unexpected results.
WARNING:Inference:Model is masked in some entries where data is not.
WARNING:Inference:Number of affected entries is 221. Sum of data in those entries is 0.115582:
Iter time: 331.988912821
Iter time: 623.146301985
Iter time: 1056.88303208
0.115582266019 9454.98941724
186     , -15508.3    , array([ 0.0272589  ,  0.205661   ,  2.79234    ,  0.226355   ,  18.7729    ,  2.94485    ,  7.64645    ,  0.0553488  ,  0.0263122  ,  0.0188136  ,  3.93123    ,  1.0078     ])
WARNING:Numerics:Extrapolation may have failed. Check resulting frequency spectrum for unexpected results.
WARNING:Inference:Model is masked in some entries where data is not.
WARNING:Inference:Number of affected entries is 310. Sum of data in those entries is 0.253311:
Iter time: 414.142801046
Iter time: 782.398729086
Iter time: 1327.65342999
0.253310803697 9454.98941724
187     , -15586.2    , array([ 0.0263554  ,  0.200236   ,  2.82129    ,  0.237108   ,  18.0016    ,  3.07391    ,  9.26581    ,  0.0537715  ,  0.0240305  ,  0.0191528  ,  3.941      ,  1.0076     ])
WARNING:Numerics:Extrapolation may have failed. Check resulting frequency spectrum for unexpected results.
WARNING:Inference:Model is masked in some entries where data is not.
WARNING:Inference:Number of affected entries is 315. Sum of data in those entries is 0.726542:
Iter time: 398.160650969
Iter time: 752.662963152
Iter time: 1278.1841538
0.726542302554 9454.98941724
188     , -15531.5    , array([ 0.026557   ,  0.201152   ,  2.79663    ,  0.228462   ,  17.7895    ,  3.0465     ,  8.99582    ,  0.0591638  ,  0.024463   ,  0.0182702  ,  3.91066    ,  1.00777    ])
WARNING:Numerics:Extrapolation may have failed. Check resulting frequency spectrum for unexpected results.
WARNING:Inference:Model is masked in some entries where data is not.
WARNING:Inference:Number of affected entries is 339. Sum of data in those entries is 0.329451:
Iter time: 432.135466814
Iter time: 815.752115011
Iter time: 1385.67663693
0.329450542054 9454.98941724
189     , -15482.5    , array([ 0.0257742  ,  0.200665   ,  2.80871    ,  0.23256    ,  17.8278    ,  3.04748    ,  9.75211    ,  0.0552575  ,  0.0241775  ,  0.0186363  ,  3.9292     ,  1.00762    ])
WARNING:Numerics:Extrapolation may have failed. Check resulting frequency spectrum for unexpected results.
WARNING:Inference:Model is masked in some entries where data is not.
WARNING:Inference:Number of affected entries is 325. Sum of data in those entries is 0.263796:
Iter time: 414.202548981
Iter time: 783.035423994
Iter time: 1328.09719801
0.263796222479 9454.98941724
191     , -15454.2    , array([ 0.0214976  ,  0.206194   ,  2.81684    ,  0.232184   ,  17.7431    ,  2.96125    ,  9.59898    ,  0.0569631  ,  0.0241751  ,  0.018816   ,  3.94303    ,  1.00744    ])
WARNING:Inference:Model is masked in some entries where data is not.
WARNING:Inference:Number of affected entries is 84. Sum of data in those entries is 0.0550629:
Iter time: 246.011685848
Iter time: 463.920130968
Iter time: 787.370362997
0.0550628692202 9454.98941724
194     , -15534.7    , array([ 0.0285488  ,  0.212723   ,  2.84584    ,  0.225902   ,  18.1846    ,  2.91966    ,  5.74814    ,  0.05936    ,  0.0274993  ,  0.0184916  ,  3.91139    ,  1.008      ])
WARNING:Inference:Model is masked in some entries where data is not.
WARNING:Inference:Number of affected entries is 84. Sum of data in those entries is 0.0550629:
Iter time: 238.974292994
Iter time: 449.000416994
Iter time: 762.783523083
0.0550628692202 9454.98941724
195     , -15480      , array([ 0.0287469  ,  0.212006   ,  2.8832     ,  0.219926   ,  18.2529    ,  2.82679    ,  5.71906    ,  0.0581509  ,  0.0282585  ,  0.0170055  ,  3.90158    ,  1.00798    ])
WARNING:Numerics:Extrapolation may have failed. Check resulting frequency spectrum for unexpected results.
WARNING:Inference:Model is masked in some entries where data is not.
WARNING:Inference:Number of affected entries is 320. Sum of data in those entries is 0.26377:
Iter time: 418.740771055
Iter time: 791.102958918
Iter time: 1336.67883515
0.263770453793 9454.98941724
196     , -15708.4    , array([ 0.024569   ,  0.202502   ,  2.79823    ,  0.225879   ,  17.7635    ,  2.98154    ,  9.60138    ,  0.0561072  ,  0.0230197  ,  0.0194833  ,  3.98154    ,  1.00742    ])
WARNING:Numerics:Extrapolation may have failed. Check resulting frequency spectrum for unexpected results.
WARNING:Inference:Model is masked in some entries where data is not.
WARNING:Inference:Number of affected entries is 129. Sum of data in those entries is 0.10513:
Iter time: 273.151028872
Iter time: 513.790273905
Iter time: 871.372822046
0.105129740045 9454.98941724
197     , -15513.3    , array([ 0.0289158  ,  0.208078   ,  2.87686    ,  0.228413   ,  18.2851    ,  2.92146    ,  6.36275    ,  0.056079   ,  0.0275984  ,  0.0174012  ,  3.89571    ,  1.00795    ])
WARNING:Numerics:Extrapolation may have failed. Check resulting frequency spectrum for unexpected results.
WARNING:Inference:Model is masked in some entries where data is not.
WARNING:Inference:Number of affected entries is 269. Sum of data in those entries is 0.472243:
Iter time: 358.091431141
Iter time: 675.406672001
Iter time: 1146.1002481
0.472242737362 9454.98941724
198     , -16056.4    , array([ 0.0249992  ,  0.20239    ,  2.81959    ,  0.227676   ,  17.943     ,  2.93764    ,  8.33973    ,  0.060162   ,  0.0237483  ,  0.0206436  ,  3.94379    ,  1.00783    ])
WARNING:Inference:Model is masked in some entries where data is not.
WARNING:Inference:Number of affected entries is 157. Sum of data in those entries is 0.055648:
Iter time: 294.023145914
Iter time: 554.311628103
Iter time: 940.304505825
0.0556479712496 9454.98941724
199     , -15517.1    , array([ 0.0285527  ,  0.207921   ,  2.86544    ,  0.227613   ,  18.1942    ,  2.94067    ,  6.82436    ,  0.0545636  ,  0.0270866  ,  0.0170791  ,  3.91336    ,  1.00778    ])
WARNING:Numerics:Extrapolation may have failed. Check resulting frequency spectrum for unexpected results.
WARNING:Inference:Model is masked in some entries where data is not.
WARNING:Inference:Number of affected entries is 133. Sum of data in those entries is 0.10517:
Iter time: 267.57744503
Iter time: 505.628552914
Iter time: 856.4398489
0.105169913903 9454.98941724
200     , -15496.9    , array([ 0.0281191  ,  0.212065   ,  2.93448    ,  0.230512   ,  17.6937    ,  2.89277    ,  6.32597    ,  0.057537   ,  0.0262265  ,  0.0165327  ,  3.92907    ,  1.00786    ])
WARNING:Inference:Model is masked in some entries where data is not.
WARNING:Inference:Number of affected entries is 176. Sum of data in those entries is 0.0552188:
Iter time: 304.70301199
Iter time: 575.089931965
Iter time: 976.028469086
0.0552187887287 9454.98941724
201     , -15364.3    , array([ 0.0258823  ,  0.204699   ,  2.81152    ,  0.232204   ,  17.8649    ,  2.89757    ,  7.19084    ,  0.0619894  ,  0.0240415  ,  0.017819   ,  3.91856    ,  1.00778    ])
WARNING:Inference:Model is masked in some entries where data is not.
WARNING:Inference:Number of affected entries is 177. Sum of data in those entries is 0.0552191:
Iter time: 304.281813145
Iter time: 574.454465866
Iter time: 973.944120884
0.0552190573172 9454.98941724
202     , -15258.7    , array([ 0.0244581  ,  0.202557   ,  2.76455    ,  0.236137   ,  17.6897    ,  2.86508    ,  7.25965    ,  0.0676594  ,  0.0223211  ,  0.0177706  ,  3.91388    ,  1.00777    ])
WARNING:Inference:Model is masked in some entries where data is not.
WARNING:Inference:Number of affected entries is 139. Sum of data in those entries is 0.0554472:
Iter time: 284.184188128
Iter time: 535.568747997
Iter time: 909.181908131
0.0554471707353 9454.98941724
203     , -15451.3    , array([ 0.0274615  ,  0.21077    ,  2.89111    ,  0.225851   ,  17.6805    ,  2.9885     ,  6.51833    ,  0.0602896  ,  0.0307293  ,  0.0168014  ,  3.89448    ,  1.00796    ])
WARNING:Numerics:Extrapolation may have failed. Check resulting frequency spectrum for unexpected results.
WARNING:Inference:Model is masked in some entries where data is not.
WARNING:Inference:Number of affected entries is 309. Sum of data in those entries is 0.663824:
Iter time: 398.424586058
Iter time: 750.633124828
Iter time: 1274.50056291
0.663824050253 9454.98941724
204     , -15452.7    , array([ 0.0242763  ,  0.206266   ,  2.70687    ,  0.227339   ,  18.781     ,  3.01396    ,  9.02182    ,  0.0573923  ,  0.0256754  ,  0.0188298  ,  3.89495    ,  1.00772    ])
WARNING:Numerics:Extrapolation may have failed. Check resulting frequency spectrum for unexpected results.
WARNING:Inference:Model is masked in some entries where data is not.
WARNING:Inference:Number of affected entries is 329. Sum of data in those entries is 0.26389:
Iter time: 418.303452015
Iter time: 789.035957813
Iter time: 1340.20243096
0.263889848037 9454.98941724
205     , -15408.6    , array([ 0.0248109  ,  0.20053    ,  2.82336    ,  0.231176   ,  17.96      ,  2.97603    ,  9.63494    ,  0.0561718  ,  0.0247414  ,  0.0171533  ,  3.9195     ,  1.00758    ])
WARNING:Inference:Model is masked in some entries where data is not.
WARNING:Inference:Number of affected entries is 115. Sum of data in those entries is 0.171824:
Iter time: 260.461630106
Iter time: 490.715945005
Iter time: 832.464064837
0.17182420993 9454.98941724
206     , -15455.1    , array([ 0.0263711  ,  0.211956   ,  2.87759    ,  0.229036   ,  18.3881    ,  2.84102    ,  6.22735    ,  0.0558727  ,  0.0278648  ,  0.0171795  ,  3.9217     ,  1.00778    ])
WARNING:Numerics:Extrapolation may have failed. Check resulting frequency spectrum for unexpected results.
WARNING:Inference:Model is masked in some entries where data is not.
WARNING:Inference:Number of affected entries is 245. Sum of data in those entries is 0.41782:
Iter time: 346.370075941
Iter time: 652.985579967
Iter time: 1107.763973
0.417819737087 9454.98941724
207     , -15426.8    , array([ 0.0242051  ,  0.205713   ,  2.81047    ,  0.230129   ,  18.0108    ,  2.92641    ,  8.08456    ,  0.0608231  ,  0.0252849  ,  0.0183957  ,  3.9204     ,  1.00777    ])
WARNING:Numerics:Extrapolation may have failed. Check resulting frequency spectrum for unexpected results.
WARNING:Inference:Model is masked in some entries where data is not.
WARNING:Inference:Number of affected entries is 312. Sum of data in those entries is 0.736752:
Iter time: 388.175889969
Iter time: 732.925536156
Iter time: 1243.86989212
0.736752396379 9454.98941724
208     , -15434.6    , array([ 0.0232032  ,  0.205167   ,  2.78845    ,  0.229609   ,  17.8762    ,  2.94649    ,  9.0242     ,  0.059986   ,  0.0244565  ,  0.0182231  ,  3.94231    ,  1.00757    ])
WARNING:Numerics:Extrapolation may have failed. Check resulting frequency spectrum for unexpected results.
WARNING:Inference:Model is masked in some entries where data is not.
WARNING:Inference:Number of affected entries is 227. Sum of data in those entries is 0.116991:
Iter time: 329.387607098
Iter time: 622.351451874
Iter time: 1057.42906594
0.116990983179 9454.98941724
209     , -15478.5    , array([ 0.0239615  ,  0.207495   ,  2.87219    ,  0.232248   ,  17.2703    ,  2.92335    ,  7.71943    ,  0.0615978  ,  0.0253413  ,  0.0167657  ,  3.90851    ,  1.00768    ])
WARNING:Numerics:Extrapolation may have failed. Check resulting frequency spectrum for unexpected results.
WARNING:Inference:Model is masked in some entries where data is not.
WARNING:Inference:Number of affected entries is 312. Sum of data in those entries is 0.736752:
Iter time: 387.083686113
Iter time: 730.92117095
Iter time: 1240.40933108
0.736752396379 9454.98941724
210     , -15384.6    , array([ 0.0218755  ,  0.207992   ,  2.77661    ,  0.232079   ,  17.6566    ,  2.93474    ,  9.0481     ,  0.0623389  ,  0.0244127  ,  0.0173321  ,  3.90783    ,  1.00762    ])
WARNING:Inference:Model is masked in some entries where data is not.
WARNING:Inference:Number of affected entries is 177. Sum of data in those entries is 0.0554209:
Iter time: 303.154382944
Iter time: 573.322818041
Iter time: 971.136749029
0.0554208627708 9454.98941724
212     , -15426.8    , array([ 0.0263209  ,  0.209217   ,  2.87556    ,  0.230167   ,  17.8085    ,  2.91475    ,  7.11888    ,  0.0584033  ,  0.0258766  ,  0.017119   ,  3.92274    ,  1.00778    ])
WARNING:Numerics:Extrapolation may have failed. Check resulting frequency spectrum for unexpected results.
WARNING:Inference:Model is masked in some entries where data is not.
WARNING:Inference:Number of affected entries is 110. Sum of data in those entries is 0.107465:
Iter time: 258.015614986
Iter time: 486.235995054
Iter time: 826.044589043
0.107464926541 9454.98941724
213     , -15305.6    , array([ 0.0236338  ,  0.213798   ,  2.83807    ,  0.226725   ,  18.0177    ,  2.80937    ,  6.24472    ,  0.0641905  ,  0.0272681  ,  0.0166233  ,  3.90261    ,  1.00782    ])
WARNING:Inference:Model is masked in some entries where data is not.
WARNING:Inference:Number of affected entries is 145. Sum of data in those entries is 0.0555679:
Iter time: 282.928361893
Iter time: 533.387144089
Iter time: 904.95563817
0.0555679025001 9454.98941724
215     , -15400.3    , array([ 0.0264199  ,  0.209626   ,  2.85124    ,  0.225008   ,  18.0772    ,  2.87523    ,  6.70512    ,  0.0590924  ,  0.0268965  ,  0.0172843  ,  3.90877    ,  1.00784    ])
WARNING:Numerics:Extrapolation may have failed. Check resulting frequency spectrum for unexpected results.
WARNING:Inference:Model is masked in some entries where data is not.
WARNING:Inference:Number of affected entries is 225. Sum of data in those entries is 0.070201:
Iter time: 335.568473816
Iter time: 632.202632189
Iter time: 1073.20764184
0.0702010324836 9454.98941724
216     , -15484.2    , array([ 0.025009   ,  0.207404   ,  2.76469    ,  0.226983   ,  18.701     ,  2.91756    ,  7.81978    ,  0.0581358  ,  0.0261195  ,  0.0185018  ,  3.92347    ,  1.00777    ])
WARNING:Numerics:Extrapolation may have failed. Check resulting frequency spectrum for unexpected results.
WARNING:Inference:Model is masked in some entries where data is not.
WARNING:Inference:Number of affected entries is 226. Sum of data in those entries is 0.116991:
Iter time: 330.150089025
Iter time: 625.213591099
Iter time: 1058.72561288
0.116990983179 9454.98941724
217     , -15482.5    , array([ 0.0242192  ,  0.207472   ,  2.84492    ,  0.230921   ,  17.6173    ,  2.9219     ,  7.74439    ,  0.0607134  ,  0.0255337  ,  0.0171838  ,  3.91225    ,  1.0077     ])
WARNING:Inference:Model is masked in some entries where data is not.
WARNING:Inference:Number of affected entries is 142. Sum of data in those entries is 0.0550801:
Iter time: 280.772716999
Iter time: 528.860099077
Iter time: 1089.37195396
0.0550800884162 9454.98941724
218     , -15278.6    , array([ 0.0240424  ,  0.208102   ,  2.80107    ,  0.231383   ,  17.8529    ,  2.83709    ,  6.73309    ,  0.0659021  ,  0.0246709  ,  0.0171873  ,  3.90824    ,  1.0078     ])
WARNING:Numerics:Extrapolation may have failed. Check resulting frequency spectrum for unexpected results.
WARNING:Inference:Model is masked in some entries where data is not.
WARNING:Inference:Number of affected entries is 240. Sum of data in those entries is 0.265978:
Iter time: 344.010006189
Iter time: 803.807726145
Iter time: 1265.07242799
0.265977514597 9454.98941724
219     , -15345.9    , array([ 0.0231308  ,  0.205257   ,  2.77057    ,  0.234099   ,  17.6731    ,  2.8997     ,  8.10469    ,  0.0649447  ,  0.0233435  ,  0.0175499  ,  3.91085    ,  1.00769    ])
WARNING:Inference:Model is masked in some entries where data is not.
WARNING:Inference:Number of affected entries is 162. Sum of data in those entries is 0.0551987:
Iter time: 293.889368057
Iter time: 553.433419943
Iter time: 938.751746893
0.0551986549215 9454.98941724
220     , -15330.8    , array([ 0.0254201  ,  0.206061   ,  2.80756    ,  0.230505   ,  17.8824    ,  2.87015    ,  6.97687    ,  0.063231   ,  0.0245022  ,  0.0175257  ,  3.91132    ,  1.00781    ])
WARNING:Numerics:Extrapolation may have failed. Check resulting frequency spectrum for unexpected results.
WARNING:Inference:Model is masked in some entries where data is not.
WARNING:Inference:Number of affected entries is 269. Sum of data in those entries is 0.472243:
Iter time: 356.580553055
Iter time: 674.119420052
Iter time: 1146.30560088
0.472242737362 9454.98941724
221     , -15916.7    , array([ 0.0246339  ,  0.201541   ,  2.7938     ,  0.233643   ,  17.8243    ,  2.92003    ,  8.36339    ,  0.0616486  ,  0.0235001  ,  0.0174592  ,  3.91668    ,  1.00767    ])
WARNING:Numerics:Extrapolation may have failed. Check resulting frequency spectrum for unexpected results.
WARNING:Inference:Model is masked in some entries where data is not.
WARNING:Inference:Number of affected entries is 220. Sum of data in those entries is 0.11538:
Iter time: 324.881173134
Iter time: 612.967251062
Iter time: 1039.97218609
0.115380191977 9454.98941724
222     , -15355.1    , array([ 0.0243313  ,  0.204129   ,  2.78741    ,  0.233114   ,  17.8495    ,  2.89558    ,  7.66101    ,  0.0641503  ,  0.0237569  ,  0.0180804  ,  3.91713    ,  1.00777    ])
WARNING:Inference:Model is masked in some entries where data is not.
WARNING:Inference:Number of affected entries is 176. Sum of data in those entries is 0.0552188:
Iter time: 304.081173897
Iter time: 573.462486029
Iter time: 1133.29372907
0.0552187887287 9454.98941724
223     , -15345.3    , array([ 0.0253724  ,  0.20586    ,  2.81951    ,  0.233133   ,  17.749     ,  2.8898     ,  7.18892    ,  0.0628612  ,  0.0240332  ,  0.0174417  ,  3.9183     ,  1.00778    ])
WARNING:Numerics:Extrapolation may have failed. Check resulting frequency spectrum for unexpected results.
WARNING:Inference:Model is masked in some entries where data is not.
WARNING:Inference:Number of affected entries is 240. Sum of data in those entries is 0.265978:
Iter time: 494.439035892
Iter time: 649.321513891
Iter time: 1119.28622198
0.265977514597 9454.98941724
224     , -15372.8    , array([ 0.0238224  ,  0.203858   ,  2.77647    ,  0.23285    ,  17.7827    ,  2.9055     ,  8.09398    ,  0.0637073  ,  0.0233644  ,  0.0179954  ,  3.92807    ,  1.00767    ])
WARNING:Inference:Model is masked in some entries where data is not.
WARNING:Inference:Number of affected entries is 155. Sum of data in those entries is 0.0552905:
Iter time: 294.016736984
Iter time: 555.409603119
Iter time: 942.456235886
0.0552904554399 9454.98941724
225     , -15357.9    , array([ 0.0259164  ,  0.206623   ,  2.82712    ,  0.230937   ,  17.6851    ,  2.92614    ,  6.87901    ,  0.0638683  ,  0.0261899  ,  0.0172792  ,  3.90417    ,  1.00786    ])
WARNING:Numerics:Extrapolation may have failed. Check resulting frequency spectrum for unexpected results.
WARNING:Inference:Model is masked in some entries where data is not.
WARNING:Inference:Number of affected entries is 238. Sum of data in those entries is 0.0707539:
Iter time: 348.34491992
Iter time: 657.604962111
Iter time: 1114.96207094
0.0707538605331 9454.98941724
226     , -15417.2    , array([ 0.0243671  ,  0.204403   ,  2.73556    ,  0.231697   ,  18.2272    ,  2.93857    ,  8.09291    ,  0.0623148  ,  0.0239396  ,  0.0182925  ,  3.9044     ,  1.00774    ])
WARNING:Numerics:Extrapolation may have failed. Check resulting frequency spectrum for unexpected results.
WARNING:Inference:Model is masked in some entries where data is not.
WARNING:Inference:Number of affected entries is 264. Sum of data in those entries is 0.472243:
Iter time: 356.012723923
Iter time: 671.736712933
Iter time: 1139.21045089
0.472242737362 9454.98941724
227     , -15836.8    , array([ 0.0229301  ,  0.204368   ,  2.79057    ,  0.234152   ,  17.7164    ,  2.91277    ,  8.34777    ,  0.0620813  ,  0.0232296  ,  0.0182858  ,  3.92842    ,  1.0076     ])
WARNING:Inference:Model is masked in some entries where data is not.
WARNING:Inference:Number of affected entries is 143. Sum of data in those entries is 0.0550801:
Iter time: 281.755056143
Iter time: 531.026159048
Iter time: 907.995930195
0.0550800884162 9454.98941724
228     , -15358.3    , array([ 0.0253966  ,  0.207203   ,  2.8205     ,  0.23256    ,  18.0355    ,  2.85302    ,  6.72372    ,  0.0614843  ,  0.0249394  ,  0.0174725  ,  3.91779    ,  1.00777    ])
WARNING:Inference:Model is masked in some entries where data is not.
WARNING:Inference:Number of affected entries is 206. Sum of data in those entries is 0.107935:
Iter time: 316.309890985
Iter time: 597.049854994
Iter time: 1017.28286004
0.107934976391 9454.98941724
229     , -15383.8    , array([ 0.0242086  ,  0.205011   ,  2.81785    ,  0.234185   ,  17.4787    ,  2.89407    ,  7.48601    ,  0.0645575  ,  0.0237833  ,  0.0172608  ,  3.91119    ,  1.00772    ])
WARNING:Inference:Model is masked in some entries where data is not.
WARNING:Inference:Number of affected entries is 134. Sum of data in those entries is 0.0550801:
Iter time: 277.53036809
Iter time: 523.424507141
Iter time: 888.196053982
0.0550800884162 9454.98941724
230     , -15306.6    , array([ 0.0242346  ,  0.20909    ,  2.79241    ,  0.232141   ,  17.7775    ,  2.86123    ,  6.62066    ,  0.066183   ,  0.0244855  ,  0.0178924  ,  3.91226    ,  1.00782    ])
WARNING:Inference:Model is masked in some entries where data is not.
WARNING:Inference:Number of affected entries is 122. Sum of data in those entries is 0.107465:
Iter time: 267.395446777
Iter time: 506.266796827
Iter time: 857.572851896
0.107464926541 9454.98941724
231     , -15321.8    , array([ 0.0262765  ,  0.206984   ,  2.79594    ,  0.231304   ,  17.8961    ,  2.85985    ,  6.38168    ,  0.0664263  ,  0.024989   ,  0.0170217  ,  3.89789    ,  1.00793    ])
WARNING:Numerics:Extrapolation may have failed. Check resulting frequency spectrum for unexpected results.
WARNING:Inference:Model is masked in some entries where data is not.
WARNING:Inference:Number of affected entries is 122. Sum of data in those entries is 0.105125:
Iter time: 261.074592113
Iter time: 494.37714982
Iter time: 836.725667
0.105125103762 9454.98941724
232     , -15303.7    , array([ 0.0250398  ,  0.207381   ,  2.86257    ,  0.233689   ,  17.3415    ,  2.82193    ,  6.32711    ,  0.0668859  ,  0.0244219  ,  0.0168125  ,  3.92078    ,  1.00782    ])
WARNING:Inference:Model is masked in some entries where data is not.
WARNING:Inference:Number of affected entries is 134. Sum of data in those entries is 0.0550801:
Iter time: 278.901435137
Iter time: 527.007194996
Iter time: 892.979176998
0.0550800884162 9454.98941724
233     , -15312.5    , array([ 0.0253459  ,  0.207163   ,  2.78627    ,  0.231124   ,  18.0604    ,  2.8533     ,  6.65098    ,  0.0649447  ,  0.0246912  ,  0.0177394  ,  3.91557    ,  1.00786    ])
WARNING:Inference:Model is masked in some entries where data is not.
WARNING:Inference:Number of affected entries is 96. Sum of data in those entries is 0.0550629:
Iter time: 248.326434135
Iter time: 468.462769985
Iter time: 793.502789974
0.0550629153864 9454.98941724
234     , -15355      , array([ 0.0260243  ,  0.208894   ,  2.82946    ,  0.232161   ,  17.7975    ,  2.8335     ,  5.95334    ,  0.0660228  ,  0.0253663  ,  0.0169747  ,  3.89668    ,  1.00795    ])
WARNING:Inference:Model is masked in some entries where data is not.
WARNING:Inference:Number of affected entries is 162. Sum of data in those entries is 0.0551987:
Iter time: 296.855973959
Iter time: 559.151922941
Iter time: 948.237899065
0.0551986549215 9454.98941724
235     , -15253.7    , array([ 0.0245107  ,  0.2058     ,  2.78675    ,  0.232385   ,  17.5093    ,  2.88231    ,  7.02272    ,  0.0692267  ,  0.0238317  ,  0.0173986  ,  3.90339    ,  1.00787    ])
WARNING:Inference:Model is masked in some entries where data is not.
WARNING:Inference:Number of affected entries is 173. Sum of data in those entries is 0.0552188:
Iter time: 303.457387924
Iter time: 572.769865036
Iter time: 971.882985115
0.0552187887287 9454.98941724
236     , -15199.4    , array([ 0.0240794  ,  0.205102   ,  2.77003    ,  0.232297   ,  17.252     ,  2.89707    ,  7.17717    ,  0.0734562  ,  0.0232964  ,  0.0173618  ,  3.89621    ,  1.00792    ])
WARNING:Inference:Model is masked in some entries where data is not.
WARNING:Inference:Number of affected entries is 153. Sum of data in those entries is 0.0550884:
Iter time: 285.364354134
Iter time: 539.751854897
Iter time: 911.611752033
0.0550883813979 9454.98941724
237     , -15226.1    , array([ 0.0237267  ,  0.206124   ,  2.7708     ,  0.234247   ,  17.7826    ,  2.80562    ,  6.9129     ,  0.0682144  ,  0.0222552  ,  0.0176073  ,  3.91568    ,  1.00779    ])
WARNING:Inference:Model is masked in some entries where data is not.
WARNING:Inference:Number of affected entries is 103. Sum of data in those entries is 0.0574052:
Iter time: 252.496782064
Iter time: 476.580822945
Iter time: 808.039609909
0.057405213115 9454.98941724
238     , -15298.6    , array([ 0.0251665  ,  0.208981   ,  2.80746    ,  0.232247   ,  17.6077    ,  2.82035    ,  6.10187    ,  0.0686134  ,  0.024269   ,  0.0167529  ,  3.90247    ,  1.00788    ])
WARNING:Numerics:Extrapolation may have failed. Check resulting frequency spectrum for unexpected results.
WARNING:Inference:Model is masked in some entries where data is not.
WARNING:Inference:Number of affected entries is 226. Sum of data in those entries is 0.069999:
Iter time: 332.670454979
Iter time: 626.564958096
Iter time: 1065.70840001
0.0699989584415 9454.98941724
239     , -15370.9    , array([ 0.0233983  ,  0.204228   ,  2.76216    ,  0.233214   ,  17.6276    ,  2.87991    ,  7.88445    ,  0.0670965  ,  0.0225623  ,  0.017805   ,  3.92393    ,  1.0077     ])
WARNING:Inference:Model is masked in some entries where data is not.
WARNING:Inference:Number of affected entries is 122. Sum of data in those entries is 0.105125:
Iter time: 268.377923012
Iter time: 504.227876186
Iter time: 856.640219927
0.105125103762 9454.98941724
240     , -15316.5    , array([ 0.0253414  ,  0.207717   ,  2.81248    ,  0.232424   ,  17.7549    ,  2.84503    ,  6.38651    ,  0.0662896  ,  0.0246342  ,  0.0171786  ,  3.90348    ,  1.00788    ])
WARNING:Inference:Model is masked in some entries where data is not.
WARNING:Inference:Number of affected entries is 69. Sum of data in those entries is 0.0550596:
Iter time: 229.805145979
Iter time: 433.108110905
Iter time: 737.165113211
0.0550596433902 9454.98941724
241     , -15358.3    , array([ 0.0267288  ,  0.20826    ,  2.82793    ,  0.231006   ,  17.7653    ,  2.80525    ,  5.56609    ,  0.0684437  ,  0.0247383  ,  0.0171602  ,  3.90848    ,  1.00798    ])
WARNING:Inference:Model is masked in some entries where data is not.
WARNING:Inference:Number of affected entries is 190. Sum of data in those entries is 0.102136:
Iter time: 311.018460989
Iter time: 585.945376158
Iter time: 995.005509138
0.102135941537 9454.98941724
242     , -15280.2    , array([ 0.0239821  ,  0.206003   ,  2.7848     ,  0.233322   ,  17.6961    ,  2.87579    ,  7.37802    ,  0.0658023  ,  0.0236846  ,  0.0174517  ,  3.91026    ,  1.00777    ])
WARNING:Inference:Model is masked in some entries where data is not.
WARNING:Inference:Number of affected entries is 109. Sum of data in those entries is 0.0574077:
Iter time: 261.010595798
Iter time: 491.622221947
Iter time: 835.437757969
0.057407711217 9454.98941724
243     , -15230      , array([ 0.0241395  ,  0.207673   ,  2.77312    ,  0.231996   ,  17.6806    ,  2.81258    ,  6.30235    ,  0.0712532  ,  0.0239699  ,  0.0172683  ,  3.89971    ,  1.0079     ])
WARNING:Inference:Model is masked in some entries where data is not.
WARNING:Inference:Number of affected entries is 119. Sum of data in those entries is 0.0574077:
Iter time: 264.838745832
Iter time: 499.585546017
Iter time: 849.968790054
0.057407711217 9454.98941724
244     , -15221.3    , array([ 0.0238876  ,  0.20774    ,  2.77919    ,  0.234892   ,  17.5156    ,  2.82229    ,  6.38477    ,  0.0722608  ,  0.0234251  ,  0.0171431  ,  3.90474    ,  1.00788    ])
WARNING:Inference:Model is masked in some entries where data is not.
WARNING:Inference:Number of affected entries is 159. Sum of data in those entries is 0.0551006:
Iter time: 289.506482124
Iter time: 546.597464085
Iter time: 926.88060689
0.0551006128824 9454.98941724
245     , -15212.6    , array([ 0.0227449  ,  0.20694    ,  2.78795    ,  0.234683   ,  17.4396    ,  2.82622    ,  6.98083    ,  0.0697568  ,  0.0227227  ,  0.0176717  ,  3.91934    ,  1.00775    ])
WARNING:Numerics:Extrapolation may have failed. Check resulting frequency spectrum for unexpected results.
WARNING:Inference:Model is masked in some entries where data is not.
WARNING:Inference:Number of affected entries is 163. Sum of data in those entries is 0.0551106:
Iter time: 294.6127069
Iter time: 555.639151096
Iter time: 943.536254883
0.0551105711808 9454.98941724
246     , -15202.1    , array([ 0.023163   ,  0.206081   ,  2.76752    ,  0.233929   ,  17.5259    ,  2.8378     ,  7.07976    ,  0.0704971  ,  0.0227418  ,  0.0175931  ,  3.91638    ,  1.00777    ])
WARNING:Inference:Model is masked in some entries where data is not.
WARNING:Inference:Number of affected entries is 152. Sum of data in those entries is 0.0550829:
Iter time: 284.73587203
Iter time: 537.863298893
Iter time: 910.112578869
0.0550828686869 9454.98941724
247     , -15182.3    , array([ 0.0228138  ,  0.206452   ,  2.79041    ,  0.235717   ,  17.1434    ,  2.82702    ,  6.8694     ,  0.0729476  ,  0.0223804  ,  0.0170134  ,  3.90441    ,  1.00779    ])
WARNING:Inference:Model is masked in some entries where data is not.
WARNING:Inference:Number of affected entries is 159. Sum of data in those entries is 0.0551765:
Iter time: 288.285171032
Iter time: 541.996104956
Iter time: 918.867907047
0.0551765062055 9454.98941724
248     , -15114.5    , array([ 0.0216443  ,  0.206098   ,  2.79248    ,  0.238048   ,  16.7025    ,  2.81397    ,  6.98129    ,  0.0773117  ,  0.0213075  ,  0.0166616  ,  3.89884    ,  1.00775    ])
WARNING:Inference:Model is masked in some entries where data is not.
WARNING:Inference:Number of affected entries is 155. Sum of data in those entries is 0.0550884:
Iter time: 286.842610836
Iter time: 540.400611877
Iter time: 917.357401133
0.0550883813979 9454.98941724
249     , -15157.7    , array([ 0.0234148  ,  0.204059   ,  2.78428    ,  0.23567    ,  17.2361    ,  2.81136    ,  6.96213    ,  0.0734612  ,  0.0220515  ,  0.0166688  ,  3.90548    ,  1.00781    ])
WARNING:Inference:Model is masked in some entries where data is not.
WARNING:Inference:Number of affected entries is 184. Sum of data in those entries is 0.0551362:
Iter time: 309.318518877
Iter time: 583.178294182
Iter time: 988.235432148
0.0551362221799 9454.98941724
250     , -15146.3    , array([ 0.0224098  ,  0.205187   ,  2.70352    ,  0.234439   ,  17.6514    ,  2.84873    ,  7.4022     ,  0.0738341  ,  0.0217359  ,  0.0177141  ,  3.89445    ,  1.00781    ])
WARNING:Numerics:Extrapolation may have failed. Check resulting frequency spectrum for unexpected results.
WARNING:Inference:Model is masked in some entries where data is not.
WARNING:Inference:Number of affected entries is 226. Sum of data in those entries is 0.069999:
Iter time: 330.172037125
Iter time: 623.819070816
Iter time: 1060.70130801
0.0699989584415 9454.98941724
251     , -15271.1    , array([ 0.0218699  ,  0.202996   ,  2.7393     ,  0.236264   ,  17.3918    ,  2.85509    ,  7.92659    ,  0.0728602  ,  0.0214747  ,  0.0179432  ,  3.91138    ,  1.00773    ])
WARNING:Inference:Model is masked in some entries where data is not.
WARNING:Inference:Number of affected entries is 133. Sum of data in those entries is 0.0550799:
Iter time: 272.682879925
Iter time: 513.440147877
Iter time: 870.358756065
0.0550799173987 9454.98941724
252     , -15121.4    , array([ 0.0226     ,  0.205425   ,  2.75403    ,  0.235666   ,  17.2549    ,  2.79667    ,  6.63438    ,  0.077274   ,  0.0216482  ,  0.0173047  ,  3.90378    ,  1.00785    ])
