==========================================
SLURM_JOB_ID = 18981476
SLURM_NODELIST = c8-71
==========================================
Module slurm/17.11.5 loaded 
Module openmpi/3.0.1 loaded 
Module gcc/7.3.0 loaded 
Module python/2.7.6 loaded 
Module numpy/1.11.1 loaded 
Module dadi/1.7.0 loaded 
Module matplotlib/2.0 loaded 
Module scipy/0.18.0 loaded 
Beginning. Call:
/home/hemstrow/monarch/github/F-H_2018/DADI/demographic_models/run_3d_mods.py /home/hemstrow/monarch/github/F-H_2018/Data/dadi_inputs/ dadi_snps_10kgap.txt 1st_folded_optim_10kgap_snps_dadi_out.txt lgrowth_both 10 [NAM,GUA,HAW] True 3 [0.1,0.1,1,1,5,5,.1,.1,.1,.1,2,2] [1,1,10,10,20,20,10,10,10,10,4,4] [1e-3,1e-3,1e-3,1e-3,0.01,0.01,0.01,0.01,0.01,0.01,1,1] [150,15,15] fmin

Ready to begin run. Parameters:

Model:
lgrowth_both
Maxiters:
10
Pops:
['NAM', 'GUA', 'HAW']
Projection:
[150, 15, 15]
Number of segregating sites in projected sfs:
9454.98941724
Folding spectra:
True
Level of parm folding:
3
Optimizer:
fmin
p0:
[ 0.0157024   0.01829889  0.4560421   3.36047476  4.88831585  1.71594808
  0.50807766  0.01671854  0.46185266  0.19879466  1.01        1.30651924]
Upper Bounds:
[1.0, 1.0, 10.0, 10.0, 20.0, 20.0, 10.0, 10.0, 10.0, 10.0, 4.0, 4.0]
Lower Bounds:
[0.001, 0.001, 0.001, 0.001, 0.01, 0.01, 0.01, 0.01, 0.01, 0.01, 1.0, 1.0]

Beginning optimization ************************************************
optimize_log_fmin.
Iter time: 126.458349943
Iter time: 243.540799856
Iter time: 420.926935911
1       , -19272.4    , array([ 0.0157024  ,  0.0182989  ,  0.456042   ,  3.36047    ,  4.88832    ,  1.71595    ,  0.508078   ,  0.0167185  ,  0.461853   ,  0.198795   ,  1.01       ,  1.30652    ])
Iter time: 127.65574789
Iter time: 244.772798777
Iter time: 421.246912956
2       , -19260.3    , array([ 0.0127575  ,  0.0182989  ,  0.456042   ,  3.36047    ,  4.88832    ,  1.71595    ,  0.508078   ,  0.0167185  ,  0.461853   ,  0.198795   ,  1.01       ,  1.30652    ])
Iter time: 153.020064116
Iter time: 295.261277914
Iter time: 508.099513054
3       , -19507.6    , array([ 0.0157024  ,  0.0149812  ,  0.456042   ,  3.36047    ,  4.88832    ,  1.71595    ,  0.508078   ,  0.0167185  ,  0.461853   ,  0.198795   ,  1.01       ,  1.30652    ])
Iter time: 126.38973403
Iter time: 243.687510967
Iter time: 418.741172075
4       , -19242.1    , array([ 0.0157024  ,  0.0182989  ,  0.438485   ,  3.36047    ,  4.88832    ,  1.71595    ,  0.508078   ,  0.0167185  ,  0.461853   ,  0.198795   ,  1.01       ,  1.30652    ])
Iter time: 126.60303092
Iter time: 243.269894838
Iter time: 418.975566149
5       , -19270      , array([ 0.0157024  ,  0.0182989  ,  0.456042   ,  3.57043    ,  4.88832    ,  1.71595    ,  0.508078   ,  0.0167185  ,  0.461853   ,  0.198795   ,  1.01       ,  1.30652    ])
Iter time: 127.857633114
Iter time: 243.524035931
Iter time: 418.491012096
6       , -19314.9    , array([ 0.0157024  ,  0.0182989  ,  0.456042   ,  3.36047    ,  5.29197    ,  1.71595    ,  0.508078   ,  0.0167185  ,  0.461853   ,  0.198795   ,  1.01       ,  1.30652    ])
Iter time: 127.344597101
Iter time: 245.074909925
Iter time: 421.329315901
7       , -19234.7    , array([ 0.0157024  ,  0.0182989  ,  0.456042   ,  3.36047    ,  4.88832    ,  1.76291    ,  0.508078   ,  0.0167185  ,  0.461853   ,  0.198795   ,  1.01       ,  1.30652    ])
Iter time: 126.54314208
Iter time: 243.955931902
Iter time: 419.341801882
8       , -19355.9    , array([ 0.0157024  ,  0.0182989  ,  0.456042   ,  3.36047    ,  4.88832    ,  1.71595    ,  0.491164   ,  0.0167185  ,  0.461853   ,  0.198795   ,  1.01       ,  1.30652    ])
Iter time: 126.346222878
Iter time: 243.44711113
Iter time: 418.35005188
9       , -19349      , array([ 0.0157024  ,  0.0182989  ,  0.456042   ,  3.36047    ,  4.88832    ,  1.71595    ,  0.508078   ,  0.0136257  ,  0.461853   ,  0.198795   ,  1.01       ,  1.30652    ])
Iter time: 126.379437208
Iter time: 243.476369858
Iter time: 420.285759926
10      , -19332.2    , array([ 0.0157024  ,  0.0182989  ,  0.456042   ,  3.36047    ,  4.88832    ,  1.71595    ,  0.508078   ,  0.0167185  ,  0.444354   ,  0.198795   ,  1.01       ,  1.30652    ])
Iter time: 126.652657032
Iter time: 243.362224102
Iter time: 418.262408972
11      , -19269.5    , array([ 0.0157024  ,  0.0182989  ,  0.456042   ,  3.36047    ,  4.88832    ,  1.71595    ,  0.508078   ,  0.0167185  ,  0.461853   ,  0.183369   ,  1.01       ,  1.30652    ])
Iter time: 126.390938044
Iter time: 243.396733046
Iter time: 418.812969923
12      , -19272.6    , array([ 0.0157024  ,  0.0182989  ,  0.456042   ,  3.36047    ,  4.88832    ,  1.71595    ,  0.508078   ,  0.0167185  ,  0.461853   ,  0.198795   ,  1.0105     ,  1.30652    ])
Iter time: 125.440085888
Iter time: 241.203369141
Iter time: 414.87526989
13      , -19240.5    , array([ 0.0157024  ,  0.0182989  ,  0.456042   ,  3.36047    ,  4.88832    ,  1.71595    ,  0.508078   ,  0.0167185  ,  0.461853   ,  0.198795   ,  1.01       ,  1.3241     ])
Iter time: 104.729161024
Iter time: 201.150655031
Iter time: 345.231966019
14      , -19084.1    , array([ 0.0151681  ,  0.0223513  ,  0.453068   ,  3.39459    ,  4.95339    ,  1.72369    ,  0.505219   ,  0.0161582  ,  0.458889   ,  0.196136   ,  1.01008    ,  1.30943    ])
Iter time: 87.064893961
Iter time: 166.580572844
Iter time: 286.881999969
15      , -18906.3    , array([ 0.0149079  ,  0.0273012  ,  0.451588   ,  3.41178    ,  4.98625    ,  1.72757    ,  0.503795   ,  0.015885   ,  0.457414   ,  0.194821   ,  1.01013    ,  1.31089    ])
Iter time: 118.935235023
Iter time: 228.459969997
Iter time: 387.559854031
16      , -19133.2    , array([ 0.0150374  ,  0.0195607  ,  0.452327   ,  3.40317    ,  4.96979    ,  1.72563    ,  0.524833   ,  0.016021   ,  0.458151   ,  0.195477   ,  1.0101     ,  1.31016    ])
Iter time: 117.524845123
Iter time: 226.066069126
Iter time: 146920.110437
17      , -19093.5    , array([ 0.0149294  ,  0.0197793  ,  0.451711   ,  3.41034    ,  4.9835     ,  1.72725    ,  0.510112   ,  0.0201954  ,  0.457537   ,  0.19493    ,  1.01012    ,  1.31077    ])
Iter time: 158.383214951
Iter time: 223.806407928
Iter time: 383.388788939
18      , -19082.1    , array([ 0.0148043  ,  0.0200374  ,  0.450993   ,  3.41872    ,  4.99954    ,  1.72914    ,  0.510452   ,  0.0169859  ,  0.477878   ,  0.194293   ,  1.01014    ,  1.31148    ])
Iter time: 114.867232084
Iter time: 220.126620054
Iter time: 377.693413019
19      , -19055.4    , array([ 0.0146597  ,  0.0203428  ,  0.450157   ,  3.42853    ,  4.57465    ,  1.73134    ,  0.510849   ,  0.0170308  ,  0.462393   ,  0.193553   ,  1.01017    ,  1.31231    ])
Iter time: 112.857771158
Iter time: 217.510685921
Iter time: 372.998418808
20      , -19068.8    , array([ 0.0144928  ,  0.020705   ,  0.449184   ,  3.44001    ,  4.89796    ,  1.73392    ,  0.511313   ,  0.0170834  ,  0.462483   ,  0.192693   ,  1.00961    ,  1.31328    ])
Iter time: 110.688166857
Iter time: 212.404969931
Iter time: 364.441072941
21      , -19036.3    , array([ 0.0143004  ,  0.0211358  ,  0.448051   ,  3.45344    ,  4.89957    ,  1.73694    ,  0.511854   ,  0.017145   ,  0.462589   ,  0.191694   ,  1.01004    ,  1.31441    ])
Iter time: 108.184671879
Iter time: 207.779933214
Iter time: 356.334043026
22      , -19002.4    , array([ 0.0140792  ,  0.0216496  ,  0.446733   ,  3.23237    ,  4.90145    ,  1.74046    ,  0.512486   ,  0.0172172  ,  0.462711   ,  0.190536   ,  1.01005    ,  1.31573    ])
Iter time: 105.393358946
Iter time: 202.362153053
Iter time: 346.843612909
23      , -18959.8    , array([ 0.0138255  ,  0.0222649  ,  0.4452     ,  3.41215    ,  4.90365    ,  1.74458    ,  0.513224   ,  0.0173017  ,  0.462855   ,  0.207889   ,  1.01006    ,  1.31727    ])
Iter time: 101.508481979
Iter time: 194.559785128
Iter time: 334.123168945
24      , -18920.4    , array([ 0.0172466  ,  0.0230049  ,  0.443418   ,  3.42083    ,  4.90621    ,  1.7494     ,  0.514087   ,  0.0174008  ,  0.463022   ,  0.193192   ,  1.01007    ,  1.31907    ])
Iter time: 98.3831679821
Iter time: 189.107821941
Iter time: 324.602480888
25      , -18890.9    , array([ 0.0142328  ,  0.0238994  ,  0.462033   ,  3.431      ,  4.90919    ,  1.75503    ,  0.515096   ,  0.0175172  ,  0.463217   ,  0.192274   ,  1.01008    ,  1.32117    ])
Iter time: 88.4830851555
Iter time: 166.807766199
Iter time: 284.994396925
26      , -18739.5    , array([ 0.0135504  ,  0.0273128  ,  0.474277   ,  3.46682    ,  4.91967    ,  1.77491    ,  0.518641   ,  0.0179308  ,  0.463901   ,  0.189094   ,  1.01012    ,  1.32856    ])
Iter time: 93.7456080914
Iter time: 179.632580042
Iter time: 307.045799971
27      , -18808.8    , array([ 0.0138874  ,  0.0255491  ,  0.447158   ,  3.44886    ,  4.91443    ,  1.76494    ,  0.516865   ,  0.0177228  ,  0.463559   ,  0.190677   ,  1.0101     ,  1.30436    ])
Iter time: 87.6058309078
Iter time: 167.517723083
Iter time: 286.689163923
28      , -18742.8    , array([ 0.013606   ,  0.0270107  ,  0.445694   ,  3.46382    ,  4.91879    ,  1.71826    ,  0.518344   ,  0.017896   ,  0.463844   ,  0.189357   ,  1.01012    ,  1.32155    ])
Iter time: 89.2243270874
Iter time: 170.592845201
Iter time: 291.818299055
29      , -18777.4    , array([ 0.0139728  ,  0.0266645  ,  0.44825    ,  3.43044    ,  4.82984    ,  1.75413    ,  0.500757   ,  0.0190228  ,  0.468555   ,  0.191552   ,  1.01002    ,  1.31977    ])
Iter time: 85.9289619923
Iter time: 164.333021879
Iter time: 281.351010084
30      , -18762.5    , array([ 0.0139194  ,  0.0277158  ,  0.448286   ,  3.42658    ,  4.79148    ,  1.757      ,  0.513621   ,  0.0149411  ,  0.471048   ,  0.191531   ,  1.00998    ,  1.32067    ])
Iter time: 82.7788999081
Iter time: 158.260968924
Iter time: 270.624166965
31      , -18730.3    , array([ 0.0138936  ,  0.0288787  ,  0.448549   ,  3.41949    ,  4.74239    ,  1.75977    ,  0.513808   ,  0.0173885  ,  0.449916   ,  0.191701   ,  1.00994    ,  1.32149    ])
Iter time: 70.2363951206
Iter time: 133.539324999
Iter time: 228.961807966
32      , -18591.7    , array([ 0.0134595  ,  0.0346694  ,  0.447332   ,  3.41987    ,  4.61882    ,  1.77529    ,  0.515494   ,  0.0175934  ,  0.436555   ,  0.190417   ,  1.00984    ,  1.32652    ])
Iter time: 80.2068538666
Iter time: 150.544947147
Iter time: 257.546967983
33      , -18662.3    , array([ 0.0140184  ,  0.0304548  ,  0.450046   ,  3.39501    ,  4.79363    ,  1.76182    ,  0.51364    ,  0.0173742  ,  0.460444   ,  0.19291    ,  1.01051    ,  1.32189    ])
Iter time: 73.027215004
Iter time: 139.30451107
Iter time: 237.727676868
34      , -18624      , array([ 0.0137558  ,  0.0331533  ,  0.449054   ,  3.4008     ,  5.17257    ,  1.76958    ,  0.514574   ,  0.0174859  ,  0.46021    ,  0.191947   ,  1.01001    ,  1.32447    ])
Iter time: 70.6891548634
Iter time: 134.392926931
Iter time: 229.44549799
35      , -18577.7    , array([ 0.0140104  ,  0.0343958  ,  0.451333   ,  3.36764    ,  4.87339    ,  1.76937    ,  0.514017   ,  0.0174265  ,  0.45962    ,  0.193851   ,  1.01012    ,  1.32403    ])
Iter time: 56.8775570393
Iter time: 108.214367867
Iter time: 183.583045006
36      , -18417.5    , array([ 0.0138677  ,  0.0438783  ,  0.452984   ,  3.32554    ,  4.86035    ,  1.78581    ,  0.515103   ,  0.017569   ,  0.458143   ,  0.194938   ,  1.01017    ,  1.32887    ])
Iter time: 64.6862940788
Iter time: 123.150150061
Iter time: 209.84190011
37      , -18516.5    , array([ 0.0141947  ,  0.0377752  ,  0.453715   ,  3.61505    ,  4.86469    ,  1.77337    ,  0.513819   ,  0.0174121  ,  0.458739   ,  0.195773   ,  1.01014    ,  1.3249     ])
Iter time: 61.2380268574
Iter time: 116.356601
Iter time: 198.479639053
38      , -18492      , array([ 0.0145188  ,  0.0401144  ,  0.456717   ,  3.45771    ,  4.85605    ,  1.77402    ,  0.513179   ,  0.0173454  ,  0.457915   ,  0.177644   ,  1.01014    ,  1.32462    ])
Iter time: 59.5021739006
Iter time: 112.265130043
Iter time: 190.609004974
39      , -18459.6    , array([ 0.0113096  ,  0.0425939  ,  0.460816   ,  3.45509    ,  4.84521    ,  1.77326    ,  0.512167   ,  0.0172374  ,  0.456904   ,  0.188504   ,  1.01014    ,  1.32374    ])
Iter time: 64.2102749348
Iter time: 121.461166859
Iter time: 206.771603823
40      , -18370.2    , array([ 0.0124951  ,  0.0386527  ,  0.454007   ,  3.47156    ,  4.74469    ,  1.80349    ,  0.524067   ,  0.0191412  ,  0.46242    ,  0.185904   ,  1.01009    ,  1.33417    ])
Iter time: 55.732943058
Iter time: 105.092144966
Iter time: 178.83792901
41      , -18159.7    , array([ 0.0114393  ,  0.0459917  ,  0.455221   ,  3.50184    ,  4.62834    ,  1.84269    ,  0.534507   ,  0.0210116  ,  0.464943   ,  0.1816     ,  1.01007    ,  1.34596    ])
Iter time: 55.6579740047
Iter time: 104.350277901
Iter time: 176.136355877
42      , -18385.4    , array([ 0.0129866  ,  0.045555   ,  0.459873   ,  3.44297    ,  4.76615    ,  1.77803    ,  0.513681   ,  0.01765    ,  0.456517   ,  0.188406   ,  1.01011    ,  1.34789    ])
Iter time: 53.2613132
Iter time: 100.543214083
Iter time: 170.707887888
43      , -18349.3    , array([ 0.0127508  ,  0.047725   ,  0.460714   ,  3.46356    ,  4.83889    ,  1.79303    ,  0.532461   ,  0.0162399  ,  0.449695   ,  0.187029   ,  1.01021    ,  1.33683    ])
Iter time: 51.043307066
Iter time: 96.1390209198
Iter time: 163.161232948
44      , -18292.4    , array([ 0.0126139  ,  0.0502676  ,  0.462781   ,  3.47366    ,  4.88565    ,  1.79616    ,  0.522252   ,  0.0209656  ,  0.443869   ,  0.18631    ,  1.01028    ,  1.33864    ])
Iter time: 46.4625501633
Iter time: 87.1777057648
Iter time: 147.613667965
45      , -18323.2    , array([ 0.0127427  ,  0.0572058  ,  0.4684     ,  3.43795    ,  4.75383    ,  1.85028    ,  0.518141   ,  0.0179719  ,  0.447468   ,  0.18794    ,  1.01017    ,  1.34061    ])
Iter time: 42.5097210407
Iter time: 79.3319458961
Iter time: 134.435456038
46      , -18247      , array([ 0.0126646  ,  0.0639912  ,  0.439258   ,  3.43019    ,  4.72591    ,  1.80369    ,  0.517761   ,  0.0179439  ,  0.444732   ,  0.18801    ,  1.01017    ,  1.33555    ])
Iter time: 42.2714929581
Iter time: 78.9920179844
Iter time: 133.106194973
47      , -18243.4    , array([ 0.0120364  ,  0.0649495  ,  0.46104    ,  3.50876    ,  4.83867    ,  1.82422    ,  0.523499   ,  0.0186186  ,  0.445485   ,  0.183501   ,  1.00973    ,  1.34459    ])
Iter time: 41.445125103
Iter time: 77.2470428944
Iter time: 130.281776905
48      , -18190.9    , array([ 0.0119961  ,  0.0667389  ,  0.464091   ,  3.52108    ,  4.4346     ,  1.82544    ,  0.524049   ,  0.0186941  ,  0.443303   ,  0.183044   ,  1.01018    ,  1.34535    ])
Iter time: 39.7757210732
Iter time: 73.7975690365
Iter time: 124.247735977
49      , -18172.1    , array([ 0.0120273  ,  0.0711813  ,  0.468742   ,  3.51851    ,  4.93269    ,  1.82804    ,  0.52455    ,  0.0187688  ,  0.46852    ,  0.183304   ,  1.01041    ,  1.34642    ])
Iter time: 39.6309919357
Iter time: 73.5131928921
Iter time: 123.468823195
50      , -18173.5    , array([ 0.0110937  ,  0.0726047  ,  0.464665   ,  3.31356    ,  4.69423    ,  1.8393     ,  0.528076   ,  0.0192028  ,  0.447433   ,  0.176345   ,  1.01016    ,  1.3517     ])
Iter time: 39.2058179379
Iter time: 72.5504338741
Iter time: 121.591264963
51      , -18144.7    , array([ 0.0103705  ,  0.0754771  ,  0.46294    ,  3.43985    ,  4.6761     ,  1.84974    ,  0.531262   ,  0.0196062  ,  0.446512   ,  0.194103   ,  1.01016    ,  1.35654    ])
Iter time: 34.4095108509
Iter time: 62.5658459663
Iter time: 104.044209957
52      , -18112.7    , array([ 0.00876459 ,  0.103531   ,  0.466083   ,  3.43095    ,  4.58863    ,  1.88881    ,  0.540541   ,  0.0208448  ,  0.440917   ,  0.202895   ,  1.01016    ,  1.37279    ])
Iter time: 36.0279481411
Iter time: 66.7795929909
Iter time: 112.331517935
53      , -18121      , array([ 0.0127594  ,  0.0824243  ,  0.459692   ,  3.43843    ,  4.64425    ,  1.87011    ,  0.537118   ,  0.0203639  ,  0.444851   ,  0.185177   ,  1.01016    ,  1.3657     ])
Iter time: 35.5532100201
Iter time: 65.4106838703
Iter time: 109.295825005
54      , -18118.2    , array([ 0.0102623  ,  0.0888766  ,  0.468787   ,  3.59231    ,  4.59483    ,  1.8713     ,  0.537795   ,  0.0204773  ,  0.441476   ,  0.17754    ,  1.01013    ,  1.36664    ])
Iter time: 34.4545538425
Iter time: 63.2710311413
Iter time: 105.630617142
55      , -18114.5    , array([ 0.0105368  ,  0.0956921  ,  0.463245   ,  3.49443    ,  4.65714    ,  1.89557    ,  0.543422   ,  0.0208943  ,  0.440582   ,  0.181884   ,  1.0102     ,  1.35047    ])
Iter time: 33.310683012
Iter time: 61.0760290623
Iter time: 102.07128191
56      , -18113      , array([ 0.0103959  ,  0.10257    ,  0.462821   ,  3.4788     ,  4.55795    ,  1.89721    ,  0.526039   ,  0.0236827  ,  0.445743   ,  0.182374   ,  1.0101     ,  1.36395    ])
Iter time: 34.5104088783
Iter time: 63.2661910057
Iter time: 105.217036963
57      , -18010.2    , array([ 0.0100555  ,  0.0943172  ,  0.454319   ,  3.51162    ,  4.60708    ,  1.8462     ,  0.541942   ,  0.0224075  ,  0.447672   ,  0.180583   ,  1.01012    ,  1.36401    ])
Iter time: 31.450304985
Iter time: 56.7131409645
Iter time: 93.7506458759
58      , -17917.2    , array([ 0.0089326  ,  0.121106   ,  0.447437   ,  3.54904    ,  4.53541    ,  1.84416    ,  0.55425    ,  0.0250203  ,  0.447774   ,  0.177013   ,  1.0101     ,  1.37587    ])
Iter time: 31.077521801
Iter time: 56.299890995
Iter time: 93.3513941765
59      , -18121.3    , array([ 0.00959041 ,  0.124276   ,  0.457258   ,  3.48797    ,  4.42755    ,  1.9102     ,  0.543031   ,  0.0197823  ,  0.451961   ,  0.180616   ,  1.00999    ,  1.37229    ])
Iter time: 33.3183400631
Iter time: 60.6059498787
Iter time: 100.571150064
60      , -18041.8    , array([ 0.00911951 ,  0.109044   ,  0.48498    ,  3.54202    ,  4.52772    ,  1.92051    ,  0.552108   ,  0.0234925  ,  0.452298   ,  0.17779    ,  1.01006    ,  1.3817     ])
Iter time: 32.2468969822
Iter time: 58.5257251263
Iter time: 96.9879300594
61      , -18008.3    , array([ 0.00916178 ,  0.117125   ,  0.465982   ,  3.46815    ,  4.37352    ,  1.91525    ,  0.550922   ,  0.0235358  ,  0.452677   ,  0.181201   ,  1.01056    ,  1.37865    ])
Iter time: 31.9825499058
Iter time: 57.8193099499
Iter time: 95.5637030602
62      , -18045.8    , array([ 0.00878868 ,  0.125187   ,  0.463233   ,  3.44731    ,  4.76101    ,  1.92934    ,  0.554949   ,  0.024358   ,  0.456494   ,  0.181346   ,  1.01017    ,  1.3835     ])
Iter time: 31.722714901
Iter time: 57.355866909
Iter time: 94.9206829071
63      , -18022.7    , array([ 0.00914171 ,  0.12601    ,  0.462422   ,  3.68744    ,  4.50828    ,  1.93012    ,  0.555292   ,  0.0246715  ,  0.453795   ,  0.189116   ,  1.0102     ,  1.38235    ])
Iter time: 31.6663510799
Iter time: 56.9109270573
Iter time: 93.7296609879
64      , -18031.5    , array([ 0.00805529 ,  0.141366   ,  0.457364   ,  3.49991    ,  4.22649    ,  1.95967    ,  0.564357   ,  0.0264191  ,  0.43107    ,  0.182884   ,  1.0099     ,  1.39386    ])
Iter time: 28.5761041641
Iter time: 50.6898758411
Iter time: 82.7111938
65      , -18413.5    , array([ 0.00798843 ,  0.263821   ,  0.471318   ,  3.51624    ,  4.43675    ,  1.96414    ,  0.558882   ,  0.0245172  ,  0.428945   ,  0.184817   ,  1.01022    ,  1.4025     ])
Iter time: 40.9528400898
Iter time: 75.661839962
Iter time: 127.078637123
66      , -18032.4    , array([ 0.0104572  ,  0.0711765  ,  0.459193   ,  3.50543    ,  4.57968    ,  1.87233    ,  0.540499   ,  0.021838   ,  0.45567    ,  0.182399   ,  1.01011    ,  1.35987    ])
Iter time: 36.402793169
Iter time: 66.5540449619
Iter time: 111.088566065
67      , -17972.8    , array([ 0.00966693 ,  0.0889728  ,  0.469549   ,  3.53316    ,  4.66414    ,  1.88841    ,  0.549681   ,  0.0264733  ,  0.441867   ,  0.186129   ,  1.01032    ,  1.37351    ])
Iter time: 33.1672379971
Iter time: 59.1468348503
Iter time: 96.5545129776
68      , -17984.8    , array([ 0.00693756 ,  0.13587    ,  0.468717   ,  3.60034    ,  4.44968    ,  1.93203    ,  0.557879   ,  0.0268668  ,  0.448426   ,  0.181699   ,  1.01018    ,  1.38144    ])
Iter time: 32.0604000092
Iter time: 57.6293170452
Iter time: 94.9856619835
69      , -17957.5    , array([ 0.00808077 ,  0.135243   ,  0.459611   ,  3.4474     ,  4.47354    ,  1.94111    ,  0.560592   ,  0.0279551  ,  0.453031   ,  0.190249   ,  1.01021    ,  1.38297    ])
Iter time: 32.5182881355
Iter time: 58.2129659653
Iter time: 95.5473079681
70      , -17920.7    , array([ 0.00752971 ,  0.133066   ,  0.4645     ,  3.53596    ,  4.3842     ,  1.92385    ,  0.55767    ,  0.0287592  ,  0.456064   ,  0.187101   ,  1.01015    ,  1.40509    ])
Iter time: 33.6101799011
Iter time: 60.1278162003
Iter time: 98.6710090637
71      , -17884.1    , array([ 0.0072323  ,  0.129647   ,  0.465207   ,  3.56151    ,  4.45069    ,  1.92665    ,  0.581733   ,  0.0262078  ,  0.452507   ,  0.187397   ,  1.01026    ,  1.39812    ])
Iter time: 35.0331330299
Iter time: 61.8735570908
Iter time: 100.712648153
72      , -17791.2    , array([ 0.00603231 ,  0.145758   ,  0.466404   ,  3.6036     ,  4.39801    ,  1.94154    ,  0.611753   ,  0.0275696  ,  0.455928   ,  0.18996    ,  1.01034    ,  1.41552    ])
Iter time: 31.8903801441
Iter time: 57.3205769062
Iter time: 94.6828610897
73      , -17830.6    , array([ 0.00806058 ,  0.135979   ,  0.462003   ,  3.64085    ,  4.38977    ,  1.94412    ,  0.577923   ,  0.0311963  ,  0.460019   ,  0.166603   ,  1.01022    ,  1.39623    ])
Iter time: 33.915956974
Iter time: 61.078922987
Iter time: 101.321358919
74      , -17835.7    , array([ 0.00792346 ,  0.114017   ,  0.464641   ,  3.65672    ,  4.17397    ,  1.9057     ,  0.566738   ,  0.0278209  ,  0.444892   ,  0.183785   ,  1.01022    ,  1.38753    ])
Iter time: 33.6095161438
Iter time: 59.8463850021
Iter time: 97.3232870102
75      , -17817.4    , array([ 0.00745917 ,  0.131873   ,  0.440647   ,  3.57789    ,  4.32993    ,  1.912      ,  0.572142   ,  0.0296703  ,  0.447785   ,  0.1885     ,  1.01036    ,  1.39032    ])
Iter time: 33.0124959946
Iter time: 57.9571330547
Iter time: 94.0836451054
76      , -18003.1    , array([ 0.00614882 ,  0.223901   ,  0.462206   ,  3.62758    ,  4.24098    ,  1.96806    ,  0.589999   ,  0.0335912  ,  0.443181   ,  0.184747   ,  1.01035    ,  1.41785    ])
Iter time: 33.2429060936
Iter time: 59.7469060421
Iter time: 98.2005438805
77      , -17794.2    , array([ 0.00763095 ,  0.121712   ,  0.46487    ,  3.65508    ,  4.598      ,  1.88169    ,  0.569258   ,  0.0289005  ,  0.470639   ,  0.184568   ,  1.01063    ,  1.38722    ])
Iter time: 33.8437960148
Iter time: 59.9271380901
Iter time: 97.8051571846
78      , -17751.5    , array([ 0.00652465 ,  0.135756   ,  0.460189   ,  3.46409    ,  4.32478    ,  1.90243    ,  0.58095    ,  0.0317745  ,  0.449796   ,  0.177764   ,  1.01041    ,  1.3996     ])
Iter time: 35.5881171227
Iter time: 62.5910401344
Iter time: 101.254811049
79      , -17605.7    , array([ 0.00551217 ,  0.140909   ,  0.459077   ,  3.35755    ,  4.23585    ,  1.88873    ,  0.59422    ,  0.0360595  ,  0.44781    ,  0.172347   ,  1.01052    ,  1.4083     ])
Iter time: 34.2333571911
Iter time: 60.211616993
Iter time: 97.7440638542
80      , -17709.2    , array([ 0.00598175 ,  0.150625   ,  0.455539   ,  3.66328    ,  4.43434    ,  1.91275    ,  0.592989   ,  0.0357623  ,  0.450095   ,  0.183987   ,  1.01004    ,  1.40834    ])
Iter time: 40.933765173
Iter time: 75.1971619129
Iter time: 125.647931099
81      , -17868.7    , array([ 0.00887203 ,  0.0737561  ,  0.45815    ,  3.508      ,  4.60703    ,  1.85259    ,  0.554181   ,  0.02532    ,  0.460926   ,  0.180331   ,  1.0102     ,  1.36786    ])
Iter time: 34.0703821182
Iter time: 61.6794278622
Iter time: 101.835010052
82      , -17662.3    , array([ 0.00819239 ,  0.109776   ,  0.450072   ,  3.51927    ,  4.41646    ,  1.87399    ,  0.585438   ,  0.031346   ,  0.457628   ,  0.183125   ,  1.01037    ,  1.4016     ])
Iter time: 34.5273830891
Iter time: 60.6254448891
Iter time: 98.2167840004
83      , -17693.9    , array([ 0.00571938 ,  0.173614   ,  0.446113   ,  3.58384    ,  4.17524    ,  1.91483    ,  0.600443   ,  0.0327203  ,  0.467142   ,  0.178282   ,  1.01024    ,  1.41446    ])
Iter time: 35.0074510574
Iter time: 62.2784860134
Iter time: 101.877358913
84      , -17590.3    , array([ 0.00645904 ,  0.119071   ,  0.4535     ,  3.69683    ,  4.30335    ,  1.85862    ,  0.595535   ,  0.0318095  ,  0.457964   ,  0.172543   ,  1.01036    ,  1.41006    ])
Iter time: 36.8250820637
Iter time: 65.1934940815
Iter time: 106.231720209
85      , -17408      , array([ 0.00577465 ,  0.111725   ,  0.450475   ,  3.82824    ,  4.2207     ,  1.8187     ,  0.613815   ,  0.0339317  ,  0.460451   ,  0.164318   ,  1.01043    ,  1.42381    ])
Iter time: 35.2243988514
Iter time: 62.7082588673
Iter time: 102.650300026
86      , -17546.8    , array([ 0.00663183 ,  0.117544   ,  0.44644    ,  3.65226    ,  4.36332    ,  1.85781    ,  0.608303   ,  0.0317843  ,  0.455645   ,  0.17169    ,  1.01046    ,  1.39093    ])
Iter time: 37.9665029049
Iter time: 66.7190089226
Iter time: 108.308377028
87      , -17484.2    , array([ 0.00531957 ,  0.128511   ,  0.463293   ,  3.65624    ,  4.19075    ,  1.94047    ,  0.621623   ,  0.0380204  ,  0.465431   ,  0.180554   ,  1.01057    ,  1.42306    ])
Iter time: 38.3511719704
Iter time: 66.977627039
Iter time: 108.412169218
88      , -17696.7    , array([ 0.00491821 ,  0.231472   ,  0.453303   ,  3.72461    ,  4.06099    ,  1.94661    ,  0.633715   ,  0.0402042  ,  0.452883   ,  0.177268   ,  1.01054    ,  1.44086    ])
Iter time: 35.9540550709
Iter time: 62.5575020313
Iter time: 100.750065088
89      , -17505.5    , array([ 0.00508625 ,  0.168493   ,  0.445134   ,  3.58411    ,  4.46187    ,  1.89907    ,  0.631319   ,  0.0389059  ,  0.470601   ,  0.172893   ,  1.01056    ,  1.42938    ])
Iter time: 38.4944720268
Iter time: 66.7733089924
Iter time: 107.516973972
90      , -17430.3    , array([ 0.00463039 ,  0.14642    ,  0.444908   ,  3.59031    ,  4.25406    ,  1.85428    ,  0.628285   ,  0.0359971  ,  0.456853   ,  0.191905   ,  1.01062    ,  1.42605    ])
Iter time: 38.0317299366
Iter time: 65.9439899921
Iter time: 106.018023014
91      , -17382      , array([ 0.00462148 ,  0.153635   ,  0.467219   ,  3.6556     ,  4.30017    ,  1.87583    ,  0.644613   ,  0.0390876  ,  0.470906   ,  0.17012    ,  1.01053    ,  1.43818    ])
Iter time: 43.0584900379
Iter time: 73.317718029
Iter time: 116.739932775
92      , -17164.9    , array([ 0.0036377  ,  0.165827   ,  0.4811     ,  3.69509    ,  4.28537    ,  1.858      ,  0.684221   ,  0.0448639  ,  0.48291    ,  0.161613   ,  1.01062    ,  1.46273    ])
Iter time: 43.9108879566
Iter time: 76.0264840126
Iter time: 122.242170095
93      , -17322.4    , array([ 0.00399271 ,  0.175266   ,  0.445415   ,  3.58491    ,  4.00221    ,  1.90202    ,  0.668049   ,  0.0431806  ,  0.449965   ,  0.16994    ,  1.01025    ,  1.45418    ])
Iter time: 38.1429171562
Iter time: 66.3378999233
Iter time: 106.824533939
94      , -17203.8    , array([ 0.00471513 ,  0.150919   ,  0.440555   ,  3.63296    ,  4.11896    ,  1.83709    ,  0.630831   ,  0.0487797  ,  0.463466   ,  0.16208    ,  1.01053    ,  1.43152    ])
Iter time: 39.6128690243
Iter time: 68.9625370502
Iter time: 111.087021828
95      , -17223.4    , array([ 0.00457011 ,  0.14609    ,  0.448556   ,  3.56883    ,  4.03528    ,  1.85224    ,  0.657537   ,  0.0396016  ,  0.471768   ,  0.163843   ,  1.01091    ,  1.44274    ])
Iter time: 41.3924150467
Iter time: 73.7456309795
Iter time: 120.577577829
96      , -17313.6    , array([ 0.00549078 ,  0.088045   ,  0.449978   ,  3.48516    ,  4.40161    ,  1.805      ,  0.619076   ,  0.0351377  ,  0.472067   ,  0.167836   ,  1.01048    ,  1.41049    ])
Iter time: 41.0841870308
Iter time: 71.8727259636
Iter time: 116.322230816
97      , -17119.8    , array([ 0.00468964 ,  0.104827   ,  0.457888   ,  3.60524    ,  4.319      ,  1.81698    ,  0.656717   ,  0.0436905  ,  0.458459   ,  0.16521    ,  1.01082    ,  1.43613    ])
Iter time: 46.6870691776
Iter time: 81.915430069
Iter time: 132.926457882
98      , -16881.9    , array([ 0.00424654 ,  0.0814545  ,  0.463891   ,  3.61599    ,  4.39272    ,  1.76995    ,  0.686801   ,  0.0504861  ,  0.454179   ,  0.159038   ,  1.01111    ,  1.44709    ])
Iter time: 51.9587168694
Iter time: 88.5641391277
Iter time: 140.858399868
99      , -16991.4    , array([ 0.00293437 ,  0.157743   ,  0.456154   ,  3.68801    ,  4.07944    ,  1.83899    ,  0.691715   ,  0.0493766  ,  0.467401   ,  0.157105   ,  1.0108     ,  1.45705    ])
Iter time: 42.9907650948
Iter time: 73.9875581264
Iter time: 118.438575983
100     , -16938      , array([ 0.00392617 ,  0.125224   ,  0.446731   ,  3.92661    ,  4.22679    ,  1.81654    ,  0.698969   ,  0.0452307  ,  0.481069   ,  0.164373   ,  1.0107     ,  1.45837    ])
Iter time: 51.2704570293
Iter time: 87.5544090271
Iter time: 138.971103907
101     , -16896.5    , array([ 0.0029903  ,  0.151707   ,  0.459425   ,  3.65359    ,  4.08163    ,  1.83988    ,  0.698782   ,  0.0544225  ,  0.477095   ,  0.163809   ,  1.0108     ,  1.48827    ])
Iter time: 47.6273949146
Iter time: 82.2248020172
Iter time: 131.874759912
102     , -16858.2    , array([ 0.00356864 ,  0.103999   ,  0.463207   ,  3.735      ,  3.93266    ,  1.79042    ,  0.684796   ,  0.0470186  ,  0.462989   ,  0.161212   ,  1.01074    ,  1.45802    ])
Iter time: 57.2480618954
Iter time: 98.9361381531
Iter time: 158.993647814
103     , -16582.9    , array([ 0.00298921 ,  0.0817058  ,  0.472517   ,  3.81282    ,  3.69208    ,  1.73845    ,  0.713211   ,  0.0516888  ,  0.45923    ,  0.15567    ,  1.01083    ,  1.47255    ])
Iter time: 48.828455925
Iter time: 83.2438559532
Iter time: 131.859191179
104     , -16704.6    , array([ 0.00309959 ,  0.126442   ,  0.446516   ,  3.687      ,  4.0996     ,  1.72042    ,  0.711593   ,  0.0506405  ,  0.467086   ,  0.150604   ,  1.01078    ,  1.47287    ])
Iter time: 48.3842179775
Iter time: 83.192111969
Iter time: 132.734088182
105     , -16624.6    , array([ 0.00333051 ,  0.108296   ,  0.465247   ,  3.77137    ,  4.01377    ,  1.77804    ,  0.71881    ,  0.0566177  ,  0.477616   ,  0.136086   ,  1.01075    ,  1.47771    ])
Iter time: 60.5151610374
Iter time: 102.64222908
Iter time: 163.420269966
106     , -16516.7    , array([ 0.0024365  ,  0.141191   ,  0.461975   ,  3.52816    ,  4.01174    ,  1.806      ,  0.755376   ,  0.0654142  ,  0.476784   ,  0.154017   ,  1.011      ,  1.48923    ])
Iter time: 90.3475859165
Iter time: 149.559280872
Iter time: 235.516852856
107     , -16077.4    , array([ 0.00158266 ,  0.158721   ,  0.467834   ,  3.38707    ,  3.91118    ,  1.79969    ,  0.837966   ,  0.090825   ,  0.485167   ,  0.149111   ,  1.01129    ,  1.52305    ])
Iter time: 51.7411570549
Iter time: 88.4039928913
Iter time: 140.311312914
108     , -16480.1    , array([ 0.00302026 ,  0.0885281  ,  0.471063   ,  3.73217    ,  4.21456    ,  1.71104    ,  0.720768   ,  0.0581846  ,  0.494059   ,  0.145712   ,  1.01135    ,  1.46941    ])
Iter time: 75.7592489719
Iter time: 129.005891085
Iter time: 205.039420843
109     , -16366.6    , array([ 0.00198798 ,  0.176389   ,  0.469858   ,  3.88304    ,  3.80449    ,  1.78702    ,  0.797752   ,  0.0777729  ,  0.474514   ,  0.144103   ,  1.01127    ,  1.5253     ])
Iter time: 65.3163149357
Iter time: 109.709924936
Iter time: 172.02037406
110     , -16183.9    , array([ 0.00207907 ,  0.109698   ,  0.475007   ,  3.84571    ,  4.10934    ,  1.73108    ,  0.775681   ,  0.0772221  ,  0.475274   ,  0.14449    ,  1.0109     ,  1.50509    ])
Iter time: 76.6241080761
Iter time: 128.409451008
Iter time: 201.366716862
111     , -16068.7    , array([ 0.00175805 ,  0.100689   ,  0.489741   ,  3.81383    ,  4.02429    ,  1.72815    ,  0.836858   ,  0.067681   ,  0.485821   ,  0.143292   ,  1.01134    ,  1.52962    ])
Iter time: 118.321336985
Iter time: 196.554197073
Iter time: 306.262562037
112     , -15545.4    , array([ 0.00107349 ,  0.0822436  ,  0.516356   ,  3.90762    ,  3.97778    ,  1.67613    ,  0.963877   ,  0.0797224  ,  0.497399   ,  0.134731   ,  1.01174    ,  1.58116    ])
Iter time: 78.5561840534
Iter time: 133.661377907
Iter time: 211.391840935
113     , -15900.9    , array([ 0.00185934 ,  0.0815287  ,  0.453785   ,  3.78482    ,  3.8203     ,  1.67961    ,  0.816907   ,  0.0809883  ,  0.468562   ,  0.139414   ,  1.01144    ,  1.51654    ])
Iter time: 67.0567131042
Iter time: 113.504471064
Iter time: 179.007946968
114     , -15870.3    , array([ 0.00213621 ,  0.0767794  ,  0.478186   ,  3.8085     ,  3.96949    ,  1.67152    ,  0.830774   ,  0.0799124  ,  0.484311   ,  0.140587   ,  1.01136    ,  1.53263    ])
Iter time: 97.7226681709
Iter time: 165.47510314
Iter time: 262.349678993
115     , -15691.7    , array([ 0.00144257 ,  0.0891452  ,  0.493842   ,  3.55891    ,  3.79121    ,  1.66888    ,  0.846168   ,  0.0959178  ,  0.471077   ,  0.130915   ,  1.01156    ,  1.54398    ])
Iter time: 82.5584290028
Iter time: 138.976047039
Iter time: 218.955621004
116     , -15648.9    , array([ 0.00167737 ,  0.0673434  ,  0.486013   ,  3.80815    ,  3.87805    ,  1.62114    ,  0.873827   ,  0.0876142  ,  0.473998   ,  0.126549   ,  1.01159    ,  1.52225    ])
Iter time: 150.842504025
Iter time: 258.091370106
Iter time: 411.182228088
117     , -15561.1    , array([ 0.00101175 ,  0.121511   ,  0.485086   ,  3.88111    ,  3.52933    ,  1.6607     ,  0.925482   ,  0.103534   ,  0.50147    ,  0.125475   ,  1.01137    ,  1.57883    ])
Iter time: 125.028424025
Iter time: 211.86958003
Iter time: 335.333711147
118     , -15313.5    , array([ 0.00115018 ,  0.0777612  ,  0.510969   ,  3.83905    ,  3.68844    ,  1.69848    ,  0.933234   ,  0.116284   ,  0.49342    ,  0.128531   ,  1.01179    ,  1.56927    ])
Iter time: 61.5290141106
Iter time: 104.57763195
Iter time: 165.434262037
121     , -16254.5    , array([ 0.00239902 ,  0.102206   ,  0.473256   ,  3.7696     ,  3.93679    ,  1.74007    ,  0.773725   ,  0.067921   ,  0.479493   ,  0.137273   ,  1.01106    ,  1.50261    ])
Iter time: 67.799973011
Iter time: 115.80221796
Iter time: 184.225049973
123     , -16220.4    , array([ 0.00225204 ,  0.089608   ,  0.47697    ,  3.78846    ,  3.78585    ,  1.72065    ,  0.773325   ,  0.0656399  ,  0.471019   ,  0.146051   ,  1.01111    ,  1.50125    ])
Iter time: 63.041189909
Iter time: 106.326653004
Iter time: 167.558062077
125     , -16151.2    , array([ 0.00223619 ,  0.0933212  ,  0.476483   ,  3.75052    ,  4.02682    ,  1.70743    ,  0.779695   ,  0.0699931  ,  0.487583   ,  0.141316   ,  1.01136    ,  1.50099    ])
Iter time: 97.2432360649
Iter time: 162.92615509
Iter time: 257.917070866
126     , -15589.8    , array([ 0.00140621 ,  0.0493409  ,  0.49554    ,  3.63711    ,  3.9279     ,  1.61223    ,  0.888346   ,  0.0895673  ,  0.490181   ,  0.129923   ,  1.01149    ,  1.53712    ])
Iter time: 127.316662073
Iter time: 214.829226017
Iter time: 336.176809072
127     , -15329.3    , array([ 0.00106602 ,  0.0754206  ,  0.495769   ,  3.72429    ,  3.79447    ,  1.63481    ,  0.937266   ,  0.107398   ,  0.486877   ,  0.135143   ,  1.01177    ,  1.56625    ])
Iter time: 127.152339935
Iter time: 211.387808084
Iter time: 329.440090895
128     , -15168.5    , array([ 0.00100251 ,  0.0835878  ,  0.495088   ,  3.69521    ,  3.94726    ,  1.63921    ,  0.968287   ,  0.120635   ,  0.498378   ,  0.125388   ,  1.01183    ,  1.57878    ])
Iter time: 79.2676980495
Iter time: 133.021006823
Iter time: 208.834578037
131     , -15886.2    , array([ 0.00171455 ,  0.0963391  ,  0.481274   ,  3.78697    ,  3.97899    ,  1.70119    ,  0.826887   ,  0.0844507  ,  0.480818   ,  0.139009   ,  1.01122    ,  1.52525    ])
Iter time: 78.5551691055
Iter time: 132.123561859
Iter time: 207.689772129
133     , -15865.2    , array([ 0.00175859 ,  0.0889753  ,  0.482223   ,  3.74131    ,  3.93687    ,  1.68928    ,  0.831057   ,  0.0810322  ,  0.486721   ,  0.137379   ,  1.01145    ,  1.52419    ])
Iter time: 112.371950865
Iter time: 188.850616932
Iter time: 297.439077139
134     , -15465      , array([ 0.00122994 ,  0.0411708  ,  0.511677   ,  4.18109    ,  3.79182    ,  1.53581    ,  0.935078   ,  0.0950729  ,  0.486813   ,  0.117994   ,  1.01181    ,  1.57302    ])
Iter time: 89.0686340332
Iter time: 150.304426908
Iter time: 237.055529833
136     , -15715.4    , array([ 0.00158314 ,  0.0789038  ,  0.473554   ,  3.78968    ,  3.83444    ,  1.66482    ,  0.855165   ,  0.0873329  ,  0.477957   ,  0.135045   ,  1.01151    ,  1.53444    ])
Iter time: 133.682158947
Iter time: 227.745745897
Iter time: 356.150562048
137     , -15234.5    , array([ 0.00104577 ,  0.0585487  ,  0.506076   ,  3.8026     ,  3.69966    ,  1.59492    ,  0.974632   ,  0.105607   ,  0.493863   ,  0.122507   ,  1.01199    ,  1.58194    ])
Iter time: 84.1255300045
Iter time: 141.393619061
Iter time: 222.396925926
139     , -15658.2    , array([ 0.0016417  ,  0.0750839  ,  0.486941   ,  3.80139    ,  3.89114    ,  1.65607    ,  0.869367   ,  0.0878874  ,  0.486197   ,  0.134674   ,  1.01151    ,  1.54499    ])
Iter time: 92.2884771824
Iter time: 155.458445072
Iter time: 244.370393038
141     , -15650.9    , array([ 0.00148528 ,  0.0802579  ,  0.48919    ,  3.77021    ,  3.87324    ,  1.66347    ,  0.871149   ,  0.088801   ,  0.487383   ,  0.133018   ,  1.01156    ,  1.54159    ])
Iter time: 98.722012043
Iter time: 166.186197042
Iter time: 261.563235998
143     , -15579.3    , array([ 0.0014055  ,  0.0756327  ,  0.48543    ,  3.79369    ,  3.82412    ,  1.65133    ,  0.884376   ,  0.0922528  ,  0.483369   ,  0.1318     ,  1.01159    ,  1.54707    ])
Iter time: 123.433532
Iter time: 206.519886971
Iter time: 323.583001852
144     , -15215.5    , array([ 0.00107465 ,  0.0573649  ,  0.49996    ,  4.09587    ,  3.84211    ,  1.60476    ,  0.995839   ,  0.0983654  ,  0.509459   ,  0.126532   ,  1.01177    ,  1.57632    ])
Iter time: 97.4341130257
Iter time: 163.661383867
Iter time: 257.285681009
146     , -15525.4    , array([ 0.00140469 ,  0.0724584  ,  0.492432   ,  3.82153    ,  3.85164    ,  1.6441     ,  0.898402   ,  0.0928297  ,  0.488992   ,  0.131314   ,  1.0116     ,  1.55381    ])
Iter time: 102.501020908
Iter time: 172.177997112
Iter time: 271.126608133
148     , -15518      , array([ 0.00133299 ,  0.0745949  ,  0.493704   ,  3.80797    ,  3.84188    ,  1.64697    ,  0.900478   ,  0.0934836  ,  0.489656   ,  0.130434   ,  1.01163    ,  1.55261    ])
Iter time: 99.3157529831
Iter time: 164.112118959
Iter time: 257.84203577
150     , -15509      , array([ 0.00140307 ,  0.068622   ,  0.49242    ,  3.82708    ,  3.84276    ,  1.62695    ,  0.90299    ,  0.093108   ,  0.483539   ,  0.127384   ,  1.01165    ,  1.54411    ])
Iter time: 104.506522179
Iter time: 175.171766996
Iter time: 274.861455202
152     , -15464.3    , array([ 0.00128455 ,  0.0595509  ,  0.497092   ,  3.74809    ,  3.86385    ,  1.62309    ,  0.911082   ,  0.0942923  ,  0.491445   ,  0.128964   ,  1.0116     ,  1.55193    ])
Iter time: 107.492686033
Iter time: 180.525017977
Iter time: 284.131098986
154     , -15473.6    , array([ 0.00127942 ,  0.0729985  ,  0.492483   ,  3.82598    ,  3.81411    ,  1.64147    ,  0.910171   ,  0.0957826  ,  0.488355   ,  0.129775   ,  1.01165    ,  1.55714    ])
Iter time: 103.490348101
Iter time: 175.444166899
Iter time: 276.903161049
155     , -15545.8    , array([ 0.00139413 ,  0.0375263  ,  0.515925   ,  3.827      ,  4.15369    ,  1.60003    ,  0.945458   ,  0.0942919  ,  0.483308   ,  0.130862   ,  1.01211    ,  1.55224    ])
Iter time: 101.530252934
Iter time: 169.335904837
Iter time: 264.832854986
156     , -15412.7    , array([ 0.00128675 ,  0.0503392  ,  0.508036   ,  3.84046    ,  3.98794    ,  1.61499    ,  0.940424   ,  0.096522   ,  0.487786   ,  0.129494   ,  1.01192    ,  1.55884    ])
Iter time: 106.398743153
Iter time: 180.228730917
Iter time: 286.288136005
157     , -15225.2    , array([ 0.00135423 ,  0.0510879  ,  0.483371   ,  3.79007    ,  3.68698    ,  1.57552    ,  0.904078   ,  0.12642    ,  0.485681   ,  0.12107    ,  1.01176    ,  1.54628    ])
Iter time: 131.320775032
Iter time: 221.252831936
Iter time: 348.644088984
158     , -15171.4    , array([ 0.00102864 ,  0.0547061  ,  0.505287   ,  3.87011    ,  3.78009    ,  1.59484    ,  0.970985   ,  0.114305   ,  0.493472   ,  0.122549   ,  1.01193    ,  1.57223    ])
Iter time: 130.362229824
Iter time: 218.421792984
Iter time: 342.709179163
159     , -15131.9    , array([ 0.00103814 ,  0.0504626  ,  0.505937   ,  3.89439    ,  3.77947    ,  1.58355    ,  0.980996   ,  0.117374   ,  0.493441   ,  0.1221     ,  1.01195    ,  1.57674    ])
Iter time: 107.536452055
Iter time: 180.298295021
Iter time: 283.215240955
162     , -15390.9    , array([ 0.0012687  ,  0.0640603  ,  0.496648   ,  3.84178    ,  3.82397    ,  1.61911    ,  0.924434   ,  0.0997152  ,  0.487938   ,  0.126566   ,  1.01173    ,  1.55569    ])
Iter time: 130.237852812
Iter time: 217.930500984
Iter time: 341.857208967
163     , -15102.4    , array([ 0.00102721 ,  0.047936   ,  0.510203   ,  3.89       ,  3.7981     ,  1.5781     ,  0.986597   ,  0.119866   ,  0.496359   ,  0.12135    ,  1.01199    ,  1.57739    ])
Iter time: 130.598960876
Iter time: 219.015194893
Iter time: 344.129066944
165     , -15183.9    , array([ 0.00103693 ,  0.0871764  ,  0.490827   ,  3.51706    ,  3.82148    ,  1.69433    ,  0.968941   ,  0.125516   ,  0.499546   ,  0.134091   ,  1.01186    ,  1.5622     ])
Iter time: 112.925395012
Iter time: 189.299395084
Iter time: 298.34001112
167     , -15339.8    , array([ 0.00119374 ,  0.0606859  ,  0.49885    ,  3.78112    ,  3.83337    ,  1.621      ,  0.933639   ,  0.102708   ,  0.492626   ,  0.127572   ,  1.01173    ,  1.56017    ])
Iter time: 112.88319087
Iter time: 185.084010124
Iter time: 289.326537132
169     , -15303.2    , array([ 0.00119103 ,  0.0562314  ,  0.503928   ,  3.82495    ,  3.88803    ,  1.6172     ,  0.948268   ,  0.104184   ,  0.490991   ,  0.127754   ,  1.01188    ,  1.5637     ])
Iter time: 115.166135073
Iter time: 193.533573866
Iter time: 303.86549902
171     , -15298      , array([ 0.00117954 ,  0.0630902  ,  0.498551   ,  3.82491    ,  3.80989    ,  1.61918    ,  0.94117    ,  0.106087   ,  0.491195   ,  0.126351   ,  1.01179    ,  1.56245    ])
Iter time: 135.955878973
Iter time: 229.603476048
Iter time: 359.970481157
172     , -15069.6    , array([ 0.00100544 ,  0.0640314  ,  0.502025   ,  3.84266    ,  3.75489    ,  1.6172     ,  0.984742   ,  0.124701   ,  0.496088   ,  0.124516   ,  1.01199    ,  1.57875    ])
Iter time: 121.894048929
Iter time: 204.604485989
Iter time: 321.421684027
174     , -15061.8    , array([ 0.00111497 ,  0.050135   ,  0.506201   ,  3.9217     ,  3.78675    ,  1.60064    ,  0.989044   ,  0.122261   ,  0.503517   ,  0.115946   ,  1.01199    ,  1.57471    ])
Iter time: 120.123535156
Iter time: 202.103243113
Iter time: 318.225507021
175     , -14971.1    , array([ 0.00114028 ,  0.0408758  ,  0.511499   ,  4.0243     ,  3.7829     ,  1.58383    ,  1.016      ,  0.130446   ,  0.512049   ,  0.107396   ,  1.0121     ,  1.57896    ])
Iter time: 124.293384075
Iter time: 206.404306889
Iter time: 323.972788811
176     , -15107      , array([ 0.0010319  ,  0.0436837  ,  0.491228   ,  3.83448    ,  3.91207    ,  1.5228     ,  1.00748    ,  0.115102   ,  0.499918   ,  0.118315   ,  1.01202    ,  1.57329    ])
Iter time: 117.620342016
Iter time: 196.845761061
Iter time: 308.728173018
178     , -15216.8    , array([ 0.00113231 ,  0.0566488  ,  0.501929   ,  3.83125    ,  3.84404    ,  1.60868    ,  0.961322   ,  0.110244   ,  0.494187   ,  0.125115   ,  1.0119     ,  1.56788    ])
Iter time: 120.010412931
Iter time: 201.617002964
Iter time: 316.877106905
180     , -15211.2    , array([ 0.00112492 ,  0.0597356  ,  0.499384   ,  3.83149    ,  3.80664    ,  1.60923    ,  0.958563   ,  0.111425   ,  0.494415   ,  0.124375   ,  1.01186    ,  1.56749    ])
Iter time: 115.958055019
Iter time: 192.789325953
Iter time: 301.137387037
181     , -15020.6    , array([ 0.00111406 ,  0.0548209  ,  0.493333   ,  3.8788     ,  3.92864    ,  1.60616    ,  0.97522    ,  0.130854   ,  0.501572   ,  0.122663   ,  1.01184    ,  1.56079    ])
Iter time: 115.240077019
Iter time: 194.38608098
Iter time: 306.228811979
183     , -15164.2    , array([ 0.00119922 ,  0.0539574  ,  0.491868   ,  3.81889    ,  3.75911    ,  1.58925    ,  0.941802   ,  0.122082   ,  0.492315   ,  0.121891   ,  1.01184    ,  1.55936    ])
Iter time: 133.308367014
Iter time: 222.432449102
Iter time: 350.274900198
184     , -14991.3    , array([ 0.00100555 ,  0.0568661  ,  0.497422   ,  3.86258    ,  3.8071     ,  1.5943     ,  0.997865   ,  0.128234   ,  0.503621   ,  0.119846   ,  1.01193    ,  1.57581    ])
Iter time: 128.12372303
Iter time: 216.511918068
Iter time: 337.074338198
185     , -14932.1    , array([ 0.00104783 ,  0.0560745  ,  0.498956   ,  3.57789    ,  3.8032     ,  1.59645    ,  0.963604   ,  0.150214   ,  0.487587   ,  0.117436   ,  1.01209    ,  1.56729    ])
Iter time: 130.401713133
Iter time: 218.993317842
Iter time: 343.94664979
186     , -14759.5    , array([ 0.00103467 ,  0.0554403  ,  0.498455   ,  3.34401    ,  3.7839     ,  1.59232    ,  0.94788    ,  0.185628   ,  0.477005   ,  0.113135   ,  1.01224    ,  1.56279    ])
Iter time: 123.404402971
Iter time: 206.721054077
Iter time: 324.379179955
188     , -15130.7    , array([ 0.00108877 ,  0.0580256  ,  0.499382   ,  3.80816    ,  3.81366    ,  1.6042     ,  0.968567   ,  0.118882   ,  0.495664   ,  0.122646   ,  1.01191    ,  1.56945    ])
Iter time: 127.003094912
Iter time: 213.356374979
Iter time: 335.669490099
189     , -15165.2    , array([ 0.00107966 ,  0.0340524  ,  0.509549   ,  4.12761    ,  3.81861    ,  1.49571    ,  0.988443   ,  0.127018   ,  0.493659   ,  0.107471   ,  1.01207    ,  1.58189    ])
Iter time: 119.558722019
Iter time: 199.445411921
Iter time: 312.095755816
190     , -14916.2    , array([ 0.00109718 ,  0.0501415  ,  0.49566    ,  3.79156    ,  3.86696    ,  1.57212    ,  0.989295   ,  0.14195    ,  0.499766   ,  0.115047   ,  1.01203    ,  1.5734     ])
Iter time: 130.304404974
Iter time: 221.53583312
Iter time: 353.690422058
191     , -15136.9    , array([ 0.00114284 ,  0.0301369  ,  0.505968   ,  3.98809    ,  3.69053    ,  1.51894    ,  0.995608   ,  0.138199   ,  0.495076   ,  0.110841   ,  1.01216    ,  1.56599    ])
Iter time: 127.637326002
Iter time: 214.506165981
Iter time: 337.330992222
192     , -15053.7    , array([ 0.00107127 ,  0.0724856  ,  0.491031   ,  3.54991    ,  3.79322    ,  1.66895    ,  0.976481   ,  0.133112   ,  0.500048   ,  0.129987   ,  1.01193    ,  1.56027    ])
Iter time: 120.333640099
Iter time: 202.356024027
Iter time: 317.955178022
194     , -15087.3    , array([ 0.00113033 ,  0.0524164  ,  0.495983   ,  3.81176    ,  3.78386    ,  1.58783    ,  0.963358   ,  0.126448   ,  0.494895   ,  0.12035    ,  1.01193    ,  1.56523    ])
Iter time: 124.578454018
Iter time: 209.440257072
Iter time: 329.703190088
196     , -15037.1    , array([ 0.00110293 ,  0.0400873  ,  0.502625   ,  3.88796    ,  3.75308    ,  1.55518    ,  0.989137   ,  0.134039   ,  0.496273   ,  0.11516    ,  1.01207    ,  1.56852    ])
Iter time: 120.229673862
Iter time: 201.108644009
Iter time: 314.952898026
197     , -14883.5    , array([ 0.00110243 ,  0.0542248  ,  0.492218   ,  3.68805    ,  3.8498     ,  1.59626    ,  0.98578    ,  0.147214   ,  0.502018   ,  0.116105   ,  1.01205    ,  1.56404    ])
Iter time: 126.088546991
Iter time: 211.185845852
Iter time: 330.8748312
198     , -14849.4    , array([ 0.00105335 ,  0.0466278  ,  0.497479   ,  3.75147    ,  3.82128    ,  1.57441    ,  1.00137    ,  0.150619   ,  0.500828   ,  0.114537   ,  1.01211    ,  1.5704     ])
Iter time: 126.842848063
Iter time: 216.483170986
Iter time: 338.702809095
199     , -14875.8    , array([ 0.00111522 ,  0.0626132  ,  0.506804   ,  3.71216    ,  3.71061    ,  1.66781    ,  0.961709   ,  0.162695   ,  0.496717   ,  0.11809    ,  1.01202    ,  1.56608    ])
Iter time: 119.656256914
Iter time: 200.877652168
Iter time: 315.493719816
200     , -14799.9    , array([ 0.00113577 ,  0.0596564  ,  0.487413   ,  3.63075    ,  3.80714    ,  1.62425    ,  0.977895   ,  0.16439    ,  0.500339   ,  0.114615   ,  1.01205    ,  1.56014    ])
Iter time: 128.939440012
Iter time: 216.032196045
Iter time: 338.955083847
201     , -14758.5    , array([ 0.00103298 ,  0.0557464  ,  0.499932   ,  3.67535    ,  3.82538    ,  1.62042    ,  1.00399    ,  0.1628     ,  0.502734   ,  0.11463    ,  1.01214    ,  1.57141    ])
Iter time: 114.832793951
Iter time: 192.444240808
Iter time: 300.814741135
203     , -14750.8    , array([ 0.00116654 ,  0.0445925  ,  0.493572   ,  3.61884    ,  3.86686    ,  1.59152    ,  0.985359   ,  0.172581   ,  0.502639   ,  0.109278   ,  1.01209    ,  1.55674    ])
Iter time: 112.176961899
Iter time: 189.441890001
Iter time: 298.760285854
204     , -14628.7    , array([ 0.00125652 ,  0.0372131  ,  0.489399   ,  3.51186    ,  3.92409    ,  1.57883    ,  0.985668   ,  0.203027   ,  0.505947   ,  0.102374   ,  1.01214    ,  1.54585    ])
Iter time: 122.428141832
Iter time: 205.789361
Iter time: 324.586809874
205     , -14800.4    , array([ 0.00112434 ,  0.0352488  ,  0.504342   ,  3.91025    ,  3.84948    ,  1.52797    ,  0.995248   ,  0.173462   ,  0.499635   ,  0.100594   ,  1.01218    ,  1.57274    ])
Iter time: 121.4177742
Iter time: 198.516424894
Iter time: 310.26038909
206     , -14700.1    , array([ 0.00109557 ,  0.0623848  ,  0.492989   ,  3.57366    ,  3.90713    ,  1.63493    ,  0.983522   ,  0.179826   ,  0.504001   ,  0.111015   ,  1.01206    ,  1.56517    ])
Iter time: 127.708613157
Iter time: 215.371222019
Iter time: 339.369947195
207     , -14594.3    , array([ 0.0010816  ,  0.0466117  ,  0.502216   ,  3.53352    ,  3.72912    ,  1.58773    ,  0.998969   ,  0.194225   ,  0.499079   ,  0.102506   ,  1.01233    ,  1.57365    ])
Iter time: 134.876797915
Iter time: 228.174468994
Iter time: 361.115020037
208     , -14368      , array([ 0.00106573 ,  0.0429803  ,  0.506718   ,  3.37259    ,  3.6332     ,  1.5786     ,  1.01106    ,  0.236627   ,  0.497837   ,  0.0937059  ,  1.01258    ,  1.58012    ])
Iter time: 113.613365889
Iter time: 190.697354078
Iter time: 299.996968031
209     , -14516.2    , array([ 0.00120999 ,  0.0428868  ,  0.499628   ,  3.46903    ,  3.8183     ,  1.5969     ,  0.978438   ,  0.219499   ,  0.496092   ,  0.100701   ,  1.01235    ,  1.55937    ])
Iter time: 123.446749926
Iter time: 205.836349964
Iter time: 323.253412008
210     , -14465      , array([ 0.00107763 ,  0.0601432  ,  0.483979   ,  3.24824    ,  3.8487     ,  1.60966    ,  0.954964   ,  0.235327   ,  0.485359   ,  0.111175   ,  1.01222    ,  1.55302    ])
Iter time: 123.351289034
Iter time: 207.969979048
Iter time: 329.405945063
211     , -14427.8    , array([ 0.00111662 ,  0.0505383  ,  0.497464   ,  3.3599     ,  3.76207    ,  1.62804    ,  0.974981   ,  0.235266   ,  0.494869   ,  0.103191   ,  1.01233    ,  1.55512    ])
Iter time: 123.244683027
Iter time: 207.039108992
Iter time: 325.824859142
212     , -14382.7    , array([ 0.00111366 ,  0.0461874  ,  0.501828   ,  3.40096    ,  3.76435    ,  1.6087     ,  0.976663   ,  0.245289   ,  0.491474   ,  0.100261   ,  1.01236    ,  1.56295    ])
Iter time: 121.105087042
Iter time: 202.06355691
Iter time: 316.679031849
213     , -14412.7    , array([ 0.00110063 ,  0.0380217  ,  0.486585   ,  3.32993    ,  3.91492    ,  1.53045    ,  1.00369    ,  0.237668   ,  0.495841   ,  0.0959228  ,  1.01244    ,  1.56038    ])
Iter time: 115.088063955
Iter time: 193.16703105
Iter time: 303.565294027
214     , -14254.7    , array([ 0.00117384 ,  0.0493496  ,  0.493879   ,  3.23021    ,  3.81691    ,  1.61362    ,  0.964309   ,  0.277001   ,  0.490951   ,  0.0960176  ,  1.01241    ,  1.55443    ])
Iter time: 110.138912916
Iter time: 185.184870005
Iter time: 291.101094007
215     , -13909.4    , array([ 0.00123916 ,  0.0507696  ,  0.492089   ,  2.99741    ,  3.81472    ,  1.63359    ,  0.946299   ,  0.375649   ,  0.486086   ,  0.0879129  ,  1.01255    ,  1.54651    ])
Iter time: 123.346363068
Iter time: 207.971632957
Iter time: 327.345999002
216     , -14324      , array([ 0.0011177  ,  0.0693737  ,  0.485166   ,  2.96473    ,  3.78323    ,  1.68128    ,  0.962116   ,  0.273581   ,  0.489874   ,  0.106898   ,  1.01239    ,  1.54778    ])
Iter time: 122.060660839
Iter time: 206.77341485
Iter time: 320.662142992
217     , -14095.4    , array([ 0.00110349 ,  0.0420344  ,  0.50163    ,  3.08692    ,  3.82129    ,  1.59074    ,  0.976538   ,  0.314255   ,  0.487465   ,  0.0927381  ,  1.01259    ,  1.55821    ])
Iter time: 111.783257961
Iter time: 188.016170979
Iter time: 296.079769135
218     , -14045      , array([ 0.00122439 ,  0.0431916  ,  0.491037   ,  3.30722    ,  3.85106    ,  1.62238    ,  1.01247    ,  0.303823   ,  0.513161   ,  0.0908887  ,  1.01245    ,  1.5548     ])
Iter time: 110.950540066
Iter time: 187.266418934
Iter time: 295.357194901
219     , -13872.3    , array([ 0.00126164 ,  0.041166   ,  0.488124   ,  2.95661    ,  3.81355    ,  1.59456    ,  0.957234   ,  0.384389   ,  0.488567   ,  0.0863004  ,  1.01261    ,  1.54355    ])
Iter time: 109.362349033
Iter time: 186.242486
Iter time: 296.250617981
220     , -13351.9    , array([ 0.0013943  ,  0.0353752  ,  0.482325   ,  2.65181    ,  3.80765    ,  1.58179    ,  0.934681   ,  0.590649   ,  0.481634   ,  0.0748808  ,  1.01285    ,  1.5298     ])
Iter time: 120.175315142
Iter time: 204.812782049
Iter time: 325.385216951
221     , -13776      , array([ 0.00123833 ,  0.0334667  ,  0.493197   ,  2.89323    ,  3.71775    ,  1.57173    ,  0.968892   ,  0.42428    ,  0.483666   ,  0.0834498  ,  1.01281    ,  1.5438     ])
Iter time: 132.908725977
Iter time: 224.434614897
Iter time: 354.564903021
222     , -13717      , array([ 0.00107709 ,  0.0551208  ,  0.497456   ,  2.85058    ,  3.6685     ,  1.62636    ,  0.964021   ,  0.424913   ,  0.478203   ,  0.087463   ,  1.01285    ,  1.56275    ])
Iter time: 128.677669048
Iter time: 212.866450071
Iter time: 334.573282957
223     , -13647.9    , array([ 0.00109703 ,  0.0498716  ,  0.486918   ,  2.79287    ,  3.74507    ,  1.61286    ,  0.968745   ,  0.438766   ,  0.484727   ,  0.0868523  ,  1.01272    ,  1.54977    ])
Iter time: 120.176862001
Iter time: 204.502321959
Iter time: 325.241696835
224     , -13599.2    , array([ 0.00123544 ,  0.0344695  ,  0.503169   ,  2.90856    ,  3.69863    ,  1.6006     ,  0.994931   ,  0.454034   ,  0.495337   ,  0.0754982  ,  1.01293    ,  1.55556    ])
Iter time: 116.514141083
Iter time: 196.878530979
Iter time: 310.766375065
225     , -13456.4    , array([ 0.00121257 ,  0.038486   ,  0.490461   ,  2.7451     ,  3.77309    ,  1.57805    ,  0.9778     ,  0.506745   ,  0.485895   ,  0.0772118  ,  1.01293    ,  1.55352    ])
Iter time: 120.09327817
Iter time: 204.71982193
Iter time: 325.409175158
226     , -13341.6    , array([ 0.0012502  ,  0.0512591  ,  0.50209    ,  2.68207    ,  3.60355    ,  1.68727    ,  0.945707   ,  0.569091   ,  0.483308   ,  0.0801118  ,  1.01289    ,  1.54715    ])
Iter time: 122.318142176
Iter time: 211.168050051
Iter time: 338.480251074
227     , -12806.8    , array([ 0.00133245 ,  0.0595169  ,  0.510027   ,  2.40707    ,  3.45728    ,  1.7716     ,  0.917985   ,  0.880617   ,  0.477161   ,  0.0732123  ,  1.01312    ,  1.54057    ])
Iter time: 113.072597027
Iter time: 191.917623043
Iter time: 305.765168905
228     , -13026.7    , array([ 0.00127307 ,  0.0440181  ,  0.488156   ,  2.47905    ,  3.69491    ,  1.63121    ,  0.961889   ,  0.682326   ,  0.485207   ,  0.0727327  ,  1.0131     ,  1.54091    ])
Iter time: 102.630693913
Iter time: 173.159240007
Iter time: 273.198765039
229     , -12806.6    , array([ 0.00137032 ,  0.0474912  ,  0.480448   ,  2.37489    ,  3.83905    ,  1.67143    ,  0.921477   ,  0.843839   ,  0.476958   ,  0.0746027  ,  1.01297    ,  1.51779    ])
Iter time: 100.375285864
Iter time: 172.034889936
Iter time: 274.316166162
230     , -11983.7    , array([ 0.00155386 ,  0.0499212  ,  0.467828   ,  1.99289    ,  3.94631    ,  1.71987    ,  0.879708   ,  1.59352    ,  0.466849   ,  0.0665653  ,  1.01316    ,  1.48755    ])
Iter time: 121.951848984
Iter time: 211.171975851
Iter time: 339.513380051
231     , -12590      , array([ 0.00138037 ,  0.0278528  ,  0.498756   ,  2.52855    ,  3.71283    ,  1.57529    ,  0.954009   ,  0.979      ,  0.480837   ,  0.0604314  ,  1.01328    ,  1.53929    ])
Iter time: 104.872244835
Iter time: 179.045364141
Iter time: 284.919793129
232     , -12452.2    , array([ 0.00145129 ,  0.042921   ,  0.481924   ,  2.34903    ,  3.65826    ,  1.66225    ,  0.93627    ,  1.03       ,  0.482113   ,  0.06486    ,  1.0132     ,  1.52587    ])
Iter time: 113.235469818
Iter time: 193.184355021
Iter time: 307.654314995
233     , -12174      , array([ 0.00134559 ,  0.0417273  ,  0.490786   ,  2.07104    ,  3.59903    ,  1.63644    ,  0.891338   ,  1.30578    ,  0.453231   ,  0.0625608  ,  1.01347    ,  1.52444    ])
Iter time: 117.223947048
Iter time: 201.507211924
Iter time: 323.907644987
234     , -12083.6    , array([ 0.00134792 ,  0.0343573  ,  0.489521   ,  2.14855    ,  3.59824    ,  1.62569    ,  0.944207   ,  1.29983    ,  0.472928   ,  0.0611132  ,  1.01352    ,  1.52894    ])
Iter time: 109.946895838
Iter time: 187.343085051
Iter time: 298.192260027
235     , -12066.9    , array([ 0.00136803 ,  0.0523492  ,  0.487812   ,  2.11821    ,  3.67205    ,  1.6992     ,  0.918231   ,  1.38693    ,  0.473519   ,  0.0611243  ,  1.01338    ,  1.52916    ])
Iter time: 114.503142834
Iter time: 200.650804043
Iter time: 324.501152039
236     , -11796.3    , array([ 0.00163677 ,  0.0315118  ,  0.48206    ,  2.04609    ,  3.72194    ,  1.65416    ,  0.915416   ,  1.68669    ,  0.478144   ,  0.0549388  ,  1.01343    ,  1.50515    ])
Iter time: 141.635818005
Iter time: 258.486588001
Iter time: 428.001962185
237     , -11060.3    , array([ 0.00201769 ,  0.0238261  ,  0.474541   ,  1.73348    ,  3.74895    ,  1.66823    ,  0.89204    ,  3.36049    ,  0.478114   ,  0.0435419  ,  1.01372    ,  1.47716    ])
Iter time: 119.239707947
Iter time: 212.034759998
Iter time: 346.527962923
238     , -11409.1    , array([ 0.0017788  ,  0.0307942  ,  0.490384   ,  1.92879    ,  3.64647    ,  1.67741    ,  0.898513   ,  2.29331    ,  0.47063    ,  0.049311   ,  1.01372    ,  1.50568    ])
Iter time: 119.865247965
Iter time: 212.029633999
Iter time: 344.999790192
239     , -11202.9    , array([ 0.00167845 ,  0.0437247  ,  0.472514   ,  1.72952    ,  3.68353    ,  1.70351    ,  0.860128   ,  2.90293    ,  0.456638   ,  0.0528392  ,  1.01364    ,  1.49194    ])
Iter time: 133.292935133
Iter time: 236.02191782
Iter time: 387.765358925
240     , -11028.6    , array([ 0.00180533 ,  0.0400033  ,  0.481755   ,  1.69671    ,  3.5964     ,  1.75003    ,  0.856693   ,  3.47918    ,  0.460718   ,  0.0485015  ,  1.01377    ,  1.48386    ])
Iter time: 258.725028992
Iter time: 486.435486078
Iter time: 824.890232086
241     , -10666.2    , array([ 0.00220283 ,  0.0407842  ,  0.47746    ,  1.33392    ,  3.51119    ,  1.84292    ,  0.801886   ,  9.11634    ,  0.448623   ,  0.0384406  ,  1.01419    ,  1.45021    ])
Iter time: 159.984541893
Iter time: 290.775279999
Iter time: 480.906235933
242     , -10754.5    , array([ 0.00169439 ,  0.0445655  ,  0.489054   ,  1.56635    ,  3.51594    ,  1.79093    ,  0.873615   ,  4.70998    ,  0.459326   ,  0.0447512  ,  1.01407    ,  1.49351    ])
Iter time: 173.923043013
Iter time: 322.270427942
Iter time: 536.544384003
243     , -10707.6    , array([ 0.0019463  ,  0.0358889  ,  0.483361   ,  1.55207    ,  3.59336    ,  1.76391    ,  0.835393   ,  5.62593    ,  0.451798   ,  0.0424904  ,  1.01398    ,  1.47505    ])
Iter time: 176.316089153
Iter time: 324.707744837
Iter time: 543.082970142
244     , -10627.6    , array([ 0.00198079 ,  0.0243971  ,  0.458511   ,  1.48575    ,  3.86514    ,  1.62296    ,  0.8617     ,  5.93791    ,  0.455253   ,  0.0385527  ,  1.01411    ,  1.46471    ])
Iter time: 214.828257084
Iter time: 400.696003914
Iter time: 675.621083021
246     , -10741.8    , array([ 0.00203064 ,  0.0509943  ,  0.462344   ,  1.29442    ,  3.6233     ,  1.8343     ,  0.815217   ,  7.21295    ,  0.447674   ,  0.0433352  ,  1.01408    ,  1.45386    ])
Iter time: 260.276118994
Iter time: 488.26475215
Iter time: 827.54833889
247     , -10566.6    , array([ 0.00204261 ,  0.0340561  ,  0.475196   ,  1.2616     ,  3.67147    ,  1.76711    ,  0.811714   ,  9.48283    ,  0.441009   ,  0.0377518  ,  1.0143     ,  1.45487    ])
Iter time: 114.19448185
Iter time: 198.697555065
Iter time: 320.03241992
250     , -11473.3    , array([ 0.0015488  ,  0.039605   ,  0.483977   ,  1.8496     ,  3.63481    ,  1.68008    ,  0.87807    ,  2.1941     ,  0.45663    ,  0.0544803  ,  1.01365    ,  1.50416    ])
Iter time: 117.309478998
Iter time: 205.134418964
Iter time: 331.713438034
252     , -11398.5    , array([ 0.00155914 ,  0.0361511  ,  0.483123   ,  1.87217    ,  3.63594    ,  1.67685    ,  0.901005   ,  2.23738    ,  0.465765   ,  0.0535892  ,  1.01368    ,  1.50536    ])
Iter time: 113.977807999
Iter time: 198.767024994
Iter time: 321.068417072
254     , -11386.5    , array([ 0.00157931 ,  0.0439408  ,  0.482085   ,  1.84936    ,  3.67153    ,  1.7134     ,  0.887824   ,  2.35764    ,  0.465736   ,  0.0533011  ,  1.01362    ,  1.50448    ])
Iter time: 115.97841382
Iter time: 204.118143082
Iter time: 331.278043985
256     , -11348.2    , array([ 0.00168429 ,  0.0426822  ,  0.472698   ,  1.78824    ,  3.79475    ,  1.72352    ,  0.869334   ,  2.56871    ,  0.462398   ,  0.0551101  ,  1.01353    ,  1.48457    ])
Iter time: 227.151124001
Iter time: 425.919629812
Iter time: 717.404813051
257     , -10577.2    , array([ 0.00218236 ,  0.0340472  ,  0.469497   ,  1.38428    ,  3.68965    ,  1.78315    ,  0.839104   ,  8.02237    ,  0.460315   ,  0.0382844  ,  1.01413    ,  1.45619    ])
Iter time: 265.306123972
Iter time: 497.811313152
Iter time: 842.684201002
258     , -10636.7    , array([ 0.00196604 ,  0.0445279  ,  0.460014   ,  1.25604    ,  3.68507    ,  1.80428    ,  0.810716   ,  9.45661    ,  0.444975   ,  0.0405507  ,  1.01412    ,  1.44665    ])
Iter time: 132.271440029
Iter time: 236.63868618
Iter time: 388.486989975
260     , -10989.9    , array([ 0.00172412 ,  0.0369069  ,  0.478045   ,  1.67889    ,  3.65284    ,  1.7132     ,  0.873074   ,  3.4277     ,  0.460798   ,  0.048387   ,  1.01382    ,  1.48807    ])
Iter time: 133.953454971
Iter time: 240.986506939
Iter time: 392.620537043
262     , -10985      , array([ 0.00174159 ,  0.0403946  ,  0.477364   ,  1.66192    ,  3.6699     ,  1.73176    ,  0.86606    ,  3.57391    ,  0.460579   ,  0.0480627  ,  1.0138     ,  1.48696    ])
Iter time: 136.853636026
Iter time: 246.148215055
Iter time: 405.47053194
264     , -10967.3    , array([ 0.00180106 ,  0.0397206  ,  0.472887   ,  1.62925    ,  3.72577    ,  1.73722    ,  0.856859   ,  3.78215    ,  0.45885    ,  0.0485937  ,  1.01376    ,  1.47718    ])
Iter time: 141.317780018
Iter time: 255.032552004
Iter time: 421.465845108
266     , -10901.1    , array([ 0.00180322 ,  0.0400422  ,  0.47281    ,  1.59829    ,  3.67251    ,  1.72851    ,  0.852175   ,  4.06525    ,  0.456075   ,  0.0474162  ,  1.01382    ,  1.48024    ])
Iter time: 286.169923067
Iter time: 536.886526108
Iter time: 910.03643012
267     , -10764.6    , array([ 0.00182554 ,  0.0615382  ,  0.471388   ,  1.24159    ,  3.56389    ,  1.85487    ,  0.79304    ,  9.95525    ,  0.430581   ,  0.0421752  ,  1.01431    ,  1.46064    ])
Iter time: 153.839065075
Iter time: 279.986701965
Iter time: 464.482367992
269     , -10788.2    , array([ 0.00182339 ,  0.0384021  ,  0.475219   ,  1.5498     ,  3.65029    ,  1.74175    ,  0.853504   ,  4.65488    ,  0.455958   ,  0.0452761  ,  1.01394    ,  1.4773     ])
Iter time: 157.430052996
Iter time: 286.400724888
Iter time: 474.995311022
271     , -10787.6    , array([ 0.00183611 ,  0.0400911  ,  0.474791   ,  1.53747    ,  3.65799    ,  1.75157    ,  0.849552   ,  4.80575    ,  0.455658   ,  0.045012   ,  1.01393    ,  1.47634    ])
Iter time: 162.833222866
Iter time: 293.420359135
Iter time: 488.241539001
273     , -10778.8    , array([ 0.0018687  ,  0.0397705  ,  0.472639   ,  1.5186     ,  3.68291    ,  1.75493    ,  0.844725   ,  4.99336    ,  0.45467    ,  0.0451158  ,  1.01392    ,  1.47145    ])
Iter time: 165.518684864
Iter time: 302.382706165
Iter time: 505.282572031
275     , -10748.9    , array([ 0.0018726  ,  0.0399199  ,  0.472593   ,  1.50091    ,  3.65692    ,  1.75164    ,  0.842105   ,  5.22141    ,  0.453235   ,  0.0444736  ,  1.01396    ,  1.4726     ])
Iter time: 273.036424875
Iter time: 514.891644001
Iter time: 872.209549904
276     , -10632.7    , array([ 0.00208319 ,  0.0415119  ,  0.469118   ,  1.27499    ,  3.63363    ,  1.81074    ,  0.809522   ,  9.8488     ,  0.444488   ,  0.0383169  ,  1.01425    ,  1.45204    ])
Iter time: 180.368508101
Iter time: 332.007834196
Iter time: 555.382573128
278     , -10695      , array([ 0.00190167 ,  0.0400669  ,  0.473236   ,  1.45868    ,  3.64895    ,  1.76614    ,  0.838649   ,  5.87743    ,  0.452446   ,  0.0430095  ,  1.01402    ,  1.46945    ])
Iter time: 183.508819103
Iter time: 339.403240204
Iter time: 568.716653109
280     , -10690.7    , array([ 0.00191987 ,  0.0399188  ,  0.472187   ,  1.44728    ,  3.65994    ,  1.7683     ,  0.836012   ,  6.03189    ,  0.451863   ,  0.0429734  ,  1.01402    ,  1.46693    ])
Iter time: 162.779408932
Iter time: 300.094876051
Iter time: 501.596565962
281     , -10749.3    , array([ 0.00214916 ,  0.0242724  ,  0.472216   ,  1.57194    ,  3.72834    ,  1.69798    ,  0.870849   ,  4.90579    ,  0.47214    ,  0.0398513  ,  1.0139     ,  1.46527    ])
Iter time: 179.452984095
Iter time: 329.708184004
Iter time: 550.630012989
283     , -10671.4    , array([ 0.00185022 ,  0.040464   ,  0.47965    ,  1.47949    ,  3.58874    ,  1.77884    ,  0.851946   ,  5.74694    ,  0.455606   ,  0.0426264  ,  1.01408    ,  1.47698    ])
Iter time: 177.828936815
Iter time: 328.520802975
Iter time: 550.924828053
285     , -10647.3    , array([ 0.00207082 ,  0.0305052  ,  0.471627   ,  1.47839    ,  3.68968    ,  1.73543    ,  0.849819   ,  5.90399    ,  0.461232   ,  0.0403381  ,  1.014      ,  1.46343    ])
Iter time: 271.732239962
Iter time: 509.341671944
Iter time: 2115.661057
286     , -10573.5    , array([ 0.00216205 ,  0.0352055  ,  0.46933    ,  1.2848     ,  3.65134    ,  1.79324    ,  0.817926   ,  9.86891    ,  0.449242   ,  0.0368818  ,  1.01426    ,  1.44916    ])
Iter time: 211.240175962
Iter time: 393.055701017
Iter time: 663.328312874
287     , -10507.6    , array([ 0.00201473 ,  0.0259095  ,  0.480935   ,  1.4879     ,  3.68996    ,  1.70598    ,  0.84537    ,  7.52726    ,  0.455087   ,  0.036847   ,  1.01417    ,  1.46705    ])
Iter time: 218.267491102
Iter time: 407.31408
Iter time: 685.364166975
288     , -10479.4    , array([ 0.00200683 ,  0.0184684  ,  0.490509   ,  1.59522    ,  3.72375    ,  1.64523    ,  0.860862   ,  7.68951    ,  0.458839   ,  0.0339768  ,  1.01421    ,  1.47369    ])
Iter time: 192.944924116
Iter time: 357.866011858
Iter time: 600.001958132
290     , -10635.5    , array([ 0.00198665 ,  0.035132   ,  0.47771    ,  1.46931    ,  3.63017    ,  1.76133    ,  0.833813   ,  6.52287    ,  0.451873   ,  0.0408235  ,  1.01406    ,  1.46767    ])
Iter time: 265.144500017
Iter time: 501.472671032
Iter time: 848.175328016
291     , -10505.2    , array([ 0.00217819 ,  0.0288797  ,  0.471756   ,  1.328      ,  3.68269    ,  1.75057    ,  0.825078   ,  9.90197    ,  0.451354   ,  0.0354583  ,  1.01426    ,  1.45097    ])
Iter time: 202.546657085
Iter time: 375.698119164
Iter time: 631.133383036
293     , -10618.9    , array([ 0.00198714 ,  0.036356   ,  0.472323   ,  1.41419    ,  3.66381    ,  1.76257    ,  0.833464   ,  6.92506    ,  0.45186    ,  0.0406389  ,  1.01409    ,  1.46288    ])
Iter time: 200.742155075
Iter time: 372.195688009
Iter time: 618.290097952
295     , -10603.8    , array([ 0.00195657 ,  0.0364405  ,  0.475736   ,  1.42716    ,  3.63112    ,  1.76714    ,  0.840601   ,  6.81224    ,  0.453572   ,  0.0403941  ,  1.01412    ,  1.4673     ])
Iter time: 186.756880045
Iter time: 345.975356102
Iter time: 579.330461025
296     , -10528.1    , array([ 0.00190535 ,  0.0259153  ,  0.466033   ,  1.4369     ,  3.86595    ,  1.6606     ,  0.864639   ,  6.81359    ,  0.455321   ,  0.0384334  ,  1.01412    ,  1.46806    ])
Iter time: 189.741710901
Iter time: 353.886044979
Iter time: 592.812520981
298     , -10586.4    , array([ 0.00205259 ,  0.0312787  ,  0.471435   ,  1.42895    ,  3.69417    ,  1.7392     ,  0.841808   ,  6.86223    ,  0.456327   ,  0.0392968  ,  1.01409    ,  1.46146    ])
Iter time: 182.026466131
Iter time: 338.141277075
Iter time: 568.027404785
299     , -10581.9    , array([ 0.00212058 ,  0.0217796  ,  0.484723   ,  1.55177    ,  3.71382    ,  1.67347    ,  0.863087   ,  6.37707    ,  0.459996   ,  0.0359524  ,  1.01421    ,  1.47495    ])
Iter time: 234.158996105
Iter time: 440.104351044
Iter time: 744.429437876
300     , -10460.9    , array([ 0.00212151 ,  0.0254899  ,  0.467902   ,  1.33866    ,  3.78433    ,  1.69973    ,  0.844019   ,  9.21046    ,  0.45432    ,  0.0349638  ,  1.0143     ,  1.45503    ])
Iter time: 179.175082922
Iter time: 331.949934959
Iter time: 556.843026161
302     , -10617.8    , array([ 0.00202936 ,  0.0198884  ,  0.476266   ,  1.55527    ,  3.80642    ,  1.636      ,  0.875412   ,  6.03236    ,  0.463555   ,  0.0366868  ,  1.01412    ,  1.47119    ])
Iter time: 184.606742859
Iter time: 342.337854862
Iter time: 575.103353977
304     , -10557      , array([ 0.00202013 ,  0.0262521  ,  0.466278   ,  1.4492     ,  3.78896    ,  1.67189    ,  0.852264   ,  6.76971    ,  0.454929   ,  0.0379406  ,  1.01415    ,  1.46342    ])
Iter time: 220.923863888
Iter time: 413.505288839
Iter time: 698.826490164
305     , -10457      , array([ 0.00214192 ,  0.0207892  ,  0.475018   ,  1.41867    ,  3.78659    ,  1.6682     ,  0.855681   ,  8.56933    ,  0.457885   ,  0.0339152  ,  1.01429    ,  1.46145    ])
Iter time: 241.894557953
Iter time: 454.620014906
Iter time: 769.812877178
306     , -10444      , array([ 0.00222378 ,  0.0157206  ,  0.476371   ,  1.42092    ,  3.84952    ,  1.62292    ,  0.867011   ,  9.53253    ,  0.460927   ,  0.0309828  ,  1.01438    ,  1.46073    ])
Iter time: 191.106439114
Iter time: 354.275959969
Iter time: 596.244143009
308     , -10533.3    , array([ 0.00205396 ,  0.0231551  ,  0.47497    ,  1.47865    ,  3.7671     ,  1.67434    ,  0.859471   ,  6.9481     ,  0.45908    ,  0.0366464  ,  1.01417    ,  1.46623    ])
Iter time: 235.773705959
Iter time: 444.007034063
Iter time: 751.05249095
309     , -10462      , array([ 0.00222677 ,  0.018492   ,  0.471501   ,  1.39298    ,  3.85138    ,  1.64679    ,  0.850194   ,  9.43257    ,  0.456642   ,  0.0326392  ,  1.01431    ,  1.45514    ])
Iter time: 244.81731391
Iter time: 460.097193956
Iter time: 779.090008974
310     , -10421.2    , array([ 0.00215161 ,  0.0197368  ,  0.475814   ,  1.38533    ,  3.81204    ,  1.6581     ,  0.850378   ,  9.87376    ,  0.453937   ,  0.0325284  ,  1.01438    ,  1.4599     ])
Iter time: 198.491964102
Iter time: 370.118906975
Iter time: 623.659986973
313     , -10516.7    , array([ 0.0021123  ,  0.0231672  ,  0.478769   ,  1.47063    ,  3.73724    ,  1.68512    ,  0.854014   ,  7.37834    ,  0.457304   ,  0.0357033  ,  1.01423    ,  1.46717    ])
Iter time: 229.211251974
Iter time: 428.625109911
Iter time: 724.04612112
314     , -10464      , array([ 0.00201758 ,  0.0167281  ,  0.477858   ,  1.41748    ,  3.84154    ,  1.59959    ,  0.853514   ,  8.95841    ,  0.448521   ,  0.0324565  ,  1.01438    ,  1.46451    ])
Iter time: 210.126878023
Iter time: 392.184854984
Iter time: 660.067965984
315     , -10625.5    , array([ 0.00201318 ,  0.0142908  ,  0.479465   ,  1.55245    ,  3.91484    ,  1.56058    ,  0.881851   ,  7.16569    ,  0.459453   ,  0.0329807  ,  1.01428    ,  1.47421    ])
Iter time: 236.587761879
Iter time: 442.806564093
Iter time: 750.376250982
316     , -10496.1    , array([ 0.00212383 ,  0.028101   ,  0.471843   ,  1.34704    ,  3.7155     ,  1.73201    ,  0.833459   ,  9.10996    ,  0.451773   ,  0.0358653  ,  1.01426    ,  1.45538    ])
Iter time: 213.570986986
Iter time: 398.294048071
Iter time: 672.939313889
317     , -10582.5    , array([ 0.0021448  ,  0.0143074  ,  0.472988   ,  1.59836    ,  3.90111    ,  1.57837    ,  0.892523   ,  7.40773    ,  0.469916   ,  0.0319465  ,  1.01422    ,  1.46851    ])
Iter time: 230.683286905
Iter time: 432.872015953
Iter time: 731.509775162
318     , -10496.4    , array([ 0.00206769 ,  0.027418   ,  0.474643   ,  1.33848    ,  3.72758    ,  1.71791    ,  0.831203   ,  8.91507    ,  0.448064   ,  0.0362084  ,  1.01428    ,  1.45827    ])
Iter time: 201.837395906
Iter time: 375.844067097
Iter time: 633.163612127
320     , -10505.3    , array([ 0.00205828 ,  0.0241161  ,  0.470517   ,  1.4298     ,  3.78418    ,  1.67288    ,  0.850824   ,  7.61943    ,  0.454793   ,  0.0362282  ,  1.01421    ,  1.46233    ])
Iter time: 205.520720005
Iter time: 382.697736025
Iter time: 645.085098028
322     , -10492.9    , array([ 0.00207562 ,  0.0226874  ,  0.474695   ,  1.44224    ,  3.77396    ,  1.67404    ,  0.854054   ,  7.74889    ,  0.456684   ,  0.0355879  ,  1.01422    ,  1.46357    ])
Iter time: 205.274282932
Iter time: 379.463242054
Iter time: 638.747081995
324     , -10488.6    , array([ 0.00200627 ,  0.0238689  ,  0.470569   ,  1.42195    ,  3.81932    ,  1.66771    ,  0.856179   ,  7.71475    ,  0.454867   ,  0.0363287  ,  1.01421    ,  1.4643     ])
Iter time: 210.677006006
Iter time: 393.781213999
Iter time: 664.031108856
326     , -10484.5    , array([ 0.00210789 ,  0.022596   ,  0.476613   ,  1.43652    ,  3.7586     ,  1.67926    ,  0.850992   ,  8.04304    ,  0.455755   ,  0.0350399  ,  1.01426    ,  1.46373    ])
Iter time: 212.96725893
Iter time: 397.31754303
Iter time: 672.205888033
328     , -10478.6    , array([ 0.00208282 ,  0.0229916  ,  0.472741   ,  1.41672    ,  3.78106    ,  1.67341    ,  0.849408   ,  8.19183    ,  0.454542   ,  0.0352476  ,  1.01425    ,  1.46138    ])
Iter time: 209.895366907
Iter time: 392.564116955
Iter time: 659.976093054
329     , -10542      , array([ 0.00202425 ,  0.0160164  ,  0.478383   ,  1.49991    ,  3.89274    ,  1.58869    ,  0.875777   ,  7.58987    ,  0.457786   ,  0.0331341  ,  1.01431    ,  1.47169    ])
Iter time: 236.782693863
Iter time: 444.918488979
Iter time: 751.002105236
330     , -10467.1    , array([ 0.00213864 ,  0.0249222  ,  0.473404   ,  1.36904    ,  3.73412    ,  1.70862    ,  0.837471   ,  9.2651     ,  0.452953   ,  0.0348624  ,  1.01428    ,  1.45612    ])
Iter time: 222.249250889
Iter time: 416.807971001
Iter time: 704.145220041
331     , -10473.5    , array([ 0.00214445 ,  0.016604   ,  0.475266   ,  1.49378    ,  3.84698    ,  1.61744    ,  0.870413   ,  8.48435    ,  0.461982   ,  0.0322434  ,  1.01429    ,  1.46397    ])
Iter time: 222.738177061
Iter time: 415.872563124
Iter time: 703.362384796
332     , -10524.8    , array([ 0.00209113 ,  0.0148403  ,  0.478662   ,  1.51009    ,  3.88192    ,  1.58607    ,  0.874357   ,  8.20498    ,  0.459898   ,  0.0319794  ,  1.01432    ,  1.46831    ])
Iter time: 227.933686018
Iter time: 425.745892048
Iter time: 719.998464108
333     , -10463.9    , array([ 0.00211561 ,  0.0239553  ,  0.473539   ,  1.38607    ,  3.75643    ,  1.69431    ,  0.8435     ,  8.87476    ,  0.453791   ,  0.0348516  ,  1.01428    ,  1.4586     ])
Iter time: 244.32951498
Iter time: 459.689533949
Iter time: 778.240488052
334     , -10420.8    , array([ 0.00214651 ,  0.0185488  ,  0.475593   ,  1.40111    ,  3.81883    ,  1.64429    ,  0.851505   ,  9.86675    ,  0.454471   ,  0.0321165  ,  1.01436    ,  1.45926    ])
