==========================================
SLURM_JOB_ID = 18981513
SLURM_NODELIST = c8-74
==========================================
Module slurm/17.11.5 loaded 
Module openmpi/3.0.1 loaded 
Module gcc/7.3.0 loaded 
Module python/2.7.6 loaded 
Module numpy/1.11.1 loaded 
Module dadi/1.7.0 loaded 
Module matplotlib/2.0 loaded 
Module scipy/0.18.0 loaded 
Beginning. Call:
/home/hemstrow/monarch/github/F-H_2018/DADI/demographic_models/run_3d_mods.py /home/hemstrow/monarch/github/F-H_2018/Data/dadi_inputs/ dadi_snps_10kgap.txt 1st_folded_optim_10kgap_snps_dadi_out.txt lgrowth_p2 10 [NAM,GUA,HAW] True 3 [0.1,0.1,0.5,1,5,5,.1,.1,.1,.1,2] [1,1,5,10,20,20,10,10,10,10,4] [1e-3,1e-3,1e-3,1e-3,0.01,0.01,0.01,0.01,0.01,0.01,1] [150,15,15] fmin

Ready to begin run. Parameters:

Model:
lgrowth_p2
Maxiters:
10
Pops:
['NAM', 'GUA', 'HAW']
Projection:
[150, 15, 15]
Number of segregating sites in projected sfs:
9454.98941724
Folding spectra:
True
Level of parm folding:
3
Optimizer:
fmin
p0:
[  0.05019771   0.27119755   2.52129977   0.9145215    1.35723589
  10.81880377   0.79367955   0.35586528   0.02592576   0.04726142   1.01      ]
Upper Bounds:
[1.0, 1.0, 5.0, 10.0, 20.0, 20.0, 10.0, 10.0, 10.0, 10.0, 4.0]
Lower Bounds:
[0.001, 0.001, 0.001, 0.001, 0.01, 0.01, 0.01, 0.01, 0.01, 0.01, 1.0]

Beginning optimization ************************************************
optimize_log_fmin.
Iter time: 153.18244791
Iter time: 294.508699894
Iter time: 511.548119068
1       , -18985.8    , array([ 0.0501977  ,  0.271198   ,  2.5213     ,  0.914522   ,  1.35724    ,  10.8188    ,  0.79368    ,  0.355865   ,  0.0259258  ,  0.0472614  ,  1.01       ])
Iter time: 151.237247944
Iter time: 294.52185297
Iter time: 502.863662004
2       , -18986      , array([ 0.0432233  ,  0.271198   ,  2.5213     ,  0.914522   ,  1.35724    ,  10.8188    ,  0.79368    ,  0.355865   ,  0.0259258  ,  0.0472614  ,  1.01       ])
Iter time: 154.90736413
Iter time: 291.240561962
Iter time: 504.680552006
3       , -18977.3    , array([ 0.0501977  ,  0.254068   ,  2.5213     ,  0.914522   ,  1.35724    ,  10.8188    ,  0.79368    ,  0.355865   ,  0.0259258  ,  0.0472614  ,  1.01       ])
Iter time: 148.827930927
Iter time: 290.922903061
Iter time: 498.590826988
4       , -19062.9    , array([ 0.0501977  ,  0.271198   ,  2.64062    ,  0.914522   ,  1.35724    ,  10.8188    ,  0.79368    ,  0.355865   ,  0.0259258  ,  0.0472614  ,  1.01       ])
Iter time: 151.268593073
Iter time: 297.439040899
Iter time: 498.21842885
5       , -18980.5    , array([ 0.0501977  ,  0.271198   ,  2.5213     ,  0.910445   ,  1.35724    ,  10.8188    ,  0.79368    ,  0.355865   ,  0.0259258  ,  0.0472614  ,  1.01       ])
Iter time: 148.951719999
Iter time: 296.492226124
Iter time: 501.18753314
6       , -18985.4    , array([ 0.0501977  ,  0.271198   ,  2.5213     ,  0.914522   ,  1.37812    ,  10.8188    ,  0.79368    ,  0.355865   ,  0.0259258  ,  0.0472614  ,  1.01       ])
Iter time: 173.461411953
Iter time: 328.309918165
Iter time: 561.296983957
7       , -19034      , array([ 0.0501977  ,  0.271198   ,  2.5213     ,  0.914522   ,  1.35724    ,  12.1868    ,  0.79368    ,  0.355865   ,  0.0259258  ,  0.0472614  ,  1.01       ])
Iter time: 150.332219124
Iter time: 290.427660942
Iter time: 498.395623922
8       , -18993.5    , array([ 0.0501977  ,  0.271198   ,  2.5213     ,  0.914522   ,  1.35724    ,  10.8188    ,  0.784562   ,  0.355865   ,  0.0259258  ,  0.0472614  ,  1.01       ])
Iter time: 158.961536169
Iter time: 290.991647959
Iter time: 503.103733063
9       , -19145.7    , array([ 0.0501977  ,  0.271198   ,  2.5213     ,  0.914522   ,  1.35724    ,  10.8188    ,  0.79368    ,  0.337948   ,  0.0259258  ,  0.0472614  ,  1.01       ])
Iter time: 152.648210049
Iter time: 291.003116846
Iter time: 497.845887899
10      , -19003.6    , array([ 0.0501977  ,  0.271198   ,  2.5213     ,  0.914522   ,  1.35724    ,  10.8188    ,  0.79368    ,  0.355865   ,  0.0215982  ,  0.0472614  ,  1.01       ])
Iter time: 151.377093077
Iter time: 288.249117851
Iter time: 490.995177984
11      , -18986.8    , array([ 0.0501977  ,  0.271198   ,  2.5213     ,  0.914522   ,  1.35724    ,  10.8188    ,  0.79368    ,  0.355865   ,  0.0259258  ,  0.0405725  ,  1.01       ])
Iter time: 152.793188095
Iter time: 288.376698017
Iter time: 517.314444065
12      , -18986      , array([ 0.0501977  ,  0.271198   ,  2.5213     ,  0.914522   ,  1.35724    ,  10.8188    ,  0.79368    ,  0.355865   ,  0.0259258  ,  0.0472614  ,  1.0105     ])
Iter time: 156.520106077
Iter time: 300.525186062
Iter time: 513.014981031
13      , -18852      , array([ 0.0488508  ,  0.267999   ,  2.54259    ,  0.913779   ,  1.36101    ,  11.0556    ,  0.792014   ,  0.374732   ,  0.025079   ,  0.0459681  ,  1.01009    ])
Iter time: 154.436031103
Iter time: 146760.497098
Iter time: 629.108333111
14      , -18704.7    , array([ 0.048191   ,  0.266414   ,  2.5533     ,  0.913408   ,  1.3629     ,  11.1759    ,  0.791183   ,  0.3946     ,  0.0246661  ,  0.0453348  ,  1.01014    ])
Iter time: 153.448852062
Iter time: 297.109044075
Iter time: 517.688574076
15      , -18871.2    , array([ 0.0484898  ,  0.267134   ,  2.4129     ,  0.913577   ,  1.36204    ,  11.121     ,  0.79156    ,  0.362614   ,  0.0248529  ,  0.0456216  ,  1.01012    ])
Iter time: 139.71469593
Iter time: 264.19187808
Iter time: 457.129182816
16      , -18861      , array([ 0.0481856  ,  0.266401   ,  2.50698    ,  0.913405   ,  1.36292    ,  9.70979    ,  0.791176   ,  0.363854   ,  0.0246627  ,  0.0453296  ,  1.01014    ])
Iter time: 149.348741055
Iter time: 290.182599068
Iter time: 500.912931919
17      , -18871.5    , array([ 0.0478285  ,  0.265539   ,  2.50438    ,  0.913202   ,  1.36395    ,  10.7245    ,  0.790721   ,  0.365326   ,  0.0303271  ,  0.044987   ,  1.01016    ])
Iter time: 151.390264034
Iter time: 292.140617847
Iter time: 497.25383091
18      , -18860.3    , array([ 0.0474099  ,  0.264522   ,  2.50132    ,  0.912962   ,  1.36518    ,  10.7075    ,  0.801048   ,  0.367073   ,  0.0259956  ,  0.0445853  ,  1.01019    ])
Iter time: 148.688099146
Iter time: 293.1170609
Iter time: 502.368469
19      , -18845.9    , array([ 0.0469199  ,  0.263327   ,  2.4977     ,  0.912679   ,  1.36663    ,  10.6874    ,  0.793178   ,  0.369148   ,  0.0260083  ,  0.0528341  ,  1.01023    ])
Iter time: 144.450115919
Iter time: 290.647650003
Iter time: 482.734678984
20      , -18820.9    , array([ 0.0553099  ,  0.26192    ,  2.49343    ,  0.912344   ,  1.36834    ,  10.6637    ,  0.793087   ,  0.371616   ,  0.0260233  ,  0.046285   ,  1.01027    ])
Iter time: 146.839075089
Iter time: 284.806371927
Iter time: 495.903484821
21      , -18791.5    , array([ 0.0484725  ,  0.260268   ,  2.4884     ,  0.911949   ,  1.37037    ,  10.6357    ,  0.792979   ,  0.374554   ,  0.0260411  ,  0.0461097  ,  1.00972    ])
Iter time: 149.798164845
Iter time: 289.45290184
Iter time: 492.550093889
22      , -18755.6    , array([ 0.0481652  ,  0.258328   ,  2.48246    ,  0.911482   ,  1.37277    ,  10.6027    ,  0.792852   ,  0.378056   ,  0.0260621  ,  0.0459033  ,  1.01018    ])
Iter time: 147.91494894
Iter time: 284.244741917
Iter time: 493.446532011
23      , -18715.4    , array([ 0.0478046  ,  0.256055   ,  2.47547    ,  0.910931   ,  1.35101    ,  10.5639    ,  0.792701   ,  0.382236   ,  0.026087   ,  0.0456606  ,  1.01021    ])
Iter time: 146.369693995
Iter time: 288.026540995
Iter time: 490.665575027
24      , -18672.4    , array([ 0.047382   ,  0.253394   ,  2.46722    ,  0.915098   ,  1.37065    ,  10.5182    ,  0.792524   ,  0.387237   ,  0.0261165  ,  0.0453755  ,  1.01024    ])
Iter time: 144.646844864
Iter time: 283.028161049
Iter time: 481.268917084
25      , -18522.4    , array([ 0.0460339  ,  0.244936   ,  2.44062    ,  0.917434   ,  1.37741    ,  10.3711    ,  0.791946   ,  0.403945   ,  0.0262123  ,  0.0444609  ,  1.01037    ])
Iter time: 142.98418808
Iter time: 280.711477041
Iter time: 487.131967068
26      , -18592.7    , array([ 0.0466418  ,  0.268684   ,  2.45268    ,  0.911546   ,  1.37433    ,  10.4377    ,  0.792209   ,  0.396263   ,  0.0261687  ,  0.0448743  ,  1.01031    ])
Iter time: 143.164296865
Iter time: 282.156314135
Iter time: 491.966664076
27      , -18642.1    , array([ 0.0487291  ,  0.257629   ,  2.4599     ,  0.912562   ,  1.36945    ,  10.4777    ,  0.795444   ,  0.391749   ,  0.021779   ,  0.0471216  ,  1.01018    ])
Iter time: 137.358392
Iter time: 287.586846828
Iter time: 467.723330021
28      , -18606.7    , array([ 0.0481076  ,  0.254409   ,  2.56214    ,  0.912003   ,  1.37273    ,  9.99525    ,  0.795308   ,  0.400264   ,  0.0259457  ,  0.0467402  ,  1.01023    ])
Iter time: 165.488698006
Iter time: 315.903772116
Iter time: 537.258687973
29      , -18559.1    , array([ 0.0483971  ,  0.25298    ,  2.47577    ,  0.91192    ,  1.37364    ,  11.5084    ,  0.796449   ,  0.405876   ,  0.026388   ,  0.0473041  ,  1.01023    ])
Iter time: 147.77025795
Iter time: 288.805962086
Iter time: 485.518315077
30      , -18515.9    , array([ 0.0493736  ,  0.252719   ,  2.47674    ,  0.912173   ,  1.3729     ,  10.5739    ,  0.78581    ,  0.409736   ,  0.0251033  ,  0.0486141  ,  1.01018    ])
Iter time: 143.662330866
Iter time: 275.403559923
Iter time: 483.293063879
31      , -18346.4    , array([ 0.0503857  ,  0.247017   ,  2.46454    ,  0.911778   ,  1.37678    ,  10.5077    ,  0.7783     ,  0.432892   ,  0.0246687  ,  0.050763   ,  1.01018    ])
Iter time: 146.217853785
Iter time: 283.523699045
Iter time: 489.109642029
32      , -18440.9    , array([ 0.0505398  ,  0.250933   ,  2.47431    ,  0.912292   ,  1.37329    ,  10.5612    ,  0.79088    ,  0.419405   ,  0.0248509  ,  0.0407271  ,  1.01014    ])
Iter time: 153.432629108
Iter time: 286.742660046
Iter time: 493.099419117
33      , -18394.5    , array([ 0.0421761  ,  0.250322   ,  2.47507    ,  0.912617   ,  1.37248    ,  10.5661    ,  0.79057    ,  0.425885   ,  0.0246293  ,  0.0454208  ,  1.01007    ])
Iter time: 146.382511139
Iter time: 288.727694035
Iter time: 493.037654877
34      , -18352.7    , array([ 0.0469231  ,  0.250133   ,  2.47766    ,  0.913134   ,  1.37083    ,  10.5812    ,  0.79024    ,  0.432528   ,  0.0243643  ,  0.0454689  ,  1.01068    ])
Iter time: 147.917988062
Iter time: 283.011635065
Iter time: 506.477253914
35      , -18314.2    , array([ 0.0469986  ,  0.250538   ,  2.48271    ,  0.913903   ,  1.36808    ,  10.6102    ,  0.789893   ,  0.439138   ,  0.0240482  ,  0.0455944  ,  1.01032    ])
Iter time: 150.513895035
Iter time: 291.206468821
Iter time: 486.785007
36      , -18097.7    , array([ 0.046426   ,  0.246731   ,  2.48283    ,  0.915116   ,  1.36574    ,  10.6139    ,  0.788418   ,  0.473286   ,  0.0231004  ,  0.0454408  ,  1.01039    ])
Iter time: 151.306306124
Iter time: 286.947015047
Iter time: 496.221601963
37      , -18243.2    , array([ 0.0471019  ,  0.251063   ,  2.49107    ,  0.915219   ,  1.39286    ,  10.6584    ,  0.789265   ,  0.45154    ,  0.0235     ,  0.0457966  ,  1.01032    ])
Iter time: 139.768617868
Iter time: 272.263597012
Iter time: 462.936255932
38      , -18174.6    , array([ 0.0465305  ,  0.238711   ,  2.40433    ,  0.913065   ,  1.38617    ,  9.98825    ,  0.790432   ,  0.448244   ,  0.0246359  ,  0.0462108  ,  1.01043    ])
Iter time: 147.155575991
Iter time: 285.707990885
Iter time: 483.893025875
39      , -18149      , array([ 0.0456319  ,  0.243453   ,  2.48527    ,  0.914003   ,  1.38259    ,  10.5616    ,  0.785294   ,  0.462702   ,  0.0285341  ,  0.0443011  ,  1.01043    ])
Iter time: 157.064291
Iter time: 298.319088936
Iter time: 521.494456053
40      , -18095.6    , array([ 0.0457796  ,  0.244569   ,  2.37292    ,  0.914927   ,  1.38109    ,  11.1828    ,  0.78362    ,  0.464953   ,  0.0243694  ,  0.0442295  ,  1.01041    ])
Iter time: 160.781667948
Iter time: 317.118744135
Iter time: 535.813512802
41      , -17840.2    , array([ 0.0446582  ,  0.239792   ,  2.28362    ,  0.916393   ,  1.38528    ,  11.8286    ,  0.777841   ,  0.501118   ,  0.0236176  ,  0.0430251  ,  1.0105     ])
Iter time: 152.891327858
Iter time: 295.681185007
Iter time: 506.768307924
42      , -17977.2    , array([ 0.0468466  ,  0.226834   ,  2.44684    ,  0.91627    ,  1.38146    ,  10.9551    ,  0.784073   ,  0.490128   ,  0.0237153  ,  0.0457174  ,  1.01037    ])
Iter time: 139.591331005
Iter time: 262.449727058
Iter time: 453.543654919
43      , -17913.1    , array([ 0.0448811  ,  0.236183   ,  2.41885    ,  0.916686   ,  1.38359    ,  9.84728    ,  0.777681   ,  0.495214   ,  0.023066   ,  0.0431009  ,  1.01048    ])
Iter time: 149.949270964
Iter time: 286.735037804
Iter time: 505.127345085
44      , -17832      , array([ 0.0469681  ,  0.242331   ,  2.44969    ,  0.911042   ,  1.38093    ,  10.8247    ,  0.779522   ,  0.516356   ,  0.022687   ,  0.0455988  ,  1.01036    ])
Iter time: 154.55241704
Iter time: 291.50980711
Iter time: 502.620304823
45      , -17496.5    , array([ 0.0474423  ,  0.24104    ,  2.45423    ,  0.907863   ,  1.38269    ,  11.0589    ,  0.773383   ,  0.583798   ,  0.0211063  ,  0.0461787  ,  1.01035    ])
Iter time: 147.025085926
Iter time: 289.748194933
Iter time: 494.418857098
46      , -17745.4    , array([ 0.0422915  ,  0.234816   ,  2.41276    ,  0.915366   ,  1.38679    ,  10.7193    ,  0.777404   ,  0.528145   ,  0.0232297  ,  0.0509294  ,  1.01063    ])
Iter time: 145.543428898
Iter time: 285.858166933
Iter time: 503.540071964
47      , -17673.9    , array([ 0.0507033  ,  0.232668   ,  2.40086    ,  0.915541   ,  1.39023    ,  10.7423    ,  0.775338   ,  0.540863   ,  0.0231907  ,  0.0466268  ,  1.01079    ])
Iter time: 147.804445982
Iter time: 280.005452871
Iter time: 487.518659115
48      , -17594.7    , array([ 0.0462203  ,  0.2298     ,  2.38466    ,  0.915461   ,  1.39547    ,  10.7565    ,  0.772981   ,  0.554645   ,  0.0232335  ,  0.0467909  ,  1.0102     ])
Iter time: 150.533262014
Iter time: 291.572508097
Iter time: 503.321273088
49      , -17465.3    , array([ 0.042374   ,  0.229662   ,  2.38303    ,  0.917494   ,  1.39284    ,  10.8779    ,  0.783861   ,  0.579722   ,  0.0226981  ,  0.0412948  ,  1.01072    ])
Iter time: 154.829740047
Iter time: 301.853356838
Iter time: 512.445569038
50      , -17051      , array([ 0.0388593  ,  0.221448   ,  2.34329    ,  0.920365   ,  1.40094    ,  11.0679    ,  0.786657   ,  0.670872   ,  0.0217726  ,  0.0372451  ,  1.01098    ])
Iter time: 147.665182829
Iter time: 290.547869921
Iter time: 507.541494131
51      , -17353.9    , array([ 0.0437702  ,  0.220862   ,  2.33158    ,  0.914978   ,  1.37821    ,  10.7979    ,  0.772506   ,  0.597263   ,  0.0234984  ,  0.0440848  ,  1.01069    ])
Iter time: 157.601037979
Iter time: 308.010146856
Iter time: 527.890853167
52      , -17266      , array([ 0.0438178  ,  0.229032   ,  2.40224    ,  0.917485   ,  1.38341    ,  11.6868    ,  0.768156   ,  0.633886   ,  0.0222231  ,  0.0433171  ,  1.01063    ])
Iter time: 154.266162872
Iter time: 300.284892082
Iter time: 520.492074966
53      , -17136.2    , array([ 0.0443523  ,  0.222092   ,  2.30969    ,  0.917177   ,  1.38715    ,  11.2577    ,  0.770086   ,  0.65025    ,  0.0183346  ,  0.0450003  ,  1.01066    ])
Iter time: 156.087542057
Iter time: 303.027271986
Iter time: 515.190365076
54      , -17026.5    , array([ 0.043233   ,  0.214988   ,  2.28177    ,  0.916437   ,  1.40824    ,  11.3228    ,  0.76376    ,  0.673506   ,  0.0217155  ,  0.043794   ,  1.01075    ])
Iter time: 167.180464983
Iter time: 328.463773012
Iter time: 544.311740875
55      , -16544.2    , array([ 0.0417198  ,  0.200683   ,  2.18743    ,  0.917098   ,  1.42998    ,  11.6948    ,  0.751722   ,  0.803434   ,  0.0210546  ,  0.0429931  ,  1.01093    ])
Iter time: 153.173769951
Iter time: 299.272475004
Iter time: 496.338151932
56      , -16879.8    , array([ 0.0419514  ,  0.228696   ,  2.26863    ,  0.915433   ,  1.40097    ,  11.1012    ,  0.762132   ,  0.711511   ,  0.0206997  ,  0.0430455  ,  1.01088    ])
Iter time: 174.102138042
Iter time: 332.687430143
Iter time: 573.715478897
57      , -16746.5    , array([ 0.0432544  ,  0.218361   ,  2.26829    ,  0.914789   ,  1.40199    ,  12.6223    ,  0.76558    ,  0.752166   ,  0.0208677  ,  0.0456479  ,  1.01084    ])
Iter time: 149.979182005
Iter time: 284.735908985
Iter time: 497.874743938
58      , -16642.7    , array([ 0.0432187  ,  0.211444   ,  2.39967    ,  0.91479    ,  1.40334    ,  10.6329    ,  0.763215   ,  0.800266   ,  0.0199267  ,  0.0462229  ,  1.01088    ])
Iter time: 169.297564983
Iter time: 317.681421995
Iter time: 550.029083014
59      , -16535.4    , array([ 0.0458176  ,  0.211848   ,  2.26899    ,  0.915711   ,  1.40484    ,  11.716     ,  0.76109    ,  0.81891    ,  0.0197024  ,  0.0383666  ,  1.0108     ])
Iter time: 209.073380947
Iter time: 408.46151185
Iter time: 691.598650932
60      , -16007.5    , array([ 0.0476894  ,  0.201221   ,  2.20034    ,  0.915884   ,  1.41396    ,  12.2486    ,  0.753062   ,  1.01971    ,  0.0181449  ,  0.0333002  ,  1.01089    ])
Iter time: 177.838320971
Iter time: 355.233397007
Iter time: 619.663960934
61      , -16307.9    , array([ 0.0377929  ,  0.208233   ,  2.24437    ,  0.915599   ,  1.40568    ,  11.9731    ,  0.759084   ,  0.897374   ,  0.0188744  ,  0.0394191  ,  1.01065    ])
Iter time: 201.428119898
Iter time: 388.517935991
Iter time: 658.676867008
62      , -16161.7    , array([ 0.0399685  ,  0.207088   ,  2.23484    ,  0.915705   ,  1.40227    ,  12.1926    ,  0.758891   ,  0.955076   ,  0.0181411  ,  0.0380753  ,  1.01132    ])
Iter time: 201.553628922
Iter time: 389.080949783
Iter time: 675.739310026
63      , -16036.2    , array([ 0.0377441  ,  0.192056   ,  2.13482    ,  0.924813   ,  1.41884    ,  12.0714    ,  0.755893   ,  0.992335   ,  0.0194273  ,  0.0372501  ,  1.01135    ])
Iter time: 229.133959055
Iter time: 433.617187023
Iter time: 750.754441023
64      , -15926.8    , array([ 0.0398235  ,  0.204343   ,  2.21139    ,  0.919407   ,  1.43099    ,  12.6163    ,  0.753765   ,  1.06376    ,  0.0168564  ,  0.0378424  ,  1.01113    ])
Iter time: 319.876584053
Iter time: 614.942244053
Iter time: 1056.40006208
65      , -15340.8    , array([ 0.0379857  ,  0.196552   ,  2.15364    ,  0.92163    ,  1.45814    ,  13.6373    ,  0.744566   ,  1.41966    ,  0.0142767  ,  0.035061   ,  1.01136    ])
Iter time: 228.117964983
Iter time: 446.229899883
Iter time: 763.730778933
66      , -15678.4    , array([ 0.0387605  ,  0.19165    ,  2.10413    ,  0.917647   ,  1.43932    ,  11.9885    ,  0.753747   ,  1.16056    ,  0.0164458  ,  0.0370605  ,  1.01132    ])
Iter time: 272.522789001
Iter time: 505.224363089
Iter time: 875.353508949
67      , -15552.4    , array([ 0.0373665  ,  0.192412   ,  2.15167    ,  0.918041   ,  1.44511    ,  12.5886    ,  0.748932   ,  1.25702    ,  0.0195436  ,  0.0344371  ,  1.01141    ])
Iter time: 293.551480055
Iter time: 576.373875141
Iter time: 969.462232113
68      , -15395.8    , array([ 0.0423458  ,  0.188102   ,  2.08818    ,  0.914439   ,  1.43898    ,  13.1077    ,  0.726634   ,  1.36573    ,  0.0161375  ,  0.0410189  ,  1.01117    ])
Iter time: 323.103234053
Iter time: 624.763044119
Iter time: 1064.6269989
69      , -15281      , array([ 0.0392915  ,  0.175783   ,  2.12463    ,  0.919185   ,  1.44597    ,  13.4692    ,  0.743541   ,  1.44981    ,  0.0162227  ,  0.0351818  ,  1.01132    ])
Iter time: 497.275866032
Iter time: 959.267851114
Iter time: 1670.21885514
70      , -14687.6    , array([ 0.0380255  ,  0.154112   ,  2.0561     ,  0.921068   ,  1.46901    ,  14.8364    ,  0.734416   ,  2.06954    ,  0.0143616  ,  0.0318063  ,  1.01155    ])
Iter time: 325.138385057
Iter time: 630.686007977
Iter time: 1103.00094891
71      , -15056.2    , array([ 0.0372255  ,  0.1728     ,  2.08734    ,  0.920977   ,  1.45724    ,  12.1994    ,  0.73462    ,  1.64853    ,  0.0150353  ,  0.0310668  ,  1.01149    ])
Iter time: 433.730170965
Iter time: 832.06989193
Iter time: 1427.83754802
72      , -14888.3    , array([ 0.0362587  ,  0.172023   ,  1.92367    ,  0.922105   ,  1.46585    ,  14.8483    ,  0.731798   ,  1.76703    ,  0.0149592  ,  0.028542   ,  1.01156    ])
Iter time: 454.374814034
Iter time: 900.435847998
Iter time: 1559.40433407
73      , -14712.3    , array([ 0.0366153  ,  0.17624    ,  2.06159    ,  0.920696   ,  1.44504    ,  14.099     ,  0.739366   ,  2.03125    ,  0.0133048  ,  0.0284836  ,  1.01163    ])
Iter time: 488.453902006
Iter time: 946.493451118
Iter time: 1621.44973707
74      , -14648.4    , array([ 0.0401879  ,  0.164776   ,  1.9785     ,  0.923134   ,  1.47741    ,  14.1866    ,  0.7287     ,  2.10983    ,  0.0139274  ,  0.029284   ,  1.01208    ])
Iter time: 807.936121941
Iter time: 1557.66278505
Iter time: 2692.38156009
75      , -14137.2    , array([ 0.0414418  ,  0.146578   ,  1.85762    ,  0.926925   ,  1.51464    ,  15.4425    ,  0.713967   ,  3.23507    ,  0.0119638  ,  0.0252401  ,  1.0128     ])
Iter time: 577.030228853
Iter time: 1146.60918713
Iter time: 1952.07392001
76      , -14435.1    , array([ 0.0382513  ,  0.155597   ,  1.92125    ,  0.925074   ,  1.50192    ,  14.5428    ,  0.720843   ,  2.47467    ,  0.0134341  ,  0.0281338  ,  1.01168    ])
Iter time: 693.126798153
Iter time: 1353.26995111
Iter time: 2300.49795604
77      , -14291.6    , array([ 0.040604   ,  0.161475   ,  1.97308    ,  0.91601    ,  1.49981    ,  15.1947    ,  0.717482   ,  2.81225    ,  0.0117309  ,  0.0273263  ,  1.01171    ])
Iter time: 824.641512156
Iter time: 1585.346766
Iter time: 2745.37402487
78      , -14116.2    , array([ 0.0312101  ,  0.148076   ,  1.87676    ,  0.924963   ,  1.5212     ,  15.5734    ,  0.71387    ,  3.29108    ,  0.0116024  ,  0.0294884  ,  1.01233    ])
Iter time: 926.710239887
Iter time: 1838.63804293
Iter time: 3154.25895214
80      , -14100.5    , array([ 0.0369165  ,  0.148347   ,  1.92219    ,  0.92452    ,  1.50951    ,  16.6864    ,  0.706206   ,  3.49504    ,  0.0120144  ,  0.0254179  ,  1.01207    ])
Iter time: 1931.19694018
Iter time: 3720.99308109
Iter time: 6440.33186507
81      , -13805.1    , array([ 0.0360276  ,  0.130516   ,  1.8372     ,  0.927976   ,  1.54588    ,  19.6862    ,  0.683573   ,  6.0652     ,  0.0102689  ,  0.0210501  ,  1.01245    ])
Iter time: 378.243017197
Iter time: 739.510788918
Iter time: 1263.38127303
83      , -14985.3    , array([ 0.0375339  ,  0.176971   ,  2.06531    ,  0.920008   ,  1.46396    ,  13.6175    ,  0.736136   ,  1.70911    ,  0.0160967  ,  0.0317914  ,  1.0116     ])
Iter time: 1116.467834
Iter time: 2272.86186719
Iter time: 3702.10064197
84      , -13929.6    , array([ 0.0328392  ,  0.139293   ,  1.87827    ,  0.930607   ,  1.53327    ,  16.6694    ,  0.722199   ,  4.1185     ,  0.0108869  ,  0.0200482  ,  1.0125     ])
Iter time: 1289.71711397
Iter time: 2508.31040883
Iter time: 4308.70888186
85      , -13838.3    , array([ 0.0356523  ,  0.125214   ,  1.77643    ,  0.924975   ,  1.52701    ,  16.6177    ,  0.700908   ,  4.80861    ,  0.0117141  ,  0.0211885  ,  1.01251    ])
Iter time: 1598.81818104
Iter time: 3381.27850795
Iter time: 5324.07176518
86      , -13807.2    , array([ 0.0360958  ,  0.134324   ,  1.77988    ,  0.92636    ,  1.541      ,  19.6502    ,  0.704356   ,  5.03081    ,  0.0106296  ,  0.0223054  ,  1.01257    ])
Iter time: 552.482004166
Iter time: 1091.41297197
Iter time: 1879.32123709
88      , -14517      , array([ 0.0370267  ,  0.162155   ,  1.98177    ,  0.922123   ,  1.4846     ,  14.7643    ,  0.726226   ,  2.33013    ,  0.0139986  ,  0.0284666  ,  1.01186    ])
Iter time: 599.527801037
Iter time: 1171.289186
Iter time: 2003.68601918
90      , -14464      , array([ 0.036427   ,  0.159444   ,  1.9152     ,  0.923174   ,  1.48642    ,  15.4132    ,  0.723831   ,  2.39927    ,  0.0134542  ,  0.0269694  ,  1.01185    ])
Iter time: 1608.59172702
Iter time: 3098.43993878
Iter time: 5384.50389194
91      , -13803.1    , array([ 0.0365425  ,  0.121687   ,  1.74009    ,  0.92826    ,  1.5803     ,  18.453     ,  0.690606   ,  5.38534    ,  0.0110279  ,  0.0225739  ,  1.0127     ])
Iter time: 690.822525978
Iter time: 1342.89593005
Iter time: 2310.16401792
94      , -14320.8    , array([ 0.0372278  ,  0.148625   ,  1.95849    ,  0.923094   ,  1.49489    ,  15.6237    ,  0.722402   ,  2.7325     ,  0.013032   ,  0.0279601  ,  1.01191    ])
Iter time: 735.544492006
Iter time: 1441.33137488
Iter time: 2462.00199699
96      , -14245.7    , array([ 0.0367447  ,  0.151852   ,  1.92173    ,  0.923666   ,  1.50327    ,  15.6258    ,  0.718191   ,  2.9205     ,  0.0128245  ,  0.0264299  ,  1.01207    ])
