==========================================
SLURM_JOB_ID = 18981528
SLURM_NODELIST = c8-76
==========================================
Module slurm/17.11.5 loaded 
Module openmpi/3.0.1 loaded 
Module gcc/7.3.0 loaded 
Module python/2.7.6 loaded 
Module numpy/1.11.1 loaded 
Module dadi/1.7.0 loaded 
Module matplotlib/2.0 loaded 
Module scipy/0.18.0 loaded 
Beginning. Call:
/home/hemstrow/monarch/github/F-H_2018/DADI/demographic_models/run_3d_mods.py /home/hemstrow/monarch/github/F-H_2018/Data/dadi_inputs/ dadi_snps_10kgap.txt 1st_folded_optim_10kgap_snps_dadi_out.txt lgb_p1tb_2f 10 [NAM,HAW,GUA] True 3 [0.1,0.1,1,1,5,5,.1,.1,.1,.1,2,2] [1,1,10,10,20,20,10,10,10,10,4,4] [1e-3,1e-3,1e-3,1e-3,0.01,0.01,0.01,0.01,0.01,0.01,1,1] [150,15,15] fmin

Ready to begin run. Parameters:

Model:
lgb_p1tb_2f
Maxiters:
10
Pops:
['NAM', 'HAW', 'GUA']
Projection:
[150, 15, 15]
Number of segregating sites in projected sfs:
9454.98941724
Folding spectra:
True
Level of parm folding:
3
Optimizer:
fmin
p0:
[  0.59715834   0.34320363   0.21726587   0.33411606   0.68498049  19.8
   0.0931428    0.33781381   0.03357503   0.30446986   1.9414476    3.96      ]
Upper Bounds:
[1.0, 1.0, 10.0, 10.0, 20.0, 20.0, 10.0, 10.0, 10.0, 10.0, 4.0, 4.0]
Lower Bounds:
[0.001, 0.001, 0.001, 0.001, 0.01, 0.01, 0.01, 0.01, 0.01, 0.01, 1.0, 1.0]

Beginning optimization ************************************************
optimize_log_fmin.
Iter time: 291.593652964
Iter time: 570.379465818
Iter time: 984.780282021
1       , -20505.7    , array([ 0.597158   ,  0.343204   ,  0.217266   ,  0.334116   ,  0.68498    ,  19.8       ,  0.0931428  ,  0.337814   ,  0.033575   ,  0.30447    ,  1.94145    ,  3.96       ])
Iter time: 291.410868168
Iter time: 568.049954891
Iter time: 982.192793131
2       , -20505.7    , array([ 0.581961   ,  0.343204   ,  0.217266   ,  0.334116   ,  0.68498    ,  19.8       ,  0.0931428  ,  0.337814   ,  0.033575   ,  0.30447    ,  1.94145    ,  3.96       ])
Iter time: 291.480533123
Iter time: 569.77200985
Iter time: 981.999221087
3       , -20505.7    , array([ 0.597158   ,  0.325334   ,  0.217266   ,  0.334116   ,  0.68498    ,  19.8       ,  0.0931428  ,  0.337814   ,  0.033575   ,  0.30447    ,  1.94145    ,  3.96       ])
Iter time: 314.400411129
Iter time: 612.624680042
Iter time: 1059.57094097
4       , -20580.4    , array([ 0.597158   ,  0.343204   ,  0.201299   ,  0.334116   ,  0.68498    ,  19.8       ,  0.0931428  ,  0.337814   ,  0.033575   ,  0.30447    ,  1.94145    ,  3.96       ])
Iter time: 291.598361015
Iter time: 567.875087023
Iter time: 982.525919199
5       , -20491.5    , array([ 0.597158   ,  0.343204   ,  0.217266   ,  0.316295   ,  0.68498    ,  19.8       ,  0.0931428  ,  0.337814   ,  0.033575   ,  0.30447    ,  1.94145    ,  3.96       ])
Iter time: 291.344465971
Iter time: 567.772353172
Iter time: 982.268908978
6       , -20505.7    , array([ 0.597158   ,  0.343204   ,  0.217266   ,  0.334116   ,  0.672144   ,  19.8       ,  0.0931428  ,  0.337814   ,  0.033575   ,  0.30447    ,  1.94145    ,  3.96       ])
Iter time: 291.50303793
Iter time: 567.938425064
Iter time: 982.460588932
8       , -20701.4    , array([ 0.597158   ,  0.343204   ,  0.217266   ,  0.334116   ,  0.68498    ,  19.8       ,  0.0827193  ,  0.337814   ,  0.033575   ,  0.30447    ,  1.94145    ,  3.96       ])
Iter time: 291.364728928
Iter time: 568.25720191
Iter time: 982.365203142
9       , -20676.6    , array([ 0.597158   ,  0.343204   ,  0.217266   ,  0.334116   ,  0.68498    ,  19.8       ,  0.0931428  ,  0.319971   ,  0.033575   ,  0.30447    ,  1.94145    ,  3.96       ])
Iter time: 291.704073906
Iter time: 568.299715996
Iter time: 982.140717983
10      , -20495.4    , array([ 0.597158   ,  0.343204   ,  0.217266   ,  0.334116   ,  0.68498    ,  19.8       ,  0.0931428  ,  0.337814   ,  0.0283346  ,  0.30447    ,  1.94145    ,  3.96       ])
Iter time: 291.313873053
Iter time: 568.000810146
Iter time: 981.971751928
11      , -20627.5    , array([ 0.597158   ,  0.343204   ,  0.217266   ,  0.334116   ,  0.68498    ,  19.8       ,  0.0931428  ,  0.337814   ,  0.033575   ,  0.286894   ,  1.94145    ,  3.96       ])
Iter time: 291.667083979
Iter time: 568.20973897
Iter time: 982.455557108
12      , -20505.7    , array([ 0.597158   ,  0.343204   ,  0.217266   ,  0.334116   ,  0.68498    ,  19.8       ,  0.0931428  ,  0.337814   ,  0.033575   ,  0.30447    ,  2.00693    ,  3.96       ])
Iter time: 291.378891945
Iter time: 567.803138018
Iter time: 984.070156097
16      , -20492.9    , array([ 0.597158   ,  0.343204   ,  0.217266   ,  0.325083   ,  0.68498    ,  19.8       ,  0.0931428  ,  0.337814   ,  0.0308437  ,  0.30447    ,  1.94145    ,  3.96       ])
Iter time: 292.981904984
Iter time: 567.895764112
Iter time: 984.618855953
17      , -20498.2    , array([ 0.597158   ,  0.334149   ,  0.217266   ,  0.325083   ,  0.68498    ,  19.8       ,  0.0931428  ,  0.337814   ,  0.033575   ,  0.30447    ,  1.94145    ,  3.96       ])
Iter time: 291.348683119
Iter time: 568.123759985
Iter time: 982.41690588
18      , -20498.2    , array([ 0.597158   ,  0.343204   ,  0.217266   ,  0.325083   ,  0.68498    ,  19.8       ,  0.0931428  ,  0.337814   ,  0.033575   ,  0.30447    ,  1.94145    ,  3.96       ])
Iter time: 291.393415928
Iter time: 568.284536839
Iter time: 982.268104076
19      , -20498.2    , array([ 0.597158   ,  0.343204   ,  0.217266   ,  0.325083   ,  0.678532   ,  19.8       ,  0.0931428  ,  0.337814   ,  0.033575   ,  0.30447    ,  1.94145    ,  3.96       ])
Iter time: 291.482871056
Iter time: 568.858305931
Iter time: 982.894819021
20      , -20498.2    , array([ 0.597158   ,  0.343204   ,  0.217266   ,  0.325083   ,  0.68498    ,  19.8       ,  0.0931428  ,  0.337814   ,  0.033575   ,  0.30447    ,  1.97392    ,  3.96       ])
Iter time: 291.469589949
Iter time: 567.763642073
Iter time: 982.718012094
21      , -20498.2    , array([ 0.589511   ,  0.343204   ,  0.217266   ,  0.325083   ,  0.68498    ,  19.8       ,  0.0931428  ,  0.337814   ,  0.033575   ,  0.30447    ,  1.94145    ,  3.96       ])
Iter time: 302.635091066
Iter time: 589.809883118
Iter time: 1021.24680591
22      , -20534.8    , array([ 0.597158   ,  0.343204   ,  0.20913    ,  0.325083   ,  0.68498    ,  19.8       ,  0.0931428  ,  0.337814   ,  0.033575   ,  0.30447    ,  1.94145    ,  3.96       ])
Iter time: 291.393358946
Iter time: 567.908975124
Iter time: 986.466634035
23      , -20559.1    , array([ 0.597158   ,  0.343204   ,  0.217266   ,  0.325083   ,  0.68498    ,  19.8       ,  0.0931428  ,  0.337814   ,  0.033575   ,  0.295551   ,  1.94145    ,  3.96       ])
Iter time: 291.388929844
Iter time: 568.418389797
Iter time: 982.344529152
24      , -20583.3    , array([ 0.597158   ,  0.343204   ,  0.217266   ,  0.325083   ,  0.68498    ,  19.8       ,  0.0931428  ,  0.328772   ,  0.033575   ,  0.30447    ,  1.94145    ,  3.96       ])
Iter time: 291.389773846
Iter time: 567.825568914
Iter time: 984.425456047
25      , -20597.3    , array([ 0.597158   ,  0.343204   ,  0.217266   ,  0.325083   ,  0.68498    ,  19.8       ,  0.0877765  ,  0.337814   ,  0.033575   ,  0.30447    ,  1.94145    ,  3.96       ])
Iter time: 291.372601032
Iter time: 568.932621956
Iter time: 982.511953115
30      , -20492      , array([ 0.597158   ,  0.343204   ,  0.217266   ,  0.320659   ,  0.68498    ,  19.8       ,  0.0931428  ,  0.337814   ,  0.0321804  ,  0.30447    ,  1.94145    ,  3.96       ])
Iter time: 292.866980076
Iter time: 567.840291023
Iter time: 982.255367994
31      , -20494.7    , array([ 0.597158   ,  0.338646   ,  0.217266   ,  0.320659   ,  0.68498    ,  19.8       ,  0.0931428  ,  0.337814   ,  0.033575   ,  0.30447    ,  1.94145    ,  3.96       ])
Iter time: 291.281368017
Iter time: 568.048134089
Iter time: 982.12654686
32      , -20494.7    , array([ 0.597158   ,  0.343204   ,  0.217266   ,  0.320659   ,  0.68498    ,  19.8       ,  0.0931428  ,  0.337814   ,  0.033575   ,  0.30447    ,  1.94145    ,  3.96       ])
Iter time: 291.534832954
Iter time: 567.951334953
Iter time: 982.417433977
33      , -20494.7    , array([ 0.597158   ,  0.343204   ,  0.217266   ,  0.320659   ,  0.68498    ,  19.8       ,  0.0931428  ,  0.337814   ,  0.033575   ,  0.30447    ,  1.95761    ,  3.96       ])
Iter time: 291.463371038
Iter time: 569.735541821
Iter time: 982.420917034
34      , -20494.7    , array([ 0.597158   ,  0.343204   ,  0.217266   ,  0.320659   ,  0.681748   ,  19.8       ,  0.0931428  ,  0.337814   ,  0.033575   ,  0.30447    ,  1.94145    ,  3.96       ])
Iter time: 291.374065161
Iter time: 568.268738985
Iter time: 982.561402082
35      , -20494.7    , array([ 0.593322   ,  0.343204   ,  0.217266   ,  0.320659   ,  0.68498    ,  19.8       ,  0.0931428  ,  0.337814   ,  0.033575   ,  0.30447    ,  1.94145    ,  3.96       ])
Iter time: 296.995032072
Iter time: 579.200351
Iter time: 1001.82156301
36      , -20512.8    , array([ 0.597158   ,  0.343204   ,  0.213159   ,  0.320659   ,  0.68498    ,  19.8       ,  0.0931428  ,  0.337814   ,  0.033575   ,  0.30447    ,  1.94145    ,  3.96       ])
Iter time: 291.380088806
Iter time: 568.920151949
Iter time: 982.479226112
37      , -20525.2    , array([ 0.597158   ,  0.343204   ,  0.217266   ,  0.320659   ,  0.68498    ,  19.8       ,  0.0931428  ,  0.337814   ,  0.033575   ,  0.299977   ,  1.94145    ,  3.96       ])
Iter time: 291.392368078
Iter time: 568.213232994
Iter time: 982.183768988
38      , -20537.2    , array([ 0.597158   ,  0.343204   ,  0.217266   ,  0.320659   ,  0.68498    ,  19.8       ,  0.0931428  ,  0.333262   ,  0.033575   ,  0.30447    ,  1.94145    ,  3.96       ])
Iter time: 291.540017843
Iter time: 569.474407911
Iter time: 982.483884096
39      , -20544.6    , array([ 0.597158   ,  0.343204   ,  0.217266   ,  0.320659   ,  0.68498    ,  19.8       ,  0.0904198  ,  0.337814   ,  0.033575   ,  0.30447    ,  1.94145    ,  3.96       ])
Iter time: 294.53527689
Iter time: 573.866811991
Iter time: 992.007575035
42      , -20517.9    , array([ 0.596517   ,  0.34244    ,  0.216576   ,  0.319928   ,  0.684441   ,  19.9235    ,  0.0926833  ,  0.337051   ,  0.0333385  ,  0.303716   ,  1.94413    ,  3.89246    ])
Iter time: 282.023288965
Iter time: 549.764137983
Iter time: 950.819993973
43      , -20516.5    , array([ 0.59641    ,  0.342313   ,  0.216461   ,  0.319806   ,  0.684351   ,  19.0944    ,  0.092607   ,  0.336924   ,  0.0332992  ,  0.303591   ,  1.94458    ,  3.94866    ])
Iter time: 291.122113228
Iter time: 567.522018909
Iter time: 981.769213915
44      , -20465.9    , array([ 0.596286   ,  0.342164   ,  0.216327   ,  0.319664   ,  0.684246   ,  19.701     ,  0.0957766  ,  0.336776   ,  0.0332534  ,  0.303445   ,  1.9451     ,  3.94678    ])
Iter time: 291.04231286
Iter time: 567.241204023
Iter time: 981.334261894
45      , -20425.7    , array([ 0.59585    ,  0.341646   ,  0.21586    ,  0.319167   ,  0.683879   ,  19.6517    ,  0.0985728  ,  0.336258   ,  0.0330938  ,  0.302934   ,  1.94693    ,  3.94018    ])
Iter time: 291.203353167
Iter time: 568.778832912
Iter time: 982.82489109
46      , -20455.7    , array([ 0.596068   ,  0.341905   ,  0.216093   ,  0.319415   ,  0.684062   ,  19.6764    ,  0.0938588  ,  0.341885   ,  0.0331735  ,  0.303189   ,  1.94602    ,  3.94348    ])
Iter time: 291.066062927
Iter time: 567.483035088
Iter time: 981.590839148
47      , -20456.1    , array([ 0.595887   ,  0.341689   ,  0.215899   ,  0.319209   ,  0.68391    ,  19.6558    ,  0.0939787  ,  0.337953   ,  0.0331071  ,  0.308276   ,  1.94678    ,  3.94073    ])
Iter time: 292.483133078
Iter time: 570.353531122
Iter time: 985.964715958
49      , -20501.7    , array([ 0.596493   ,  0.342411   ,  0.21655    ,  0.3199     ,  0.684421   ,  19.8143    ,  0.0931744  ,  0.337504   ,  0.0333297  ,  0.304096   ,  1.94423    ,  3.92331    ])
Iter time: 286.97025609
Iter time: 559.278035879
Iter time: 967.196514845
51      , -20500.4    , array([ 0.596443   ,  0.342352   ,  0.216497   ,  0.319843   ,  0.684379   ,  19.4275    ,  0.0931597  ,  0.337465   ,  0.0333113  ,  0.304055   ,  1.94444    ,  3.95048    ])
Iter time: 285.164627075
Iter time: 556.001420021
Iter time: 961.667664051
52      , -20453.7    , array([ 0.595676   ,  0.341439   ,  0.220529   ,  0.318969   ,  0.683733   ,  19.6705    ,  0.0942951  ,  0.338142   ,  0.0330303  ,  0.304498   ,  1.94767    ,  3.94301    ])
Iter time: 288.280439138
Iter time: 562.014725208
Iter time: 968.590950966
53      , -20456.6    , array([ 0.596204   ,  0.342067   ,  0.217735   ,  0.319571   ,  0.684177   ,  19.6326    ,  0.0944512  ,  0.338558   ,  0.0332234  ,  0.304939   ,  1.94545    ,  3.98321    ])
Iter time: 288.702807903
Iter time: 564.020787954
Iter time: 973.475106001
55      , -20488      , array([ 0.596386   ,  0.342284   ,  0.21687    ,  0.319778   ,  0.68433    ,  19.5834    ,  0.0935383  ,  0.337793   ,  0.0332902  ,  0.304323   ,  1.94468    ,  3.95317    ])
Iter time: 289.278259993
Iter time: 563.818824053
Iter time: 975.432215929
56      , -20455.1    , array([ 0.599865   ,  0.341078   ,  0.217158   ,  0.318623   ,  0.683476   ,  19.645     ,  0.0947672  ,  0.338427   ,  0.0329194  ,  0.304688   ,  1.94895    ,  3.9506     ])
Iter time: 288.901322842
Iter time: 563.155559063
Iter time: 973.794162035
57      , -20448.5    , array([ 0.596461   ,  0.340724   ,  0.21714    ,  0.318285   ,  0.687006   ,  19.6193    ,  0.0950407  ,  0.33853    ,  0.0328113  ,  0.304725   ,  1.9502     ,  3.94904    ])
Iter time: 288.504633904
Iter time: 562.270476818
Iter time: 972.821679831
58      , -20440.7    , array([ 0.596345   ,  0.340313   ,  0.217119   ,  0.317891   ,  0.684101   ,  19.5894    ,  0.0953607  ,  0.338649   ,  0.0326858  ,  0.304767   ,  1.95166    ,  3.94721    ])
Iter time: 288.031599998
Iter time: 561.21568203
Iter time: 970.820676088
59      , -20431.7    , array([ 0.59621    ,  0.345175   ,  0.217095   ,  0.317432   ,  0.683955   ,  19.5545    ,  0.0957354  ,  0.338789   ,  0.0325399  ,  0.304817   ,  1.95337    ,  3.94508    ])
Iter time: 287.404299974
Iter time: 560.207337856
Iter time: 968.599744797
60      , -20421.2    , array([ 0.596052   ,  0.340917   ,  0.217066   ,  0.316897   ,  0.683784   ,  19.5139    ,  0.0961745  ,  0.338951   ,  0.0323705  ,  0.304875   ,  1.93654    ,  3.9426     ])
Iter time: 285.39428401
Iter time: 556.450181961
Iter time: 963.307609081
61      , -20384.4    , array([ 0.595499   ,  0.339779   ,  0.216966   ,  0.315033   ,  0.683186   ,  19.3724    ,  0.0977272  ,  0.339521   ,  0.0317845  ,  0.305077   ,  1.92608    ,  3.93393    ])
Iter time: 287.302263975
Iter time: 558.920266151
Iter time: 966.975240946
62      , -20405.8    , array([ 0.595776   ,  0.340348   ,  0.217016   ,  0.315963   ,  0.683485   ,  19.443     ,  0.0969477  ,  0.339236   ,  0.0337037  ,  0.304976   ,  1.95008    ,  3.93827    ])
Iter time: 287.275762081
Iter time: 557.884111881
Iter time: 964.096021175
63      , -20392.2    , array([ 0.595545   ,  0.339874   ,  0.216975   ,  0.320267   ,  0.683236   ,  19.3841    ,  0.0975968  ,  0.339474   ,  0.0323243  ,  0.30506    ,  1.95152    ,  3.93466    ])
Iter time: 288.16066885
Iter time: 561.653371096
Iter time: 970.830276966
64      , -20379.7    , array([ 0.596176   ,  0.340386   ,  0.217388   ,  0.316859   ,  0.683703   ,  19.5652    ,  0.0978747  ,  0.339775   ,  0.0324413  ,  0.305331   ,  1.94941    ,  3.93837    ])
Iter time: 288.615148067
Iter time: 561.183096886
Iter time: 969.993304968
65      , -20325.3    , array([ 0.596071   ,  0.339442   ,  0.217647   ,  0.31541    ,  0.683389   ,  19.5561    ,  0.100118   ,  0.340771   ,  0.0320249  ,  0.305836   ,  1.95178    ,  3.93099    ])
Iter time: 288.417998075
Iter time: 563.362011909
Iter time: 971.94877696
66      , -20389.3    , array([ 0.596336   ,  0.340165   ,  0.21651    ,  0.316373   ,  0.683725   ,  19.5035    ,  0.0978744  ,  0.339376   ,  0.032308   ,  0.304863   ,  1.9497     ,  3.90009    ])
Iter time: 285.114397049
Iter time: 556.076179981
Iter time: 962.407319069
67      , -20377.8    , array([ 0.596729   ,  0.340287   ,  0.218455   ,  0.316261   ,  0.683961   ,  19.4551    ,  0.0990347  ,  0.340222   ,  0.0322898  ,  0.301003   ,  1.94885    ,  3.93532    ])
Iter time: 284.404628992
Iter time: 554.172549009
Iter time: 957.602176905
68      , -20366      , array([ 0.596658   ,  0.339804   ,  0.218653   ,  0.315534   ,  0.683792   ,  19.3982    ,  0.100052   ,  0.336036   ,  0.0320805  ,  0.305685   ,  1.95009    ,  3.93122    ])
Iter time: 285.051059961
Iter time: 555.180835962
Iter time: 960.644058943
69      , -20351.5    , array([ 0.592351   ,  0.340416   ,  0.21783    ,  0.315806   ,  0.684431   ,  19.3883    ,  0.0999936  ,  0.339068   ,  0.0321894  ,  0.304347   ,  1.94735    ,  3.92092    ])
Iter time: 289.660462856
Iter time: 563.03019309
Iter time: 974.109375
70      , -20335.7    , array([ 0.59596    ,  0.339885   ,  0.214061   ,  0.314939   ,  0.684291   ,  19.3166    ,  0.101482   ,  0.339509   ,  0.0319437  ,  0.304511   ,  1.94858    ,  3.92479    ])
Iter time: 284.812312126
Iter time: 555.756831169
Iter time: 961.828169107
71      , -20322      , array([ 0.595093   ,  0.340458   ,  0.216885   ,  0.315061   ,  0.68058    ,  19.3168    ,  0.101792   ,  0.339284   ,  0.0320135  ,  0.30425    ,  1.94578    ,  3.91478    ])
Iter time: 282.829399824
Iter time: 551.973470926
Iter time: 954.374346018
72      , -20257.7    , array([ 0.594409   ,  0.340325   ,  0.216758   ,  0.313462   ,  0.67739    ,  19.1673    ,  0.105346   ,  0.339661   ,  0.0316219  ,  0.304012   ,  1.94358    ,  3.89776    ])
Iter time: 284.752705097
Iter time: 554.765419006
Iter time: 959.501904011
73      , -20299.1    , array([ 0.594886   ,  0.340872   ,  0.216846   ,  0.314715   ,  0.682348   ,  19.2763    ,  0.103148   ,  0.339333   ,  0.0319598  ,  0.304082   ,  1.94298    ,  3.90837    ])
Iter time: 284.810261965
Iter time: 554.290905952
Iter time: 959.072238207
74      , -20285.8    , array([ 0.594801   ,  0.335368   ,  0.216829   ,  0.314719   ,  0.682227   ,  19.2646    ,  0.10403    ,  0.339284   ,  0.032007   ,  0.30391    ,  1.93956    ,  3.90438    ])
Iter time: 279.986895084
Iter time: 546.708119869
Iter time: 944.888473988
75      , -20270.1    , array([ 0.594985   ,  0.337787   ,  0.218232   ,  0.312276   ,  0.682028   ,  19.1058    ,  0.101947   ,  0.342348   ,  0.0312966  ,  0.305963   ,  1.94473    ,  3.9033     ])
Iter time: 283.391429186
Iter time: 553.086929083
Iter time: 956.040915966
76      , -20266.5    , array([ 0.594928   ,  0.338649   ,  0.217271   ,  0.314826   ,  0.682178   ,  19.2547    ,  0.104528   ,  0.339859   ,  0.0303531  ,  0.304078   ,  1.94071    ,  3.8994     ])
Iter time: 284.996709108
Iter time: 553.852376938
Iter time: 957.718754053
77      , -20258.9    , array([ 0.595055   ,  0.338917   ,  0.217362   ,  0.30971    ,  0.68225    ,  19.2916    ,  0.105027   ,  0.339685   ,  0.0313182  ,  0.30383    ,  1.93748    ,  3.89713    ])
Iter time: 281.148244858
Iter time: 549.084160089
Iter time: 947.406558037
78      , -20239.9    , array([ 0.594053   ,  0.33842    ,  0.217971   ,  0.312412   ,  0.681518   ,  19.1387    ,  0.105967   ,  0.339835   ,  0.0311719  ,  0.303855   ,  1.93726    ,  3.93117    ])
Iter time: 277.493330002
Iter time: 541.507920027
Iter time: 936.009707928
79      , -20163.8    , array([ 0.592914   ,  0.33755    ,  0.218705   ,  0.31045    ,  0.680417   ,  18.9589    ,  0.110261   ,  0.340065   ,  0.0306189  ,  0.303353   ,  1.93106    ,  3.94681    ])
Iter time: 282.265573978
Iter time: 550.017033815
Iter time: 956.095402002
80      , -20207.1    , array([ 0.594456   ,  0.338432   ,  0.217803   ,  0.312976   ,  0.681593   ,  19.199     ,  0.108283   ,  0.33978    ,  0.0314887  ,  0.303355   ,  1.96186    ,  3.89947    ])
Iter time: 282.290712833
Iter time: 550.650769949
Iter time: 952.203724861
81      , -20187.3    , array([ 0.592854   ,  0.337619   ,  0.216211   ,  0.311218   ,  0.680428   ,  19.0752    ,  0.108455   ,  0.339006   ,  0.0308663  ,  0.30786    ,  1.94109    ,  3.89216    ])
Iter time: 283.74052
Iter time: 552.246317148
Iter time: 954.676563978
82      , -20168.4    , array([ 0.592293   ,  0.337736   ,  0.21561    ,  0.31122    ,  0.680037   ,  19.0777    ,  0.108804   ,  0.343733   ,  0.0308686  ,  0.303503   ,  1.93836    ,  3.88974    ])
Iter time: 282.549427032
Iter time: 549.559957027
Iter time: 951.101819038
83      , -20152.1    , array([ 0.59659    ,  0.336685   ,  0.216056   ,  0.310195   ,  0.678673   ,  19.0362    ,  0.110411   ,  0.341436   ,  0.0305501  ,  0.304697   ,  1.93959    ,  3.89477    ])
Iter time: 280.76761198
Iter time: 547.034438848
Iter time: 946.007683039
84      , -20050.7    , array([ 0.598721   ,  0.334836   ,  0.215174   ,  0.307426   ,  0.675813   ,  18.8625    ,  0.11602    ,  0.342626   ,  0.0297621  ,  0.304872   ,  1.93572    ,  3.88176    ])
Iter time: 276.586333036
Iter time: 539.300734997
Iter time: 935.702009916
85      , -20121      , array([ 0.593434   ,  0.336371   ,  0.22005    ,  0.309799   ,  0.677403   ,  19.0313    ,  0.111247   ,  0.341512   ,  0.0304243  ,  0.304592   ,  1.93623    ,  3.88379    ])
Iter time: 277.474136829
Iter time: 538.948306084
Iter time: 933.036031008
86      , -20095      , array([ 0.592885   ,  0.336301   ,  0.216822   ,  0.308413   ,  0.677303   ,  18.7131    ,  0.114761   ,  0.340371   ,  0.0300889  ,  0.303067   ,  1.93047    ,  3.86986    ])
Iter time: 278.361145973
Iter time: 542.214810133
Iter time: 937.539070129
87      , -20089.5    , array([ 0.593732   ,  0.334137   ,  0.217619   ,  0.308053   ,  0.677497   ,  18.8912    ,  0.113388   ,  0.341988   ,  0.0298485  ,  0.304646   ,  1.93714    ,  3.88585    ])
Iter time: 276.650079966
Iter time: 540.493374109
Iter time: 933.600575209
88      , -20070.4    , array([ 0.59364    ,  0.339412   ,  0.217768   ,  0.306952   ,  0.676833   ,  18.8411    ,  0.114053   ,  0.34249    ,  0.0294597  ,  0.304941   ,  1.94015    ,  3.88672    ])
Iter time: 280.467661142
Iter time: 547.447104931
Iter time: 945.914016008
89      , -20049.1    , array([ 0.593232   ,  0.337252   ,  0.21629    ,  0.308468   ,  0.676168   ,  18.9535    ,  0.11858    ,  0.339449   ,  0.0298262  ,  0.302726   ,  1.93422    ,  3.88505    ])
Iter time: 281.041657925
Iter time: 547.281754971
Iter time: 945.586237907
90      , -19932.7    , array([ 0.592358   ,  0.336985   ,  0.215326   ,  0.306581   ,  0.673258   ,  18.8778    ,  0.127889   ,  0.338008   ,  0.0291172  ,  0.30112    ,  1.92899    ,  3.87595    ])
Iter time: 276.735366106
Iter time: 539.583622932
Iter time: 932.391013145
91      , -19999.5    , array([ 0.592861   ,  0.336117   ,  0.216922   ,  0.304619   ,  0.674538   ,  18.7451    ,  0.119607   ,  0.341623   ,  0.030541   ,  0.304106   ,  1.93628    ,  3.88503    ])
Iter time: 274.745857
Iter time: 535.934319973
Iter time: 926.684158087
92      , -19963.8    , array([ 0.59237    ,  0.335388   ,  0.216757   ,  0.308797   ,  0.673189   ,  18.6198    ,  0.121646   ,  0.342122   ,  0.0294762  ,  0.3044     ,  1.9393     ,  3.88528    ])
Iter time: 274.792575121
Iter time: 535.338279963
Iter time: 926.216915131
93      , -19915.5    , array([ 0.592673   ,  0.333187   ,  0.217362   ,  0.304339   ,  0.677317   ,  18.6502    ,  0.12422    ,  0.342559   ,  0.0288531  ,  0.304283   ,  1.93251    ,  3.88257    ])
Iter time: 270.753289938
Iter time: 527.134797096
Iter time: 911.93076086
94      , -19739.7    , array([ 0.591807   ,  0.329675   ,  0.217665   ,  0.299878   ,  0.67728    ,  18.397     ,  0.13489    ,  0.344016   ,  0.027561   ,  0.304418   ,  1.927      ,  3.875      ])
Iter time: 273.375375032
Iter time: 534.123035908
Iter time: 923.298819065
95      , -19890.2    , array([ 0.592186   ,  0.33359    ,  0.216296   ,  0.302648   ,  0.672429   ,  18.4875    ,  0.125358   ,  0.343147   ,  0.028339   ,  0.30512    ,  1.90879    ,  3.8768     ])
Iter time: 271.942865133
Iter time: 530.661704063
Iter time: 917.022986174
96      , -19856.8    , array([ 0.593675   ,  0.333725   ,  0.217903   ,  0.302944   ,  0.672254   ,  18.5107    ,  0.128217   ,  0.344627   ,  0.0285017  ,  0.300207   ,  1.92383    ,  3.88152    ])
Iter time: 269.513981104
Iter time: 524.923720837
Iter time: 908.454406977
97      , -19825.1    , array([ 0.594467   ,  0.332945   ,  0.218895   ,  0.301585   ,  0.671351   ,  18.4155    ,  0.131351   ,  0.340034   ,  0.0281231  ,  0.303963   ,  1.92412    ,  3.88257    ])
Iter time: 272.990123987
Iter time: 532.247097015
Iter time: 920.214919806
98      , -19773.2    , array([ 0.594104   ,  0.332367   ,  0.215829   ,  0.300877   ,  0.669478   ,  18.4413    ,  0.133452   ,  0.343697   ,  0.0279536  ,  0.304215   ,  1.93024    ,  3.81597    ])
Iter time: 273.072932005
Iter time: 532.268012047
Iter time: 920.415626049
99      , -19756.5    , array([ 0.593695   ,  0.332867   ,  0.213818   ,  0.300044   ,  0.671139   ,  18.275     ,  0.136343   ,  0.342604   ,  0.0277381  ,  0.302915   ,  1.92409    ,  3.86652    ])
Iter time: 273.238190889
Iter time: 532.432419062
Iter time: 920.897788048
100     , -19728.7    , array([ 0.594381   ,  0.332368   ,  0.216498   ,  0.300014   ,  0.670216   ,  18.5125    ,  0.136018   ,  0.344128   ,  0.0276695  ,  0.304415   ,  1.92876    ,  3.87988    ])
Iter time: 271.984521866
Iter time: 529.960287809
Iter time: 916.812266111
101     , -19541.1    , array([ 0.59513    ,  0.330419   ,  0.216337   ,  0.295901   ,  0.6667     ,  18.4129    ,  0.148081   ,  0.346022   ,  0.0265338  ,  0.305091   ,  1.92791    ,  3.8849     ])
Iter time: 270.722542048
Iter time: 527.889093161
Iter time: 912.915992022
102     , -19638.3    , array([ 0.593764   ,  0.333897   ,  0.215493   ,  0.298356   ,  0.668232   ,  18.2597    ,  0.143929   ,  0.343171   ,  0.0273504  ,  0.302911   ,  1.9206     ,  3.86377    ])
Iter time: 270.941733122
Iter time: 527.670379162
Iter time: 912.210045099
103     , -19582.8    , array([ 0.593878   ,  0.327811   ,  0.214969   ,  0.298012   ,  0.667464   ,  18.2129    ,  0.148748   ,  0.342781   ,  0.0273704  ,  0.302281   ,  1.91438    ,  3.85908    ])
Iter time: 265.609970093
Iter time: 517.838934898
Iter time: 897.369860172
104     , -19524.4    , array([ 0.588041   ,  0.331119   ,  0.217526   ,  0.296014   ,  0.667088   ,  18.0863    ,  0.152408   ,  0.342671   ,  0.0267167  ,  0.301919   ,  1.91523    ,  3.86024    ])
Iter time: 259.211043835
Iter time: 505.36571908
Iter time: 875.831051826
105     , -19246.6    , array([ 0.582773   ,  0.329277   ,  0.218711   ,  0.290467   ,  0.662768   ,  17.7102    ,  0.174681   ,  0.342693   ,  0.025313   ,  0.300454   ,  1.90506    ,  3.84952    ])
Iter time: 266.604183912
Iter time: 520.115040064
Iter time: 899.080975056
106     , -19453.9    , array([ 0.592157   ,  0.328728   ,  0.216069   ,  0.296382   ,  0.666391   ,  18.0281    ,  0.157472   ,  0.343856   ,  0.0252332  ,  0.30207    ,  1.90949    ,  3.8511     ])
Iter time: 267.711977005
Iter time: 520.479311943
Iter time: 899.960908175
107     , -19403      , array([ 0.592613   ,  0.328344   ,  0.216118   ,  0.29038    ,  0.666597   ,  18.052     ,  0.161639   ,  0.343644   ,  0.0254762  ,  0.301392   ,  1.9016     ,  3.84518    ])
Iter time: 259.417122126
Iter time: 505.825538158
Iter time: 874.811283112
108     , -19353.7    , array([ 0.592668   ,  0.325376   ,  0.217688   ,  0.289844   ,  0.665426   ,  17.673     ,  0.159868   ,  0.348787   ,  0.0252225  ,  0.304722   ,  1.90722    ,  3.84932    ])
Iter time: 263.885192871
Iter time: 514.538379908
Iter time: 890.2138381
109     , -19295.9    , array([ 0.59292    ,  0.327325   ,  0.216943   ,  0.291503   ,  0.665085   ,  17.9111    ,  0.169841   ,  0.344498   ,  0.0254168  ,  0.300662   ,  1.92713    ,  3.84392    ])
Iter time: 264.383523941
Iter time: 514.896939993
Iter time: 892.637178183
110     , -19241.6    , array([ 0.591308   ,  0.326138   ,  0.215185   ,  0.289355   ,  0.66407    ,  17.7908    ,  0.174019   ,  0.342997   ,  0.0247938  ,  0.305658   ,  1.91261    ,  3.83302    ])
Iter time: 261.033407927
Iter time: 508.249303818
Iter time: 878.897764921
111     , -18923.9    , array([ 0.590128   ,  0.32241    ,  0.213839   ,  0.282791   ,  0.660015   ,  17.4414    ,  0.202732   ,  0.342186   ,  0.0231248  ,  0.308421   ,  1.90703    ,  3.809      ])
Iter time: 265.341170073
Iter time: 517.04992795
Iter time: 896.44825983
112     , -19119.5    , array([ 0.589799   ,  0.325154   ,  0.213377   ,  0.287559   ,  0.663078   ,  17.7215    ,  0.182611   ,  0.347996   ,  0.0243212  ,  0.302615   ,  1.90948    ,  3.81979    ])
Iter time: 260.599874973
Iter time: 506.852190018
Iter time: 876.805809021
113     , -19060.4    , array([ 0.589445   ,  0.324531   ,  0.215997   ,  0.286069   ,  0.66387    ,  17.5797    ,  0.189379   ,  0.345      ,  0.0239076  ,  0.302099   ,  1.9        ,  3.8871     ])
Iter time: 257.969479084
Iter time: 502.706568003
Iter time: 870.773462057
114     , -18962.3    , array([ 0.589144   ,  0.322677   ,  0.218397   ,  0.284592   ,  0.661027   ,  17.6254    ,  0.195799   ,  0.346503   ,  0.0235039  ,  0.303259   ,  1.90207    ,  3.83968    ])
Iter time: 259.271241188
Iter time: 505.100439072
Iter time: 870.827083111
115     , -18839.1    , array([ 0.59058    ,  0.324638   ,  0.214657   ,  0.282278   ,  0.652386   ,  17.3839    ,  0.210589   ,  0.345495   ,  0.0230354  ,  0.30157    ,  1.89508    ,  3.82543    ])
Iter time: 250.442527056
Iter time: 494.297604084
Iter time: 853.650509834
116     , -18360.8    , array([ 0.589967   ,  0.322149   ,  0.213169   ,  0.273869   ,  0.640284   ,  16.8985    ,  0.263125   ,  0.346237   ,  0.0210593  ,  0.300157   ,  1.87932    ,  3.80089    ])
Iter time: 255.266044855
Iter time: 497.624044895
Iter time: 859.970889091
117     , -18738.2    , array([ 0.588004   ,  0.318626   ,  0.216429   ,  0.279697   ,  0.656528   ,  17.2898    ,  0.21824    ,  0.346861   ,  0.0222232  ,  0.30261    ,  1.89453    ,  3.82608    ])
Iter time: 252.776144981
Iter time: 492.693452835
Iter time: 852.269659042
118     , -18655.4    , array([ 0.586919   ,  0.323008   ,  0.217202   ,  0.277075   ,  0.655476   ,  17.1847    ,  0.225102   ,  0.347941   ,  0.0214492  ,  0.303295   ,  1.89738    ,  3.82524    ])
Iter time: 248.681655884
Iter time: 484.680836916
Iter time: 838.224384069
119     , -18537.1    , array([ 0.584329   ,  0.319249   ,  0.215972   ,  0.276012   ,  0.654372   ,  16.8035    ,  0.242463   ,  0.345      ,  0.0213547  ,  0.300206   ,  1.87906    ,  3.79003    ])
Iter time: 250.862836123
Iter time: 488.71867919
Iter time: 844.973455191
120     , -18480.7    , array([ 0.585961   ,  0.31933    ,  0.216224   ,  0.272312   ,  0.652693   ,  16.9622    ,  0.245009   ,  0.347365   ,  0.0218394  ,  0.302895   ,  1.89211    ,  3.81312    ])
Iter time: 247.87795496
Iter time: 482.865638018
Iter time: 835.505219936
121     , -18378.8    , array([ 0.584411   ,  0.318223   ,  0.216192   ,  0.274981   ,  0.650203   ,  16.7649    ,  0.255826   ,  0.348204   ,  0.0210829  ,  0.303828   ,  1.89838    ,  3.81366    ])
Iter time: 253.108402967
Iter time: 492.865756989
Iter time: 852.687886953
122     , -18251.2    , array([ 0.582992   ,  0.319938   ,  0.214386   ,  0.273082   ,  0.64884    ,  16.9745    ,  0.279744   ,  0.342974   ,  0.0206681  ,  0.300362   ,  1.89133    ,  3.80366    ])
Iter time: 249.774502993
Iter time: 486.785015106
Iter time: 841.70489502
123     , -17672.8    , array([ 0.578213   ,  0.317254   ,  0.212755   ,  0.265069   ,  0.640703   ,  16.6356    ,  0.37005    ,  0.340105   ,  0.0187093  ,  0.298205   ,  1.88343    ,  3.78103    ])
Iter time: 246.219473839
Iter time: 480.15494895
Iter time: 830.264062881
124     , -18052.7    , array([ 0.580309   ,  0.316382   ,  0.214425   ,  0.26726    ,  0.645144   ,  16.5438    ,  0.299812   ,  0.346502   ,  0.0194891  ,  0.304002   ,  1.86464    ,  3.79854    ])
Iter time: 249.686465025
Iter time: 486.900531054
Iter time: 842.404489994
125     , -17903      , array([ 0.589996   ,  0.312419   ,  0.211991   ,  0.264517   ,  0.644498   ,  16.5426    ,  0.318967   ,  0.348969   ,  0.0187345  ,  0.304808   ,  1.87951    ,  3.7846     ])
Iter time: 240.420985937
Iter time: 468.376281977
Iter time: 810.101295948
126     , -17825.7    , array([ 0.583001   ,  0.31428    ,  0.217054   ,  0.263498   ,  0.641152   ,  16.3435    ,  0.334838   ,  0.343812   ,  0.0186685  ,  0.302995   ,  1.87023    ,  3.80818    ])
Iter time: 242.046323061
Iter time: 472.449880123
Iter time: 817.401490927
127     , -17679.8    , array([ 0.582283   ,  0.313204   ,  0.214596   ,  0.261267   ,  0.636682   ,  16.2763    ,  0.355042   ,  0.346597   ,  0.0182245  ,  0.303663   ,  1.87461    ,  3.72947    ])
Iter time: 241.673386097
Iter time: 470.980650902
Iter time: 814.513283968
128     , -17562.4    , array([ 0.581444   ,  0.313443   ,  0.211618   ,  0.258907   ,  0.635434   ,  16.0201    ,  0.37921    ,  0.345109   ,  0.0177679  ,  0.302569   ,  1.86804    ,  3.75725    ])
Iter time: 233.76270318
Iter time: 455.811489105
Iter time: 789.151930094
129     , -16861.7    , array([ 0.577632   ,  0.308926   ,  0.208308   ,  0.246947   ,  0.623012   ,  15.2732    ,  0.527734   ,  0.344415   ,  0.0154484  ,  0.302225   ,  1.85126    ,  3.7167     ])
Iter time: 234.997488022
Iter time: 458.827074051
Iter time: 792.130260944
130     , -17244.9    , array([ 0.578408   ,  0.311477   ,  0.215186   ,  0.254736   ,  0.630318   ,  15.8349    ,  0.429553   ,  0.349843   ,  0.0168849  ,  0.2965     ,  1.85399    ,  3.77206    ])
Iter time: 236.781025887
Iter time: 461.29904604
Iter time: 798.76406312
131     , -17197.7    , array([ 0.578907   ,  0.313986   ,  0.212407   ,  0.253572   ,  0.629378   ,  15.7413    ,  0.446703   ,  0.34562    ,  0.0167836  ,  0.301169   ,  1.85951    ,  3.74633    ])
Iter time: 236.644050837
Iter time: 461.806473017
Iter time: 798.089310884
132     , -17037.6    , array([ 0.578651   ,  0.308268   ,  0.210866   ,  0.252218   ,  0.626134   ,  15.6078    ,  0.485488   ,  0.344163   ,  0.0166928  ,  0.300136   ,  1.85049    ,  3.73415    ])
Iter time: 238.234796047
Iter time: 464.417685986
Iter time: 803.286525965
133     , -16916.6    , array([ 0.58027    ,  0.310083   ,  0.211222   ,  0.249414   ,  0.622595   ,  15.7666    ,  0.506022   ,  0.346956   ,  0.0160923  ,  0.303212   ,  1.86376    ,  3.75953    ])
Iter time: 234.178442001
Iter time: 457.974744797
Iter time: 790.595077038
134     , -16714.5    , array([ 0.577713   ,  0.308491   ,  0.210155   ,  0.249129   ,  0.619305   ,  15.4301    ,  0.565107   ,  0.344526   ,  0.0149543  ,  0.300573   ,  1.84626    ,  3.72795    ])
Iter time: 227.280897856
Iter time: 443.650641203
Iter time: 766.281625032
135     , -15889.6    , array([ 0.573632   ,  0.30321    ,  0.207185   ,  0.238289   ,  0.603257   ,  14.7167    ,  0.858234   ,  0.343116   ,  0.0123745  ,  0.299418   ,  1.82375    ,  3.68608    ])
Iter time: 233.485738993
Iter time: 454.957546949
Iter time: 787.138053894
136     , -16403.6    , array([ 0.577452   ,  0.30708    ,  0.2087     ,  0.240892   ,  0.61396    ,  15.2763    ,  0.662183   ,  0.342854   ,  0.0141746  ,  0.29892    ,  1.8279     ,  3.70634    ])
Iter time: 225.512624025
Iter time: 439.617305994
Iter time: 760.712337017
137     , -16120.8    , array([ 0.569972   ,  0.300925   ,  0.210914   ,  0.236753   ,  0.619124   ,  14.9027    ,  0.750867   ,  0.344237   ,  0.0132843  ,  0.302369   ,  1.83792    ,  3.70322    ])
Iter time: 228.524397135
Iter time: 444.960758924
Iter time: 770.034218073
138     , -16093.8    , array([ 0.577725   ,  0.303863   ,  0.209103   ,  0.237756   ,  0.610258   ,  14.9594    ,  0.767943   ,  0.343599   ,  0.0134664  ,  0.298276   ,  1.84794    ,  3.68985    ])
Iter time: 223.005683899
Iter time: 434.717293978
Iter time: 755.095554113
139     , -15951      , array([ 0.566253   ,  0.306297   ,  0.21102    ,  0.235989   ,  0.605337   ,  14.7118    ,  0.835659   ,  0.340289   ,  0.0132588  ,  0.296415   ,  1.82815    ,  3.68782    ])
Iter time: 230.209585905
Iter time: 449.044234037
Iter time: 775.993664026
140     , -15729.6    , array([ 0.57027    ,  0.30318    ,  0.205132   ,  0.232587   ,  0.602695   ,  14.6323    ,  0.927126   ,  0.344801   ,  0.012568   ,  0.2971     ,  1.83027    ,  3.64542    ])
Iter time: 327.219595909
Iter time: 637.412668943
Iter time: 1101.86047792
141     , -14844.9    , array([ 0.564009   ,  0.297778   ,  0.199418   ,  0.218519   ,  0.58434    ,  13.8451    ,  1.54273    ,  0.345297   ,  0.0103121  ,  0.294195   ,  1.81061    ,  3.56666    ])
Iter time: 259.440392971
Iter time: 505.583349228
Iter time: 874.68632412
142     , -15413.3    , array([ 0.567946   ,  0.301672   ,  0.20496    ,  0.227691   ,  0.59831    ,  14.3017    ,  1.11694    ,  0.341816   ,  0.0117086  ,  0.294885   ,  1.81545    ,  3.69477    ])
Iter time: 278.54709506
Iter time: 542.639718056
Iter time: 938.757133007
143     , -15086.5    , array([ 0.570239   ,  0.295331   ,  0.205452   ,  0.218812   ,  0.587811   ,  13.6447    ,  1.28828    ,  0.348633   ,  0.0105482  ,  0.299723   ,  1.7959     ,  3.6304     ])
Iter time: 294.481014967
Iter time: 572.807142973
Iter time: 990.484778166
144     , -15139.8    , array([ 0.568697   ,  0.298152   ,  0.20157    ,  0.221991   ,  0.590582   ,  13.9835    ,  1.33276    ,  0.338733   ,  0.0108064  ,  0.30199    ,  1.81477    ,  3.61589    ])
Iter time: 325.270766973
Iter time: 633.963876009
Iter time: 1096.90153193
145     , -14873.1    , array([ 0.566524   ,  0.293229   ,  0.202432   ,  0.21812    ,  0.585226   ,  13.7916    ,  1.5377     ,  0.341723   ,  0.0101024  ,  0.297443   ,  1.80205    ,  3.61928    ])
Iter time: 230.370441914
Iter time: 449.06578207
Iter time: 780.148045063
147     , -16381.7    , array([ 0.575151   ,  0.305203   ,  0.20875    ,  0.24208    ,  0.614709   ,  15.0868    ,  0.665541   ,  0.343813   ,  0.0144379  ,  0.299605   ,  1.83846    ,  3.70329    ])
Iter time: 231.792217016
Iter time: 450.416508198
Iter time: 780.720299006
149     , -16302.2    , array([ 0.575742   ,  0.305898   ,  0.208824   ,  0.240432   ,  0.612644   ,  15.1355    ,  0.687272   ,  0.345074   ,  0.0141119  ,  0.300987   ,  1.84399    ,  3.71352    ])
Iter time: 229.078406096
Iter time: 446.118785143
Iter time: 771.593041897
151     , -16254      , array([ 0.574354   ,  0.305201   ,  0.2074     ,  0.238973   ,  0.612421   ,  14.8912    ,  0.709628   ,  0.343835   ,  0.0137747  ,  0.300445   ,  1.8375     ,  3.69218    ])
Iter time: 298.430531025
Iter time: 581.387947083
Iter time: 1005.82118583
152     , -15009.8    , array([ 0.564301   ,  0.295761   ,  0.204101   ,  0.221711   ,  0.590046   ,  13.7402    ,  1.39099    ,  0.343823   ,  0.010592   ,  0.298684   ,  1.82137    ,  3.62736    ])
Iter time: 226.816236019
Iter time: 443.393814087
Iter time: 764.894320965
154     , -15958.5    , array([ 0.572536   ,  0.302882   ,  0.207371   ,  0.235663   ,  0.607226   ,  14.7268    ,  0.824143   ,  0.343576   ,  0.0131301  ,  0.299165   ,  1.83082    ,  3.68174    ])
Iter time: 227.341772079
Iter time: 442.878764153
Iter time: 765.755207777
156     , -15906.5    , array([ 0.572697   ,  0.303102   ,  0.207347   ,  0.234663   ,  0.605981   ,  14.7338    ,  0.843852   ,  0.344143   ,  0.0129421  ,  0.299778   ,  1.83303    ,  3.6855     ])
Iter time: 328.412170887
Iter time: 639.975127935
Iter time: 1106.81424189
157     , -14838      , array([ 0.564748   ,  0.295199   ,  0.204365   ,  0.218842   ,  0.585603   ,  13.7899    ,  1.55709    ,  0.342647   ,  0.0101217  ,  0.296605   ,  1.80615    ,  3.62245    ])
Iter time: 341.747653008
Iter time: 666.246979952
Iter time: 1152.83804488
159     , -14756.5    , array([ 0.568217   ,  0.298437   ,  0.199907   ,  0.218017   ,  0.573913   ,  13.6022    ,  1.66179    ,  0.341982   ,  0.0100303  ,  0.293774   ,  1.80049    ,  3.59839    ])
Iter time: 234.585432053
Iter time: 457.153017044
Iter time: 790.694577932
162     , -15677.4    , array([ 0.572997   ,  0.301537   ,  0.206823   ,  0.231576   ,  0.601592   ,  14.5363    ,  0.956462   ,  0.343286   ,  0.0123157  ,  0.297969   ,  1.83148    ,  3.66625    ])
Iter time: 240.389109135
Iter time: 467.947765112
Iter time: 811.186897039
164     , -15601.9    , array([ 0.570437   ,  0.300994   ,  0.205942   ,  0.230387   ,  0.599862   ,  14.4151    ,  0.997008   ,  0.343262   ,  0.0121285  ,  0.298363   ,  1.82301    ,  3.66158    ])
Iter time: 242.118392944
Iter time: 472.17195487
Iter time: 817.456039906
166     , -15584.7    , array([ 0.567472   ,  0.302466   ,  0.207536   ,  0.230315   ,  0.598702   ,  14.3955    ,  1.01136    ,  0.34174    ,  0.0121426  ,  0.29707    ,  1.82146    ,  3.66351    ])
Iter time: 244.679857016
Iter time: 477.042263031
Iter time: 825.967649221
168     , -15549.9    , array([ 0.570474   ,  0.300858   ,  0.205729   ,  0.229489   ,  0.598718   ,  14.3923    ,  1.024      ,  0.34357    ,  0.0119649  ,  0.298637   ,  1.82341    ,  3.66144    ])
Iter time: 248.430730104
Iter time: 484.249053001
Iter time: 835.695144176
170     , -15528.5    , array([ 0.570808   ,  0.300814   ,  0.205588   ,  0.230892   ,  0.597183   ,  14.3706    ,  1.04032    ,  0.343075   ,  0.0116832  ,  0.298425   ,  1.81877    ,  3.66071    ])
Iter time: 257.119823933
Iter time: 501.076035976
Iter time: 866.663259029
172     , -15421      , array([ 0.570401   ,  0.299953   ,  0.205358   ,  0.227589   ,  0.596176   ,  14.2754    ,  1.1021     ,  0.343152   ,  0.0116298  ,  0.297722   ,  1.8221     ,  3.65062    ])
Iter time: 260.870316982
Iter time: 508.462364197
Iter time: 879.964591026
174     , -15377.4    , array([ 0.569124   ,  0.299639   ,  0.204895   ,  0.226888   ,  0.595165   ,  14.21      ,  1.12992    ,  0.343135   ,  0.011521   ,  0.297892   ,  1.81784    ,  3.64783    ])
Iter time: 263.37536788
Iter time: 512.698998928
Iter time: 886.618312836
176     , -15360.9    , array([ 0.567712   ,  0.300254   ,  0.205577   ,  0.226711   ,  0.594442   ,  14.1927    ,  1.14329    ,  0.342432   ,  0.0115025  ,  0.297279   ,  1.81692    ,  3.64815    ])
Iter time: 265.357236862
Iter time: 516.692699909
Iter time: 893.705244064
178     , -15336.1    , array([ 0.569097   ,  0.299429   ,  0.204674   ,  0.226189   ,  0.594273   ,  14.1829    ,  1.15571    ,  0.3433     ,  0.0113992  ,  0.298006   ,  1.81762    ,  3.64656    ])
Iter time: 341.660820007
Iter time: 665.9523139
Iter time: 1151.98831296
179     , -14734.1    , array([ 0.564371   ,  0.295001   ,  0.201529   ,  0.214519   ,  0.582155   ,  13.5634    ,  1.66433    ,  0.343022   ,  0.010054   ,  0.296261   ,  1.80476    ,  3.60068    ])
Iter time: 276.886824846
Iter time: 537.061058998
Iter time: 931.378785133
182     , -15236.2    , array([ 0.568737   ,  0.298714   ,  0.204291   ,  0.224504   ,  0.592302   ,  14.0874    ,  1.2251     ,  0.343095   ,  0.0111591  ,  0.297471   ,  1.81619    ,  3.63849    ])
Iter time: 278.301365852
Iter time: 541.483099937
Iter time: 936.619250059
184     , -15225.4    , array([ 0.567545   ,  0.299446   ,  0.204065   ,  0.224423   ,  0.593112   ,  14.0915    ,  1.23808    ,  0.34248    ,  0.0111744  ,  0.296158   ,  1.81291    ,  3.65809    ])
Iter time: 279.266165018
Iter time: 545.538653135
Iter time: 941.58585
186     , -15201.7    , array([ 0.568067   ,  0.298427   ,  0.203998   ,  0.223925   ,  0.591465   ,  14.0413    ,  1.25001    ,  0.343113   ,  0.0110704  ,  0.297591   ,  1.8139     ,  3.63521    ])
Iter time: 281.348932981
Iter time: 549.865459919
Iter time: 948.769409895
188     , -15187.2    , array([ 0.567377   ,  0.298657   ,  0.204272   ,  0.223722   ,  0.590983   ,  14.0265    ,  1.26206    ,  0.342789   ,  0.0110438  ,  0.297298   ,  1.81331    ,  3.63482    ])
Iter time: 283.271481991
Iter time: 552.605870962
Iter time: 955.805876017
190     , -15169      , array([ 0.567997   ,  0.298215   ,  0.203806   ,  0.223362   ,  0.590762   ,  14.0151    ,  1.27356    ,  0.343202   ,  0.0109797  ,  0.297632   ,  1.81348    ,  3.63355    ])
Iter time: 289.417846918
Iter time: 564.160902977
Iter time: 975.888008118
192     , -15117.7    , array([ 0.567787   ,  0.297837   ,  0.203595   ,  0.222481   ,  0.589717   ,  13.9649    ,  1.31336    ,  0.343104   ,  0.0108561  ,  0.297371   ,  1.81266    ,  3.62932    ])
Iter time: 291.272641182
Iter time: 567.677478075
Iter time: 981.461740017
194     , -15108      , array([ 0.567201   ,  0.298135   ,  0.203463   ,  0.22236    ,  0.589979   ,  13.9617    ,  1.32355    ,  0.342822   ,  0.0108504  ,  0.296765   ,  1.81101    ,  3.63788    ])
Iter time: 292.675659895
Iter time: 569.911751032
Iter time: 985.077419043
196     , -15092.5    , array([ 0.567426   ,  0.297616   ,  0.203407   ,  0.222049   ,  0.589098   ,  13.9335    ,  1.33308    ,  0.343127   ,  0.0107908  ,  0.297448   ,  1.81138    ,  3.62659    ])
Iter time: 293.975160122
Iter time: 574.617486954
Iter time: 990.372539043
198     , -15081.5    , array([ 0.567083   ,  0.297687   ,  0.203508   ,  0.221879   ,  0.588779   ,  13.9223    ,  1.34255    ,  0.342979   ,  0.0107675  ,  0.297307   ,  1.81101    ,  3.62606    ])
Iter time: 334.835880995
Iter time: 653.441838026
Iter time: 1129.80489898
199     , -14781.4    , array([ 0.565433   ,  0.295145   ,  0.201643   ,  0.216548   ,  0.582109   ,  13.6102    ,  1.6157     ,  0.343099   ,  0.0100048  ,  0.296948   ,  1.80353    ,  3.59993    ])
Iter time: 329.511637926
Iter time: 642.129189968
Iter time: 1113.10599089
200     , -14746.8    , array([ 0.564196   ,  0.294709   ,  0.203892   ,  0.216986   ,  0.580885   ,  13.5796    ,  1.59428    ,  0.348369   ,  0.0100355  ,  0.291843   ,  1.80039    ,  3.61484    ])
Iter time: 302.386899948
Iter time: 589.17739892
Iter time: 1017.90957308
202     , -15012.9    , array([ 0.566964   ,  0.297      ,  0.203173   ,  0.220742   ,  0.587343   ,  13.856     ,  1.39485    ,  0.343528   ,  0.0105979  ,  0.29689    ,  1.8096     ,  3.62173    ])
Iter time: 302.453377962
Iter time: 590.040957928
Iter time: 1021.85789204
204     , -15004.3    , array([ 0.566662   ,  0.297101   ,  0.203095   ,  0.220615   ,  0.587363   ,  13.85      ,  1.40332    ,  0.343417   ,  0.0105847  ,  0.296592   ,  1.80871    ,  3.62533    ])
Iter time: 304.690907001
Iter time: 592.699696064
Iter time: 1026.70830584
206     , -14993      , array([ 0.566742   ,  0.296821   ,  0.203054   ,  0.220401   ,  0.586852   ,  13.8326    ,  1.41138    ,  0.343581   ,  0.0105471  ,  0.296897   ,  1.80879    ,  3.61965    ])
Iter time: 366.944724083
Iter time: 715.20400691
Iter time: 1251.97018909
207     , -14704.6    , array([ 0.561335   ,  0.296975   ,  0.199598   ,  0.218984   ,  0.58128    ,  13.8522    ,  1.75978    ,  0.338676   ,  0.0100751  ,  0.292549   ,  1.81873    ,  3.59335    ])
Iter time: 309.543994188
Iter time: 602.557598829
Iter time: 1045.35573578
210     , -14967.7    , array([ 0.566185   ,  0.296889   ,  0.202841   ,  0.220263   ,  0.586341   ,  13.832     ,  1.4379     ,  0.343118   ,  0.0105066  ,  0.296511   ,  1.80946    ,  3.61757    ])
Iter time: 314.147753
Iter time: 611.382409096
Iter time: 1057.24546194
212     , -14932.1    , array([ 0.566093   ,  0.296541   ,  0.202661   ,  0.219678   ,  0.585583   ,  13.798     ,  1.4675     ,  0.343376   ,  0.0104197  ,  0.296287   ,  1.80875    ,  3.61524    ])
Iter time: 312.829961061
Iter time: 608.060976028
Iter time: 1052.8302989
214     , -14927.5    , array([ 0.564837   ,  0.295955   ,  0.203063   ,  0.220075   ,  0.586743   ,  13.7426    ,  1.46874    ,  0.343504   ,  0.0104097  ,  0.297081   ,  1.8141     ,  3.61754    ])
Iter time: 315.804849148
Iter time: 613.972743034
Iter time: 1062.496979
216     , -14921.6    , array([ 0.565941   ,  0.296577   ,  0.202561   ,  0.219508   ,  0.585383   ,  13.793     ,  1.47804    ,  0.343305   ,  0.0103989  ,  0.296059   ,  1.80801    ,  3.6162     ])
Iter time: 316.844685078
Iter time: 617.007592916
Iter time: 1065.21103287
218     , -14913.1    , array([ 0.565948   ,  0.296427   ,  0.20252    ,  0.219364   ,  0.585067   ,  13.7827    ,  1.48513    ,  0.343375   ,  0.0103743  ,  0.296176   ,  1.80802    ,  3.61323    ])
Iter time: 319.527440071
Iter time: 621.386040211
Iter time: 1076.52933407
220     , -14898.4    , array([ 0.56566    ,  0.296441   ,  0.2024     ,  0.219258   ,  0.584759   ,  13.7803    ,  1.50104    ,  0.343155   ,  0.0103489  ,  0.29597    ,  1.80829    ,  3.61201    ])
Iter time: 321.813809156
Iter time: 627.356910944
Iter time: 1083.01182294
222     , -14879.5    , array([ 0.565596   ,  0.296264   ,  0.202299   ,  0.218949   ,  0.584346   ,  13.7626    ,  1.51784    ,  0.343274   ,  0.0103031  ,  0.295845   ,  1.80792    ,  3.61071    ])
Iter time: 320.975650072
Iter time: 626.670562029
Iter time: 1084.390095
224     , -14875.1    , array([ 0.565      ,  0.295983   ,  0.202468   ,  0.2191     ,  0.584825   ,  13.7358    ,  1.52056    ,  0.343329   ,  0.0102937  ,  0.296189   ,  1.81033    ,  3.61157    ])
Iter time: 322.815146923
Iter time: 629.697325945
Iter time: 1089.14558697
226     , -14870.3    , array([ 0.565513   ,  0.296269   ,  0.202213   ,  0.218801   ,  0.584124   ,  13.7586    ,  1.52717    ,  0.34323    ,  0.010284   ,  0.295685   ,  1.80739    ,  3.61071    ])
Iter time: 324.520923853
Iter time: 630.567848921
Iter time: 1091.66219497
228     , -14864.3    , array([ 0.565498   ,  0.296188   ,  0.20218    ,  0.218706   ,  0.583927   ,  13.7524    ,  1.53261    ,  0.343259   ,  0.0102681  ,  0.295723   ,  1.80737    ,  3.60912    ])
Iter time: 326.293015957
Iter time: 634.264441967
Iter time: 1097.08435583
230     , -14855.7    , array([ 0.565347   ,  0.296185   ,  0.202111   ,  0.21863    ,  0.583738   ,  13.7501    ,  1.54213    ,  0.343153   ,  0.0102522  ,  0.29561    ,  1.80746    ,  3.60839    ])
Iter time: 344.159845114
Iter time: 669.864125967
Iter time: 1158.615767
231     , -14744.6    , array([ 0.564432   ,  0.29558    ,  0.201317   ,  0.217009   ,  0.580997   ,  13.6753    ,  1.65817    ,  0.34301    ,  0.0100035  ,  0.294618   ,  1.80528    ,  3.59848    ])
Iter time: 327.420624018
Iter time: 641.296588898
Iter time: 1104.06961918
233     , -14837.7    , array([ 0.564983   ,  0.295936   ,  0.20209    ,  0.218451   ,  0.583586   ,  13.7248    ,  1.55877    ,  0.343222   ,  0.0102105  ,  0.295644   ,  1.80825    ,  3.60753    ])
Iter time: 343.041069031
Iter time: 669.120841026
Iter time: 1156.75715613
234     , -14722.9    , array([ 0.563158   ,  0.299029   ,  0.200937   ,  0.217542   ,  0.579218   ,  13.6255    ,  1.66432    ,  0.344765   ,  0.0101717  ,  0.292479   ,  1.81135    ,  3.58584    ])
Iter time: 329.338839054
Iter time: 641.927402973
Iter time: 1109.753268
236     , -14827.6    , array([ 0.565077   ,  0.296307   ,  0.201895   ,  0.218263   ,  0.582963   ,  13.7279    ,  1.56865    ,  0.343299   ,  0.0102056  ,  0.295183   ,  1.80721    ,  3.60558    ])
Iter time: 330.502604008
Iter time: 643.048213005
Iter time: 1112.14207101
238     , -14823.2    , array([ 0.565052   ,  0.296271   ,  0.201867   ,  0.218197   ,  0.582825   ,  13.7238    ,  1.57297    ,  0.343316   ,  0.0101951  ,  0.29518    ,  1.80719    ,  3.60463    ])
Iter time: 331.28143692
Iter time: 645.314791918
Iter time: 1115.30992007
240     , -14817.5    , array([ 0.564965   ,  0.296273   ,  0.201822   ,  0.218141   ,  0.582693   ,  13.7215    ,  1.57915    ,  0.343269   ,  0.0101848  ,  0.295105   ,  1.80723    ,  3.60411    ])
Iter time: 332.698369026
Iter time: 647.572017908
Iter time: 1121.17642283
242     , -14810.9    , array([ 0.564335   ,  0.297006   ,  0.200573   ,  0.21807    ,  0.582924   ,  13.7637    ,  1.58099    ,  0.344255   ,  0.0102092  ,  0.294436   ,  1.80866    ,  3.58477    ])
Iter time: 345.948714972
Iter time: 675.17550993
Iter time: 1167.33209801
243     , -14713.3    , array([ 0.564507   ,  0.297578   ,  0.198516   ,  0.21628    ,  0.577009   ,  13.5721    ,  1.69015    ,  0.344056   ,  0.0101077  ,  0.292406   ,  1.80768    ,  3.57736    ])
Iter time: 351.445282936
Iter time: 684.441699028
Iter time: 1183.53973293
244     , -14693.3    , array([ 0.564193   ,  0.297111   ,  0.200156   ,  0.216308   ,  0.57791    ,  13.6111    ,  1.71126    ,  0.343618   ,  0.0100028  ,  0.292818   ,  1.80548    ,  3.58713    ])
