==========================================
SLURM_JOB_ID = 18981523
SLURM_NODELIST = c8-74
==========================================
Module slurm/17.11.5 loaded 
Module openmpi/3.0.1 loaded 
Module gcc/7.3.0 loaded 
Module python/2.7.6 loaded 
Module numpy/1.11.1 loaded 
Module dadi/1.7.0 loaded 
Module matplotlib/2.0 loaded 
Module scipy/0.18.0 loaded 
Beginning. Call:
/home/hemstrow/monarch/github/F-H_2018/DADI/demographic_models/run_3d_mods.py /home/hemstrow/monarch/github/F-H_2018/Data/dadi_inputs/ dadi_snps_10kgap.txt 1st_folded_optim_10kgap_snps_dadi_out.txt lgb_p1tb_2f 10 [NAM,HAW,GUA] True 3 [0.1,0.1,1,1,5,5,.1,.1,.1,.1,2,2] [1,1,10,10,20,20,10,10,10,10,4,4] [1e-3,1e-3,1e-3,1e-3,0.01,0.01,0.01,0.01,0.01,0.01,1,1] [150,15,15] fmin

Ready to begin run. Parameters:

Model:
lgb_p1tb_2f
Maxiters:
10
Pops:
['NAM', 'HAW', 'GUA']
Projection:
[150, 15, 15]
Number of segregating sites in projected sfs:
9454.98941724
Folding spectra:
True
Level of parm folding:
3
Optimizer:
fmin
p0:
[  1.16094957e-01   8.91183195e-02   1.15420124e+00   1.34412078e+00
   1.14807730e+01   1.98000000e+01   1.82557657e-02   2.00431207e-02
   3.08515712e-02   2.58587604e-01   2.09222671e+00   2.35478360e+00]
Upper Bounds:
[1.0, 1.0, 10.0, 10.0, 20.0, 20.0, 10.0, 10.0, 10.0, 10.0, 4.0, 4.0]
Lower Bounds:
[0.001, 0.001, 0.001, 0.001, 0.01, 0.01, 0.01, 0.01, 0.01, 0.01, 1.0, 1.0]

Beginning optimization ************************************************
optimize_log_fmin.
Iter time: 101.445183992
Iter time: 195.650196075
Iter time: 331.726793051
1       , -31066.6    , array([ 0.116095   ,  0.0891183  ,  1.1542     ,  1.34412    ,  11.4808    ,  19.8       ,  0.0182558  ,  0.0200431  ,  0.0308516  ,  0.258588   ,  2.09223    ,  2.35478    ])
Iter time: 99.8186180592
Iter time: 194.168878078
Iter time: 335.180770874
2       , -31066.6    , array([ 0.104245   ,  0.0891183  ,  1.1542     ,  1.34412    ,  11.4808    ,  19.8       ,  0.0182558  ,  0.0200431  ,  0.0308516  ,  0.258588   ,  2.09223    ,  2.35478    ])
Iter time: 103.074445963
Iter time: 197.000844002
Iter time: 336.788110018
3       , -31066.6    , array([ 0.116095   ,  0.0789706  ,  1.1542     ,  1.34412    ,  11.4808    ,  19.8       ,  0.0182558  ,  0.0200431  ,  0.0308516  ,  0.258588   ,  2.09223    ,  2.35478    ])
Iter time: 95.5312869549
Iter time: 195.409394979
Iter time: 332.467291117
4       , -31067.3    , array([ 0.116095   ,  0.0891183  ,  1.16251    ,  1.34412    ,  11.4808    ,  19.8       ,  0.0182558  ,  0.0200431  ,  0.0308516  ,  0.258588   ,  2.09223    ,  2.35478    ])
Iter time: 97.2077829838
Iter time: 195.763887882
Iter time: 333.433557034
5       , -31084.1    , array([ 0.116095   ,  0.0891183  ,  1.1542     ,  1.36414    ,  11.4808    ,  19.8       ,  0.0182558  ,  0.0200431  ,  0.0308516  ,  0.258588   ,  2.09223    ,  2.35478    ])
Iter time: 101.696573973
Iter time: 191.468590021
Iter time: 334.168066025
6       , -31095.5    , array([ 0.116095   ,  0.0891183  ,  1.1542     ,  1.34412    ,  12.9709    ,  19.8       ,  0.0182558  ,  0.0200431  ,  0.0308516  ,  0.258588   ,  2.09223    ,  2.35478    ])
Iter time: 100.746618986
Iter time: 189.262331963
Iter time: 330.377454996
8       , -31279.7    , array([ 0.116095   ,  0.0891183  ,  1.1542     ,  1.34412    ,  11.4808    ,  19.8       ,  0.0149441  ,  0.0200431  ,  0.0308516  ,  0.258588   ,  2.09223    ,  2.35478    ])
Iter time: 101.33255291
Iter time: 196.016883135
Iter time: 334.030962944
9       , -31379.9    , array([ 0.116095   ,  0.0891183  ,  1.1542     ,  1.34412    ,  11.4808    ,  19.8       ,  0.0182558  ,  0.016484   ,  0.0308516  ,  0.258588   ,  2.09223    ,  2.35478    ])
Iter time: 101.582726002
Iter time: 197.221023083
Iter time: 334.790129185
10      , -31040.4    , array([ 0.116095   ,  0.0891183  ,  1.1542     ,  1.34412    ,  11.4808    ,  19.8       ,  0.0182558  ,  0.0200431  ,  0.0259263  ,  0.258588   ,  2.09223    ,  2.35478    ])
Iter time: 92.699174881
Iter time: 185.203262091
Iter time: 317.184942007
11      , -31174.8    , array([ 0.116095   ,  0.0891183  ,  1.1542     ,  1.34412    ,  11.4808    ,  19.8       ,  0.0182558  ,  0.0200431  ,  0.0308516  ,  0.241679   ,  2.09223    ,  2.35478    ])
Iter time: 100.103775978
Iter time: 194.497126102
Iter time: 332.559543848
12      , -31066.6    , array([ 0.116095   ,  0.0891183  ,  1.1542     ,  1.34412    ,  11.4808    ,  19.8       ,  0.0182558  ,  0.0200431  ,  0.0308516  ,  0.258588   ,  2.1709     ,  2.35478    ])
Iter time: 101.360443115
Iter time: 192.825131178
Iter time: 332.640095949
13      , -31066.5    , array([ 0.116095   ,  0.0891183  ,  1.1542     ,  1.34412    ,  11.4808    ,  19.8       ,  0.0182558  ,  0.0200431  ,  0.0308516  ,  0.258588   ,  2.09223    ,  2.45781    ])
Iter time: 86.7843260765
Iter time: 168.013605118
Iter time: 294.804487944
14      , -30572.5    , array([ 0.11403    ,  0.0873407  ,  1.15558    ,  1.34744    ,  11.7167    ,  17.0542    ,  0.0176568  ,  0.0194006  ,  0.0299701  ,  0.255689   ,  2.10514    ,  2.37165    ])
Iter time: 74.4080760479
Iter time: 150.507752895
Iter time: 259.223095894
15      , -30053.4    , array([ 0.113012   ,  0.0864652  ,  1.15627    ,  1.3491     ,  11.8364    ,  14.6892    ,  0.0173647  ,  0.0190871  ,  0.0295388  ,  0.254253   ,  2.11162    ,  2.38013    ])
Iter time: 95.2122220993
Iter time: 184.129678965
Iter time: 317.651386976
16      , -30623.4    , array([ 0.11352    ,  0.0869019  ,  1.15593    ,  1.34827    ,  11.7764    ,  18.8388    ,  0.0175101  ,  0.0241729  ,  0.0297537  ,  0.25497    ,  2.10838    ,  2.37589    ])
Iter time: 94.7426080704
Iter time: 188.183406115
Iter time: 322.118767977
17      , -30614.7    , array([ 0.113096   ,  0.0865379  ,  1.15621    ,  1.34896    ,  11.8264    ,  18.6832    ,  0.0219629  ,  0.0205111  ,  0.0295745  ,  0.254372   ,  2.11108    ,  2.37942    ])
Iter time: 99.7266769409
Iter time: 194.014394999
Iter time: 333.378087997
18      , -30638.9    , array([ 0.112604   ,  0.0861151  ,  1.15655    ,  1.34977    ,  11.885     ,  18.5033    ,  0.0185413  ,  0.0205901  ,  0.0293669  ,  0.274501   ,  2.11424    ,  2.38355    ])
Iter time: 96.107063055
Iter time: 180.115628004
Iter time: 316.513191938
19      , -30644.8    , array([ 0.112033   ,  0.0856245  ,  1.15694    ,  1.35071    ,  10.3675    ,  18.2956    ,  0.0185894  ,  0.0206827  ,  0.0291265  ,  0.259118   ,  2.11793    ,  2.38838    ])
Iter time: 92.7336759567
Iter time: 181.238425016
Iter time: 309.732530117
20      , -30582.2    , array([ 0.111369   ,  0.0850557  ,  1.1574     ,  1.32869    ,  11.5156    ,  18.0563    ,  0.0186456  ,  0.0207913  ,  0.0288485  ,  0.259206   ,  2.12225    ,  2.39403    ])
Iter time: 93.0144360065
Iter time: 174.143261909
Iter time: 308.365918159
21      , -30519.3    , array([ 0.110601   ,  0.0843968  ,  1.14829    ,  1.34589    ,  11.5215    ,  17.781     ,  0.0187113  ,  0.0209187  ,  0.0285275  ,  0.259309   ,  2.12729    ,  2.40063    ])
Iter time: 91.0631790161
Iter time: 176.127418041
Iter time: 298.629215002
22      , -30430.8    , array([ 0.109711   ,  0.0836346  ,  1.15556    ,  1.34619    ,  11.5283    ,  17.4651    ,  0.0187884  ,  0.0210683  ,  0.0281576  ,  0.25943    ,  2.04328    ,  2.40836    ])
Iter time: 89.5943961143
Iter time: 146656.54247
Iter time: 398.311059952
23      , -30327.4    , array([ 0.108681   ,  0.082754   ,  1.15579    ,  1.34654    ,  11.5362    ,  17.1036    ,  0.0188786  ,  0.0212442  ,  0.027732   ,  0.259571   ,  2.11176    ,  2.4174     ])
Iter time: 89.7980530262
Iter time: 173.965212107
Iter time: 300.16662693
24      , -30207.7    , array([ 0.12188    ,  0.0817384  ,  1.15605    ,  1.34694    ,  11.5455    ,  16.6913    ,  0.0189845  ,  0.0214512  ,  0.0272437  ,  0.259735   ,  2.11504    ,  2.428      ])
Iter time: 83.627974987
Iter time: 168.901592016
Iter time: 280.480393887
25      , -30069.6    , array([ 0.110329   ,  0.0927729  ,  1.15636    ,  1.34741    ,  11.5563    ,  16.2229    ,  0.0191087  ,  0.0216954  ,  0.0266848  ,  0.259927   ,  2.11886    ,  2.44042    ])
Iter time: 86.6333339214
Iter time: 164.030502081
Iter time: 288.102358103
26      , -29910      , array([ 0.109397   ,  0.0827615  ,  1.15672    ,  1.34796    ,  11.5689    ,  15.693     ,  0.0192547  ,  0.0219837  ,  0.0260472  ,  0.26015    ,  2.12333    ,  2.33536    ])
Iter time: 80.3018050194
Iter time: 154.498857021
Iter time: 263.497738123
27      , -29370.1    , array([ 0.106194   ,  0.0797552  ,  1.15798    ,  1.34988    ,  11.6132    ,  13.971     ,  0.0197745  ,  0.0230233  ,  0.0239333  ,  0.260935   ,  2.13906    ,  2.27644    ])
Iter time: 83.068956852
Iter time: 159.454973936
Iter time: 271.565475941
28      , -29674.8    , array([ 0.107783   ,  0.0812445  ,  1.15735    ,  1.34892    ,  11.591     ,  14.807     ,  0.0195129  ,  0.0224975  ,  0.030585   ,  0.260543   ,  2.13118    ,  2.42383    ])
Iter time: 83.5221869946
Iter time: 160.72290206
Iter time: 281.179402113
29      , -29881.4    , array([ 0.110974   ,  0.0838228  ,  1.15468    ,  1.34204    ,  13.0766    ,  15.4693    ,  0.0193182  ,  0.0221095  ,  0.0274472  ,  0.260247   ,  2.1075     ,  2.39561    ])
Iter time: 78.6411619186
Iter time: 151.538444996
Iter time: 260.040331841
30      , -29773.1    , array([ 0.110143   ,  0.0829713  ,  1.15476    ,  1.34169    ,  11.59      ,  14.8458    ,  0.0195012  ,  0.0224741  ,  0.0269175  ,  0.243489   ,  2.11006    ,  2.40249    ])
Iter time: 79.4894530773
Iter time: 155.862419128
Iter time: 268.818913937
31      , -29607.2    , array([ 0.108706   ,  0.0815883  ,  1.15519    ,  1.34209    ,  11.6659    ,  14.0139    ,  0.0210236  ,  0.018912   ,  0.0261277  ,  0.260135   ,  2.11621    ,  2.41471    ])
Iter time: 76.4716088772
Iter time: 142.221432924
Iter time: 249.927630901
32      , -29488.7    , array([ 0.108396   ,  0.0811312  ,  1.15473    ,  1.34026    ,  11.5901    ,  13.4693    ,  0.0166396  ,  0.0219888  ,  0.0257486  ,  0.261723   ,  2.11436    ,  2.41705    ])
Iter time: 74.00704813
Iter time: 146.337943077
Iter time: 247.804242134
33      , -29353      , array([ 0.109581   ,  0.0818976  ,  1.1531     ,  1.36267    ,  11.9157    ,  13.2726    ,  0.0192317  ,  0.0218959  ,  0.0259012  ,  0.257255   ,  2.10193    ,  2.40614    ])
Iter time: 67.5626440048
Iter time: 127.330492973
Iter time: 220.975327969
34      , -28821.2    , array([ 0.108697   ,  0.0803628  ,  1.15096    ,  1.37999    ,  12.1209    ,  11.3794    ,  0.0195317  ,  0.02247    ,  0.0245425  ,  0.256285   ,  2.09184    ,  2.41222    ])
Iter time: 71.1748111248
Iter time: 141.725178003
Iter time: 237.935354948
35      , -29137.8    , array([ 0.110024   ,  0.081866   ,  1.1627     ,  1.35088    ,  12.0108    ,  12.5119    ,  0.0193017  ,  0.0220236  ,  0.025544   ,  0.256651   ,  2.09108    ,  2.40145    ])
Iter time: 67.2510399818
Iter time: 134.473654985
Iter time: 226.989287138
36      , -29019.9    , array([ 0.110969   ,  0.0823183  ,  1.15657    ,  1.35136    ,  12.086     ,  12.0495    ,  0.0193091  ,  0.0220294  ,  0.0254628  ,  0.256071   ,  2.18546    ,  2.3926     ])
Iter time: 66.1291179657
Iter time: 128.602228165
Iter time: 220.433610916
37      , -28915.3    , array([ 0.11241    ,  0.0831211  ,  1.15647    ,  1.35182    ,  12.1718    ,  11.6064    ,  0.0192891  ,  0.0219796  ,  0.0254883  ,  0.255354   ,  2.12671    ,  2.37955    ])
Iter time: 65.3618590832
Iter time: 123.023550034
Iter time: 214.075274944
38      , -28828      , array([ 0.0988945  ,  0.0843895  ,  1.15628    ,  1.35223    ,  12.2696    ,  11.1942    ,  0.0192326  ,  0.0218559  ,  0.0256588  ,  0.25447    ,  2.12537    ,  2.36121    ])
Iter time: 67.0071599483
Iter time: 128.202238083
Iter time: 218.239780903
39      , -28764.2    , array([ 0.107273   ,  0.0731877  ,  1.15596    ,  1.35256    ,  12.3811    ,  10.8268    ,  0.0191281  ,  0.0216365  ,  0.0260256  ,  0.253385   ,  2.12262    ,  2.33631    ])
Iter time: 59.836466074
Iter time: 118.727340937
Iter time: 203.453802109
40      , -28275.2    , array([ 0.105777   ,  0.065005   ,  1.15576    ,  1.35515    ,  12.8153    ,  8.84475    ,  0.0191378  ,  0.0216071  ,  0.0257021  ,  0.250176   ,  2.1245     ,  2.28593    ])
Iter time: 68.5222129822
Iter time: 130.614187956
Iter time: 221.947566032
41      , -28414.4    , array([ 0.103579   ,  0.0748804  ,  1.15596    ,  1.35188    ,  12.2492    ,  10.9878    ,  0.0213931  ,  0.0251067  ,  0.022972   ,  0.258343   ,  2.13205    ,  2.37943    ])
Iter time: 59.9929220676
Iter time: 116.807698011
Iter time: 204.143437147
42      , -28382.7    , array([ 0.104275   ,  0.0758023  ,  1.15777    ,  1.36065    ,  10.9673    ,  9.85552    ,  0.0195595  ,  0.0221387  ,  0.0240001  ,  0.252083   ,  2.14034    ,  2.36138    ])
Iter time: 62.4822180271
Iter time: 119.399310112
Iter time: 206.851004124
43      , -28252.9    , array([ 0.104108   ,  0.0754355  ,  1.15819    ,  1.36418    ,  12.2607    ,  9.59161    ,  0.0193857  ,  0.0217251  ,  0.0240089  ,  0.270995   ,  2.14283    ,  2.34786    ])
Iter time: 57.0949649811
Iter time: 110.034175873
Iter time: 185.690521002
44      , -27619.8    , array([ 0.101215   ,  0.0719283  ,  1.15991    ,  1.37557    ,  12.6104    ,  7.70965    ,  0.0193282  ,  0.02136    ,  0.0226746  ,  0.285892   ,  2.15941    ,  2.32102    ])
Iter time: 56.0144650936
Iter time: 108.460033894
Iter time: 191.343224049
45      , -28082.7    , array([ 0.105278   ,  0.0754908  ,  1.15602    ,  1.36131    ,  12.433     ,  8.62563    ,  0.0193433  ,  0.0215156  ,  0.0201019  ,  0.257207   ,  2.12626    ,  2.31044    ])
Iter time: 57.3381559849
Iter time: 107.356451988
Iter time: 187.515633106
46      , -27918.8    , array([ 0.103829   ,  0.0742058  ,  1.15833    ,  1.37148    ,  12.4851    ,  8.40563    ,  0.0177058  ,  0.026151   ,  0.0225251  ,  0.257124   ,  2.14299    ,  2.30216    ])
Iter time: 55.5703849792
Iter time: 106.213943958
Iter time: 183.108558893
47      , -27730.4    , array([ 0.103382   ,  0.0735224  ,  1.15939    ,  1.37863    ,  12.7235    ,  8.08452    ,  0.0226035  ,  0.023151   ,  0.0223528  ,  0.254811   ,  2.14968    ,  2.28134    ])
Iter time: 50.4223639965
Iter time: 94.7087030411
Iter time: 163.801902056
48      , -27702.5    , array([ 0.105054   ,  0.0737833  ,  1.15636    ,  1.37362    ,  12.8929    ,  7.11505    ,  0.0194488  ,  0.0221311  ,  0.023776   ,  0.25457    ,  2.12661    ,  2.42312    ])
Iter time: 53.6810030937
Iter time: 99.9406890869
Iter time: 173.943855047
49      , -27580.7    , array([ 0.100619   ,  0.0706463  ,  1.15062    ,  1.37644    ,  12.6142    ,  7.23142    ,  0.0199504  ,  0.0231546  ,  0.0220121  ,  0.258469   ,  2.18153    ,  2.30043    ])
Iter time: 46.5302119255
Iter time: 90.7124371529
Iter time: 151.378840923
50      , -26992.5    , array([ 0.0962227  ,  0.065627   ,  1.14463    ,  1.3894     ,  12.9272    ,  5.49761    ,  0.0202829  ,  0.0237417  ,  0.0204337  ,  0.259383   ,  2.22821    ,  2.25153    ])
Iter time: 50.9361591339
Iter time: 98.9303889275
Iter time: 163.222619057
51      , -27353.6    , array([ 0.0974191  ,  0.0676541  ,  1.15472    ,  1.38232    ,  12.6771    ,  6.58841    ,  0.0201069  ,  0.023439   ,  0.0212871  ,  0.259609   ,  2.09407    ,  2.28567    ])
Iter time: 50.3439791203
Iter time: 98.7641680241
Iter time: 167.333279133
52      , -27197.6    , array([ 0.0939037  ,  0.0647406  ,  1.15453    ,  1.387      ,  12.6733    ,  6.22394    ,  0.0202675  ,  0.0237453  ,  0.0206369  ,  0.261056   ,  2.14637    ,  2.28284    ])
Iter time: 51.5270030499
Iter time: 97.3951158524
Iter time: 169.009070158
53      , -27014.7    , array([ 0.105819   ,  0.0610118  ,  1.15443    ,  1.39246    ,  12.6404    ,  5.85168    ,  0.0205055  ,  0.024212   ,  0.019769   ,  0.263081   ,  2.15125    ,  2.28766    ])
Iter time: 47.9151778221
Iter time: 93.5288047791
Iter time: 159.459139109
54      , -26815.9    , array([ 0.0958465  ,  0.0611938  ,  1.16035    ,  1.3665     ,  12.8852    ,  5.15245    ,  0.0203559  ,  0.0238451  ,  0.0199363  ,  0.26236    ,  2.19596    ,  2.21959    ])
Iter time: 46.1130831242
Iter time: 89.2143290043
Iter time: 148.775154829
55      , -26206.4    , array([ 0.0900026  ,  0.053399   ,  1.16508    ,  1.35981    ,  13.2852    ,  3.46705    ,  0.0207809  ,  0.0245639  ,  0.0179684  ,  0.26545    ,  2.24994    ,  2.12912    ])
Iter time: 47.1612839699
Iter time: 86.7855751514
Iter time: 148.540712833
56      , -26801      , array([ 0.0982549  ,  0.0620757  ,  1.15684    ,  1.39628    ,  12.924     ,  4.40282    ,  0.0184951  ,  0.0212633  ,  0.0204448  ,  0.26145    ,  2.17395    ,  2.20887    ])
Iter time: 43.9912481308
Iter time: 88.2493309975
Iter time: 152.906754971
57      , -26747.1    , array([ 0.0966363  ,  0.0593126  ,  1.15488    ,  1.39327    ,  14.835     ,  4.29178    ,  0.020041   ,  0.0239523  ,  0.0190531  ,  0.269576   ,  2.17116    ,  2.20112    ])
Iter time: 41.6916460991
Iter time: 78.3065979481
Iter time: 134.05646801
58      , -26352.1    , array([ 0.0938397  ,  0.0681161  ,  1.15675    ,  1.4054     ,  13.0092    ,  4.23926    ,  0.0206407  ,  0.0249667  ,  0.0169255  ,  0.275033   ,  2.19529    ,  2.25949    ])
Iter time: 44.558494091
Iter time: 85.7364830971
Iter time: 144.688032866
59      , -26323.4    , array([ 0.0924946  ,  0.0576583  ,  1.1566     ,  1.4065     ,  13.5108    ,  3.86161    ,  0.0206435  ,  0.0257023  ,  0.0210293  ,  0.27052    ,  2.20518    ,  2.22724    ])
Iter time: 43.8620369434
Iter time: 82.0022168159
Iter time: 143.563852072
60      , -26187      , array([ 0.0919963  ,  0.0562413  ,  1.15401    ,  1.40195    ,  13.6327    ,  3.48088    ,  0.0231371  ,  0.0210856  ,  0.0185533  ,  0.272908   ,  2.19843    ,  2.22295    ])
Iter time: 42.3543488979
Iter time: 82.9262869358
Iter time: 142.741767168
61      , -25864.1    , array([ 0.0865959  ,  0.0489626  ,  1.15186    ,  1.41743    ,  14.2455    ,  2.24       ,  0.0264488  ,  0.0189337  ,  0.0168383  ,  0.281159   ,  2.22668    ,  2.18438    ])
Iter time: 41.992921114
Iter time: 82.830960989
Iter time: 142.310446978
62      , -26219      , array([ 0.0897057  ,  0.0530454  ,  1.15171    ,  1.40114    ,  13.6316    ,  2.92216    ,  0.0186046  ,  0.0230329  ,  0.0178341  ,  0.279939   ,  2.20447    ,  2.22706    ])
Iter time: 46.6032881737
Iter time: 91.151679039
Iter time: 157.067128897
63      , -25916.2    , array([ 0.0859842  ,  0.0500292  ,  1.15394    ,  1.4109     ,  13.578     ,  2.86265    ,  0.0214631  ,  0.0242552  ,  0.015982   ,  0.284675   ,  2.24178    ,  2.06747    ])
Iter time: 45.6899039745
Iter time: 85.4745638371
Iter time: 148.702311993
64      , -26111.2    , array([ 0.086852   ,  0.0483062  ,  1.14942    ,  1.41487    ,  14.0543    ,  2.23975    ,  0.0219775  ,  0.0256689  ,  0.0158092  ,  0.253306   ,  2.22155    ,  2.1172     ])
Iter time: 43.1207399368
Iter time: 82.1269979477
Iter time: 145.412788868
65      , -26071.2    , array([ 0.0885261  ,  0.0485542  ,  1.1537     ,  1.41343    ,  14.2227    ,  2.18956    ,  0.0214418  ,  0.0237491  ,  0.016025   ,  0.277811   ,  2.31355    ,  2.12269    ])
Iter time: 41.5894470215
Iter time: 83.8237910271
Iter time: 144.925540209
66      , -26166.5    , array([ 0.090942   ,  0.0483637  ,  1.15376    ,  1.4131     ,  14.503     ,  1.9474     ,  0.0214725  ,  0.0234435  ,  0.0158476  ,  0.27915    ,  2.28556    ,  2.09971    ])
Iter time: 43.5054728985
Iter time: 81.5391931534
Iter time: 135.294595957
67      , -26341.5    , array([ 0.0786892  ,  0.0493703  ,  1.15375    ,  1.41102    ,  14.8779    ,  1.72426    ,  0.021387   ,  0.0228684  ,  0.0159448  ,  0.279752   ,  2.30351    ,  2.06556    ])
Iter time: 46.5010278225
Iter time: 84.9480719566
Iter time: 150.831640959
68      , -26418.3    , array([ 0.083684   ,  0.0437718  ,  1.16517    ,  1.41777    ,  14.8925    ,  1.51279    ,  0.0218136  ,  0.0231761  ,  0.0148014  ,  0.287339   ,  2.2363     ,  2.06877    ])
Iter time: 46.6777288914
Iter time: 89.562844038
Iter time: 150.748422146
69      , -26172.7    , array([ 0.0797897  ,  0.0436584  ,  1.15424    ,  1.41439    ,  15.2524    ,  1.58088    ,  0.0245893  ,  0.0262517  ,  0.014018   ,  0.289588   ,  2.30295    ,  2.08582    ])
Iter time: 43.9024970531
Iter time: 86.7858870029
Iter time: 145.386497021
70      , -25965.7    , array([ 0.078577   ,  0.0434173  ,  1.1561     ,  1.421      ,  13.3492    ,  1.3731     ,  0.0234794  ,  0.0236632  ,  0.0142919  ,  0.284231   ,  2.32867    ,  2.07447    ])
Iter time: 43.4486091137
Iter time: 84.7273511887
Iter time: 141.807492018
71      , -26222.1    , array([ 0.0897915  ,  0.0587525  ,  1.1444     ,  1.39697    ,  13.0574    ,  3.83306    ,  0.0218377  ,  0.0245407  ,  0.0182902  ,  0.266178   ,  2.27613    ,  2.2082     ])
Iter time: 52.3428120613
Iter time: 102.875633001
Iter time: 176.218107939
72      , -26568.7    , array([ 0.0794876  ,  0.0368355  ,  1.15067    ,  1.40785    ,  14.9569    ,  1.34507    ,  0.0232964  ,  0.0227154  ,  0.0162028  ,  0.276574   ,  2.33268    ,  2.01409    ])
Iter time: 38.6373980045
Iter time: 77.9907112122
Iter time: 135.00979495
73      , -26067.1    , array([ 0.0900253  ,  0.0584123  ,  1.15523    ,  1.40601    ,  13.471     ,  3.18166    ,  0.0212748  ,  0.0243838  ,  0.0167419  ,  0.275418   ,  2.22886    ,  2.19547    ])
Iter time: 45.506729126
Iter time: 87.7238190174
Iter time: 154.575845003
74      , -26034.2    , array([ 0.0969421  ,  0.0522666  ,  1.15391    ,  1.40142    ,  12.8636    ,  3.66248    ,  0.0224638  ,  0.0250664  ,  0.0173398  ,  0.271202   ,  2.21091    ,  2.22569    ])
Iter time: 44.837939024
Iter time: 88.9042599201
Iter time: 152.385612011
75      , -26094.4    , array([ 0.083121   ,  0.0440273  ,  1.15061    ,  1.40507    ,  14.0497    ,  1.62097    ,  0.0236029  ,  0.0222096  ,  0.0127314  ,  0.280575   ,  2.31049    ,  2.06389    ])
Iter time: 48.5778079033
Iter time: 93.171959877
Iter time: 155.07269311
76      , -26426.6    , array([ 0.0845287  ,  0.0411788  ,  1.16393    ,  1.41602    ,  14.7161    ,  1.41483    ,  0.0226032  ,  0.0228771  ,  0.0137803  ,  0.287667   ,  2.24407    ,  2.05837    ])
Iter time: 43.3766620159
Iter time: 84.2126348019
Iter time: 146.121592999
77      , -25994.9    , array([ 0.0884459  ,  0.0537574  ,  1.14925    ,  1.40171    ,  13.4537    ,  2.98769    ,  0.0220266  ,  0.0241138  ,  0.0170403  ,  0.271395   ,  2.26808    ,  2.16975    ])
Iter time: 46.7299849987
Iter time: 88.0549149513
Iter time: 150.15655303
78      , -25735.2    , array([ 0.0844104  ,  0.0457106  ,  1.15614    ,  1.41191    ,  14.0654    ,  1.86273    ,  0.0272882  ,  0.0245617  ,  0.0140259  ,  0.272116   ,  2.32803    ,  2.03209    ])
Iter time: 49.6446661949
Iter time: 95.7841541767
Iter time: 157.501205921
79      , -25668.2    , array([ 0.0818811  ,  0.0424328  ,  1.15836    ,  1.41732    ,  14.2874    ,  1.48722    ,  0.0330486  ,  0.0253638  ,  0.0124386  ,  0.268287   ,  2.39238    ,  1.94111    ])
Iter time: 43.6980040073
Iter time: 84.4826622009
Iter time: 143.294010878
80      , -26127.5    , array([ 0.0828162  ,  0.0437012  ,  1.14177    ,  1.46489    ,  14.6081    ,  1.36342    ,  0.0263945  ,  0.0231542  ,  0.0130933  ,  0.287477   ,  2.30444    ,  2.09307    ])
Iter time: 43.6379358768
Iter time: 83.509966135
Iter time: 141.536714077
81      , -25937      , array([ 0.0939979  ,  0.05346    ,  1.1504     ,  1.41663    ,  12.6329    ,  2.9173     ,  0.0225715  ,  0.0212169  ,  0.0165933  ,  0.263194   ,  2.25164    ,  2.13776    ])
Iter time: 46.7500319481
Iter time: 87.9413599968
Iter time: 145.932615042
82      , -25587.2    , array([ 0.0829265  ,  0.0490715  ,  1.15032    ,  1.4185     ,  12.9834    ,  2.53326    ,  0.0260637  ,  0.0233665  ,  0.0147905  ,  0.270371   ,  2.26312    ,  2.12998    ])
Iter time: 45.519536972
Iter time: 89.5065917969
Iter time: 152.709578037
83      , -25413.5    , array([ 0.0791877  ,  0.0494293  ,  1.1486     ,  1.42121    ,  12.2843    ,  2.88929    ,  0.0287152  ,  0.0233281  ,  0.0142888  ,  0.266085   ,  2.25198    ,  2.14527    ])
Iter time: 46.67217803
Iter time: 90.5521719456
Iter time: 157.481050014
84      , -26332.6    , array([ 0.0903856  ,  0.0554333  ,  1.16356    ,  1.36147    ,  12.5231    ,  4.10075    ,  0.0215033  ,  0.023688   ,  0.0181644  ,  0.259177   ,  2.23599    ,  2.14553    ])
Iter time: 43.7772340775
Iter time: 87.5813419819
Iter time: 142.046234846
85      , -25859.8    , array([ 0.084647   ,  0.0463781  ,  1.14718    ,  1.43832    ,  14.0564    ,  1.79551    ,  0.0250762  ,  0.0232865  ,  0.0142099  ,  0.280125   ,  2.28713    ,  2.10606    ])
Iter time: 42.2624061108
Iter time: 83.8034689426
Iter time: 146.850411892
86      , -25433.5    , array([ 0.085817   ,  0.0498095  ,  1.15543    ,  1.41347    ,  13.0169    ,  2.40598    ,  0.026399   ,  0.0210232  ,  0.0147789  ,  0.299115   ,  2.33068    ,  2.1192     ])
Iter time: 45.9440948963
Iter time: 86.3550310135
Iter time: 146.860896111
87      , -25867.2    , array([ 0.0901474  ,  0.055786   ,  1.15504    ,  1.42474    ,  12.8565    ,  3.5506     ,  0.025044   ,  0.0240765  ,  0.0188136  ,  0.27294    ,  2.24422    ,  2.18355    ])
Iter time: 43.7298030853
Iter time: 84.1083090305
Iter time: 147.84148407
88      , -25420.6    , array([ 0.0848997  ,  0.0517691  ,  1.15217    ,  1.4182     ,  12.4881    ,  2.84912    ,  0.028291   ,  0.0225671  ,  0.0153518  ,  0.274844   ,  2.22992    ,  2.13309    ])
Iter time: 50.0942399502
Iter time: 93.7411558628
Iter time: 162.148277044
89      , -25361.7    , array([ 0.0826741  ,  0.0421749  ,  1.15014    ,  1.42773    ,  13.0196    ,  1.92497    ,  0.0299003  ,  0.0216979  ,  0.0144837  ,  0.277136   ,  2.31483    ,  2.05249    ])
Iter time: 58.6088788509
Iter time: 107.366095066
Iter time: 184.483054161
90      , -25259.3    , array([ 0.0792267  ,  0.0358368  ,  1.14761    ,  1.43871    ,  12.7997    ,  1.4973     ,  0.035447   ,  0.0204681  ,  0.0134715  ,  0.277999   ,  2.35905    ,  1.98453    ])
Iter time: 46.6413209438
Iter time: 89.5064179897
Iter time: 154.432482004
91      , -25695.7    , array([ 0.0742361  ,  0.0442607  ,  1.15041    ,  1.4387     ,  13.6231    ,  1.44065    ,  0.0305543  ,  0.0204061  ,  0.0134081  ,  0.282608   ,  2.35898    ,  1.98629    ])
Iter time: 50.1751179695
Iter time: 95.9721450806
Iter time: 161.446166992
92      , -25347      , array([ 0.0790265  ,  0.0416614  ,  1.15526    ,  1.44466    ,  13.0527    ,  1.56388    ,  0.0329076  ,  0.0206301  ,  0.0131094  ,  0.284319   ,  2.31464    ,  2.00772    ])
Iter time: 49.2434809208
Iter time: 93.0995299816
Iter time: 160.346773863
93      , -25587.7    , array([ 0.0890365  ,  0.0512297  ,  1.14828    ,  1.42897    ,  13.1057    ,  3.47739    ,  0.0326582  ,  0.0205477  ,  0.0154071  ,  0.271493   ,  2.25214    ,  2.08852    ])
Iter time: 50.7221391201
Iter time: 95.2444870472
Iter time: 165.501458883
94      , -25204.1    , array([ 0.0737598  ,  0.0413115  ,  1.15362    ,  1.43545    ,  13.934     ,  1.68533    ,  0.0361291  ,  0.0227948  ,  0.0131072  ,  0.294713   ,  2.32927    ,  2.01884    ])
Iter time: 54.8597381115
Iter time: 105.805918932
Iter time: 175.85254097
95      , -25147.4    , array([ 0.0653387  ,  0.0363155  ,  1.15523    ,  1.44496    ,  14.6339    ,  1.28096    ,  0.0457094  ,  0.0236272  ,  0.0116492  ,  0.311861   ,  2.36909    ,  1.96189    ])
Iter time: 49.0216531754
Iter time: 89.8662998676
Iter time: 156.239974976
96      , -24918.8    , array([ 0.0770273  ,  0.0418492  ,  1.15029    ,  1.44702    ,  13.1269    ,  1.50208    ,  0.0430966  ,  0.0198524  ,  0.0129099  ,  0.276648   ,  2.36115    ,  2.06931    ])
Iter time: 47.7357690334
Iter time: 91.7778170109
Iter time: 156.955388069
97      , -24537.5    , array([ 0.0729051  ,  0.0382753  ,  1.14847    ,  1.46543    ,  12.9069    ,  1.08807    ,  0.0610686  ,  0.0179605  ,  0.011603   ,  0.27272    ,  2.4232     ,  2.07023    ])
Iter time: 51.2260520458
Iter time: 101.221225977
Iter time: 166.220422983
98      , -25741.1    , array([ 0.0709161  ,  0.0352467  ,  1.1481     ,  1.43971    ,  13.8726    ,  0.994378   ,  0.0428501  ,  0.0190464  ,  0.0101181  ,  0.288505   ,  2.38895    ,  1.94198    ])
Iter time: 52.8743419647
Iter time: 105.245142937
Iter time: 175.523456097
99      , -24774.2    , array([ 0.0714071  ,  0.0380179  ,  1.15064    ,  1.4509     ,  12.4647    ,  1.37664    ,  0.0439718  ,  0.0242438  ,  0.0103849  ,  0.281277   ,  2.43615    ,  1.90356    ])
Iter time: 54.5737760067
Iter time: 105.025635004
Iter time: 179.27977109
100     , -24381.3    , array([ 0.0710094  ,  0.0388287  ,  1.15592    ,  1.4319     ,  12.3819    ,  1.64306    ,  0.0509296  ,  0.0198449  ,  0.0116792  ,  0.282509   ,  2.39685    ,  1.94136    ])
Iter time: 59.1800198555
Iter time: 116.065943956
Iter time: 196.432729006
101     , -23566.9    , array([ 0.0650381  ,  0.0355281  ,  1.16032    ,  1.4287     ,  11.6211    ,  1.57176    ,  0.0725813  ,  0.0183198  ,  0.0105882  ,  0.283708   ,  2.45367    ,  1.8639     ])
Iter time: 48.0157330036
Iter time: 93.3280849457
Iter time: 157.468620062
102     , -25212.4    , array([ 0.0835448  ,  0.0511591  ,  1.15703    ,  1.42869    ,  12.1811    ,  3.20207    ,  0.0325406  ,  0.0241059  ,  0.016527   ,  0.273538   ,  2.30494    ,  2.09103    ])
Iter time: 53.5610439777
Iter time: 102.368895054
Iter time: 174.994875908
103     , -24392.5    , array([ 0.0813954  ,  0.0417356  ,  1.15582    ,  1.42803    ,  12.175     ,  2.52485    ,  0.0461173  ,  0.0231333  ,  0.012914   ,  0.277731   ,  2.32522    ,  2.06198    ])
Iter time: 49.3692450523
Iter time: 98.1292550564
Iter time: 166.72496295
104     , -24373.3    , array([ 0.0737226  ,  0.0434134  ,  1.14747    ,  1.45139    ,  11.3034    ,  2.67134    ,  0.0450715  ,  0.0183282  ,  0.0140079  ,  0.294247   ,  2.2819     ,  2.13133    ])
Iter time: 52.8020060062
Iter time: 100.684157133
Iter time: 171.13278389
105     , -24736.9    , array([ 0.0656985  ,  0.03498    ,  1.1574     ,  1.4433     ,  12.0226    ,  1.09336    ,  0.0481261  ,  0.0221972  ,  0.0111309  ,  0.2947     ,  2.42931    ,  1.9876     ])
Iter time: 58.5167820454
Iter time: 111.877187014
Iter time: 197.425630093
106     , -23906      , array([ 0.0651949  ,  0.0339194  ,  1.15056    ,  1.46422    ,  11.9453    ,  1.3856     ,  0.0658037  ,  0.0218925  ,  0.0110686  ,  0.266823   ,  2.36371    ,  1.938      ])
Iter time: 61.6636550426
Iter time: 117.539519072
Iter time: 201.958572865
107     , -24225.9    , array([ 0.0630617  ,  0.0304149  ,  1.15355    ,  1.46713    ,  12.3592    ,  1.03762    ,  0.070679   ,  0.0202918  ,  0.0100901  ,  0.288956   ,  2.49464    ,  1.89485    ])
Iter time: 61.5629780293
Iter time: 116.483544111
Iter time: 196.224879026
108     , -24191.5    , array([ 0.0650926  ,  0.029378   ,  1.15797    ,  1.47179    ,  12.577     ,  0.862647   ,  0.080914   ,  0.019179   ,  0.01023    ,  0.302599   ,  2.51269    ,  1.84551    ])
Iter time: 60.6799430847
Iter time: 119.289928913
Iter time: 203.684657812
109     , -23229.2    , array([ 0.0631504  ,  0.0328842  ,  1.15174    ,  1.45241    ,  11.7635    ,  1.44331    ,  0.0820275  ,  0.0214251  ,  0.0106989  ,  0.286149   ,  2.47835    ,  1.94445    ])
Iter time: 54.6840679646
Iter time: 105.544014931
Iter time: 179.266788006
111     , -22962.4    , array([ 0.0606543  ,  0.037685   ,  1.16011    ,  1.46071    ,  11.8285    ,  1.49829    ,  0.0875804  ,  0.0217598  ,  0.010019   ,  0.294067   ,  2.45177    ,  1.9605     ])
Iter time: 50.7663249969
Iter time: 97.0797159672
Iter time: 168.190143108
114     , -24417.8    , array([ 0.0750929  ,  0.0428109  ,  1.15557    ,  1.44047    ,  12.2277    ,  2.12177    ,  0.0443737  ,  0.0224591  ,  0.0135706  ,  0.280505   ,  2.36049    ,  2.02544    ])
Iter time: 56.8323600292
Iter time: 107.775879145
Iter time: 187.728262186
115     , -23027.8    , array([ 0.0713605  ,  0.0363238  ,  1.15302    ,  1.45902    ,  9.99171    ,  1.67851    ,  0.0797073  ,  0.0183755  ,  0.0109337  ,  0.260673   ,  2.46514    ,  1.97239    ])
Iter time: 57.8278889656
Iter time: 110.96468091
Iter time: 184.809153795
116     , -22859.8    , array([ 0.065289   ,  0.0344346  ,  1.15802    ,  1.4544     ,  11.306     ,  1.61432    ,  0.0914919  ,  0.0170998  ,  0.0123705  ,  0.285376   ,  2.40201    ,  2.0449     ])
Iter time: 60.5527670383
Iter time: 117.360460997
Iter time: 196.83605504
117     , -21842.7    , array([ 0.0624294  ,  0.0327716  ,  1.16172    ,  1.45615    ,  10.7677    ,  1.74812    ,  0.131973   ,  0.014361   ,  0.0135015  ,  0.287447   ,  2.38511    ,  2.11945    ])
Iter time: 60.2543148994
Iter time: 112.000050068
Iter time: 194.357969999
118     , -22729.1    , array([ 0.0703609  ,  0.0370205  ,  1.15198    ,  1.46422    ,  11.5085    ,  2.19793    ,  0.0988995  ,  0.017369   ,  0.0119189  ,  0.271248   ,  2.40141    ,  1.97951    ])
Iter time: 69.0139870644
Iter time: 130.458947897
Iter time: 226.804880857
119     , -22798.4    , array([ 0.0630316  ,  0.0336458  ,  1.16153    ,  1.44191    ,  10.517     ,  2.48322    ,  0.0844603  ,  0.0213467  ,  0.0114853  ,  0.292845   ,  2.40385    ,  1.88636    ])
Iter time: 55.1840069294
Iter time: 105.407038212
Iter time: 180.749015093
121     , -23863.4    , array([ 0.0708288  ,  0.0388043  ,  1.15552    ,  1.44709    ,  11.8611    ,  1.87981    ,  0.0579866  ,  0.0209261  ,  0.0124296  ,  0.282058   ,  2.38866    ,  1.99473    ])
Iter time: 53.7597570419
Iter time: 107.755290985
Iter time: 179.779386044
123     , -23785      , array([ 0.0733152  ,  0.0381978  ,  1.15563    ,  1.44163    ,  11.8226    ,  2.02555    ,  0.0596816  ,  0.0211493  ,  0.0121059  ,  0.280841   ,  2.37341    ,  2.00986    ])
Iter time: 54.5306789875
Iter time: 104.182222128
Iter time: 179.392767906
125     , -23729.9    , array([ 0.069758   ,  0.0387508  ,  1.15179    ,  1.45296    ,  11.4129    ,  2.0596     ,  0.0596954  ,  0.0189378  ,  0.0125318  ,  0.288509   ,  2.35505    ,  2.03839    ])
Iter time: 54.9199001789
Iter time: 105.869765997
Iter time: 186.168642998
126     , -23071.5    , array([ 0.0702612  ,  0.0409566  ,  1.15842    ,  1.43971    ,  10.6025    ,  2.72432    ,  0.0859892  ,  0.0186533  ,  0.012915   ,  0.276867   ,  2.34549    ,  2.03029    ])
Iter time: 56.8539698124
Iter time: 108.17392993
Iter time: 188.175632
127     , -24029.6    , array([ 0.0689414  ,  0.0448165  ,  1.15408    ,  1.42989    ,  10.1266    ,  3.96918    ,  0.0758777  ,  0.0196445  ,  0.0132429  ,  0.260497   ,  2.30207    ,  2.11798    ])
Iter time: 55.1361169815
Iter time: 105.815834045
Iter time: 184.583029032
128     , -23325.4    , array([ 0.0679583  ,  0.0403259  ,  1.15505    ,  1.44025    ,  10.6903    ,  2.71009    ,  0.0771066  ,  0.019527   ,  0.0124153  ,  0.270439   ,  2.35301    ,  2.04631    ])
Iter time: 58.20210886
Iter time: 110.689052105
Iter time: 190.36447382
129     , -22801.1    , array([ 0.0693112  ,  0.0399517  ,  1.16226    ,  1.43333    ,  10.4666    ,  2.76347    ,  0.0957989  ,  0.0168847  ,  0.0124762  ,  0.296088   ,  2.4453     ,  2.03527    ])
Iter time: 62.5432898998
Iter time: 119.835936785
Iter time: 204.508353233
130     , -22097.1    , array([ 0.063568   ,  0.0350923  ,  1.1584     ,  1.44799    ,  10.3235    ,  2.17204    ,  0.118201   ,  0.0170439  ,  0.0111169  ,  0.282371   ,  2.42924    ,  1.98403    ])
Iter time: 60.6499931812
Iter time: 114.735462904
Iter time: 205.064097166
131     , -21844      , array([ 0.0599692  ,  0.0351493  ,  1.15874    ,  1.45455    ,  10.1256    ,  2.03935    ,  0.128698   ,  0.0162682  ,  0.0112532  ,  0.283852   ,  2.45434    ,  1.96485    ])
Iter time: 63.7316541672
Iter time: 123.628384113
Iter time: 213.608575106
132     , -21505.1    , array([ 0.0614588  ,  0.0340889  ,  1.16378    ,  1.44346    ,  10.282     ,  2.00234    ,  0.146244   ,  0.0177136  ,  0.0106776  ,  0.275558   ,  2.49055    ,  1.92553    ])
Iter time: 57.7847850323
Iter time: 115.972983122
Iter time: 197.472253084
134     , -21974.1    , array([ 0.0653     ,  0.0369257  ,  1.15579    ,  1.47049    ,  9.89388    ,  2.73186    ,  0.135177   ,  0.0182088  ,  0.0126553  ,  0.278864   ,  2.3964     ,  2.11722    ])
Iter time: 63.2191441059
Iter time: 123.197780848
Iter time: 212.002588987
135     , -21659.4    , array([ 0.0620798  ,  0.0320583  ,  1.16119    ,  1.46376    ,  10.6174    ,  1.5865     ,  0.139724   ,  0.0168852  ,  0.0108273  ,  0.294046   ,  2.50654    ,  1.93948    ])
Iter time: 58.0575389862
Iter time: 115.681043148
Iter time: 199.90719986
136     , -22129.2    , array([ 0.066616   ,  0.0391468  ,  1.16612    ,  1.4534     ,  9.48529    ,  3.02629    ,  0.143534   ,  0.0147905  ,  0.0125894  ,  0.279166   ,  2.38427    ,  2.0402     ])
Iter time: 64.5019509792
Iter time: 126.082207918
Iter time: 219.250028849
137     , -21477      , array([ 0.0593449  ,  0.0311952  ,  1.16067    ,  1.46852    ,  10.3305    ,  1.63164    ,  0.149127   ,  0.0163438  ,  0.0103848  ,  0.288923   ,  2.52622    ,  1.95553    ])
Iter time: 65.295140028
Iter time: 127.987992048
Iter time: 220.612635136
139     , -21194.3    , array([ 0.0566625  ,  0.0342929  ,  1.16739    ,  1.45066    ,  11.0231    ,  2.63578    ,  0.178585   ,  0.0162701  ,  0.0121618  ,  0.31218    ,  2.41343    ,  2.01006    ])
Iter time: 77.3974421024
Iter time: 147.018669128
Iter time: 256.297101021
140     , -20730.1    , array([ 0.0504911  ,  0.0333204  ,  1.17465    ,  1.4465     ,  11.578     ,  3.30294    ,  0.267313   ,  0.0153097  ,  0.0128266  ,  0.341633   ,  2.38798    ,  2.02917    ])
Iter time: 71.763133049
Iter time: 141.661392927
Iter time: 235.679524899
141     , -21701.7    , array([ 0.0646573  ,  0.0323829  ,  1.16267    ,  1.44662    ,  9.27816    ,  3.36862    ,  0.195752   ,  0.0129576  ,  0.01383    ,  0.283732   ,  2.41595    ,  2.03389    ])
Iter time: 69.1774530411
Iter time: 135.988936901
Iter time: 235.309406996
142     , -20616      , array([ 0.05593    ,  0.0294949  ,  1.16059    ,  1.47652    ,  10.2769    ,  1.88768    ,  0.201593   ,  0.0159781  ,  0.0112985  ,  0.2798     ,  2.41747    ,  1.95895    ])
Iter time: 80.3211500645
Iter time: 154.983309984
Iter time: 263.618690014
143     , -19585.1    , array([ 0.0502419  ,  0.0253427  ,  1.15975    ,  1.4986     ,  10.1833    ,  1.56014    ,  0.292438   ,  0.0155432  ,  0.0107521  ,  0.271995   ,  2.40367    ,  1.92187    ])
Iter time: 60.5006120205
Iter time: 114.891046047
Iter time: 201.710998058
144     , -19839      , array([ 0.0592208  ,  0.033407   ,  1.16103    ,  1.4772     ,  10.1729    ,  1.94412    ,  0.281242   ,  0.0119874  ,  0.0121391  ,  0.279437   ,  2.45913    ,  2.12016    ])
Iter time: 71.482820034
Iter time: 135.61331296
Iter time: 237.874113083
145     , -19728.3    , array([ 0.0515496  ,  0.0298464  ,  1.17218    ,  1.45684    ,  9.10726    ,  2.152      ,  0.285882   ,  0.0138497  ,  0.0117332  ,  0.303185   ,  2.47138    ,  2.04364    ])
Iter time: 72.0456991196
Iter time: 139.629662991
Iter time: 240.099504948
146     , -20372      , array([ 0.0521697  ,  0.0269777  ,  1.15896    ,  1.46827    ,  10.9752    ,  1.47662    ,  0.220952   ,  0.016087   ,  0.0109787  ,  0.298666   ,  2.50409    ,  1.98341    ])
Iter time: 71.0107121468
Iter time: 136.67214179
Iter time: 232.331721067
147     , -19516.1    , array([ 0.0529     ,  0.0288041  ,  1.16678    ,  1.47716    ,  10.1875    ,  1.9292     ,  0.29779    ,  0.0138263  ,  0.012407   ,  0.298051   ,  2.4702     ,  2.03946    ])
Iter time: 76.7778639793
Iter time: 149.748651981
Iter time: 253.452620983
148     , -18258.3    , array([ 0.0482574  ,  0.0260961  ,  1.171      ,  1.49197    ,  10.1201    ,  1.81816    ,  0.472665   ,  0.012453   ,  0.0131071  ,  0.306214   ,  2.49094    ,  2.06775    ])
Iter time: 78.3499188423
Iter time: 149.929069996
Iter time: 256.117312193
149     , -19409.6    , array([ 0.0489654  ,  0.0258352  ,  1.17197    ,  1.45808    ,  10.67      ,  1.43323    ,  0.320802   ,  0.0121476  ,  0.0109627  ,  0.306542   ,  2.52024    ,  1.90364    ])
Iter time: 78.1446959972
Iter time: 149.138703823
Iter time: 259.278822184
150     , -18737.8    , array([ 0.0515467  ,  0.0257834  ,  1.17119    ,  1.47466    ,  10.5171    ,  1.81031    ,  0.392354   ,  0.0129507  ,  0.012275   ,  0.30504    ,  2.47164    ,  2.04047    ])
Iter time: 82.5199551582
Iter time: 162.34107995
Iter time: 280.534105062
151     , -18506.8    , array([ 0.0479596  ,  0.0265705  ,  1.16977    ,  1.47614    ,  9.85124    ,  2.12424    ,  0.458807   ,  0.01442    ,  0.0100698  ,  0.304222   ,  2.55853    ,  1.8797     ])
Iter time: 72.000079155
Iter time: 140.901640892
Iter time: 243.875314951
153     , -20607.8    , array([ 0.0587447  ,  0.0306586  ,  1.1645     ,  1.45756    ,  9.79984    ,  2.49935    ,  0.227403   ,  0.0137162  ,  0.012532   ,  0.290504   ,  2.44882    ,  2.00824    ])
Iter time: 87.1167080402
Iter time: 168.008416891
Iter time: 286.365365028
154     , -18466      , array([ 0.0454668  ,  0.0260859  ,  1.17205    ,  1.47238    ,  9.95714    ,  2.33807    ,  0.541693   ,  0.0120598  ,  0.0122039  ,  0.300264   ,  2.44843    ,  2.03911    ])
Iter time: 88.0260818005
Iter time: 171.297321081
Iter time: 293.199146032
155     , -17662.6    , array([ 0.0436762  ,  0.023462   ,  1.17083    ,  1.49802    ,  10.2271    ,  1.901      ,  0.643763   ,  0.0107822  ,  0.0126537  ,  0.325028   ,  2.45716    ,  2.0736     ])
Iter time: 96.6269869804
Iter time: 184.92801404
Iter time: 316.137075901
157     , -17813.4    , array([ 0.0429789  ,  0.0244495  ,  1.17567    ,  1.47735    ,  10.162     ,  2.39307    ,  0.80558    ,  0.0109032  ,  0.0134461  ,  0.316136   ,  2.4113     ,  2.06183    ])
Iter time: 85.2218379974
Iter time: 160.816220999
Iter time: 280.18860507
158     , -18142.5    , array([ 0.0491773  ,  0.0217391  ,  1.16185    ,  1.50513    ,  8.87207    ,  1.12035    ,  0.540124   ,  0.0109995  ,  0.0109723  ,  0.263926   ,  2.55503    ,  1.99231    ])
Iter time: 86.9814929962
Iter time: 163.853590012
Iter time: 284.976557016
159     , -17151.4    , array([ 0.0410339  ,  0.0223107  ,  1.17152    ,  1.50172    ,  10.3096    ,  1.29524    ,  0.733389   ,  0.0118339  ,  0.0109842  ,  0.305453   ,  2.50924    ,  2.0104     ])
Iter time: 91.9387080669
Iter time: 179.362816095
Iter time: 301.918224096
160     , -16069      , array([ 0.034295   ,  0.0190324  ,  1.17505    ,  1.5243     ,  10.5743    ,  0.932418   ,  1.31706    ,  0.0109919  ,  0.0102835  ,  0.313213   ,  2.54001    ,  2.01149    ])
Iter time: 76.8219590187
Iter time: 148.2547369
Iter time: 251.494028091
162     , -19226      , array([ 0.0497332  ,  0.0261792  ,  1.16414    ,  1.47616    ,  10.4869    ,  1.59904    ,  0.323583   ,  0.0140908  ,  0.0113185  ,  0.298867   ,  2.49292    ,  1.99749    ])
Iter time: 108.771906137
Iter time: 210.996454954
Iter time: 366.73327589
163     , -16941.9    , array([ 0.0368667  ,  0.0185494  ,  1.17826    ,  1.49086    ,  9.92026    ,  1.4929     ,  0.817369   ,  0.0130549  ,  0.0110867  ,  0.323684   ,  2.51037    ,  1.88987    ])
Iter time: 102.64136219
Iter time: 196.859093904
Iter time: 333.102262974
164     , -16657.4    , array([ 0.0400516  ,  0.01918    ,  1.16805    ,  1.51752    ,  11.2401    ,  1.26895    ,  0.957965   ,  0.0111888  ,  0.0113623  ,  0.3016     ,  2.50444    ,  1.93524    ])
Iter time: 81.9029769897
Iter time: 164.877691984
Iter time: 277.148517132
166     , -18601.4    , array([ 0.0473306  ,  0.0243399  ,  1.16527    ,  1.4935     ,  10.1923    ,  1.5919     ,  0.411029   ,  0.0137207  ,  0.0111678  ,  0.288028   ,  2.44959    ,  1.95557    ])
Iter time: 104.054753065
Iter time: 194.613430023
Iter time: 330.879770994
167     , -16627.7    , array([ 0.0403729  ,  0.0209433  ,  1.16854    ,  1.5255     ,  9.67887    ,  1.87334    ,  1.08424    ,  0.012324   ,  0.0123113  ,  0.300344   ,  2.46107    ,  2.08932    ])
Iter time: 108.796201944
Iter time: 207.949316025
Iter time: 356.60560298
168     , -16259.8    , array([ 0.0383919  ,  0.0199136  ,  1.17713    ,  1.51509    ,  9.71709    ,  1.72399    ,  1.31492    ,  0.0103898  ,  0.0120925  ,  0.308311   ,  2.48272    ,  2.00612    ])
Iter time: 107.811508894
Iter time: 203.888241053
Iter time: 351.761162043
169     , -16105.1    , array([ 0.0352662  ,  0.0193672  ,  1.17103    ,  1.52348    ,  9.56226    ,  1.51044    ,  1.32661    ,  0.0108969  ,  0.0111225  ,  0.302608   ,  2.50595    ,  1.95832    ])
Iter time: 89.7548391819
Iter time: 169.644796848
Iter time: 291.366174936
171     , -17760.6    , array([ 0.0443748  ,  0.0231007  ,  1.16843    ,  1.49743    ,  10.0831    ,  1.6189     ,  0.571801   ,  0.012645   ,  0.0114213  ,  0.296429   ,  2.47143    ,  1.97727    ])
Iter time: 90.5882198811
Iter time: 172.011749983
Iter time: 291.236535072
173     , -17711      , array([ 0.0445243  ,  0.0239957  ,  1.17063    ,  1.48958    ,  9.92261    ,  1.84905    ,  0.609688   ,  0.0128924  ,  0.0109024  ,  0.304319   ,  2.52214    ,  1.94262    ])
Iter time: 103.167537928
Iter time: 197.822795153
Iter time: 342.447728872
174     , -16182.7    , array([ 0.037448   ,  0.0177535  ,  1.17068    ,  1.53754    ,  10.0262    ,  1.06549    ,  1.23588    ,  0.0111405  ,  0.0112043  ,  0.309315   ,  2.53722    ,  1.96078    ])
Iter time: 119.312986135
Iter time: 226.50143218
Iter time: 393.543663025
175     , -15760.5    , array([ 0.0338223  ,  0.0166431  ,  1.17167    ,  1.52498    ,  9.84945    ,  1.25341    ,  1.66244    ,  0.0105903  ,  0.0101629  ,  0.303815   ,  2.50158    ,  1.91658    ])
Iter time: 132.816045046
Iter time: 256.503841877
Iter time: 429.487838984
177     , -16170.7    , array([ 0.0311823  ,  0.0191088  ,  1.18256    ,  1.51495    ,  11.4324    ,  2.0725     ,  1.75461    ,  0.0119141  ,  0.0119863  ,  0.360862   ,  2.43025    ,  1.97634    ])
Iter time: 98.1859030724
Iter time: 188.163440943
Iter time: 324.009272099
179     , -16976.1    , array([ 0.04048    ,  0.022095   ,  1.1742     ,  1.49517    ,  10.1663    ,  1.89818    ,  0.914764   ,  0.0112135  ,  0.0123584  ,  0.314078   ,  2.45205    ,  2.01914    ])
Iter time: 126.777534008
Iter time: 238.496064186
Iter time: 402.348877907
180     , -15442.5    , array([ 0.0322599  ,  0.0171312  ,  1.17802    ,  1.52875    ,  10.2727    ,  1.43792    ,  2.04073    ,  0.0103096  ,  0.011446   ,  0.331639   ,  2.51244    ,  1.98429    ])
Iter time: 96.0836858749
Iter time: 186.311026096
Iter time: 318.061054945
183     , -16914.4    , array([ 0.0404965  ,  0.0215438  ,  1.17223    ,  1.50287    ,  10.0638    ,  1.66212    ,  0.85344    ,  0.0120202  ,  0.0111875  ,  0.310003   ,  2.50655    ,  1.96334    ])
Iter time: 128.245265961
Iter time: 242.011320114
Iter time: 415.04046607
184     , -15234.2    , array([ 0.0306733  ,  0.0157211  ,  1.17707    ,  1.53559    ,  10.1596    ,  1.1483     ,  2.32359    ,  0.0118614  ,  0.0102037  ,  0.304413   ,  2.5338     ,  1.8816     ])
Iter time: 120.264842987
Iter time: 231.689570904
Iter time: 390.259796143
186     , -15509.9    , array([ 0.0315999  ,  0.0157732  ,  1.17417    ,  1.54538    ,  10.2192    ,  1.05759    ,  1.91008    ,  0.0115124  ,  0.0101192  ,  0.31339    ,  2.55299    ,  1.90977    ])
Iter time: 108.653190136
Iter time: 219.159173965
Iter time: 360.343490124
188     , -16401      , array([ 0.0360794  ,  0.0184835  ,  1.17605    ,  1.50765    ,  10.068     ,  1.43364    ,  1.07686    ,  0.0121154  ,  0.0110924  ,  0.318241   ,  2.50795    ,  1.92727    ])
Iter time: 126.745188951
Iter time: 245.770050049
Iter time: 403.660377026
189     , -15148.5    , array([ 0.0301988  ,  0.0153485  ,  1.1761     ,  1.54751    ,  10.3752    ,  1.11259    ,  2.45164    ,  0.010531   ,  0.0109939  ,  0.317186   ,  2.50474    ,  1.9614     ])
Iter time: 132.41889596
Iter time: 249.566303015
Iter time: 428.375632048
191     , -15150.6    , array([ 0.0291306  ,  0.0166115  ,  1.18165    ,  1.53757    ,  9.1663     ,  1.42573    ,  2.55445    ,  0.0111998  ,  0.0107655  ,  0.328772   ,  2.50689    ,  1.99434    ])
Iter time: 111.416373968
Iter time: 207.5508461
Iter time: 360.254323959
193     , -16040.5    , array([ 0.0366337  ,  0.0191489  ,  1.17223    ,  1.52701    ,  9.88937    ,  1.56941    ,  1.34968    ,  0.0116988  ,  0.0116037  ,  0.308694   ,  2.48518    ,  2.02206    ])
Iter time: 124.061307907
Iter time: 237.648887873
Iter time: 397.968204975
194     , -15013.4    , array([ 0.0307037  ,  0.0166825  ,  1.17517    ,  1.55298    ,  10.1108    ,  1.22412    ,  2.72185    ,  0.0101204  ,  0.0108648  ,  0.314712   ,  2.50729    ,  2.00308    ])
Iter time: 112.629542112
Iter time: 212.117107868
Iter time: 364.833157778
197     , -15841.2    , array([ 0.0354151  ,  0.0185623  ,  1.17629    ,  1.52417    ,  9.91788    ,  1.48983    ,  1.54657    ,  0.0107143  ,  0.0114705  ,  0.312632   ,  2.49616    ,  1.98523    ])
Iter time: 141.15009594
Iter time: 275.157544851
Iter time: 469.756561995
198     , -15269.4    , array([ 0.0282362  ,  0.0169891  ,  1.18117    ,  1.52684    ,  10.2019    ,  1.64512    ,  2.77933    ,  0.010887   ,  0.0106076  ,  0.325482   ,  2.47569    ,  1.97243    ])
Iter time: 126.71754694
Iter time: 234.654812813
Iter time: 396.675784111
200     , -15669.3    , array([ 0.0317115  ,  0.0181281  ,  1.17917    ,  1.52404    ,  10.7019    ,  1.64061    ,  1.8382     ,  0.0114118  ,  0.0113732  ,  0.336927   ,  2.46987    ,  1.9713     ])
Iter time: 134.09610796
Iter time: 251.949697018
Iter time: 432.302518129
201     , -14911.9    , array([ 0.0289736  ,  0.015104   ,  1.18194    ,  1.54304    ,  10.6946    ,  1.13217    ,  2.9517     ,  0.011049   ,  0.0105091  ,  0.332931   ,  2.50826    ,  1.97642    ])
Iter time: 149.655635834
Iter time: 280.999965191
Iter time: 477.424628973
202     , -14553.6    , array([ 0.0262618  ,  0.0133384  ,  1.18744    ,  1.5529     ,  11.3101    ,  0.980202   ,  4.40289    ,  0.0111259  ,  0.0102152  ,  0.349213   ,  2.50941    ,  1.98554    ])
Iter time: 188.342630148
Iter time: 361.758804798
Iter time: 616.891520977
203     , -15242.4    , array([ 0.0284979  ,  0.0144855  ,  1.17996    ,  1.54699    ,  9.78007    ,  1.84936    ,  3.63553    ,  0.0109757  ,  0.0113539  ,  0.327544   ,  2.46963    ,  1.92002    ])
Iter time: 155.009094954
Iter time: 299.027819157
Iter time: 498.516520977
204     , -14723.4    , array([ 0.0255849  ,  0.013743   ,  1.1841     ,  1.5476     ,  10.4381    ,  1.12921    ,  4.18469    ,  0.0102034  ,  0.0100256  ,  0.335639   ,  2.52148    ,  1.89357    ])
Iter time: 121.405951977
Iter time: 237.685931921
Iter time: 394.874498129
206     , -15450.2    , array([ 0.0324846  ,  0.0171369  ,  1.17754    ,  1.53168    ,  10.0596    ,  1.39213    ,  1.99835    ,  0.0107974  ,  0.0110607  ,  0.318164   ,  2.50076    ,  1.96707    ])
Iter time: 161.707949877
Iter time: 302.727991819
Iter time: 509.334985971
207     , -14657.2    , array([ 0.026074   ,  0.0151129  ,  1.18696    ,  1.55474    ,  10.6073    ,  1.37391    ,  4.13541    ,  0.0112162  ,  0.011352   ,  0.347753   ,  2.50903    ,  1.99072    ])
Iter time: 146.072968006
Iter time: 283.903717041
Iter time: 479.215993881
208     , -14655      , array([ 0.0269169  ,  0.0134606  ,  1.1807     ,  1.56088    ,  9.74795    ,  1.01907    ,  4.28114    ,  0.0103788  ,  0.0101409  ,  0.315235   ,  2.54791    ,  1.93862    ])
Iter time: 182.989660025
Iter time: 346.541603088
Iter time: 596.313126087
209     , -14775.8    , array([ 0.0262994  ,  0.0150668  ,  1.18683    ,  1.54189    ,  10.1284    ,  1.57111    ,  4.71324    ,  0.0101118  ,  0.0114016  ,  0.339242   ,  2.46414    ,  2.00609    ])
Iter time: 172.242814064
Iter time: 322.82577014
Iter time: 553.041228056
210     , -14528.1    , array([ 0.0246982  ,  0.0135734  ,  1.18498    ,  1.55741    ,  10.3008    ,  1.21785    ,  5.19765    ,  0.0106642  ,  0.010484   ,  0.337743   ,  2.50943    ,  1.95404    ])
Iter time: 226.6501019
Iter time: 417.579768896
Iter time: 694.884895802
211     , -14351.6    , array([ 0.0215358  ,  0.01208    ,  1.18872    ,  1.57043    ,  10.4235    ,  1.13908    ,  8.38253    ,  0.0105983  ,  0.010207   ,  0.347979   ,  2.51377    ,  1.94756    ])
Iter time: 136.713294029
Iter time: 262.327475071
Iter time: 438.042183876
213     , -15079.7    , array([ 0.0297238  ,  0.0159304  ,  1.18008    ,  1.53832    ,  10.2322    ,  1.3551     ,  2.72006    ,  0.0105301  ,  0.0110492  ,  0.330379   ,  2.50882    ,  1.97085    ])
Iter time: 158.99021101
Iter time: 291.946736813
Iter time: 493.901648045
214     , -14554.5    , array([ 0.0267919  ,  0.0127793  ,  1.18294    ,  1.57132    ,  10.1868    ,  0.959791   ,  4.71241    ,  0.0105664  ,  0.0107982  ,  0.333636   ,  2.54068    ,  1.94241    ])
Iter time: 120.194097996
Iter time: 225.767565012
Iter time: 374.517807961
215     , -14671.5    , array([ 0.0262741  ,  0.0146782  ,  1.18465    ,  1.55489    ,  10.6986    ,  0.765386   ,  3.76179    ,  0.0104149  ,  0.0100044  ,  0.332555   ,  2.55899    ,  1.99929    ])
Iter time: 140.160155058
Iter time: 260.13248682
Iter time: 443.176745176
217     , -14933.9    , array([ 0.0287849  ,  0.0150973  ,  1.18       ,  1.54405    ,  10.2162    ,  1.14924    ,  2.99081    ,  0.0112004  ,  0.0104197  ,  0.318138   ,  2.52488    ,  1.92489    ])
Iter time: 138.421725988
Iter time: 265.249528885
Iter time: 444.64684391
219     , -14880.8    , array([ 0.0280377  ,  0.0154573  ,  1.18222    ,  1.54531    ,  9.74793    ,  1.26912    ,  3.15654    ,  0.0108836  ,  0.0106881  ,  0.330169   ,  2.51218    ,  1.9788     ])
Iter time: 186.410740137
Iter time: 350.975008011
Iter time: 589.98424983
220     , -14388.8    , array([ 0.0238181  ,  0.0134948  ,  1.19057    ,  1.55833    ,  10.2506    ,  1.17254    ,  6.4727     ,  0.0106805  ,  0.0101942  ,  0.348934   ,  2.53155    ,  1.96825    ])
Iter time: 174.663659096
Iter time: 313.847035885
Iter time: 535.643096924
221     , -14345.1    , array([ 0.0233216  ,  0.0126472  ,  1.1883     ,  1.57102    ,  10.397     ,  0.939761   ,  6.74085    ,  0.0107066  ,  0.0100079  ,  0.338065   ,  2.53124    ,  1.95839    ])
Iter time: 199.823608875
Iter time: 376.575999022
Iter time: 627.20922184
223     , -14351.2    , array([ 0.0215659  ,  0.0115323  ,  1.19548    ,  1.55919    ,  10.5709    ,  0.995473   ,  7.83559    ,  0.0112451  ,  0.0100393  ,  0.359154   ,  2.5368     ,  1.91964    ])
Iter time: 204.26177597
Iter time: 386.430429935
Iter time: 645.038120985
224     , -14290.3    , array([ 0.0219227  ,  0.0121837  ,  1.19318    ,  1.57076    ,  10.5215    ,  1.03525    ,  8.3726     ,  0.0101675  ,  0.0104035  ,  0.36254    ,  2.52111    ,  1.9967     ])
WARNING:Inference:Model is masked in some entries where data is not.
WARNING:Inference:Number of affected entries is 32. Sum of data in those entries is 0.0457018:
Iter time: 213.544823885
Iter time: 382.809841871
Iter time: 645.753631115
0.0457017877946 9454.98941724
226     , -14306.4    , array([ 0.0216027  ,  0.0114372  ,  1.19276    ,  1.57375    ,  11.1682    ,  0.906176   ,  9.33352    ,  0.0103454  ,  0.0100967  ,  0.354817   ,  2.53534    ,  1.94523    ])
Iter time: 172.542836905
Iter time: 332.641680956
Iter time: 556.635097027
228     , -14524.7    , array([ 0.0252334  ,  0.0139922  ,  1.1874     ,  1.55197    ,  10.322     ,  1.2686     ,  5.204      ,  0.0103683  ,  0.0108281  ,  0.341391   ,  2.49672    ,  1.98135    ])
Iter time: 189.868038893
Iter time: 352.622023106
Iter time: 587.55415082
229     , -14192.6    , array([ 0.0228574  ,  0.0123232  ,  1.19242    ,  1.57753    ,  10.5813    ,  0.947399   ,  8.18139    ,  0.0111069  ,  0.0106843  ,  0.352653   ,  2.53384    ,  2.0377     ])
Iter time: 142.389543056
Iter time: 270.800957918
Iter time: 452.800832987
232     , -14476.8    , array([ 0.0250608  ,  0.0137206  ,  1.18677    ,  1.55963    ,  10.5988    ,  0.897692   ,  4.84595    ,  0.0105578  ,  0.0102035  ,  0.339077   ,  2.54223    ,  1.9833     ])
Iter time: 169.698034048
Iter time: 319.951125145
Iter time: 536.721733809
234     , -14471.3    , array([ 0.024924   ,  0.0138663  ,  1.18792    ,  1.55976    ,  10.5531    ,  1.18158    ,  5.11459    ,  0.0109289  ,  0.0108208  ,  0.346374   ,  2.51867    ,  1.97873    ])
WARNING:Inference:Model is masked in some entries where data is not.
WARNING:Inference:Number of affected entries is 44. Sum of data in those entries is 0.046285:
Iter time: 225.434041977
Iter time: 424.101093054
Iter time: 705.631922007
0.0462849932354 9454.98941724
235     , -14209      , array([ 0.0208193  ,  0.0120847  ,  1.19834    ,  1.56852    ,  11.4587    ,  1.03861    ,  9.62768    ,  0.0110206  ,  0.0106052  ,  0.383551   ,  2.5041     ,  2.00225    ])
Iter time: 167.372407913
Iter time: 313.103694916
Iter time: 529.51858902
237     , -14427.2    , array([ 0.0249207  ,  0.012737   ,  1.18685    ,  1.56789    ,  10.427     ,  0.996965   ,  5.66657    ,  0.0106491  ,  0.0105742  ,  0.342589   ,  2.53176    ,  1.95872    ])
Iter time: 165.562600851
Iter time: 305.062906981
Iter time: 520.017398119
239     , -14417.9    , array([ 0.0246191  ,  0.0129877  ,  1.18908    ,  1.5593     ,  10.9497    ,  1.00822    ,  5.5352     ,  0.0109075  ,  0.0102996  ,  0.350216   ,  2.51706    ,  1.97922    ])
Iter time: 179.060475111
Iter time: 335.776537895
Iter time: 564.009356022
241     , -14403.9    , array([ 0.0241075  ,  0.0132609  ,  1.18913    ,  1.55913    ,  10.4862    ,  1.13607    ,  6.03323    ,  0.0105519  ,  0.010582   ,  0.34664    ,  2.51153    ,  1.97705    ])
Iter time: 160.214902878
Iter time: 297.746440887
Iter time: 509.649311066
243     , -14379.7    , array([ 0.0239861  ,  0.0131129  ,  1.18891    ,  1.56295    ,  10.6212    ,  0.965088   ,  5.87538    ,  0.0106476  ,  0.0102879  ,  0.345781   ,  2.53303    ,  1.97776    ])
Iter time: 177.323606968
Iter time: 331.569200039
Iter time: 550.172773123
245     , -14378.7    , array([ 0.0238823  ,  0.0131518  ,  1.18953    ,  1.56315    ,  10.6011    ,  1.09793    ,  6.07101    ,  0.0108213  ,  0.0105722  ,  0.349457   ,  2.52187    ,  1.97544    ])
WARNING:Inference:Model is masked in some entries where data is not.
WARNING:Inference:Number of affected entries is 37. Sum of data in those entries is 0.0461301:
Iter time: 221.720510006
Iter time: 406.022890091
Iter time: 684.381778955
0.0461300834976 9454.98941724
246     , -14256.8    , array([ 0.0208656  ,  0.0122819  ,  1.1959     ,  1.56443    ,  10.9065    ,  1.06088    ,  9.27029    ,  0.0108098  ,  0.0100899  ,  0.364037   ,  2.51676    ,  1.98849    ])
Iter time: 176.098241091
Iter time: 326.568447113
Iter time: 552.62855196
248     , -14350.6    , array([ 0.023531   ,  0.0127156  ,  1.1905     ,  1.56294    ,  10.8042    ,  1.02044    ,  6.47145    ,  0.0108139  ,  0.0103056  ,  0.352248   ,  2.52064    ,  1.97677    ])
WARNING:Inference:Model is masked in some entries where data is not.
WARNING:Inference:Number of affected entries is 39. Sum of data in those entries is 0.0462612:
Iter time: 208.935602903
Iter time: 390.198740959
Iter time: 646.610975027
0.0462611556174 9454.98941724
249     , -14254      , array([ 0.0208985  ,  0.0116058  ,  1.19497    ,  1.57472    ,  10.8918    ,  0.922267   ,  9.59988    ,  0.0109377  ,  0.0100037  ,  0.363081   ,  2.53851    ,  1.97155    ])
WARNING:Inference:Model is masked in some entries where data is not.
WARNING:Inference:Number of affected entries is 35. Sum of data in those entries is 0.04613:
Iter time: 204.585706949
Iter time: 380.763983011
Iter time: 628.537578106
0.0461300483251 9454.98941724
250     , -14257      , array([ 0.0206964  ,  0.0111216  ,  1.19427    ,  1.57828    ,  11.2554    ,  0.858526   ,  9.55565    ,  0.0108489  ,  0.0103516  ,  0.363092   ,  2.51958    ,  1.98091    ])
Iter time: 178.464777946
Iter time: 331.274786949
Iter time: 559.713147879
252     , -14318.9    , array([ 0.0229356  ,  0.0125879  ,  1.19089    ,  1.56625    ,  10.7069    ,  0.979234   ,  6.93674    ,  0.0107142  ,  0.0102829  ,  0.35154    ,  2.52873    ,  1.97629    ])
Iter time: 187.117763042
Iter time: 351.523972988
Iter time: 585.500468016
254     , -14317.5    , array([ 0.0228474  ,  0.0125835  ,  1.19125    ,  1.56648    ,  10.7012    ,  1.03949    ,  7.09056    ,  0.0107968  ,  0.010412   ,  0.353491   ,  2.52344    ,  1.97517    ])
Iter time: 176.706655025
Iter time: 325.764106989
Iter time: 545.721803188
255     , -14229.6    , array([ 0.0224034  ,  0.0120817  ,  1.19767    ,  1.56853    ,  11.2439    ,  0.837446   ,  7.95624    ,  0.0109831  ,  0.0103358  ,  0.368392   ,  2.53793    ,  2.00734    ])
Iter time: 186.446820021
Iter time: 347.717108011
Iter time: 583.220322132
256     , -14183.1    , array([ 0.0225146  ,  0.012754   ,  1.19125    ,  1.58141    ,  11.2018    ,  0.931038   ,  8.53331    ,  0.0103107  ,  0.0105595  ,  0.358444   ,  2.51508    ,  2.05176    ])
Iter time: 187.666575909
Iter time: 342.326467037
Iter time: 578.587709904
259     , -14295.4    , array([ 0.022729   ,  0.0124198  ,  1.19197    ,  1.56736    ,  10.8592    ,  0.987377   ,  7.35873    ,  0.0107694  ,  0.0103113  ,  0.355766   ,  2.52304    ,  1.98376    ])
Iter time: 180.774144888
Iter time: 339.487806082
Iter time: 566.448436022
261     , -14292.9    , array([ 0.0226034  ,  0.012377   ,  1.19102    ,  1.57126    ,  10.672     ,  0.949496   ,  7.53783    ,  0.0107185  ,  0.0101739  ,  0.349272   ,  2.528      ,  1.97557    ])
Iter time: 189.84441185
Iter time: 346.001391888
Iter time: 579.276571035
263     , -14280.2    , array([ 0.0224019  ,  0.0123392  ,  1.19232    ,  1.56908    ,  10.8284    ,  0.967987   ,  7.6731     ,  0.0107224  ,  0.0103082  ,  0.356069   ,  2.52672    ,  1.98455    ])
Iter time: 189.152050972
Iter time: 361.20431304
Iter time: 596.795504093
265     , -14278.2    , array([ 0.0223404  ,  0.012327   ,  1.19254    ,  1.5693     ,  10.8308    ,  0.994367   ,  7.78326    ,  0.0107606  ,  0.0103684  ,  0.357164   ,  2.52421    ,  1.98438    ])
Iter time: 187.656805038
Iter time: 344.063443184
Iter time: 581.22457099
266     , -14197.1    , array([ 0.0222134  ,  0.0129101  ,  1.19487    ,  1.56976    ,  10.7048    ,  1.01405    ,  7.58742    ,  0.0111906  ,  0.0106052  ,  0.367441   ,  2.51282    ,  2.05003    ])
WARNING:Inference:Model is masked in some entries where data is not.
WARNING:Inference:Number of affected entries is 42. Sum of data in those entries is 0.046285:
Iter time: 210.816328049
Iter time: 380.748677969
Iter time: 643.263308048
0.046284993086 9454.98941724
267     , -14192.9    , array([ 0.0210321  ,  0.0119657  ,  1.19616    ,  1.57657    ,  10.9831    ,  0.934795   ,  9.67279    ,  0.010819   ,  0.0104332  ,  0.368438   ,  2.52336    ,  2.02125    ])
WARNING:Inference:Model is masked in some entries where data is not.
WARNING:Inference:Number of affected entries is 47. Sum of data in those entries is 0.0462885:
Iter time: 215.969667196
Iter time: 406.680278778
Iter time: 675.211636066
0.0462884584223 9454.98941724
268     , -14178      , array([ 0.0208965  ,  0.0119396  ,  1.19797    ,  1.57354    ,  11.2295    ,  0.969564   ,  9.84372    ,  0.0108873  ,  0.0106185  ,  0.378645   ,  2.51764    ,  2.03738    ])
WARNING:Numerics:Extrapolation may have failed. Check resulting frequency spectrum for unexpected results.
WARNING:Inference:Model is masked in some entries where data is not.
WARNING:Inference:Number of affected entries is 24. Sum of data in those entries is 0.00990889:
Iter time: 193.446451902
Iter time: 360.750357151
Iter time: 721.388934135
0.00990888874164 9454.98941724
270     , -14155.4    , array([ 0.0213738  ,  0.0120882  ,  1.1966     ,  1.5745     ,  11.5144    ,  0.879588   ,  9.10461    ,  0.0116089  ,  0.0104197  ,  0.36744    ,  2.52395    ,  2.0226     ])
WARNING:Inference:Model is masked in some entries where data is not.
WARNING:Inference:Number of affected entries is 33. Sum of data in those entries is 0.0457019:
Iter time: 191.813714027
Iter time: 350.840390921
Iter time: 582.481450081
0.0457019030394 9454.98941724
271     , -14096.5    , array([ 0.0211045  ,  0.0120407  ,  1.19831    ,  1.57638    ,  12.0454    ,  0.810767   ,  9.49427    ,  0.0124045  ,  0.0104278  ,  0.369915   ,  2.52537    ,  2.03567    ])
Iter time: 194.291113138
Iter time: 363.381603003
Iter time: 593.966261864
273     , -14239.8    , array([ 0.0219663  ,  0.0122246  ,  1.19385    ,  1.57116    ,  10.9658    ,  0.954023   ,  8.2579     ,  0.0108589  ,  0.0103647  ,  0.361072   ,  2.52457    ,  1.99916    ])
Iter time: 193.555315018
Iter time: 361.651451111
Iter time: 605.829973936
275     , -14237.4    , array([ 0.0219207  ,  0.0122143  ,  1.19402    ,  1.57135    ,  10.9727    ,  0.965268   ,  8.33751    ,  0.0108823  ,  0.0103948  ,  0.36179    ,  2.52333    ,  1.99969    ])
Iter time: 197.350252867
Iter time: 362.544658899
Iter time: 603.049777031
276     , -14165.1    , array([ 0.0225684  ,  0.0133777  ,  1.19669    ,  1.56738    ,  10.9326    ,  1.04286    ,  8.16001    ,  0.0111698  ,  0.0104987  ,  0.369671   ,  2.52593    ,  2.05315    ])
Iter time: 178.496776819
Iter time: 325.586551905
Iter time: 542.658091068
277     , -14145.7    , array([ 0.02268    ,  0.0122877  ,  1.19518    ,  1.58174    ,  11.2869    ,  0.841542   ,  8.23425    ,  0.0112716  ,  0.0108426  ,  0.369656   ,  2.5303     ,  2.05625    ])
Iter time: 180.962424994
Iter time: 330.334089994
Iter time: 552.391143084
278     , -14122.2    , array([ 0.0229552  ,  0.0131278  ,  1.19615    ,  1.57258    ,  11.3693    ,  0.953354   ,  7.75076    ,  0.0111958  ,  0.0110838  ,  0.371739   ,  2.50726    ,  2.08851    ])
WARNING:Inference:Model is masked in some entries where data is not.
WARNING:Inference:Number of affected entries is 23. Sum of data in those entries is 0.0098737:
Iter time: 194.551797152
Iter time: 360.176030159
Iter time: 596.790757895
0.00987370368198 9454.98941724
279     , -14106.8    , array([ 0.0220002  ,  0.0126122  ,  1.19765    ,  1.57638    ,  11.3609    ,  0.921512   ,  8.91565    ,  0.0113347  ,  0.0108179  ,  0.375627   ,  2.51822    ,  2.07474    ])
WARNING:Inference:Model is masked in some entries where data is not.
WARNING:Inference:Number of affected entries is 22. Sum of data in those entries is 0.0098737:
Iter time: 193.021988869
Iter time: 350.594699144
Iter time: 590.863085032
0.00987370368198 9454.98941724
280     , -14087.9    , array([ 0.0220592  ,  0.0126904  ,  1.19809    ,  1.57703    ,  11.4197    ,  0.903762   ,  8.92975    ,  0.0113873  ,  0.0108586  ,  0.377233   ,  2.51861    ,  2.08696    ])
WARNING:Inference:Model is masked in some entries where data is not.
WARNING:Inference:Number of affected entries is 28. Sum of data in those entries is 0.0109718:
Iter time: 190.039186001
Iter time: 351.229542017
Iter time: 588.254595041
0.0109717844863 9454.98941724
281     , -14016.3    , array([ 0.0221288  ,  0.0129354  ,  1.20013    ,  1.57988    ,  11.6501    ,  0.874495   ,  9.24146    ,  0.0116485  ,  0.0110982  ,  0.385199   ,  2.51626    ,  2.13202    ])
WARNING:Inference:Model is masked in some entries where data is not.
WARNING:Inference:Number of affected entries is 43. Sum of data in those entries is 0.046285:
Iter time: 223.258065939
Iter time: 404.812449932
Iter time: 675.405184031
0.0462849932334 9454.98941724
282     , -14085.8    , array([ 0.0215396  ,  0.0129766  ,  1.19485    ,  1.58176    ,  11.2103    ,  1.04925    ,  9.59414    ,  0.011394   ,  0.0110509  ,  0.373237   ,  2.50054    ,  2.09999    ])
Iter time: 167.626198053
Iter time: 306.000154972
Iter time: 516.111433983
283     , -14077.8    , array([ 0.0233103  ,  0.0131282  ,  1.1936     ,  1.58399    ,  10.9601    ,  0.847467   ,  7.92392    ,  0.0114184  ,  0.0108443  ,  0.356861   ,  2.53373    ,  2.12212    ])
Iter time: 191.864568949
Iter time: 353.444902897
Iter time: 588.809345007
285     , -14157.7    , array([ 0.0221658  ,  0.0127608  ,  1.19537    ,  1.57359    ,  10.9636    ,  0.96811    ,  8.15544    ,  0.0112136  ,  0.0106744  ,  0.368253   ,  2.51671    ,  2.05863    ])
Iter time: 173.053857088
Iter time: 316.674087048
Iter time: 806.04917407
286     , -14060.6    , array([ 0.023465   ,  0.0134392  ,  1.19543    ,  1.57778    ,  11.4763    ,  0.919185   ,  7.72148    ,  0.0117402  ,  0.0111064  ,  0.369663   ,  2.51675    ,  2.12078    ])
WARNING:Inference:Model is masked in some entries where data is not.
WARNING:Inference:Number of affected entries is 24. Sum of data in those entries is 0.00990889:
Iter time: 200.373281002
Iter time: 353.990204096
Iter time: 587.399507046
0.00990888874164 9454.98941724
287     , -14030      , array([ 0.0216858  ,  0.0132393  ,  1.19969    ,  1.57686    ,  12.0744    ,  0.902398   ,  9.04143    ,  0.0115421  ,  0.0109156  ,  0.389253   ,  2.50352    ,  2.11772    ])
Iter time: 191.78613019
Iter time: 356.907124043
Iter time: 591.312567949
288     , -14009.5    , array([ 0.0218787  ,  0.0128719  ,  1.20227    ,  1.57223    ,  11.5491    ,  0.913486   ,  8.75252    ,  0.0126694  ,  0.0111059  ,  0.388265   ,  2.52026    ,  2.11433    ])
WARNING:Inference:Model is masked in some entries where data is not.
WARNING:Inference:Number of affected entries is 21. Sum of data in those entries is 0.0098733:
Iter time: 192.794914961
Iter time: 353.202147007
Iter time: 589.238883018
0.00987329851433 9454.98941724
289     , -13920.7    , array([ 0.0215675  ,  0.0129313  ,  1.20782    ,  1.56767    ,  11.7268    ,  0.904834   ,  8.86423    ,  0.0140439  ,  0.0113896  ,  0.404094   ,  2.52285    ,  2.14633    ])
Iter time: 161.730809927
Iter time: 305.795184135
Iter time: 498.024474859
290     , -13993.6    , array([ 0.0236974  ,  0.0139339  ,  1.19716    ,  1.57911    ,  11.6041    ,  0.867145   ,  7.45599    ,  0.0125184  ,  0.0111739  ,  0.371557   ,  2.51856    ,  2.14783    ])
Iter time: 179.921920061
Iter time: 322.004239082
Iter time: 542.395503998
291     , -13986      , array([ 0.0221211  ,  0.0125208  ,  1.19853    ,  1.58729    ,  12.0382    ,  0.781781   ,  8.86019    ,  0.0124358  ,  0.0114195  ,  0.3809     ,  2.50908    ,  2.14741    ])
Iter time: 186.338823795
Iter time: 328.362615108
Iter time: 541.248744011
292     , -13946      , array([ 0.0225153  ,  0.0130846  ,  1.20038    ,  1.58331    ,  12.1927    ,  0.812669   ,  8.98846    ,  0.0126028  ,  0.0113585  ,  0.384525   ,  2.51699    ,  2.15681    ])
WARNING:Inference:Model is masked in some entries where data is not.
WARNING:Inference:Number of affected entries is 25. Sum of data in those entries is 0.0109653:
Iter time: 197.004215002
Iter time: 357.265513897
Iter time: 594.107192039
0.0109653458241 9454.98941724
293     , -13924.5    , array([ 0.0219782  ,  0.0137315  ,  1.20143    ,  1.57542    ,  11.9969    ,  0.929471   ,  9.03342    ,  0.0127733  ,  0.0112693  ,  0.385591   ,  2.50128    ,  2.17655    ])
WARNING:Inference:Model is masked in some entries where data is not.
WARNING:Inference:Number of affected entries is 39. Sum of data in those entries is 0.0462612:
Iter time: 195.74677515
Iter time: 348.193374872
Iter time: 573.549072027
0.0462611556174 9454.98941724
294     , -13921      , array([ 0.0215578  ,  0.0129494  ,  1.20135    ,  1.58507    ,  12.017     ,  0.816999   ,  9.84502    ,  0.0131455  ,  0.0110546  ,  0.385775   ,  2.52325    ,  2.15773    ])
Iter time: 173.146459818
Iter time: 319.120916128
Iter time: 537.531600952
295     , -13893.2    , array([ 0.0224177  ,  0.0135382  ,  1.20045    ,  1.5827     ,  12.139     ,  0.82844    ,  8.70132    ,  0.0133091  ,  0.0113672  ,  0.383483   ,  2.5131     ,  2.1863     ])
Iter time: 167.285994053
Iter time: 305.298440933
Iter time: 503.516820908
296     , -13790      , array([ 0.0226294  ,  0.0140265  ,  1.20185    ,  1.58587    ,  12.5478    ,  0.785491   ,  8.59609    ,  0.0144218  ,  0.0116522  ,  0.387473   ,  2.51055    ,  2.24432    ])
WARNING:Numerics:Extrapolation may have failed. Check resulting frequency spectrum for unexpected results.
Iter time: 175.290264845
Iter time: 324.535523891
Iter time: 535.335185051
297     , -13869.2    , array([ 0.0236423  ,  0.0145462  ,  1.20038    ,  1.58428    ,  11.5274    ,  0.936642   ,  8.0368     ,  0.0124705  ,  0.0120127  ,  0.392425   ,  2.50354    ,  2.26479    ])
Iter time: 148.23439908
Iter time: 272.078371048
Iter time: 444.993049145
298     , -13875.7    , array([ 0.0235272  ,  0.0137565  ,  1.20479    ,  1.57931    ,  12.4438    ,  0.710188   ,  7.72179    ,  0.0137823  ,  0.0114942  ,  0.392195   ,  2.52889    ,  2.22324    ])
WARNING:Inference:Model is masked in some entries where data is not.
WARNING:Inference:Number of affected entries is 30. Sum of data in those entries is 0.0457012:
Iter time: 189.451579094
Iter time: 344.325978041
Iter time: 571.302190065
0.0457012118278 9454.98941724
299     , -13803      , array([ 0.0217736  ,  0.0137039  ,  1.20793    ,  1.57631    ,  13.0001    ,  0.853763   ,  9.30924    ,  0.014191   ,  0.0118273  ,  0.416699   ,  2.49498    ,  2.21719    ])
WARNING:Inference:Model is masked in some entries where data is not.
WARNING:Inference:Number of affected entries is 37. Sum of data in those entries is 0.0462612:
Iter time: 186.803555965
Iter time: 333.740650177
Iter time: 544.258700132
0.0462611534896 9454.98941724
300     , -13789.3    , array([ 0.021362   ,  0.0134303  ,  1.20816    ,  1.58226    ,  12.676     ,  0.777523   ,  9.85574    ,  0.0142451  ,  0.0116699  ,  0.410378   ,  2.50817    ,  2.2351     ])
Iter time: 168.140167952
Iter time: 298.491617918
Iter time: 499.212173939
302     , -13769.5    , array([ 0.0230568  ,  0.0136658  ,  1.20529    ,  1.5841     ,  12.1462    ,  0.772569   ,  8.53876    ,  0.0150068  ,  0.0120068  ,  0.393173   ,  2.52221    ,  2.25854    ])
Iter time: 156.311712027
Iter time: 275.094556093
Iter time: 460.647315025
303     , -13647.3    , array([ 0.0237745  ,  0.0138842  ,  1.20811    ,  1.58773    ,  12.1822    ,  0.714837   ,  8.298      ,  0.0171116  ,  0.0125927  ,  0.395147   ,  2.53161    ,  2.33242    ])
Iter time: 160.339677095
Iter time: 294.658197165
Iter time: 479.929812193
304     , -13719.2    , array([ 0.022867   ,  0.0141528  ,  1.20618    ,  1.58237    ,  12.6826    ,  0.770879   ,  8.20534    ,  0.0158539  ,  0.0120605  ,  0.399003   ,  2.51199    ,  2.27724    ])
Iter time: 168.137709141
Iter time: 306.935399055
Iter time: 513.386052847
306     , -13915.5    , array([ 0.023054   ,  0.0137396  ,  1.20053    ,  1.58025    ,  11.9206    ,  0.839658   ,  8.08993    ,  0.013172   ,  0.0114062  ,  0.382796   ,  2.51607    ,  2.18076    ])
Iter time: 171.513448954
Iter time: 318.841560841
Iter time: 522.744268179
307     , -13695.3    , array([ 0.0228965  ,  0.0148882  ,  1.20964    ,  1.57436    ,  12.4365    ,  0.855678   ,  8.56531    ,  0.0155953  ,  0.0118691  ,  0.408667   ,  2.51925    ,  2.28895    ])
Iter time: 170.578948975
Iter time: 308.763504982
Iter time: 505.48949194
308     , -13687.8    , array([ 0.0225585  ,  0.0145566  ,  1.20932    ,  1.57682    ,  12.3195    ,  0.830261   ,  8.37549    ,  0.015945   ,  0.0120205  ,  0.408943   ,  2.5117     ,  2.30166    ])
Iter time: 152.70797205
Iter time: 276.343209028
Iter time: 458.202958107
309     , -13688.7    , array([ 0.0232105  ,  0.0140064  ,  1.20958    ,  1.58496    ,  12.576     ,  0.712398   ,  8.22942    ,  0.0163246  ,  0.0122467  ,  0.411828   ,  2.52923    ,  2.30213    ])
Iter time: 146.861679077
Iter time: 261.591370821
Iter time: 443.055336952
310     , -13653.9    , array([ 0.0239562  ,  0.0150478  ,  1.21104    ,  1.57529    ,  12.6505    ,  0.792174   ,  7.32876    ,  0.0164455  ,  0.0126994  ,  0.416139   ,  2.5082     ,  2.34742    ])
Iter time: 146.694197893
Iter time: 264.263117075
Iter time: 417.461346149
311     , -13609.4    , array([ 0.0243683  ,  0.0154545  ,  1.20509    ,  1.59407    ,  13.1284    ,  0.699598   ,  7.88566    ,  0.0158038  ,  0.0125516  ,  0.399225   ,  2.50616    ,  2.39537    ])
Iter time: 124.065639019
Iter time: 226.41317606
Iter time: 365.184000969
312     , -13480.7    , array([ 0.0259023  ,  0.0168951  ,  1.20373    ,  1.60744    ,  13.8909    ,  0.61516    ,  7.43766    ,  0.0167648  ,  0.0131764  ,  0.396812   ,  2.49785    ,  2.53052    ])
Iter time: 156.841349125
Iter time: 271.500036955
Iter time: 456.760113001
313     , -13523.4    , array([ 0.023244   ,  0.0150552  ,  1.21294    ,  1.58587    ,  13.2485    ,  0.715807   ,  8.52019    ,  0.017541   ,  0.0128384  ,  0.42397    ,  2.50988    ,  2.41673    ])
WARNING:Inference:Model is masked in some entries where data is not.
WARNING:Inference:Number of affected entries is 23. Sum of data in those entries is 0.00990848:
Iter time: 180.327422142
Iter time: 321.493818998
Iter time: 527.97538209
0.00990848357399 9454.98941724
314     , -13518.6    , array([ 0.0227306  ,  0.0152645  ,  1.21002    ,  1.58792    ,  12.8247    ,  0.847414   ,  9.07398    ,  0.0174517  ,  0.0129771  ,  0.419217   ,  2.49401    ,  2.40375    ])
Iter time: 150.934891939
Iter time: 269.294860125
Iter time: 438.675948858
315     , -13474.3    , array([ 0.0224721  ,  0.0145522  ,  1.21608    ,  1.58354    ,  14.0925    ,  0.631901   ,  8.89649    ,  0.0203987  ,  0.0125778  ,  0.423609   ,  2.51767    ,  2.38319    ])
Iter time: 143.428650856
Iter time: 250.252697945
Iter time: 403.042304993
316     , -13302.3    , array([ 0.0219089  ,  0.0145552  ,  1.22401    ,  1.58317    ,  15.5818    ,  0.519023   ,  9.36024    ,  0.0260893  ,  0.0128702  ,  0.440118   ,  2.52477    ,  2.4447     ])
Iter time: 129.438261032
Iter time: 236.41463089
Iter time: 389.04935503
317     , -13452.6    , array([ 0.024426   ,  0.0156026  ,  1.21115    ,  1.59271    ,  12.8791    ,  0.638057   ,  7.68747    ,  0.0198403  ,  0.0129562  ,  0.402584   ,  2.53131    ,  2.47431    ])
Iter time: 146.627401114
Iter time: 255.300454855
Iter time: 415.392315865
318     , -13388.3    , array([ 0.0238035  ,  0.0155168  ,  1.21884    ,  1.58424    ,  13.4014    ,  0.669898   ,  8.17165    ,  0.0205888  ,  0.0133854  ,  0.43572    ,  2.51906    ,  2.48448    ])
Iter time: 127.164060116
Iter time: 222.601372004
Iter time: 367.748038054
319     , -13352      , array([ 0.0256746  ,  0.0166003  ,  1.21425    ,  1.58817    ,  13.3894    ,  0.660165   ,  6.9081     ,  0.0221639  ,  0.0136742  ,  0.415529   ,  2.52327    ,  2.5391     ])
Iter time: 137.997770071
Iter time: 246.050471067
Iter time: 398.099496126
320     , -13332.5    , array([ 0.0244523  ,  0.0161773  ,  1.2176     ,  1.58904    ,  13.504     ,  0.64887    ,  8.06297    ,  0.0210584  ,  0.0135111  ,  0.430276   ,  2.52132    ,  2.53773    ])
Iter time: 124.870676994
Iter time: 218.678917885
Iter time: 357.76636982
321     , -13334.1    , array([ 0.0246898  ,  0.0155925  ,  1.21544    ,  1.5996     ,  13.9616    ,  0.558223   ,  7.6467     ,  0.0225065  ,  0.0140288  ,  0.423724   ,  2.5144     ,  2.56854    ])
Iter time: 137.155396938
Iter time: 237.262343884
Iter time: 387.95281291
322     , -13242.8    , array([ 0.0246079  ,  0.0168732  ,  1.21648    ,  1.59133    ,  14.0493    ,  0.643788   ,  7.86197    ,  0.0226832  ,  0.0139075  ,  0.422472   ,  2.50202    ,  2.60087    ])
Iter time: 126.376053095
Iter time: 222.15103817
Iter time: 360.96683383
323     , -13027.1    , array([ 0.0253379  ,  0.0185197  ,  1.21994    ,  1.59452    ,  14.8494    ,  0.612003   ,  7.68444    ,  0.0267383  ,  0.0148206  ,  0.427896   ,  2.48852    ,  2.76448    ])
Iter time: 118.449152231
Iter time: 203.221241951
Iter time: 336.914550066
324     , -13169.9    , array([ 0.0258142  ,  0.0169002  ,  1.21852    ,  1.60252    ,  14.7953    ,  0.525018   ,  7.61478    ,  0.0253127  ,  0.0146725  ,  0.428677   ,  2.51559    ,  2.68207    ])
Iter time: 128.886789799
Iter time: 224.118834019
Iter time: 357.910655022
325     , -13111.1    , array([ 0.0246127  ,  0.0166679  ,  1.21803    ,  1.60867    ,  14.7892    ,  0.5138     ,  8.75807    ,  0.0263714  ,  0.0142264  ,  0.423353   ,  2.52034    ,  2.68885    ])
Iter time: 121.18234086
Iter time: 209.632444859
Iter time: 339.495413065
326     , -13015      , array([ 0.0249444  ,  0.0186235  ,  1.22266    ,  1.59956    ,  15.8621    ,  0.538896   ,  7.80497    ,  0.0272393  ,  0.0146417  ,  0.450997   ,  2.49518    ,  2.77105    ])
Iter time: 113.317769051
Iter time: 183.710098982
Iter time: 301.037538052
327     , -12719.6    , array([ 0.0255508  ,  0.0215691  ,  1.23       ,  1.6055     ,  18.1       ,  0.467901   ,  7.56956    ,  0.0343677  ,  0.0157881  ,  0.481815   ,  2.47716    ,  3.0204     ])
Iter time: 109.860795021
Iter time: 192.19046998
Iter time: 314.401581049
328     , -13007.5    , array([ 0.0259192  ,  0.0182356  ,  1.22062    ,  1.60472    ,  15.3641    ,  0.501352   ,  7.45302    ,  0.0297244  ,  0.0148651  ,  0.429393   ,  2.51128    ,  2.77563    ])
Iter time: 93.9873018265
Iter time: 160.299343824
Iter time: 252.38162303
329     , -13028.8    , array([ 0.027091   ,  0.0185266  ,  1.22535    ,  1.60546    ,  16.357     ,  0.388017   ,  6.77235    ,  0.0326494  ,  0.0150429  ,  0.436001   ,  2.53017    ,  2.85832    ])
Iter time: 118.860740185
Iter time: 209.119446993
Iter time: 335.902838945
330     , -12853.8    , array([ 0.0239521  ,  0.0169977  ,  1.23542    ,  1.58564    ,  15.5186    ,  0.494996   ,  8.13427    ,  0.0379807  ,  0.0151462  ,  0.467906   ,  2.53169    ,  2.77082    ])
Iter time: 118.945714951
Iter time: 200.59583807
Iter time: 316.340103149
331     , -12808.2    , array([ 0.0253169  ,  0.0186704  ,  1.23191    ,  1.59912    ,  17.2659    ,  0.457461   ,  7.94439    ,  0.0357614  ,  0.0158098  ,  0.472901   ,  2.4983     ,  2.88773    ])
Iter time: 104.592201948
Iter time: 173.317008972
Iter time: 280.92298913
332     , -12797.5    , array([ 0.0262473  ,  0.0193616  ,  1.22632    ,  1.61018    ,  17.3087    ,  0.40888    ,  7.43862    ,  0.037783   ,  0.0157334  ,  0.442942   ,  2.50698    ,  2.94892    ])
Iter time: 115.196346045
Iter time: 199.146950006
Iter time: 307.617712975
333     , -12746.3    , array([ 0.0244241  ,  0.018568   ,  1.23299    ,  1.60988    ,  18.0815    ,  0.383068   ,  8.90839    ,  0.038361   ,  0.0157654  ,  0.469437   ,  2.5001     ,  2.95835    ])
Iter time: 118.88368988
Iter time: 192.289906025
Iter time: 299.322076082
334     , -12632.2    , array([ 0.0253525  ,  0.0203519  ,  1.23472    ,  1.60009    ,  18.1042    ,  0.425467   ,  8.2554     ,  0.0412882  ,  0.0156688  ,  0.468285   ,  2.50654    ,  2.99412    ])
Iter time: 103.565686941
Iter time: 170.92331481
Iter time: 265.940623999
336     , -12546.8    , array([ 0.0257535  ,  0.0203813  ,  1.23541    ,  1.61258    ,  19.655     ,  0.341167   ,  7.86004    ,  0.0493674  ,  0.0166759  ,  0.467707   ,  2.49721    ,  3.11517    ])
Iter time: 87.8452069759
Iter time: 148.840705156
Iter time: 234.602643967
338     , -12493      , array([ 0.0295283  ,  0.02396    ,  1.23084    ,  1.62354    ,  17.7062    ,  0.397712   ,  6.57641    ,  0.0443166  ,  0.0182787  ,  0.461905   ,  2.48924    ,  3.36701    ])
Iter time: 71.7746870518
Iter time: 116.860121965
Iter time: 187.948005199
339     , -12121.5    , array([ 0.0342804  ,  0.0307412  ,  1.23427    ,  1.64411    ,  18.8746    ,  0.348145   ,  5.51239    ,  0.0577589  ,  0.0217833  ,  0.473201   ,  2.47167    ,  3.95143    ])
Iter time: 102.454612017
Iter time: 168.457673073
Iter time: 261.254762173
340     , -12376.6    , array([ 0.0262743  ,  0.0227992  ,  1.23903    ,  1.61079    ,  19.4198    ,  0.367152   ,  7.66006    ,  0.0524088  ,  0.0171249  ,  0.482108   ,  2.491      ,  3.27376    ])
Iter time: 117.912206888
Iter time: 198.168441057
Iter time: 312.187400103
342     , -12907.4    , array([ 0.0253869  ,  0.0183257  ,  1.22424    ,  1.60775    ,  16.0138    ,  0.46835    ,  8.13303    ,  0.0318919  ,  0.0151334  ,  0.441084   ,  2.51056    ,  2.84593    ])
Iter time: 131.56062603
Iter time: 215.882370949
Iter time: 343.301987886
343     , -12409.6    , array([ 0.0250376  ,  0.0218726  ,  1.23545    ,  1.60858    ,  18.3166    ,  0.48469    ,  8.68373    ,  0.0453816  ,  0.0172447  ,  0.485325   ,  2.46861    ,  3.17203    ])
