==========================================
SLURM_JOB_ID = 18981504
SLURM_NODELIST = c8-73
==========================================
Module slurm/17.11.5 loaded 
Module openmpi/3.0.1 loaded 
Module gcc/7.3.0 loaded 
Module python/2.7.6 loaded 
Module numpy/1.11.1 loaded 
Module dadi/1.7.0 loaded 
Module matplotlib/2.0 loaded 
Module scipy/0.18.0 loaded 
Beginning. Call:
/home/hemstrow/monarch/github/F-H_2018/DADI/demographic_models/run_3d_mods.py /home/hemstrow/monarch/github/F-H_2018/Data/dadi_inputs/ dadi_snps_10kgap.txt 1st_folded_optim_10kgap_snps_dadi_out.txt lgrowth_p2 10 [NAM,HAW,GUA] True 3 [0.1,0.1,0.5,1,5,5,.1,.1,.1,.1,2] [1,1,5,10,20,20,10,10,10,10,4] [1e-3,1e-3,1e-3,1e-3,0.01,0.01,0.01,0.01,0.01,0.01,1] [150,15,15] fmin

Ready to begin run. Parameters:

Model:
lgrowth_p2
Maxiters:
10
Pops:
['NAM', 'HAW', 'GUA']
Projection:
[150, 15, 15]
Number of segregating sites in projected sfs:
9454.98941724
Folding spectra:
True
Level of parm folding:
3
Optimizer:
fmin
p0:
[ 0.0162723   0.02209452  0.82143355  0.16803058  1.96764735  0.65846877
  0.79474178  0.02939548  0.26999144  0.02064121  1.01      ]
Upper Bounds:
[1.0, 1.0, 5.0, 10.0, 20.0, 20.0, 10.0, 10.0, 10.0, 10.0, 4.0]
Lower Bounds:
[0.001, 0.001, 0.001, 0.001, 0.01, 0.01, 0.01, 0.01, 0.01, 0.01, 1.0]

Beginning optimization ************************************************
optimize_log_fmin.
Iter time: 38.1448631287
Iter time: 72.3063111305
Iter time: 122.683892965
1       , -15791.2    , array([ 0.0162723  ,  0.0220945  ,  0.821434   ,  0.168031   ,  1.96765    ,  0.658469   ,  0.794742   ,  0.0293955  ,  0.269991   ,  0.0206412  ,  1.01       ])
Iter time: 40.72961092
Iter time: 76.8594949245
Iter time: 130.643388987
2       , -15951.3    , array([ 0.0132441  ,  0.0220945  ,  0.821434   ,  0.168031   ,  1.96765    ,  0.658469   ,  0.794742   ,  0.0293955  ,  0.269991   ,  0.0206412  ,  1.01       ])
Iter time: 42.5620341301
Iter time: 79.1934041977
Iter time: 134.901076078
3       , -15788.1    , array([ 0.0162723  ,  0.0182599  ,  0.821434   ,  0.168031   ,  1.96765    ,  0.658469   ,  0.794742   ,  0.0293955  ,  0.269991   ,  0.0206412  ,  1.01       ])
Iter time: 38.1351850033
Iter time: 72.245344162
Iter time: 122.629136086
4       , -15788.2    , array([ 0.0162723  ,  0.0220945  ,  0.813394   ,  0.168031   ,  1.96765    ,  0.658469   ,  0.794742   ,  0.0293955  ,  0.269991   ,  0.0206412  ,  1.01       ])
Iter time: 38.9390997887
Iter time: 73.5370519161
Iter time: 124.944418907
5       , -15870.7    , array([ 0.0162723  ,  0.0220945  ,  0.821434   ,  0.153694   ,  1.96765    ,  0.658469   ,  0.794742   ,  0.0293955  ,  0.269991   ,  0.0206412  ,  1.01       ])
Iter time: 37.8378911018
Iter time: 71.5862600803
Iter time: 121.321856022
6       , -15764.3    , array([ 0.0162723  ,  0.0220945  ,  0.821434   ,  0.168031   ,  2.03538    ,  0.658469   ,  0.794742   ,  0.0293955  ,  0.269991   ,  0.0206412  ,  1.01       ])
Iter time: 37.5202128887
Iter time: 71.0550839901
Iter time: 120.553996086
7       , -15779.1    , array([ 0.0162723  ,  0.0220945  ,  0.821434   ,  0.168031   ,  1.96765    ,  0.644855   ,  0.794742   ,  0.0293955  ,  0.269991   ,  0.0206412  ,  1.01       ])
Iter time: 38.2361981869
Iter time: 72.0905938148
Iter time: 122.53411603
8       , -15822.4    , array([ 0.0162723  ,  0.0220945  ,  0.821434   ,  0.168031   ,  1.96765    ,  0.658469   ,  0.785665   ,  0.0293955  ,  0.269991   ,  0.0206412  ,  1.01       ])
Iter time: 38.1932399273
Iter time: 72.3317978382
Iter time: 122.545008898
9       , -15829.9    , array([ 0.0162723  ,  0.0220945  ,  0.821434   ,  0.168031   ,  1.96765    ,  0.658469   ,  0.794742   ,  0.0246431  ,  0.269991   ,  0.0206412  ,  1.01       ])
Iter time: 38.1662330627
Iter time: 72.0479850769
Iter time: 122.524188995
10      , -15833.5    , array([ 0.0162723  ,  0.0220945  ,  0.821434   ,  0.168031   ,  1.96765    ,  0.658469   ,  0.794742   ,  0.0293955  ,  0.252882   ,  0.0206412  ,  1.01       ])
Iter time: 38.2001490593
Iter time: 72.1545372009
Iter time: 122.846676826
11      , -15796.8    , array([ 0.0162723  ,  0.0220945  ,  0.821434   ,  0.168031   ,  1.96765    ,  0.658469   ,  0.794742   ,  0.0293955  ,  0.269991   ,  0.0170009  ,  1.01       ])
Iter time: 38.1462230682
Iter time: 72.0817289352
Iter time: 122.595026016
12      , -15790      , array([ 0.0162723  ,  0.0220945  ,  0.821434   ,  0.168031   ,  1.96765    ,  0.658469   ,  0.794742   ,  0.0293955  ,  0.269991   ,  0.0206412  ,  1.0105     ])
Iter time: 36.7769229412
Iter time: 69.7581100464
Iter time: 119.043793917
13      , -15681.3    , array([ 0.0199929  ,  0.0213419  ,  0.819966   ,  0.165328   ,  1.97979    ,  0.655972   ,  0.793084   ,  0.0284679  ,  0.266797   ,  0.0199257  ,  1.01009    ])
Iter time: 35.4464790821
Iter time: 67.6126492023
Iter time: 115.506185055
14      , -15578.6    , array([ 0.0245643  ,  0.0209752  ,  0.819233   ,  0.163993   ,  1.98589    ,  0.654728   ,  0.792256   ,  0.0280152  ,  0.265214   ,  0.0195774  ,  1.01014    ])
Iter time: 37.2802398205
Iter time: 70.5854301453
Iter time: 120.295878172
15      , -15682.3    , array([ 0.0175375  ,  0.0211411  ,  0.819566   ,  0.182894   ,  1.98312    ,  0.655293   ,  0.792632   ,  0.0282201  ,  0.265932   ,  0.019735   ,  1.01012    ])
Iter time: 37.796380043
Iter time: 71.59938097
Iter time: 121.766438007
16      , -15688.6    , array([ 0.0177779  ,  0.0209722  ,  0.819227   ,  0.169887   ,  1.98594    ,  0.654717   ,  0.792249   ,  0.0280115  ,  0.286534   ,  0.0195745  ,  1.01014    ])
Iter time: 37.7783048153
Iter time: 71.7306919098
Iter time: 122.053783894
17      , -15664.9    , array([ 0.0180663  ,  0.0207744  ,  0.818827   ,  0.170227   ,  1.98929    ,  0.654038   ,  0.791797   ,  0.034201   ,  0.271294   ,  0.0193866  ,  1.01016    ])
Iter time: 37.8366799355
Iter time: 72.0237619877
Iter time: 122.575172901
18      , -15648.2    , array([ 0.0184131  ,  0.020543   ,  0.818353   ,  0.170629   ,  1.99325    ,  0.653235   ,  0.802077   ,  0.0294719  ,  0.271531   ,  0.0191668  ,  1.01019    ])
Iter time: 37.6685190201
Iter time: 71.4909729958
Iter time: 121.639468908
19      , -15647.1    , array([ 0.0188315  ,  0.0202728  ,  0.817795   ,  0.171106   ,  1.99794    ,  0.652288   ,  0.794242   ,  0.0294859  ,  0.271812   ,  0.0237838  ,  1.01023    ])
Iter time: 37.6102771759
Iter time: 71.3817868233
Iter time: 121.636090994
20      , -15629.3    , array([ 0.0193384  ,  0.0199581  ,  0.817135   ,  0.171671   ,  2.00349    ,  0.65117    ,  0.794152   ,  0.0295023  ,  0.272144   ,  0.0201006  ,  1.01027    ])
Iter time: 37.7454109192
Iter time: 71.6234111786
Iter time: 121.902354002
21      , -15601.5    , array([ 0.019955   ,  0.0195925  ,  0.816356   ,  0.172342   ,  2.01008    ,  0.649852   ,  0.794044   ,  0.0295218  ,  0.272537   ,  0.0200038  ,  1.00972    ])
Iter time: 37.6842830181
Iter time: 71.4349331856
Iter time: 121.834272146
22      , -15572.5    , array([ 0.0207091  ,  0.019169   ,  0.824969   ,  0.173137   ,  2.0179     ,  0.648298   ,  0.793918   ,  0.0295448  ,  0.273003   ,  0.01989    ,  1.01018    ])
Iter time: 37.7060799599
Iter time: 71.8889908791
Iter time: 122.828278065
23      , -15477.2    , array([ 0.0233623  ,  0.0178549  ,  0.830818   ,  0.175749   ,  2.0435     ,  0.643271   ,  0.793506   ,  0.0296197  ,  0.274521   ,  0.0195248  ,  1.01026    ])
Iter time: 33.5594170094
Iter time: 63.6710710526
Iter time: 108.76841116
24      , -15518.8    , array([ 0.0221166  ,  0.0231001  ,  0.818584   ,  0.174557   ,  2.03182    ,  0.645551   ,  0.793693   ,  0.0295857  ,  0.27383    ,  0.01969    ,  1.01022    ])
Iter time: 37.0394539833
Iter time: 70.5573999882
Iter time: 120.465089083
25      , -15490.1    , array([ 0.0233856  ,  0.0192461  ,  0.818067   ,  0.17577    ,  2.04371    ,  0.659309   ,  0.793502   ,  0.0296204  ,  0.274534   ,  0.0195218  ,  1.01026    ])
Iter time: 36.64270401
Iter time: 69.7801048756
Iter time: 119.517943859
26      , -15445.3    , array([ 0.0249796  ,  0.0187691  ,  0.817457   ,  0.177215   ,  1.97717    ,  0.645828   ,  0.793277   ,  0.0296614  ,  0.275368   ,  0.0193249  ,  1.01031    ])
Iter time: 36.7281839848
Iter time: 70.4502298832
Iter time: 120.521425009
27      , -15304.1    , array([ 0.0309494  ,  0.0172991  ,  0.815475   ,  0.181994   ,  1.9487     ,  0.639598   ,  0.792546   ,  0.0297953  ,  0.278096   ,  0.0186985  ,  1.01047    ])
Iter time: 36.1259980202
Iter time: 68.8354389668
Iter time: 117.635579109
28      , -15449.5    , array([ 0.0252889  ,  0.0190932  ,  0.818975   ,  0.177486   ,  2.01943    ,  0.646775   ,  0.795828   ,  0.0314783  ,  0.258064   ,  0.020209   ,  1.01023    ])
Iter time: 36.5852930546
Iter time: 69.7637808323
Iter time: 119.378186941
29      , -15434.6    , array([ 0.0273996  ,  0.0185931  ,  0.818528   ,  0.163967   ,  2.02899    ,  0.644671   ,  0.796025   ,  0.0318726  ,  0.276542   ,  0.0201314  ,  1.01028    ])
Iter time: 35.952614069
Iter time: 68.7794258595
Iter time: 117.392410994
30      , -15397      , array([ 0.02869    ,  0.0185435  ,  0.819213   ,  0.174972   ,  2.02997    ,  0.644217   ,  0.797637   ,  0.0259639  ,  0.272023   ,  0.0206342  ,  1.01025    ])
Iter time: 35.7459249496
Iter time: 68.3874461651
Iter time: 116.439106941
31      , -15376.7    , array([ 0.0305135  ,  0.0184065  ,  0.819844   ,  0.175359   ,  2.03268    ,  0.64338    ,  0.786619   ,  0.0294437  ,  0.271874   ,  0.0211526  ,  1.01023    ])
Iter time: 35.5588390827
Iter time: 67.8896138668
Iter time: 116.657089949
32      , -15332.2    , array([ 0.0325719  ,  0.0183271  ,  0.820777   ,  0.175653   ,  2.03427    ,  0.642705   ,  0.792987   ,  0.0294221  ,  0.271605   ,  0.0166868  ,  1.0102     ])
Iter time: 35.2379319668
Iter time: 67.3908629417
Iter time: 115.343414068
33      , -15302.2    , array([ 0.034872   ,  0.0183298  ,  0.822104   ,  0.175806   ,  2.03426    ,  0.642279   ,  0.792866   ,  0.0293912  ,  0.271175   ,  0.0190875  ,  1.01014    ])
Iter time: 34.9224479198
Iter time: 67.1994040012
Iter time: 115.607357979
34      , -15189.1    , array([ 0.0468279  ,  0.0175661  ,  0.8246     ,  0.177911   ,  2.04981    ,  0.637878   ,  0.792224   ,  0.0293358  ,  0.270692   ,  0.0186003  ,  1.01008    ])
Iter time: 34.658880949
Iter time: 66.5228340626
Iter time: 113.898185015
35      , -15257.5    , array([ 0.039464   ,  0.0183049  ,  0.824394   ,  0.176138   ,  2.03482    ,  0.641409   ,  0.792642   ,  0.0293381  ,  0.270449   ,  0.0189279  ,  1.01075    ])
Iter time: 36.4646918774
Iter time: 69.7491889
Iter time: 119.80082798
36      , -15187.9    , array([ 0.0349449  ,  0.01668    ,  0.822437   ,  0.187525   ,  2.06874    ,  0.634258   ,  0.794502   ,  0.0311762  ,  0.278907   ,  0.0192219  ,  1.01045    ])
Iter time: 37.5958139896
Iter time: 72.4640290737
Iter time: 124.730317831
37      , -15016      , array([ 0.0416796  ,  0.0148744  ,  0.824043   ,  0.200529   ,  2.11145    ,  0.624265   ,  0.795627   ,  0.0328881  ,  0.286017   ,  0.0190465  ,  1.01061    ])
Iter time: 40.4937980175
Iter time: 77.8537168503
Iter time: 133.707383871
38      , -15182.5    , array([ 0.0435519  ,  0.0139807  ,  0.824084   ,  0.180676   ,  2.03616    ,  0.639365   ,  0.793414   ,  0.0300948  ,  0.272278   ,  0.0189968  ,  1.01044    ])
Iter time: 36.2551259995
Iter time: 69.7462611198
Iter time: 119.721348047
39      , -15145.5    , array([ 0.0461188  ,  0.015833   ,  0.825704   ,  0.180329   ,  2.02295    ,  0.622536   ,  0.793589   ,  0.0301465  ,  0.271173   ,  0.0190658  ,  1.01043    ])
Iter time: 35.4377348423
Iter time: 68.2231099606
Iter time: 117.183342934
40      , -15116.9    , array([ 0.0522411  ,  0.0166978  ,  0.812119   ,  0.181197   ,  2.01945    ,  0.634267   ,  0.7936     ,  0.0302439  ,  0.270581   ,  0.0189806  ,  1.01046    ])
Iter time: 37.0946581364
Iter time: 71.4853470325
Iter time: 122.688513994
41      , -15082.1    , array([ 0.0550664  ,  0.0152388  ,  0.822606   ,  0.180099   ,  2.04352    ,  0.628596   ,  0.790882   ,  0.028252   ,  0.290327   ,  0.01813    ,  1.01053    ])
Iter time: 36.7364661694
Iter time: 70.9603130817
Iter time: 121.67753005
42      , -15024.6    , array([ 0.0577017  ,  0.0150928  ,  0.823798   ,  0.198302   ,  2.03654    ,  0.627758   ,  0.789754   ,  0.0272975  ,  0.273334   ,  0.0178567  ,  1.01053    ])
Iter time: 37.5077991486
Iter time: 72.4695231915
Iter time: 124.189167023
43      , -14997.6    , array([ 0.0625714  ,  0.0145771  ,  0.823945   ,  0.190108   ,  2.03674    ,  0.625251   ,  0.786736   ,  0.0338162  ,  0.278118   ,  0.0169696  ,  1.01061    ])
Iter time: 39.3202011585
Iter time: 75.9417459965
Iter time: 130.944352865
44      , -14851.4    , array([ 0.0924057  ,  0.0129244  ,  0.826321   ,  0.198159   ,  2.04014    ,  0.615979   ,  0.781342   ,  0.0385925  ,  0.281217   ,  0.0153892  ,  1.01079    ])
Iter time: 38.3463540077
Iter time: 74.0585548878
Iter time: 127.375713825
45      , -14922.9    , array([ 0.0719627  ,  0.0137712  ,  0.824491   ,  0.193951   ,  2.03539    ,  0.62113    ,  0.796781   ,  0.0313233  ,  0.279985   ,  0.0156235  ,  1.01073    ])
Iter time: 39.3099930286
Iter time: 75.9301710129
Iter time: 130.55794692
46      , -14893      , array([ 0.0778664  ,  0.0131305  ,  0.824229   ,  0.197147   ,  2.034      ,  0.617934   ,  0.791068   ,  0.0317052  ,  0.281816   ,  0.019569   ,  1.01086    ])
Iter time: 38.7676551342
Iter time: 74.7932090759
Iter time: 128.921856165
47      , -14911.1    , array([ 0.0969157  ,  0.0132306  ,  0.8312     ,  0.193064   ,  2.13992    ,  0.617057   ,  0.79124    ,  0.0316638  ,  0.275903   ,  0.0176087  ,  1.01066    ])
Iter time: 41.6113138199
Iter time: 80.4570219517
Iter time: 138.611532927
48      , -14827      , array([ 0.0894932  ,  0.011787   ,  0.823437   ,  0.20284    ,  2.0682     ,  0.611001   ,  0.790889   ,  0.0326064  ,  0.284736   ,  0.0171684  ,  1.01036    ])
Iter time: 47.1020600796
Iter time: 91.2190170288
Iter time: 157.431793928
49      , -14667.5    , array([ 0.134767   ,  0.00945849 ,  0.82296    ,  0.217672   ,  2.08509    ,  0.596341   ,  0.790014   ,  0.0343747  ,  0.29216    ,  0.016351   ,  1.01016    ])
Iter time: 43.4406750202
Iter time: 83.8641610146
Iter time: 144.501241922
50      , -14776.8    , array([ 0.0914018  ,  0.0109752  ,  0.822933   ,  0.20832    ,  2.05945    ,  0.606907   ,  0.790905   ,  0.0335625  ,  0.288456   ,  0.0170661  ,  1.01104    ])
Iter time: 37.3217279911
Iter time: 72.4362709522
Iter time: 124.603419065
51      , -14734.4    , array([ 0.112458   ,  0.013196   ,  0.82324    ,  0.210511   ,  2.07755    ,  0.599787   ,  0.789264   ,  0.0333711  ,  0.289801   ,  0.0163873  ,  1.0108     ])
Iter time: 42.4518079758
Iter time: 82.1649980545
Iter time: 142.218609095
52      , -14707.3    , array([ 0.124883   ,  0.0112726  ,  0.821178   ,  0.216935   ,  2.10127    ,  0.611846   ,  0.788307   ,  0.0339351  ,  0.294518   ,  0.0158848  ,  1.01088    ])
Iter time: 45.0887930393
Iter time: 87.5322840214
Iter time: 150.729033947
53      , -14652.8    , array([ 0.129176   ,  0.00995188 ,  0.8366     ,  0.223079   ,  2.12017    ,  0.596612   ,  0.787337   ,  0.0345415  ,  0.299746   ,  0.0154478  ,  1.01092    ])
Iter time: 52.5218589306
Iter time: 101.967961073
Iter time: 176.090661049
54      , -14487.8    , array([ 0.203127   ,  0.00768295 ,  0.849115   ,  0.247521   ,  2.1724     ,  0.578631   ,  0.784223   ,  0.0369141  ,  0.315487   ,  0.0139362  ,  1.01115    ])
Iter time: 146505.063484
Iter time: 109.318808794
Iter time: 247.679925203
55      , -14583.5    , array([ 0.155374   ,  0.00962803 ,  0.830712   ,  0.237798   ,  2.11862    ,  0.592998   ,  0.788829   ,  0.0388192  ,  0.283614   ,  0.0154172  ,  1.01096    ])
Iter time: 48.1803088188
Iter time: 93.3355100155
Iter time: 161.250046968
56      , -14553.7    , array([ 0.177539   ,  0.00895822 ,  0.830771   ,  0.22322    ,  2.14121    ,  0.587671   ,  0.789787   ,  0.042833   ,  0.303274   ,  0.0152407  ,  1.01104    ])
Iter time: 50.5365600586
Iter time: 98.1724359989
Iter time: 169.653694153
57      , -14568.9    , array([ 0.319882   ,  0.00828916 ,  0.831752   ,  0.225086   ,  2.07051    ,  0.584504   ,  0.782908   ,  0.0373013  ,  0.292929   ,  0.013721   ,  1.01104    ])
Iter time: 50.9586250782
Iter time: 98.6133599281
Iter time: 170.631894827
58      , -14522.9    , array([ 0.242998   ,  0.00816387 ,  0.832628   ,  0.239105   ,  2.15457    ,  0.580998   ,  0.779282   ,  0.0404284  ,  0.30171    ,  0.016337   ,  1.01098    ])
Iter time: 52.3346750736
Iter time: 101.624027967
Iter time: 175.205751896
59      , -14431.9    , array([ 0.213255   ,  0.00778328 ,  0.826165   ,  0.249728   ,  2.05187    ,  0.578465   ,  0.78257    ,  0.0418107  ,  0.311192   ,  0.0142989  ,  1.0111     ])
Iter time: 61.7450220585
Iter time: 120.024889946
Iter time: 207.572502136
60      , -14242.9    , array([ 0.316338   ,  0.00596972 ,  0.823659   ,  0.28402    ,  2.00922    ,  0.560084   ,  0.77827    ,  0.0480452  ,  0.330494   ,  0.0128851  ,  1.01132    ])
Iter time: 56.5326719284
Iter time: 109.891142845
Iter time: 189.755493879
61      , -14380.9    , array([ 0.34248    ,  0.0067955  ,  0.833047   ,  0.261342   ,  2.15392    ,  0.567413   ,  0.780421   ,  0.0450341  ,  0.313618   ,  0.0119252  ,  1.01099    ])
Iter time: 60.4940879345
Iter time: 117.420255899
Iter time: 202.948265076
62      , -14335.7    , array([ 0.366209   ,  0.00614229 ,  0.832164   ,  0.273425   ,  2.16873    ,  0.560777   ,  0.789966   ,  0.0380503  ,  0.320579   ,  0.0144771  ,  1.0111     ])
Iter time: 57.6240408421
Iter time: 112.332859039
Iter time: 193.533488989
63      , -14333.1    , array([ 0.476505   ,  0.00650873 ,  0.837286   ,  0.273272   ,  2.16869    ,  0.561038   ,  0.780246   ,  0.0447627  ,  0.318592   ,  0.0126699  ,  1.01085    ])
Iter time: 73.9599659443
Iter time: 143.629374981
Iter time: 247.972142935
64      , -14295.5    , array([ 0.503556   ,  0.00476053 ,  0.839553   ,  0.283567   ,  2.16663    ,  0.560846   ,  0.780237   ,  0.0474887  ,  0.322622   ,  0.0125916  ,  1.0111     ])
Iter time: 71.0493359566
Iter time: 138.420061111
Iter time: 238.742381811
65      , -14244.3    , array([ 0.584298   ,  0.00476437 ,  0.845054   ,  0.288902   ,  2.15414    ,  0.541161   ,  0.779724   ,  0.0496416  ,  0.322759   ,  0.0124527  ,  1.01107    ])
Iter time: 68.9023218155
Iter time: 133.790016174
Iter time: 230.724890947
66      , -14217.7    , array([ 0.706934   ,  0.00501258 ,  0.847296   ,  0.303132   ,  2.18375    ,  0.545515   ,  0.776186   ,  0.0523933  ,  0.33131    ,  0.0115132  ,  1.01195    ])
Iter time: 76.1490659714
Iter time: 147.982149124
Iter time: 255.810294151
68      , -14205.4    , array([ 0.807646   ,  0.00437325 ,  0.842411   ,  0.289997   ,  2.16106    ,  0.540329   ,  0.775072   ,  0.0489943  ,  0.351077   ,  0.0115792  ,  1.01132    ])
Iter time: 73.9543612003
Iter time: 143.756356955
Iter time: 248.510133028
70      , -14151      , array([ 0.46424    ,  0.00452209 ,  0.843308   ,  0.32082    ,  2.22856    ,  0.540403   ,  0.779507   ,  0.0535796  ,  0.351288   ,  0.0126152  ,  1.0113     ])
Iter time: 91.0523838997
Iter time: 176.777683973
Iter time: 305.307501078
71      , -14013.8    , array([ 0.559267   ,  0.00334005 ,  0.849145   ,  0.383017   ,  2.31205    ,  0.519617   ,  0.777812   ,  0.064215   ,  0.384693   ,  0.0120962  ,  1.01143    ])
Iter time: 55.3560681343
Iter time: 107.392771006
Iter time: 185.410424948
73      , -14404.6    , array([ 0.27557    ,  0.00708105 ,  0.834963   ,  0.251002   ,  2.15214    ,  0.571497   ,  0.784939   ,  0.0445722  ,  0.315296   ,  0.0140123  ,  1.01112    ])
Iter time: 57.0952579975
Iter time: 110.975739956
Iter time: 191.640213966
75      , -14391.1    , array([ 0.324242   ,  0.00671623 ,  0.836003   ,  0.260354   ,  2.15873    ,  0.567818   ,  0.779958   ,  0.0434955  ,  0.315112   ,  0.0144067  ,  1.0111     ])
Iter time: 58.5013101101
Iter time: 113.627259016
Iter time: 196.62741518
77      , -14370.4    , array([ 0.302819   ,  0.00647571 ,  0.843642   ,  0.265506   ,  2.16702    ,  0.566174   ,  0.782233   ,  0.0418731  ,  0.322209   ,  0.0133262  ,  1.01118    ])
Iter time: 78.7734379768
Iter time: 153.376456022
Iter time: 265.343243837
78      , -14164.7    , array([ 0.752336   ,  0.00413941 ,  0.843041   ,  0.326458   ,  2.17394    ,  0.536096   ,  0.775097   ,  0.0500451  ,  0.344812   ,  0.0114832  ,  1.01132    ])
Iter time: 80.7130768299
Iter time: 157.064460993
Iter time: 271.150902987
79      , -14127.5    , array([ 0.745138   ,  0.00399663 ,  0.843278   ,  0.32795    ,  2.17007    ,  0.53396    ,  0.779161   ,  0.0526086  ,  0.35071    ,  0.0107176  ,  1.01138    ])
Iter time: 87.0591111183
Iter time: 169.492779016
Iter time: 292.969831944
80      , -14100.3    , array([ 0.812556   ,  0.00358661 ,  0.84815    ,  0.340478   ,  2.17788    ,  0.528469   ,  0.77847    ,  0.0522679  ,  0.359617   ,  0.0126989  ,  1.01156    ])
Iter time: 65.0438549519
Iter time: 126.505806923
Iter time: 218.282032013
82      , -14278.6    , array([ 0.418022   ,  0.00550435 ,  0.842306   ,  0.284624   ,  2.16693    ,  0.555066   ,  0.780667   ,  0.0455291  ,  0.330596   ,  0.0127779  ,  1.01125    ])
Iter time: 88.8384559155
Iter time: 172.486814976
Iter time: 298.181783915
83      , -14073.7    , array([ 0.931425   ,  0.0034935  ,  0.851747   ,  0.342981   ,  2.16464    ,  0.527082   ,  0.766737   ,  0.0665423  ,  0.360918   ,  0.0101364  ,  1.01155    ])
Iter time: 100.99268198
Iter time: 196.519826174
Iter time: 339.062659025
84      , -14041.3    , array([ 0.808598   ,  0.00294416 ,  0.849176   ,  0.357645   ,  2.16395    ,  0.520891   ,  0.773828   ,  0.0607917  ,  0.371501   ,  0.0111219  ,  1.01192    ])
Iter time: 82.8181328773
Iter time: 161.184350014
Iter time: 279.015916824
85      , -14025.4    , array([ 0.833968   ,  0.00368857 ,  0.84864    ,  0.359517   ,  2.16551    ,  0.514114   ,  0.772678   ,  0.0599338  ,  0.376391   ,  0.0109413  ,  1.01182    ])
Iter time: 72.0802719593
Iter time: 140.087260962
Iter time: 242.003072977
87      , -14197      , array([ 0.537072   ,  0.00471606 ,  0.843482   ,  0.304678   ,  2.16644    ,  0.544045   ,  0.778191   ,  0.0499041  ,  0.341423   ,  0.0121606  ,  1.01138    ])
Iter time: 90.1804051399
Iter time: 175.984416008
Iter time: 303.981189966
88      , -14022.4    , array([ 0.802499   ,  0.00342054 ,  0.843979   ,  0.371764   ,  2.18006    ,  0.52595    ,  0.771465   ,  0.0603306  ,  0.389168   ,  0.0107092  ,  1.01201    ])
Iter time: 71.4846329689
Iter time: 138.753742933
Iter time: 240.221709967
90      , -14163.4    , array([ 0.485537   ,  0.00478639 ,  0.834947   ,  0.308847   ,  2.0944     ,  0.545071   ,  0.776616   ,  0.0518103  ,  0.344796   ,  0.0120962  ,  1.01146    ])
Iter time: 100.853415012
Iter time: 196.322393179
Iter time: 339.477365971
91      , -13996.3    , array([ 0.733742   ,  0.00291352 ,  0.84323    ,  0.373353   ,  2.16613    ,  0.515745   ,  0.773823   ,  0.0594572  ,  0.393402   ,  0.0113011  ,  1.01117    ])
Iter time: 122.739659071
Iter time: 238.762279987
Iter time: 412.863997936
92      , -13912.2    , array([ 0.747524   ,  0.00222124 ,  0.841204   ,  0.414347   ,  2.15738    ,  0.501475   ,  0.772643   ,  0.0633386  ,  0.428684   ,  0.0111966  ,  1.01078    ])
Iter time: 99.2082161903
Iter time: 193.085211039
Iter time: 333.753299952
93      , -13977      , array([ 0.633276   ,  0.00295245 ,  0.847898   ,  0.416421   ,  2.1882     ,  0.513679   ,  0.774493   ,  0.066621   ,  0.38498    ,  0.0111683  ,  1.0117     ])
Iter time: 111.337627888
Iter time: 216.687308073
Iter time: 369.852197886
94      , -13948.8    , array([ 0.981278   ,  0.00251435 ,  0.847627   ,  0.419525   ,  2.18674    ,  0.50487    ,  0.770721   ,  0.0689341  ,  0.404602   ,  0.010471   ,  1.0117     ])
Iter time: 108.144687176
Iter time: 211.25940299
Iter time: 364.006215096
95      , -13914.4    , array([ 0.735175   ,  0.00261639 ,  0.848906   ,  0.409804   ,  2.18152    ,  0.506795   ,  0.773001   ,  0.072861   ,  0.412444   ,  0.0109042  ,  1.01183    ])
Iter time: 82.6571209431
Iter time: 160.61904788
Iter time: 278.307363987
97      , -14077.4    , array([ 0.612353   ,  0.00386137 ,  0.841073   ,  0.340452   ,  2.13962    ,  0.531261   ,  0.775167   ,  0.0568071  ,  0.363542   ,  0.0115795  ,  1.01154    ])
Iter time: 114.374058008
Iter time: 222.578073025
Iter time: 385.235613108
98      , -13911.7    , array([ 0.772373   ,  0.00241288 ,  0.850826   ,  0.432399   ,  2.19601    ,  0.501669   ,  0.767599   ,  0.07478    ,  0.42168    ,  0.0116272  ,  1.01186    ])
Iter time: 136.725675106
Iter time: 265.886739016
Iter time: 459.49230504
99      , -13846.9    , array([ 0.786361   ,  0.00187481 ,  0.854625   ,  0.496504   ,  2.2091     ,  0.486264   ,  0.761883   ,  0.0891559  ,  0.462381   ,  0.0121105  ,  1.01211    ])
Iter time: 93.2662417889
Iter time: 181.727521896
Iter time: 314.13310194
101     , -14036.3    , array([ 0.783963   ,  0.00324036 ,  0.847889   ,  0.364263   ,  2.18185    ,  0.521013   ,  0.775151   ,  0.0586637  ,  0.376153   ,  0.0118806  ,  1.01162    ])
Iter time: 123.990090847
Iter time: 241.360032082
Iter time: 417.34983182
102     , -13908.8    , array([ 0.977198   ,  0.00214991 ,  0.85549    ,  0.451608   ,  2.24099    ,  0.494889   ,  0.768537   ,  0.0767619  ,  0.428467   ,  0.0107192  ,  1.01182    ])
Iter time: 122.650365114
Iter time: 239.237900019
Iter time: 412.751745939
103     , -13879.3    , array([ 0.648074   ,  0.00217553 ,  0.845444   ,  0.471274   ,  2.22909    ,  0.493129   ,  0.777317   ,  0.0672562  ,  0.445256   ,  0.0123704  ,  1.01186    ])
Iter time: 111.545578003
Iter time: 217.331949949
Iter time: 375.795857906
104     , -13878.6    , array([ 0.717077   ,  0.00244329 ,  0.847324   ,  0.4752     ,  2.24185    ,  0.494047   ,  0.770825   ,  0.0749834  ,  0.447053   ,  0.0114946  ,  1.01147    ])
Iter time: 124.935968161
Iter time: 242.793285131
Iter time: 419.676322937
105     , -13858.6    , array([ 0.727714   ,  0.00210886 ,  0.848507   ,  0.489674   ,  2.23446    ,  0.489181   ,  0.768726   ,  0.0812495  ,  0.455605   ,  0.010696   ,  1.01175    ])
Iter time: 152.016592026
Iter time: 296.00396204
Iter time: 511.113350868
106     , -13856.3    , array([ 0.667337   ,  0.00167354 ,  0.847733   ,  0.524808   ,  2.26418    ,  0.491284   ,  0.770469   ,  0.0840516  ,  0.471407   ,  0.0115665  ,  1.01154    ])
Iter time: 153.42677784
Iter time: 299.183264017
Iter time: 516.187057018
107     , -13832.8    , array([ 0.670635   ,  0.00158472 ,  0.853103   ,  0.540351   ,  2.26461    ,  0.474312   ,  0.771499   ,  0.0886876  ,  0.472102   ,  0.0119837  ,  1.01125    ])
Iter time: 201.662652016
Iter time: 393.241941929
Iter time: 681.060668945
108     , -13809.4    , array([ 0.613066   ,  0.00107865 ,  0.857701   ,  0.651449   ,  2.3081     ,  0.450426   ,  0.771515   ,  0.107529   ,  0.519979   ,  0.0126768  ,  1.01088    ])
Iter time: 176.864447117
Iter time: 343.922729015
Iter time: 595.139284134
109     , -13818.2    , array([ 0.978507   ,  0.00132143 ,  0.849459   ,  0.57765    ,  2.13467    ,  0.46778    ,  0.764073   ,  0.0915106  ,  0.504492   ,  0.0107005  ,  1.01174    ])
Iter time: 180.047893047
Iter time: 350.202618122
Iter time: 605.401610851
110     , -13794.3    , array([ 0.935295   ,  0.00129162 ,  0.850993   ,  0.563886   ,  2.24535    ,  0.465203   ,  0.76546    ,  0.0934463  ,  0.529514   ,  0.0114997  ,  1.01148    ])
Iter time: 173.975532055
Iter time: 337.911858797
Iter time: 583.447633982
112     , -13782.3    , array([ 0.598357   ,  0.00134367 ,  0.85188    ,  0.590633   ,  2.25768    ,  0.46633    ,  0.768248   ,  0.0954472  ,  0.529095   ,  0.0124763  ,  1.01144    ])
Iter time: 194.920464993
Iter time: 380.205356121
Iter time: 657.742620945
114     , -13839.9    , array([ 0.769309   ,  0.00114393 ,  0.851136   ,  0.646193   ,  2.27725    ,  0.457582   ,  0.765124   ,  0.094847   ,  0.54308    ,  0.0122776  ,  1.01123    ])
Iter time: 186.614223003
Iter time: 363.148456812
Iter time: 628.028913975
115     , -13843.9    , array([ 0.760563   ,  0.00119428 ,  0.860764   ,  0.692891   ,  2.32548    ,  0.454799   ,  0.764119   ,  0.117417   ,  0.545468   ,  0.0121591  ,  1.01237    ])
Iter time: 198.946835041
Iter time: 387.634431839
Iter time: 668.498387098
116     , -13783.8    , array([ 0.555888   ,  0.00110882 ,  0.847336   ,  0.687176   ,  2.25384    ,  0.453828   ,  0.767397   ,  0.104669   ,  0.570234   ,  0.012995   ,  1.01142    ])
Iter time: 141.62130785
Iter time: 276.429998159
Iter time: 476.404840946
118     , -13841      , array([ 0.686318   ,  0.00177745 ,  0.848505   ,  0.521242   ,  2.23935    ,  0.481604   ,  0.772177   ,  0.0792205  ,  0.47444    ,  0.0121101  ,  1.01172    ])
Iter time: 136.512341976
Iter time: 265.857753992
Iter time: 459.450584888
120     , -13839.8    , array([ 0.720495   ,  0.00185661 ,  0.849502   ,  0.525613   ,  2.24564    ,  0.481494   ,  0.769006   ,  0.083857   ,  0.476683   ,  0.0117013  ,  1.01154    ])
Iter time: 144.967094183
Iter time: 282.435267925
Iter time: 489.001234055
122     , -13831.4    , array([ 0.72549    ,  0.00171492 ,  0.85014    ,  0.535279   ,  2.24244    ,  0.478772   ,  0.767972   ,  0.087416   ,  0.482211   ,  0.0113337  ,  1.01167    ])
Iter time: 186.702729225
Iter time: 362.52620697
Iter time: 626.379518986
123     , -13793.8    , array([ 0.795898   ,  0.00116727 ,  0.856278   ,  0.654734   ,  2.23288    ,  0.444842   ,  0.76353    ,  0.105992   ,  0.554836   ,  0.0124232  ,  1.01166    ])
Iter time: 153.636693001
Iter time: 298.907487869
Iter time: 518.535077095
125     , -13822.5    , array([ 0.757442   ,  0.00158426 ,  0.853384   ,  0.54631    ,  2.22979    ,  0.474857   ,  0.764508   ,  0.0924581  ,  0.49033    ,  0.0120627  ,  1.01183    ])
Iter time: 155.109448195
Iter time: 301.464844942
Iter time: 521.256367922
126     , -13809.3    , array([ 0.69935    ,  0.00157979 ,  0.842291   ,  0.499431   ,  2.16168    ,  0.476537   ,  0.770249   ,  0.0749681  ,  0.48615    ,  0.0118554  ,  1.01065    ])
Iter time: 207.992049932
Iter time: 403.96172905
Iter time: 699.137897015
127     , -13792.3    , array([ 0.777659   ,  0.00103896 ,  0.85332    ,  0.658758   ,  2.23047    ,  0.449149   ,  0.761865   ,  0.110006   ,  0.561415   ,  0.0118574  ,  1.0111     ])
Iter time: 152.309514999
Iter time: 296.528473854
Iter time: 512.527714014
128     , -13775.7    , array([ 0.695131   ,  0.00158634 ,  0.851078   ,  0.533242   ,  2.18508    ,  0.471132   ,  0.768291   ,  0.0943923  ,  0.493428   ,  0.0116219  ,  1.01157    ])
Iter time: 134.896790981
Iter time: 262.429616213
Iter time: 453.446821213
129     , -13763.3    , array([ 0.660768   ,  0.00186809 ,  0.851049   ,  0.484401   ,  2.14041    ,  0.478057   ,  0.769879   ,  0.0941658  ,  0.470331   ,  0.0113073  ,  1.01174    ])
Iter time: 153.168462992
Iter time: 298.923254013
Iter time: 515.623627901
131     , -13814.2    , array([ 0.723018   ,  0.00158191 ,  0.850374   ,  0.553405   ,  2.23328    ,  0.472669   ,  0.767895   ,  0.0895465  ,  0.496446   ,  0.0118042  ,  1.01148    ])
Iter time: 206.631266117
Iter time: 402.975509882
Iter time: 695.62531805
132     , -13763.1    , array([ 0.725159   ,  0.00104391 ,  0.852401   ,  0.6381     ,  2.19809    ,  0.448647   ,  0.765586   ,  0.105057   ,  0.557298   ,  0.0126046  ,  1.01113    ])
Iter time: 205.869228125
Iter time: 400.215563059
Iter time: 692.008709908
134     , -13757.9    , array([ 0.68909    ,  0.00104747 ,  0.848982   ,  0.643122   ,  2.20481    ,  0.4477     ,  0.769251   ,  0.101662   ,  0.560977   ,  0.0119378  ,  1.01085    ])
Iter time: 184.139113903
Iter time: 357.939732075
Iter time: 619.168771029
136     , -13738.3    , array([ 0.500464   ,  0.00120387 ,  0.852817   ,  0.620219   ,  2.31664    ,  0.450863   ,  0.770635   ,  0.104698   ,  0.555853   ,  0.0137279  ,  1.01078    ])
Iter time: 188.114395142
Iter time: 365.657926798
Iter time: 632.284038067
137     , -13692.1    , array([ 0.357912   ,  0.00114907 ,  0.854501   ,  0.642666   ,  2.41336    ,  0.442635   ,  0.773938   ,  0.111989   ,  0.583462   ,  0.0155491  ,  1.0103     ])
Iter time: 167.743564129
Iter time: 326.652940989
Iter time: 564.516250134
139     , -13790.8    , array([ 0.688935   ,  0.00139215 ,  0.850943   ,  0.579463   ,  2.2364     ,  0.46452    ,  0.767894   ,  0.0945784  ,  0.516509   ,  0.0121118  ,  1.01131    ])
Iter time: 161.976931095
Iter time: 314.97396493
Iter time: 544.925437212
140     , -13733.3    , array([ 0.717993   ,  0.00145762 ,  0.844151   ,  0.553211   ,  2.16055    ,  0.465277   ,  0.763636   ,  0.090659   ,  0.554693   ,  0.0120825  ,  1.0115     ])
Iter time: 167.412777901
Iter time: 325.944286823
Iter time: 563.8566401
142     , -13780.3    , array([ 0.681983   ,  0.00140231 ,  0.846669   ,  0.55011    ,  2.19705    ,  0.466563   ,  0.768605   ,  0.0867809  ,  0.514042   ,  0.0121234  ,  1.01096    ])
Iter time: 181.766972065
Iter time: 353.063967228
Iter time: 610.500990868
143     , -13717.6    , array([ 0.446493   ,  0.00121766 ,  0.850359   ,  0.64819    ,  2.21196    ,  0.448781   ,  0.769044   ,  0.106546   ,  0.554924   ,  0.0134942  ,  1.01096    ])
Iter time: 173.507098913
Iter time: 337.908854008
Iter time: 584.041159868
144     , -13730.6    , array([ 0.472349   ,  0.00135778 ,  0.844045   ,  0.557232   ,  2.2205     ,  0.470075   ,  0.771998   ,  0.0940235  ,  0.529614   ,  0.0126804  ,  1.01065    ])
Iter time: 150.746522188
Iter time: 293.426567793
Iter time: 507.52439785
145     , -13727.8    , array([ 0.441532   ,  0.00160153 ,  0.84529    ,  0.537227   ,  2.2211     ,  0.469438   ,  0.775546   ,  0.0880441  ,  0.517888   ,  0.0134485  ,  1.01113    ])
Iter time: 182.995872021
Iter time: 356.242837906
Iter time: 616.139289141
146     , -13692.8    , array([ 0.459667   ,  0.00122606 ,  0.846624   ,  0.602396   ,  2.21245    ,  0.454775   ,  0.770845   ,  0.101081   ,  0.563187   ,  0.013419   ,  1.01088    ])
Iter time: 152.291271925
Iter time: 296.656015873
Iter time: 514.453564167
147     , -13720.8    , array([ 0.550333   ,  0.00156774 ,  0.850098   ,  0.495956   ,  2.18795    ,  0.465666   ,  0.771974   ,  0.0907593  ,  0.508973   ,  0.0125803  ,  1.01067    ])
Iter time: 170.116147995
Iter time: 331.676388025
Iter time: 573.56083703
148     , -13677.7    , array([ 0.503555   ,  0.00133051 ,  0.845242   ,  0.558981   ,  2.17179    ,  0.453064   ,  0.771796   ,  0.0986207  ,  0.544695   ,  0.0131231  ,  1.01052    ])
Iter time: 168.256872892
Iter time: 327.997319937
Iter time: 568.605048895
149     , -13627      , array([ 0.461944   ,  0.00132397 ,  0.841943   ,  0.543797   ,  2.13008    ,  0.446573   ,  0.773577   ,  0.100247   ,  0.552666   ,  0.0134589  ,  1.01006    ])
Iter time: 176.328305006
Iter time: 343.288961887
Iter time: 593.882735014
150     , -13646.2    , array([ 0.411597   ,  0.00126162 ,  0.849579   ,  0.5989     ,  2.2192     ,  0.449247   ,  0.772343   ,  0.111352   ,  0.568079   ,  0.0137641  ,  1.01084    ])
Iter time: 154.833919048
Iter time: 300.030425072
Iter time: 519.860471964
152     , -13730.6    , array([ 0.579084   ,  0.00154844 ,  0.849518   ,  0.532405   ,  2.17757    ,  0.466511   ,  0.770287   ,  0.0969474  ,  0.508488   ,  0.0121942  ,  1.01128    ])
Iter time: 142.568794012
Iter time: 277.651488066
Iter time: 479.70196104
153     , -13667.7    , array([ 0.340936   ,  0.0016953  ,  0.843082   ,  0.519243   ,  2.22898    ,  0.465227   ,  0.776704   ,  0.0934521  ,  0.533326   ,  0.0136382  ,  1.01052    ])
Iter time: 134.091467857
Iter time: 260.967578173
Iter time: 451.693188906
154     , -13670.1    , array([ 0.315694   ,  0.00184411 ,  0.845403   ,  0.495531   ,  2.22659    ,  0.469478   ,  0.774359   ,  0.0951058  ,  0.524981   ,  0.0147528  ,  1.01075    ])
Iter time: 164.278681993
Iter time: 320.007671118
Iter time: 552.964468956
155     , -13634.2    , array([ 0.260939   ,  0.00138311 ,  0.850471   ,  0.564649   ,  2.28467    ,  0.452481   ,  0.782034   ,  0.107581   ,  0.52564    ,  0.015115   ,  1.00996    ])
Iter time: 174.784044027
Iter time: 339.685012817
Iter time: 587.675153017
156     , -13622.4    , array([ 0.27988    ,  0.00127553 ,  0.84527    ,  0.593021   ,  2.2867     ,  0.448786   ,  0.777417   ,  0.102525   ,  0.576872   ,  0.0155728  ,  1.00994    ])
Iter time: 186.109745979
Iter time: 362.256317854
Iter time: 626.673913956
157     , -13557.9    , array([ 0.194575   ,  0.00115769 ,  0.843154   ,  0.62587    ,  2.3433     ,  0.440178   ,  0.781007   ,  0.105433   ,  0.61444    ,  0.0175984  ,  1.00928    ])
Iter time: 156.85373497
Iter time: 305.916001081
Iter time: 529.101192951
158     , -13597.6    , array([ 0.292025   ,  0.00141308 ,  0.850588   ,  0.578694   ,  2.26453    ,  0.440093   ,  0.777333   ,  0.107938   ,  0.569026   ,  0.0158953  ,  1.01032    ])
Iter time: 181.927462816
Iter time: 354.751135111
Iter time: 614.252856016
159     , -13577.7    , array([ 0.289785   ,  0.00117105 ,  0.850301   ,  0.608412   ,  2.27191    ,  0.435549   ,  0.7741     ,  0.119617   ,  0.59196    ,  0.01545    ,  1.0097     ])
Iter time: 187.19084096
Iter time: 364.560717821
Iter time: 627.563915968
160     , -13549.8    , array([ 0.206903   ,  0.0011345  ,  0.845529   ,  0.683991   ,  2.32218    ,  0.433772   ,  0.778071   ,  0.122012   ,  0.619098   ,  0.0171449  ,  1.00998    ])
Iter time: 156.998910904
Iter time: 305.655267
Iter time: 528.354171991
162     , -13558.2    , array([ 0.221739   ,  0.00144199 ,  0.844394   ,  0.528489   ,  2.31738    ,  0.447316   ,  0.782694   ,  0.106527   ,  0.579244   ,  0.0166949  ,  1.00951    ])
Iter time: 151.788589001
Iter time: 295.016288996
Iter time: 509.847853899
163     , -13540.5    , array([ 0.188647   ,  0.00147499 ,  0.847712   ,  0.55529    ,  2.33646    ,  0.440095   ,  0.783035   ,  0.113363   ,  0.573671   ,  0.0174687  ,  1.00934    ])
Iter time: 138.008607149
Iter time: 268.584295034
Iter time: 464.05587101
164     , -13479.7    , array([ 0.120852   ,  0.00161781 ,  0.848256   ,  0.533137   ,  2.40105    ,  0.432934   ,  0.789202   ,  0.120053   ,  0.578986   ,  0.0199312  ,  1.00857    ])
Iter time: 139.556683064
Iter time: 272.557050943
Iter time: 470.257194996
165     , -13530.5    , array([ 0.198877   ,  0.00167482 ,  0.838778   ,  0.50311    ,  2.13996    ,  0.450348   ,  0.78268    ,  0.103624   ,  0.552961   ,  0.0157718  ,  1.00961    ])
Iter time: 197.474747181
Iter time: 384.252705097
Iter time: 663.786381006
166     , -13499.3    , array([ 0.207304   ,  0.00102547 ,  0.846593   ,  0.654299   ,  2.30279    ,  0.421399   ,  0.783775   ,  0.123937   ,  0.620389   ,  0.0168261  ,  1.00895    ])
Iter time: 196.756317139
Iter time: 383.047130108
Iter time: 662.04724884
167     , -13456.7    , array([ 0.175354   ,  0.00101805 ,  0.849566   ,  0.651227   ,  2.31399    ,  0.417668   ,  0.782698   ,  0.132773   ,  0.627705   ,  0.0189099  ,  1.00889    ])
Iter time: 162.442764997
Iter time: 315.690125942
Iter time: 547.245985985
169     , -13456.7    , array([ 0.124378   ,  0.00131567 ,  0.843067   ,  0.573275   ,  2.34193    ,  0.426831   ,  0.789025   ,  0.115052   ,  0.600095   ,  0.0198508  ,  1.00822    ])
Iter time: 155.864183903
Iter time: 303.103206158
Iter time: 524.809336185
170     , -13399      , array([ 0.0683718  ,  0.00134356 ,  0.839829   ,  0.560876   ,  2.40582    ,  0.416045   ,  0.797501   ,  0.116948   ,  0.616773   ,  0.0238393  ,  1.00692    ])
Iter time: 172.280236006
Iter time: 334.731748104
Iter time: 579.038552999
171     , -13408      , array([ 0.153787   ,  0.0011938  ,  0.840256   ,  0.607308   ,  2.29628    ,  0.41736    ,  0.782029   ,  0.120906   ,  0.667675   ,  0.019638   ,  1.00855    ])
Iter time: 169.273439884
Iter time: 329.080990076
Iter time: 567.483825922
172     , -13362.3    , array([ 0.0711244  ,  0.00122387 ,  0.848458   ,  0.643388   ,  2.49682    ,  0.417712   ,  0.792141   ,  0.134248   ,  0.657231   ,  0.0236227  ,  1.00817    ])
Iter time: 170.477349043
Iter time: 330.378168106
Iter time: 570.799552917
173     , -13301.1    , array([ 0.0279083  ,  0.00117669 ,  0.851734   ,  0.699827   ,  2.70322    ,  0.403989   ,  0.80159    ,  0.155356   ,  0.716714   ,  0.0312959  ,  1.00722    ])
Iter time: 183.493556976
Iter time: 357.322480917
Iter time: 617.558389902
174     , -13342.4    , array([ 0.0734161  ,  0.00110915 ,  0.84004    ,  0.625847   ,  2.42541    ,  0.417317   ,  0.79273    ,  0.133218   ,  0.665686   ,  0.0226238  ,  1.00735    ])
Iter time: 158.994854927
Iter time: 308.661212921
Iter time: 533.998984098
175     , -13356.9    , array([ 0.0576394  ,  0.00132524 ,  0.83847    ,  0.598344   ,  2.44645    ,  0.418405   ,  0.79949    ,  0.122587   ,  0.6537     ,  0.0249472  ,  1.00754    ])
Iter time: 184.180222034
Iter time: 358.138818026
Iter time: 622.600046158
176     , -13286.5    , array([ 0.0589615  ,  0.00105984 ,  0.843256   ,  0.704555   ,  2.4222     ,  0.402479   ,  0.79377    ,  0.14121    ,  0.6829     ,  0.024836   ,  1.00737    ])
Iter time: 155.383820772
Iter time: 301.770149946
Iter time: 521.65409708
178     , -13290.1    , array([ 0.0540812  ,  0.00129909 ,  0.844514   ,  0.60788    ,  2.40987    ,  0.402401   ,  0.797832   ,  0.150461   ,  0.656268   ,  0.0250838  ,  1.00726    ])
Iter time: 150.298629999
Iter time: 291.534075975
Iter time: 503.34215498
179     , -13357.9    , array([ 0.039849   ,  0.00135871 ,  0.841959   ,  0.544423   ,  2.44823    ,  0.402809   ,  0.804503   ,  0.135065   ,  0.658271   ,  0.0275917  ,  1.00607    ])
Iter time: 153.185239077
Iter time: 299.183541059
Iter time: 514.776818991
181     , -13441.9    , array([ 0.124912   ,  0.00142836 ,  0.841401   ,  0.556079   ,  2.27273    ,  0.43168    ,  0.787901   ,  0.116734   ,  0.598866   ,  0.0189981  ,  1.00865    ])
Iter time: 138.14822197
Iter time: 267.808502913
Iter time: 461.968801022
182     , -13430      , array([ 0.0270793  ,  0.00153693 ,  0.840539   ,  0.56053    ,  2.52396    ,  0.408094   ,  0.803418   ,  0.138021   ,  0.673718   ,  0.0318185  ,  1.0064     ])
Iter time: 150.737898111
Iter time: 292.789537907
Iter time: 505.824513197
184     , -13406.1    , array([ 0.0889016  ,  0.00142182 ,  0.845554   ,  0.569511   ,  2.41141    ,  0.422579   ,  0.792009   ,  0.126103   ,  0.616043   ,  0.0219364  ,  1.00802    ])
Iter time: 132.417142153
Iter time: 256.591149092
Iter time: 442.130583048
185     , -13504.5    , array([ 0.0215565  ,  0.00162981 ,  0.835488   ,  0.554641   ,  2.55373    ,  0.408208   ,  0.808877   ,  0.130911   ,  0.682137   ,  0.0316689  ,  1.0059     ])
Iter time: 177.25802207
Iter time: 344.801779985
Iter time: 597.359073877
186     , -13378.3    , array([ 0.103832   ,  0.00114515 ,  0.846024   ,  0.625608   ,  2.37173    ,  0.415282   ,  0.789162   ,  0.132305   ,  0.640891   ,  0.0215117  ,  1.00814    ])
Iter time: 173.19034481
Iter time: 336.036369801
Iter time: 580.372491121
187     , -13287.9    , array([ 0.0292615  ,  0.00111588 ,  0.844436   ,  0.663607   ,  2.62033    ,  0.392186   ,  0.803769   ,  0.152327   ,  0.723856   ,  0.0322422  ,  1.00604    ])
Iter time: 151.086225986
Iter time: 294.214787006
Iter time: 507.893159866
189     , -13347.7    , array([ 0.0406044  ,  0.00137284 ,  0.841904   ,  0.588022   ,  2.48603    ,  0.409034   ,  0.799614   ,  0.136274   ,  0.668192   ,  0.0280792  ,  1.00686    ])
Iter time: 158.285162926
Iter time: 306.102601051
Iter time: 527.89730382
190     , -13466.4    , array([ 0.0189212  ,  0.00129205 ,  0.846599   ,  0.622901   ,  2.64915    ,  0.401247   ,  0.81315    ,  0.153025   ,  0.65788    ,  0.0333669  ,  1.00578    ])
Iter time: 167.943449974
Iter time: 326.60128212
Iter time: 564.823935032
191     , -13352.7    , array([ 0.0910806  ,  0.00121764 ,  0.841838   ,  0.61117    ,  2.37983    ,  0.413272   ,  0.789695   ,  0.128241   ,  0.665212   ,  0.0224208  ,  1.00785    ])
Iter time: 182.279606104
Iter time: 355.008814096
Iter time: 612.58693099
192     , -13280.9    , array([ 0.0328752  ,  0.00105469 ,  0.840622   ,  0.672822   ,  2.51663    ,  0.39469    ,  0.802477   ,  0.147167   ,  0.723043   ,  0.0299897  ,  1.00627    ])
Iter time: 181.043838024
Iter time: 351.841907978
Iter time: 609.311728001
194     , -13225.6    , array([ 0.0374181  ,  0.00106806 ,  0.846497   ,  0.706164   ,  2.54322    ,  0.397066   ,  0.797852   ,  0.16546    ,  0.743365   ,  0.0287719  ,  1.00726    ])
Iter time: 160.804713964
Iter time: 311.946458817
Iter time: 536.811782837
196     , -13387      , array([ 0.0204661  ,  0.00123734 ,  0.840384   ,  0.647194   ,  2.61273    ,  0.394565   ,  0.80789    ,  0.152323   ,  0.734946   ,  0.0336162  ,  1.00588    ])
Iter time: 172.522044897
Iter time: 336.011322975
Iter time: 580.655399799
197     , -13324.9    , array([ 0.0691843  ,  0.00116753 ,  0.844611   ,  0.630936   ,  2.42981    ,  0.410003   ,  0.793803   ,  0.137048   ,  0.663212   ,  0.0240516  ,  1.00757    ])
Iter time: 193.5870049
Iter time: 376.349101067
Iter time: 650.77773118
198     , -13285.5    , array([ 0.0589538  ,  0.0010145  ,  0.844924   ,  0.763915   ,  2.52761    ,  0.408094   ,  0.790557   ,  0.149607   ,  0.716515   ,  0.0255624  ,  1.00822    ])
Iter time: 165.828384161
Iter time: 323.353806019
Iter time: 557.271369934
200     , -13321.4    , array([ 0.0529099  ,  0.0012323  ,  0.841245   ,  0.628121   ,  2.4706     ,  0.411406   ,  0.798087   ,  0.133207   ,  0.672834   ,  0.0257684  ,  1.00737    ])
Iter time: 180.058124065
Iter time: 348.218937874
Iter time: 601.72251296
201     , -13309.6    , array([ 0.0234636  ,  0.0010807  ,  0.846117   ,  0.714941   ,  2.6336     ,  0.395636   ,  0.805283   ,  0.164512   ,  0.72246    ,  0.0324072  ,  1.00647    ])
Iter time: 162.896505117
Iter time: 317.280614138
Iter time: 548.478268862
203     , -13311      , array([ 0.0422587  ,  0.00124135 ,  0.84313    ,  0.629018   ,  2.5013     ,  0.406074   ,  0.798788   ,  0.141899   ,  0.683024   ,  0.0276914  ,  1.00699    ])
Iter time: 166.989049196
Iter time: 322.857601881
Iter time: 555.694888115
204     , -13286.3    , array([ 0.0238293  ,  0.00115939 ,  0.849264   ,  0.724094   ,  2.626      ,  0.387508   ,  0.804345   ,  0.165773   ,  0.7357     ,  0.0341984  ,  1.00684    ])
Iter time: 176.248051882
Iter time: 340.400057793
Iter time: 585.501652002
205     , -13310.4    , array([ 0.020832   ,  0.00110002 ,  0.845513   ,  0.736465   ,  2.65852    ,  0.390394   ,  0.805186   ,  0.166813   ,  0.752505   ,  0.0342943  ,  1.00649    ])
Iter time: 183.893093109
Iter time: 357.511759043
Iter time: 615.064851046
206     , -13258      , array([ 0.0229933  ,  0.0010209  ,  0.849677   ,  0.761482   ,  2.64971    ,  0.385372   ,  0.802155   ,  0.178788   ,  0.756989   ,  0.0337169  ,  1.00653    ])
Iter time: 169.452595949
Iter time: 329.444421053
Iter time: 571.068783998
208     , -13286      , array([ 0.0373446  ,  0.00116953 ,  0.844586   ,  0.665319   ,  2.53642    ,  0.40115    ,  0.799606   ,  0.149544   ,  0.701451   ,  0.0288266  ,  1.00695    ])
Iter time: 177.495733023
Iter time: 344.018470049
Iter time: 594.383605003
209     , -13291.2    , array([ 0.0581353  ,  0.0011161  ,  0.846409   ,  0.660113   ,  2.46717    ,  0.404261   ,  0.794685   ,  0.145967   ,  0.680863   ,  0.0254416  ,  1.00741    ])
Iter time: 171.842165947
Iter time: 334.561750174
Iter time: 579.028213024
210     , -13276.8    , array([ 0.0608724  ,  0.00114272 ,  0.845858   ,  0.670194   ,  2.46114    ,  0.400472   ,  0.792678   ,  0.144825   ,  0.701572   ,  0.0257642  ,  1.0076     ])
Iter time: 181.505017042
Iter time: 353.702561855
Iter time: 610.468475103
211     , -13229.2    , array([ 0.0589742  ,  0.00104393 ,  0.839222   ,  0.679303   ,  2.3572     ,  0.391569   ,  0.794713   ,  0.151415   ,  0.704457   ,  0.0257521  ,  1.00692    ])
Iter time: 175.651805878
Iter time: 340.833958864
Iter time: 588.185848951
212     , -13254.2    , array([ 0.0283849  ,  0.00108731 ,  0.843194   ,  0.723933   ,  2.5614     ,  0.389042   ,  0.801623   ,  0.162232   ,  0.746157   ,  0.0317477  ,  1.00663    ])
Iter time: 166.551198006
Iter time: 323.261546135
Iter time: 559.595795155
214     , -13269      , array([ 0.0455176  ,  0.00118664 ,  0.844597   ,  0.653412   ,  2.46814    ,  0.398867   ,  0.798161   ,  0.152685   ,  0.687935   ,  0.0269875  ,  1.00711    ])
Iter time: 182.135612965
Iter time: 354.878133059
Iter time: 612.680884123
215     , -13234.9    , array([ 0.054352   ,  0.00106473 ,  0.844953   ,  0.741276   ,  2.41218    ,  0.399792   ,  0.792238   ,  0.15767    ,  0.711795   ,  0.0253156  ,  1.00808    ])
Iter time: 170.980077028
Iter time: 332.974498987
Iter time: 705.815623045
216     , -13244      , array([ 0.0265776  ,  0.00112197 ,  0.846444   ,  0.704673   ,  2.60753    ,  0.389094   ,  0.801936   ,  0.173526   ,  0.76019    ,  0.0329794  ,  1.00689    ])
Iter time: 191.150024891
Iter time: 371.936225176
Iter time: 644.441274881
217     , -13263.8    , array([ 0.06708    ,  0.00101954 ,  0.839948   ,  0.682278   ,  2.40207    ,  0.404426   ,  0.790961   ,  0.149048   ,  0.709847   ,  0.0237931  ,  1.00742    ])
Iter time: 174.54161191
Iter time: 339.345546007
Iter time: 585.848905087
219     , -13261.7    , array([ 0.0396828  ,  0.00112061 ,  0.844378   ,  0.684622   ,  2.51772    ,  0.398652   ,  0.79822    ,  0.153295   ,  0.71236    ,  0.0284265  ,  1.00706    ])
Iter time: 164.779608011
Iter time: 318.440718889
Iter time: 549.193315983
220     , -13285.9    , array([ 0.0280662  ,  0.00115717 ,  0.843318   ,  0.636861   ,  2.46925    ,  0.38296    ,  0.804577   ,  0.165787   ,  0.72966    ,  0.0313392  ,  1.00592    ])
Iter time: 186.221066952
Iter time: 361.527832031
Iter time: 623.982012033
221     , -13252.3    , array([ 0.04897    ,  0.00104843 ,  0.844523   ,  0.729953   ,  2.51289    ,  0.40166    ,  0.794039   ,  0.153497   ,  0.719779   ,  0.0268982  ,  1.00765    ])
Iter time: 174.824504852
Iter time: 340.869199038
Iter time: 586.76008606
222     , -13222.2    , array([ 0.0541119  ,  0.00111188 ,  0.848348   ,  0.73388    ,  2.47935    ,  0.397228   ,  0.791104   ,  0.169831   ,  0.722478   ,  0.0261896  ,  1.00812    ])
Iter time: 171.180356979
Iter time: 332.673358917
Iter time: 574.516743898
223     , -13231.3    , array([ 0.0694232  ,  0.00114162 ,  0.852238   ,  0.766456   ,  2.46092    ,  0.398503   ,  0.785478   ,  0.182439   ,  0.722196   ,  0.0244741  ,  1.00904    ])
Iter time: 186.098454952
Iter time: 361.300421953
Iter time: 622.743289948
224     , -13228.8    , array([ 0.0286052  ,  0.00102112 ,  0.843548   ,  0.749019   ,  2.53866    ,  0.390914   ,  0.800594   ,  0.177648   ,  0.748574   ,  0.0305756  ,  1.00689    ])
Iter time: 173.558558941
Iter time: 338.418426991
Iter time: 582.381211042
226     , -13248      , array([ 0.0426713  ,  0.00112447 ,  0.844602   ,  0.684641   ,  2.487      ,  0.396899   ,  0.797504   ,  0.157575   ,  0.708791   ,  0.0276786  ,  1.00717    ])
Iter time: 167.920724869
Iter time: 325.752576113
Iter time: 562.083184004
227     , -13272      , array([ 0.0219722  ,  0.00113368 ,  0.850145   ,  0.754724   ,  2.631      ,  0.384362   ,  0.803979   ,  0.179237   ,  0.751096   ,  0.0348131  ,  1.00698    ])
Iter time: 184.703463793
Iter time: 359.929046154
Iter time: 621.517617941
228     , -13239.2    , array([ 0.0507473  ,  0.00104695 ,  0.842486   ,  0.69971    ,  2.45737    ,  0.399314   ,  0.794196   ,  0.156082   ,  0.719942   ,  0.0261682  ,  1.00731    ])
Iter time: 185.903633833
Iter time: 361.099447966
Iter time: 623.198834896
229     , -13190.9    , array([ 0.0388405  ,  0.00101875 ,  0.845339   ,  0.755127   ,  2.49911    ,  0.390047   ,  0.795936   ,  0.174843   ,  0.749888   ,  0.0287035  ,  1.00738    ])
Iter time: 176.843953848
Iter time: 344.298575878
Iter time: 594.35559392
231     , -13256.2    , array([ 0.0737367  ,  0.00111782 ,  0.839286   ,  0.677875   ,  2.34949    ,  0.404374   ,  0.790911   ,  0.149305   ,  0.704469   ,  0.0235017  ,  1.00807    ])
Iter time: 178.331747055
Iter time: 346.818392992
Iter time: 599.141980171
232     , -13233.5    , array([ 0.0551014  ,  0.00109276 ,  0.841872   ,  0.697874   ,  2.42119    ,  0.399538   ,  0.793707   ,  0.156186   ,  0.717247   ,  0.0257209  ,  1.00768    ])
Iter time: 185.294886112
Iter time: 361.369627953
Iter time: 625.762965918
233     , -13242.3    , array([ 0.0673869  ,  0.0010505  ,  0.845498   ,  0.708298   ,  2.40574    ,  0.402503   ,  0.79001    ,  0.16341    ,  0.709579   ,  0.0240221  ,  1.00815    ])
Iter time: 174.670737982
Iter time: 339.949141026
Iter time: 586.886594057
234     , -13196.1    , array([ 0.0413943  ,  0.00108985 ,  0.844345   ,  0.69862    ,  2.43283    ,  0.390007   ,  0.796818   ,  0.174685   ,  0.733678   ,  0.027776   ,  1.00723    ])
Iter time: 187.814728975
Iter time: 364.947820187
Iter time: 630.796706915
235     , -13185.4    , array([ 0.0472427  ,  0.00101039 ,  0.844219   ,  0.7476     ,  2.44833    ,  0.39343    ,  0.793232   ,  0.173383   ,  0.749741   ,  0.0270102  ,  1.00773    ])
Iter time: 176.691943169
Iter time: 342.281331062
Iter time: 591.581454992
238     , -13218      , array([ 0.0354594  ,  0.00108838 ,  0.845326   ,  0.711941   ,  2.52934    ,  0.392313   ,  0.798248   ,  0.169352   ,  0.743953   ,  0.0297576  ,  1.0072     ])
Iter time: 177.729985952
Iter time: 345.131777048
Iter time: 593.648521185
239     , -13232.3    , array([ 0.0295541  ,  0.00106799 ,  0.842889   ,  0.731124   ,  2.5251     ,  0.386927   ,  0.800678   ,  0.168257   ,  0.753479   ,  0.0312033  ,  1.00672    ])
Iter time: 175.941218853
Iter time: 342.302041054
Iter time: 590.815207005
240     , -13190.4    , array([ 0.0355705  ,  0.0010755  ,  0.845977   ,  0.746031   ,  2.48431    ,  0.387788   ,  0.797636   ,  0.178579   ,  0.748807   ,  0.0295755  ,  1.00745    ])
Iter time: 177.302435875
Iter time: 345.028057098
Iter time: 595.621319056
241     , -13202      , array([ 0.0307476  ,  0.00105947 ,  0.843693   ,  0.705016   ,  2.54443    ,  0.385184   ,  0.800595   ,  0.180828   ,  0.76439    ,  0.0314485  ,  1.00657    ])
Iter time: 181.958956003
Iter time: 354.155953884
Iter time: 607.956313848
242     , -13206.4    , array([ 0.0272772  ,  0.00102651 ,  0.847113   ,  0.750251   ,  2.55795    ,  0.382874   ,  0.800369   ,  0.187474   ,  0.76741    ,  0.0321053  ,  1.00676    ])
Iter time: 183.342476845
Iter time: 356.367827892
Iter time: 615.84971714
243     , -13194.1    , array([ 0.0501202  ,  0.00104278 ,  0.84686    ,  0.719501   ,  2.45846    ,  0.394596   ,  0.793345   ,  0.17748    ,  0.732946   ,  0.0266019  ,  1.00774    ])
Iter time: 179.334436178
Iter time: 347.742288113
Iter time: 599.987318993
244     , -13194      , array([ 0.0243851  ,  0.00106659 ,  0.851962   ,  0.782526   ,  2.6538     ,  0.390465   ,  0.79905    ,  0.202999   ,  0.789621   ,  0.0324238  ,  1.00769    ])
Iter time: 173.610420942
Iter time: 338.302675009
Iter time: 585.236128092
245     , -13184.9    , array([ 0.0488357  ,  0.00109909 ,  0.849124   ,  0.71536    ,  2.48407    ,  0.391037   ,  0.792902   ,  0.177272   ,  0.750333   ,  0.0276017  ,  1.00786    ])
Iter time: 168.028370857
Iter time: 326.649004936
Iter time: 565.277822971
246     , -13193.6    , array([ 0.0638092  ,  0.00114028 ,  0.851926   ,  0.699102   ,  2.45721    ,  0.391098   ,  0.789083   ,  0.177084   ,  0.751214   ,  0.026225   ,  1.00835    ])
Iter time: 177.175129175
Iter time: 343.945829868
Iter time: 593.591678143
247     , -13154.1    , array([ 0.0391859  ,  0.00105627 ,  0.846643   ,  0.760561   ,  2.46902    ,  0.383909   ,  0.794727   ,  0.192731   ,  0.756874   ,  0.0291115  ,  1.0076     ])
Iter time: 174.831562042
Iter time: 339.361288071
Iter time: 586.731595039
248     , -13117.5    , array([ 0.0401008  ,  0.00105043 ,  0.846715   ,  0.78931    ,  2.43274    ,  0.377494   ,  0.79317    ,  0.208008   ,  0.76372    ,  0.0292829  ,  1.00777    ])
Iter time: 184.499690056
Iter time: 356.64914012
Iter time: 615.038544893
249     , -13201.6    , array([ 0.02566    ,  0.00100421 ,  0.844499   ,  0.74159    ,  2.5239     ,  0.380214   ,  0.801886   ,  0.194822   ,  0.786655   ,  0.0326377  ,  1.00668    ])
Iter time: 183.178647041
Iter time: 357.097695112
Iter time: 615.715711832
250     , -13138.5    , array([ 0.0369213  ,  0.00101098 ,  0.847368   ,  0.770135   ,  2.47305    ,  0.38279    ,  0.795367   ,  0.200414   ,  0.771739   ,  0.0292109  ,  1.0075     ])
Iter time: 178.781458855
Iter time: 347.768344164
Iter time: 600.088170052
251     , -13168.2    , array([ 0.0507124  ,  0.00106896 ,  0.845627   ,  0.734294   ,  2.43042    ,  0.392212   ,  0.792356   ,  0.183251   ,  0.748915   ,  0.0266137  ,  1.00807    ])
Iter time: 183.291025877
Iter time: 356.689127922
Iter time: 613.041644096
252     , -13157.9    , array([ 0.0492734  ,  0.00103739 ,  0.849409   ,  0.787209   ,  2.42306    ,  0.391143   ,  0.790643   ,  0.190447   ,  0.749084   ,  0.0263574  ,  1.00854    ])
Iter time: 176.151252985
Iter time: 343.32151103
Iter time: 594.124969959
253     , -13221.8    , array([ 0.0664792  ,  0.00110095 ,  0.849492   ,  0.756552   ,  2.42473    ,  0.398304   ,  0.787346   ,  0.176038   ,  0.721434   ,  0.024429   ,  1.00877    ])
Iter time: 182.110849857
Iter time: 353.414989948
Iter time: 609.608864069
254     , -13172.7    , array([ 0.0325547  ,  0.00102757 ,  0.845745   ,  0.745303   ,  2.49873    ,  0.384658   ,  0.798226   ,  0.189946   ,  0.769817   ,  0.0303576  ,  1.0072     ])
Iter time: 186.194106102
Iter time: 363.477227926
Iter time: 625.025105
255     , -13139.1    , array([ 0.0394488  ,  0.00100364 ,  0.849903   ,  0.812586   ,  2.52775    ,  0.387329   ,  0.792609   ,  0.199345   ,  0.780319   ,  0.0291726  ,  1.00821    ])
Iter time: 178.011126041
Iter time: 345.941401005
Iter time: 599.084990025
256     , -13145.8    , array([ 0.0311929  ,  0.00104169 ,  0.847933   ,  0.806651   ,  2.51406    ,  0.381532   ,  0.795944   ,  0.200393   ,  0.790044   ,  0.0309753  ,  1.00779    ])
Iter time: 182.142554045
Iter time: 354.460833073
Iter time: 614.052061796
257     , -13164.6    , array([ 0.067048   ,  0.00101406 ,  0.842128   ,  0.74579    ,  2.30622    ,  0.38395    ,  0.789702   ,  0.174791   ,  0.73341    ,  0.0252032  ,  1.00786    ])
Iter time: 176.128601789
Iter time: 342.320284128
Iter time: 592.651852846
258     , -13119      , array([ 0.0464873  ,  0.00106079 ,  0.848139   ,  0.771103   ,  2.41346    ,  0.383262   ,  0.791659   ,  0.202928   ,  0.769157   ,  0.0278045  ,  1.00826    ])
Iter time: 185.585637093
Iter time: 359.949984074
Iter time: 623.274381876
259     , -13121.7    , array([ 0.0532923  ,  0.00100231 ,  0.847893   ,  0.785211   ,  2.41511    ,  0.384672   ,  0.788892   ,  0.203354   ,  0.774032   ,  0.0266834  ,  1.00833    ])
Iter time: 173.67455101
Iter time: 337.069861174
Iter time: 583.372673988
260     , -13100.4    , array([ 0.0410142  ,  0.00106534 ,  0.850329   ,  0.790586   ,  2.44451    ,  0.377607   ,  0.792481   ,  0.215608   ,  0.777562   ,  0.0291532  ,  1.00817    ])
Iter time: 166.752083063
Iter time: 323.584197044
Iter time: 558.425245047
261     , -13059.8    , array([ 0.038215   ,  0.00109393 ,  0.853401   ,  0.812997   ,  2.4426     ,  0.369935   ,  0.792106   ,  0.240433   ,  0.791857   ,  0.0302876  ,  1.00839    ])
Iter time: 177.728368044
Iter time: 344.646450996
Iter time: 595.60223484
263     , -13157.3    , array([ 0.0458506  ,  0.00106762 ,  0.84839    ,  0.745921   ,  2.46329    ,  0.387249   ,  0.792843   ,  0.187717   ,  0.758755   ,  0.0279482  ,  1.00793    ])
Iter time: 176.785013914
Iter time: 343.518172979
Iter time: 592.748489857
264     , -13122.6    , array([ 0.0605806  ,  0.00105393 ,  0.850054   ,  0.811809   ,  2.38169    ,  0.38281    ,  0.786411   ,  0.207574   ,  0.762727   ,  0.0259866  ,  1.00892    ])
Iter time: 180.23845005
Iter time: 347.748692989
Iter time: 600.827733994
265     , -13086      , array([ 0.0401673  ,  0.00101052 ,  0.850979   ,  0.839153   ,  2.43963    ,  0.373784   ,  0.791153   ,  0.220089   ,  0.786623   ,  0.029514   ,  1.0082     ])
Iter time: 175.789973021
Iter time: 340.652745008
Iter time: 587.390947104
266     , -13102.1    , array([ 0.0276786  ,  0.00106455 ,  0.856141   ,  0.844128   ,  2.59745    ,  0.379969   ,  0.794077   ,  0.240616   ,  0.813549   ,  0.0320735  ,  1.00847    ])
Iter time: 173.782451153
Iter time: 337.733168125
Iter time: 580.932307959
267     , -13079      , array([ 0.0339139  ,  0.00104551 ,  0.850022   ,  0.809929   ,  2.50363    ,  0.37102    ,  0.793757   ,  0.230426   ,  0.808572   ,  0.0317831  ,  1.00777    ])
Iter time: 178.601536036
Iter time: 345.53903389
Iter time: 596.988816977
268     , -13060.4    , array([ 0.0345011  ,  0.00101205 ,  0.85134    ,  0.867651   ,  2.47003    ,  0.371846   ,  0.791721   ,  0.242655   ,  0.807548   ,  0.030683   ,  1.00836    ])
Iter time: 176.595886946
Iter time: 343.656508923
Iter time: 593.061545849
269     , -13070.7    , array([ 0.0516515  ,  0.00103181 ,  0.852421   ,  0.813033   ,  2.41238    ,  0.375657   ,  0.787873   ,  0.235353   ,  0.778663   ,  0.0276368  ,  1.0086     ])
Iter time: 167.105331898
Iter time: 324.522194862
Iter time: 560.643090963
270     , -13043.7    , array([ 0.042893   ,  0.00107633 ,  0.850902   ,  0.807176   ,  2.37903    ,  0.367982   ,  0.790327   ,  0.243843   ,  0.788062   ,  0.0290576  ,  1.00826    ])
Iter time: 158.289731026
Iter time: 307.101782799
Iter time: 530.940290213
271     , -12994.7    , array([ 0.0447262  ,  0.00111462 ,  0.851401   ,  0.804484   ,  2.30798    ,  0.358675   ,  0.789188   ,  0.269689   ,  0.791963   ,  0.0290003  ,  1.00828    ])
Iter time: 165.578781128
Iter time: 321.548165083
Iter time: 555.191821098
272     , -13026.2    , array([ 0.0474554  ,  0.00108764 ,  0.854184   ,  0.858453   ,  2.4013     ,  0.367966   ,  0.78647    ,  0.255994   ,  0.80058    ,  0.0289812  ,  1.00911    ])
Iter time: 170.511799097
Iter time: 330.41092205
Iter time: 570.338276148
273     , -13075.2    , array([ 0.0276661  ,  0.00104931 ,  0.852237   ,  0.822698   ,  2.49713    ,  0.365311   ,  0.795438   ,  0.256768   ,  0.817205   ,  0.0332296  ,  1.00773    ])
Iter time: 160.4416821
Iter time: 310.049299955
Iter time: 535.105489969
274     , -13050.1    , array([ 0.0279158  ,  0.00111259 ,  0.855203   ,  0.85781    ,  2.47758    ,  0.360145   ,  0.794128   ,  0.27345    ,  0.813256   ,  0.0336789  ,  1.00821    ])
