==========================================
SLURM_JOB_ID = 18981514
SLURM_NODELIST = c8-74
==========================================
Module slurm/17.11.5 loaded 
Module openmpi/3.0.1 loaded 
Module gcc/7.3.0 loaded 
Module python/2.7.6 loaded 
Module numpy/1.11.1 loaded 
Module dadi/1.7.0 loaded 
Module matplotlib/2.0 loaded 
Module scipy/0.18.0 loaded 
Beginning. Call:
/home/hemstrow/monarch/github/F-H_2018/DADI/demographic_models/run_3d_mods.py /home/hemstrow/monarch/github/F-H_2018/Data/dadi_inputs/ dadi_snps_10kgap.txt 1st_folded_optim_10kgap_snps_dadi_out.txt lgrowth_p2 10 [NAM,GUA,HAW] True 3 [0.1,0.1,0.5,1,5,5,.1,.1,.1,.1,2] [1,1,5,10,20,20,10,10,10,10,4] [1e-3,1e-3,1e-3,1e-3,0.01,0.01,0.01,0.01,0.01,0.01,1] [150,15,15] fmin

Ready to begin run. Parameters:

Model:
lgrowth_p2
Maxiters:
10
Pops:
['NAM', 'GUA', 'HAW']
Projection:
[150, 15, 15]
Number of segregating sites in projected sfs:
9454.98941724
Folding spectra:
True
Level of parm folding:
3
Optimizer:
fmin
p0:
[  0.04007071   0.10507344   1.75504206   0.1782808   19.8          6.5099254
   0.61068276   0.05721647   0.05827983   0.61215043   1.01      ]
Upper Bounds:
[1.0, 1.0, 5.0, 10.0, 20.0, 20.0, 10.0, 10.0, 10.0, 10.0, 4.0]
Lower Bounds:
[0.001, 0.001, 0.001, 0.001, 0.01, 0.01, 0.01, 0.01, 0.01, 0.01, 1.0]

Beginning optimization ************************************************
optimize_log_fmin.
Iter time: 166.783371925
Iter time: 322.879728079
Iter time: 540.628090858
1       , -21337      , array([ 0.0400707  ,  0.105073   ,  1.75504    ,  0.178281   ,  19.8       ,  6.50993    ,  0.610683   ,  0.0572165  ,  0.0582798  ,  0.61215    ,  1.01       ])
Iter time: 165.109370947
Iter time: 314.921566963
Iter time: 540.980760098
2       , -21337      , array([ 0.0341168  ,  0.105073   ,  1.75504    ,  0.178281   ,  19.8       ,  6.50993    ,  0.610683   ,  0.0572165  ,  0.0582798  ,  0.61215    ,  1.01       ])
Iter time: 168.214951992
Iter time: 327.999655962
Iter time: 548.477087021
3       , -21322.2    , array([ 0.0400707  ,  0.0938788  ,  1.75504    ,  0.178281   ,  19.8       ,  6.50993    ,  0.610683   ,  0.0572165  ,  0.0582798  ,  0.61215    ,  1.01       ])
Iter time: 165.198781967
Iter time: 313.307496786
Iter time: 547.225581884
4       , -21361.7    , array([ 0.0400707  ,  0.105073   ,  1.8051     ,  0.178281   ,  19.8       ,  6.50993    ,  0.610683   ,  0.0572165  ,  0.0582798  ,  0.61215    ,  1.01       ])
Iter time: 178.776690006
Iter time: 337.251874924
Iter time: 576.606653214
5       , -21348      , array([ 0.0400707  ,  0.105073   ,  1.75504    ,  0.163553   ,  19.8       ,  6.50993    ,  0.610683   ,  0.0572165  ,  0.0582798  ,  0.61215    ,  1.01       ])
Iter time: 182.398164988
Iter time: 353.832177877
Iter time: 588.428907871
7       , -21579.6    , array([ 0.0400707  ,  0.105073   ,  1.75504    ,  0.178281   ,  19.8       ,  7.14916    ,  0.610683   ,  0.0572165  ,  0.0582798  ,  0.61215    ,  1.01       ])
Iter time: 169.51492691
Iter time: 316.93507719
Iter time: 541.55779314
8       , -21373.9    , array([ 0.0400707  ,  0.105073   ,  1.75504    ,  0.178281   ,  19.8       ,  6.50993    ,  0.595808   ,  0.0572165  ,  0.0582798  ,  0.61215    ,  1.01       ])
Iter time: 170.281630993
Iter time: 332.586959124
Iter time: 549.426800013
9       , -21597.4    , array([ 0.0400707  ,  0.105073   ,  1.75504    ,  0.178281   ,  19.8       ,  6.50993    ,  0.610683   ,  0.0495903  ,  0.0582798  ,  0.61215    ,  1.01       ])
Iter time: 168.595731974
Iter time: 322.383326054
Iter time: 543.113237858
10      , -21406.5    , array([ 0.0400707  ,  0.105073   ,  1.75504    ,  0.178281   ,  19.8       ,  6.50993    ,  0.610683   ,  0.0572165  ,  0.0505585  ,  0.61215    ,  1.01       ])
Iter time: 166.34012413
Iter time: 324.517946959
Iter time: 538.930344105
11      , -21341.6    , array([ 0.0400707  ,  0.105073   ,  1.75504    ,  0.178281   ,  19.8       ,  6.50993    ,  0.610683   ,  0.0572165  ,  0.0582798  ,  0.597312   ,  1.01       ])
Iter time: 169.2050879
Iter time: 319.38640213
Iter time: 547.535039186
12      , -21337      , array([ 0.0400707  ,  0.105073   ,  1.75504    ,  0.178281   ,  19.8       ,  6.50993    ,  0.610683   ,  0.0572165  ,  0.0582798  ,  0.61215    ,  1.0105     ])
Iter time: 172.667762041
Iter time: 332.05203104
Iter time: 564.832086802
13      , -21453.9    , array([ 0.0389158  ,  0.102943   ,  1.76404    ,  0.175508   ,  17.0542    ,  6.62174    ,  0.607951   ,  0.0557475  ,  0.0567931  ,  0.609425   ,  1.01009    ])
Iter time: 172.14717412
Iter time: 146883.403126
Iter time: 579.841753006
14      , -21150.1    , array([ 0.0387094  ,  0.10256    ,  1.76568    ,  0.175008   ,  19.2698    ,  6.64228    ,  0.607456   ,  0.0657039  ,  0.0565269  ,  0.608931   ,  1.01011    ])
Iter time: 173.604115963
Iter time: 334.636705875
Iter time: 578.595030069
15      , -20903.5    , array([ 0.0380461  ,  0.101327   ,  1.77102    ,  0.173395   ,  19.0101    ,  6.70946    ,  0.605848   ,  0.075629   ,  0.0556703  ,  0.607328   ,  1.01016    ])
Iter time: 164.041513205
Iter time: 299.387804985
Iter time: 511.765473843
16      , -21068.3    , array([ 0.0383462  ,  0.101886   ,  1.76859    ,  0.174126   ,  19.1277    ,  5.97896    ,  0.606578   ,  0.0599098  ,  0.0560581  ,  0.608056   ,  1.01014    ])
Iter time: 172.534749985
Iter time: 320.138744831
Iter time: 561.582366943
18      , -21371.2    , array([ 0.0390309  ,  0.103156   ,  1.76313    ,  0.175786   ,  18.3131    ,  6.54923    ,  0.608226   ,  0.0573177  ,  0.0569416  ,  0.6097     ,  1.01008    ])
Iter time: 170.678229094
Iter time: 322.182704926
Iter time: 550.205519915
19      , -21159.3    , array([ 0.0380612  ,  0.101355   ,  1.7709     ,  0.173431   ,  19.2557    ,  6.45234    ,  0.605885   ,  0.0607188  ,  0.0658752  ,  0.607364   ,  1.01016    ])
Iter time: 171.347832918
Iter time: 319.843837976
Iter time: 570.798196077
20      , -21156.6    , array([ 0.0377068  ,  0.100693   ,  1.7738     ,  0.172564   ,  19.1583    ,  6.44192    ,  0.622908   ,  0.0613783  ,  0.0584347  ,  0.606498   ,  1.01019    ])
Iter time: 165.348689795
Iter time: 320.244636774
Iter time: 548.830166101
22      , -21308.4    , array([ 0.0388897  ,  0.102895   ,  1.76425    ,  0.175445   ,  18.9246    ,  6.50754    ,  0.609377   ,  0.0584628  ,  0.0577129  ,  0.609363   ,  1.01009    ])
Iter time: 170.374215841
Iter time: 329.303194046
Iter time: 571.13609004
23      , -21119      , array([ 0.0372676  ,  0.09987    ,  1.71933    ,  0.171484   ,  19.158     ,  6.42217    ,  0.610139   ,  0.0623908  ,  0.0586061  ,  0.605415   ,  1.01023    ])
Iter time: 156.356381893
Iter time: 302.731076002
Iter time: 524.056515217
24      , -21096.8    , array([ 0.0367794  ,  0.098952   ,  1.76177    ,  0.188541   ,  19.0435    ,  6.40634    ,  0.61004    ,  0.0633807  ,  0.0586657  ,  0.604199   ,  1.01027    ])
Iter time: 168.205524921
Iter time: 325.813225031
Iter time: 544.608952045
25      , -21051.8    , array([ 0.0362107  ,  0.097878   ,  1.763      ,  0.174735   ,  18.9091    ,  6.38769    ,  0.609924   ,  0.0645708  ,  0.0587361  ,  0.620501   ,  1.01032    ])
Iter time: 170.404987097
Iter time: 324.606229782
Iter time: 547.078567028
26      , -21004.5    , array([ 0.0429932  ,  0.0966237  ,  1.76445    ,  0.174098   ,  18.7515    ,  6.36571    ,  0.609786   ,  0.0660062  ,  0.0588194  ,  0.606953   ,  1.01037    ])
Iter time: 167.852107048
Iter time: 323.789656878
Iter time: 548.864286184
27      , -20944      , array([ 0.0370766  ,  0.095162   ,  1.76617    ,  0.173348   ,  18.5669    ,  6.33984    ,  0.609623   ,  0.0677437  ,  0.0589181  ,  0.606013   ,  1.00985    ])
Iter time: 171.384007931
Iter time: 323.237921
Iter time: 552.523162127
28      , -20871      , array([ 0.0365567  ,  0.0934631  ,  1.7682     ,  0.172466   ,  18.3511    ,  6.30939    ,  0.60943    ,  0.0698562  ,  0.0590349  ,  0.604903   ,  1.01032    ])
Iter time: 171.724066973
Iter time: 326.185095072
Iter time: 558.907052994
29      , -20631.7    , array([ 0.034917   ,  0.0881482  ,  1.77481    ,  0.16963    ,  17.6668    ,  6.21146    ,  0.608805   ,  0.0771874  ,  0.059416   ,  0.601312   ,  1.01048    ])
Iter time: 167.513264179
Iter time: 314.798810005
Iter time: 535.454596043
30      , -20759.4    , array([ 0.035653   ,  0.103417   ,  1.7718     ,  0.170913   ,  17.9746    ,  6.25578    ,  0.609089   ,  0.0737642  ,  0.0592425  ,  0.602942   ,  1.01041    ])
Iter time: 165.383920908
Iter time: 316.699755907
Iter time: 544.60235405
31      , -20674.4    , array([ 0.0361599  ,  0.0944421  ,  1.76393    ,  0.172852   ,  18.6308    ,  6.21334    ,  0.610342   ,  0.0753086  ,  0.0601096  ,  0.604534   ,  1.01038    ])
Iter time: 169.042935133
Iter time: 313.982660055
Iter time: 544.753549099
32      , -20720.3    , array([ 0.0366044  ,  0.0946537  ,  1.75604    ,  0.174752   ,  18.201     ,  6.22364    ,  0.614678   ,  0.0754058  ,  0.051792   ,  0.606008   ,  1.01035    ])
Iter time: 165.116191149
Iter time: 308.818865061
Iter time: 530.861129045
33      , -20655.1    , array([ 0.0367497  ,  0.0942105  ,  1.74997    ,  0.176033   ,  18.1238    ,  6.19476    ,  0.596436   ,  0.0774402  ,  0.0571195  ,  0.606785   ,  1.01035    ])
Iter time: 164.414574862
Iter time: 313.71461606
Iter time: 524.535486937
34      , -20608.9    , array([ 0.0370882  ,  0.0939845  ,  1.81122    ,  0.177988   ,  17.9421    ,  6.17321    ,  0.606408   ,  0.0792361  ,  0.056687   ,  0.60812    ,  1.01033    ])
Iter time: 156.775559902
Iter time: 301.133738995
Iter time: 526.417109013
35      , -20345.9    , array([ 0.0369989  ,  0.0911731  ,  1.85898    ,  0.181331   ,  17.3635    ,  6.05237    ,  0.604551   ,  0.0892945  ,  0.0557512  ,  0.609477   ,  1.01038    ])
Iter time: 175.205085039
Iter time: 326.176756859
Iter time: 563.178421974
36      , -20500.1    , array([ 0.0376212  ,  0.0934548  ,  1.78493    ,  0.160741   ,  17.7494    ,  6.12484    ,  0.60551    ,  0.0830145  ,  0.0561073  ,  0.610309   ,  1.01031    ])
Iter time: 181.880135059
Iter time: 344.502694845
Iter time: 584.69165206
37      , -20380.6    , array([ 0.0359591  ,  0.0893497  ,  1.78102    ,  0.171535   ,  17.4326    ,  6.59147    ,  0.608771   ,  0.0931899  ,  0.0587265  ,  0.606845   ,  1.01047    ])
Iter time: 170.076469183
Iter time: 319.480368853
Iter time: 544.263036966
38      , -20302.8    , array([ 0.0380314  ,  0.0914792  ,  1.78997    ,  0.170364   ,  17.3754    ,  6.20504    ,  0.605224   ,  0.0924272  ,  0.0560473  ,  0.592273   ,  1.01032    ])
Iter time: 170.674636126
Iter time: 322.537117958
Iter time: 556.62973094
39      , -19902.8    , array([ 0.0389758  ,  0.0884384  ,  1.80361    ,  0.16822    ,  16.6559    ,  6.11568    ,  0.602888   ,  0.110581   ,  0.0547494  ,  0.578645   ,  1.01033    ])
Iter time: 169.369915009
Iter time: 326.855149984
Iter time: 546.400840044
40      , -20147.6    , array([ 0.0314654  ,  0.0911873  ,  1.79565    ,  0.169923   ,  17.148     ,  6.18126    ,  0.60411    ,  0.0993107  ,  0.055243   ,  0.600258   ,  1.01026    ])
Iter time: 166.790257931
Iter time: 319.154408932
Iter time: 549.184895039
41      , -20059.4    , array([ 0.0354141  ,  0.0918724  ,  1.79932    ,  0.17004    ,  17.07      ,  6.17797    ,  0.603274   ,  0.103733   ,  0.0545084  ,  0.600147   ,  1.01086    ])
Iter time: 162.924220085
Iter time: 303.173994064
Iter time: 518.521498919
42      , -19983.7    , array([ 0.0340647  ,  0.08476    ,  1.79956    ,  0.169392   ,  16.3489    ,  5.75069    ,  0.606563   ,  0.098412   ,  0.0574676  ,  0.597554   ,  1.01067    ])
Iter time: 170.266011953
Iter time: 322.318985939
Iter time: 550.340682983
43      , -19955.6    , array([ 0.0360512  ,  0.0800964  ,  1.80386    ,  0.171572   ,  16.9952    ,  6.07405    ,  0.60288    ,  0.10633    ,  0.0537046  ,  0.600919   ,  1.01047    ])
Iter time: 168.297224045
Iter time: 325.486804962
Iter time: 550.418245077
44      , -19867.3    , array([ 0.0350171  ,  0.0848948  ,  1.82897    ,  0.167244   ,  16.5759    ,  6.07846    ,  0.595297   ,  0.110721   ,  0.0618366  ,  0.596962   ,  1.01055    ])
Iter time: 171.698621988
Iter time: 329.659315109
Iter time: 557.858904123
45      , -19423.4    , array([ 0.0342494  ,  0.0803994  ,  1.86656    ,  0.163611   ,  15.8186    ,  6.00714    ,  0.585837   ,  0.134167   ,  0.0675673  ,  0.59249    ,  1.01066    ])
Iter time: 174.063528061
Iter time: 331.665739059
Iter time: 552.556499958
46      , -19660      , array([ 0.0350995  ,  0.0826308  ,  1.8396     ,  0.167402   ,  15.7189    ,  6.0513     ,  0.595076   ,  0.123138   ,  0.0544251  ,  0.596233   ,  1.01058    ])
Iter time: 174.556068897
Iter time: 332.542567968
Iter time: 564.278361082
47      , -19506      , array([ 0.0342489  ,  0.080882   ,  1.8712     ,  0.16288    ,  15.7457    ,  6.04364    ,  0.608698   ,  0.130285   ,  0.0567732  ,  0.592129   ,  1.01065    ])
Iter time: 170.10856986
Iter time: 325.15257287
Iter time: 548.595785856
48      , -19295.9    , array([ 0.03592    ,  0.085103   ,  1.86283    ,  0.167786   ,  15.8184    ,  5.99746    ,  0.596312   ,  0.143763   ,  0.0541291  ,  0.595849   ,  1.01054    ])
Iter time: 162.510240078
Iter time: 311.034813881
Iter time: 540.276055098
49      , -18549.8    , array([ 0.0364323  ,  0.08362    ,  1.90846    ,  0.166871   ,  14.968     ,  5.89324    ,  0.590162   ,  0.1962     ,  0.0516648  ,  0.593136   ,  1.01057    ])
Iter time: 164.156255007
Iter time: 315.01157403
Iter time: 536.018225193
50      , -19091.4    , array([ 0.0331441  ,  0.0786642  ,  1.87495    ,  0.178273   ,  15.2643    ,  6.0398     ,  0.596764   ,  0.1563     ,  0.0564679  ,  0.584027   ,  1.01076    ])
Iter time: 156.641649008
Iter time: 300.697384119
Iter time: 509.497958899
51      , -19029.4    , array([ 0.034166   ,  0.0803948  ,  1.89671    ,  0.168229   ,  15.1709    ,  5.52373    ,  0.591422   ,  0.15296    ,  0.0535661  ,  0.583282   ,  1.01065    ])
Iter time: 178.743267059
Iter time: 342.507008076
Iter time: 579.874516964
52      , -18760.5    , array([ 0.0327283  ,  0.0770052  ,  1.82381    ,  0.156986   ,  14.8621    ,  5.9166     ,  0.593178   ,  0.176045   ,  0.0560161  ,  0.576143   ,  1.01079    ])
Iter time: 170.163834095
Iter time: 327.639134884
Iter time: 547.757189035
53      , -18745.6    , array([ 0.0387601  ,  0.0746628  ,  1.89348    ,  0.165131   ,  14.6624    ,  5.74732    ,  0.591643   ,  0.175653   ,  0.0566745  ,  0.580646   ,  1.01101    ])
Iter time: 168.626484156
Iter time: 322.081931114
Iter time: 547.161132097
54      , -18599.6    , array([ 0.0350084  ,  0.0713633  ,  1.90723    ,  0.16414    ,  14.3278    ,  5.67533    ,  0.590369   ,  0.185065   ,  0.0578467  ,  0.577276   ,  1.01044    ])
Iter time: 178.990731955
Iter time: 338.536667824
Iter time: 577.508357048
55      , -18322.3    , array([ 0.0365764  ,  0.0749695  ,  1.92723    ,  0.163828   ,  14.6051    ,  6.08241    ,  0.584287   ,  0.218808   ,  0.0549336  ,  0.576153   ,  1.01058    ])
Iter time: 187.058077097
Iter time: 356.352415085
Iter time: 622.971218824
56      , -17334.7    , array([ 0.0379009  ,  0.0705069  ,  1.99442    ,  0.161114   ,  13.8043    ,  6.25538    ,  0.573457   ,  0.326264   ,  0.0537089  ,  0.565742   ,  1.01054    ])
Iter time: 169.126338005
Iter time: 326.373660088
Iter time: 556.306022167
57      , -17952.9    , array([ 0.0348768  ,  0.0775163  ,  1.95806    ,  0.159907   ,  13.5284    ,  5.78949    ,  0.582532   ,  0.248305   ,  0.0587836  ,  0.566677   ,  1.01079    ])
Iter time: 171.721811056
Iter time: 325.031617165
Iter time: 556.565350056
58      , -17641.5    , array([ 0.0316146  ,  0.068542   ,  1.98781    ,  0.161597   ,  13.2918    ,  5.69306    ,  0.578898   ,  0.276588   ,  0.058412   ,  0.586259   ,  1.01102    ])
Iter time: 173.707890987
Iter time: 328.671977043
Iter time: 555.378214121
59      , -17536.5    , array([ 0.0344449  ,  0.0709079  ,  1.97657    ,  0.161349   ,  13.6611    ,  5.69015    ,  0.583565   ,  0.287753   ,  0.0595202  ,  0.567223   ,  1.01085    ])
Iter time: 169.722521067
Iter time: 319.128939867
Iter time: 538.88084507
60      , -17319.2    , array([ 0.035337   ,  0.0707281  ,  1.96264    ,  0.165543   ,  13.2902    ,  5.63526    ,  0.566149   ,  0.314115   ,  0.0575509  ,  0.566708   ,  1.01082    ])
Iter time: 162.20914793
Iter time: 307.403862
Iter time: 524.197271109
61      , -16171.2    , array([ 0.035894   ,  0.0661397  ,  2.01003    ,  0.16689    ,  12.21      ,  5.44154    ,  0.546003   ,  0.487737   ,  0.0579437  ,  0.55441    ,  1.0109     ])
Iter time: 169.996768951
Iter time: 313.414129019
Iter time: 539.753868818
62      , -16759.8    , array([ 0.035639   ,  0.0686713  ,  1.9942     ,  0.165399   ,  12.6206    ,  5.56848    ,  0.580758   ,  0.385703   ,  0.0470246  ,  0.559564   ,  1.01085    ])
Iter time: 171.528187037
Iter time: 327.648176193
Iter time: 576.660810232
63      , -16747      , array([ 0.0373168  ,  0.0684736  ,  2.00765    ,  0.149741   ,  12.6343    ,  5.45716    ,  0.567313   ,  0.39018    ,  0.0544264  ,  0.563273   ,  1.01077    ])
Iter time: 186.181696892
Iter time: 352.478312016
Iter time: 602.743025064
64      , -16269.6    , array([ 0.036786   ,  0.0650727  ,  2.00524    ,  0.155358   ,  12.2962    ,  5.95386    ,  0.568122   ,  0.472703   ,  0.0575413  ,  0.560425   ,  1.0109     ])
Iter time: 168.496971846
Iter time: 316.870051861
Iter time: 540.293670893
65      , -16201.9    , array([ 0.0392267  ,  0.0658888  ,  2.12166    ,  0.166169   ,  12.1266    ,  5.56487    ,  0.562013   ,  0.491515   ,  0.055294   ,  0.564523   ,  1.01079    ])
Iter time: 173.714570999
Iter time: 329.261289835
Iter time: 582.803045034
66      , -15701.6    , array([ 0.0331944  ,  0.0664288  ,  2.08631    ,  0.158154   ,  11.8746    ,  5.69526    ,  0.558232   ,  0.593956   ,  0.0544071  ,  0.557284   ,  1.01052    ])
Iter time: 180.583742857
Iter time: 339.775532007
Iter time: 582.712122202
67      , -14260.8    , array([ 0.0307188  ,  0.0626588  ,  2.18996    ,  0.154776   ,  10.6863    ,  5.66941    ,  0.542241   ,  1.0922     ,  0.0533077  ,  0.545957   ,  1.01028    ])
Iter time: 174.801639795
Iter time: 333.396697044
Iter time: 577.196404934
68      , -15040.6    , array([ 0.0358886  ,  0.0678756  ,  2.12398    ,  0.157418   ,  11.521     ,  5.76641    ,  0.550853   ,  0.77851    ,  0.0525186  ,  0.554881   ,  1.01107    ])
Iter time: 182.151365042
Iter time: 349.068728924
Iter time: 595.91069293
69      , -14580.1    , array([ 0.0343918  ,  0.0557707  ,  2.16431    ,  0.153208   ,  10.5157    ,  5.53127    ,  0.544183   ,  0.943451   ,  0.0589781  ,  0.533537   ,  1.01103    ])
Iter time: 176.639229059
Iter time: 351.074736118
Iter time: 589.235153913
70      , -14537.3    , array([ 0.0358343  ,  0.0566665  ,  2.14825    ,  0.158641   ,  11.1137    ,  5.58388    ,  0.544527   ,  0.950253   ,  0.0518669  ,  0.552364   ,  1.01084    ])
Iter time: 174.858960152
Iter time: 336.554068089
Iter time: 583.983317852
71      , -14301.7    , array([ 0.0404427  ,  0.0619069  ,  2.14618    ,  0.156456   ,  10.9495    ,  5.6585     ,  0.541881   ,  1.0677     ,  0.0510811  ,  0.528164   ,  1.01058    ])
Iter time: 184.083827972
Iter time: 347.181376934
Iter time: 586.945896864
72      , -13878.8    , array([ 0.0382189  ,  0.0583824  ,  2.19093    ,  0.155822   ,  10.2334    ,  5.65566    ,  0.530353   ,  1.30254    ,  0.0487556  ,  0.538853   ,  1.0107     ])
Iter time: 268.75437212
Iter time: 527.008686066
Iter time: 905.697576046
73      , -12512.3    , array([ 0.0402583  ,  0.0529756  ,  2.30668    ,  0.153131   ,  8.85696    ,  5.63849    ,  0.505595   ,  2.77127    ,  0.0441271  ,  0.525205   ,  1.01063    ])
Iter time: 175.884859085
Iter time: 333.947923183
Iter time: 565.664341927
74      , -13322.6    , array([ 0.0351171  ,  0.0557405  ,  2.22951    ,  0.154613   ,  9.34218    ,  5.04841    ,  0.527483   ,  1.69501    ,  0.0521346  ,  0.53301    ,  1.01104    ])
Iter time: 205.496693134
Iter time: 389.600012064
Iter time: 666.179478884
75      , -13190.6    , array([ 0.0372458  ,  0.0551003  ,  2.27544    ,  0.148773   ,  9.67461    ,  5.57096    ,  0.511819   ,  1.87665    ,  0.0606726  ,  0.534152   ,  1.01075    ])
Iter time: 256.496231794
Iter time: 487.481465816
Iter time: 830.47193408
76      , -12702.4    , array([ 0.0355589  ,  0.0531187  ,  2.31224    ,  0.164136   ,  9.20628    ,  5.70597    ,  0.514234   ,  2.46827    ,  0.0534671  ,  0.525538   ,  1.01083    ])
Iter time: 247.963939905
Iter time: 478.477226973
Iter time: 817.047116041
77      , -12552.3    , array([ 0.0358502  ,  0.0538697  ,  2.37576    ,  0.159791   ,  8.97454    ,  5.18966    ,  0.50428    ,  2.75157    ,  0.049902   ,  0.522072   ,  1.01069    ])
Iter time: 329.721575022
Iter time: 646.332230091
Iter time: 1105.24739385
78      , -12123      , array([ 0.0330739  ,  0.0512895  ,  2.29206    ,  0.148335   ,  8.61542    ,  5.48241    ,  0.499814   ,  3.61942    ,  0.0509704  ,  0.510968   ,  1.01078    ])
WARNING:Numerics:Extrapolation may have failed. Check resulting frequency spectrum for unexpected results.
WARNING:Inference:Model is masked in some entries where data is not.
WARNING:Inference:Number of affected entries is 268. Sum of data in those entries is 0.517732:
Iter time: 867.519091845
Iter time: 1684.15373898
Iter time: 2869.82670093
0.517732433673 9454.98941724
79      , -12629.4    , array([ 0.0303694  ,  0.0452519  ,  2.38232    ,  0.140149   ,  7.26181    ,  5.44164    ,  0.471345   ,  9.82178    ,  0.0489372  ,  0.486127   ,  1.01078    ])
Iter time: 486.042834997
Iter time: 940.251787901
Iter time: 1602.448982
80      , -11704.1    , array([ 0.035611   ,  0.0487865  ,  2.4778     ,  0.144563   ,  8.03092    ,  5.6143     ,  0.506267   ,  5.25115    ,  0.0475188  ,  0.512626   ,  1.01064    ])
Iter time: 400.847109079
Iter time: 783.130165815
Iter time: 1356.12805605
82      , -11854.9    , array([ 0.0355661  ,  0.0447685  ,  2.41149    ,  0.150906   ,  7.97072    ,  5.2723     ,  0.494168   ,  4.65481    ,  0.0514824  ,  0.504867   ,  1.0104     ])
Iter time: 457.643029928
Iter time: 888.453305006
Iter time: 1529.85014892
83      , -11734.2    , array([ 0.0373413  ,  0.0523514  ,  2.41354    ,  0.154626   ,  8.30364    ,  5.44872    ,  0.491533   ,  5.13428    ,  0.0447248  ,  0.519818   ,  1.01033    ])
WARNING:Inference:Model is masked in some entries where data is not.
WARNING:Inference:Number of affected entries is 111. Sum of data in those entries is 0.172767:
Iter time: 605.159571171
Iter time: 1173.513345
Iter time: 2025.44125986
0.172766571837 9454.98941724
84      , -11535.2    , array([ 0.0361075  ,  0.0507872  ,  2.48362    ,  0.148636   ,  7.45125    ,  5.3734     ,  0.482162   ,  6.92735    ,  0.0495051  ,  0.496587   ,  1.01042    ])
WARNING:Numerics:Extrapolation may have failed. Check resulting frequency spectrum for unexpected results.
WARNING:Inference:Model is masked in some entries where data is not.
WARNING:Inference:Number of affected entries is 234. Sum of data in those entries is 0.560084:
Iter time: 734.341882944
Iter time: 1429.93254805
Iter time: 2462.19036913
0.560083519109 9454.98941724
86      , -11397.6    , array([ 0.0313403  ,  0.0448444  ,  2.55291    ,  0.149314   ,  7.05184    ,  5.25293    ,  0.474339   ,  8.66196    ,  0.049981   ,  0.513552   ,  1.01065    ])
Iter time: 206.989658117
Iter time: 402.214581966
Iter time: 690.821185827
89      , -13054.5    , array([ 0.0331004  ,  0.0565913  ,  2.27993    ,  0.153556   ,  9.50893    ,  5.54037    ,  0.521138   ,  2.00238    ,  0.0517475  ,  0.531752   ,  1.01047    ])
WARNING:Numerics:Extrapolation may have failed. Check resulting frequency spectrum for unexpected results.
WARNING:Inference:Model is masked in some entries where data is not.
WARNING:Inference:Number of affected entries is 209. Sum of data in those entries is 0.536104:
Iter time: 797.022172928
Iter time: 1580.23988414
Iter time: 2618.81916285
0.53610409679 9454.98941724
90      , -11502.6    , array([ 0.0358373  ,  0.0469958  ,  2.53726    ,  0.149922   ,  7.68815    ,  5.90563    ,  0.474531   ,  8.19525    ,  0.0483351  ,  0.503036   ,  1.01016    ])
WARNING:Numerics:Extrapolation may have failed. Check resulting frequency spectrum for unexpected results.
WARNING:Inference:Model is masked in some entries where data is not.
WARNING:Inference:Number of affected entries is 278. Sum of data in those entries is 0.54546:
Iter time: 830.348219156
Iter time: 1614.9358108
Iter time: 2797.88958716
0.545460428072 9454.98941724
91      , -11768.3    , array([ 0.0335532  ,  0.0461863  ,  2.53577    ,  0.156026   ,  7.12015    ,  5.40875    ,  0.482374   ,  9.67713    ,  0.0398515  ,  0.496513   ,  1.01034    ])
Iter time: 291.170301914
Iter time: 559.989861012
Iter time: 974.366076946
93      , -12328      , array([ 0.0342285  ,  0.0529396  ,  2.35155    ,  0.153066   ,  8.7677     ,  5.50873    ,  0.507079   ,  3.13802    ,  0.049848   ,  0.521675   ,  1.0105     ])
Iter time: 321.356590033
Iter time: 626.740445137
Iter time: 1089.77605319
95      , -12174.2    , array([ 0.0354154  ,  0.0512818  ,  2.36997    ,  0.15775    ,  8.60792    ,  5.58152    ,  0.503388   ,  3.52224    ,  0.0505083  ,  0.518444   ,  1.01067    ])
WARNING:Numerics:Extrapolation may have failed. Check resulting frequency spectrum for unexpected results.
WARNING:Inference:Model is masked in some entries where data is not.
WARNING:Inference:Number of affected entries is 274. Sum of data in those entries is 0.516229:
Iter time: 910.955796957
Iter time: 1772.98911881
Iter time: 3034.79444003
0.516228775112 9454.98941724
96      , -13649.2    , array([ 0.0346272  ,  0.0450946  ,  2.48261    ,  0.143516   ,  7.16339    ,  5.82049    ,  0.481369   ,  9.60297    ,  0.0457206  ,  0.5004     ,  1.01032    ])
Iter time: 333.372294903
Iter time: 645.661835909
Iter time: 1259.03517103
97      , -12101.5    , array([ 0.0355405  ,  0.0515276  ,  2.40203    ,  0.155557   ,  8.48279    ,  5.34065    ,  0.498452   ,  3.76085    ,  0.0488221  ,  0.516568   ,  1.01059    ])
Iter time: 356.86493516
Iter time: 689.457865953
Iter time: 1175.65929389
99      , -12065.4    , array([ 0.0374494  ,  0.0510338  ,  2.37122    ,  0.152389   ,  8.41052    ,  5.55309    ,  0.498779   ,  3.82704    ,  0.0461218  ,  0.517725   ,  1.01056    ])
WARNING:Numerics:Extrapolation may have failed. Check resulting frequency spectrum for unexpected results.
WARNING:Inference:Model is masked in some entries where data is not.
WARNING:Inference:Number of affected entries is 256. Sum of data in those entries is 0.611047:
Iter time: 808.790796995
Iter time: 1582.79329395
Iter time: 2724.42813993
0.611046743052 9454.98941724
100     , -11637.4    , array([ 0.0360396  ,  0.0453529  ,  2.53054    ,  0.150129   ,  7.22026    ,  5.43745    ,  0.476045   ,  9.22815    ,  0.0459655  ,  0.498584   ,  1.01051    ])
WARNING:Numerics:Extrapolation may have failed. Check resulting frequency spectrum for unexpected results.
WARNING:Inference:Model is masked in some entries where data is not.
WARNING:Inference:Number of affected entries is 278. Sum of data in those entries is 0.653301:
Iter time: 850.870604992
Iter time: 1643.92832518
Iter time: 2837.95345402
0.653301348233 9454.98941724
101     , -11730.5    , array([ 0.0349426  ,  0.0457848  ,  2.54098    ,  0.144366   ,  7.12294    ,  5.34108    ,  0.474691   ,  9.79502    ,  0.0445938  ,  0.498141   ,  1.01032    ])
Iter time: 435.01009798
Iter time: 1110.70444417
Iter time: 1461.62114286
103     , -11806.7    , array([ 0.0341951  ,  0.0495957  ,  2.38278    ,  0.149433   ,  8.14277    ,  5.46469    ,  0.493134   ,  4.82424    ,  0.0488855  ,  0.508989   ,  1.01062    ])
Iter time: 445.179893017
Iter time: 849.752588034
Iter time: 1476.55591917
105     , -11784.5    , array([ 0.0353852  ,  0.0496244  ,  2.43838    ,  0.152748   ,  8.06484    ,  5.39921    ,  0.492221   ,  4.97356    ,  0.047847   ,  0.511427   ,  1.01052    ])
Iter time: 464.366480112
Iter time: 888.276858091
Iter time: 1519.61286402
107     , -11758.7    , array([ 0.0362296  ,  0.0493233  ,  2.42577    ,  0.151201   ,  8.01511    ,  5.49852    ,  0.492086   ,  5.07726    ,  0.0465827  ,  0.511715   ,  1.01051    ])
WARNING:Numerics:Extrapolation may have failed. Check resulting frequency spectrum for unexpected results.
WARNING:Inference:Model is masked in some entries where data is not.
WARNING:Inference:Number of affected entries is 288. Sum of data in those entries is 0.567943:
Iter time: 907.306650877
Iter time: 1759.22088885
Iter time: 3042.33065391
0.567943094579 9454.98941724
108     , -11874.1    , array([ 0.0346567  ,  0.0516618  ,  2.55645    ,  0.149195   ,  7.32711    ,  5.6654     ,  0.476586   ,  9.90256    ,  0.0422212  ,  0.507925   ,  1.01051    ])
Iter time: 499.007044077
Iter time: 951.752486944
Iter time: 1654.14263201
109     , -11673.8    , array([ 0.0353365  ,  0.0464004  ,  2.44694    ,  0.150477   ,  7.8047     ,  5.36794    ,  0.489713   ,  5.62164    ,  0.0489922  ,  0.50563    ,  1.01043    ])
WARNING:Numerics:Extrapolation may have failed. Check resulting frequency spectrum for unexpected results.
WARNING:Inference:Model is masked in some entries where data is not.
WARNING:Inference:Number of affected entries is 289. Sum of data in those entries is 0.719785:
Iter time: 871.836718798
Iter time: 1695.09110713
Iter time: 2898.91705012
0.719785317069 9454.98941724
110     , -11772.8    , array([ 0.036262   ,  0.0460722  ,  2.59977    ,  0.150857   ,  7.11721    ,  5.44822    ,  0.476982   ,  9.82426    ,  0.0444817  ,  0.503206   ,  1.01026    ])
WARNING:Inference:Model is masked in some entries where data is not.
WARNING:Inference:Number of affected entries is 48. Sum of data in those entries is 0.0210288:
Iter time: 550.952185154
Iter time: 1051.51200986
Iter time: 1801.44724798
0.0210288399117 9454.98941724
112     , -11614.1    , array([ 0.0353385  ,  0.0485403  ,  2.47071    ,  0.151354   ,  7.79114    ,  5.42999    ,  0.487895   ,  6.03537    ,  0.0470791  ,  0.508376   ,  1.01047    ])
Iter time: 450.195884943
Iter time: 871.492357016
Iter time: 1500.71802592
113     , -11769.2    , array([ 0.0341869  ,  0.0493969  ,  2.38849    ,  0.149184   ,  8.09181    ,  5.47034    ,  0.492343   ,  4.99698    ,  0.0487419  ,  0.508435   ,  1.01061    ])
WARNING:Inference:Model is masked in some entries where data is not.
WARNING:Inference:Number of affected entries is 41. Sum of data in those entries is 0.0178956:
Iter time: 536.117630005
Iter time: 1020.66200495
Iter time: 1769.14089608
0.0178956014672 9454.98941724
114     , -11624.3    , array([ 0.0346943  ,  0.0485439  ,  2.43965    ,  0.1496     ,  7.83631    ,  5.4648     ,  0.488457   ,  5.91706    ,  0.0476401  ,  0.507123   ,  1.01052    ])
Iter time: 428.238320112
Iter time: 818.202826023
Iter time: 1449.60572982
115     , -11857.1    , array([ 0.0371722  ,  0.049723   ,  2.43163    ,  0.143143   ,  8.23065    ,  5.5206     ,  0.48795    ,  4.63892    ,  0.0561998  ,  0.517274   ,  1.01056    ])
WARNING:Numerics:Extrapolation may have failed. Check resulting frequency spectrum for unexpected results.
WARNING:Inference:Model is masked in some entries where data is not.
WARNING:Inference:Number of affected entries is 198. Sum of data in those entries is 0.582884:
Iter time: 720.053490877
Iter time: 1381.35169315
Iter time: 2369.12902808
0.582884089187 9454.98941724
116     , -11489.5    , array([ 0.0344235  ,  0.0470461  ,  2.50932    ,  0.1527     ,  7.38287    ,  5.4365     ,  0.483762   ,  8.0522     ,  0.0434278  ,  0.501624   ,  1.0104     ])
