==========================================
SLURM_JOB_ID = 18981462
SLURM_NODELIST = c8-66
==========================================
Module slurm/17.11.5 loaded 
Module openmpi/3.0.1 loaded 
Module gcc/7.3.0 loaded 
Module python/2.7.6 loaded 
Module numpy/1.11.1 loaded 
Module dadi/1.7.0 loaded 
Module matplotlib/2.0 loaded 
Module scipy/0.18.0 loaded 
Beginning. Call:
/home/hemstrow/monarch/github/F-H_2018/DADI/demographic_models/run_3d_mods.py /home/hemstrow/monarch/github/F-H_2018/Data/dadi_inputs/ dadi_snps_10kgap.txt 1st_folded_optim_10kgap_snps_dadi_out.txt lgrowth_both 10 [NAM,HAW,GUA] True 3 [0.1,0.1,1,1,5,5,.1,.1,.1,.1,2,2] [1,1,10,10,20,20,10,10,10,10,4,4] [1e-3,1e-3,1e-3,1e-3,0.01,0.01,0.01,0.01,0.01,0.01,1,1] [150,15,15] fmin

Ready to begin run. Parameters:

Model:
lgrowth_both
Maxiters:
10
Pops:
['NAM', 'HAW', 'GUA']
Projection:
[150, 15, 15]
Number of segregating sites in projected sfs:
9454.98941724
Folding spectra:
True
Level of parm folding:
3
Optimizer:
fmin
p0:
[ 0.05083308  0.11631687  0.54084688  1.28602317  6.90886579  2.18261257
  0.01427386  0.03369227  0.02585932  0.27340079  3.96        1.01      ]
Upper Bounds:
[1.0, 1.0, 10.0, 10.0, 20.0, 20.0, 10.0, 10.0, 10.0, 10.0, 4.0, 4.0]
Lower Bounds:
[0.001, 0.001, 0.001, 0.001, 0.01, 0.01, 0.01, 0.01, 0.01, 0.01, 1.0, 1.0]

Beginning optimization ************************************************
optimize_log_fmin.
Iter time: 28.9498660564
Iter time: 55.7475509644
Iter time: 95.7151620388
1       , -26081.2    , array([ 0.0508331  ,  0.116317   ,  0.540847   ,  1.28602    ,  6.90887    ,  2.18261    ,  0.0142739  ,  0.0336923  ,  0.0258593  ,  0.273401   ,  3.96       ,  1.01       ])
Iter time: 28.9998340607
Iter time: 55.8524041176
Iter time: 96.5963099003
2       , -26081.2    , array([ 0.0437979  ,  0.116317   ,  0.540847   ,  1.28602    ,  6.90887    ,  2.18261    ,  0.0142739  ,  0.0336923  ,  0.0258593  ,  0.273401   ,  3.96       ,  1.01       ])
Iter time: 32.2587912083
Iter time: 61.1385939121
Iter time: 104.762531996
3       , -26086.7    , array([ 0.0508331  ,  0.104454   ,  0.540847   ,  1.28602    ,  6.90887    ,  2.18261    ,  0.0142739  ,  0.0336923  ,  0.0258593  ,  0.273401   ,  3.96       ,  1.01       ])
Iter time: 29.0042510033
Iter time: 55.8829269409
Iter time: 95.8488171101
4       , -26090.6    , array([ 0.0508331  ,  0.116317   ,  0.524479   ,  1.28602    ,  6.90887    ,  2.18261    ,  0.0142739  ,  0.0336923  ,  0.0258593  ,  0.273401   ,  3.96       ,  1.01       ])
Iter time: 28.9153590202
Iter time: 55.6747419834
Iter time: 95.6086530685
5       , -26081.2    , array([ 0.0508331  ,  0.116317   ,  0.540847   ,  1.3023     ,  6.90887    ,  2.18261    ,  0.0142739  ,  0.0336923  ,  0.0258593  ,  0.273401   ,  3.96       ,  1.01       ])
Iter time: 29.0257158279
Iter time: 55.8865430355
Iter time: 95.8684549332
6       , -26411.3    , array([ 0.0508331  ,  0.116317   ,  0.540847   ,  1.28602    ,  7.60987    ,  2.18261    ,  0.0142739  ,  0.0336923  ,  0.0258593  ,  0.273401   ,  3.96       ,  1.01       ])
Iter time: 29.5135469437
Iter time: 56.699338913
Iter time: 97.4625589848
7       , -26127.7    , array([ 0.0508331  ,  0.116317   ,  0.540847   ,  1.28602    ,  6.90887    ,  2.26948    ,  0.0142739  ,  0.0336923  ,  0.0258593  ,  0.273401   ,  3.96       ,  1.01       ])
Iter time: 28.9422879219
Iter time: 55.6969981194
Iter time: 95.6342198849
8       , -26305.5    , array([ 0.0508331  ,  0.116317   ,  0.540847   ,  1.28602    ,  6.90887    ,  2.18261    ,  0.0115417  ,  0.0336923  ,  0.0258593  ,  0.273401   ,  3.96       ,  1.01       ])
Iter time: 28.8911101818
Iter time: 55.6840128899
Iter time: 95.5750989914
9       , -26275      , array([ 0.0508331  ,  0.116317   ,  0.540847   ,  1.28602    ,  6.90887    ,  2.18261    ,  0.0142739  ,  0.0284385  ,  0.0258593  ,  0.273401   ,  3.96       ,  1.01       ])
Iter time: 28.8875930309
Iter time: 55.6585788727
Iter time: 95.6038770676
10      , -26094.5    , array([ 0.0508331  ,  0.116317   ,  0.540847   ,  1.28602    ,  6.90887    ,  2.18261    ,  0.0142739  ,  0.0336923  ,  0.0215401  ,  0.273401   ,  3.96       ,  1.01       ])
Iter time: 28.9025461674
Iter time: 55.8522958755
Iter time: 95.6688988209
11      , -26145      , array([ 0.0508331  ,  0.116317   ,  0.540847   ,  1.28602    ,  6.90887    ,  2.18261    ,  0.0142739  ,  0.0336923  ,  0.0258593  ,  0.256236   ,  3.96       ,  1.01       ])
Iter time: 28.9489140511
Iter time: 55.7685191631
Iter time: 95.5629479885
13      , -26081.2    , array([ 0.0508331  ,  0.116317   ,  0.540847   ,  1.28602    ,  6.90887    ,  2.18261    ,  0.0142739  ,  0.0336923  ,  0.0258593  ,  0.273401   ,  3.96       ,  1.0105     ])
Iter time: 29.4554769993
Iter time: 56.7621901035
Iter time: 97.6086089611
14      , -26229.3    , array([ 0.0495866  ,  0.11425    ,  0.538084   ,  1.28872    ,  7.02105    ,  2.19686    ,  0.0137773  ,  0.0327537  ,  0.0250835  ,  0.270462   ,  3.69667    ,  1.01008    ])
Iter time: 29.4522731304
Iter time: 56.9125900269
Iter time: 97.5162291527
15      , -25882.7    , array([ 0.0493818  ,  0.113909   ,  0.537625   ,  1.28917    ,  6.2893     ,  2.19924    ,  0.0136962  ,  0.0325998  ,  0.0249565  ,  0.269975   ,  3.91484    ,  1.0101     ])
Iter time: 29.6979699135
Iter time: 57.2417149544
Iter time: 98.3593919277
16      , -25636.8    , array([ 0.0486718  ,  0.112724   ,  0.536021   ,  1.29075    ,  5.71761    ,  2.2076     ,  0.0134162  ,  0.0320669  ,  0.024517   ,  0.268279   ,  3.89246    ,  1.01015    ])
Iter time: 29.6476361752
Iter time: 57.1326749325
Iter time: 98.195401907
17      , -25843.5    , array([ 0.0490256  ,  0.113315   ,  0.536822   ,  1.28996    ,  6.71234    ,  2.20341    ,  0.0173686  ,  0.0323322  ,  0.0247358  ,  0.269126   ,  3.90363    ,  1.01012    ])
Iter time: 29.8952929974
Iter time: 57.4520311356
Iter time: 98.6364710331
18      , -25815.1    , array([ 0.0487306  ,  0.112822   ,  0.536154   ,  1.29062    ,  6.68013    ,  2.2069     ,  0.014511   ,  0.0391334  ,  0.0245534  ,  0.26842    ,  3.89432    ,  1.01014    ])
Iter time: 29.4517929554
Iter time: 56.7272510529
Iter time: 97.8175928593
20      , -26120.6    , array([ 0.0496426  ,  0.114343   ,  0.538209   ,  1.2886     ,  6.89205    ,  2.19621    ,  0.0141117  ,  0.0333015  ,  0.0251183  ,  0.270595   ,  3.81838    ,  1.01008    ])
Iter time: 29.9578411579
Iter time: 57.6892230511
Iter time: 99.279020071
21      , -25876.2    , array([ 0.0483979  ,  0.112265   ,  0.535397   ,  1.29137    ,  6.62226    ,  2.21087    ,  0.0146092  ,  0.0339595  ,  0.0243478  ,  0.288651   ,  3.9045     ,  1.01017    ])
Iter time: 29.5332667828
Iter time: 56.8950178623
Iter time: 97.7220101357
22      , -25854.8    , array([ 0.0480035  ,  0.111604   ,  0.534494   ,  1.29226    ,  6.57566    ,  2.11699    ,  0.0146658  ,  0.0340042  ,  0.0241046  ,  0.272987   ,  3.89533    ,  1.01019    ])
Iter time: 29.4542229176
Iter time: 56.739082098
Iter time: 97.4554831982
24      , -26043.9    , array([ 0.0494509  ,  0.114024   ,  0.53778    ,  1.28902    ,  6.80237    ,  2.1907     ,  0.0143119  ,  0.0336028  ,  0.0249994  ,  0.271991   ,  3.87579    ,  1.01009    ])
Iter time: 30.137130022
Iter time: 58.5003900528
Iter time: 100.611682177
25      , -25831.9    , array([ 0.0475168  ,  0.110786   ,  0.533371   ,  1.29337    ,  6.50749    ,  2.18916    ,  0.0147668  ,  0.0341076  ,  0.0294624  ,  0.273152   ,  3.89433    ,  1.01023    ])
Iter time: 30.2879679203
Iter time: 58.3100891113
Iter time: 100.220155001
26      , -25796.3    , array([ 0.0469855  ,  0.10989    ,  0.55156    ,  1.2946     ,  6.44289    ,  2.19025    ,  0.0148506  ,  0.0341773  ,  0.0250808  ,  0.27311    ,  3.88349    ,  1.01027    ])
Iter time: 27.6131641865
Iter time: 53.1140890121
Iter time: 91.214651823
27      , -25755.9    , array([ 0.0463732  ,  0.123409   ,  0.53662    ,  1.29603    ,  6.36835    ,  2.19153    ,  0.014949   ,  0.0342589  ,  0.0249533  ,  0.273062   ,  3.87088    ,  1.01031    ])
Iter time: 29.8123528957
Iter time: 57.4452569485
Iter time: 98.6633310318
28      , -25703.7    , array([ 0.0543369  ,  0.111922   ,  0.535918   ,  1.29771    ,  6.28246    ,  2.19302    ,  0.0150646  ,  0.0343542  ,  0.0248054  ,  0.273006   ,  3.85623    ,  1.01036    ])
Iter time: 29.990760088
Iter time: 57.8612859249
Iter time: 99.3313829899
29      , -25642.2    , array([ 0.0473399  ,  0.111205   ,  0.535101   ,  1.29967    ,  6.18373    ,  2.19476    ,  0.0152006  ,  0.0344658  ,  0.024634   ,  0.27294    ,  3.8392     ,  1.01042    ])
Iter time: 30.2176508904
Iter time: 58.2186501026
Iter time: 100.113394976
30      , -25571.1    , array([ 0.0467815  ,  0.110376   ,  0.53415    ,  1.30195    ,  6.0705     ,  2.19679    ,  0.0153607  ,  0.0345964  ,  0.0244355  ,  0.272863   ,  3.81942    ,  1.00991    ])
Iter time: 30.8673760891
Iter time: 59.5353991985
Iter time: 102.296380997
31      , -25326.3    , array([ 0.0448784  ,  0.10752    ,  0.530832   ,  1.30999    ,  5.69028    ,  2.20391    ,  0.0159348  ,  0.0350576  ,  0.0237533  ,  0.272594   ,  3.75102    ,  1.00961    ])
Iter time: 30.5722339153
Iter time: 58.9056279659
Iter time: 101.19948101
32      , -25447.9    , array([ 0.0458201  ,  0.108938   ,  0.532488   ,  1.28694    ,  5.87731    ,  2.20035    ,  0.0156452  ,  0.0348262  ,  0.024092   ,  0.272729   ,  3.78507    ,  1.01034    ])
Iter time: 30.1359038353
Iter time: 58.1724450588
Iter time: 100.111876965
33      , -25384.8    , array([ 0.0465059  ,  0.110287   ,  0.534643   ,  1.29985    ,  5.82566    ,  2.19383    ,  0.0158369  ,  0.0351277  ,  0.0247676  ,  0.274266   ,  3.85206    ,  1.01029    ])
Iter time: 29.7009658813
Iter time: 57.2728669643
Iter time: 98.4811468124
34      , -25463.6    , array([ 0.047203   ,  0.111683   ,  0.536897   ,  1.29891    ,  5.85764    ,  2.17102    ,  0.0157247  ,  0.0349553  ,  0.025503   ,  0.256244   ,  3.81513    ,  1.01024    ])
Iter time: 30.1567718983
Iter time: 58.1928989887
Iter time: 99.9637880325
35      , -25432.4    , array([ 0.0474576  ,  0.112358   ,  0.538206   ,  1.29913    ,  5.78655    ,  2.27682    ,  0.0158471  ,  0.0350702  ,  0.0260035  ,  0.268104   ,  3.81088    ,  1.01022    ])
Iter time: 30.1443960667
Iter time: 58.1772930622
Iter time: 99.9296898842
36      , -25353.6    , array([ 0.0462172  ,  0.110505   ,  0.536102   ,  1.30298    ,  5.53023    ,  2.19951    ,  0.0131781  ,  0.0373868  ,  0.0255519  ,  0.271778   ,  3.78756    ,  1.01031    ])
Iter time: 29.635972023
Iter time: 57.1559708118
Iter time: 98.2081069946
37      , -25300.2    , array([ 0.0474648  ,  0.112981   ,  0.540029   ,  1.30115    ,  5.55169    ,  2.21557    ,  0.0152087  ,  0.0359871  ,  0.0209495  ,  0.267548   ,  3.77906    ,  1.01021    ])
Iter time: 29.4236090183
Iter time: 56.7979109287
Iter time: 97.6264381409
38      , -25047.1    , array([ 0.0474388  ,  0.114094   ,  0.54339    ,  1.30505    ,  5.1278     ,  2.2289     ,  0.0154346  ,  0.0369654  ,  0.0176656  ,  0.264789   ,  3.72272    ,  1.01021    ])
Iter time: 29.9153530598
Iter time: 57.7448928356
Iter time: 99.3351609707
39      , -25197.6    , array([ 0.0460757  ,  0.111149   ,  0.538428   ,  1.30634    ,  5.17501    ,  2.20139    ,  0.0156369  ,  0.0310689  ,  0.0237958  ,  0.271647   ,  3.7508     ,  1.01031    ])
Iter time: 29.4108531475
Iter time: 56.8304979801
Iter time: 97.5458810329
40      , -25117.4    , array([ 0.0476316  ,  0.114331   ,  0.521291   ,  1.30428    ,  5.17313    ,  2.22       ,  0.0154112  ,  0.0350133  ,  0.0230922  ,  0.266743   ,  3.73952    ,  1.0102     ])
Iter time: 32.8095300198
Iter time: 63.2343959808
Iter time: 108.885906935
41      , -25052.8    , array([ 0.0484764  ,  0.100518   ,  0.533223   ,  1.30422    ,  5.05548    ,  2.22349    ,  0.0153877  ,  0.035057   ,  0.0229122  ,  0.265751   ,  3.73018    ,  1.01013    ])
Iter time: 30.7948770523
Iter time: 59.2109098434
Iter time: 101.920974016
42      , -24996.4    , array([ 0.0405921  ,  0.108868   ,  0.533472   ,  1.30362    ,  4.94232    ,  2.2271     ,  0.0153237  ,  0.0350779  ,  0.0227458  ,  0.264615   ,  3.72367    ,  1.01004    ])
Iter time: 31.1203250885
Iter time: 60.1072220802
Iter time: 103.333081007
43      , -24670.9    , array([ 0.0350844  ,  0.107373   ,  0.532254   ,  1.30659    ,  4.38361    ,  2.24434    ,  0.015455   ,  0.0354454  ,  0.021781   ,  0.260517   ,  3.65912    ,  1.00988    ])
Iter time: 30.6037609577
Iter time: 59.1575658321
Iter time: 102.959280968
44      , -24895.5    , array([ 0.0443224  ,  0.108931   ,  0.533812   ,  1.30281    ,  4.74141    ,  2.23363    ,  0.0152287  ,  0.035128   ,  0.022439   ,  0.262632   ,  3.71036    ,  1.00989    ])
Iter time: 31.0603349209
Iter time: 59.949794054
Iter time: 103.093470097
45      , -24759.3    , array([ 0.0424421  ,  0.106852   ,  0.53253    ,  1.31385    ,  4.97041    ,  2.22498    ,  0.0176225  ,  0.038334   ,  0.0222157  ,  0.266249   ,  3.63049    ,  1.01013    ])
Iter time: 31.2685830593
Iter time: 60.3974339962
Iter time: 104.252718925
46      , -24825.4    , array([ 0.0429942  ,  0.107056   ,  0.530938   ,  1.30808    ,  4.72058    ,  2.27175    ,  0.0153235  ,  0.0357114  ,  0.0208713  ,  0.280539   ,  3.67357    ,  1.01001    ])
Iter time: 30.5276050568
Iter time: 58.9111168385
Iter time: 101.384572029
47      , -24744.5    , array([ 0.0438244  ,  0.109435   ,  0.535073   ,  1.32383    ,  4.53603    ,  2.25344    ,  0.0153482  ,  0.035994   ,  0.0215715  ,  0.264826   ,  3.68435    ,  1.00986    ])
Iter time: 31.1110408306
Iter time: 59.8537840843
Iter time: 102.923060894
48      , -24635.6    , array([ 0.0417543  ,  0.105639   ,  0.528874   ,  1.31554    ,  4.42395    ,  2.174      ,  0.0150721  ,  0.0358989  ,  0.0193729  ,  0.268841   ,  3.63885    ,  1.00992    ])
Iter time: 31.4652099609
Iter time: 60.8142700195
Iter time: 104.647950172
49      , -24257.4    , array([ 0.039165   ,  0.102431   ,  0.524269   ,  1.32383    ,  3.86817    ,  2.12434    ,  0.014699   ,  0.0363206  ,  0.0167216  ,  0.269211   ,  3.55577    ,  1.00977    ])
Iter time: 31.224339962
Iter time: 60.3236999512
Iter time: 103.732728004
50      , -24515.1    , array([ 0.0414061  ,  0.106305   ,  0.530662   ,  1.31882    ,  4.10436    ,  2.24417    ,  0.0148956  ,  0.0360401  ,  0.0190506  ,  0.261988   ,  3.55224    ,  1.00976    ])
Iter time: 31.541738987
Iter time: 60.7596530914
Iter time: 104.522783995
51      , -24397.8    , array([ 0.0409083  ,  0.105412   ,  0.52832    ,  1.31831    ,  4.114      ,  2.24589    ,  0.0182701  ,  0.033656   ,  0.0175839  ,  0.262774   ,  3.57432    ,  1.00965    ])
Iter time: 30.7989659309
Iter time: 59.4924919605
Iter time: 102.331617832
52      , -24293.8    , array([ 0.0414833  ,  0.107982   ,  0.533143   ,  1.31263    ,  3.78788    ,  2.24846    ,  0.0154577  ,  0.0356489  ,  0.0179907  ,  0.260391   ,  3.58024    ,  1.01036    ])
Iter time: 31.9289369583
Iter time: 61.7852659225
Iter time: 106.390963793
53      , -24241.9    , array([ 0.0397044  ,  0.103955   ,  0.524758   ,  1.31736    ,  3.95396    ,  2.25898    ,  0.015722   ,  0.0411581  ,  0.0171407  ,  0.259462   ,  3.55279    ,  1.00966    ])
Iter time: 33.0334610939
Iter time: 63.8684449196
Iter time: 109.842468023
54      , -23796.5    , array([ 0.0368572  ,  0.100535   ,  0.518054   ,  1.3229     ,  3.45616    ,  2.28834    ,  0.0157648  ,  0.0473718  ,  0.0145477  ,  0.253576   ,  3.45774    ,  1.00934    ])
Iter time: 33.2240679264
Iter time: 64.2347388268
Iter time: 110.564004898
55      , -24113.5    , array([ 0.0368005  ,  0.098918   ,  0.541447   ,  1.32255    ,  3.69825    ,  2.25139    ,  0.0160127  ,  0.0384087  ,  0.0163539  ,  0.262013   ,  3.51727    ,  1.00963    ])
Iter time: 29.9791610241
Iter time: 57.8465750217
Iter time: 99.3473520279
56      , -24024.5    , array([ 0.0345361  ,  0.112211   ,  0.530683   ,  1.3257     ,  3.5922     ,  2.25254    ,  0.0161439  ,  0.038949   ,  0.0155815  ,  0.262371   ,  3.49171    ,  1.00961    ])
Iter time: 33.3943080902
Iter time: 64.7093920708
Iter time: 110.991369009
57      , -23877.1    , array([ 0.0334728  ,  0.0985851  ,  0.518704   ,  1.32832    ,  3.33756    ,  2.25104    ,  0.0162158  ,  0.0372615  ,  0.0197908  ,  0.262922   ,  3.46155    ,  1.00944    ])
Iter time: 32.507283926
Iter time: 62.8047289848
Iter time: 107.931704044
58      , -23836.2    , array([ 0.0341886  ,  0.101555   ,  0.52549    ,  1.33492    ,  3.4044     ,  2.24917    ,  0.016608   ,  0.0395976  ,  0.015258   ,  0.265129   ,  3.43313    ,  1.00968    ])
Iter time: 31.9952290058
Iter time: 61.8152830601
Iter time: 106.383420944
59      , -23744.2    , array([ 0.033924   ,  0.102429   ,  0.527428   ,  1.33405    ,  3.23812    ,  2.20775    ,  0.0167282  ,  0.0396271  ,  0.0155696  ,  0.24588    ,  3.42861    ,  1.0095     ])
Iter time: 32.436248064
Iter time: 62.6444349289
Iter time: 107.685380936
60      , -23260.1    , array([ 0.0301339  ,  0.100191   ,  0.525681   ,  1.34723    ,  2.68189    ,  2.17642    ,  0.017478   ,  0.0417431  ,  0.0134475  ,  0.230191   ,  3.31233    ,  1.00925    ])
Iter time: 32.5521459579
Iter time: 62.6988520622
Iter time: 107.822701216
61      , -23601.6    , array([ 0.0324585  ,  0.10153    ,  0.524718   ,  1.33376    ,  2.77484    ,  2.24588    ,  0.014526   ,  0.037444   ,  0.0134533  ,  0.252868   ,  3.41667    ,  1.00925    ])
Iter time: 33.3699610233
Iter time: 64.4630968571
Iter time: 111.273813963
62      , -23406.5    , array([ 0.0299005  ,  0.0979022  ,  0.520525   ,  1.32535    ,  2.80144    ,  2.21628    ,  0.016526   ,  0.0401416  ,  0.0128066  ,  0.252278   ,  3.32467    ,  1.00941    ])
Iter time: 33.0969378948
Iter time: 64.0783171654
Iter time: 110.307580948
63      , -23272.5    , array([ 0.036367   ,  0.0982584  ,  0.521343   ,  1.34603    ,  2.6904     ,  2.22061    ,  0.0165961  ,  0.041617   ,  0.011609   ,  0.25508    ,  3.29454    ,  1.00931    ])
Iter time: 33.3550140858
Iter time: 64.4107029438
Iter time: 110.724915981
64      , -23207.2    , array([ 0.0301554  ,  0.0979515  ,  0.521365   ,  1.3381     ,  2.67813    ,  2.21687    ,  0.0175325  ,  0.0419236  ,  0.0122212  ,  0.252521   ,  3.35132    ,  1.00936    ])
Iter time: 33.3558540344
Iter time: 64.4676980972
Iter time: 110.938380957
66      , -23127.2    , array([ 0.0290097  ,  0.0975803  ,  0.522521   ,  1.34194    ,  2.48737    ,  2.21037    ,  0.0141964  ,  0.0465673  ,  0.0124615  ,  0.2501     ,  3.29505    ,  1.00942    ])
Iter time: 34.492002964
Iter time: 66.7310590744
Iter time: 114.545346975
67      , -22583.6    , array([ 0.0244292  ,  0.0938854  ,  0.519645   ,  1.35392    ,  1.9341     ,  2.19283    ,  0.012514   ,  0.0547761  ,  0.0104905  ,  0.243994   ,  3.16371    ,  1.0093     ])
Iter time: 34.8020150661
Iter time: 67.2106280327
Iter time: 115.687387943
68      , -22933.4    , array([ 0.0261911  ,  0.0930624  ,  0.515585   ,  1.35473    ,  2.41522    ,  2.19864    ,  0.0161987  ,  0.0472269  ,  0.0111326  ,  0.249669   ,  3.22249    ,  1.00853    ])
Iter time: 34.5557751656
Iter time: 66.7530181408
Iter time: 114.826424837
69      , -22829.4    , array([ 0.0259421  ,  0.0965501  ,  0.522855   ,  1.34844    ,  2.18653    ,  2.34048    ,  0.0173129  ,  0.0484271  ,  0.0111923  ,  0.238475   ,  3.19188    ,  1.00892    ])
Iter time: 32.9655411243
Iter time: 63.6821799278
Iter time: 109.464596987
70      , -22719.6    , array([ 0.026046   ,  0.0995761  ,  0.503327   ,  1.35411    ,  2.09519    ,  2.22273    ,  0.0161007  ,  0.0475979  ,  0.0107431  ,  0.241212   ,  3.17503    ,  1.00893    ])
Iter time: 37.2779490948
Iter time: 72.1546399593
Iter time: 146583.381189
71      , -22604.6    , array([ 0.0264789  ,  0.0860498  ,  0.509027   ,  1.35568    ,  1.97168    ,  2.21667    ,  0.0159627  ,  0.0485329  ,  0.010598   ,  0.237531   ,  3.14799    ,  1.00884    ])
Iter time: 54.1209778786
Iter time: 116.905714989
Iter time: 153.503093958
73      , -23505.5    , array([ 0.0315064  ,  0.097868   ,  0.518816   ,  1.33558    ,  2.91568    ,  2.24133    ,  0.0161236  ,  0.0406954  ,  0.0155378  ,  0.255114   ,  3.37431    ,  1.00931    ])
Iter time: 33.1006131172
Iter time: 64.0056920052
Iter time: 109.983869076
75      , -23469.2    , array([ 0.0317332  ,  0.0991782  ,  0.52192    ,  1.33892    ,  2.92577    ,  2.24008    ,  0.0162974  ,  0.0419996  ,  0.0136532  ,  0.255772   ,  3.35801    ,  1.00941    ])
Iter time: 34.6163370609
Iter time: 66.7992928028
Iter time: 114.99648118
76      , -22522.5    , array([ 0.0229582  ,  0.0931031  ,  0.519338   ,  1.36602    ,  1.77922    ,  2.16742    ,  0.0163136  ,  0.041059   ,  0.0101521  ,  0.240443   ,  3.10483    ,  1.00897    ])
Iter time: 35.5446641445
Iter time: 68.6077170372
Iter time: 118.093028069
78      , -22446      , array([ 0.0246074  ,  0.0908691  ,  0.511863   ,  1.36031    ,  2.05787    ,  2.19535    ,  0.0180507  ,  0.0527495  ,  0.0104747  ,  0.2391     ,  3.09242    ,  1.00901    ])
Iter time: 33.7867629528
Iter time: 65.3211708069
Iter time: 112.397591114
81      , -23207.9    , array([ 0.0295342  ,  0.0966562  ,  0.518242   ,  1.34229    ,  2.60153    ,  2.22895    ,  0.0162343  ,  0.04299    ,  0.0133599  ,  0.249783   ,  3.29981    ,  1.00921    ])
Iter time: 33.6458878517
Iter time: 64.9801270962
Iter time: 111.718726873
83      , -23178.7    , array([ 0.0295518  ,  0.0971967  ,  0.519637   ,  1.34411    ,  2.5933     ,  2.22787    ,  0.0163189  ,  0.0437158  ,  0.0125121  ,  0.249858   ,  3.28944    ,  1.00925    ])
Iter time: 35.0012710094
Iter time: 67.6434969902
Iter time: 116.38830781
84      , -22416.1    , array([ 0.0252802  ,  0.0925674  ,  0.514074   ,  1.37693    ,  1.86193    ,  2.21708    ,  0.0161232  ,  0.0523173  ,  0.0102268  ,  0.235771   ,  3.11747    ,  1.00873    ])
Iter time: 35.6857991219
Iter time: 68.8075201511
Iter time: 119.603697062
86      , -22399.1    , array([ 0.0195627  ,  0.0913193  ,  0.512068   ,  1.3609     ,  1.82342    ,  2.21218    ,  0.0159779  ,  0.0524242  ,  0.011046   ,  0.230142   ,  3.11715    ,  1.00874    ])
Iter time: 37.1921839714
Iter time: 71.619081974
Iter time: 122.76663208
87      , -22021.2    , array([ 0.014348   ,  0.0880357  ,  0.507492   ,  1.3684     ,  1.50114    ,  2.20798    ,  0.0156774  ,  0.0588386  ,  0.0107748  ,  0.218602   ,  3.03208    ,  1.00846    ])
Iter time: 33.5107350349
Iter time: 64.7440629005
Iter time: 111.396764994
89      , -22976.4    , array([ 0.0274874  ,  0.0968963  ,  0.5204     ,  1.35121    ,  2.379      ,  2.19763    ,  0.0167942  ,  0.0447924  ,  0.0122267  ,  0.235655   ,  3.24605    ,  1.0091     ])
Iter time: 34.2333650589
Iter time: 66.2708618641
Iter time: 113.781903982
91      , -22942.9    , array([ 0.0271313  ,  0.0951815  ,  0.516793   ,  1.34911    ,  2.33438    ,  2.22268    ,  0.0162086  ,  0.0455343  ,  0.0121419  ,  0.244884   ,  3.23769    ,  1.00908    ])
Iter time: 34.0285048485
Iter time: 65.7457361221
Iter time: 112.993468046
93      , -22930.2    , array([ 0.0272946  ,  0.0957026  ,  0.518158   ,  1.34746    ,  2.35498    ,  2.21689    ,  0.0167891  ,  0.0451211  ,  0.0116098  ,  0.245908   ,  3.25818    ,  1.00914    ])
Iter time: 34.3469729424
Iter time: 66.0956959724
Iter time: 113.592570066
95      , -22907.7    , array([ 0.0269308  ,  0.0952717  ,  0.517237   ,  1.35062    ,  2.30809    ,  2.22193    ,  0.0162168  ,  0.0461363  ,  0.0117106  ,  0.244446   ,  3.22667    ,  1.00908    ])
Iter time: 34.1873450279
Iter time: 66.0077130795
Iter time: 113.579221964
97      , -22808.4    , array([ 0.025951   ,  0.0950573  ,  0.517485   ,  1.35416    ,  2.20789    ,  2.20781    ,  0.0164274  ,  0.0467585  ,  0.0115555  ,  0.237759   ,  3.20452    ,  1.00901    ])
Iter time: 34.6076710224
Iter time: 66.7778849602
Iter time: 114.844191074
99      , -22786.8    , array([ 0.0257346  ,  0.0942073  ,  0.515718   ,  1.35332    ,  2.18201    ,  2.21974    ,  0.0161474  ,  0.0471962  ,  0.0114916  ,  0.242072   ,  3.19902    ,  1.009      ])
Iter time: 34.9490950108
Iter time: 67.5502569675
Iter time: 115.825200081
100     , -22354.2    , array([ 0.022683   ,  0.0936147  ,  0.513728   ,  1.36012    ,  1.69347    ,  2.23866    ,  0.0159665  ,  0.0506659  ,  0.010682   ,  0.228168   ,  3.09655    ,  1.00937    ])
Iter time: 35.9226279259
Iter time: 69.2313170433
Iter time: 119.051301003
101     , -22257.4    , array([ 0.0211048  ,  0.0906981  ,  0.510446   ,  1.36959    ,  1.64391    ,  2.22385    ,  0.0152766  ,  0.0540647  ,  0.0101017  ,  0.228785   ,  3.03676    ,  1.00879    ])
Iter time: 34.6376929283
Iter time: 66.8648600578
Iter time: 115.073332071
103     , -22710.3    , array([ 0.0251668  ,  0.0940204  ,  0.515476   ,  1.35533    ,  2.10113    ,  2.22123    ,  0.0160756  ,  0.0480523  ,  0.0111923  ,  0.240128   ,  3.1778     ,  1.00901    ])
Iter time: 35.7536859512
Iter time: 68.9067769051
Iter time: 118.231644154
104     , -22217.5    , array([ 0.0212135  ,  0.0887742  ,  0.503553   ,  1.37294    ,  1.66212    ,  2.08844    ,  0.0144875  ,  0.0516561  ,  0.0102236  ,  0.233595   ,  3.0664     ,  1.00898    ])
Iter time: 34.6711120605
Iter time: 66.9351809025
Iter time: 115.102339029
106     , -22632.5    , array([ 0.0244672  ,  0.0935438  ,  0.514709   ,  1.35817    ,  2.02747    ,  2.20423    ,  0.0160454  ,  0.0485607  ,  0.0110614  ,  0.236715   ,  3.16048    ,  1.00898    ])
Iter time: 34.8439209461
Iter time: 67.2984018326
Iter time: 115.799623013
108     , -22616.1    , array([ 0.0243137  ,  0.0930972  ,  0.513787   ,  1.35795    ,  2.0094     ,  2.20953    ,  0.0159039  ,  0.0488455  ,  0.0110132  ,  0.238629   ,  3.15617    ,  1.00897    ])
Iter time: 38.0760087967
Iter time: 73.4055759907
Iter time: 126.213308096
109     , -22187.5    , array([ 0.0200285  ,  0.084053   ,  0.522333   ,  1.3718     ,  1.62293    ,  2.1741     ,  0.0152081  ,  0.0539223  ,  0.0104128  ,  0.228997   ,  3.05092    ,  1.00897    ])
Iter time: 35.1190710068
Iter time: 67.7843840122
Iter time: 116.551391125
111     , -22552.6    , array([ 0.0237481  ,  0.0923124  ,  0.514391   ,  1.35981    ,  1.9473     ,  2.20775    ,  0.0158238  ,  0.0495772  ,  0.0108475  ,  0.237094   ,  3.13957    ,  1.00898    ])
Iter time: 35.1621351242
Iter time: 67.853579998
Iter time: 116.746119022
113     , -22511.6    , array([ 0.0233866  ,  0.0920274  ,  0.513994   ,  1.3613     ,  1.90966    ,  2.19944    ,  0.0157998  ,  0.0498818  ,  0.010775   ,  0.235418   ,  3.13014    ,  1.00896    ])
Iter time: 35.2963058949
Iter time: 68.1798269749
Iter time: 117.137518167
115     , -22499.3    , array([ 0.0232754  ,  0.0917632  ,  0.513543   ,  1.36133    ,  1.89709    ,  2.20166    ,  0.0157256  ,  0.0500716  ,  0.0107418  ,  0.236235   ,  3.12693    ,  1.00896    ])
Iter time: 33.9263269901
Iter time: 65.3010470867
Iter time: 112.078190804
116     , -22159.6    , array([ 0.0183507  ,  0.0960957  ,  0.518367   ,  1.37477    ,  1.61658    ,  2.16873    ,  0.015109   ,  0.0545684  ,  0.0103806  ,  0.230045   ,  3.04529    ,  1.00907    ])
Iter time: 36.5430150032
Iter time: 70.534897089
Iter time: 121.056494951
117     , -22086.6    , array([ 0.0189642  ,  0.0884179  ,  0.507567   ,  1.38006    ,  1.59947    ,  2.18828    ,  0.0198877  ,  0.0483182  ,  0.0104686  ,  0.221764   ,  3.01096    ,  1.00858    ])
Iter time: 36.1302211285
Iter time: 69.6451978683
Iter time: 119.710337162
118     , -22067.7    , array([ 0.0187902  ,  0.0892808  ,  0.511612   ,  1.37748    ,  1.53737    ,  2.17028    ,  0.0163387  ,  0.0531567  ,  0.0100643  ,  0.225691   ,  3.01303    ,  1.00883    ])
Iter time: 36.9215250015
Iter time: 71.199105978
Iter time: 122.344298124
119     , -22004.9    , array([ 0.0187985  ,  0.0879062  ,  0.505473   ,  1.37313    ,  1.64212    ,  2.21114    ,  0.0158521  ,  0.0670074  ,  0.0107381  ,  0.220211   ,  3.03154    ,  1.00882    ])
Iter time: 38.2124760151
Iter time: 73.4231491089
Iter time: 126.189949989
120     , -21743      , array([ 0.0170104  ,  0.0854176  ,  0.498679   ,  1.37669    ,  1.57759    ,  2.23333    ,  0.0156263  ,  0.0856012  ,  0.0110436  ,  0.210742   ,  2.99555    ,  1.00875    ])
Iter time: 36.8521509171
Iter time: 70.9303708076
Iter time: 122.336075068
121     , -21908.6    , array([ 0.0175005  ,  0.0878359  ,  0.50816    ,  1.38047    ,  1.48202    ,  2.18452    ,  0.0163376  ,  0.0603503  ,  0.0101589  ,  0.220798   ,  2.98509    ,  1.00879    ])
Iter time: 37.0302600861
Iter time: 71.2149329185
Iter time: 122.330157042
122     , -21826.4    , array([ 0.0167679  ,  0.0874489  ,  0.507715   ,  1.38366    ,  1.43168    ,  2.17948    ,  0.0165194  ,  0.0620218  ,  0.0100961  ,  0.217571   ,  2.96512    ,  1.00876    ])
Iter time: 36.9823448658
Iter time: 71.2441160679
Iter time: 122.303544998
123     , -21823.1    , array([ 0.0148781  ,  0.0877464  ,  0.50869    ,  1.38863    ,  1.24239    ,  2.18309    ,  0.0141805  ,  0.0604837  ,  0.0102901  ,  0.211609   ,  2.97727    ,  1.00867    ])
Iter time: 37.9946029186
Iter time: 73.001098156
Iter time: 125.217375994
124     , -21722      , array([ 0.0132575  ,  0.0853721  ,  0.505615   ,  1.37381    ,  1.28359    ,  2.15614    ,  0.0155396  ,  0.0624756  ,  0.0105504  ,  0.210765   ,  2.93079    ,  1.00894    ])
Iter time: 39.8832519054
Iter time: 76.2800941467
Iter time: 130.642298937
125     , -21431.7    , array([ 0.00960066 ,  0.081987   ,  0.501437   ,  1.37225    ,  1.06576    ,  2.12629    ,  0.0152558  ,  0.068272   ,  0.010716   ,  0.199275   ,  2.84168    ,  1.00904    ])
Iter time: 38.923926115
Iter time: 74.793776989
Iter time: 128.196907043
126     , -21603.9    , array([ 0.0128029  ,  0.0825715  ,  0.503918   ,  1.39284    ,  1.30645    ,  2.1171     ,  0.0155734  ,  0.0677998  ,  0.0101062  ,  0.212928   ,  2.90866    ,  1.00825    ])
Iter time: 38.344055891
Iter time: 73.6608991623
Iter time: 126.529601097
127     , -21587.5    , array([ 0.0126604  ,  0.0839038  ,  0.50607    ,  1.3871     ,  1.29527    ,  2.1138     ,  0.0163291  ,  0.0659804  ,  0.0106875  ,  0.209828   ,  2.94469    ,  1.00873    ])
Iter time: 39.0689170361
Iter time: 74.9551181793
Iter time: 128.375025988
128     , -21544.4    , array([ 0.0115573  ,  0.0849198  ,  0.513424   ,  1.38608    ,  1.22892    ,  2.25539    ,  0.0175652  ,  0.0719321  ,  0.0106385  ,  0.201864   ,  2.8966     ,  1.0085     ])
Iter time: 36.8745470047
Iter time: 70.6821091175
Iter time: 120.910377979
129     , -21461.9    , array([ 0.0111692  ,  0.0898432  ,  0.493548   ,  1.38963    ,  1.2016     ,  2.17982    ,  0.0171397  ,  0.0722995  ,  0.0104826  ,  0.201634   ,  2.88623    ,  1.00843    ])
Iter time: 41.761343956
Iter time: 80.163351059
Iter time: 139.026238918
130     , -21379.2    , array([ 0.0112222  ,  0.0777077  ,  0.493273   ,  1.38911    ,  1.14813    ,  2.18708    ,  0.0176186  ,  0.0748736  ,  0.0105322  ,  0.196354   ,  2.86582    ,  1.00822    ])
Iter time: 46.5028071404
Iter time: 89.1148068905
Iter time: 152.523223162
131     , -21043.9    , array([ 0.00877589 ,  0.0698786  ,  0.481186   ,  1.39634    ,  0.967578   ,  2.19631    ,  0.0190257  ,  0.0877046  ,  0.0106088  ,  0.181407   ,  2.78009    ,  1.00779    ])
Iter time: 40.416893959
Iter time: 77.4000740051
Iter time: 132.428705215
132     , -21258.4    , array([ 0.00955041 ,  0.0812074  ,  0.499308   ,  1.38649    ,  1.06716    ,  2.16886    ,  0.0132866  ,  0.0933922  ,  0.0104669  ,  0.196979   ,  2.86022    ,  1.00859    ])
Iter time: 41.730399847
Iter time: 79.860172987
Iter time: 136.464128017
133     , -21163.2    , array([ 0.00861072 ,  0.0791621  ,  0.493355   ,  1.3906     ,  1.04473    ,  2.18661    ,  0.0156248  ,  0.0932514  ,  0.0109587  ,  0.189212   ,  2.83356    ,  1.0083     ])
Iter time: 41.147824049
Iter time: 78.8446669579
Iter time: 134.88302803
134     , -21068.2    , array([ 0.0103567  ,  0.0788726  ,  0.495023   ,  1.40359    ,  1.00722    ,  2.1458     ,  0.0162748  ,  0.0909669  ,  0.010265   ,  0.190703   ,  2.78416    ,  1.00864    ])
Iter time: 42.515681982
Iter time: 81.3646850586
Iter time: 138.804278135
135     , -21053.2    , array([ 0.0077802  ,  0.0776466  ,  0.492219   ,  1.39517    ,  0.956612   ,  2.16238    ,  0.0156071  ,  0.0949658  ,  0.0109062  ,  0.184251   ,  2.79534    ,  1.00829    ])
Iter time: 43.3695890903
Iter time: 82.7377209663
Iter time: 141.42634201
136     , -21006.6    , array([ 0.00714464 ,  0.0764601  ,  0.490112   ,  1.39388    ,  0.925886   ,  2.16454    ,  0.0152899  ,  0.0992064  ,  0.0111162  ,  0.181876   ,  2.78664    ,  1.00823    ])
Iter time: 58.1286921501
Iter time: 110.412006855
Iter time: 188.187743902
137     , -20689.3    , array([ 0.0046637  ,  0.0714949  ,  0.481541   ,  1.39902    ,  0.744582   ,  2.15712    ,  0.0147099  ,  0.125469   ,  0.0116643  ,  0.166288   ,  2.70147    ,  1.00797    ])
Iter time: 45.0700240135
Iter time: 85.815320015
Iter time: 146.497722864
138     , -20767      , array([ 0.00663657 ,  0.0736434  ,  0.484721   ,  1.39062    ,  0.979693   ,  2.15665    ,  0.017921   ,  0.114885   ,  0.0111368  ,  0.179636   ,  2.73066    ,  1.00821    ])
Iter time: 57.974517107
Iter time: 110.526023865
Iter time: 188.464957952
139     , -20858.2    , array([ 0.00496188 ,  0.0738041  ,  0.492118   ,  1.40503    ,  0.712639   ,  2.0959     ,  0.0166385  ,  0.0852545  ,  0.0103915  ,  0.175638   ,  2.67244    ,  1.00804    ])
Iter time: 50.2040779591
Iter time: 95.7738330364
Iter time: 163.23289609
140     , -20769.8    , array([ 0.00562918 ,  0.0749329  ,  0.485083   ,  1.39076    ,  0.777857   ,  2.20726    ,  0.01688    ,  0.111828   ,  0.0114083  ,  0.168345   ,  2.71371    ,  1.0085     ])
Iter time: 59.4978170395
Iter time: 113.398048878
Iter time: 193.831618071
141     , -20679.1    , array([ 0.00497321 ,  0.0723663  ,  0.479621   ,  1.39713    ,  0.720645   ,  2.22671    ,  0.0161882  ,  0.125474   ,  0.0109057  ,  0.164675   ,  2.64426    ,  1.00799    ])
Iter time: 128.407032013
Iter time: 248.813368082
Iter time: 423.748094082
142     , -20408      , array([ 0.00311696 ,  0.0672069  ,  0.46692    ,  1.40217    ,  0.537528   ,  2.2854     ,  0.0161182  ,  0.17303    ,  0.0110165  ,  0.145885   ,  2.50574    ,  1.00761    ])
Iter time: 70.8707768917
Iter time: 135.38872385
Iter time: 231.093456984
143     , -20522      , array([ 0.004379   ,  0.0687664  ,  0.46533    ,  1.40085    ,  0.661764   ,  2.09152    ,  0.0148348  ,  0.133223   ,  0.0110199  ,  0.162152   ,  2.62399    ,  1.00807    ])
Iter time: 87.3444850445
Iter time: 167.037389994
Iter time: 285.81701088
144     , -20467.3    , array([ 0.00387646 ,  0.0621654  ,  0.479343   ,  1.39915    ,  0.612762   ,  2.14917    ,  0.0148416  ,  0.146759   ,  0.0112773  ,  0.156547   ,  2.59194    ,  1.00807    ])
Iter time: 84.6445558071
Iter time: 161.975809097
Iter time: 276.931980848
145     , -20275.4    , array([ 0.00387714 ,  0.0650513  ,  0.468271   ,  1.42146    ,  0.62999    ,  2.2072     ,  0.016598   ,  0.17656    ,  0.011126   ,  0.152156   ,  2.59252    ,  1.00731    ])
Iter time: 181.559448957
Iter time: 349.458837032
Iter time: 599.227253914
146     , -19870.3    , array([ 0.00246386 ,  0.0579444  ,  0.45252    ,  1.44673    ,  0.484364   ,  2.2488     ,  0.0173128  ,  0.283934   ,  0.0113368  ,  0.132955   ,  2.47626    ,  1.00645    ])
Iter time: 123.756117821
Iter time: 238.552721977
Iter time: 409.036859989
147     , -20260      , array([ 0.00310973 ,  0.0620833  ,  0.462619   ,  1.41687    ,  0.551551   ,  2.17697    ,  0.0199176  ,  0.155349   ,  0.0115433  ,  0.144168   ,  2.51458    ,  1.0074     ])
Iter time: 146.602440119
Iter time: 281.917958975
Iter time: 483.599637985
148     , -20248.9    , array([ 0.00291062 ,  0.0611593  ,  0.463209   ,  1.41709    ,  0.506495   ,  2.15771    ,  0.0176362  ,  0.169397   ,  0.0111212  ,  0.143436   ,  2.4882     ,  1.00754    ])
Iter time: 230.089581013
Iter time: 442.912287951
Iter time: 760.127835035
149     , -20278      , array([ 0.00195853 ,  0.058836   ,  0.456566   ,  1.40622    ,  0.468486   ,  2.20078    ,  0.0171601  ,  0.192612   ,  0.0120323  ,  0.135717   ,  2.48536    ,  1.00702    ])
Iter time: 243.971027136
Iter time: 469.685476065
Iter time: 808.414709091
150     , -20168.6    , array([ 0.00207166 ,  0.0570647  ,  0.453448   ,  1.41656    ,  0.437937   ,  2.19032    ,  0.0181794  ,  0.207579   ,  0.0115119  ,  0.133491   ,  2.4274     ,  1.00716    ])
Iter time: 401.534043074
Iter time: 775.844724894
Iter time: 1334.92567182
151     , -20260.5    , array([ 0.00144385 ,  0.0613031  ,  0.459278   ,  1.41878    ,  0.379387   ,  2.15551    ,  0.0148002  ,  0.259471   ,  0.0119969  ,  0.128828   ,  2.38615    ,  1.00755    ])
Iter time: 229.525059938
Iter time: 443.115966082
Iter time: 759.743409872
152     , -19881.6    , array([ 0.0020788  ,  0.0562747  ,  0.443936   ,  1.41229    ,  0.463732   ,  2.26935    ,  0.0165966  ,  0.321334   ,  0.0125446  ,  0.12636    ,  2.43583    ,  1.00722    ])
Iter time: 374.734835148
Iter time: 724.618782997
Iter time: 1246.09958816
153     , -20088.1    , array([ 0.00155206 ,  0.0528439  ,  0.44377    ,  1.43044    ,  0.389761   ,  2.16485    ,  0.016313   ,  0.292095   ,  0.0116088  ,  0.125679   ,  2.35599    ,  1.00654    ])
Iter time: 767.765498161
Iter time: 1485.9929049
Iter time: 2562.68455601
154     , -20504.9    , array([ 0.00103333 ,  0.0508757  ,  0.437615   ,  1.43734    ,  0.265395   ,  2.21705    ,  0.0151266  ,  0.332168   ,  0.0119743  ,  0.110972   ,  2.28447    ,  1.00656    ])
Iter time: 670.258181095
Iter time: 1299.19876599
Iter time: 2240.79636908
155     , -20236.9    , array([ 0.00114385 ,  0.0495155  ,  0.433538   ,  1.43515    ,  0.294036   ,  2.22672    ,  0.0185146  ,  0.357727   ,  0.0114829  ,  0.112065   ,  2.24552    ,  1.00657    ])
Iter time: 129.764200926
Iter time: 249.170629025
Iter time: 426.641002893
157     , -20280.4    , array([ 0.00300726 ,  0.0630956  ,  0.459743   ,  1.41031    ,  0.537961   ,  2.14659    ,  0.0157918  ,  0.175059   ,  0.0113126  ,  0.146507   ,  2.52576    ,  1.00761    ])
Iter time: 55.3429281712
Iter time: 105.254407883
Iter time: 179.573973894
158     , -20431.9    , array([ 0.00493192 ,  0.0682835  ,  0.475353   ,  1.3981     ,  0.810673   ,  2.17751    ,  0.0188164  ,  0.143174   ,  0.0111564  ,  0.165381   ,  2.63103    ,  1.0079     ])
Iter time: 455.878401041
Iter time: 882.155541897
Iter time: 1517.30710888
159     , -20013.5    , array([ 0.00136851 ,  0.0567638  ,  0.433368   ,  1.43608    ,  0.36788    ,  2.25119    ,  0.0199514  ,  0.32272    ,  0.0118247  ,  0.118311   ,  2.32472    ,  1.00635    ])
Iter time: 109.059859991
Iter time: 209.223552942
Iter time: 357.401139021
161     , -20187.2    , array([ 0.00319507 ,  0.0632003  ,  0.463672   ,  1.40934    ,  0.600309   ,  2.19156    ,  0.0180382  ,  0.182599   ,  0.0113779  ,  0.147945   ,  2.52826    ,  1.00749    ])
Iter time: 433.804059982
Iter time: 836.382297039
Iter time: 1440.46150303
162     , -19978.9    , array([ 0.00138022 ,  0.0503945  ,  0.437586   ,  1.44063    ,  0.374457   ,  2.11395    ,  0.0189026  ,  0.316252   ,  0.0122885  ,  0.120346   ,  2.3591     ,  1.00654    ])
Iter time: 515.278382063
Iter time: 996.804962158
Iter time: 1718.07461691
163     , -20001.1    , array([ 0.00125644 ,  0.0517045  ,  0.440773   ,  1.4374     ,  0.352231   ,  2.2449     ,  0.0198803  ,  0.344967   ,  0.0121331  ,  0.11597    ,  2.31393    ,  1.00637    ])
Iter time: 337.885017872
Iter time: 653.156769991
Iter time: 1124.6774559
164     , -19811.9    , array([ 0.00179164 ,  0.0542665  ,  0.441244   ,  1.44686    ,  0.385689   ,  2.19688    ,  0.0187493  ,  0.345512   ,  0.0114231  ,  0.121952   ,  2.3237     ,  1.00684    ])
Iter time: 402.319932938
Iter time: 780.24625802
Iter time: 1341.68473482
165     , -19631.3    , array([ 0.0017136  ,  0.0521166  ,  0.433778   ,  1.46761    ,  0.349951   ,  2.19494    ,  0.0195983  ,  0.462758   ,  0.0111302  ,  0.115602   ,  2.24685    ,  1.00675    ])
Iter time: 197.064679146
Iter time: 379.598366022
Iter time: 651.887350082
166     , -19733.9    , array([ 0.00250066 ,  0.0506923  ,  0.434482   ,  1.44217    ,  0.469901   ,  2.24981    ,  0.0227805  ,  0.282445   ,  0.0113145  ,  0.126175   ,  2.39616    ,  1.00618    ])
Iter time: 652.800869942
Iter time: 1262.48882198
Iter time: 2172.57051682
167     , -19893.7    , array([ 0.00111963 ,  0.0483924  ,  0.426856   ,  1.44838    ,  0.314707   ,  2.23988    ,  0.0173108  ,  0.521177   ,  0.01172    ,  0.110272   ,  2.25558    ,  1.00613    ])
Iter time: 720.2363801
Iter time: 1391.02310586
Iter time: 2397.3520751
168     , -19820      , array([ 0.00102014 ,  0.0472434  ,  0.420545   ,  1.45343    ,  0.316571   ,  2.274      ,  0.0194895  ,  0.576413   ,  0.0122716  ,  0.106082   ,  2.2425     ,  1.00575    ])
Iter time: 151.883584023
Iter time: 291.654207945
Iter time: 499.779124022
169     , -19754.4    , array([ 0.00254679 ,  0.0578979  ,  0.447054   ,  1.43817    ,  0.552067   ,  2.21126    ,  0.0187242  ,  0.295542   ,  0.0120174  ,  0.134542   ,  2.4843     ,  1.00659    ])
Iter time: 194.778833151
Iter time: 374.839334965
Iter time: 643.769407034
171     , -19957.9    , array([ 0.00231327 ,  0.0579596  ,  0.45112    ,  1.42413    ,  0.490083   ,  2.20605    ,  0.0183549  ,  0.248602   ,  0.0115874  ,  0.13425    ,  2.44188    ,  1.007      ])
Iter time: 458.580618858
Iter time: 888.504007101
Iter time: 1525.52460599
172     , -19531.2    , array([ 0.00137916 ,  0.0496387  ,  0.424469   ,  1.46326    ,  0.372443   ,  2.25405    ,  0.0192193  ,  0.568714   ,  0.01211    ,  0.111279   ,  2.29372    ,  1.00582    ])
Iter time: 624.421306849
Iter time: 1209.30972099
Iter time: 2078.10184312
173     , -19323.3    , array([ 0.00112529 ,  0.0462964  ,  0.410681   ,  1.48719    ,  0.343466   ,  2.28661    ,  0.0197613  ,  0.941344   ,  0.0124206  ,  0.1016     ,  2.22967    ,  1.00514    ])
Iter time: 327.97764802
Iter time: 631.366915941
Iter time: 1087.21723008
174     , -19427      , array([ 0.00174482 ,  0.0524347  ,  0.42816    ,  1.4585     ,  0.409751   ,  2.30146    ,  0.0221137  ,  0.491199   ,  0.012145   ,  0.11408    ,  2.34164    ,  1.0062     ])
Iter time: 253.511332035
Iter time: 489.652961016
Iter time: 839.623252153
175     , -19407.7    , array([ 0.0020606  ,  0.0481726  ,  0.437554   ,  1.45652    ,  0.441993   ,  2.22135    ,  0.0183937  ,  0.476827   ,  0.0119765  ,  0.120451   ,  2.37601    ,  1.00636    ])
Iter time: 197.443766117
Iter time: 380.5836339
Iter time: 652.865099192
176     , -19381.6    , array([ 0.00243731 ,  0.0522662  ,  0.429678   ,  1.45839    ,  0.479428   ,  2.22366    ,  0.018222   ,  0.470803   ,  0.0116469  ,  0.123662   ,  2.39764    ,  1.00635    ])
Iter time: 210.444173098
Iter time: 403.283895969
Iter time: 692.896453857
177     , -19369.9    , array([ 0.00243929 ,  0.0539518  ,  0.431495   ,  1.4581     ,  0.469934   ,  2.38141    ,  0.0190477  ,  0.548763   ,  0.0113973  ,  0.119706   ,  2.3581     ,  1.00615    ])
Iter time: 457.203547955
Iter time: 884.986218929
Iter time: 1522.05831695
178     , -19245.6    , array([ 0.00146833 ,  0.046353   ,  0.415458   ,  1.48079    ,  0.356558   ,  2.31127    ,  0.0197376  ,  0.796576   ,  0.0120535  ,  0.105277   ,  2.26494    ,  1.00555    ])
Iter time: 677.733228922
Iter time: 1313.03690982
Iter time: 2259.94880295
179     , -19080      , array([ 0.00116983 ,  0.0414528  ,  0.398699   ,  1.50996    ,  0.304131   ,  2.36576    ,  0.0204676  ,  1.4259     ,  0.0122936  ,  0.0932276  ,  2.18134    ,  1.00483    ])
Iter time: 135.565758944
Iter time: 260.399940014
Iter time: 446.314963818
180     , -19339.4    , array([ 0.00305597 ,  0.0541031  ,  0.434108   ,  1.46615    ,  0.552103   ,  2.29719    ,  0.0215206  ,  0.449363   ,  0.0120125  ,  0.124632   ,  2.43837    ,  1.0062     ])
Iter time: 365.811307907
Iter time: 703.713938951
Iter time: 1211.80926299
181     , -19022.8    , array([ 0.0017551  ,  0.0462208  ,  0.415852   ,  1.51302    ,  0.38573    ,  2.27198    ,  0.02344    ,  0.770724   ,  0.0111421  ,  0.108515   ,  2.25833    ,  1.00494    ])
Iter time: 452.093280077
Iter time: 873.300324917
Iter time: 1503.44875407
182     , -18691.3    , array([ 0.00161267 ,  0.0418889  ,  0.402483   ,  1.56605    ,  0.351797   ,  2.27329    ,  0.0278565  ,  1.19363    ,  0.0105007  ,  0.100561   ,  2.17449    ,  1.0038     ])
Iter time: 529.239244223
Iter time: 1019.23780417
Iter time: 1754.98091817
183     , -18989.8    , array([ 0.00137981 ,  0.0425259  ,  0.400073   ,  1.49664    ,  0.350133   ,  2.29688    ,  0.0243241  ,  1.1081     ,  0.0121727  ,  0.0984416  ,  2.17386    ,  1.00527    ])
Iter time: 127.712275028
Iter time: 245.035439014
Iter time: 421.571762085
184     , -18985      , array([ 0.00350457 ,  0.0512518  ,  0.426926   ,  1.49704    ,  0.544787   ,  2.27522    ,  0.0224204  ,  0.608656   ,  0.0112302  ,  0.121852   ,  2.38806    ,  1.00589    ])
Iter time: 544.462002039
Iter time: 1055.97595692
Iter time: 1819.17922115
185     , -18901.5    , array([ 0.0014805  ,  0.0409791  ,  0.398538   ,  1.52306    ,  0.311707   ,  2.35092    ,  0.024048   ,  1.33899    ,  0.0113391  ,  0.0945027  ,  2.14147    ,  1.00494    ])
Iter time: 535.616286039
Iter time: 1035.21328592
Iter time: 1782.60720706
186     , -18819      , array([ 0.00138168 ,  0.0451738  ,  0.404211   ,  1.53273    ,  0.341996   ,  2.32763    ,  0.0199452  ,  1.81595    ,  0.0120478  ,  0.0960305  ,  2.17905    ,  1.00513    ])
Iter time: 279.119193077
Iter time: 539.862643957
Iter time: 924.590622902
187     , -18585.7    , array([ 0.00194522 ,  0.0429046  ,  0.400132   ,  1.51709    ,  0.457463   ,  2.40928    ,  0.0232516  ,  1.39201    ,  0.0124101  ,  0.101623   ,  2.31202    ,  1.00429    ])
Iter time: 243.438058853
Iter time: 468.316270113
Iter time: 804.171083927
188     , -18356.8    , array([ 0.00207252 ,  0.0389285  ,  0.384301   ,  1.54244    ,  0.523034   ,  2.52418    ,  0.0253262  ,  2.41428    ,  0.0131043  ,  0.0952802  ,  2.34531    ,  1.00306    ])
Iter time: 327.85881114
Iter time: 635.92075181
Iter time: 1090.89457202
189     , -18499.8    , array([ 0.00196601 ,  0.0405791  ,  0.398145   ,  1.54088    ,  0.406922   ,  2.33341    ,  0.0210779  ,  1.70999    ,  0.0115182  ,  0.0999337  ,  2.219      ,  1.00432    ])
Iter time: 436.727974892
Iter time: 846.893339157
Iter time: 1457.81362104
190     , -18569.1    , array([ 0.00165174 ,  0.0429245  ,  0.383516   ,  1.55751    ,  0.372077   ,  2.43747    ,  0.0259226  ,  2.17937    ,  0.0116045  ,  0.0917475  ,  2.16213    ,  1.00382    ])
Iter time: 621.492889166
Iter time: 1203.89911389
Iter time: 2082.01457095
191     , -18644.1    , array([ 0.00130877 ,  0.0382852  ,  0.383218   ,  1.57266    ,  0.328833   ,  2.47248    ,  0.0277503  ,  2.84949    ,  0.0119257  ,  0.0850282  ,  2.10602    ,  1.00341    ])
Iter time: 701.122903109
Iter time: 1493.74980497
Iter time: 2353.58674288
192     , -18611.1    , array([ 0.00117881 ,  0.0350282  ,  0.374133   ,  1.59292    ,  0.316096   ,  2.32319    ,  0.0282656  ,  3.217      ,  0.0122793  ,  0.0829705  ,  2.10136    ,  1.00316    ])
Iter time: 250.407939911
Iter time: 482.391261101
Iter time: 828.105512857
194     , -18889.5    , array([ 0.00218783 ,  0.0476266  ,  0.415058   ,  1.49998    ,  0.450694   ,  2.32559    ,  0.0226014  ,  0.838739   ,  0.0119318  ,  0.109575   ,  2.31539    ,  1.0053     ])
Iter time: 288.880534887
Iter time: 557.918052912
Iter time: 958.930940866
195     , -18171.9    , array([ 0.00243566 ,  0.0381469  ,  0.384151   ,  1.58576    ,  0.412355   ,  2.43089    ,  0.0291567  ,  2.55394    ,  0.0112335  ,  0.0925044  ,  2.18166    ,  1.00368    ])
Iter time: 235.882760048
Iter time: 455.427484989
Iter time: 783.659996986
196     , -18008.7    , array([ 0.00358339 ,  0.0346271  ,  0.371536   ,  1.63748    ,  0.45182    ,  2.50641    ,  0.035416   ,  4.2067     ,  0.0106832  ,  0.0882665  ,  2.15805    ,  1.00294    ])
Iter time: 206.639657021
Iter time: 397.767389059
Iter time: 683.631881952
197     , -18088.2    , array([ 0.0028235  ,  0.0413456  ,  0.39107    ,  1.58309    ,  0.497445   ,  2.37229    ,  0.0308444  ,  2.0192     ,  0.0110871  ,  0.0998976  ,  2.22601    ,  1.00368    ])
Iter time: 241.913721085
Iter time: 466.849739075
Iter time: 803.232946157
198     , -18184.4    , array([ 0.00269723 ,  0.0401137  ,  0.388251   ,  1.6122     ,  0.458133   ,  2.45661    ,  0.0270021  ,  2.87157    ,  0.0110242  ,  0.0948383  ,  2.24252    ,  1.00297    ])
Iter time: 930.343532085
Iter time: 1776.03814912
Iter time: 4280.27119088
199     , -19136.1    , array([ 0.0010166  ,  0.0319522  ,  0.358118   ,  1.63181    ,  0.286061   ,  2.51191    ,  0.0302168  ,  6.77049    ,  0.0119125  ,  0.0734832  ,  2.02009    ,  1.00187    ])
Iter time: 214.224097013
Iter time: 413.27872014
Iter time: 710.792707205
200     , -18582.1    , array([ 0.00257195 ,  0.0455415  ,  0.408574   ,  1.52965    ,  0.463751   ,  2.33222    ,  0.0241571  ,  1.11156    ,  0.0113971  ,  0.10738    ,  2.29021    ,  1.00488    ])
Iter time: 213.287474871
Iter time: 411.282361984
Iter time: 706.602049112
201     , -18120.1    , array([ 0.00263846 ,  0.0406713  ,  0.385219   ,  1.60508    ,  0.53419    ,  2.42779    ,  0.028193   ,  2.98359    ,  0.0118082  ,  0.0967883  ,  2.27804    ,  1.00281    ])
Iter time: 459.255680799
Iter time: 889.510191917
Iter time: 1532.78405213
202     , -18455.5    , array([ 0.00184206 ,  0.0340858  ,  0.365317   ,  1.64828    ,  0.380069   ,  2.47189    ,  0.0311232  ,  5.88496    ,  0.0112022  ,  0.0817662  ,  2.10123    ,  1.00204    ])
Iter time: 214.659206867
Iter time: 415.571711063
Iter time: 712.510797024
203     , -17907.9    , array([ 0.00306003 ,  0.0342888  ,  0.368848   ,  1.63272    ,  0.509757   ,  2.4946     ,  0.0379831  ,  3.30652    ,  0.0109606  ,  0.0908316  ,  2.21921    ,  1.00169    ])
Iter time: 278.630834818
Iter time: 540.729090214
Iter time: 929.131096125
205     , -18540.3    , array([ 0.00291708 ,  0.0357641  ,  0.365082   ,  1.60912    ,  0.527154   ,  2.59408    ,  0.0286382  ,  5.96151    ,  0.0126655  ,  0.0852809  ,  2.23142    ,  1.00266    ])
Iter time: 139.108475924
Iter time: 267.869616032
Iter time: 459.959008217
206     , -17975      , array([ 0.00410817 ,  0.0386888  ,  0.38035    ,  1.6085     ,  0.610119   ,  2.40425    ,  0.0288992  ,  2.82417    ,  0.0112646  ,  0.10091    ,  2.32629    ,  1.00293    ])
Iter time: 109.638077021
Iter time: 208.104593039
Iter time: 357.75702405
207     , -18300.8    , array([ 0.00561609 ,  0.0429926  ,  0.390658   ,  1.59061    ,  0.708223   ,  2.57343    ,  0.0284772  ,  2.44782    ,  0.0107841  ,  0.106841   ,  2.37129    ,  1.00314    ])
Iter time: 338.619837999
Iter time: 656.486160994
Iter time: 1129.77891397
208     , -18617.1    , array([ 0.00293186 ,  0.0327518  ,  0.355063   ,  1.66723    ,  0.518026   ,  2.60587    ,  0.0342469  ,  8.08051    ,  0.0115123  ,  0.0824857  ,  2.18841    ,  1.00113    ])
Iter time: 215.493330002
Iter time: 415.803246021
Iter time: 715.611648083
209     , -18272.7    , array([ 0.00265756 ,  0.0419386  ,  0.394484   ,  1.56294    ,  0.476762   ,  2.39781    ,  0.0263596  ,  1.8252     ,  0.0114258  ,  0.100528   ,  2.26433    ,  1.00394    ])
Iter time: 152.130678177
Iter time: 293.556858063
Iter time: 505.372055054
210     , -17961.3    , array([ 0.00494184 ,  0.0346143  ,  0.380044   ,  1.63835    ,  0.672897   ,  2.48653    ,  0.0320034  ,  4.00134    ,  0.0112773  ,  0.0980215  ,  2.33596    ,  1.00221    ])
Iter time: 176.884675026
Iter time: 341.120606899
Iter time: 585.436073065
211     , -18181      , array([ 0.00305518 ,  0.0413188  ,  0.401915   ,  1.59057    ,  0.494667   ,  2.31998    ,  0.0295101  ,  1.36874    ,  0.0101346  ,  0.10793    ,  2.28077    ,  1.0033     ])
Iter time: 174.411869049
Iter time: 337.287054062
Iter time: 581.286422968
212     , -18035.9    , array([ 0.00487874 ,  0.0365258  ,  0.369118   ,  1.66983    ,  0.662021   ,  2.57668    ,  0.0424079  ,  4.59801    ,  0.0109089  ,  0.093294   ,  2.30404    ,  1.00147    ])
Iter time: 78.695857048
Iter time: 151.229534864
Iter time: 259.144394875
213     , -18385.6    , array([ 0.0061248  ,  0.0439879  ,  0.402983   ,  1.5644     ,  0.777481   ,  2.44921    ,  0.0302401  ,  1.28221    ,  0.0111672  ,  0.116557   ,  2.47084    ,  1.00366    ])
Iter time: 108.573199987
Iter time: 208.880422115
Iter time: 358.146869183
214     , -18139.5    , array([ 0.00453571 ,  0.0412708  ,  0.393217   ,  1.58496    ,  0.650104   ,  2.45486    ,  0.0304585  ,  1.87675    ,  0.0111759  ,  0.106671   ,  2.37275    ,  1.00325    ])
Iter time: 197.654277802
Iter time: 380.396904945
Iter time: 653.499129057
216     , -18185.6    , array([ 0.00272597 ,  0.0389195  ,  0.384361   ,  1.57558    ,  0.53807    ,  2.48926    ,  0.0280893  ,  2.54837    ,  0.0120265  ,  0.0968998  ,  2.31281    ,  1.00296    ])
Iter time: 335.819371223
Iter time: 649.854049921
Iter time: 1118.74942112
217     , -17949.6    , array([ 0.00202924 ,  0.0346368  ,  0.377262   ,  1.62591    ,  0.413271   ,  2.32874    ,  0.0340043  ,  2.97582    ,  0.0115036  ,  0.0894287  ,  2.18458    ,  1.00255    ])
Iter time: 181.34091711
Iter time: 353.178201914
Iter time: 602.257520914
218     , -17880      , array([ 0.00409977 ,  0.0343931  ,  0.370834   ,  1.66562    ,  0.599459   ,  2.48715    ,  0.0383289  ,  4.32971    ,  0.0108698  ,  0.0932101  ,  2.27415    ,  1.00152    ])
Iter time: 228.88242507
Iter time: 443.577085018
Iter time: 764.567324162
219     , -17971.9    , array([ 0.00509211 ,  0.0311458  ,  0.359546   ,  1.71947    ,  0.672184   ,  2.53307    ,  0.0462189  ,  6.66857    ,  0.0106021  ,  0.0897535  ,  2.27907    ,  1.00031    ])
Iter time: 165.524904013
Iter time: 321.265669107
Iter time: 549.70363307
220     , -17721      , array([ 0.00427821 ,  0.0363052  ,  0.378335   ,  1.66763    ,  0.540807   ,  2.39544    ,  0.037881   ,  3.38745    ,  0.0101543  ,  0.0960762  ,  2.22023    ,  1.00226    ])
Iter time: 134.592907906
Iter time: 259.360049963
Iter time: 445.604011059
222     , -17661      , array([ 0.00466934 ,  0.0346436  ,  0.372933   ,  1.63897    ,  0.652976   ,  2.4171     ,  0.0416936  ,  3.09011    ,  0.0109268  ,  0.098377   ,  2.28601    ,  1.00213    ])
Iter time: 126.174726009
Iter time: 243.759525061
Iter time: 418.435714006
223     , -17424.9    , array([ 0.00614363 ,  0.032195   ,  0.365502   ,  1.65252    ,  0.779561   ,  2.39758    ,  0.051809   ,  3.20554    ,  0.0108784  ,  0.100196   ,  2.30808    ,  1.00171    ])
Iter time: 261.68255806
Iter time: 507.107642174
Iter time: 874.14550209
224     , -18308.5    , array([ 0.00463128 ,  0.0322633  ,  0.354597   ,  1.67187    ,  0.652379   ,  2.57352    ,  0.0419019  ,  7.47084    ,  0.0120271  ,  0.0853793  ,  2.25214    ,  1.00154    ])
Iter time: 164.130949974
Iter time: 316.535375118
Iter time: 543.619033098
225     , -17946.7    , array([ 0.00339003 ,  0.0388407  ,  0.389524   ,  1.61052    ,  0.530102   ,  2.38092    ,  0.0322134  ,  2.0921     ,  0.0105778  ,  0.101788   ,  2.27358    ,  1.00286    ])
Iter time: 276.203800917
Iter time: 534.496178865
Iter time: 921.234322071
226     , -17872.9    , array([ 0.0029718  ,  0.0319757  ,  0.361871   ,  1.68226    ,  0.479799   ,  2.41976    ,  0.040978   ,  5.54814    ,  0.0108069  ,  0.0857147  ,  2.14948    ,  1.00152    ])
Iter time: 159.127000809
Iter time: 307.893058777
Iter time: 530.789813995
227     , -17529.2    , array([ 0.00521105 ,  0.0311719  ,  0.365554   ,  1.67423    ,  0.573552   ,  2.44539    ,  0.0471181  ,  3.87004    ,  0.0100783  ,  0.0925732  ,  2.21727    ,  1.00174    ])
Iter time: 219.427965164
Iter time: 425.63518095
Iter time: 733.965575933
228     , -17840.4    , array([ 0.00539318 ,  0.0292535  ,  0.356059   ,  1.71339    ,  0.630709   ,  2.51529    ,  0.046219   ,  6.3733     ,  0.0105645  ,  0.0885608  ,  2.26762    ,  1.00055    ])
Iter time: 211.945401907
Iter time: 410.038727999
Iter time: 705.063282967
229     , -17694.3    , array([ 0.0031738  ,  0.0319108  ,  0.374976   ,  1.63138    ,  0.470105   ,  2.30649    ,  0.0341019  ,  2.95533    ,  0.0106798  ,  0.09401    ,  2.185      ,  1.00261    ])
Iter time: 130.564113855
Iter time: 251.365601063
Iter time: 431.564352989
230     , -17550      , array([ 0.00423456 ,  0.0332054  ,  0.373109   ,  1.66258    ,  0.693381   ,  2.33852    ,  0.040578   ,  3.04565    ,  0.0109048  ,  0.100414   ,  2.33765    ,  1.00108    ])
Iter time: 213.659383059
Iter time: 413.285297155
Iter time: 711.563519001
231     , -17439.1    , array([ 0.00371234 ,  0.0289718  ,  0.363297   ,  1.70189    ,  0.524546   ,  2.42665    ,  0.0526225  ,  4.59403    ,  0.0102862  ,  0.0877611  ,  2.17035    ,  1.00079    ])
Iter time: 243.155946016
Iter time: 470.718172073
Iter time: 810.502634048
232     , -17440      , array([ 0.00294239 ,  0.0314359  ,  0.360869   ,  1.6815     ,  0.45627    ,  2.33684    ,  0.0516245  ,  3.31801    ,  0.0101182  ,  0.0886973  ,  2.13504    ,  1.00126    ])
Iter time: 232.711106062
Iter time: 449.996715069
Iter time: 774.960376024
234     , -17742.6    , array([ 0.00282513 ,  0.0336655  ,  0.37309    ,  1.64506    ,  0.480509   ,  2.36962    ,  0.0378299  ,  3.30783    ,  0.0110261  ,  0.0912847  ,  2.20667    ,  1.00209    ])
