==========================================
SLURM_JOB_ID = 18981515
SLURM_NODELIST = c8-74
==========================================
Module slurm/17.11.5 loaded 
Module openmpi/3.0.1 loaded 
Module gcc/7.3.0 loaded 
Module python/2.7.6 loaded 
Module numpy/1.11.1 loaded 
Module dadi/1.7.0 loaded 
Module matplotlib/2.0 loaded 
Module scipy/0.18.0 loaded 
Beginning. Call:
/home/hemstrow/monarch/github/F-H_2018/DADI/demographic_models/run_3d_mods.py /home/hemstrow/monarch/github/F-H_2018/Data/dadi_inputs/ dadi_snps_10kgap.txt 1st_folded_optim_10kgap_snps_dadi_out.txt lgrowth_p2 10 [NAM,GUA,HAW] True 3 [0.1,0.1,0.5,1,5,5,.1,.1,.1,.1,2] [1,1,5,10,20,20,10,10,10,10,4] [1e-3,1e-3,1e-3,1e-3,0.01,0.01,0.01,0.01,0.01,0.01,1] [150,15,15] fmin

Ready to begin run. Parameters:

Model:
lgrowth_p2
Maxiters:
10
Pops:
['NAM', 'GUA', 'HAW']
Projection:
[150, 15, 15]
Number of segregating sites in projected sfs:
9454.98941724
Folding spectra:
True
Level of parm folding:
3
Optimizer:
fmin
p0:
[  5.52347522e-02   1.49532381e-02   1.40491114e+00   1.13936090e+00
   1.98000000e+01   1.98000000e+01   7.03592031e-02   1.87447351e-02
   4.86162586e-01   3.48745609e-02   3.96000000e+00]
Upper Bounds:
[1.0, 1.0, 5.0, 10.0, 20.0, 20.0, 10.0, 10.0, 10.0, 10.0, 4.0]
Lower Bounds:
[0.001, 0.001, 0.001, 0.001, 0.01, 0.01, 0.01, 0.01, 0.01, 0.01, 1.0]

Beginning optimization ************************************************
optimize_log_fmin.
Iter time: 1187.26152015
Iter time: 2276.26845908
Iter time: 3922.35885406
1       , -28183.9    , array([ 0.0552348  ,  0.0149532  ,  1.40491    ,  1.13936    ,  19.8       ,  19.8       ,  0.0703592  ,  0.0187447  ,  0.486163   ,  0.0348746  ,  3.96       ])
Iter time: 1186.11205816
Iter time: 2282.89060807
Iter time: 150504.731902
2       , -28183.9    , array([ 0.0477885  ,  0.0149532  ,  1.40491    ,  1.13936    ,  19.8       ,  19.8       ,  0.0703592  ,  0.0187447  ,  0.486163   ,  0.0348746  ,  3.96       ])
Iter time: 1390.29485178
Iter time: 2693.56886101
Iter time: 4631.8035121
3       , -28180.4    , array([ 0.0552348  ,  0.0121191  ,  1.40491    ,  1.13936    ,  19.8       ,  19.8       ,  0.0703592  ,  0.0187447  ,  0.486163   ,  0.0348746  ,  3.96       ])
Iter time: 1168.25801682
Iter time: 2270.99074602
Iter time: 3938.74471903
4       , -28188.8    , array([ 0.0552348  ,  0.0149532  ,  1.429      ,  1.13936    ,  19.8       ,  19.8       ,  0.0703592  ,  0.0187447  ,  0.486163   ,  0.0348746  ,  3.96       ])
Iter time: 1184.65964293
Iter time: 2281.63109899
Iter time: 3936.68913889
5       , -28191.5    , array([ 0.0552348  ,  0.0149532  ,  1.40491    ,  1.14682    ,  19.8       ,  19.8       ,  0.0703592  ,  0.0187447  ,  0.486163   ,  0.0348746  ,  3.96       ])
Iter time: 1183.17005706
Iter time: 2283.44836187
Iter time: 3920.13657713
8       , -28767.5    , array([ 0.0552348  ,  0.0149532  ,  1.40491    ,  1.13936    ,  19.8       ,  19.8       ,  0.0616151  ,  0.0187447  ,  0.486163   ,  0.0348746  ,  3.96       ])
Iter time: 1179.339324
Iter time: 2283.88677001
Iter time: 3953.97908616
9       , -28328.8    , array([ 0.0552348  ,  0.0149532  ,  1.40491    ,  1.13936    ,  19.8       ,  19.8       ,  0.0703592  ,  0.0153647  ,  0.486163   ,  0.0348746  ,  3.96       ])
Iter time: 1176.80777407
Iter time: 2306.33161688
Iter time: 3930.00126815
10      , -28246.7    , array([ 0.0552348  ,  0.0149532  ,  1.40491    ,  1.13936    ,  19.8       ,  19.8       ,  0.0703592  ,  0.0187447  ,  0.468944   ,  0.0348746  ,  3.96       ])
Iter time: 1167.44360709
Iter time: 2244.58267188
Iter time: 3922.38955998
11      , -28159.7    , array([ 0.0552348  ,  0.0149532  ,  1.40491    ,  1.13936    ,  19.8       ,  19.8       ,  0.0703592  ,  0.0187447  ,  0.486163   ,  0.0294872  ,  3.96       ])
Iter time: 1276.49365783
Iter time: 2482.28184509
Iter time: 4282.23222423
15      , -28169.8    , array([ 0.0552348  ,  0.0134618  ,  1.40491    ,  1.13936    ,  19.8       ,  19.8       ,  0.0703592  ,  0.0187447  ,  0.486163   ,  0.032068   ,  3.96       ])
Iter time: 1176.70068693
Iter time: 2287.97147393
Iter time: 3930.38026714
16      , -28171.3    , array([ 0.0513769  ,  0.0149532  ,  1.40491    ,  1.13936    ,  19.8       ,  19.8       ,  0.0703592  ,  0.0187447  ,  0.486163   ,  0.032068   ,  3.96       ])
Iter time: 1178.91037893
Iter time: 2285.17237592
Iter time: 3926.42437696
17      , -28171.3    , array([ 0.0552348  ,  0.0149532  ,  1.40491    ,  1.13936    ,  19.8       ,  19.8       ,  0.0703592  ,  0.0187447  ,  0.486163   ,  0.032068   ,  3.96       ])
Iter time: 1178.59304404
Iter time: 2287.23565102
Iter time: 3930.91534996
18      , -28173.4    , array([ 0.0552348  ,  0.0149532  ,  1.4169     ,  1.13936    ,  19.8       ,  19.8       ,  0.0703592  ,  0.0187447  ,  0.486163   ,  0.032068   ,  3.96       ])
Iter time: 1181.61184406
Iter time: 2286.37109804
Iter time: 3946.19734812
19      , -28175.1    , array([ 0.0552348  ,  0.0149532  ,  1.40491    ,  1.14308    ,  19.8       ,  19.8       ,  0.0703592  ,  0.0187447  ,  0.486163   ,  0.032068   ,  3.96       ])
Iter time: 1194.21007204
Iter time: 2290.12923193
Iter time: 3934.42393708
20      , -28202.6    , array([ 0.0552348  ,  0.0149532  ,  1.40491    ,  1.13936    ,  19.8       ,  19.8       ,  0.0703592  ,  0.0187447  ,  0.477475   ,  0.032068   ,  3.96       ])
Iter time: 1188.71539497
Iter time: 2277.58290195
Iter time: 3917.143718
21      , -28244.9    , array([ 0.0552348  ,  0.0149532  ,  1.40491    ,  1.13936    ,  19.8       ,  19.8       ,  0.0703592  ,  0.0169708  ,  0.486163   ,  0.032068   ,  3.96       ])
Iter time: 1184.39232206
Iter time: 2275.17109394
Iter time: 4070.4452219
22      , -28465.1    , array([ 0.0552348  ,  0.0149532  ,  1.40491    ,  1.13936    ,  19.8       ,  19.8       ,  0.0658421  ,  0.0187447  ,  0.486163   ,  0.032068   ,  3.96       ])
Iter time: 1221.63213015
Iter time: 2395.80215693
Iter time: 4104.41483116
28      , -28164.4    , array([ 0.0552348  ,  0.0141879  ,  1.40491    ,  1.13936    ,  19.8       ,  19.8       ,  0.0703592  ,  0.0187447  ,  0.486163   ,  0.0307505  ,  3.96       ])
Iter time: 1176.99078798
Iter time: 2295.99544501
Iter time: 4201.96535802
29      , -28165.4    , array([ 0.0532709  ,  0.0149532  ,  1.40491    ,  1.13936    ,  19.8       ,  19.8       ,  0.0703592  ,  0.0187447  ,  0.486163   ,  0.0307505  ,  3.96       ])
Iter time: 1152.19137597
Iter time: 2245.02500987
Iter time: 3881.33980417
30      , -28165.4    , array([ 0.0552348  ,  0.0149532  ,  1.40491    ,  1.13936    ,  19.8       ,  19.8       ,  0.0703592  ,  0.0187447  ,  0.486163   ,  0.0307505  ,  3.96       ])
Iter time: 1178.98923111
Iter time: 2281.61884904
Iter time: 3925.24605989
31      , -28166.6    , array([ 0.0552348  ,  0.0149532  ,  1.41089    ,  1.13936    ,  19.8       ,  19.8       ,  0.0703592  ,  0.0187447  ,  0.486163   ,  0.0307505  ,  3.96       ])
Iter time: 1179.05004621
Iter time: 2275.86935019
Iter time: 3954.80935311
32      , -28167.3    , array([ 0.0552348  ,  0.0149532  ,  1.40491    ,  1.14122    ,  19.8       ,  19.8       ,  0.0703592  ,  0.0187447  ,  0.486163   ,  0.0307505  ,  3.96       ])
Iter time: 1175.91971803
Iter time: 2286.76695991
Iter time: 3899.11255097
33      , -28181      , array([ 0.0552348  ,  0.0149532  ,  1.40491    ,  1.13936    ,  19.8       ,  19.8       ,  0.0703592  ,  0.0187447  ,  0.481799   ,  0.0307505  ,  3.96       ])
Iter time: 1173.08296704
Iter time: 2261.81678295
Iter time: 3871.05483985
34      , -28202.5    , array([ 0.0552348  ,  0.0149532  ,  1.40491    ,  1.13936    ,  19.8       ,  19.8       ,  0.0703592  ,  0.0178357  ,  0.486163   ,  0.0307505  ,  3.96       ])
