==========================================
SLURM_JOB_ID = 18981461
SLURM_NODELIST = c8-66
==========================================
Module slurm/17.11.5 loaded 
Module openmpi/3.0.1 loaded 
Module gcc/7.3.0 loaded 
Module python/2.7.6 loaded 
Module numpy/1.11.1 loaded 
Module dadi/1.7.0 loaded 
Module matplotlib/2.0 loaded 
Module scipy/0.18.0 loaded 
Beginning. Call:
/home/hemstrow/monarch/github/F-H_2018/DADI/demographic_models/run_3d_mods.py /home/hemstrow/monarch/github/F-H_2018/Data/dadi_inputs/ dadi_snps_10kgap.txt 1st_folded_optim_10kgap_snps_dadi_out.txt lgrowth_both 10 [NAM,HAW,GUA] True 3 [0.1,0.1,1,1,5,5,.1,.1,.1,.1,2,2] [1,1,10,10,20,20,10,10,10,10,4,4] [1e-3,1e-3,1e-3,1e-3,0.01,0.01,0.01,0.01,0.01,0.01,1,1] [150,15,15] fmin

Ready to begin run. Parameters:

Model:
lgrowth_both
Maxiters:
10
Pops:
['NAM', 'HAW', 'GUA']
Projection:
[150, 15, 15]
Number of segregating sites in projected sfs:
9454.98941724
Folding spectra:
True
Level of parm folding:
3
Optimizer:
fmin
p0:
[  7.78619774e-02   1.84441678e-02   1.43807932e-01   9.27265756e-01
   1.73658013e+01   1.98000000e+01   2.32448473e-01   1.94216221e-02
   2.98889120e-02   1.26858479e-02   1.01000000e+00   3.96000000e+00]
Upper Bounds:
[1.0, 1.0, 10.0, 10.0, 20.0, 20.0, 10.0, 10.0, 10.0, 10.0, 4.0, 4.0]
Lower Bounds:
[0.001, 0.001, 0.001, 0.001, 0.01, 0.01, 0.01, 0.01, 0.01, 0.01, 1.0, 1.0]

Beginning optimization ************************************************
optimize_log_fmin.
Iter time: 481.622555971
Iter time: 929.275866985
Iter time: 1601.60358191
1       , -30020.5    , array([ 0.077862   ,  0.0184442  ,  0.143808   ,  0.927266   ,  17.3658    ,  19.8       ,  0.232448   ,  0.0194216  ,  0.0298889  ,  0.0126858  ,  1.01       ,  3.96       ])
Iter time: 479.850358963
Iter time: 931.356442928
Iter time: 1605.42415905
2       , -30020.5    , array([ 0.0685317  ,  0.0184442  ,  0.143808   ,  0.927266   ,  17.3658    ,  19.8       ,  0.232448   ,  0.0194216  ,  0.0298889  ,  0.0126858  ,  1.01       ,  3.96       ])
Iter time: 488.16463995
Iter time: 947.307001114
Iter time: 1633.52005816
3       , -30021.5    , array([ 0.077862   ,  0.0151061  ,  0.143808   ,  0.927266   ,  17.3658    ,  19.8       ,  0.232448   ,  0.0194216  ,  0.0298889  ,  0.0126858  ,  1.01       ,  3.96       ])
Iter time: 524.090067863
Iter time: 1016.15919209
Iter time: 1751.839149
4       , -30194.2    , array([ 0.077862   ,  0.0184442  ,  0.130518   ,  0.927266   ,  17.3658    ,  19.8       ,  0.232448   ,  0.0194216  ,  0.0298889  ,  0.0126858  ,  1.01       ,  3.96       ])
Iter time: 479.608644962
Iter time: 147503.122988
Iter time: 1604.45557189
5       , -30016.1    , array([ 0.077862   ,  0.0184442  ,  0.143808   ,  0.923771   ,  17.3658    ,  19.8       ,  0.232448   ,  0.0194216  ,  0.0298889  ,  0.0126858  ,  1.01       ,  3.96       ])
Iter time: 479.210065126
Iter time: 929.229386091
Iter time: 1602.21596098
8       , -30286.7    , array([ 0.077862   ,  0.0184442  ,  0.143808   ,  0.927266   ,  17.3658    ,  19.8       ,  0.216094   ,  0.0194216  ,  0.0298889  ,  0.0126858  ,  1.01       ,  3.96       ])
Iter time: 480.527738094
Iter time: 929.333462
Iter time: 1602.35132694
9       , -30339.6    , array([ 0.077862   ,  0.0184442  ,  0.143808   ,  0.927266   ,  17.3658    ,  19.8       ,  0.232448   ,  0.0159478  ,  0.0298889  ,  0.0126858  ,  1.01       ,  3.96       ])
Iter time: 479.341027975
Iter time: 930.637845993
Iter time: 1604.10667992
10      , -30233.6    , array([ 0.077862   ,  0.0184442  ,  0.143808   ,  0.927266   ,  17.3658    ,  19.8       ,  0.232448   ,  0.0194216  ,  0.0250776  ,  0.0126858  ,  1.01       ,  3.96       ])
Iter time: 479.205425024
Iter time: 931.04834199
Iter time: 1602.56630492
11      , -30037      , array([ 0.077862   ,  0.0184442  ,  0.143808   ,  0.927266   ,  17.3658    ,  19.8       ,  0.232448   ,  0.0194216  ,  0.0298889  ,  0.0101973  ,  1.01       ,  3.96       ])
Iter time: 479.381973028
Iter time: 929.306544065
Iter time: 1605.77309394
12      , -30020.5    , array([ 0.077862   ,  0.0184442  ,  0.143808   ,  0.927266   ,  17.3658    ,  19.8       ,  0.232448   ,  0.0194216  ,  0.0298889  ,  0.0126858  ,  1.0105     ,  3.96       ])
Iter time: 479.999191046
Iter time: 928.804239035
Iter time: 1604.34573412
16      , -30017.9    , array([ 0.077862   ,  0.0184442  ,  0.143808   ,  0.925517   ,  17.3658    ,  19.8       ,  0.232448   ,  0.0194216  ,  0.0298889  ,  0.0126858  ,  1.01       ,  3.96       ])
Iter time: 479.475067854
Iter time: 928.83892107
Iter time: 1602.26519108
17      , -30017.9    , array([ 0.077862   ,  0.0184442  ,  0.143808   ,  0.925517   ,  17.3658    ,  19.8       ,  0.232448   ,  0.0194216  ,  0.0298889  ,  0.0126858  ,  1.01025    ,  3.96       ])
Iter time: 481.285627127
Iter time: 929.629127979
Iter time: 1602.52439284
18      , -30017.9    , array([ 0.073048   ,  0.0184442  ,  0.143808   ,  0.925517   ,  17.3658    ,  19.8       ,  0.232448   ,  0.0194216  ,  0.0298889  ,  0.0126858  ,  1.01       ,  3.96       ])
Iter time: 483.624893904
Iter time: 939.374998093
Iter time: 1616.52006102
19      , -30018.5    , array([ 0.077862   ,  0.0166919  ,  0.143808   ,  0.925517   ,  17.3658    ,  19.8       ,  0.232448   ,  0.0194216  ,  0.0298889  ,  0.0126858  ,  1.01       ,  3.96       ])
Iter time: 479.388620138
Iter time: 929.239374876
Iter time: 1604.16451406
20      , -30026.4    , array([ 0.077862   ,  0.0184442  ,  0.143808   ,  0.925517   ,  17.3658    ,  19.8       ,  0.232448   ,  0.0194216  ,  0.0298889  ,  0.0113737  ,  1.01       ,  3.96       ])
Iter time: 501.134270191
Iter time: 971.507741213
Iter time: 1676.60215282
21      , -30104.9    , array([ 0.077862   ,  0.0184442  ,  0.137002   ,  0.925517   ,  17.3658    ,  19.8       ,  0.232448   ,  0.0194216  ,  0.0298889  ,  0.0126858  ,  1.01       ,  3.96       ])
Iter time: 479.623556852
Iter time: 929.419721842
Iter time: 1604.36024618
22      , -30127.9    , array([ 0.077862   ,  0.0184442  ,  0.143808   ,  0.925517   ,  17.3658    ,  19.8       ,  0.232448   ,  0.0194216  ,  0.0273778  ,  0.0126858  ,  1.01       ,  3.96       ])
Iter time: 479.487108946
Iter time: 928.400369883
Iter time: 1602.12478518
23      , -30150.4    , array([ 0.077862   ,  0.0184442  ,  0.143808   ,  0.925517   ,  17.3658    ,  19.8       ,  0.224122   ,  0.0194216  ,  0.0298889  ,  0.0126858  ,  1.01       ,  3.96       ])
Iter time: 479.956941128
Iter time: 929.375199795
Iter time: 1605.30828905
24      , -30181.9    , array([ 0.077862   ,  0.0184442  ,  0.143808   ,  0.925517   ,  17.3658    ,  19.8       ,  0.232448   ,  0.0175992  ,  0.0298889  ,  0.0126858  ,  1.01       ,  3.96       ])
Iter time: 480.042114973
Iter time: 931.647349834
Iter time: 1603.31532693
25      , -30021.1    , array([ 0.077862   ,  0.0184442  ,  0.143808   ,  0.925517   ,  18.6504    ,  19.8       ,  0.232448   ,  0.0194216  ,  0.0298889  ,  0.0126858  ,  1.01       ,  3.96       ])
Iter time: 479.757277012
Iter time: 929.481525898
Iter time: 1603.58958507
30      , -30016.9    , array([ 0.0754166  ,  0.0184442  ,  0.143808   ,  0.924644   ,  17.3658    ,  19.8       ,  0.232448   ,  0.0194216  ,  0.0298889  ,  0.0126858  ,  1.01       ,  3.96       ])
Iter time: 479.725493908
Iter time: 929.371006012
Iter time: 1603.67002201
31      , -30016.9    , array([ 0.077862   ,  0.0184442  ,  0.143808   ,  0.924644   ,  17.3658    ,  19.8       ,  0.232448   ,  0.0194216  ,  0.0298889  ,  0.0126858  ,  1.01       ,  3.96       ])
Iter time: 479.782449007
Iter time: 929.433828115
Iter time: 1604.00229192
32      , -30016.9    , array([ 0.077862   ,  0.0184442  ,  0.143808   ,  0.924644   ,  17.3658    ,  19.8       ,  0.232448   ,  0.0194216  ,  0.0298889  ,  0.0126858  ,  1.01013    ,  3.96       ])
Iter time: 481.802589178
Iter time: 934.23979497
Iter time: 1608.76832199
33      , -30017.4    , array([ 0.077862   ,  0.0175462  ,  0.143808   ,  0.924644   ,  17.3658    ,  19.8       ,  0.232448   ,  0.0194216  ,  0.0298889  ,  0.0126858  ,  1.01       ,  3.96       ])
Iter time: 480.427359819
Iter time: 930.321215868
Iter time: 1602.56464481
34      , -30018.6    , array([ 0.077862   ,  0.0184442  ,  0.143808   ,  0.924644   ,  17.9966    ,  19.8       ,  0.232448   ,  0.0194216  ,  0.0298889  ,  0.0126858  ,  1.01       ,  3.96       ])
Iter time: 479.893356085
Iter time: 931.765868187
Iter time: 1601.97980905
35      , -30021.3    , array([ 0.077862   ,  0.0184442  ,  0.143808   ,  0.924644   ,  17.3658    ,  19.8       ,  0.232448   ,  0.0194216  ,  0.0298889  ,  0.0120119  ,  1.01       ,  3.96       ])
Iter time: 491.900260925
Iter time: 950.495757103
Iter time: 1639.17705297
36      , -30060.1    , array([ 0.077862   ,  0.0184442  ,  0.140364   ,  0.924644   ,  17.3658    ,  19.8       ,  0.232448   ,  0.0194216  ,  0.0298889  ,  0.0126858  ,  1.01       ,  3.96       ])
Iter time: 479.505162001
Iter time: 930.108191013
Iter time: 1603.08835292
37      , -30072.8    , array([ 0.077862   ,  0.0184442  ,  0.143808   ,  0.924644   ,  17.3658    ,  19.8       ,  0.232448   ,  0.0194216  ,  0.0286058  ,  0.0126858  ,  1.01       ,  3.96       ])
Iter time: 479.876444101
Iter time: 929.308708906
Iter time: 1608.48948503
38      , -30083      , array([ 0.077862   ,  0.0184442  ,  0.143808   ,  0.924644   ,  17.3658    ,  19.8       ,  0.228247   ,  0.0194216  ,  0.0298889  ,  0.0126858  ,  1.01       ,  3.96       ])
Iter time: 480.344964981
Iter time: 929.252599001
Iter time: 1603.31935906
39      , -30100      , array([ 0.077862   ,  0.0184442  ,  0.143808   ,  0.924644   ,  17.3658    ,  19.8       ,  0.232448   ,  0.018488   ,  0.0298889  ,  0.0126858  ,  1.01       ,  3.96       ])
Iter time: 485.968368053
Iter time: 941.200991869
Iter time: 1622.89153481
42      , -30076.3    , array([ 0.077449   ,  0.0182914  ,  0.143228   ,  0.924498   ,  17.4694    ,  19.9235    ,  0.231743   ,  0.0192628  ,  0.0296711  ,  0.0125709  ,  1.01002    ,  3.89246    ])
Iter time: 466.055151939
Iter time: 905.318073034
Iter time: 1559.63634205
43      , -29971.5    , array([ 0.0773804  ,  0.018266   ,  0.143132   ,  0.924474   ,  17.4867    ,  19.0944    ,  0.231626   ,  0.0192365  ,  0.029635   ,  0.0125519  ,  1.01002    ,  3.94866    ])
Iter time: 451.981771946
Iter time: 875.644380093
Iter time: 1510.74039006
44      , -29897.7    , array([ 0.0771407  ,  0.0181776  ,  0.142795   ,  0.924389   ,  17.5475    ,  18.4045    ,  0.231215   ,  0.0191445  ,  0.0295088  ,  0.0124855  ,  1.01004    ,  3.94301    ])
Iter time: 478.478880882
Iter time: 925.547019005
Iter time: 1598.46111703
45      , -29950.7    , array([ 0.0772604  ,  0.0182218  ,  0.142963   ,  0.924432   ,  17.5171    ,  19.5806    ,  0.23142    ,  0.0203258  ,  0.0295718  ,  0.0125186  ,  1.01003    ,  3.94583    ])
Iter time: 477.603780985
Iter time: 925.334697962
Iter time: 1594.89889598
46      , -29948.5    , array([ 0.0771606  ,  0.018185   ,  0.142823   ,  0.924396   ,  17.5424    ,  19.5442    ,  0.236223   ,  0.019496   ,  0.0295193  ,  0.012491   ,  1.01004    ,  3.94348    ])
Iter time: 482.948414087
Iter time: 932.616838217
Iter time: 1608.7906599
48      , -30040.3    , array([ 0.0774677  ,  0.0182983  ,  0.143254   ,  0.924505   ,  17.4647    ,  19.7814    ,  0.232157   ,  0.0193702  ,  0.029681   ,  0.0125761  ,  1.01002    ,  3.92411    ])
Iter time: 476.494015932
Iter time: 924.424659014
Iter time: 1592.06925011
49      , -29931      , array([ 0.0770474  ,  0.0181433  ,  0.142664   ,  0.924356   ,  17.5712    ,  19.4787    ,  0.232646   ,  0.0195265  ,  0.0310072  ,  0.0124597  ,  1.01004    ,  3.94605    ])
Iter time: 464.149252892
Iter time: 898.830285072
Iter time: 1551.6515491
50      , -29923.1    , array([ 0.0769125  ,  0.0180936  ,  0.146561   ,  0.924308   ,  17.6057    ,  19.4256    ,  0.232679   ,  0.019544   ,  0.0298583  ,  0.0124224  ,  1.01005    ,  3.94373    ])
Iter time: 469.927458048
Iter time: 909.794041157
Iter time: 1570.79783607
51      , -29923.3    , array([ 0.0772114  ,  0.0182037  ,  0.14415    ,  0.924414   ,  17.5295    ,  19.3852    ,  0.233059   ,  0.019625   ,  0.0300973  ,  0.012505   ,  1.01003    ,  3.98311    ])
Iter time: 469.499652863
Iter time: 910.225805044
Iter time: 1576.22130394
52      , -29925.6    , array([ 0.076713   ,  0.0180202  ,  0.143653   ,  0.924237   ,  17.6569    ,  19.2987    ,  0.232868   ,  0.0196071  ,  0.0299225  ,  0.0131806  ,  1.01006    ,  3.95084    ])
Iter time: 469.329738855
Iter time: 909.720324039
Iter time: 1568.44855881
53      , -29912.4    , array([ 0.0765232  ,  0.0179505  ,  0.143627   ,  0.924169   ,  16.9839    ,  19.2164    ,  0.232938   ,  0.0196382  ,  0.0299282  ,  0.0125601  ,  1.01007    ,  3.94932    ])
Iter time: 464.28926301
Iter time: 900.394822121
Iter time: 1550.01008201
54      , -29897      , array([ 0.0763023  ,  0.018941   ,  0.143597   ,  0.92409    ,  17.5358    ,  19.1208    ,  0.23302    ,  0.0196746  ,  0.0299347  ,  0.0125393  ,  1.01008    ,  3.94754    ])
Iter time: 579.242446184
Iter time: 894.259281874
Iter time: 1533.40752482
55      , -29836.4    , array([ 0.0755342  ,  0.0196795  ,  0.143491   ,  0.923814   ,  17.6214    ,  18.79      ,  0.233306   ,  0.0198023  ,  0.0299576  ,  0.0124667  ,  1.01012    ,  3.94133    ])
Iter time: 465.585659981
Iter time: 901.365102053
Iter time: 1551.30557394
56      , -29866.7    , array([ 0.0787968  ,  0.0182146  ,  0.143544   ,  0.923952   ,  17.5786    ,  18.9547    ,  0.233163   ,  0.0197383  ,  0.0299462  ,  0.0125029  ,  1.0101     ,  3.94443    ])
Iter time: 462.521633863
Iter time: 895.23713088
Iter time: 1542.707407
57      , -29841.1    , array([ 0.0764741  ,  0.0181766  ,  0.1435     ,  0.923837   ,  17.6143    ,  18.8174    ,  0.233282   ,  0.0197916  ,  0.0299557  ,  0.0124727  ,  1.01012    ,  3.94184    ])
Iter time: 459.235787868
Iter time: 888.738881111
Iter time: 3861.80023193
58      , -29812.3    , array([ 0.0762452  ,  0.0181323  ,  0.143448   ,  0.923702   ,  17.656     ,  18.6584    ,  0.233421   ,  0.0198539  ,  0.0299668  ,  0.0124375  ,  1.00999    ,  3.93882    ])
Iter time: 511.634509802
Iter time: 1444.92390084
Iter time: 1880.4160161
59      , -29709.6    , array([ 0.0754494  ,  0.0179784  ,  0.143269   ,  0.923232   ,  17.8029    ,  18.1126    ,  0.233909   ,  0.0200737  ,  0.0300059  ,  0.0123152  ,  1.00992    ,  3.92828    ])
Iter time: 450.33669591
Iter time: 872.293848991
Iter time: 1505.20578313
60      , -29761.8    , array([ 0.0758462  ,  0.0180552  ,  0.143359   ,  0.924485   ,  17.7293    ,  18.3835    ,  0.233665   ,  0.0199635  ,  0.0299864  ,  0.0123762  ,  1.0101     ,  3.93355    ])
Iter time: 447.482116938
Iter time: 866.694242954
Iter time: 1494.26725698
61      , -29792.3    , array([ 0.0762018  ,  0.0182476  ,  0.144272   ,  0.923833   ,  17.6115    ,  18.3951    ,  0.235081   ,  0.0190184  ,  0.0303783  ,  0.0125177  ,  1.01008    ,  3.94562    ])
Iter time: 442.931089163
Iter time: 857.563768864
Iter time: 1479.31785417
62      , -29773.6    , array([ 0.0761415  ,  0.0182951  ,  0.144657   ,  0.923775   ,  17.5976    ,  18.2441    ,  0.230115   ,  0.0197461  ,  0.0305781  ,  0.0125498  ,  1.01009    ,  3.94834    ])
Iter time: 438.459003925
Iter time: 850.006057024
Iter time: 1465.34242201
63      , -29758.9    , array([ 0.0761032  ,  0.0183626  ,  0.145154   ,  0.923718   ,  17.5732    ,  18.1068    ,  0.233228   ,  0.019752   ,  0.0290434  ,  0.0125965  ,  1.01009    ,  3.94614    ])
Iter time: 439.589564085
Iter time: 851.653013945
Iter time: 1469.30987406
64      , -29741.1    , array([ 0.0763334  ,  0.018546   ,  0.144405   ,  0.923751   ,  17.4741    ,  18.0825    ,  0.233065   ,  0.0196949  ,  0.0299469  ,  0.0118179  ,  1.01007    ,  3.94057    ])
Iter time: 434.995291948
Iter time: 842.642037868
Iter time: 1452.39225888
65      , -29711.9    , array([ 0.0756963  ,  0.0184163  ,  0.143948   ,  0.923463   ,  17.5918    ,  17.7943    ,  0.232876   ,  0.0196886  ,  0.0297482  ,  0.0123396  ,  1.01011    ,  3.90166    ])
Iter time: 435.560895205
Iter time: 843.416625023
Iter time: 1453.27106905
66      , -29679      , array([ 0.0757888  ,  0.018583   ,  0.141157   ,  0.923428   ,  17.5133    ,  17.4996    ,  0.233289   ,  0.0197945  ,  0.0299679  ,  0.0124079  ,  1.0101     ,  3.93358    ])
Iter time: 421.825811148
Iter time: 817.542999029
Iter time: 1409.58806419
67      , -29553.9    , array([ 0.0752331  ,  0.0188326  ,  0.138531   ,  0.922989   ,  17.4673    ,  16.6094    ,  0.233594   ,  0.019921   ,  0.0300228  ,  0.0124006  ,  1.01013    ,  3.92851    ])
Iter time: 424.739682913
Iter time: 821.848634005
Iter time: 1418.08113503
68      , -29628.4    , array([ 0.0759588  ,  0.0188814  ,  0.143176   ,  0.92337    ,  18.2396    ,  17.2654    ,  0.233139   ,  0.0197465  ,  0.0299137  ,  0.0122456  ,  1.01009    ,  3.92456    ])
Iter time: 434.631018877
Iter time: 842.010890007
Iter time: 1450.94581509
69      , -29599.2    , array([ 0.0751571  ,  0.018764   ,  0.144074   ,  0.922981   ,  17.768     ,  17.8361    ,  0.2352     ,  0.0203605  ,  0.0304077  ,  0.0122791  ,  1.01013    ,  3.92777    ])
Iter time: 422.892282009
Iter time: 817.255324125
Iter time: 1408.72052002
70      , -29584.8    , array([ 0.0729998  ,  0.0188189  ,  0.143411   ,  0.923256   ,  17.7683    ,  17.1437    ,  0.233574   ,  0.0198504  ,  0.0300401  ,  0.0122251  ,  1.01007    ,  3.92358    ])
Iter time: 417.467766047
Iter time: 808.74990201
Iter time: 1393.84148693
71      , -29567.2    , array([ 0.0746364  ,  0.0189677  ,  0.14344    ,  0.923274   ,  17.758     ,  17.0028    ,  0.233504   ,  0.0198068  ,  0.0300446  ,  0.0122138  ,  1.01005    ,  3.92312    ])
Iter time: 415.24841404
Iter time: 804.842931032
Iter time: 1387.53837204
72      , -29526.8    , array([ 0.0754147  ,  0.0174119  ,  0.14344    ,  0.923208   ,  17.7737    ,  16.7462    ,  0.233513   ,  0.0197969  ,  0.0300572  ,  0.0121781  ,  1.01004    ,  3.92061    ])
Iter time: 396.904932022
Iter time: 768.405295134
Iter time: 1324.30029011
73      , -29370.7    , array([ 0.075355   ,  0.0163781  ,  0.143415   ,  0.922905   ,  17.8503    ,  15.8092    ,  0.233617   ,  0.0197942  ,  0.0301072  ,  0.0120363  ,  1.01       ,  3.9103     ])
Iter time: 413.607550859
Iter time: 801.831064224
Iter time: 1383.01658797
74      , -29502.4    , array([ 0.0746149  ,  0.0184429  ,  0.142522   ,  0.923033   ,  17.8236    ,  16.6793    ,  0.231509   ,  0.0207507  ,  0.0295968  ,  0.0120495  ,  1.01006    ,  3.91048    ])
