==========================================
SLURM_JOB_ID = 18981447
SLURM_NODELIST = c8-65
==========================================
Module slurm/17.11.5 loaded 
Module openmpi/3.0.1 loaded 
Module gcc/7.3.0 loaded 
Module python/2.7.6 loaded 
Module numpy/1.11.1 loaded 
Module dadi/1.7.0 loaded 
Module matplotlib/2.0 loaded 
Module scipy/0.18.0 loaded 
Beginning. Call:
/home/hemstrow/monarch/github/F-H_2018/DADI/demographic_models/run_3d_mods.py /home/hemstrow/monarch/github/F-H_2018/Data/dadi_inputs/ dadi_snps_10kgap.txt 1st_folded_optim_10kgap_snps_dadi_out.txt cgrowth 10 [NAM,HAW,GUA] True 3 [0.1,0.1,0.5,0.5,5,5,.1,.1,.1,.1] [1,1,5,5,20,20,10,10,10,10] [.001,.001,.001,.001,.01,.01,.01,.01,.01,.01] [150,15,15] fmin

Ready to begin run. Parameters:

Model:
cgrowth
Maxiters:
10
Pops:
['NAM', 'HAW', 'GUA']
Projection:
[150, 15, 15]
Number of segregating sites in projected sfs:
9454.98941724
Folding spectra:
True
Level of parm folding:
3
Optimizer:
fmin
p0:
[  3.23318768e-02   1.51896236e-02   1.32367046e+00   4.01566217e-01
   2.77013971e+00   1.98000000e+01   1.46771636e-02   1.54504872e-01
   5.75235521e-01   5.00235247e-01]
Upper Bounds:
[1.0, 1.0, 5.0, 5.0, 20.0, 20.0, 10.0, 10.0, 10.0, 10.0]
Lower Bounds:
[0.001, 0.001, 0.001, 0.001, 0.01, 0.01, 0.01, 0.01, 0.01, 0.01]

Beginning optimization ************************************************
optimize_log_fmin.
Iter time: 1236.37450385
Iter time: 2411.58551598
Iter time: 4157.33535886
1       , -25355.3    , array([ 0.0323319  ,  0.0151896  ,  1.32367    ,  0.401566   ,  2.77014    ,  19.8       ,  0.0146772  ,  0.154505   ,  0.575236   ,  0.500235   ])
Iter time: 1236.6581769
Iter time: 2407.14028382
Iter time: 150735.254116
2       , -25349.3    , array([ 0.0272341  ,  0.0151896  ,  1.32367    ,  0.401566   ,  2.77014    ,  19.8       ,  0.0146772  ,  0.154505   ,  0.575236   ,  0.500235   ])
Iter time: 1442.04760814
Iter time: 2807.19649696
Iter time: 4852.167835
3       , -25351.4    , array([ 0.0323319  ,  0.0123204  ,  1.32367    ,  0.401566   ,  2.77014    ,  19.8       ,  0.0146772  ,  0.154505   ,  0.575236   ,  0.500235   ])
Iter time: 1238.37476492
Iter time: 2404.91005206
Iter time: 4175.61907601
4       , -25363.2    , array([ 0.0323319  ,  0.0151896  ,  1.34236    ,  0.401566   ,  2.77014    ,  19.8       ,  0.0146772  ,  0.154505   ,  0.575236   ,  0.500235   ])
Iter time: 1251.92392302
Iter time: 2433.44389391
Iter time: 4208.97049189
5       , -25344.8    , array([ 0.0323319  ,  0.0151896  ,  1.32367    ,  0.383659   ,  2.77014    ,  19.8       ,  0.0146772  ,  0.154505   ,  0.575236   ,  0.500235   ])
Iter time: 1238.72095704
Iter time: 2404.76271105
Iter time: 4157.09071803
6       , -25371.6    , array([ 0.0323319  ,  0.0151896  ,  1.32367    ,  0.401566   ,  2.91492    ,  19.8       ,  0.0146772  ,  0.154505   ,  0.575236   ,  0.500235   ])
Iter time: 1235.35769105
Iter time: 2405.09900713
Iter time: 4166.45581603
8       , -25529.9    , array([ 0.0323319  ,  0.0151896  ,  1.32367    ,  0.401566   ,  2.77014    ,  19.8       ,  0.0118843  ,  0.154505   ,  0.575236   ,  0.500235   ])
Iter time: 1235.20547891
Iter time: 2404.10006213
Iter time: 4156.89469695
9       , -25659.2    , array([ 0.0323319  ,  0.0151896  ,  1.32367    ,  0.401566   ,  2.77014    ,  19.8       ,  0.0146772  ,  0.140731   ,  0.575236   ,  0.500235   ])
Iter time: 1236.93531013
Iter time: 2404.79179096
Iter time: 4156.40195513
10      , -25325.1    , array([ 0.0323319  ,  0.0151896  ,  1.32367    ,  0.401566   ,  2.77014    ,  19.8       ,  0.0146772  ,  0.154505   ,  0.559549   ,  0.500235   ])
Iter time: 1238.81126499
Iter time: 2405.43189287
Iter time: 4170.96146894
11      , -25438      , array([ 0.0323319  ,  0.0151896  ,  1.32367    ,  0.401566   ,  2.77014    ,  19.8       ,  0.0146772  ,  0.154505   ,  0.575236   ,  0.483207   ])
Iter time: 1101.38303399
Iter time: 2140.88867807
Iter time: 3701.73507094
12      , -25157.9    , array([ 0.0312412  ,  0.0145667  ,  1.32739    ,  0.397919   ,  2.79851    ,  17.0542    ,  0.0140705  ,  0.151646   ,  0.572063   ,  0.496782   ])
Iter time: 965.083582878
Iter time: 1877.74847007
Iter time: 3245.06907701
13      , -24878.3    , array([ 0.0307097  ,  0.0142649  ,  1.32925    ,  0.396108   ,  2.8128     ,  14.6892    ,  0.0137766  ,  0.150237   ,  0.570484   ,  0.495065   ])
Iter time: 1216.74000096
Iter time: 2367.50196505
Iter time: 4091.31493711
14      , -25014.7    , array([ 0.0309212  ,  0.0143849  ,  1.3285     ,  0.396831   ,  2.80708    ,  18.6523    ,  0.0138934  ,  0.168679   ,  0.571115   ,  0.495751   ])
Iter time: 1213.00639987
Iter time: 2365.41121316
Iter time: 4079.71304488
15      , -25020.2    , array([ 0.0306465  ,  0.0142292  ,  1.32947    ,  0.395891   ,  2.81452    ,  18.4308    ,  0.0177029  ,  0.156363   ,  0.570295   ,  0.494859   ])
Iter time: 1208.22474694
Iter time: 2355.68374705
Iter time: 4077.47109294
16      , -25052.8    , array([ 0.0303201  ,  0.0140445  ,  1.33064    ,  0.394766   ,  2.82348    ,  18.1686    ,  0.0148818  ,  0.156737   ,  0.569312   ,  0.514745   ])
Iter time: 1201.42478895
Iter time: 2345.07651401
Iter time: 4041.28888798
17      , -25050.4    , array([ 0.0299331  ,  0.013826   ,  1.33203    ,  0.39342    ,  2.6662     ,  17.8588    ,  0.0149231  ,  0.157187   ,  0.568134   ,  0.500074   ])
Iter time: 1195.04941106
Iter time: 2324.47090197
Iter time: 4156.31346703
18      , -24997.8    , array([ 0.0294751  ,  0.0135684  ,  1.31146    ,  0.39181    ,  2.78417    ,  17.494     ,  0.0149727  ,  0.157729   ,  0.566724   ,  0.500042   ])
Iter time: 1188.29962206
Iter time: 2312.42648911
Iter time: 3997.46812296
19      , -24933.7    , array([ 0.0289348  ,  0.0132655  ,  1.32752    ,  0.389888   ,  2.78698    ,  17.0661    ,  0.0150326  ,  0.158382   ,  0.565037   ,  0.500004   ])
Iter time: 983.710054874
Iter time: 1909.05321598
Iter time: 3304.58721209
20      , -24853.9    , array([ 0.0282995  ,  0.0165984  ,  1.32829    ,  0.387593   ,  2.79036    ,  16.5664    ,  0.0151047  ,  0.159169   ,  0.563019   ,  0.499958   ])
Iter time: 811.039922953
Iter time: 1581.47054315
Iter time: 2725.88512778
21      , -24603.5    , array([ 0.026476   ,  0.0192658  ,  1.3306     ,  0.38079    ,  2.80052    ,  15.1534    ,  0.0153231  ,  0.161554   ,  0.557009   ,  0.499819   ])
Iter time: 1048.29928184
Iter time: 2046.69607306
Iter time: 3530.94681311
22      , -24706.8    , array([ 0.0334075  ,  0.0141186  ,  1.32968    ,  0.383497   ,  2.79645    ,  15.7035    ,  0.0152353  ,  0.160595   ,  0.559406   ,  0.499874   ])
Iter time: 1002.74312901
Iter time: 1954.58922911
Iter time: 3366.55299616
23      , -24581.3    , array([ 0.0283249  ,  0.0139136  ,  1.33088    ,  0.401363   ,  2.80175    ,  14.9922    ,  0.0153495  ,  0.161842   ,  0.556292   ,  0.499802   ])
Iter time: 898.504585028
Iter time: 1741.05402088
Iter time: 3011.48232794
24      , -24198      , array([ 0.0265117  ,  0.0133164  ,  1.3345     ,  0.410519   ,  2.81769    ,  13.0456    ,  0.0156971  ,  0.16564    ,  0.547056   ,  0.499586   ])
Iter time: 949.285404921
Iter time: 1847.52531099
Iter time: 3192.06294513
25      , -24364.7    , array([ 0.0272226  ,  0.0135521  ,  1.33305    ,  0.385159   ,  2.8113     ,  13.7919    ,  0.0155572  ,  0.164111   ,  0.569311   ,  0.499672   ])
Iter time: 925.518357038
Iter time: 1806.20313501
Iter time: 3112.89405608
26      , -24500.4    , array([ 0.0284099  ,  0.0145529  ,  1.32655    ,  0.389868   ,  2.7558     ,  14.2242    ,  0.01548    ,  0.163268   ,  0.559548   ,  0.482709   ])
Iter time: 885.954295158
Iter time: 1724.96232104
Iter time: 2968.025038
27      , -24409.5    , array([ 0.0284782  ,  0.0149351  ,  1.32407    ,  0.390493   ,  2.93773    ,  13.8272    ,  0.0155508  ,  0.164041   ,  0.559002   ,  0.493371   ])
