==========================================
SLURM_JOB_ID = 18981486
SLURM_NODELIST = c8-71
==========================================
Module slurm/17.11.5 loaded 
Module openmpi/3.0.1 loaded 
Module gcc/7.3.0 loaded 
Module python/2.7.6 loaded 
Module numpy/1.11.1 loaded 
Module dadi/1.7.0 loaded 
Module matplotlib/2.0 loaded 
Module scipy/0.18.0 loaded 
Beginning. Call:
/home/hemstrow/monarch/github/F-H_2018/DADI/demographic_models/run_3d_mods.py /home/hemstrow/monarch/github/F-H_2018/Data/dadi_inputs/ dadi_snps_10kgap.txt 1st_folded_optim_10kgap_snps_dadi_out.txt lgrowth_p3 10 [NAM,HAW,GUA] True 3 [0.1,0.1,0.5,1,5,5,.1,.1,.1,.1,2] [1,1,5,10,20,20,10,10,10,10,4] [1e-3,1e-3,1e-3,1e-3,0.01,0.01,0.01,0.01,0.01,0.01,1] [150,15,15] fmin

Ready to begin run. Parameters:

Model:
lgrowth_p3
Maxiters:
10
Pops:
['NAM', 'HAW', 'GUA']
Projection:
[150, 15, 15]
Number of segregating sites in projected sfs:
9454.98941724
Folding spectra:
True
Level of parm folding:
3
Optimizer:
fmin
p0:
[  0.05580875   0.35136235   0.28284539   2.03473306   2.06873601  19.8
   0.1751773    0.33266038   0.04039943   0.12668211   1.01      ]
Upper Bounds:
[1.0, 1.0, 5.0, 10.0, 20.0, 20.0, 10.0, 10.0, 10.0, 10.0, 4.0]
Lower Bounds:
[0.001, 0.001, 0.001, 0.001, 0.01, 0.01, 0.01, 0.01, 0.01, 0.01, 1.0]

Beginning optimization ************************************************
optimize_log_fmin.
Iter time: 514.950994968
Iter time: 1002.85399413
Iter time: 1734.71869397
1       , -22925.5    , array([ 0.0558088  ,  0.351362   ,  0.282845   ,  2.03473    ,  2.06874    ,  19.8       ,  0.175177   ,  0.33266    ,  0.0403994  ,  0.126682   ,  1.01       ])
Iter time: 558.199212074
Iter time: 1087.54829311
Iter time: 1878.80934405
2       , -22925.8    , array([ 0.04831    ,  0.351362   ,  0.282845   ,  2.03473    ,  2.06874    ,  19.8       ,  0.175177   ,  0.33266    ,  0.0403994  ,  0.126682   ,  1.01       ])
Iter time: 516.476676941
Iter time: 1002.92327881
Iter time: 1731.28046799
3       , -22925.5    , array([ 0.0558088  ,  0.333459   ,  0.282845   ,  2.03473    ,  2.06874    ,  19.8       ,  0.175177   ,  0.33266    ,  0.0403994  ,  0.126682   ,  1.01       ])
Iter time: 529.053195
Iter time: 1033.94360113
Iter time: 148357.5389
4       , -22997.2    , array([ 0.0558088  ,  0.351362   ,  0.265538   ,  2.03473    ,  2.06874    ,  19.8       ,  0.175177   ,  0.33266    ,  0.0403994  ,  0.126682   ,  1.01       ])
Iter time: 515.216523886
Iter time: 1001.79440999
Iter time: 1731.44681382
5       , -23022.1    , array([ 0.0558088  ,  0.351362   ,  0.282845   ,  2.1083     ,  2.06874    ,  19.8       ,  0.175177   ,  0.33266    ,  0.0403994  ,  0.126682   ,  1.01       ])
Iter time: 515.218047857
Iter time: 1001.63852406
Iter time: 1725.25935197
6       , -22925.5    , array([ 0.0558088  ,  0.351362   ,  0.282845   ,  2.03473    ,  2.14531    ,  19.8       ,  0.175177   ,  0.33266    ,  0.0403994  ,  0.126682   ,  1.01       ])
Iter time: 516.544651985
Iter time: 1005.05959702
Iter time: 1732.80752182
8       , -23147.5    , array([ 0.0558088  ,  0.351362   ,  0.282845   ,  2.03473    ,  2.06874    ,  19.8       ,  0.160565   ,  0.33266    ,  0.0403994  ,  0.126682   ,  1.01       ])
Iter time: 514.959981918
Iter time: 1004.58313513
Iter time: 1732.33909798
9       , -23067.9    , array([ 0.0558088  ,  0.351362   ,  0.282845   ,  2.03473    ,  2.06874    ,  19.8       ,  0.175177   ,  0.314848   ,  0.0403994  ,  0.126682   ,  1.01       ])
Iter time: 515.464958906
Iter time: 1001.54830718
Iter time: 1731.27846003
10      , -22917.1    , array([ 0.0558088  ,  0.351362   ,  0.282845   ,  2.03473    ,  2.06874    ,  19.8       ,  0.175177   ,  0.33266    ,  0.0344107  ,  0.126682   ,  1.01       ])
Iter time: 516.186367989
Iter time: 1004.67356896
Iter time: 1731.62047696
11      , -23011.6    , array([ 0.0558088  ,  0.351362   ,  0.282845   ,  2.03473    ,  2.06874    ,  19.8       ,  0.175177   ,  0.33266    ,  0.0403994  ,  0.114249   ,  1.01       ])
Iter time: 514.643064022
Iter time: 1002.281986
Iter time: 1738.91607094
12      , -22925.5    , array([ 0.0558088  ,  0.351362   ,  0.282845   ,  2.03473    ,  2.06874    ,  19.8       ,  0.175177   ,  0.33266    ,  0.0403994  ,  0.126682   ,  1.0105     ])
Iter time: 445.980918169
Iter time: 869.785892963
Iter time: 1500.0076201
13      , -23021.5    , array([ 0.0543637  ,  0.348037   ,  0.279617   ,  2.04792    ,  2.08245    ,  17.0542    ,  0.172425   ,  0.329348   ,  0.0392379  ,  0.124325   ,  1.01009    ])
Iter time: 511.202338219
Iter time: 995.981906176
Iter time: 1720.88715506
14      , -22791.4    , array([ 0.054105   ,  0.347436   ,  0.279034   ,  2.05032    ,  2.08496    ,  19.2698    ,  0.19057    ,  0.32875    ,  0.0390303  ,  0.123901   ,  1.01011    ])
Iter time: 510.989429951
Iter time: 991.78800106
Iter time: 1717.55706501
15      , -22611.5    , array([ 0.0532727  ,  0.345489   ,  0.277147   ,  2.05816    ,  2.09311    ,  19.0101    ,  0.207613   ,  0.326812   ,  0.0383633  ,  0.122534   ,  1.01016    ])
Iter time: 510.556353807
Iter time: 997.432309151
Iter time: 1717.75545883
16      , -22791.8    , array([ 0.0536494  ,  0.346373   ,  0.278003   ,  2.05459    ,  2.0894     ,  19.1277    ,  0.180153   ,  0.349712   ,  0.0386651  ,  0.123153   ,  1.01014    ])
Iter time: 509.894127846
Iter time: 991.57596302
Iter time: 1717.3867209
17      , -22793.3    , array([ 0.0532659  ,  0.345473   ,  0.277132   ,  1.97362    ,  2.09318    ,  19.0079    ,  0.181073   ,  0.334009   ,  0.0383578  ,  0.122522   ,  1.01016    ])
Iter time: 481.140888929
Iter time: 935.939930916
Iter time: 1618.11452389
19      , -22955.2    , array([ 0.0543926  ,  0.348104   ,  0.279682   ,  2.04045    ,  2.08217    ,  18.2792    ,  0.17563    ,  0.331547   ,  0.0392611  ,  0.124372   ,  1.01009    ])
Iter time: 515.615692854
Iter time: 1003.27218413
Iter time: 1740.81201696
20      , -22750.9    , array([ 0.0528212  ,  0.344425   ,  0.276117   ,  2.03232    ,  2.09761    ,  19.1068    ,  0.182777   ,  0.334659   ,  0.038002   ,  0.137604   ,  1.01019    ])
Iter time: 498.862014055
Iter time: 972.027732849
Iter time: 1679.1314621
21      , -22725.4    , array([ 0.0522955  ,  0.343179   ,  0.29621    ,  2.03188    ,  2.1029     ,  18.9834    ,  0.184193   ,  0.335023   ,  0.0375816  ,  0.125978   ,  1.01023    ])
Iter time: 498.250322104
Iter time: 969.457931042
Iter time: 1675.13778114
23      , -22895.9    , array([ 0.054111   ,  0.34745    ,  0.2808     ,  2.03648    ,  2.0849     ,  18.8575    ,  0.178003   ,  0.332849   ,  0.0390351  ,  0.12542    ,  1.01011    ])
Iter time: 467.034877062
Iter time: 909.385109901
Iter time: 1577.81878805
24      , -22745.3    , array([ 0.061232   ,  0.341595   ,  0.280633   ,  2.03064    ,  2.10967    ,  18.9456    ,  0.186336   ,  0.335694   ,  0.0370519  ,  0.126043   ,  1.01027    ])
Iter time: 497.291335106
Iter time: 967.801566124
Iter time: 1671.67899799
25      , -22711.9    , array([ 0.0539059  ,  0.339848   ,  0.280232   ,  2.0299     ,  2.1172     ,  18.7943    ,  0.18844    ,  0.336249   ,  0.0364738  ,  0.125927   ,  1.00973    ])
Iter time: 493.84404397
Iter time: 961.851467848
Iter time: 1660.86737895
26      , -22674.8    , array([ 0.053567   ,  0.337796   ,  0.27976    ,  2.02902    ,  2.12613    ,  18.617     ,  0.190957   ,  0.336905   ,  0.0358021  ,  0.12579    ,  1.01018    ])
Iter time: 489.920075893
Iter time: 953.841732979
Iter time: 1651.67569113
27      , -22628.1    , array([ 0.0531692  ,  0.356768   ,  0.279203   ,  2.02799    ,  2.13674    ,  18.4096    ,  0.193975   ,  0.337683   ,  0.0350243  ,  0.125629   ,  1.01021    ])
Iter time: 487.647012949
Iter time: 948.86442709
Iter time: 1640.50260401
28      , -22574      , array([ 0.0527029  ,  0.339531   ,  0.278545   ,  2.02676    ,  2.05897    ,  18.1675    ,  0.197604   ,  0.338604   ,  0.0341268  ,  0.125438   ,  1.01025    ])
Iter time: 475.427644014
Iter time: 927.273530006
Iter time: 1597.61874008
29      , -22400.1    , array([ 0.0512153  ,  0.333766   ,  0.27642    ,  2.02279    ,  2.01711    ,  17.4024    ,  0.209871   ,  0.341615   ,  0.0313657  ,  0.124821   ,  1.01038    ])
Iter time: 479.236336946
Iter time: 931.993475914
Iter time: 1611.02777982
30      , -22485.7    , array([ 0.0518862  ,  0.336374   ,  0.277384   ,  2.02459    ,  2.1254     ,  17.7461    ,  0.204203   ,  0.340243   ,  0.0393968  ,  0.125101   ,  1.01032    ])
Iter time: 493.40712595
Iter time: 957.501592875
Iter time: 1653.32546806
31      , -22435.2    , array([ 0.0531073  ,  0.338164   ,  0.278783   ,  2.0207     ,  2.11631    ,  18.4283    ,  0.206042   ,  0.341411   ,  0.0347878  ,  0.126301   ,  1.01025    ])
Iter time: 479.28589201
Iter time: 929.455429077
Iter time: 1611.62117004
32      , -22479.3    , array([ 0.0539206  ,  0.338779   ,  0.282779   ,  2.09403    ,  2.11215    ,  18.1799    ,  0.207363   ,  0.341585   ,  0.0347788  ,  0.130005   ,  1.01021    ])
Iter time: 470.962994099
Iter time: 916.755823851
Iter time: 1583.79228115
33      , -22426.3    , array([ 0.0535842  ,  0.336541   ,  0.282767   ,  2.01846    ,  2.12014    ,  17.8999    ,  0.213821   ,  0.324855   ,  0.0338443  ,  0.130618   ,  1.01025    ])
Iter time: 458.719069958
Iter time: 892.27316308
Iter time: 1542.14881396
34      , -22384.8    , array([ 0.0545665  ,  0.337021   ,  0.285933   ,  2.03805    ,  2.11596    ,  17.7081    ,  0.216849   ,  0.337637   ,  0.033717   ,  0.115799   ,  1.0102     ])
Iter time: 432.375521898
Iter time: 841.722330809
Iter time: 1453.66947579
35      , -22186.3    , array([ 0.0554606  ,  0.333379   ,  0.290972   ,  2.04091    ,  2.12519    ,  17.0476    ,  0.236198   ,  0.339136   ,  0.0317593  ,  0.106229   ,  1.01021    ])
Iter time: 501.355787039
Iter time: 972.085021973
Iter time: 1680.69314408
36      , -22305.8    , array([ 0.0462316  ,  0.338313   ,  0.283189   ,  2.0416     ,  2.10666    ,  17.5193    ,  0.222078   ,  0.337221   ,  0.0336259  ,  0.12255    ,  1.01011    ])
Iter time: 467.954537868
Iter time: 909.519252062
Iter time: 1571.36798
37      , -22251.2    , array([ 0.0529324  ,  0.335879   ,  0.266112   ,  2.04213    ,  2.11413    ,  17.2311    ,  0.232433   ,  0.338297   ,  0.0324883  ,  0.121999   ,  1.01014    ])
Iter time: 466.00346899
Iter time: 903.003324986
Iter time: 1560.06221008
38      , -22178.2    , array([ 0.0511811  ,  0.338447   ,  0.278653   ,  2.04635    ,  2.0993     ,  17.1319    ,  0.23603    ,  0.337437   ,  0.0327782  ,  0.121347   ,  1.01071    ])
Iter time: 448.860090017
Iter time: 872.183642864
Iter time: 1506.25865412
39      , -21911.5    , array([ 0.0498708  ,  0.337748   ,  0.277866   ,  2.05463    ,  2.09041    ,  16.3567    ,  0.264159   ,  0.338033   ,  0.0310733  ,  0.11912    ,  1.01121    ])
Iter time: 460.36581707
Iter time: 892.622951031
Iter time: 1542.53955913
40      , -22076.5    , array([ 0.0508397  ,  0.340494   ,  0.278779   ,  2.05191    ,  2.08405    ,  16.8928    ,  0.247075   ,  0.336985   ,  0.032544   ,  0.120282   ,  1.01045    ])
Iter time: 457.556570053
Iter time: 888.911622047
Iter time: 1536.67311096
41      , -22021.5    , array([ 0.0508046  ,  0.319662   ,  0.279258   ,  2.05734    ,  2.06431    ,  16.8181    ,  0.25417    ,  0.336082   ,  0.0328254  ,  0.119488   ,  1.01046    ])
Iter time: 431.199054956
Iter time: 840.472498894
Iter time: 1449.71862698
42      , -21936.8    , array([ 0.0502704  ,  0.325467   ,  0.281718   ,  2.02703    ,  2.10203    ,  15.9281    ,  0.246372   ,  0.349032   ,  0.0291309  ,  0.121947   ,  1.01056    ])
Iter time: 449.37072587
Iter time: 874.897550821
Iter time: 1513.18709111
43      , -21963.1    , array([ 0.0513177  ,  0.332289   ,  0.282272   ,  2.06109    ,  2.06595    ,  16.7306    ,  0.259183   ,  0.336812   ,  0.0268517  ,  0.11889    ,  1.01045    ])
Iter time: 445.732470036
Iter time: 867.147402048
Iter time: 1500.01483107
44      , -21861.3    , array([ 0.0489393  ,  0.328772   ,  0.276796   ,  1.98701    ,  2.07056    ,  16.0865    ,  0.265798   ,  0.334631   ,  0.0290196  ,  0.112562   ,  1.0106     ])
Iter time: 430.142297983
Iter time: 837.179800987
Iter time: 1446.46141887
45      , -21544.8    , array([ 0.046624   ,  0.323879   ,  0.273852   ,  1.93558    ,  2.05008    ,  15.132     ,  0.300927   ,  0.331207   ,  0.0265082  ,  0.104739   ,  1.01079    ])
Iter time: 422.067903042
Iter time: 821.442723989
Iter time: 1419.16995215
46      , -21750.9    , array([ 0.0485263  ,  0.326795   ,  0.279854   ,  2.04306    ,  2.05458    ,  15.3111    ,  0.286574   ,  0.332959   ,  0.0276131  ,  0.111986   ,  1.01066    ])
Iter time: 432.713034153
Iter time: 841.441621065
Iter time: 2704.78662992
47      , -21626.5    , array([ 0.0472352  ,  0.326622   ,  0.275392   ,  2.04984    ,  2.03919    ,  15.3216    ,  0.291251   ,  0.3515     ,  0.0273521  ,  0.105296   ,  1.01074    ])
Iter time: 421.674181938
Iter time: 818.968169928
Iter time: 1414.79455304
48      , -21517.7    , array([ 0.0486984  ,  0.328044   ,  0.281524   ,  2.0504     ,  2.14759    ,  15.399     ,  0.314948   ,  0.335993   ,  0.0287878  ,  0.106831   ,  1.01067    ])
Iter time: 396.266031981
Iter time: 770.340041876
Iter time: 1330.89341307
49      , -21080.4    , array([ 0.0474866  ,  0.32522    ,  0.284112   ,  2.06435    ,  2.21596    ,  14.4855    ,  0.385818   ,  0.333216   ,  0.0275794  ,  0.0988333  ,  1.01082    ])
Iter time: 384.503479004
Iter time: 749.483305931
Iter time: 1298.63410306
50      , -21393.5    , array([ 0.0542114  ,  0.321321   ,  0.274958   ,  2.03561    ,  2.0753     ,  14.7764    ,  0.329079   ,  0.339633   ,  0.0259022  ,  0.104638   ,  1.01106    ])
Iter time: 396.410082102
Iter time: 771.066762924
Iter time: 1332.02633786
51      , -21291.5    , array([ 0.0475547  ,  0.321053   ,  0.294348   ,  2.0339     ,  2.06101    ,  14.6095    ,  0.334937   ,  0.338794   ,  0.0257274  ,  0.102218   ,  1.01121    ])
Iter time: 423.10888505
Iter time: 820.737767935
Iter time: 1417.74889302
52      , -21226.2    , array([ 0.0441353  ,  0.321252   ,  0.269765   ,  2.03384    ,  2.03888    ,  14.3581    ,  0.351208   ,  0.337895   ,  0.0253291  ,  0.116573   ,  1.01132    ])
Iter time: 391.438328981
Iter time: 761.950790882
Iter time: 1315.92910981
53      , -21150.7    , array([ 0.0469246  ,  0.31123    ,  0.279886   ,  2.01969    ,  2.07087    ,  14.0677    ,  0.357917   ,  0.340219   ,  0.0236172  ,  0.102369   ,  1.01124    ])
Iter time: 381.979586124
Iter time: 742.65376997
Iter time: 1286.46236396
54      , -21046.9    , array([ 0.0462837  ,  0.329906   ,  0.279519   ,  2.0076     ,  2.09187    ,  13.6788    ,  0.370268   ,  0.341892   ,  0.0220542  ,  0.100193   ,  1.01137    ])
Iter time: 348.490709066
Iter time: 676.997477055
Iter time: 1169.54363918
55      , -20568.2    , array([ 0.0441765  ,  0.33515    ,  0.27965    ,  1.98319    ,  2.10579    ,  12.3362    ,  0.446903   ,  0.344835   ,  0.0180772  ,  0.0917471  ,  1.01183    ])
Iter time: 370.36203289
Iter time: 720.500870943
Iter time: 1243.64027405
56      , -20843.3    , array([ 0.0445894  ,  0.317864   ,  0.276067   ,  1.98996    ,  2.09748    ,  13.0093    ,  0.400916   ,  0.342615   ,  0.0250892  ,  0.0960611  ,  1.01163    ])
Iter time: 376.955486059
Iter time: 733.125946999
Iter time: 1266.52193999
57      , -20684      , array([ 0.0445366  ,  0.323135   ,  0.275592   ,  2.01662    ,  2.06067    ,  13.171     ,  0.460803   ,  0.329506   ,  0.0225067  ,  0.0896777  ,  1.01172    ])
Iter time: 350.251269102
Iter time: 680.613810062
Iter time: 1176.2768991
58      , -20484      , array([ 0.0439796  ,  0.308891   ,  0.278995   ,  1.98279    ,  2.06674    ,  12.3305    ,  0.475531   ,  0.33865    ,  0.019898   ,  0.0871868  ,  1.01116    ])
Iter time: 308.127696991
Iter time: 598.866784096
Iter time: 1034.01861691
59      , -19803.4    , array([ 0.0413003  ,  0.295401   ,  0.279561   ,  1.94782    ,  2.055      ,  10.7059    ,  0.638022   ,  0.338959   ,  0.0159229  ,  0.0745905  ,  1.01114    ])
Iter time: 351.172988176
Iter time: 683.084073067
Iter time: 1179.96382785
60      , -20292.3    , array([ 0.0438923  ,  0.313435   ,  0.276961   ,  1.97678    ,  2.10285    ,  12.343     ,  0.506999   ,  0.344929   ,  0.0202586  ,  0.0861364  ,  1.0118     ])
Iter time: 329.978867054
Iter time: 641.76355505
Iter time: 1107.84357905
61      , -20202.3    , array([ 0.0444943  ,  0.31126    ,  0.281739   ,  1.95728    ,  2.1306     ,  11.859     ,  0.551757   ,  0.325616   ,  0.0193655  ,  0.0883233  ,  1.01191    ])
Iter time: 315.895794153
Iter time: 614.260673046
Iter time: 1062.638381
62      , -20059      , array([ 0.044696   ,  0.311636   ,  0.28479    ,  2.07704    ,  2.13419    ,  11.4872    ,  0.596243   ,  0.344498   ,  0.0188733  ,  0.0860834  ,  1.01206    ])
Iter time: 339.973505974
Iter time: 660.830514908
Iter time: 1141.12251496
63      , -19940.3    , array([ 0.0371148  ,  0.312374   ,  0.285462   ,  1.98222    ,  2.119      ,  11.2372    ,  0.607457   ,  0.336821   ,  0.0182345  ,  0.0831621  ,  1.01197    ])
Iter time: 322.088796854
Iter time: 625.297242165
Iter time: 1079.86955714
64      , -19808.2    , array([ 0.0404457  ,  0.31108    ,  0.265175   ,  1.97462    ,  2.14449    ,  10.836     ,  0.665062   ,  0.337296   ,  0.0172446  ,  0.0819973  ,  1.01196    ])
Iter time: 287.259973049
Iter time: 558.619867086
Iter time: 966.099323988
65      , -19588.1    , array([ 0.0428929  ,  0.309074   ,  0.288439   ,  1.9641     ,  2.18776    ,  10.4757    ,  0.712327   ,  0.338085   ,  0.0163332  ,  0.0674441  ,  1.01197    ])
Iter time: 237.553874016
Iter time: 462.580936909
Iter time: 797.909729004
66      , -18832.3    , array([ 0.0422849  ,  0.30316    ,  0.298255   ,  1.93014    ,  2.26622    ,  8.94797    ,  1.01446    ,  0.338181   ,  0.0131158  ,  0.0512999  ,  1.01229    ])
