==========================================
SLURM_JOB_ID = 18981453
SLURM_NODELIST = c8-66
==========================================
Module slurm/17.11.5 loaded 
Module openmpi/3.0.1 loaded 
Module gcc/7.3.0 loaded 
Module python/2.7.6 loaded 
Module numpy/1.11.1 loaded 
Module dadi/1.7.0 loaded 
Module matplotlib/2.0 loaded 
Module scipy/0.18.0 loaded 
Beginning. Call:
/home/hemstrow/monarch/github/F-H_2018/DADI/demographic_models/run_3d_mods.py /home/hemstrow/monarch/github/F-H_2018/Data/dadi_inputs/ dadi_snps_10kgap.txt 1st_folded_optim_10kgap_snps_dadi_out.txt cgrowth 10 [NAM,GUA,HAW] True 3 [0.1,0.1,0.5,0.5,5,5,.1,.1,.1,.1] [1,1,5,5,20,20,10,10,10,10] [.001,.001,.001,.001,.01,.01,.01,.01,.01,.01] [150,15,15] fmin

Ready to begin run. Parameters:

Model:
cgrowth
Maxiters:
10
Pops:
['NAM', 'GUA', 'HAW']
Projection:
[150, 15, 15]
Number of segregating sites in projected sfs:
9454.98941724
Folding spectra:
True
Level of parm folding:
3
Optimizer:
fmin
p0:
[  2.10724490e-01   2.53009088e-01   3.80587658e+00   4.00629457e-01
   1.98000000e+01   8.93089653e+00   1.03993853e-01   1.11413543e-01
   1.62544965e-02   6.41341416e-02]
Upper Bounds:
[1.0, 1.0, 5.0, 5.0, 20.0, 20.0, 10.0, 10.0, 10.0, 10.0]
Lower Bounds:
[0.001, 0.001, 0.001, 0.001, 0.01, 0.01, 0.01, 0.01, 0.01, 0.01]

Beginning optimization ************************************************
optimize_log_fmin.
Iter time: 93.8451471329
Iter time: 181.379370928
Iter time: 312.384392977
1       , -29366.7    , array([ 0.210724   ,  0.253009   ,  3.80588    ,  0.400629   ,  19.8       ,  8.9309     ,  0.103994   ,  0.111414   ,  0.0162545  ,  0.0641341  ])
Iter time: 94.0293960571
Iter time: 181.635504007
Iter time: 312.440902948
2       , -29355      , array([ 0.19494    ,  0.253009   ,  3.80588    ,  0.400629   ,  19.8       ,  8.9309     ,  0.103994   ,  0.111414   ,  0.0162545  ,  0.0641341  ])
Iter time: 97.6242990494
Iter time: 188.094707966
Iter time: 323.758249998
3       , -29367.5    , array([ 0.210724   ,  0.236207   ,  3.80588    ,  0.400629   ,  19.8       ,  8.9309     ,  0.103994   ,  0.111414   ,  0.0162545  ,  0.0641341  ])
Iter time: 94.207392931
Iter time: 181.691421032
Iter time: 311.987267017
4       , -29564.6    , array([ 0.210724   ,  0.253009   ,  4.0689     ,  0.400629   ,  19.8       ,  8.9309     ,  0.103994   ,  0.111414   ,  0.0162545  ,  0.0641341  ])
Iter time: 96.1518990993
Iter time: 185.173548937
Iter time: 319.416049957
5       , -29427.7    , array([ 0.210724   ,  0.253009   ,  3.80588    ,  0.382719   ,  19.8       ,  8.9309     ,  0.103994   ,  0.111414   ,  0.0162545  ,  0.0641341  ])
Iter time: 104.847585917
Iter time: 202.176717043
Iter time: 348.716928959
7       , -29447.4    , array([ 0.210724   ,  0.253009   ,  3.80588    ,  0.400629   ,  19.8       ,  9.96414    ,  0.103994   ,  0.111414   ,  0.0162545  ,  0.0641341  ])
Iter time: 93.8725440502
Iter time: 181.829221964
Iter time: 312.374135017
8       , -29707.1    , array([ 0.210724   ,  0.253009   ,  3.80588    ,  0.400629   ,  19.8       ,  8.9309     ,  0.0928663  ,  0.111414   ,  0.0162545  ,  0.0641341  ])
Iter time: 94.1686029434
Iter time: 181.45739603
Iter time: 312.813989878
9       , -29647.5    , array([ 0.210724   ,  0.253009   ,  3.80588    ,  0.400629   ,  19.8       ,  8.9309     ,  0.103994   ,  0.0998355  ,  0.0162545  ,  0.0641341  ])
Iter time: 94.2683579922
Iter time: 181.521924019
Iter time: 312.059017181
10      , -29400      , array([ 0.210724   ,  0.253009   ,  3.80588    ,  0.400629   ,  19.8       ,  8.9309     ,  0.103994   ,  0.111414   ,  0.0132289  ,  0.0641341  ])
Iter time: 94.1026220322
Iter time: 181.356127024
Iter time: 312.177366972
11      , -29404.1    , array([ 0.210724   ,  0.253009   ,  3.80588    ,  0.400629   ,  19.8       ,  8.9309     ,  0.103994   ,  0.111414   ,  0.0162545  ,  0.0559041  ])
Iter time: 96.8827819824
Iter time: 187.618072987
Iter time: 322.181499958
12      , -29432.7    , array([ 0.207468   ,  0.249556   ,  3.85709    ,  0.396982   ,  17.0542    ,  9.1286     ,  0.101666   ,  0.108995   ,  0.0155985  ,  0.0623965  ])
Iter time: 97.6284339428
Iter time: 188.713624001
Iter time: 324.786604881
13      , -29180.4    , array([ 0.206823   ,  0.248871   ,  3.86741    ,  0.396256   ,  19.2176    ,  9.16866    ,  0.115929   ,  0.108518   ,  0.0154705  ,  0.0620547  ])
Iter time: 99.4516448975
Iter time: 193.218037128
Iter time: 331.232760906
14      , -28919.6    , array([ 0.2049     ,  0.246827   ,  3.89855    ,  0.394087   ,  18.9328    ,  9.2899     ,  0.129526   ,  0.107098   ,  0.0150928  ,  0.0610403  ])
Iter time: 98.9169859886
Iter time: 190.904604912
Iter time: 329.221228838
15      , -29084.5    , array([ 0.205667   ,  0.247642   ,  3.88606    ,  0.394953   ,  19.0462    ,  9.24121    ,  0.108171   ,  0.122816   ,  0.0152428  ,  0.0614441  ])
Iter time: 99.757338047
Iter time: 192.975639105
Iter time: 331.805835009
16      , -29084.9    , array([ 0.20467    ,  0.246583   ,  3.60158    ,  0.393828   ,  18.8989    ,  9.30456    ,  0.109027   ,  0.112218   ,  0.0150481  ,  0.0609197  ])
Iter time: 88.8306660652
Iter time: 171.687476873
Iter time: 295.234256983
17      , -29114.5    , array([ 0.203481   ,  0.245317   ,  3.80824    ,  0.392481   ,  18.7237    ,  8.22626    ,  0.110062   ,  0.11238    ,  0.0148178  ,  0.0602964  ])
Iter time: 96.2641420364
Iter time: 186.185966969
Iter time: 320.05219698
19      , -29346.2    , array([ 0.207069   ,  0.249131   ,  3.82955    ,  0.396532   ,  18.2057    ,  9.04383    ,  0.104706   ,  0.110605   ,  0.0155191  ,  0.0621845  ])
Iter time: 95.2536120415
Iter time: 184.163147926
Iter time: 317.422878981
20      , -29064.1    , array([ 0.201984   ,  0.243724   ,  3.80326    ,  0.41283    ,  18.7591    ,  9.01152    ,  0.111975   ,  0.112905   ,  0.0145313  ,  0.0595164  ])
Iter time: 97.5347070694
Iter time: 188.411051989
Iter time: 326.162217855
21      , -29017      , array([ 0.20028    ,  0.241909   ,  3.80273    ,  0.396747   ,  18.5576    ,  9.02773    ,  0.113644   ,  0.113206   ,  0.0142092  ,  0.0691386  ])
Iter time: 98.2526321411
Iter time: 190.130125999
Iter time: 326.909873962
22      , -28944.2    , array([ 0.198254   ,  0.239748   ,  3.8021     ,  0.395975   ,  18.3186    ,  9.04723    ,  0.115679   ,  0.113567   ,  0.0177105  ,  0.0611789  ])
Iter time: 94.9068081379
Iter time: 183.728610039
Iter time: 315.944877863
23      , -28896.7    , array([ 0.19585    ,  0.257567   ,  3.80135    ,  0.395051   ,  18.0359    ,  9.07067    ,  0.118169   ,  0.114003   ,  0.0146633  ,  0.0606044  ])
Iter time: 93.8776679039
Iter time: 181.419474125
Iter time: 146864.756981
24      , -28666.5    , array([ 0.188811   ,  0.26896    ,  3.79909    ,  0.392291   ,  17.2137    ,  9.14138    ,  0.125965   ,  0.115321   ,  0.0139271  ,  0.058913   ])
Iter time: 120.265788078
Iter time: 190.326673985
Iter time: 327.502727032
25      , -28759.4    , array([ 0.191596   ,  0.24342    ,  3.79999    ,  0.393393   ,  17.538     ,  9.11303    ,  0.122786   ,  0.114792   ,  0.014217   ,  0.0595838  ])
Iter time: 99.1454849243
Iter time: 191.968844175
Iter time: 330.277669907
26      , -28655.1    , array([ 0.206394   ,  0.241547   ,  3.79882    ,  0.391961   ,  17.1176    ,  9.1499     ,  0.126934   ,  0.11548    ,  0.0138412  ,  0.0587132  ])
Iter time: 101.857357025
Iter time: 197.09879899
Iter time: 339.727483034
27      , -28318.2    , array([ 0.212371   ,  0.236012   ,  3.79529    ,  0.387697   ,  15.9159    ,  9.26141    ,  0.140238   ,  0.117568   ,  0.0127725  ,  0.0561771  ])
Iter time: 98.1944420338
Iter time: 189.735602856
Iter time: 326.481338978
28      , -28440.8    , array([ 0.19529    ,  0.242667   ,  3.76856    ,  0.394231   ,  18.1228    ,  9.07871    ,  0.133657   ,  0.117753   ,  0.0139432  ,  0.0593361  ])
Iter time: 108.247126818
Iter time: 209.575758934
Iter time: 362.122916937
29      , -28542.9    , array([ 0.197107   ,  0.245904   ,  3.78171    ,  0.398654   ,  17.5069    ,  10.1798    ,  0.13219    ,  0.116981   ,  0.0144265  ,  0.0609978  ])
Iter time: 98.3879411221
Iter time: 189.877616167
Iter time: 327.425269127
30      , -28476.9    , array([ 0.194491   ,  0.244508   ,  4.03792    ,  0.39826    ,  17.0811    ,  9.16334    ,  0.138687   ,  0.118127   ,  0.0140863  ,  0.0603892  ])
Iter time: 98.9452910423
Iter time: 191.240001917
Iter time: 329.422015905
31      , -28365.3    , array([ 0.191398   ,  0.242842   ,  3.77113    ,  0.397788   ,  16.5839    ,  9.21055    ,  0.146907   ,  0.107097   ,  0.0136887  ,  0.0596669  ])
Iter time: 103.321390152
Iter time: 200.042792082
Iter time: 344.300834894
32      , -28244.1    , array([ 0.192801   ,  0.246567   ,  3.84671    ,  0.377748   ,  16.4278    ,  9.48667    ,  0.149836   ,  0.115274   ,  0.0141885  ,  0.0616306  ])
Iter time: 108.369663
Iter time: 209.806738853
Iter time: 359.192112923
33      , -27863      , array([ 0.188367   ,  0.248001   ,  3.86862    ,  0.361341   ,  15.3731    ,  9.73356    ,  0.173325   ,  0.116477   ,  0.0140201  ,  0.0627157  ])
Iter time: 102.874994993
Iter time: 199.719595909
Iter time: 343.601078987
34      , -28042.7    , array([ 0.192071   ,  0.249657   ,  3.86048    ,  0.38578    ,  15.9925    ,  9.61328    ,  0.160641   ,  0.115625   ,  0.0144713  ,  0.0520287  ])
Iter time: 103.192713022
Iter time: 199.817005157
Iter time: 344.039134979
35      , -27949.4    , array([ 0.192808   ,  0.253956   ,  3.8729     ,  0.384521   ,  15.7671    ,  9.70971    ,  0.168527   ,  0.115671   ,  0.0111507  ,  0.0569234  ])
Iter time: 102.594684839
Iter time: 198.649615049
Iter time: 342.214382887
36      , -27766.4    , array([ 0.184298   ,  0.24808    ,  3.77211    ,  0.384469   ,  14.7074    ,  9.54002    ,  0.158645   ,  0.124562   ,  0.0123159  ,  0.0562614  ])
Iter time: 104.312647104
Iter time: 202.667180061
Iter time: 347.865851879
37      , -27203.3    , array([ 0.174788   ,  0.248709   ,  3.71043    ,  0.379749   ,  12.9627    ,  9.6676     ,  0.175574   ,  0.134334   ,  0.0111254  ,  0.0540141  ])
Iter time: 104.908864021
Iter time: 203.914032936
Iter time: 350.299015045
38      , -27632      , array([ 0.193509   ,  0.252636   ,  3.85152    ,  0.382439   ,  14.9456    ,  9.84076    ,  0.179761   ,  0.119925   ,  0.0124489  ,  0.0565164  ])
Iter time: 113.159020901
Iter time: 218.518185854
Iter time: 376.599755764
39      , -27519.4    , array([ 0.197331   ,  0.225801   ,  3.86301    ,  0.381567   ,  14.8029    ,  9.95596    ,  0.188142   ,  0.120314   ,  0.0124261  ,  0.0566871  ])
Iter time: 98.5002090931
Iter time: 190.775916815
Iter time: 328.463512182
40      , -27423.6    , array([ 0.189069   ,  0.242795   ,  3.89731    ,  0.372201   ,  14.0748    ,  8.90073    ,  0.192395   ,  0.119275   ,  0.0116431  ,  0.0539529  ])
Iter time: 108.632467985
Iter time: 210.591708183
Iter time: 362.78093791
41      , -27302.1    , array([ 0.190531   ,  0.243839   ,  3.62423    ,  0.367561   ,  13.8777    ,  9.83071    ,  0.195789   ,  0.118346   ,  0.0114785  ,  0.0532821  ])
Iter time: 110.910401821
Iter time: 215.647269011
Iter time: 370.521063805
42      , -27153.5    , array([ 0.188818   ,  0.245925   ,  3.85308    ,  0.366152   ,  12.4002    ,  10.0815    ,  0.219277   ,  0.118842   ,  0.0111538  ,  0.0530731  ])
Iter time: 112.555953026
Iter time: 218.021013021
Iter time: 375.990856886
44      , -26921.3    , array([ 0.192136   ,  0.246369   ,  3.86704    ,  0.356913   ,  12.7854    ,  10.1184    ,  0.216138   ,  0.133414   ,  0.0109052  ,  0.051557   ])
Iter time: 111.689408064
Iter time: 215.944191933
Iter time: 372.37377286
46      , -26742.7    , array([ 0.169728   ,  0.255685   ,  3.85684    ,  0.360193   ,  12.7511    ,  10.2426    ,  0.246878   ,  0.124644   ,  0.0113239  ,  0.0538279  ])
Iter time: 117.159172058
Iter time: 226.165678024
Iter time: 390.897835016
47      , -26058.1    , array([ 0.151733   ,  0.266129   ,  3.88798    ,  0.347181   ,  11.4131    ,  10.7715    ,  0.327561   ,  0.12834    ,  0.0106624  ,  0.0526904  ])
Iter time: 105.243741035
Iter time: 204.073596001
Iter time: 351.39312005
49      , -27660.1    , array([ 0.188722   ,  0.248438   ,  3.84453    ,  0.377692   ,  14.8415    ,  9.73145    ,  0.179158   ,  0.118927   ,  0.0129924  ,  0.0535227  ])
Iter time: 113.339106083
Iter time: 219.433729887
Iter time: 378.516462088
50      , -26602.3    , array([ 0.177577   ,  0.23962    ,  3.77936    ,  0.354318   ,  11.8869    ,  9.99896    ,  0.239817   ,  0.13008    ,  0.012581   ,  0.0526045  ])
Iter time: 108.10601306
Iter time: 209.637304783
Iter time: 360.790480137
52      , -27496.6    , array([ 0.186144   ,  0.246917   ,  3.84268    ,  0.364847   ,  14.3219    ,  9.80641    ,  0.189723   ,  0.120193   ,  0.0128168  ,  0.0580696  ])
Iter time: 112.594467163
Iter time: 218.425835133
Iter time: 375.943273783
53      , -26601.6    , array([ 0.178801   ,  0.242965   ,  3.78915    ,  0.356834   ,  11.9099    ,  10.0458    ,  0.243496   ,  0.129618   ,  0.0105375  ,  0.0549019  ])
Iter time: 114.662954092
Iter time: 222.843107939
Iter time: 383.065797091
54      , -26433      , array([ 0.171642   ,  0.23707    ,  3.76994    ,  0.347554   ,  11.3019    ,  9.97532    ,  0.257864   ,  0.130553   ,  0.010637   ,  0.0516932  ])
Iter time: 107.344813824
Iter time: 208.143959999
Iter time: 358.453987122
55      , -26324      , array([ 0.163688   ,  0.26784    ,  3.74044    ,  0.341904   ,  10.8113    ,  9.86372    ,  0.262411   ,  0.132274   ,  0.0103303  ,  0.0505957  ])
Iter time: 109.25011301
Iter time: 211.214401007
Iter time: 363.861474991
57      , -27139.5    , array([ 0.181734   ,  0.247424   ,  3.81675    ,  0.361838   ,  13.2725    ,  9.86081    ,  0.208675   ,  0.123728   ,  0.0119211  ,  0.0553837  ])
Iter time: 125.307532072
Iter time: 243.228096962
Iter time: 420.100522041
58      , -26129      , array([ 0.165192   ,  0.254137   ,  3.67221    ,  0.344036   ,  10.6234    ,  11.2746    ,  0.278292   ,  0.137008   ,  0.0106095  ,  0.0519863  ])
Iter time: 116.467000961
Iter time: 226.072566032
Iter time: 389.155426979
59      , -26020.1    , array([ 0.159311   ,  0.255151   ,  3.9593     ,  0.343801   ,  10.2135    ,  10.4917    ,  0.293393   ,  0.142186   ,  0.0105935  ,  0.0523823  ])
Iter time: 120.588086843
Iter time: 234.116544962
Iter time: 403.659163952
60      , -25419.4    , array([ 0.145675   ,  0.261003   ,  4.13828    ,  0.332503   ,  8.76202    ,  10.8387    ,  0.359154   ,  0.155851   ,  0.010177   ,  0.0519381  ])
Iter time: 125.073895216
Iter time: 242.614264965
Iter time: 418.324593067
61      , -25852.3    , array([ 0.167447   ,  0.25258    ,  3.95266    ,  0.324041   ,  10.1106    ,  10.9155    ,  0.377521   ,  0.129043   ,  0.0107367  ,  0.051269   ])
Iter time: 120.401592016
Iter time: 233.935828924
Iter time: 402.931179047
62      , -25538.4    , array([ 0.151325   ,  0.256807   ,  3.82581    ,  0.327961   ,  10.1465    ,  10.6351    ,  0.336976   ,  0.148287   ,  0.010628   ,  0.0518183  ])
Iter time: 113.068828106
Iter time: 218.730246067
Iter time: 376.654035807
64      , -26647.6    , array([ 0.173672   ,  0.249823   ,  3.82852    ,  0.352365   ,  12.0387    ,  10.143     ,  0.243944   ,  0.129325   ,  0.0113275  ,  0.0537137  ])
Iter time: 121.047954082
Iter time: 234.763868093
Iter time: 404.787587881
65      , -25474.2    , array([ 0.140496   ,  0.258981   ,  3.80617    ,  0.329056   ,  9.21461    ,  10.7629    ,  0.385476   ,  0.136111   ,  0.0107045  ,  0.0530701  ])
Iter time: 122.717532158
Iter time: 237.966005087
Iter time: 410.00829792
66      , -25456.1    , array([ 0.148981   ,  0.257246   ,  3.83997    ,  0.328771   ,  9.27664    ,  10.865     ,  0.374267   ,  0.141858   ,  0.0101895  ,  0.0508165  ])
Iter time: 115.85887599
Iter time: 224.662567139
Iter time: 387.238456011
68      , -26252.4    , array([ 0.167531   ,  0.247342   ,  3.80973    ,  0.345974   ,  11.0699    ,  10.288     ,  0.275247   ,  0.133313   ,  0.0115041  ,  0.0523339  ])
Iter time: 125.549180984
Iter time: 244.29778409
Iter time: 420.077911139
69      , -25228.2    , array([ 0.137907   ,  0.269248   ,  3.89645    ,  0.31786    ,  8.79371    ,  11.2071    ,  0.420036   ,  0.144824   ,  0.0106871  ,  0.0489033  ])
Iter time: 132.85296917
Iter time: 257.732881069
Iter time: 444.263603926
70      , -24624.9    , array([ 0.121114   ,  0.283437   ,  3.95123    ,  0.3        ,  7.5562     ,  11.8371    ,  0.551675   ,  0.153084   ,  0.0107627  ,  0.0461544  ])
Iter time: 127.146630049
Iter time: 246.5341959
Iter time: 426.219486952
71      , -25023.7    , array([ 0.133982   ,  0.28598    ,  3.95326    ,  0.316883   ,  8.54988    ,  11.6793    ,  0.46179    ,  0.148439   ,  0.0106121  ,  0.0507748  ])
Iter time: 140.377442122
Iter time: 272.382871866
Iter time: 469.627439022
72      , -24881.1    , array([ 0.134977   ,  0.256465   ,  4.02878    ,  0.31726    ,  8.52802    ,  12.2174    ,  0.508097   ,  0.149925   ,  0.0109862  ,  0.0519129  ])
Iter time: 120.704472065
Iter time: 233.378220081
Iter time: 402.434492111
74      , -25830.8    , array([ 0.156108   ,  0.255071   ,  3.85643    ,  0.336102   ,  10.1763    ,  10.7189    ,  0.326892   ,  0.137824   ,  0.011045   ,  0.0517682  ])
Iter time: 124.287595034
Iter time: 240.217463017
Iter time: 413.839936972
75      , -24755.8    , array([ 0.12665    ,  0.272458   ,  4.1906     ,  0.308436   ,  8.16717    ,  10.951     ,  0.559311   ,  0.148362   ,  0.0106845  ,  0.0504003  ])
Iter time: 134.552620173
Iter time: 261.20588398
Iter time: 450.106601
76      , -24521.3    , array([ 0.13299    ,  0.261407   ,  4.01781    ,  0.298493   ,  7.10992    ,  11.5006    ,  0.528853   ,  0.163041   ,  0.0106359  ,  0.0492869  ])
Iter time: 144.904443979
Iter time: 280.798506021
Iter time: 484.427717924
77      , -23795.4    , array([ 0.124505   ,  0.259078   ,  4.08435    ,  0.276773   ,  5.61171    ,  11.8834    ,  0.67198    ,  0.183765   ,  0.0106227  ,  0.0476685  ])
Iter time: 129.124599934
Iter time: 250.499918938
Iter time: 431.737483025
78      , -24277.4    , array([ 0.113576   ,  0.276833   ,  3.97806    ,  0.309882   ,  7.13432    ,  11.5433    ,  0.514954   ,  0.174033   ,  0.0105398  ,  0.049921   ])
Iter time: 136.299847841
Iter time: 265.358356953
Iter time: 456.372539043
79      , -24060.5    , array([ 0.114317   ,  0.278654   ,  4.10273    ,  0.293947   ,  6.60229    ,  11.9305    ,  0.651295   ,  0.170727   ,  0.0101501  ,  0.0490816  ])
Iter time: 139.481060982
Iter time: 271.55934
Iter time: 467.484666824
80      , -24095.3    , array([ 0.111497   ,  0.281327   ,  4.19378    ,  0.294718   ,  6.07635    ,  12.3042    ,  0.720807   ,  0.163216   ,  0.0104517  ,  0.0485049  ])
Iter time: 142.756598949
Iter time: 277.064203024
Iter time: 478.733340979
81      , -23783.4    , array([ 0.114664   ,  0.283623   ,  4.29796    ,  0.287334   ,  6.15624    ,  12.4879    ,  0.714143   ,  0.184393   ,  0.0103276  ,  0.0465164  ])
Iter time: 177.800494909
Iter time: 345.122097969
Iter time: 595.593153954
82      , -22938.7    , array([ 0.103588   ,  0.296809   ,  4.5672     ,  0.268502   ,  5.03194    ,  13.4514    ,  0.972028   ,  0.21462    ,  0.0101441  ,  0.0435496  ])
Iter time: 157.79333806
Iter time: 306.570475101
Iter time: 528.590611935
83      , -23355.9    , array([ 0.100554   ,  0.293823   ,  4.41051    ,  0.276169   ,  5.41092    ,  12.9102    ,  0.890227   ,  0.192198   ,  0.0108398  ,  0.0471029  ])
Iter time: 201.805386066
Iter time: 393.066148043
Iter time: 676.790060997
84      , -23162.9    , array([ 0.0954872  ,  0.296535   ,  4.14505    ,  0.263116   ,  5.20224    ,  13.4022    ,  1.11236    ,  0.182432   ,  0.010991   ,  0.0451937  ])
Iter time: 179.055640936
Iter time: 347.739220858
Iter time: 600.477596045
85      , -23004.2    , array([ 0.097021   ,  0.272605   ,  4.38035    ,  0.266008   ,  4.82704    ,  12.7847    ,  1.03143    ,  0.199605   ,  0.0106146  ,  0.045165   ])
Iter time: 179.998487949
Iter time: 350.208115101
Iter time: 603.750159025
86      , -22774.7    , array([ 0.0901516  ,  0.307711   ,  4.37077    ,  0.256492   ,  4.31876    ,  12.3331    ,  1.08004    ,  0.20927    ,  0.0101829  ,  0.0429615  ])
Iter time: 212.508819103
Iter time: 414.964550972
Iter time: 713.172224045
88      , -22439.5    , array([ 0.0897635  ,  0.296784   ,  4.23752    ,  0.254276   ,  3.97003    ,  14.0902    ,  1.11915    ,  0.226536   ,  0.0103701  ,  0.0428599  ])
Iter time: 335.668973923
Iter time: 654.059206963
Iter time: 1128.72515297
89      , -21306.9    , array([ 0.0755695  ,  0.309749   ,  4.26118    ,  0.230875   ,  2.76793    ,  15.9827    ,  1.58309    ,  0.279926   ,  0.0102164  ,  0.039524   ])
Iter time: 259.353454828
Iter time: 504.643591881
Iter time: 874.326406956
90      , -21933.1    , array([ 0.0854167  ,  0.290398   ,  4.56262    ,  0.248086   ,  3.5102     ,  13.8423    ,  1.40095    ,  0.247714   ,  0.0101881  ,  0.0453733  ])
Iter time: 357.746170998
Iter time: 694.203779936
Iter time: 1199.12904501
91      , -21954.6    , array([ 0.0860406  ,  0.300184   ,  4.65784    ,  0.229725   ,  3.22611    ,  14.7198    ,  1.83345    ,  0.233837   ,  0.0103332  ,  0.0411561  ])
Iter time: 300.65820384
Iter time: 583.341648102
Iter time: 1008.05250192
92      , -21549.8    , array([ 0.0832172  ,  0.299247   ,  4.51197    ,  0.229803   ,  3.3373     ,  14.3136    ,  1.57873    ,  0.267924   ,  0.0103965  ,  0.0409885  ])
Iter time: 420.386611938
Iter time: 818.607908964
Iter time: 1413.20887995
93      , -21170      , array([ 0.0761707  ,  0.306456   ,  4.70065    ,  0.219337   ,  2.67969    ,  15.3095    ,  2.08572    ,  0.280294   ,  0.0107569  ,  0.0390731  ])
Iter time: 538.892110825
Iter time: 1046.07178688
Iter time: 1807.93776917
95      , -20990.4    , array([ 0.0633913  ,  0.340872   ,  4.8564     ,  0.222359   ,  2.71945    ,  16.1689    ,  2.53546    ,  0.28335    ,  0.0103042  ,  0.0386629  ])
Iter time: 207.385654926
Iter time: 403.384297132
Iter time: 696.104382038
98      , -22693.9    , array([ 0.0923602  ,  0.297696   ,  4.45343    ,  0.258926   ,  4.44212    ,  13.5288    ,  1.13588    ,  0.213526   ,  0.0106224  ,  0.0445264  ])
Iter time: 235.187911987
Iter time: 457.453508854
Iter time: 789.45895505
100     , -22589.1    , array([ 0.0898536  ,  0.299125   ,  4.33285    ,  0.252531   ,  4.32135    ,  13.7907    ,  1.27104    ,  0.209673   ,  0.010678   ,  0.0435823  ])
Iter time: 448.144476175
Iter time: 872.525749922
Iter time: 1507.30311298
101     , -20973.4    , array([ 0.0725637  ,  0.340244   ,  4.67283    ,  0.218549   ,  2.61099    ,  15.991     ,  2.13228    ,  0.293815   ,  0.0101508  ,  0.0388313  ])
Iter time: 545.467067003
Iter time: 1062.17798305
Iter time: 1835.01519299
103     , -20832.5    , array([ 0.0632934  ,  0.321152   ,  4.5022     ,  0.207786   ,  2.19667    ,  15.7333    ,  2.64752    ,  0.290974   ,  0.010623   ,  0.0393586  ])
WARNING:Inference:Model is masked in some entries where data is not.
WARNING:Inference:Number of affected entries is 58. Sum of data in those entries is 3.33892:
Iter time: 965.302160025
Iter time: 1880.8175118
Iter time: 3251.09759712
3.33892231215 9454.98941724
104     , -20093.6    , array([ 0.0494747  ,  0.334062   ,  4.47005    ,  0.18279    ,  1.45138    ,  17.0156    ,  4.36938    ,  0.338803   ,  0.0108709  ,  0.0374168  ])
Iter time: 752.831089973
Iter time: 1464.92650509
Iter time: 2569.74890208
105     , -20341.8    , array([ 0.0645023  ,  0.314906   ,  4.72572    ,  0.203267   ,  2.05791    ,  18.3008    ,  3.1512     ,  0.3286     ,  0.0107218  ,  0.0388098  ])
WARNING:Inference:Model is masked in some entries where data is not.
WARNING:Inference:Number of affected entries is 15. Sum of data in those entries is 2.40684:
Iter time: 847.452197075
Iter time: 1651.55373502
Iter time: 2851.71979308
2.40684085422 9454.98941724
106     , -20018.9    , array([ 0.0585979  ,  0.329179   ,  4.69338    ,  0.191841   ,  1.71538    ,  17.7225    ,  3.67462    ,  0.351049   ,  0.0102973  ,  0.0364308  ])
WARNING:Inference:Model is masked in some entries where data is not.
WARNING:Inference:Number of affected entries is 43. Sum of data in those entries is 3.29649:
Iter time: 964.493816137
Iter time: 1879.23888397
Iter time: 3247.19898105
3.29648881833 9454.98941724
108     , -19565.9    , array([ 0.0552969  ,  0.33394    ,  4.90173    ,  0.186178   ,  1.46582    ,  18.2805    ,  4.06065    ,  0.396314   ,  0.0101696  ,  0.0359094  ])
WARNING:Inference:Model is masked in some entries where data is not.
WARNING:Inference:Number of affected entries is 1. Sum of data in those entries is 0.58678:
Iter time: 769.055190802
Iter time: 1497.41875792
Iter time: 2588.65974116
0.58677991377 9454.98941724
110     , -19610.5    , array([ 0.0528607  ,  0.33993    ,  4.6065     ,  0.196236   ,  1.67688    ,  17.885     ,  3.30028    ,  0.394907   ,  0.0104755  ,  0.0370031  ])
Iter time: 387.988329887
Iter time: 755.072747946
Iter time: 1305.30385995
112     , -21179      , array([ 0.0740986  ,  0.306981   ,  4.59943    ,  0.226833   ,  2.75372    ,  15.1798    ,  1.93764    ,  0.280837   ,  0.0103099  ,  0.0416524  ])
WARNING:Numerics:Extrapolation may have failed. Check resulting frequency spectrum for unexpected results.
WARNING:Inference:Model is masked in some entries where data is not.
WARNING:Inference:Number of affected entries is 83. Sum of data in those entries is 3.52251:
Iter time: 1203.16000319
Iter time: 2346.63747787
Iter time: 4063.5486269
3.52251448273 9454.98941724
113     , -19642.3    , array([ 0.0485132  ,  0.353708   ,  4.78286    ,  0.186697   ,  1.34562    ,  19.5886    ,  4.73946    ,  0.381939   ,  0.0104523  ,  0.0357844  ])
Iter time: 476.835172892
Iter time: 929.29820919
Iter time: 1605.61982203
115     , -20771.2    , array([ 0.0677746  ,  0.319562   ,  4.47493    ,  0.216371   ,  2.33612    ,  16.5265    ,  2.19823    ,  0.303928   ,  0.0103316  ,  0.0387134  ])
WARNING:Inference:Model is masked in some entries where data is not.
WARNING:Inference:Number of affected entries is 104. Sum of data in those entries is 5.24108:
Iter time: 1250.11751008
Iter time: 2435.91646314
Iter time: 4342.46092606
5.24107798613 9454.98941724
116     , -19527.2    , array([ 0.0489799  ,  0.356926   ,  4.77528    ,  0.179571   ,  1.36605    ,  19.5676    ,  4.9314     ,  0.393916   ,  0.0105928  ,  0.0340193  ])
Iter time: 572.834976912
Iter time: 4092.91804194
Iter time: 1918.23225212
119     , -20624.5    , array([ 0.0662617  ,  0.320935   ,  4.69728    ,  0.208304   ,  2.20424    ,  16.4441    ,  2.65078    ,  0.310571   ,  0.0105944  ,  0.0380866  ])
WARNING:Inference:Model is masked in some entries where data is not.
WARNING:Inference:Number of affected entries is 61. Sum of data in those entries is 3.33933:
Iter time: 1132.92127085
Iter time: 2210.05576992
Iter time: 3958.20006609
3.33932868872 9454.98941724
120     , -19268.6    , array([ 0.0528799  ,  0.327421   ,  4.50674    ,  0.173717   ,  1.15915    ,  19.36      ,  4.5164     ,  0.425657   ,  0.010625   ,  0.0355416  ])
Iter time: 1020.00194788
Iter time: 1782.6118412
Iter time: 2082.483495
123     , -20422.5    , array([ 0.0637996  ,  0.3365     ,  4.66711    ,  0.204887   ,  2.0674     ,  16.9819    ,  2.78889    ,  0.325411   ,  0.0103294  ,  0.0377726  ])
WARNING:Numerics:Extrapolation may have failed. Check resulting frequency spectrum for unexpected results.
WARNING:Inference:Model is masked in some entries where data is not.
WARNING:Inference:Number of affected entries is 237. Sum of data in those entries is 10.9984:
Iter time: 1626.97585011
Iter time: 3168.46560597
Iter time: 5474.08657002
10.9983873512 9454.98941724
124     , -19223.5    , array([ 0.0458688  ,  0.35018    ,  4.89666    ,  0.168663   ,  1.11938    ,  19.7867    ,  6.34799    ,  0.433254   ,  0.0106935  ,  0.0347012  ])
WARNING:Inference:Model is masked in some entries where data is not.
WARNING:Inference:Number of affected entries is 1. Sum of data in those entries is 0.58678:
Iter time: 745.014876127
Iter time: 1456.00160503
Iter time: 2510.15858603
0.58677991377 9454.98941724
127     , -20179.2    , array([ 0.0596747  ,  0.329089   ,  4.69891    ,  0.197388   ,  1.82508    ,  17.4045    ,  3.28721    ,  0.341341   ,  0.0105575  ,  0.0371892  ])
WARNING:Inference:Model is masked in some entries where data is not.
WARNING:Inference:Number of affected entries is 3. Sum of data in those entries is 0.615543:
Iter time: 786.612115145
Iter time: 1528.79931116
Iter time: 2639.46390414
0.615543378116 9454.98941724
129     , -20074.8    , array([ 0.0583602  ,  0.3366     ,  4.68539    ,  0.195397   ,  1.75654    ,  17.7085    ,  3.39959    ,  0.350236   ,  0.0104361  ,  0.0370067  ])
WARNING:Inference:Model is masked in some entries where data is not.
WARNING:Inference:Number of affected entries is 146. Sum of data in those entries is 7.1849:
Iter time: 1331.9096601
Iter time: 2582.12365699
Iter time: 4472.28649998
7.18489558554 9454.98941724
130     , -19122.1    , array([ 0.0433075  ,  0.364831   ,  4.67384    ,  0.169492   ,  1.0486     ,  18.5111    ,  5.53294    ,  0.437977   ,  0.0103128  ,  0.0335502  ])
