==========================================
SLURM_JOB_ID = 18981474
SLURM_NODELIST = c8-68
==========================================
Module slurm/17.11.5 loaded 
Module openmpi/3.0.1 loaded 
Module gcc/7.3.0 loaded 
Module python/2.7.6 loaded 
Module numpy/1.11.1 loaded 
Module dadi/1.7.0 loaded 
Module matplotlib/2.0 loaded 
Module scipy/0.18.0 loaded 
Beginning. Call:
/home/hemstrow/monarch/github/F-H_2018/DADI/demographic_models/run_3d_mods.py /home/hemstrow/monarch/github/F-H_2018/Data/dadi_inputs/ dadi_snps_10kgap.txt 1st_folded_optim_10kgap_snps_dadi_out.txt lgrowth_both 10 [NAM,GUA,HAW] True 3 [0.1,0.1,1,1,5,5,.1,.1,.1,.1,2,2] [1,1,10,10,20,20,10,10,10,10,4,4] [1e-3,1e-3,1e-3,1e-3,0.01,0.01,0.01,0.01,0.01,0.01,1,1] [150,15,15] fmin

Ready to begin run. Parameters:

Model:
lgrowth_both
Maxiters:
10
Pops:
['NAM', 'GUA', 'HAW']
Projection:
[150, 15, 15]
Number of segregating sites in projected sfs:
9454.98941724
Folding spectra:
True
Level of parm folding:
3
Optimizer:
fmin
p0:
[ 0.02457865  0.13967273  0.1838541   2.98027945  3.7331632   1.31698305
  0.09893118  0.07019661  0.01407073  0.13417625  3.96        1.11265984]
Upper Bounds:
[1.0, 1.0, 10.0, 10.0, 20.0, 20.0, 10.0, 10.0, 10.0, 10.0, 4.0, 4.0]
Lower Bounds:
[0.001, 0.001, 0.001, 0.001, 0.01, 0.01, 0.01, 0.01, 0.01, 0.01, 1.0, 1.0]

Beginning optimization ************************************************
optimize_log_fmin.
Iter time: 25.9456820488
Iter time: 49.4040381908
Iter time: 84.3540120125
1       , -21130.7    , array([ 0.0245786  ,  0.139673   ,  0.183854   ,  2.98028    ,  3.73316    ,  1.31698    ,  0.0989312  ,  0.0701966  ,  0.0140707  ,  0.134176   ,  3.96       ,  1.11266    ])
Iter time: 26.0905880928
Iter time: 49.6622061729
Iter time: 84.5463199615
2       , -21130.7    , array([ 0.0204214  ,  0.139673   ,  0.183854   ,  2.98028    ,  3.73316    ,  1.31698    ,  0.0989312  ,  0.0701966  ,  0.0140707  ,  0.134176   ,  3.96       ,  1.11266    ])
Iter time: 26.5442481041
Iter time: 50.5172250271
Iter time: 87.106402874
3       , -21203.1    , array([ 0.0245786  ,  0.126581   ,  0.183854   ,  2.98028    ,  3.73316    ,  1.31698    ,  0.0989312  ,  0.0701966  ,  0.0140707  ,  0.134176   ,  3.96       ,  1.11266    ])
Iter time: 28.2085390091
Iter time: 52.7994418144
Iter time: 89.9094581604
4       , -21154.6    , array([ 0.0245786  ,  0.139673   ,  0.168926   ,  2.98028    ,  3.73316    ,  1.31698    ,  0.0989312  ,  0.0701966  ,  0.0140707  ,  0.134176   ,  3.96       ,  1.11266    ])
Iter time: 25.7901968956
Iter time: 49.1213948727
Iter time: 83.9215950966
5       , -21126.5    , array([ 0.0245786  ,  0.139673   ,  0.183854   ,  3.14753    ,  3.73316    ,  1.31698    ,  0.0989312  ,  0.0701966  ,  0.0140707  ,  0.134176   ,  3.96       ,  1.11266    ])
Iter time: 25.8949608803
Iter time: 49.2994220257
Iter time: 84.0789949894
6       , -21274.5    , array([ 0.0245786  ,  0.139673   ,  0.183854   ,  2.98028    ,  3.98732    ,  1.31698    ,  0.0989312  ,  0.0701966  ,  0.0140707  ,  0.134176   ,  3.96       ,  1.11266    ])
Iter time: 26.1608159542
Iter time: 49.8375678062
Iter time: 84.9418458939
7       , -21138.9    , array([ 0.0245786  ,  0.139673   ,  0.183854   ,  2.98028    ,  3.73316    ,  1.33524    ,  0.0989312  ,  0.0701966  ,  0.0140707  ,  0.134176   ,  3.96       ,  1.11266    ])
Iter time: 25.791175127
Iter time: 49.1622068882
Iter time: 83.8637509346
8       , -21268.8    , array([ 0.0245786  ,  0.139673   ,  0.183854   ,  2.98028    ,  3.73316    ,  1.31698    ,  0.0881252  ,  0.0701966  ,  0.0140707  ,  0.134176   ,  3.96       ,  1.11266    ])
Iter time: 25.7854821682
Iter time: 49.181322813
Iter time: 84.1136980057
9       , -21351      , array([ 0.0245786  ,  0.139673   ,  0.183854   ,  2.98028    ,  3.73316    ,  1.31698    ,  0.0989312  ,  0.0614656  ,  0.0140707  ,  0.134176   ,  3.96       ,  1.11266    ])
Iter time: 25.7854168415
Iter time: 49.1363890171
Iter time: 84.0040459633
10      , -21149.9    , array([ 0.0245786  ,  0.139673   ,  0.183854   ,  2.98028    ,  3.73316    ,  1.31698    ,  0.0989312  ,  0.0701966  ,  0.0113693  ,  0.134176   ,  3.96       ,  1.11266    ])
Iter time: 25.8056199551
Iter time: 49.1462562084
Iter time: 83.9093439579
11      , -21169.8    , array([ 0.0245786  ,  0.139673   ,  0.183854   ,  2.98028    ,  3.73316    ,  1.31698    ,  0.0989312  ,  0.0701966  ,  0.0140707  ,  0.121355   ,  3.96       ,  1.11266    ])
Iter time: 25.798913002
Iter time: 49.1535189152
Iter time: 83.948266983
13      , -21126.4    , array([ 0.0245786  ,  0.139673   ,  0.183854   ,  2.98028    ,  3.73316    ,  1.31698    ,  0.0989312  ,  0.0701966  ,  0.0140707  ,  0.134176   ,  3.96       ,  1.11861    ])
Iter time: 26.316767931
Iter time: 50.0728149414
Iter time: 85.483246088
14      , -21240.5    , array([ 0.0238312  ,  0.1374     ,  0.181278   ,  3.00752    ,  3.77437    ,  1.32001    ,  0.0970423  ,  0.0686597  ,  0.0135796  ,  0.131949   ,  3.69667    ,  1.11365    ])
Iter time: 26.4007689953
Iter time: 50.2888820171
Iter time: 85.603718996
15      , -20999.3    , array([ 0.0237089  ,  0.137025   ,  0.180852   ,  3.01209    ,  3.78128    ,  1.32051    ,  0.096731   ,  0.0798726  ,  0.0134994  ,  0.131581   ,  3.91484    ,  1.11382    ])
Iter time: 26.5877780914
Iter time: 50.7885978222
Iter time: 86.468667984
16      , -20820.3    , array([ 0.0232856  ,  0.13572    ,  0.179369   ,  3.02812    ,  3.80557    ,  1.32228    ,  0.0956493  ,  0.0910502  ,  0.0132225  ,  0.130303   ,  3.89246    ,  1.11439    ])
Iter time: 26.3361699581
Iter time: 50.2384750843
Iter time: 85.9132339954
17      , -21002.8    , array([ 0.0234963  ,  0.136371   ,  0.180109   ,  3.02009    ,  3.51284    ,  1.3214     ,  0.0961886  ,  0.0730367  ,  0.0133602  ,  0.130941   ,  3.90363    ,  1.1141     ])
Iter time: 26.5829789639
Iter time: 50.642635107
Iter time: 86.5962979794
18      , -20957.8    , array([ 0.0233206  ,  0.135828   ,  0.179492   ,  3.02678    ,  3.71414    ,  1.32213    ,  0.109571   ,  0.0735211  ,  0.0132453  ,  0.130409   ,  3.89432    ,  1.11435    ])
Iter time: 26.2982890606
Iter time: 49.973911047
Iter time: 85.5069620609
20      , -21166.6    , array([ 0.0238647  ,  0.137503   ,  0.181394   ,  3.00628    ,  3.74641    ,  1.31987    ,  0.0981468  ,  0.0704322  ,  0.0136015  ,  0.132049   ,  3.81838    ,  1.11361    ])
Iter time: 26.1730830669
Iter time: 49.8720180988
Iter time: 85.2058060169
21      , -20984      , array([ 0.0231226  ,  0.151668   ,  0.178794   ,  3.03439    ,  3.70639    ,  1.32297    ,  0.0994658  ,  0.0744057  ,  0.0131161  ,  0.129808   ,  3.9045     ,  1.11462    ])
Iter time: 26.645637989
Iter time: 50.8934981823
Iter time: 86.6689760685
22      , -20976.4    , array([ 0.0228885  ,  0.139352   ,  0.177964   ,  3.04351    ,  3.70194    ,  1.32397    ,  0.0995552  ,  0.0751314  ,  0.0129634  ,  0.145141   ,  3.89533    ,  1.11495    ])
Iter time: 26.3282878399
Iter time: 50.1096069813
Iter time: 85.7422399521
24      , -21112.7    , array([ 0.0237501  ,  0.138581   ,  0.180995   ,  3.01055    ,  3.73008    ,  1.32034    ,  0.0987518  ,  0.0717115  ,  0.0135264  ,  0.132905   ,  3.87579    ,  1.11376    ])
Iter time: 24.916036129
Iter time: 47.4627709389
Iter time: 81.0763399601
25      , -20958.9    , array([ 0.0226002  ,  0.13948    ,  0.195309   ,  3.0549     ,  3.69408    ,  1.32522    ,  0.0997617  ,  0.0762152  ,  0.0127757  ,  0.133146   ,  3.89433    ,  1.11535    ])
Iter time: 26.3321700096
Iter time: 50.1150729656
Iter time: 85.580477953
26      , -20927.2    , array([ 0.0222863  ,  0.139448   ,  0.181268   ,  3.06751    ,  3.6876     ,  1.3266     ,  0.0999008  ,  0.0772674  ,  0.0161217  ,  0.132975   ,  3.88349    ,  1.1158     ])
Iter time: 26.0353078842
Iter time: 49.6990971565
Iter time: 84.5737850666
27      , -20903.7    , array([ 0.0219256  ,  0.13941    ,  0.180841   ,  3.0823     ,  3.68006    ,  1.30704    ,  0.100063   ,  0.0785132  ,  0.0133253  ,  0.132776   ,  3.87088    ,  1.11633    ])
Iter time: 26.2197239399
Iter time: 50.0406110287
Iter time: 85.86800313
28      , -20873.9    , array([ 0.0267035  ,  0.139366   ,  0.180343   ,  3.09964    ,  3.67129    ,  1.32349    ,  0.100253   ,  0.0799921  ,  0.0132049  ,  0.132544   ,  3.85623    ,  1.11694    ])
Iter time: 26.6146218777
Iter time: 51.1327960491
Iter time: 86.3965950012
29      , -20831.1    , array([ 0.0224956  ,  0.139315   ,  0.179765   ,  3.11999    ,  3.66108    ,  1.32458    ,  0.100475   ,  0.0817527  ,  0.0130659  ,  0.132274   ,  3.8392     ,  1.11765    ])
Iter time: 26.652739048
Iter time: 50.8185698986
Iter time: 86.7277851105
30      , -20785.6    , array([ 0.022166   ,  0.139256   ,  0.179092   ,  2.94988    ,  3.6492     ,  1.32585    ,  0.100735   ,  0.0838558  ,  0.0129056  ,  0.13196    ,  3.81942    ,  1.11849    ])
Iter time: 27.0075290203
Iter time: 51.4679150581
Iter time: 87.9980390072
31      , -20613.9    , array([ 0.0210499  ,  0.139048   ,  0.176758   ,  2.85576    ,  3.60792    ,  1.33031    ,  0.101649   ,  0.091652   ,  0.0123597  ,  0.130865   ,  3.75102    ,  1.12141    ])
Iter time: 26.805013895
Iter time: 51.1687459946
Iter time: 87.311467886
32      , -20700      , array([ 0.0216008  ,  0.139152   ,  0.177921   ,  3.09334    ,  3.6285     ,  1.32808    ,  0.101191   ,  0.0876673  ,  0.0126297  ,  0.131411   ,  3.78507    ,  1.113      ])
Iter time: 26.5004839897
Iter time: 50.2727129459
Iter time: 86.0635128021
33      , -20646.3    , array([ 0.0220037  ,  0.140344   ,  0.180216   ,  3.07612    ,  3.61483    ,  1.32599    ,  0.101788   ,  0.0887374  ,  0.0129886  ,  0.132418   ,  3.85206    ,  1.11772    ])
Iter time: 26.363068819
Iter time: 50.1356298923
Iter time: 85.5909810066
34      , -20692.6    , array([ 0.0219994  ,  0.143303   ,  0.181121   ,  3.07581    ,  3.85673    ,  1.32569    ,  0.10549    ,  0.0900012  ,  0.0130884  ,  0.134657   ,  3.81612    ,  1.11798    ])
Iter time: 34.736207962
Iter time: 50.9759008884
Iter time: 87.4166498184
35      , -20670.7    , array([ 0.0221701  ,  0.127637   ,  0.182846   ,  3.06823    ,  3.67963    ,  1.32457    ,  0.10302    ,  0.091192   ,  0.0133274  ,  0.136664   ,  3.80074    ,  1.11803    ])
Iter time: 26.1717741489
Iter time: 49.7225041389
Iter time: 85.0252640247
36      , -20620.7    , array([ 0.0222782  ,  0.1369     ,  0.184529   ,  3.06318    ,  3.68034    ,  1.32367    ,  0.103516   ,  0.0932748  ,  0.0135467  ,  0.121007   ,  3.79412    ,  1.11821    ])
Iter time: 28.2498869896
Iter time: 58.8054118156
Iter time: 91.6362030506
37      , -20588.2    , array([ 0.0225085  ,  0.136349   ,  0.166558   ,  3.05313    ,  3.68589    ,  1.32216    ,  0.103939   ,  0.0950965  ,  0.0138806  ,  0.129823   ,  3.77864    ,  1.11828    ])
Iter time: 32.8235201836
Iter time: 60.106292963
Iter time: 101.070661068
38      , -20407.3    , array([ 0.0224628  ,  0.13481    ,  0.153811   ,  3.05225    ,  3.6818     ,  1.32064    ,  0.106093   ,  0.106225   ,  0.0144684  ,  0.128193   ,  3.72209    ,  1.11975    ])
Iter time: 26.8416159153
Iter time: 51.1827580929
Iter time: 87.3322868347
39      , -20486.9    , array([ 0.0216774  ,  0.139839   ,  0.176631   ,  3.0858     ,  3.66063    ,  1.325      ,  0.094127   ,  0.104816   ,  0.013587   ,  0.13217    ,  3.75027    ,  1.12019    ])
Iter time: 27.1458101273
Iter time: 51.7266569138
Iter time: 88.3458127975
40      , -20442.5    , array([ 0.022579   ,  0.136273   ,  0.174147   ,  3.04784    ,  3.68247    ,  1.32027    ,  0.102219   ,  0.104934   ,  0.0108491  ,  0.129488   ,  3.73891    ,  1.11946    ])
Iter time: 27.6592581272
Iter time: 52.6954300404
Iter time: 89.8261759281
41      , -20394.2    , array([ 0.023063   ,  0.135794   ,  0.173465   ,  3.02754    ,  3.69042    ,  1.34228    ,  0.102416   ,  0.108385   ,  0.0126838  ,  0.129141   ,  3.72946    ,  1.11946    ])
Iter time: 28.4984960556
Iter time: 54.3365199566
Iter time: 92.8487651348
42      , -20135.7    , array([ 0.0236537  ,  0.134021   ,  0.16989    ,  3.00053    ,  3.69561    ,  1.36025    ,  0.103613   ,  0.127344   ,  0.0123747  ,  0.127361   ,  3.6607     ,  1.12103    ])
Iter time: 27.8706710339
Iter time: 52.9847390652
Iter time: 90.3697369099
43      , -20300.9    , array([ 0.0185576  ,  0.134954   ,  0.172221   ,  2.99434    ,  3.70332    ,  1.33166    ,  0.102785   ,  0.114952   ,  0.0126616  ,  0.12851    ,  3.71131    ,  1.11953    ])
Iter time: 27.8238101006
Iter time: 53.0077440739
Iter time: 90.4971461296
44      , -20255.5    , array([ 0.0213335  ,  0.13429    ,  0.171545   ,  2.9545     ,  3.72075    ,  1.33175    ,  0.102947   ,  0.119051   ,  0.0127295  ,  0.128155   ,  3.70679    ,  1.11913    ])
Iter time: 27.9274981022
Iter time: 53.2599639893
Iter time: 90.6743309498
45      , -20178      , array([ 0.0203112  ,  0.137604   ,  0.17065    ,  3.03168    ,  3.56606    ,  1.33565    ,  0.109474   ,  0.111779   ,  0.0124994  ,  0.129733   ,  3.6264     ,  1.1232     ])
Iter time: 27.9447090626
Iter time: 53.140791893
Iter time: 90.8926270008
46      , -20206.6    , array([ 0.0216719  ,  0.13396    ,  0.170847   ,  2.95781    ,  3.72927    ,  1.33109    ,  0.104845   ,  0.120891   ,  0.0130634  ,  0.128364   ,  3.70277    ,  1.12631    ])
Iter time: 28.7662270069
Iter time: 54.7735481262
Iter time: 93.3925869465
47      , -20133.6    , array([ 0.0212261  ,  0.128626   ,  0.166202   ,  2.95535    ,  3.48899    ,  1.33438    ,  0.100469   ,  0.123691   ,  0.0126015  ,  0.124275   ,  3.65423    ,  1.12268    ])
Iter time: 30.0457689762
Iter time: 57.3025410175
Iter time: 98.1452040672
48      , -19852.3    , array([ 0.0208497  ,  0.121862   ,  0.15921    ,  2.8969     ,  3.31849    ,  1.33875    ,  0.0980488  ,  0.145006   ,  0.0123649  ,  0.119388   ,  3.57588    ,  1.12504    ])
Iter time: 29.2506790161
Iter time: 55.6832418442
Iter time: 95.7238678932
49      , -20028      , array([ 0.0208482  ,  0.143303   ,  0.160879   ,  2.9344     ,  3.59449    ,  1.33789    ,  0.102034   ,  0.131887   ,  0.012222   ,  0.119722   ,  3.63191    ,  1.12381    ])
Iter time: 30.1654100418
Iter time: 57.4370939732
Iter time: 96.9998939037
50      , -19939      , array([ 0.0208179  ,  0.130782   ,  0.160169   ,  2.90396    ,  3.65549    ,  1.33845    ,  0.103311   ,  0.144789   ,  0.0124143  ,  0.121502   ,  3.54855    ,  1.12513    ])
Iter time: 31.1986150742
Iter time: 59.1456689835
Iter time: 101.181157112
51      , -19850.5    , array([ 0.0203303  ,  0.133055   ,  0.152777   ,  2.8904     ,  3.58637    ,  1.34328    ,  0.101553   ,  0.14822    ,  0.0117309  ,  0.133051   ,  3.56279    ,  1.1258     ])
Iter time: 34.1939451694
Iter time: 64.6698958874
Iter time: 111.058003902
52      , -19461      , array([ 0.0194212  ,  0.131173   ,  0.139013   ,  2.80771    ,  3.54028    ,  1.3532     ,  0.100585   ,  0.186843   ,  0.0109164  ,  0.139516   ,  3.45247    ,  1.12961    ])
Iter time: 31.0949139595
Iter time: 59.1648170948
Iter time: 101.096842051
53      , -19665.5    , array([ 0.0212297  ,  0.129733   ,  0.153235   ,  3.09158    ,  3.64683    ,  1.34038    ,  0.103236   ,  0.169857   ,  0.0125941  ,  0.124348   ,  3.55426    ,  1.12394    ])
Iter time: 31.8883159161
Iter time: 56.86186409
Iter time: 102.505198956
54      , -19653.4    , array([ 0.0205436  ,  0.127396   ,  0.149756   ,  2.862      ,  3.59206    ,  1.34835    ,  0.113216   ,  0.160968   ,  0.0113125  ,  0.121875   ,  3.5233     ,  1.12579    ])
Iter time: 32.4163899422
Iter time: 61.7481310368
Iter time: 105.474235058
55      , -19574.7    , array([ 0.0194152  ,  0.12927    ,  0.14812    ,  2.86742    ,  3.55599    ,  1.35792    ,  0.106045   ,  0.172672   ,  0.0142664  ,  0.123149   ,  3.49919    ,  1.12759    ])
Iter time: 29.5186600685
Iter time: 56.0222890377
Iter time: 95.7918159962
56      , -19461      , array([ 0.0190471  ,  0.129762   ,  0.166653   ,  2.83362    ,  3.53609    ,  1.36386    ,  0.102164   ,  0.184961   ,  0.0106726  ,  0.123564   ,  3.47902    ,  1.12861    ])
Iter time: 32.1802499294
Iter time: 61.6384298801
Iter time: 105.076998949
58      , -19435.9    , array([ 0.0231556  ,  0.128779   ,  0.148026   ,  2.86198    ,  3.48857    ,  1.35797    ,  0.105346   ,  0.185018   ,  0.0118531  ,  0.122455   ,  3.45173    ,  1.13035    ])
Iter time: 34.7632811069
Iter time: 66.5407710075
Iter time: 113.782647133
59      , -19005.7    , array([ 0.0258657  ,  0.125799   ,  0.137234   ,  2.79801    ,  3.38592    ,  1.37131    ,  0.10665    ,  0.234726   ,  0.0114685  ,  0.119535   ,  3.32883    ,  1.13581    ])
Iter time: 33.5552978516
Iter time: 64.0237278938
Iter time: 109.013710022
60      , -19275      , array([ 0.0207998  ,  0.128015   ,  0.143183   ,  2.87439    ,  3.41808    ,  1.36452    ,  0.105802   ,  0.20005    ,  0.0115867  ,  0.121378   ,  3.39455    ,  1.13355    ])
Iter time: 34.3707470894
Iter time: 65.5910098553
Iter time: 112.303902149
61      , -19168      , array([ 0.0203353  ,  0.127363   ,  0.139598   ,  2.85751    ,  3.3611     ,  1.37085    ,  0.104044   ,  0.214257   ,  0.0110671  ,  0.120055   ,  3.34936    ,  1.12752    ])
Iter time: 35.6612699032
Iter time: 67.8015940189
Iter time: 115.881449938
62      , -19020.5    , array([ 0.0217019  ,  0.122403   ,  0.135157   ,  2.76054    ,  3.48043    ,  1.3721     ,  0.0988023  ,  0.258262   ,  0.0113343  ,  0.117263   ,  3.3749     ,  1.13138    ])
Iter time: 36.0487649441
Iter time: 69.0692930222
Iter time: 117.970172882
63      , -18888.2    , array([ 0.0183697  ,  0.12379    ,  0.130684   ,  2.75071    ,  3.32501    ,  1.34925    ,  0.103568   ,  0.255049   ,  0.011282   ,  0.117814   ,  3.29829    ,  1.1353     ])
Iter time: 41.1039729118
Iter time: 78.3307249546
Iter time: 133.711059093
64      , -18277      , array([ 0.0161884  ,  0.118971   ,  0.114617   ,  2.63371    ,  3.15389    ,  1.34378    ,  0.103546   ,  0.360949   ,  0.0107724  ,  0.113311   ,  3.13077    ,  1.1425     ])
Iter time: 37.0379459858
Iter time: 70.5754709244
Iter time: 120.661813974
65      , -18687.6    , array([ 0.0199812  ,  0.112236   ,  0.130421   ,  2.76247    ,  3.34485    ,  1.3728     ,  0.105428   ,  0.291256   ,  0.0111852  ,  0.124187   ,  3.24317    ,  1.13561    ])
Iter time: 37.9119338989
Iter time: 72.3835849762
Iter time: 124.017339945
66      , -18578.7    , array([ 0.0198739  ,  0.119887   ,  0.12659    ,  2.76829    ,  3.24071    ,  1.37803    ,  0.104478   ,  0.298079   ,  0.0108222  ,  0.122814   ,  3.26995    ,  1.13603    ])
Iter time: 39.3783769608
Iter time: 75.4957518578
Iter time: 128.991769075
67      , -18451.3    , array([ 0.0196858  ,  0.128312   ,  0.122578   ,  2.75411    ,  3.55574    ,  1.38438    ,  0.111257   ,  0.335614   ,  0.0106268  ,  0.125579   ,  3.19695    ,  1.13796    ])
Iter time: 39.7200379372
Iter time: 76.1215457916
Iter time: 128.343212843
68      , -18440.9    , array([ 0.0190916  ,  0.120306   ,  0.122706   ,  2.53145    ,  3.22198    ,  1.39015    ,  0.106992   ,  0.320947   ,  0.0101421  ,  0.120769   ,  3.1601     ,  1.14143    ])
Iter time: 39.6281790733
Iter time: 75.6111531258
Iter time: 129.341703892
69      , -18240.5    , array([ 0.0194896  ,  0.121349   ,  0.121457   ,  2.67914    ,  3.21237    ,  1.38899    ,  0.0966459  ,  0.379951   ,  0.0110875  ,  0.123032   ,  3.13058    ,  1.14218    ])
Iter time: 44.4256160259
Iter time: 84.9203119278
Iter time: 145.416125059
70      , -17541.1    , array([ 0.0189831  ,  0.118434   ,  0.109381   ,  2.59214    ,  3.03785    ,  1.40978    ,  0.0892938  ,  0.583742   ,  0.0109767  ,  0.123615   ,  2.95096    ,  1.15046    ])
Iter time: 34.2203059196
Iter time: 65.2071111202
Iter time: 111.406824112
72      , -19177.5    , array([ 0.0196917  ,  0.126318   ,  0.139564   ,  2.80599    ,  3.45281    ,  1.36534    ,  0.10457    ,  0.217405   ,  0.012503   ,  0.122819   ,  3.38489    ,  1.13171    ])
Iter time: 38.7758409977
Iter time: 74.1457328796
Iter time: 127.183403969
73      , -18051.9    , array([ 0.0205862  ,  0.11542    ,  0.124478   ,  2.68512    ,  3.1617     ,  1.39476    ,  0.106396   ,  0.411265   ,  0.0112503  ,  0.105282   ,  3.09514    ,  1.14249    ])
Iter time: 48.2558698654
Iter time: 92.3073101044
Iter time: 158.037648916
74      , -17852.7    , array([ 0.0212642  ,  0.11442    ,  0.0989036  ,  2.6368     ,  3.10696    ,  1.38903    ,  0.105463   ,  0.474635   ,  0.0116088  ,  0.115744   ,  3.01225    ,  1.14583    ])
Iter time: 146503.630175
Iter time: 105.682005882
Iter time: 239.49848485
75      , -17768.4    , array([ 0.0195442  ,  0.113831   ,  0.108231   ,  2.56229    ,  3.16351    ,  1.39249    ,  0.101782   ,  0.506801   ,  0.0106963  ,  0.116899   ,  3.02633    ,  1.14289    ])
Iter time: 36.5998990536
Iter time: 70.0651891232
Iter time: 120.039916992
77      , -18788.3    , array([ 0.0199193  ,  0.12295    ,  0.130421   ,  2.74911    ,  3.3573     ,  1.373      ,  0.104053   ,  0.272548   ,  0.0117214  ,  0.120705   ,  3.27847    ,  1.13542    ])
Iter time: 45.7542338371
Iter time: 87.69530797
Iter time: 149.692768097
78      , -17578.7    , array([ 0.0198969  ,  0.111787   ,  0.105206   ,  2.52238    ,  3.16995    ,  1.39097    ,  0.103039   ,  0.567179   ,  0.011016   ,  0.117323   ,  2.99974    ,  1.15222    ])
Iter time: 46.2716209888
Iter time: 88.5476508141
Iter time: 151.386695862
79      , -17496.3    , array([ 0.018376   ,  0.114572   ,  0.104219   ,  2.57202    ,  3.01397    ,  1.39287    ,  0.109267   ,  0.53646    ,  0.0107054  ,  0.120127   ,  2.91914    ,  1.1518     ])
Iter time: 52.9792258739
Iter time: 101.30729723
Iter time: 173.520375967
80      , -16767.2    , array([ 0.0169094  ,  0.110847   ,  0.0915172  ,  2.48264    ,  2.80473    ,  1.40337    ,  0.114908   ,  0.773171   ,  0.0104042  ,  0.121585   ,  2.71489    ,  1.16214    ])
Iter time: 50.7329931259
Iter time: 97.1773059368
Iter time: 166.215847969
81      , -17134.2    , array([ 0.0143635  ,  0.109153   ,  0.0959395  ,  2.48749    ,  3.00237    ,  1.39905    ,  0.102492   ,  0.719983   ,  0.0104097  ,  0.118178   ,  2.86067    ,  1.1517     ])
Iter time: 39.7636318207
Iter time: 76.1300449371
Iter time: 130.218683004
83      , -18353.5    , array([ 0.0193293  ,  0.119437   ,  0.120776   ,  2.68188    ,  3.25655    ,  1.38012    ,  0.104236   ,  0.348555   ,  0.0112611  ,  0.119671   ,  3.1627     ,  1.14024    ])
Iter time: 52.2067029476
Iter time: 98.3233120441
Iter time: 168.290158987
84      , -17152.4    , array([ 0.0175102  ,  0.121189   ,  0.0946948  ,  2.46565    ,  2.96988    ,  1.40317    ,  0.103223   ,  0.702946   ,  0.0104762  ,  0.112653   ,  2.85827    ,  1.15541    ])
Iter time: 52.2845981121
Iter time: 99.652271986
Iter time: 170.86967206
85      , -17003.4    , array([ 0.0172371  ,  0.11366    ,  0.092953   ,  2.41345    ,  3.02106    ,  1.40206    ,  0.103952   ,  0.792434   ,  0.010769   ,  0.112285   ,  2.77199    ,  1.15825    ])
Iter time: 52.7592101097
Iter time: 100.68658185
Iter time: 172.429137945
86      , -16886.6    , array([ 0.0170208  ,  0.104072   ,  0.0916699  ,  2.37307    ,  2.67963    ,  1.39859    ,  0.0965201  ,  0.812162   ,  0.0109914  ,  0.107783   ,  2.76869    ,  1.15969    ])
Iter time: 55.2446398735
Iter time: 105.684754848
Iter time: 181.245815992
87      , -16655.9    , array([ 0.0172179  ,  0.108348   ,  0.0872298  ,  2.55416    ,  2.86774    ,  1.39418    ,  0.098659   ,  0.991404   ,  0.011672   ,  0.109972   ,  2.73992    ,  1.15923    ])
Iter time: 65.2330360413
Iter time: 124.881397009
Iter time: 214.177326918
88      , -15879.6    , array([ 0.0163512  ,  0.102822   ,  0.0735469  ,  2.5656     ,  2.7055     ,  1.3962     ,  0.094739   ,  1.74245    ,  0.0125214  ,  0.104941   ,  2.55127    ,  1.16824    ])
Iter time: 59.4677608013
Iter time: 113.711294174
Iter time: 195.044813156
89      , -16334.8    , array([ 0.0165385  ,  0.106446   ,  0.0815917  ,  2.39314    ,  2.75097    ,  1.40703    ,  0.0996683  ,  1.1937     ,  0.0106998  ,  0.108577   ,  2.64137    ,  1.16514    ])
Iter time: 61.6465141773
Iter time: 117.682801962
Iter time: 201.889940023
90      , -16086.4    , array([ 0.0198178  ,  0.1049     ,  0.0812414  ,  2.39832    ,  2.77654    ,  1.4562     ,  0.0996966  ,  1.407      ,  0.0111726  ,  0.113858   ,  2.59379    ,  1.16665    ])
Iter time: 69.7970190048
Iter time: 133.714148998
Iter time: 229.146626949
91      , -15993.3    , array([ 0.0154857  ,  0.106418   ,  0.0696708  ,  2.30853    ,  2.71036    ,  1.41309    ,  0.09598    ,  1.51582    ,  0.0106856  ,  0.124151   ,  2.5475     ,  1.17073    ])
Iter time: 59.5192580223
Iter time: 113.877049923
Iter time: 195.129938126
92      , -15872.8    , array([ 0.0142202  ,  0.106059   ,  0.0827122  ,  2.29932    ,  2.69605    ,  1.42299    ,  0.0953206  ,  1.59389    ,  0.0102136  ,  0.114257   ,  2.5455     ,  1.17151    ])
Iter time: 67.8828959465
Iter time: 130.060606003
Iter time: 223.837539911
94      , -15688.4    , array([ 0.014673   ,  0.105358   ,  0.0722712  ,  2.32386    ,  2.57823    ,  1.42458    ,  0.0976933  ,  1.80682    ,  0.0109999  ,  0.112698   ,  2.46164    ,  1.17938    ])
Iter time: 84.2821481228
Iter time: 161.254637003
Iter time: 276.387479067
95      , -14938.6    , array([ 0.0127136  ,  0.101362   ,  0.059057   ,  2.21309    ,  2.32755    ,  1.44091    ,  0.0957108  ,  3.41157    ,  0.0111549  ,  0.110655   ,  2.22013    ,  1.19806    ])
Iter time: 73.0737659931
Iter time: 140.14059782
Iter time: 240.109510899
96      , -15438.6    , array([ 0.0133761  ,  0.105548   ,  0.0675274  ,  2.30972    ,  2.44387    ,  1.43455    ,  0.0953228  ,  2.17723    ,  0.010703   ,  0.111201   ,  2.36196    ,  1.17745    ])
Iter time: 81.2314050198
Iter time: 155.968669176
Iter time: 267.137548923
97      , -15162.4    , array([ 0.0132254  ,  0.0977299  ,  0.0599339  ,  2.20476    ,  2.45933    ,  1.41953    ,  0.1112     ,  2.63442    ,  0.0106962  ,  0.103696   ,  2.31355    ,  1.18382    ])
Iter time: 76.7254929543
Iter time: 146.851353884
Iter time: 251.472123146
98      , -15151.6    , array([ 0.0136827  ,  0.0921446  ,  0.0641472  ,  2.27506    ,  2.43775    ,  1.42897    ,  0.0973948  ,  2.72654    ,  0.0112462  ,  0.112226   ,  2.30586    ,  1.18353    ])
Iter time: 82.9763128757
Iter time: 159.110857964
Iter time: 273.255548
99      , -14976.6    , array([ 0.0165458  ,  0.0994577  ,  0.0592065  ,  2.22178    ,  2.32909    ,  1.43824    ,  0.0972595  ,  3.32347    ,  0.0114646  ,  0.106062   ,  2.22261    ,  1.19276    ])
Iter time: 87.1706180573
Iter time: 167.699687004
Iter time: 286.878770113
100     , -14781.6    , array([ 0.0136937  ,  0.0934122  ,  0.0566833  ,  2.25857    ,  2.21647    ,  1.44126    ,  0.0948356  ,  3.83463    ,  0.0111984  ,  0.110572   ,  2.21081    ,  1.19183    ])
Iter time: 164.468113899
Iter time: 317.534860849
Iter time: 546.974771976
101     , -14317.9    , array([ 0.0122054  ,  0.0846841  ,  0.044264   ,  2.1849     ,  1.89852    ,  1.46127    ,  0.0905817  ,  8.43535    ,  0.0114194  ,  0.109726   ,  1.97438    ,  1.20898    ])
Iter time: 109.194602013
Iter time: 209.832624912
Iter time: 360.676478863
102     , -14584.5    , array([ 0.01312    ,  0.0985726  ,  0.0509091  ,  2.26559    ,  2.35941    ,  1.45544    ,  0.101063   ,  5.52655    ,  0.0110419  ,  0.115534   ,  2.09216    ,  1.19863    ])
Iter time: 157.41252017
Iter time: 303.435498953
Iter time: 522.153659821
103     , -14669.8    , array([ 0.0126596  ,  0.0907554  ,  0.0462454  ,  2.13284    ,  2.19014    ,  1.45931    ,  0.0830936  ,  8.0572     ,  0.0117813  ,  0.101552   ,  2.04295    ,  1.20228    ])
Iter time: 140.99953723
Iter time: 272.087911844
Iter time: 468.38072896
104     , -14474.6    , array([ 0.0123796  ,  0.092029   ,  0.0471877  ,  2.17054    ,  2.14969    ,  1.46439    ,  0.0929381  ,  7.17431    ,  0.0116412  ,  0.112457   ,  2.0118     ,  1.20548    ])
Iter time: 152.622434855
Iter time: 293.439347029
Iter time: 505.538789988
105     , -14446.6    , array([ 0.00955187 ,  0.0913698  ,  0.0432885  ,  2.13013    ,  2.04096    ,  1.41626    ,  0.091831   ,  7.98538    ,  0.0112252  ,  0.107019   ,  1.96376    ,  1.21051    ])
Iter time: 189.831553936
Iter time: 366.939795971
Iter time: 631.691298008
106     , -14405.9    , array([ 0.0112782  ,  0.0878065  ,  0.0466286  ,  2.18351    ,  1.99425    ,  1.46002    ,  0.0946871  ,  9.77724    ,  0.0118335  ,  0.0957475  ,  1.91457    ,  1.21302    ])
Iter time: 76.7223649025
Iter time: 146.885807037
Iter time: 251.789810181
108     , -15223.1    , array([ 0.0144743  ,  0.0990424  ,  0.0635275  ,  2.38396    ,  2.47632    ,  1.41878    ,  0.0950325  ,  2.78296    ,  0.0118381  ,  0.106557   ,  2.34546    ,  1.18175    ])
Iter time: 73.9733140469
Iter time: 141.962270021
Iter time: 243.034776926
110     , -15180.4    , array([ 0.0135081  ,  0.100303   ,  0.0666329  ,  2.26026    ,  2.46325    ,  1.43215    ,  0.0953118  ,  2.72421    ,  0.0107576  ,  0.110864   ,  2.33484    ,  1.18384    ])
Iter time: 82.0839619637
Iter time: 157.536616087
Iter time: 270.534542084
112     , -15007.5    , array([ 0.0131065  ,  0.0998489  ,  0.0601732  ,  2.26332    ,  2.34599    ,  1.43785    ,  0.0953124  ,  3.21381    ,  0.0110147  ,  0.109357   ,  2.24801    ,  1.1871     ])
Iter time: 162.691777945
Iter time: 314.086364985
Iter time: 541.545967102
113     , -14382.2    , array([ 0.0112072  ,  0.0902065  ,  0.0448501  ,  2.04555    ,  2.02968    ,  1.46717    ,  0.0956191  ,  8.28291    ,  0.0107244  ,  0.10901    ,  1.93795    ,  1.21302    ])
Iter time: 84.3689820766
Iter time: 161.958907127
Iter time: 277.446823835
115     , -14850.7    , array([ 0.0130149  ,  0.0969398  ,  0.0586627  ,  2.22485    ,  2.33109    ,  1.4389     ,  0.0953314  ,  3.78805    ,  0.0110082  ,  0.109233   ,  2.21386    ,  1.19175    ])
Iter time: 88.9930920601
Iter time: 170.14187789
Iter time: 291.780060053
117     , -14831.7    , array([ 0.0128694  ,  0.0956559  ,  0.0555861  ,  2.19819    ,  2.32404    ,  1.43335    ,  0.102313   ,  3.7819     ,  0.0109899  ,  0.105872   ,  2.1997     ,  1.19208    ])
Iter time: 86.5886800289
Iter time: 166.208711147
Iter time: 284.607068777
119     , -14811      , array([ 0.0130566  ,  0.0930271  ,  0.0571645  ,  2.22977    ,  2.30923    ,  1.4383     ,  0.0959479  ,  3.90026    ,  0.0112581  ,  0.109873   ,  2.19174    ,  1.19229    ])
Iter time: 89.9193968773
Iter time: 172.308909893
Iter time: 296.432721138
121     , -14757.7    , array([ 0.0127767  ,  0.096553   ,  0.0552473  ,  2.22263    ,  2.26386    ,  1.44278    ,  0.0949429  ,  4.26875    ,  0.0111517  ,  0.108481   ,  2.16178    ,  1.1943     ])
Iter time: 90.4720449448
Iter time: 173.667221069
Iter time: 297.854759932
123     , -14738.8    , array([ 0.0142018  ,  0.0962447  ,  0.0546439  ,  2.20217    ,  2.25302    ,  1.44316    ,  0.0958115  ,  4.38648    ,  0.0113641  ,  0.106934   ,  2.14705    ,  1.19721    ])
Iter time: 91.4054069519
Iter time: 175.368155003
Iter time: 300.837344885
125     , -14715.2    , array([ 0.0125065  ,  0.0969522  ,  0.0543985  ,  2.19741    ,  2.24922    ,  1.44459    ,  0.0950498  ,  4.49103    ,  0.0112183  ,  0.10907    ,  2.14286    ,  1.19983    ])
Iter time: 185.646054983
Iter time: 356.66535306
Iter time: 613.887222052
126     , -14427.8    , array([ 0.0115526  ,  0.0887133  ,  0.0422651  ,  2.13522    ,  2.01458    ,  1.4587     ,  0.0934186  ,  9.49253    ,  0.011599   ,  0.105782   ,  1.92182    ,  1.2129     ])
Iter time: 97.4218950272
Iter time: 187.401190996
Iter time: 321.088374138
128     , -14643.9    , array([ 0.0125057  ,  0.0938891  ,  0.0520129  ,  2.18622    ,  2.23086    ,  1.44209    ,  0.0978895  ,  4.94831    ,  0.0111688  ,  0.106676   ,  2.11813    ,  1.19803    ])
Iter time: 100.080817938
Iter time: 191.919308901
Iter time: 329.547277927
130     , -14627.9    , array([ 0.0125737  ,  0.0926256  ,  0.0525391  ,  2.20005    ,  2.22054    ,  1.44473    ,  0.094875   ,  5.07523    ,  0.0113005  ,  0.108539   ,  2.11129    ,  1.19838    ])
Iter time: 105.396844149
Iter time: 202.735432148
Iter time: 347.144951105
132     , -14607.5    , array([ 0.0124299  ,  0.0942014  ,  0.0515425  ,  2.19559    ,  2.19685    ,  1.44706    ,  0.094374   ,  5.348      ,  0.0112532  ,  0.107852   ,  2.09475    ,  1.19956    ])
Iter time: 107.522686005
Iter time: 206.38772893
Iter time: 354.98374486
134     , -14596.1    , array([ 0.0130322  ,  0.0939669  ,  0.0511356  ,  2.18519    ,  2.18928    ,  1.44742    ,  0.094745   ,  5.4662     ,  0.0113552  ,  0.107118   ,  2.08546    ,  1.20111    ])
Iter time: 110.366400003
Iter time: 210.548720121
Iter time: 361.823332071
136     , -14582.3    , array([ 0.0122506  ,  0.0941888  ,  0.0508893  ,  2.18232    ,  2.18497    ,  1.44826    ,  0.094355   ,  5.57642    ,  0.0112878  ,  0.108101   ,  2.08106    ,  1.20248    ])
Iter time: 109.888353109
Iter time: 210.823406935
Iter time: 361.885071993
137     , -14322.4    , array([ 0.0113126  ,  0.0928318  ,  0.0497956  ,  2.21083    ,  2.05626    ,  1.44276    ,  0.107843   ,  5.59641    ,  0.0108718  ,  0.114223   ,  2.00555    ,  1.20805    ])
Iter time: 181.540143013
Iter time: 350.363264084
Iter time: 602.240926981
138     , -14358.8    , array([ 0.0112621  ,  0.0895642  ,  0.0439536  ,  2.16088    ,  1.99149    ,  1.46009    ,  0.0930316  ,  9.30133    ,  0.0114166  ,  0.109983   ,  1.91683    ,  1.21401    ])
Iter time: 117.999536037
Iter time: 226.662302971
Iter time: 390.067677975
140     , -14518.1    , array([ 0.0121596  ,  0.0920332  ,  0.0497495  ,  2.18511    ,  2.15364    ,  1.44853    ,  0.0950742  ,  6.01784    ,  0.0113011  ,  0.108488   ,  2.05428    ,  1.20283    ])
Iter time: 188.59630084
Iter time: 365.457631111
Iter time: 629.198204994
141     , -14332.7    , array([ 0.011084   ,  0.0884248  ,  0.0428019  ,  2.14351    ,  1.9794     ,  1.45789    ,  0.0963006  ,  9.70958    ,  0.0113583  ,  0.10913    ,  1.90108    ,  1.21564    ])
Iter time: 125.783811092
Iter time: 242.180678844
Iter time: 415.967905045
143     , -14490.6    , array([ 0.0122848  ,  0.092373   ,  0.0486463  ,  2.17553    ,  2.1277     ,  1.45038    ,  0.0951028  ,  6.42817    ,  0.0113305  ,  0.107885   ,  2.03216    ,  1.20494    ])
Iter time: 127.729510069
Iter time: 245.671936035
Iter time: 422.378137112
145     , -14482.8    , array([ 0.0122924  ,  0.094354   ,  0.0484465  ,  2.21145    ,  2.19933    ,  1.45418    ,  0.0979739  ,  6.50438    ,  0.0111851  ,  0.111724   ,  2.03296    ,  1.20396    ])
Iter time: 128.688237906
Iter time: 247.719697952
Iter time: 427.088955164
147     , -14477.9    , array([ 0.0118799  ,  0.0922388  ,  0.048338   ,  2.17163    ,  2.11705    ,  1.45083    ,  0.0948154  ,  6.57571    ,  0.0113047  ,  0.108219   ,  2.02559    ,  1.20596    ])
Iter time: 133.969881058
Iter time: 258.786521912
Iter time: 445.86077404
149     , -14449      , array([ 0.0118242  ,  0.0911857  ,  0.0477363  ,  2.17246    ,  2.10031    ,  1.45107    ,  0.0951652  ,  6.85629    ,  0.0113115  ,  0.108401   ,  2.01133    ,  1.20626    ])
Iter time: 187.112062931
Iter time: 360.49295187
Iter time: 619.607365131
150     , -14331.7    , array([ 0.0106932  ,  0.0881731  ,  0.0429932  ,  2.14384    ,  1.96762    ,  1.45695    ,  0.0954205  ,  9.59522    ,  0.0113101  ,  0.10883    ,  1.90507    ,  1.21469    ])
Iter time: 141.92542696
Iter time: 273.779465199
Iter time: 470.651541948
152     , -14426.4    , array([ 0.0118009  ,  0.0920184  ,  0.0468363  ,  2.18256    ,  2.11151    ,  1.45403    ,  0.096502   ,  7.26397    ,  0.0112577  ,  0.109907   ,  1.9946     ,  1.20733    ])
Iter time: 143.235553026
Iter time: 275.649842024
Iter time: 475.765509844
154     , -14422.6    , array([ 0.011598   ,  0.090972   ,  0.0467223  ,  2.16327    ,  2.07141    ,  1.45249    ,  0.0950034  ,  7.33404    ,  0.0113158  ,  0.108239   ,  1.9897     ,  1.20838    ])
Iter time: 180.471194983
Iter time: 349.072093964
Iter time: 597.222697973
155     , -14289.2    , array([ 0.0102442  ,  0.0873059  ,  0.0431495  ,  2.13827    ,  1.89908    ,  1.44203    ,  0.0978581  ,  9.36057    ,  0.0109692  ,  0.103557   ,  1.89524    ,  1.21668    ])
Iter time: 147.930803776
Iter time: 284.337960005
Iter time: 489.331874847
158     , -14400.2    , array([ 0.0114706  ,  0.0902441  ,  0.0462165  ,  2.16195    ,  2.05139    ,  1.45174    ,  0.0953766  ,  7.59362    ,  0.0112914  ,  0.107952   ,  1.97687    ,  1.20909    ])
Iter time: 174.219985008
Iter time: 337.447731018
Iter time: 579.881227016
159     , -14271.2    , array([ 0.0133649  ,  0.0871206  ,  0.0467581  ,  2.17846    ,  1.96863    ,  1.49564    ,  0.10013    ,  8.78379    ,  0.0113287  ,  0.108149   ,  1.9246     ,  1.21312    ])
Iter time: 186.904122114
Iter time: 362.341871977
Iter time: 624.567615986
160     , -14189.5    , array([ 0.015809   ,  0.0850706  ,  0.0485958  ,  2.20304    ,  1.93342    ,  1.53698    ,  0.104556   ,  9.21245    ,  0.0113807  ,  0.108718   ,  1.90531    ,  1.21443    ])
Iter time: 144.142332077
Iter time: 278.043884039
Iter time: 477.822160959
161     , -14262.2    , array([ 0.0116434  ,  0.0891046  ,  0.0490174  ,  2.18462    ,  1.98078    ,  1.46484    ,  0.100293   ,  7.35237    ,  0.0109289  ,  0.109914   ,  1.96378    ,  1.21098    ])
Iter time: 187.889945984
Iter time: 363.405951023
Iter time: 625.839920044
162     , -14240.3    , array([ 0.0113728  ,  0.0854447  ,  0.0445701  ,  2.13757    ,  1.86983    ,  1.47135    ,  0.0977143  ,  9.62745    ,  0.0112047  ,  0.10579    ,  1.88721    ,  1.21718    ])
Iter time: 195.69807291
Iter time: 377.453576803
Iter time: 650.2539711
163     , -14217.8    , array([ 0.0115341  ,  0.0855292  ,  0.0443291  ,  2.15234    ,  1.87378    ,  1.47608    ,  0.0997221  ,  9.97783    ,  0.0111289  ,  0.107012   ,  1.87526    ,  1.21759    ])
Iter time: 148.848469019
Iter time: 286.915522099
Iter time: 492.594387054
164     , -14190.9    , array([ 0.0119055  ,  0.0882254  ,  0.0440454  ,  2.12729    ,  1.92617    ,  1.47116    ,  0.100923   ,  7.50988    ,  0.0105337  ,  0.123236   ,  1.94212    ,  1.2137     ])
Iter time: 190.250901937
Iter time: 367.609194994
Iter time: 633.486140013
165     , -14166      , array([ 0.0117787  ,  0.0855193  ,  0.0440832  ,  2.14272    ,  1.85297    ,  1.48283    ,  0.101142   ,  9.65157    ,  0.0109124  ,  0.111743   ,  1.87536    ,  1.21841    ])
Iter time: 177.614130974
Iter time: 342.899120092
Iter time: 590.817399025
167     , -14134.9    , array([ 0.0121559  ,  0.0847975  ,  0.0452959  ,  2.28223    ,  1.84457    ,  1.46983    ,  0.101834   ,  9.07681    ,  0.0115226  ,  0.111115   ,  1.90258    ,  1.21536    ])
Iter time: 185.495537043
Iter time: 359.270867825
Iter time: 619.207056046
168     , -14017      , array([ 0.0126599  ,  0.0822159  ,  0.0455204  ,  2.41064    ,  1.75844    ,  1.47117    ,  0.105091   ,  9.50185    ,  0.0119437  ,  0.112183   ,  1.88514    ,  1.21653    ])
Iter time: 160.152591944
Iter time: 309.094871998
Iter time: 532.025439024
169     , -14102.6    , array([ 0.0123348  ,  0.0841956  ,  0.0464903  ,  2.20017    ,  1.84135    ,  1.47882    ,  0.106814   ,  8.11176    ,  0.0109057  ,  0.110497   ,  1.91821    ,  1.21479    ])
Iter time: 149.471349001
Iter time: 288.479643106
Iter time: 496.795427084
170     , -14103.7    , array([ 0.0127583  ,  0.0845869  ,  0.0484036  ,  2.22766    ,  1.83041    ,  1.48457    ,  0.104986   ,  7.54128    ,  0.0108876  ,  0.111592   ,  1.937      ,  1.21302    ])
Iter time: 146.004882097
Iter time: 281.598923922
Iter time: 484.930596828
171     , -14068      , array([ 0.0136196  ,  0.0842432  ,  0.0491496  ,  2.24161    ,  1.81932    ,  1.49019    ,  0.107655   ,  7.33087    ,  0.0108648  ,  0.112368   ,  1.93831    ,  1.21369    ])
Iter time: 136.165307045
Iter time: 262.209305048
Iter time: 450.815831184
173     , -14228.4    , array([ 0.0117749  ,  0.089086   ,  0.0478177  ,  2.20275    ,  1.96239    ,  1.46       ,  0.10454    ,  6.92855    ,  0.0109777  ,  0.112313   ,  1.96035    ,  1.21135    ])
Iter time: 168.382572174
Iter time: 324.581001043
Iter time: 558.848273993
174     , -14006.2    , array([ 0.0122336  ,  0.0870383  ,  0.0482518  ,  2.20754    ,  1.85767    ,  1.4936     ,  0.116113   ,  8.44121    ,  0.0106891  ,  0.111579   ,  1.85746    ,  1.22077    ])
Iter time: 170.061182976
Iter time: 328.008302927
Iter time: 564.953610897
175     , -13840.4    , array([ 0.0122477  ,  0.0882398  ,  0.0503785  ,  2.21895    ,  1.83758    ,  1.51003    ,  0.131462   ,  8.44414    ,  0.0103417  ,  0.112518   ,  1.80162    ,  1.22671    ])
Iter time: 151.733524084
Iter time: 293.620487928
Iter time: 506.879821062
176     , -13980.2    , array([ 0.0150161  ,  0.0845744  ,  0.0507926  ,  2.26965    ,  1.84695    ,  1.52519    ,  0.1129     ,  7.47736    ,  0.0110192  ,  0.119872   ,  1.91874    ,  1.21471    ])
Iter time: 190.653584003
Iter time: 368.498287201
Iter time: 636.732448101
177     , -13970.4    , array([ 0.0137838  ,  0.0821496  ,  0.044978   ,  2.23569    ,  1.75025    ,  1.51158    ,  0.112354   ,  9.54647    ,  0.011075   ,  0.114584   ,  1.84464    ,  1.22104    ])
Iter time: 146.03331399
Iter time: 282.097218037
Iter time: 485.667396069
178     , -13941      , array([ 0.0145712  ,  0.0851087  ,  0.0495412  ,  2.30204    ,  1.83379    ,  1.51167    ,  0.118033   ,  7.28028    ,  0.0107815  ,  0.120645   ,  1.91219    ,  1.21546    ])
Iter time: 150.320898056
Iter time: 291.207391024
Iter time: 499.820261002
180     , -14139.4    , array([ 0.0124216  ,  0.0869947  ,  0.047472   ,  2.21457    ,  1.90088    ,  1.47774    ,  0.106495   ,  7.63189    ,  0.0109761  ,  0.112979   ,  1.92777    ,  1.214      ])
Iter time: 136.910917044
Iter time: 264.926171064
Iter time: 456.431792021
181     , -13923.9    , array([ 0.015072   ,  0.0846191  ,  0.0506807  ,  2.31408    ,  1.81371    ,  1.51587    ,  0.119321   ,  6.7734     ,  0.0107974  ,  0.121796   ,  1.92525    ,  1.21515    ])
Iter time: 178.732280016
Iter time: 346.759802103
Iter time: 597.029285192
182     , -13873.3    , array([ 0.0151871  ,  0.0814645  ,  0.0522141  ,  2.37441    ,  1.74677    ,  1.52855    ,  0.121238   ,  8.84583    ,  0.0114546  ,  0.105554   ,  1.85627    ,  1.21929    ])
Iter time: 140.182086945
Iter time: 270.526723862
Iter time: 465.616839886
183     , -13846.5    , array([ 0.011361   ,  0.0838778  ,  0.0478947  ,  2.32156    ,  1.71102    ,  1.46175    ,  0.119948   ,  7.16238    ,  0.0106135  ,  0.119062   ,  1.88393    ,  1.21936    ])
Iter time: 131.556528091
Iter time: 253.590029001
Iter time: 436.104669094
184     , -13826      , array([ 0.0151568  ,  0.0831686  ,  0.0535323  ,  2.41903    ,  1.76176    ,  1.51152    ,  0.127572   ,  6.50496    ,  0.0110179  ,  0.117071   ,  1.91547    ,  1.21553    ])
Iter time: 109.084128141
Iter time: 210.637403011
Iter time: 361.674851894
185     , -13704.3    , array([ 0.0171935  ,  0.0820176  ,  0.0589913  ,  2.57027    ,  1.71786    ,  1.52607    ,  0.143274   ,  5.34032    ,  0.0110711  ,  0.119829   ,  1.93585    ,  1.2141     ])
Iter time: 156.144546986
Iter time: 302.342643023
Iter time: 521.462496042
186     , -13741.4    , array([ 0.0151726  ,  0.0809592  ,  0.0515438  ,  2.39937    ,  1.68862    ,  1.52488    ,  0.127301   ,  7.75115    ,  0.0109697  ,  0.116931   ,  1.8647     ,  1.21996    ])
Iter time: 158.756827831
Iter time: 308.238966942
Iter time: 529.149407864
187     , -13709.8    , array([ 0.015205   ,  0.0826578  ,  0.0510842  ,  2.41497    ,  1.73022    ,  1.52465    ,  0.133346   ,  7.88025    ,  0.0110727  ,  0.119311   ,  1.84408    ,  1.22212    ])
Iter time: 148.371672869
Iter time: 287.616566896
Iter time: 493.981702089
188     , -13651.8    , array([ 0.0162852  ,  0.0827871  ,  0.0540284  ,  2.48341    ,  1.70219    ,  1.5384     ,  0.136      ,  7.29078    ,  0.0110824  ,  0.122044   ,  1.84995    ,  1.22156    ])
Iter time: 143.159574032
Iter time: 277.216745138
Iter time: 478.655791998
189     , -13432.2    , array([ 0.0187122  ,  0.0820917  ,  0.058244   ,  2.63842    ,  1.63661    ,  1.56908    ,  0.15346    ,  6.91199    ,  0.0111719  ,  0.128262   ,  1.81674    ,  1.22496    ])
Iter time: 162.667509079
Iter time: 314.996689081
Iter time: 542.499881983
190     , -13574.5    , array([ 0.0155509  ,  0.0823843  ,  0.0525718  ,  2.50462    ,  1.69269    ,  1.53984    ,  0.143151   ,  7.98867    ,  0.0111759  ,  0.122688   ,  1.81111    ,  1.22456    ])
Iter time: 125.214370966
Iter time: 242.216965914
Iter time: 416.403090954
191     , -13582.4    , array([ 0.0173131  ,  0.0844447  ,  0.0581422  ,  2.34389    ,  1.74019    ,  1.57165    ,  0.154395   ,  5.98779    ,  0.0100544  ,  0.124737   ,  1.8498     ,  1.22303    ])
Iter time: 148.316963196
Iter time: 286.526298046
Iter time: 493.696511984
192     , -13519      , array([ 0.0149469  ,  0.0820688  ,  0.0532941  ,  2.50288    ,  1.64044    ,  1.52359    ,  0.151413   ,  7.33241    ,  0.0107328  ,  0.117512   ,  1.80636    ,  1.22626    ])
Iter time: 112.793416977
Iter time: 217.610850096
Iter time: 375.612068892
193     , -13519.9    , array([ 0.0165045  ,  0.0844773  ,  0.0619097  ,  2.58917    ,  1.71248    ,  1.53933    ,  0.159906   ,  5.49607    ,  0.010623   ,  0.123454   ,  1.87237    ,  1.22077    ])
Iter time: 140.895103931
Iter time: 272.70978713
Iter time: 467.625271082
194     , -13415.4    , array([ 0.0159402  ,  0.081439   ,  0.0583344  ,  2.56428    ,  1.61593    ,  1.5439     ,  0.160112   ,  6.87698    ,  0.0108853  ,  0.117701   ,  1.7999     ,  1.22726    ])
Iter time: 137.817425013
Iter time: 267.188435078
Iter time: 460.475735903
195     , -13150.7    , array([ 0.0166722  ,  0.0796639  ,  0.0633001  ,  2.70639    ,  1.5169     ,  1.56028    ,  0.186481   ,  6.68379    ,  0.0109376  ,  0.116256   ,  1.74626    ,  1.23321    ])
Iter time: 151.561224937
Iter time: 292.317781925
Iter time: 504.702785969
196     , -13300.3    , array([ 0.015672   ,  0.0810906  ,  0.0591756  ,  2.6184     ,  1.58588    ,  1.54706    ,  0.170622   ,  7.37522    ,  0.0108927  ,  0.115688   ,  1.75885    ,  1.23061    ])
Iter time: 112.791970015
Iter time: 217.807964087
Iter time: 375.720587015
197     , -13312.6    , array([ 0.0156348  ,  0.0841662  ,  0.0586484  ,  2.59381    ,  1.62034    ,  1.53729    ,  0.177764   ,  5.47877    ,  0.010182   ,  0.135545   ,  1.80789    ,  1.22832    ])
Iter time: 139.226742029
Iter time: 268.491313934
Iter time: 462.123873949
198     , -13180.3    , array([ 0.0220428  ,  0.0817913  ,  0.0661329  ,  2.70234    ,  1.63925    ,  1.62111    ,  0.191851   ,  6.47095    ,  0.0109131  ,  0.122792   ,  1.76916    ,  1.22974    ])
Iter time: 110.742552042
Iter time: 213.472558022
Iter time: 367.9329772
199     , -13170.1    , array([ 0.0225507  ,  0.0767709  ,  0.0657894  ,  2.92172    ,  1.49758    ,  1.58795    ,  0.18643    ,  5.25056    ,  0.0113008  ,  0.13184    ,  1.84439    ,  1.22288    ])
Iter time: 112.879875898
Iter time: 218.798424959
Iter time: 376.085926056
200     , -13110.9    , array([ 0.0194464  ,  0.0829373  ,  0.0669712  ,  2.79219    ,  1.59739    ,  1.58315    ,  0.205164   ,  5.36045    ,  0.0107068  ,  0.129426   ,  1.77874    ,  1.23013    ])
Iter time: 95.5376980305
Iter time: 184.498275995
Iter time: 317.205434084
201     , -12818.4    , array([ 0.0220155  ,  0.0839444  ,  0.0763385  ,  3.0121     ,  1.55364    ,  1.61312    ,  0.260458   ,  4.45779    ,  0.0105777  ,  0.136166   ,  1.73726    ,  1.23525    ])
Iter time: 101.535742044
Iter time: 196.262726068
Iter time: 338.31198597
202     , -13028.5    , array([ 0.0206396  ,  0.0814424  ,  0.0722527  ,  2.87822    ,  1.53127    ,  1.59834    ,  0.218984   ,  4.79502    ,  0.0105266  ,  0.12967    ,  1.78084    ,  1.23015    ])
Iter time: 148.031576872
Iter time: 286.615071058
Iter time: 493.099251032
203     , -12885.5    , array([ 0.0188169  ,  0.0819819  ,  0.0647187  ,  2.7558     ,  1.51301    ,  1.60921    ,  0.218742   ,  6.94972    ,  0.01044    ,  0.130818   ,  1.67298    ,  1.24099    ])
Iter time: 131.808274984
Iter time: 255.277414799
Iter time: 440.898838997
204     , -12880.5    , array([ 0.0189481  ,  0.0792338  ,  0.0668471  ,  3.10462    ,  1.45917    ,  1.5687     ,  0.215121   ,  6.35406    ,  0.011568   ,  0.126673   ,  1.72173    ,  1.23492    ])
Iter time: 97.7164611816
Iter time: 188.903414011
Iter time: 325.72507
205     , -12832.5    , array([ 0.0218016  ,  0.0806893  ,  0.0769501  ,  3.01126    ,  1.46346    ,  1.60607    ,  0.248314   ,  4.5843     ,  0.0104672  ,  0.129476   ,  1.74374    ,  1.23512    ])
Iter time: 137.961201906
Iter time: 266.875091076
Iter time: 460.20658493
206     , -12718.3    , array([ 0.0215174  ,  0.0780908  ,  0.0677557  ,  2.98718    ,  1.40915    ,  1.61801    ,  0.239214   ,  6.46495    ,  0.0109849  ,  0.129699   ,  1.6668     ,  1.24136    ])
Iter time: 152.713940859
Iter time: 295.772447109
Iter time: 512.579462051
207     , -12331.3    , array([ 0.0245687  ,  0.0750809  ,  0.0708825  ,  3.20857    ,  1.27827    ,  1.65884    ,  0.292582   ,  7.01168    ,  0.0111704  ,  0.132939   ,  1.57264    ,  1.25179    ])
Iter time: 105.301610947
Iter time: 204.016287804
Iter time: 351.641923904
208     , -12552.2    , array([ 0.0258113  ,  0.0791991  ,  0.0825408  ,  3.22077    ,  1.41113    ,  1.65807    ,  0.281948   ,  4.80987    ,  0.0109452  ,  0.139087   ,  1.68827    ,  1.24005    ])
Iter time: 103.313724995
Iter time: 200.094655991
Iter time: 344.794848919
209     , -12450.7    , array([ 0.0217529  ,  0.078705   ,  0.0800447  ,  3.15857    ,  1.37992    ,  1.62486    ,  0.307871   ,  4.80321    ,  0.0104791  ,  0.129162   ,  1.65823    ,  1.24391    ])
Iter time: 130.374171019
Iter time: 252.956171036
Iter time: 435.843562841
210     , -12418.4    , array([ 0.0275077  ,  0.0759116  ,  0.0837222  ,  3.32013    ,  1.35696    ,  1.67384    ,  0.291254   ,  5.92826    ,  0.0115532  ,  0.121243   ,  1.64252    ,  1.24312    ])
Iter time: 94.5107648373
Iter time: 182.8660779
Iter time: 315.572468042
211     , -12363.6    , array([ 0.0301402  ,  0.0779289  ,  0.0879165  ,  3.42173    ,  1.35089    ,  1.68526    ,  0.331734   ,  4.24646    ,  0.0109059  ,  0.143168   ,  1.66918    ,  1.2429     ])
Iter time: 96.6110069752
Iter time: 187.854660034
Iter time: 323.914897203
212     , -12326.1    , array([ 0.0225762  ,  0.0766408  ,  0.0824905  ,  3.44845    ,  1.26543    ,  1.61871    ,  0.323219   ,  4.51173    ,  0.0108842  ,  0.138382   ,  1.64344    ,  1.24598    ])
Iter time: 81.3397731781
Iter time: 157.361188889
Iter time: 270.820090055
213     , -11979.5    , array([ 0.0228477  ,  0.0741885  ,  0.0921292  ,  3.89553    ,  1.11182    ,  1.61751    ,  0.419529   ,  3.76731    ,  0.0108698  ,  0.146904   ,  1.58397    ,  1.25419    ])
Iter time: 115.299473047
Iter time: 223.661831856
Iter time: 384.586521864
214     , -12042.4    , array([ 0.0221158  ,  0.0811884  ,  0.0877081  ,  3.34617    ,  1.31806    ,  1.6576     ,  0.38076    ,  5.26111    ,  0.010443   ,  0.13123    ,  1.53692    ,  1.25827    ])
Iter time: 89.4778490067
Iter time: 173.250265837
Iter time: 298.481513023
215     , -11974.6    , array([ 0.0313561  ,  0.0784876  ,  0.0962492  ,  3.74245    ,  1.27115    ,  1.7041     ,  0.42875    ,  3.97133    ,  0.0107068  ,  0.151856   ,  1.5891     ,  1.25192    ])
Iter time: 71.9856321812
Iter time: 139.416243076
Iter time: 240.637403965
216     , -11538.7    , array([ 0.0430019  ,  0.077906   ,  0.118684   ,  4.40087    ,  1.16364    ,  1.78091    ,  0.650114   ,  3.06121    ,  0.0105932  ,  0.173556   ,  1.5159     ,  1.26138    ])
Iter time: 114.541337013
Iter time: 221.941276073
Iter time: 382.961598873
217     , -11758.6    , array([ 0.0286249  ,  0.0762077  ,  0.0915948  ,  3.77709    ,  1.20291    ,  1.69379    ,  0.437711   ,  5.1367     ,  0.0111366  ,  0.142925   ,  1.51697    ,  1.26028    ])
Iter time: 75.6719238758
Iter time: 146.556874037
Iter time: 252.813366175
218     , -11864.8    , array([ 0.0336716  ,  0.0747902  ,  0.108351   ,  4.15769    ,  1.17176    ,  1.69677    ,  0.491901   ,  3.36999    ,  0.0113505  ,  0.143776   ,  1.58863    ,  1.25249    ])
Iter time: 77.6592981815
Iter time: 150.299190044
Iter time: 257.642635822
219     , -11668.2    , array([ 0.0368011  ,  0.0766434  ,  0.113695   ,  3.87464    ,  1.17138    ,  1.7635     ,  0.574108   ,  3.31619    ,  0.0102113  ,  0.151649   ,  1.52309    ,  1.26162    ])
Iter time: 100.587527037
Iter time: 194.275530815
Iter time: 335.530210972
220     , -11416      , array([ 0.0349008  ,  0.0746184  ,  0.105407   ,  4.16619    ,  1.1254     ,  1.74952    ,  0.571926   ,  4.35492    ,  0.0112388  ,  0.152326   ,  1.47034    ,  1.26588    ])
Iter time: 101.458007097
Iter time: 197.002833128
Iter time: 340.427573919
221     , -10790.8    , array([ 0.0441579  ,  0.0717565  ,  0.123367   ,  4.90044    ,  0.986896   ,  1.82597    ,  0.867978   ,  4.24457    ,  0.0116456  ,  0.165221   ,  1.35016    ,  1.28155    ])
Iter time: 103.78947401
Iter time: 201.359323025
Iter time: 347.341120005
222     , -11127.7    , array([ 0.0388128  ,  0.0698739  ,  0.115101   ,  4.51696    ,  0.982861   ,  1.77823    ,  0.666396   ,  4.44207    ,  0.011301   ,  0.149587   ,  1.4151     ,  1.27354    ])
Iter time: 93.6952259541
Iter time: 182.015362024
Iter time: 312.623420954
223     , -11120.3    , array([ 0.035434   ,  0.0725302  ,  0.112518   ,  4.46927    ,  1.01882    ,  1.75032    ,  0.710495   ,  4.06269    ,  0.01098    ,  0.148234   ,  1.41395    ,  1.27425    ])
Iter time: 93.7176828384
Iter time: 182.065526962
Iter time: 314.144648075
224     , -11056.3    , array([ 0.0456068  ,  0.0719984  ,  0.122802   ,  4.82869    ,  0.990495   ,  1.80836    ,  0.747986   ,  3.95635    ,  0.0115579  ,  0.16333    ,  1.40183    ,  1.27541    ])
Iter time: 70.1819300652
Iter time: 137.490334034
Iter time: 235.671374083
225     , -11017.5    , array([ 0.0392364  ,  0.0739922  ,  0.125148   ,  4.88965    ,  0.955769   ,  1.77821    ,  0.925252   ,  2.99659    ,  0.0104841  ,  0.182857   ,  1.37835    ,  1.28169    ])
Iter time: 92.3722369671
Iter time: 178.940843105
Iter time: 309.345530033
226     , -10684.5    , array([ 0.0374186  ,  0.0714568  ,  0.126402   ,  5.03531    ,  0.906267   ,  1.78203    ,  0.963803   ,  3.94725    ,  0.0110336  ,  0.161299   ,  1.31375    ,  1.2885     ])
Iter time: 91.3688220978
Iter time: 177.409938812
Iter time: 306.459054947
227     , -10086.8    , array([ 0.0416926  ,  0.0684252  ,  0.151563   ,  6.10826    ,  0.742293   ,  1.83248    ,  1.64281    ,  3.80565    ,  0.0110981  ,  0.171209   ,  1.16551    ,  1.31191    ])
Iter time: 55.1662261486
Iter time: 106.834869862
Iter time: 184.714988947
228     , -10983      , array([ 0.0501339  ,  0.0730287  ,  0.177948   ,  5.97807    ,  0.874804   ,  1.84071    ,  1.45687    ,  2.15907    ,  0.0107607  ,  0.181193   ,  1.32647    ,  1.28939    ])
Iter time: 63.5455338955
Iter time: 123.4731071
Iter time: 212.796354055
229     , -10774.4    , array([ 0.0638335  ,  0.0663533  ,  0.161809   ,  6.31433    ,  0.792366   ,  1.87453    ,  1.40005    ,  2.48053    ,  0.0115679  ,  0.193691   ,  1.3244     ,  1.28799    ])
Iter time: 83.3679199219
Iter time: 161.636929989
Iter time: 279.420570135
230     , -10461.7    , array([ 0.0733293  ,  0.0712756  ,  0.169205   ,  5.87852    ,  0.887787   ,  1.96879    ,  1.55333    ,  3.23104    ,  0.0112296  ,  0.181185   ,  1.24729    ,  1.29792    ])
Iter time: 90.1743040085
Iter time: 175.415520906
Iter time: 302.44849205
231     , -10245      , array([ 0.056649   ,  0.0701372  ,  0.154966   ,  5.83516    ,  0.804296   ,  1.92392    ,  1.60465    ,  3.58672    ,  0.0107349  ,  0.192401   ,  1.19449    ,  1.30741    ])
Iter time: 65.0843980312
Iter time: 126.328408003
Iter time: 219.273881912
232     , -10711.3    , array([ 0.0746655  ,  0.067887   ,  0.200107   ,  6.90604    ,  0.732634   ,  1.96867    ,  2.23924    ,  2.21638    ,  0.0108743  ,  0.203378   ,  1.20207    ,  1.30731    ])
Iter time: 81.0637760162
Iter time: 157.357949972
Iter time: 272.529035091
233     , -10135.6    , array([ 0.065345   ,  0.0661499  ,  0.177139   ,  7.4129     ,  0.69575    ,  1.92586    ,  2.14197    ,  3.21013    ,  0.0119846  ,  0.201287   ,  1.15093    ,  1.31369    ])
Iter time: 88.7275600433
Iter time: 172.160671949
Iter time: 298.087245941
234     , -9970.5     , array([ 0.0599616  ,  0.0633276  ,  0.181404   ,  7.11907    ,  0.642844   ,  1.93205    ,  2.30739    ,  3.50516    ,  0.0117927  ,  0.180279   ,  1.1045     ,  1.32286    ])
Iter time: 76.8339059353
Iter time: 148.723074913
Iter time: 257.343895912
236     , -10552.8    , array([ 0.0714279  ,  0.0694589  ,  0.201786   ,  7.48247    ,  0.709089   ,  1.9619     ,  2.7687     ,  2.32203    ,  0.0111327  ,  0.215774   ,  1.13531    ,  1.31856    ])
Iter time: 91.9070470333
Iter time: 178.673470974
Iter time: 308.714324951
237     , -10635.8    , array([ 0.0879356  ,  0.0664343  ,  0.227524   ,  8.24054    ,  0.643967   ,  2.03147    ,  3.25762    ,  2.31286    ,  0.0114846  ,  0.231805   ,  1.09542    ,  1.32535    ])
Iter time: 108.395965815
Iter time: 210.747425795
Iter time: 364.87171483
238     , -10682.3    , array([ 0.0762215  ,  0.0660339  ,  0.231036   ,  8.33778    ,  0.616514   ,  2.00476    ,  3.95429    ,  2.17175    ,  0.0108988  ,  0.223021   ,  1.06039    ,  1.33265    ])
Iter time: 115.191077948
Iter time: 223.974012136
Iter time: 387.116307974
239     , -10482.3    , array([ 0.0989653  ,  0.0630474  ,  0.251094   ,  8.99977    ,  0.593891   ,  2.07991    ,  4.07228    ,  2.71753    ,  0.012093   ,  0.205908   ,  1.03233    ,  1.33477    ])
Iter time: 105.623255014
Iter time: 202.734596968
Iter time: 350.336687088
240     , -9822.72    , array([ 0.0867493  ,  0.0623336  ,  0.187021   ,  7.8806     ,  0.608297   ,  2.05062    ,  3.06959    ,  3.9191     ,  0.0120136  ,  0.212275   ,  1.0288     ,  1.33447    ])
Iter time: 86.4985239506
Iter time: 167.762042999
Iter time: 289.850150824
243     , -10363.2    , array([ 0.0555038  ,  0.0691731  ,  0.152642   ,  5.91554    ,  0.831545   ,  1.89263    ,  1.42803    ,  3.50216    ,  0.0115219  ,  0.181898   ,  1.24174    ,  1.29874    ])
Iter time: 69.4863409996
Iter time: 135.021752119
Iter time: 233.229260921
245     , -10464.6    , array([ 0.0663457  ,  0.0666332  ,  0.17439    ,  6.69669    ,  0.746597   ,  1.91839    ,  1.81515    ,  2.71602    ,  0.0114815  ,  0.196432   ,  1.22654    ,  1.30245    ])
Iter time: 104.459776878
Iter time: 203.089103222
Iter time: 351.380383968
246     , -9793.3     , array([ 0.0624427  ,  0.065751   ,  0.172527   ,  7.26655    ,  0.677599   ,  1.94948    ,  2.38815    ,  4.12778    ,  0.0120507  ,  0.194005   ,  1.07701    ,  1.3261     ])
Iter time: 142.22379899
Iter time: 275.60552001
Iter time: 475.889843941
247     , -9467.88    , array([ 0.0571035  ,  0.0647084  ,  0.160197   ,  7.45381    ,  0.651652   ,  1.93995    ,  2.46627    ,  5.63317    ,  0.0126858  ,  0.189482   ,  1.01945    ,  1.3356     ])
Iter time: 122.103451014
Iter time: 237.38498497
Iter time: 412.082376003
248     , -10200.2    , array([ 0.0582937  ,  0.067368   ,  0.140584   ,  5.90738    ,  0.812698   ,  1.90393    ,  1.25004    ,  4.93787    ,  0.0123317  ,  0.172177   ,  1.21293    ,  1.30136    ])
Iter time: 127.719087124
Iter time: 248.121475935
Iter time: 428.182789087
249     , -10088.8    , array([ 0.0471821  ,  0.067118   ,  0.131747   ,  5.65453    ,  0.808822   ,  1.85871    ,  1.29349    ,  5.26137    ,  0.0118423  ,  0.157643   ,  1.19425    ,  1.30455    ])
Iter time: 149.174298048
Iter time: 289.767687082
Iter time: 500.296541214
250     , -9969.77    , array([ 0.0542074  ,  0.0638295  ,  0.138362   ,  5.94336    ,  0.750829   ,  1.90736    ,  1.3406     ,  6.006      ,  0.0123431  ,  0.160722   ,  1.16206    ,  1.30894    ])
Iter time: 136.047427893
Iter time: 263.660145998
Iter time: 455.073498011
251     , -10762      , array([ 0.0353893  ,  0.0704652  ,  0.100679   ,  4.61119    ,  0.932196   ,  1.77335    ,  0.757383   ,  5.85707    ,  0.0114018  ,  0.16161    ,  1.30344    ,  1.28883    ])
Iter time: 86.2804889679
Iter time: 167.702986002
Iter time: 290.018488169
252     , -10082.6    , array([ 0.0765298  ,  0.0648252  ,  0.199807   ,  7.61424    ,  0.664748   ,  1.99863    ,  2.67428    ,  3.29269    ,  0.0119164  ,  0.193808   ,  1.0943     ,  1.32313    ])
Iter time: 152.695873022
Iter time: 297.113950014
Iter time: 512.554702997
253     , -9678.2     , array([ 0.0540604  ,  0.0663682  ,  0.148286   ,  6.33109    ,  0.727315   ,  1.93584    ,  1.81255    ,  6.05144    ,  0.0120837  ,  0.169027   ,  1.07639    ,  1.32429    ])
Iter time: 138.514303923
Iter time: 268.879537106
Iter time: 463.875205994
254     , -9467.01    , array([ 0.0464888  ,  0.0613122  ,  0.149506   ,  7.30195    ,  0.591656   ,  1.88098    ,  2.17325    ,  5.64766    ,  0.0125066  ,  0.181142   ,  1.0328     ,  1.33338    ])
Iter time: 143.371828079
Iter time: 279.088686943
Iter time: 483.848726034
256     , -9447.55    , array([ 0.0596313  ,  0.0619182  ,  0.165155   ,  7.51542    ,  0.596838   ,  1.95467    ,  2.53532    ,  5.64239    ,  0.0123571  ,  0.180306   ,  1.00604    ,  1.33838    ])
Iter time: 149.037070036
Iter time: 289.788687944
Iter time: 501.061626196
258     , -9402.97    , array([ 0.0589275  ,  0.0598116  ,  0.164414   ,  7.94715    ,  0.587128   ,  1.92796    ,  2.435      ,  5.9415     ,  0.0135778  ,  0.168629   ,  1.01634    ,  1.33471    ])
Iter time: 120.354171991
Iter time: 234.626404047
Iter time: 403.843218088
261     , -9932.89    , array([ 0.0580609  ,  0.0657291  ,  0.150781   ,  6.42142    ,  0.737256   ,  1.91591    ,  1.6162     ,  4.81135    ,  0.0122507  ,  0.175952   ,  1.14755    ,  1.31252    ])
Iter time: 183.192028999
Iter time: 550.500100136
Iter time: 615.360121012
262     , -9470.64    , array([ 0.0501795  ,  0.0621057  ,  0.143726   ,  6.41731    ,  0.649168   ,  1.92839    ,  1.9451     ,  7.32412    ,  0.0124039  ,  0.157065   ,  1.02367    ,  1.33375    ])
Iter time: 125.958513021
Iter time: 398.407073021
Iter time: 424.169103146
264     , -9842.1     , array([ 0.052112   ,  0.0653778  ,  0.145515   ,  6.27803    ,  0.73055    ,  1.89551    ,  1.65273    ,  5.12099    ,  0.0120393  ,  0.167396   ,  1.13126    ,  1.31529    ])
Iter time: 272.718144894
Iter time: 210.096733093
Iter time: 364.271068096
266     , -9849.02    , array([ 0.0494442  ,  0.0658862  ,  0.155811   ,  6.53251    ,  0.699395   ,  1.88474    ,  1.86305    ,  4.40952    ,  0.0116945  ,  0.174286   ,  1.11617    ,  1.31914    ])
Iter time: 200.599714994
Iter time: 390.24891305
Iter time: 677.42643404
267     , -9598.98    , array([ 0.0417728  ,  0.0622553  ,  0.123193   ,  6.24837    ,  0.658811   ,  1.86188    ,  1.57163    ,  8.32331    ,  0.0127036  ,  0.159567   ,  1.04759    ,  1.32902    ])
Iter time: 223.548727989
Iter time: 435.270786047
Iter time: 751.814276934
268     , -9525.01    , array([ 0.0501981  ,  0.0635464  ,  0.127216   ,  6.53925    ,  0.684051   ,  1.9142     ,  1.7086     ,  9.03105    ,  0.012997   ,  0.168087   ,  1.0288     ,  1.33032    ])
Iter time: 147.181833029
Iter time: 286.443239927
Iter time: 494.1597929
270     , -9748.97    , array([ 0.0543599  ,  0.0636211  ,  0.144473   ,  6.39341    ,  0.702884   ,  1.9155     ,  1.64808    ,  5.91269    ,  0.0123882  ,  0.167579   ,  1.10735    ,  1.31862    ])
Iter time: 133.53679204
Iter time: 258.287489891
Iter time: 446.398511171
272     , -9734.57    , array([ 0.0561048  ,  0.0644732  ,  0.150549   ,  6.64436    ,  0.695118   ,  1.91977    ,  1.81105    ,  5.33772    ,  0.0123475  ,  0.174983   ,  1.09878    ,  1.32068    ])
Iter time: 127.550192118
Iter time: 247.756393909
Iter time: 429.080392122
274     , -9685.9     , array([ 0.0520478  ,  0.064492   ,  0.15282    ,  6.70633    ,  0.676861   ,  1.90556    ,  1.94215    ,  5.15081    ,  0.0120913  ,  0.174181   ,  1.08295    ,  1.32407    ])
Iter time: 137.675671101
Iter time: 268.463788033
Iter time: 463.238685846
276     , -9680.5     , array([ 0.0534307  ,  0.0642062  ,  0.147987   ,  6.59251    ,  0.689575   ,  1.91141    ,  1.84158    ,  5.55216    ,  0.0122705  ,  0.170986   ,  1.08826    ,  1.32251    ])
Iter time: 227.7899158
Iter time: 443.533147097
Iter time: 766.623964787
277     , -9837.82    , array([ 0.0319113  ,  0.0641013  ,  0.116477   ,  5.90308    ,  0.711196   ,  1.79057    ,  1.2598     ,  9.79862    ,  0.0130648  ,  0.138613   ,  1.07532    ,  1.32308    ])
Iter time: 126.781949997
Iter time: 246.450078964
Iter time: 735.388600111
278     , -9606.51    , array([ 0.0675593  ,  0.0627709  ,  0.166141   ,  7.33144    ,  0.632534   ,  1.98227    ,  2.45689    ,  4.92812    ,  0.0122682  ,  0.19082    ,  1.04024    ,  1.33161    ])
Iter time: 149.275024176
Iter time: 290.258533001
Iter time: 502.73567915
280     , -9634.13    , array([ 0.0539667  ,  0.0633803  ,  0.146877   ,  6.6413     ,  0.676955   ,  1.91858    ,  1.83046    ,  6.00737    ,  0.012453   ,  0.170465   ,  1.07641    ,  1.32422    ])
Iter time: 142.867799997
Iter time: 294.833669901
Iter time: 480.301083803
282     , -9624.59    , array([ 0.0547372  ,  0.0637579  ,  0.14978    ,  6.77026    ,  0.672462   ,  1.92067    ,  1.91968    ,  5.73599    ,  0.0124369  ,  0.174001   ,  1.07132    ,  1.3254     ])
Iter time: 188.332293987
Iter time: 368.211946964
Iter time: 635.773914099
283     , -9380.3     , array([ 0.0552557  ,  0.0615238  ,  0.144818   ,  7.10749    ,  0.624573   ,  1.94027    ,  2.12779    ,  7.50992    ,  0.0130393  ,  0.171844   ,  1.0057     ,  1.33647    ])
Iter time: 148.21480608
Iter time: 288.204608202
Iter time: 498.090420961
286     , -9582.78    , array([ 0.0536041  ,  0.0634824  ,  0.148242   ,  6.76763    ,  0.666837   ,  1.91831    ,  1.94654    ,  5.95078    ,  0.0124441  ,  0.17203    ,  1.0622     ,  1.32696    ])
Iter time: 155.580338955
Iter time: 302.473997116
Iter time: 523.386635065
288     , -9579.05    , array([ 0.0539     ,  0.0644229  ,  0.14839    ,  6.65055    ,  0.682369   ,  1.9298     ,  1.93688    ,  6.20825    ,  0.0123641  ,  0.171167   ,  1.05581    ,  1.32796    ])
Iter time: 155.140058041
Iter time: 300.937532187
Iter time: 521.230747938
290     , -9554.94    , array([ 0.0538505  ,  0.0629989  ,  0.147746   ,  6.81192    ,  0.65854    ,  1.92164    ,  1.95101    ,  6.19408    ,  0.0125479  ,  0.171923   ,  1.05497    ,  1.32808    ])
Iter time: 151.090073109
Iter time: 293.817183018
Iter time: 507.886012077
292     , -9547.49    , array([ 0.0541967  ,  0.0631548  ,  0.149114   ,  6.8795     ,  0.655779   ,  1.92273    ,  1.99934    ,  6.07197    ,  0.0125444  ,  0.17361    ,  1.0518     ,  1.32879    ])
Iter time: 208.725077868
Iter time: 407.042099953
Iter time: 702.14981389
293     , -9498.1     , array([ 0.0410854  ,  0.0624079  ,  0.130275   ,  6.59511    ,  0.650464   ,  1.85951    ,  1.70526    ,  8.68017    ,  0.0130981  ,  0.154787   ,  1.02697    ,  1.33228    ])
Iter time: 132.668828964
Iter time: 259.184828997
Iter time: 451.829600096
294     , -9531.58    , array([ 0.0662641  ,  0.0629505  ,  0.177337   ,  7.80824    ,  0.623194   ,  1.97933    ,  2.7023     ,  5.17549    ,  0.0127138  ,  0.184169   ,  1.0164     ,  1.33542    ])
Iter time: 154.715723991
Iter time: 300.664335966
Iter time: 520.086025
296     , -9518.47    , array([ 0.053577   ,  0.0630185  ,  0.149133   ,  6.9165     ,  0.651825   ,  1.92151    ,  2.03043    ,  6.21331    ,  0.0125869  ,  0.172217   ,  1.04501    ,  1.32994    ])
Iter time: 158.340579033
Iter time: 308.125659943
Iter time: 532.770719051
298     , -9514.27    , array([ 0.0537112  ,  0.0634254  ,  0.149239   ,  6.86762    ,  0.658116   ,  1.92691    ,  2.02937    ,  6.34651    ,  0.0125558  ,  0.171828   ,  1.04141    ,  1.33052    ])
Iter time: 158.244101048
Iter time: 307.381274939
Iter time: 531.484591007
300     , -9500.53    , array([ 0.0536808  ,  0.0627381  ,  0.148977   ,  6.95281    ,  0.646505   ,  1.92306    ,  2.04011    ,  6.3457     ,  0.0126491  ,  0.172203   ,  1.04044    ,  1.33069    ])
Iter time: 156.876204014
Iter time: 305.243450165
Iter time: 526.975450039
302     , -9495.14    , array([ 0.0538316  ,  0.0627983  ,  0.149659   ,  6.99029    ,  0.644766   ,  1.92361    ,  2.06696    ,  6.29439    ,  0.0126517  ,  0.172987   ,  1.0384     ,  1.33112    ])
Iter time: 204.818408012
Iter time: 399.224329948
Iter time: 689.821794033
303     , -9558.6     , array([ 0.0416759  ,  0.0619164  ,  0.12368    ,  6.34315    ,  0.648533   ,  1.8623     ,  1.61592    ,  8.49904    ,  0.0127957  ,  0.159646   ,  1.03773    ,  1.33077    ])
Iter time: 148.175101042
Iter time: 287.600407839
Iter time: 497.859949827
304     , -9464.83    , array([ 0.0590106  ,  0.0626903  ,  0.162059   ,  7.41295    ,  0.629435   ,  1.9494     ,  2.37632    ,  5.85877    ,  0.0127342  ,  0.177705   ,  1.02169    ,  1.33426    ])
Iter time: 113.750663996
Iter time: 221.49386692
Iter time: 381.195777178
305     , -9582.64    , array([ 0.0565175  ,  0.0611972  ,  0.179506   ,  7.73406    ,  0.582699   ,  1.93152    ,  2.70017    ,  4.5317     ,  0.0124743  ,  0.176549   ,  1.02403    ,  1.33653    ])
Iter time: 188.462054968
Iter time: 366.634294033
Iter time: 635.711941957
306     , -9462.45    , array([ 0.0517084  ,  0.0629508  ,  0.138652   ,  6.81943    ,  0.657169   ,  1.91851    ,  1.9157     ,  7.60097    ,  0.0128643  ,  0.170164   ,  1.02761    ,  1.33187    ])
Iter time: 169.424145937
Iter time: 329.757586002
Iter time: 569.670240879
307     , -9372.2     , array([ 0.0526408  ,  0.0616988  ,  0.151276   ,  7.29501    ,  0.61234    ,  1.92367    ,  2.25026    ,  6.81188    ,  0.0129276  ,  0.171971   ,  1.00533    ,  1.33724    ])
Iter time: 167.417164087
Iter time: 325.544761896
Iter time: 563.614197016
309     , -9352.05    , array([ 0.0523334  ,  0.0610217  ,  0.151511   ,  7.42123    ,  0.599243   ,  1.91774    ,  2.29053    ,  6.74803    ,  0.0130229  ,  0.172385   ,  1.00289    ,  1.33777    ])
Iter time: 160.860725164
Iter time: 312.545572042
Iter time: 540.058811903
312     , -9459.48    , array([ 0.0532918  ,  0.0624023  ,  0.149777   ,  7.06448    ,  0.635168   ,  1.92247    ,  2.1074     ,  6.46071    ,  0.0127334  ,  0.172162   ,  1.02959    ,  1.33271    ])
Iter time: 122.986982107
Iter time: 239.819199085
Iter time: 412.418869972
313     , -9579.16    , array([ 0.0711452  ,  0.0617296  ,  0.178148   ,  7.90235    ,  0.5963     ,  1.99739    ,  2.87882    ,  4.74525    ,  0.0124856  ,  0.194821   ,  1.01121    ,  1.33726    ])
Iter time: 183.192881107
Iter time: 355.494675875
Iter time: 614.213527918
314     , -9434.19    , array([ 0.0471305  ,  0.0622376  ,  0.140878   ,  6.9001     ,  0.636479   ,  1.89306    ,  1.94378    ,  7.46382    ,  0.0129422  ,  0.163949   ,  1.02301    ,  1.33352    ])
Iter time: 159.411926985
Iter time: 310.108306885
Iter time: 535.605553865
316     , -9456.22    , array([ 0.0536502  ,  0.0624087  ,  0.150615   ,  7.09998    ,  0.633343   ,  1.92413    ,  2.13455    ,  6.40114    ,  0.0127318  ,  0.172933   ,  1.02805    ,  1.33304    ])
Iter time: 140.628913879
Iter time: 273.38380599
Iter time: 473.899122953
317     , -9408.19    , array([ 0.0576135  ,  0.0619875  ,  0.161109   ,  8.24142    ,  0.593756   ,  1.9202     ,  2.53713    ,  5.6574     ,  0.013292   ,  0.193363   ,  1.01267    ,  1.33608    ])
Iter time: 182.610733986
Iter time: 353.903469801
Iter time: 611.558919907
318     , -9395.88    , array([ 0.0507028  ,  0.0590699  ,  0.144681   ,  7.21519    ,  0.582392   ,  1.9055     ,  2.01045    ,  7.36089    ,  0.0130981  ,  0.160824   ,  1.01573    ,  1.3343     ])
Iter time: 150.194997072
Iter time: 291.983895063
Iter time: 504.600342989
320     , -9434.07    , array([ 0.0501958  ,  0.0614725  ,  0.150661   ,  7.31408    ,  0.603333   ,  1.90273    ,  2.1927     ,  6.09746    ,  0.0127215  ,  0.176944   ,  1.02446    ,  1.3342     ])
Iter time: 182.216859102
Iter time: 354.323869944
Iter time: 612.633697987
321     , -9375.53    , array([ 0.0484546  ,  0.0603961  ,  0.140521   ,  7.22433    ,  0.597135   ,  1.89271    ,  2.03223    ,  7.44636    ,  0.013147   ,  0.167995   ,  1.01115    ,  1.33579    ])
Iter time: 142.067962885
Iter time: 277.374091864
Iter time: 478.59216094
322     , -9382.19    , array([ 0.0547015  ,  0.0597324  ,  0.164611   ,  7.92896    ,  0.562874   ,  1.91885    ,  2.54581    ,  5.71997    ,  0.0130612  ,  0.175066   ,  1.00263    ,  1.33884    ])
Iter time: 161.411638021
Iter time: 314.2202878
Iter time: 542.823445082
324     , -9424.16    , array([ 0.0532958  ,  0.0617464  ,  0.151018   ,  7.24219    ,  0.618415   ,  1.92042    ,  2.17436    ,  6.49385    ,  0.012861   ,  0.1725     ,  1.02116    ,  1.33428    ])
Iter time: 160.831753969
Iter time: 313.005170107
Iter time: 542.460263014
326     , -9421.21    , array([ 0.0534599  ,  0.0617221  ,  0.151456   ,  7.26637    ,  0.616912   ,  1.9211     ,  2.19001    ,  6.46772    ,  0.0128656  ,  0.172868   ,  1.02011    ,  1.3345     ])
Iter time: 188.121803999
Iter time: 366.820883036
Iter time: 634.660465002
327     , -9388.76    , array([ 0.0467292  ,  0.0601486  ,  0.138437   ,  7.3175     ,  0.608351   ,  1.87673    ,  1.9433     ,  7.74297    ,  0.0137703  ,  0.164451   ,  1.02082    ,  1.3329     ])
Iter time: 147.617338896
Iter time: 287.254636049
Iter time: 496.891375065
328     , -9374.98    , array([ 0.0590394  ,  0.0595004  ,  0.161822   ,  8.04844    ,  0.566181   ,  1.93501    ,  2.53459    ,  5.88935    ,  0.0132844  ,  0.180951   ,  1.00353    ,  1.33766    ])
Iter time: 157.203208923
Iter time: 305.75988698
Iter time: 528.700993061
330     , -9404.8     , array([ 0.0518061  ,  0.0610792  ,  0.151274   ,  7.4123     ,  0.600224   ,  1.90965    ,  2.21948    ,  6.34897    ,  0.0129387  ,  0.174739   ,  1.01795    ,  1.33504    ])
Iter time: 165.98626399
Iter time: 322.565124035
Iter time: 557.379688978
331     , -9326.6     , array([ 0.0533882  ,  0.0595408  ,  0.152808   ,  7.82173    ,  0.573717   ,  1.911      ,  2.32915    ,  6.7047     ,  0.0134786  ,  0.172995   ,  1.00137    ,  1.3376     ])
Iter time: 162.991784811
Iter time: 316.283763885
Iter time: 548.136654854
334     , -9393.96    , array([ 0.0533979  ,  0.0610838  ,  0.151739   ,  7.41796    ,  0.604356   ,  1.91798    ,  2.22572    ,  6.54255    ,  0.0130403  ,  0.172813   ,  1.01487    ,  1.33535    ])
Iter time: 196.088702917
Iter time: 381.356262922
Iter time: 659.765789986
335     , -9385.11    , array([ 0.0487546  ,  0.0588105  ,  0.142023   ,  6.83726    ,  0.592101   ,  1.90918    ,  1.97318    ,  7.93215    ,  0.0131014  ,  0.151486   ,  1.00701    ,  1.3362     ])
Iter time: 163.232635975
Iter time: 317.351675987
Iter time: 547.341230154
337     , -9383.7     , array([ 0.052267   ,  0.060632   ,  0.150873   ,  7.43423    ,  0.596226   ,  1.91215    ,  2.21755    ,  6.58237    ,  0.0130737  ,  0.171908   ,  1.01343    ,  1.33564    ])
Iter time: 195.750028133
Iter time: 380.704005957
Iter time: 659.377056122
338     , -9373.87    , array([ 0.0462537  ,  0.0607044  ,  0.135754   ,  6.91828    ,  0.59896    ,  1.89881    ,  1.98484    ,  7.97336    ,  0.0127715  ,  0.170165   ,  1.00109    ,  1.33792    ])
Iter time: 176.251079082
Iter time: 343.007894039
Iter time: 593.589394093
340     , -9376.91    , array([ 0.0512531  ,  0.059728   ,  0.146631   ,  7.30157    ,  0.588367   ,  1.90913    ,  2.10122    ,  7.1416     ,  0.0131194  ,  0.165443   ,  1.01159    ,  1.33546    ])
Iter time: 167.312308788
Iter time: 326.397058964
Iter time: 564.165533066
342     , -9376.44    , array([ 0.0525079  ,  0.0606809  ,  0.149951   ,  7.39858    ,  0.598689   ,  1.915      ,  2.20555    ,  6.75755    ,  0.0130938  ,  0.171187   ,  1.01102    ,  1.33599    ])
Iter time: 179.523553848
Iter time: 349.326958895
Iter time: 603.001538992
344     , -9370.11    , array([ 0.049359   ,  0.0602367  ,  0.143705   ,  7.35168    ,  0.600264   ,  1.89589    ,  2.07178    ,  7.30982    ,  0.0134271  ,  0.167274   ,  1.01358    ,  1.33489    ])
Iter time: 147.259898901
Iter time: 286.227910995
Iter time: 494.835111856
345     , -9381.44    , array([ 0.0558682  ,  0.062126   ,  0.156992   ,  8.07588    ,  0.593823   ,  1.91911    ,  2.49262    ,  5.92251    ,  0.013137   ,  0.194287   ,  1.00685    ,  1.33734    ])
Iter time: 165.638700008
Iter time: 322.256481886
Iter time: 557.110939026
347     , -9371.2     , array([ 0.0523738  ,  0.0606001  ,  0.150343   ,  7.4582     ,  0.594491   ,  1.91343    ,  2.22848    ,  6.68735    ,  0.013099   ,  0.17261    ,  1.0099     ,  1.33627    ])
Iter time: 204.745673895
Iter time: 398.261150837
Iter time: 688.673612118
348     , -9404.86    , array([ 0.049987   ,  0.0615637  ,  0.134306   ,  6.98905    ,  0.629948   ,  1.90969    ,  1.92675    ,  8.2826     ,  0.0131943  ,  0.171179   ,  1.01138    ,  1.33456    ])
Iter time: 155.83079195
Iter time: 304.315665007
Iter time: 525.190977097
349     , -9362.93    , array([ 0.0534827  ,  0.060185   ,  0.156447   ,  7.68275    ,  0.578942   ,  1.91655    ,  2.37452    ,  6.27462    ,  0.0130944  ,  0.174086   ,  1.00481    ,  1.33777    ])
Iter time: 199.691509962
Iter time: 388.305413961
Iter time: 672.916584015
350     , -9388.97    , array([ 0.0485884  ,  0.0588794  ,  0.140742   ,  6.80506    ,  0.594596   ,  1.90901    ,  1.952      ,  8.07672    ,  0.0131111  ,  0.151447   ,  1.00679    ,  1.33613    ])
Iter time: 159.120815992
Iter time: 309.283881903
Iter time: 533.474108934
351     , -9364.35    , array([ 0.0539519  ,  0.061298   ,  0.152762   ,  7.73749    ,  0.594016   ,  1.91658    ,  2.34484    ,  6.40012    ,  0.0131305  ,  0.182557   ,  1.00684    ,  1.33704    ])
Iter time: 151.353586912
Iter time: 294.245086193
Iter time: 510.173311949
352     , -9348.22    , array([ 0.0489319  ,  0.0594193  ,  0.153938   ,  7.84246    ,  0.560615   ,  1.88433    ,  2.32401    ,  6.20199    ,  0.0132248  ,  0.172961   ,  1.00813    ,  1.33709    ])
Iter time: 157.620931864
Iter time: 306.607584
Iter time: 530.586087942
353     , -9345.73    , array([ 0.0523473  ,  0.0611529  ,  0.153271   ,  7.72548    ,  0.590341   ,  1.91089    ,  2.39326    ,  6.3703     ,  0.0131615  ,  0.180989   ,  1.00169    ,  1.33838    ])
Iter time: 164.536994219
Iter time: 320.220706224
Iter time: 553.518157959
354     , -9331.11    , array([ 0.0510703  ,  0.0602705  ,  0.150426   ,  7.67933    ,  0.578806   ,  1.90435    ,  2.3113     ,  6.66645    ,  0.0131987  ,  0.176546   ,  1.00071    ,  1.33825    ])
