==========================================
SLURM_JOB_ID = 18981473
SLURM_NODELIST = c8-68
==========================================
Module slurm/17.11.5 loaded 
Module openmpi/3.0.1 loaded 
Module gcc/7.3.0 loaded 
Module python/2.7.6 loaded 
Module numpy/1.11.1 loaded 
Module dadi/1.7.0 loaded 
Module matplotlib/2.0 loaded 
Module scipy/0.18.0 loaded 
Beginning. Call:
/home/hemstrow/monarch/github/F-H_2018/DADI/demographic_models/run_3d_mods.py /home/hemstrow/monarch/github/F-H_2018/Data/dadi_inputs/ dadi_snps_10kgap.txt 1st_folded_optim_10kgap_snps_dadi_out.txt lgrowth_both 10 [NAM,GUA,HAW] True 3 [0.1,0.1,1,1,5,5,.1,.1,.1,.1,2,2] [1,1,10,10,20,20,10,10,10,10,4,4] [1e-3,1e-3,1e-3,1e-3,0.01,0.01,0.01,0.01,0.01,0.01,1,1] [150,15,15] fmin

Ready to begin run. Parameters:

Model:
lgrowth_both
Maxiters:
10
Pops:
['NAM', 'GUA', 'HAW']
Projection:
[150, 15, 15]
Number of segregating sites in projected sfs:
9454.98941724
Folding spectra:
True
Level of parm folding:
3
Optimizer:
fmin
p0:
[ 0.62085961  0.03329327  5.84892399  0.15095723  9.47331586  7.63544058
  0.19184699  0.25999792  0.61409725  0.3742196   2.87836183  1.01      ]
Upper Bounds:
[1.0, 1.0, 10.0, 10.0, 20.0, 20.0, 10.0, 10.0, 10.0, 10.0, 4.0, 4.0]
Lower Bounds:
[0.001, 0.001, 0.001, 0.001, 0.01, 0.01, 0.01, 0.01, 0.01, 0.01, 1.0, 1.0]

Beginning optimization ************************************************
optimize_log_fmin.
Iter time: 238.002571821
Iter time: 464.452431202
Iter time: 799.669909
1       , -25816.4    , array([ 0.62086    ,  0.0332933  ,  5.84892    ,  0.150957   ,  9.47332    ,  7.63544    ,  0.191847   ,  0.259998   ,  0.614097   ,  0.37422    ,  2.87836    ,  1.01       ])
Iter time: 237.986940145
Iter time: 463.051103115
Iter time: 799.863027096
2       , -25816.4    , array([ 0.606238   ,  0.0332933  ,  5.84892    ,  0.150957   ,  9.47332    ,  7.63544    ,  0.191847   ,  0.259998   ,  0.614097   ,  0.37422    ,  2.87836    ,  1.01       ])
Iter time: 255.610038042
Iter time: 497.769199848
Iter time: 861.08792901
3       , -25814.8    , array([ 0.62086    ,  0.028085   ,  5.84892    ,  0.150957   ,  9.47332    ,  7.63544    ,  0.191847   ,  0.259998   ,  0.614097   ,  0.37422    ,  2.87836    ,  1.01       ])
Iter time: 237.856653929
Iter time: 471.279164076
Iter time: 812.115387917
4       , -26054.2    , array([ 0.62086    ,  0.0332933  ,  6.38895    ,  0.150957   ,  9.47332    ,  7.63544    ,  0.191847   ,  0.259998   ,  0.614097   ,  0.37422    ,  2.87836    ,  1.01       ])
Iter time: 253.837046862
Iter time: 490.144299984
Iter time: 849.269791842
5       , -25922.4    , array([ 0.62086    ,  0.0332933  ,  5.84892    ,  0.13734    ,  9.47332    ,  7.63544    ,  0.191847   ,  0.259998   ,  0.614097   ,  0.37422    ,  2.87836    ,  1.01       ])
Iter time: 239.184921026
Iter time: 476.136732101
Iter time: 871.532206059
6       , -25849.7    , array([ 0.62086    ,  0.0332933  ,  5.84892    ,  0.150957   ,  10.6005    ,  7.63544    ,  0.191847   ,  0.259998   ,  0.614097   ,  0.37422    ,  2.87836    ,  1.01       ])
Iter time: 255.62242794
Iter time: 497.29864502
Iter time: 859.419885874
7       , -25827.4    , array([ 0.62086    ,  0.0332933  ,  5.84892    ,  0.150957   ,  9.47332    ,  8.45232    ,  0.191847   ,  0.259998   ,  0.614097   ,  0.37422    ,  2.87836    ,  1.01       ])
Iter time: 238.202941895
Iter time: 464.685171843
Iter time: 799.365393162
8       , -26025.4    , array([ 0.62086    ,  0.0332933  ,  5.84892    ,  0.150957   ,  9.47332    ,  7.63544    ,  0.176646   ,  0.259998   ,  0.614097   ,  0.37422    ,  2.87836    ,  1.01       ])
Iter time: 237.833048105
Iter time: 146995.092804
Iter time: 844.006954908
9       , -25953      , array([ 0.62086    ,  0.0332933  ,  5.84892    ,  0.150957   ,  9.47332    ,  7.63544    ,  0.191847   ,  0.243063   ,  0.614097   ,  0.37422    ,  2.87836    ,  1.01       ])
Iter time: 237.836682796
Iter time: 462.736886978
Iter time: 801.93422389
10      , -25818.3    , array([ 0.62086    ,  0.0332933  ,  5.84892    ,  0.150957   ,  9.47332    ,  7.63544    ,  0.191847   ,  0.259998   ,  0.599307   ,  0.37422    ,  2.87836    ,  1.01       ])
Iter time: 237.854985952
Iter time: 463.261854887
Iter time: 800.686094046
11      , -25908.8    , array([ 0.62086    ,  0.0332933  ,  5.84892    ,  0.150957   ,  9.47332    ,  7.63544    ,  0.191847   ,  0.259998   ,  0.614097   ,  0.356273   ,  2.87836    ,  1.01       ])
Iter time: 238.153606892
Iter time: 463.485522985
Iter time: 800.849819899
12      , -25816.4    , array([ 0.62086    ,  0.0332933  ,  5.84892    ,  0.150957   ,  9.47332    ,  7.63544    ,  0.191847   ,  0.259998   ,  0.614097   ,  0.37422    ,  3.03461    ,  1.01       ])
Iter time: 239.813164949
Iter time: 463.186183929
Iter time: 799.592854023
13      , -25816.4    , array([ 0.62086    ,  0.0332933  ,  5.84892    ,  0.150957   ,  9.47332    ,  7.63544    ,  0.191847   ,  0.259998   ,  0.614097   ,  0.37422    ,  2.87836    ,  1.0105     ])
Iter time: 245.676826
Iter time: 478.5397439
Iter time: 826.970786095
14      , -25671.8    , array([ 0.618398   ,  0.0323626  ,  5.35454    ,  0.148597   ,  9.65249    ,  7.76589    ,  0.189225   ,  0.257096   ,  0.611607   ,  0.371167   ,  2.90383    ,  1.01008    ])
Iter time: 249.884107113
Iter time: 486.904984951
Iter time: 840.092881203
15      , -25472.8    , array([ 0.617171   ,  0.031907   ,  4.90194    ,  0.147431   ,  9.74335    ,  7.83194    ,  0.187928   ,  0.255657   ,  0.610366   ,  0.36965    ,  2.91665    ,  1.01013    ])
Iter time: 248.227662086
Iter time: 482.213992119
Iter time: 832.469151974
16      , -25608.6    , array([ 0.617785   ,  0.032134   ,  5.67926    ,  0.148013   ,  9.69782    ,  7.79885    ,  0.207641   ,  0.256375   ,  0.610986   ,  0.370408   ,  2.91024    ,  1.0101     ])
Iter time: 249.309242964
Iter time: 485.509187937
Iter time: 839.80035615
17      , -25626.3    , array([ 0.617274   ,  0.0319447  ,  5.65146    ,  0.147528   ,  9.73575    ,  7.82642    ,  0.193726   ,  0.276686   ,  0.610469   ,  0.369776   ,  2.91558    ,  1.01012    ])
Iter time: 235.682450056
Iter time: 458.6179111
Iter time: 793.401760817
18      , -25616      , array([ 0.616678   ,  0.0317253  ,  5.6192     ,  0.164101   ,  9.78019    ,  7.85871    ,  0.194041   ,  0.261359   ,  0.609866   ,  0.369041   ,  2.92183    ,  1.01014    ])
Iter time: 248.456166983
Iter time: 483.619299889
Iter time: 837.304935932
19      , -25575.7    , array([ 0.615984   ,  0.0314713  ,  5.5818     ,  0.15139    ,  9.83229    ,  7.89655    ,  0.194409   ,  0.261587   ,  0.609164   ,  0.389912   ,  2.92914    ,  1.01017    ])
Iter time: 250.668720961
Iter time: 488.513828993
Iter time: 842.013239861
20      , -25590.6    , array([ 0.615175   ,  0.0311775  ,  5.53848    ,  0.151462   ,  8.67729    ,  7.94093    ,  0.194839   ,  0.261853   ,  0.608346   ,  0.373763   ,  2.93769    ,  1.01019    ])
Iter time: 233.634833097
Iter time: 454.552876949
Iter time: 785.449244976
21      , -25572.1    , array([ 0.614232   ,  0.0308381  ,  5.48837    ,  0.151547   ,  9.56877    ,  7.09924    ,  0.195342   ,  0.262163   ,  0.607392   ,  0.373687   ,  2.9477     ,  1.01023    ])
Iter time: 248.715399027
Iter time: 484.65937686
Iter time: 840.644566059
22      , -25539.6    , array([ 0.613135   ,  0.0304469  ,  5.43048    ,  0.151645   ,  9.58477    ,  7.76396    ,  0.195931   ,  0.262526   ,  0.623775   ,  0.373598   ,  2.95941    ,  1.01026    ])
Iter time: 251.498274088
Iter time: 490.28381896
Iter time: 846.252547979
23      , -25495.7    , array([ 0.611857   ,  0.0299968  ,  5.36371    ,  0.15176    ,  9.60348    ,  7.78559    ,  0.19662    ,  0.26295    ,  0.610339   ,  0.373495   ,  2.97314    ,  1.00972    ])
Iter time: 254.406175137
Iter time: 493.393584013
Iter time: 852.594701052
24      , -25441.7    , array([ 0.610369   ,  0.02948    ,  5.28684    ,  0.151894   ,  9.62535    ,  7.8109     ,  0.197427   ,  0.263445   ,  0.609715   ,  0.373374   ,  2.81046    ,  1.01018    ])
Iter time: 261.294462919
Iter time: 508.680417061
Iter time: 878.880001068
25      , -25251.9    , array([ 0.60519    ,  0.0277404  ,  5.0264     ,  0.152365   ,  9.70227    ,  7.90014    ,  0.200278   ,  0.265185   ,  0.607536   ,  0.372952   ,  2.70467    ,  1.01027    ])
Iter time: 257.29180479
Iter time: 500.33800602
Iter time: 864.819531918
26      , -25347      , array([ 0.607774   ,  0.028597   ,  5.15498    ,  0.152129   ,  9.66373    ,  7.85539    ,  0.198847   ,  0.264314   ,  0.608624   ,  0.373163   ,  2.93244    ,  1.01022    ])
Iter time: 262.005156994
Iter time: 507.252077103
Iter time: 875.994006157
27      , -25267.8    , array([ 0.622696   ,  0.0278814  ,  5.0476     ,  0.152326   ,  9.69584    ,  7.89266    ,  0.200039   ,  0.26504    ,  0.607717   ,  0.372987   ,  2.94155    ,  1.01026    ])
Iter time: 243.625711918
Iter time: 473.739395857
Iter time: 818.873934031
28      , -25176.3    , array([ 0.60833    ,  0.0330118  ,  4.92516    ,  0.152555   ,  9.73343    ,  7.93637    ,  0.201437   ,  0.26589    ,  0.60666    ,  0.372782   ,  2.95222    ,  1.0103     ])
Iter time: 238.608366013
Iter time: 466.409063816
Iter time: 801.933026075
29      , -24849.9    , array([ 0.60216    ,  0.0357905  ,  4.51952    ,  0.15336    ,  9.86615    ,  8.09125    ,  0.206411   ,  0.268886   ,  0.602975   ,  0.372065   ,  2.98986    ,  1.01045    ])
Iter time: 247.717332125
Iter time: 481.51269412
Iter time: 833.667631865
30      , -25241.4    , array([ 0.609341   ,  0.0295783  ,  4.91086    ,  0.157113   ,  9.49209    ,  7.78577    ,  0.201604   ,  0.248665   ,  0.609011   ,  0.377649   ,  2.92678    ,  1.01024    ])
Iter time: 263.717960835
Iter time: 513.273225069
Iter time: 889.837985992
31      , -25197.5    , array([ 0.608714   ,  0.029437   ,  4.82937    ,  0.140225   ,  9.40199    ,  7.74174    ,  0.202563   ,  0.261072   ,  0.60947    ,  0.379859   ,  2.92134    ,  1.01023    ])
Iter time: 254.122188807
Iter time: 493.873742104
Iter time: 854.093252182
32      , -25118.7    , array([ 0.606128   ,  0.0286411  ,  4.65093    ,  0.154072   ,  9.43302    ,  7.79162    ,  0.188516   ,  0.266954   ,  0.608101   ,  0.38005    ,  2.93484    ,  1.01029    ])
Iter time: 251.354081154
Iter time: 489.322832108
Iter time: 846.851009846
33      , -25062.5    , array([ 0.607198   ,  0.0291053  ,  4.63232    ,  0.150993   ,  10.6902    ,  7.62804    ,  0.199801   ,  0.262211   ,  0.610699   ,  0.377687   ,  2.90695    ,  1.01022    ])
Iter time: 254.701045036
Iter time: 493.983134985
Iter time: 853.373921871
34      , -24973.4    , array([ 0.604951   ,  0.0284604  ,  4.45573    ,  0.150999   ,  9.56686    ,  7.6268     ,  0.201158   ,  0.262582   ,  0.610135   ,  0.360127   ,  2.91174    ,  1.01025    ])
Iter time: 273.790531158
Iter time: 532.633934021
Iter time: 921.145921946
35      , -24892.2    , array([ 0.605138   ,  0.0286589  ,  4.37686    ,  0.150752   ,  9.82999    ,  8.58532    ,  0.201178   ,  0.262074   ,  0.612374   ,  0.373456   ,  2.88749    ,  1.0102     ])
Iter time: 261.226462126
Iter time: 508.927109957
Iter time: 877.189299107
36      , -24821      , array([ 0.604896   ,  0.0287359  ,  4.26732    ,  0.150505   ,  9.85499    ,  7.98296    ,  0.201459   ,  0.261637   ,  0.594461   ,  0.373521   ,  2.86429    ,  1.01015    ])
Iter time: 267.123021841
Iter time: 519.807177067
Iter time: 898.084090948
37      , -24458.3    , array([ 0.600818   ,  0.0279167  ,  3.78281    ,  0.149939   ,  9.99294    ,  8.09476    ,  0.204282   ,  0.261194   ,  0.580325   ,  0.373482   ,  2.81789    ,  1.01009    ])
Iter time: 261.439682961
Iter time: 509.413033962
Iter time: 879.567830086
38      , -24690.1    , array([ 0.604323   ,  0.0288198  ,  4.07618    ,  0.150089   ,  9.90118    ,  8.01262    ,  0.202036   ,  0.260924   ,  0.602462   ,  0.373622   ,  2.8257     ,  1.01075    ])
Iter time: 265.492949963
Iter time: 516.752151966
Iter time: 893.161803961
39      , -24591.1    , array([ 0.597022   ,  0.0266388  ,  4.32511    ,  0.154957   ,  9.78521    ,  7.99553    ,  0.213946   ,  0.269281   ,  0.601129   ,  0.378181   ,  2.86526    ,  1.01045    ])
Iter time: 258.626228809
Iter time: 503.167798996
Iter time: 869.623179913
40      , -24585      , array([ 0.604452   ,  0.0293728  ,  3.99424    ,  0.150633   ,  9.88639    ,  7.99519    ,  0.20468    ,  0.26127    ,  0.601605   ,  0.375457   ,  2.83884    ,  1.01039    ])
Iter time: 255.393532038
Iter time: 497.961133003
Iter time: 857.587942123
41      , -24551.2    , array([ 0.587052   ,  0.0303895  ,  3.92314    ,  0.150159   ,  9.88567    ,  7.97457    ,  0.20424    ,  0.259933   ,  0.601489   ,  0.376047   ,  2.81333    ,  1.01038    ])
Iter time: 253.249091148
Iter time: 492.870626211
Iter time: 854.487703085
42      , -24449.8    , array([ 0.600976   ,  0.0310118  ,  3.78029    ,  0.149756   ,  9.90999    ,  7.97948    ,  0.204663   ,  0.258926   ,  0.600666   ,  0.376601   ,  3.07988    ,  1.01039    ])
Iter time: 250.700186968
Iter time: 486.593294859
Iter time: 840.733612061
43      , -24046.6    , array([ 0.59888    ,  0.0327894  ,  3.27838    ,  0.148468   ,  10.0155    ,  8.01945    ,  0.206892   ,  0.255852   ,  0.597261   ,  0.378439   ,  3.28657    ,  1.01045    ])
Iter time: 268.842728853
Iter time: 523.187813997
Iter time: 901.422724962
44      , -24250.7    , array([ 0.595162   ,  0.0295888  ,  3.61722    ,  0.143867   ,  10.2205    ,  8.1367     ,  0.204197   ,  0.277442   ,  0.597269   ,  0.372046   ,  2.90169    ,  1.01046    ])
Iter time: 254.117078066
Iter time: 490.396300077
Iter time: 847.28422308
45      , -24133.1    , array([ 0.593544   ,  0.0297563  ,  3.50529    ,  0.161883   ,  10.463     ,  8.25112    ,  0.203501   ,  0.26695    ,  0.594811   ,  0.368602   ,  2.90382    ,  1.0105     ])
Iter time: 261.783671141
Iter time: 509.751669884
Iter time: 882.767408848
46      , -24044.6    , array([ 0.593996   ,  0.0307784  ,  3.4722     ,  0.148554   ,  10.6102    ,  8.27697    ,  0.221471   ,  0.261067   ,  0.593958   ,  0.366544   ,  2.88535    ,  1.01048    ])
Iter time: 267.719901085
Iter time: 520.567342043
Iter time: 899.364551067
47      , -23485.8    , array([ 0.588021   ,  0.0319062  ,  3.0001     ,  0.145869   ,  11.2528    ,  8.53087    ,  0.24005    ,  0.258173   ,  0.587011   ,  0.359972   ,  2.86091    ,  1.01057    ])
Iter time: 266.671630859
Iter time: 519.257230043
Iter time: 897.662813902
48      , -23854.3    , array([ 0.589786   ,  0.0307549  ,  3.24266    ,  0.150713   ,  9.44283    ,  8.61357    ,  0.215452   ,  0.265103   ,  0.587544   ,  0.365896   ,  2.9053     ,  1.01061    ])
Iter time: 267.109734058
Iter time: 520.531437874
Iter time: 902.866112947
49      , -23769.1    , array([ 0.589477   ,  0.0318609  ,  3.19726    ,  0.15066    ,  10.5287    ,  8.79144    ,  0.216461   ,  0.26515    ,  0.584402   ,  0.384755   ,  2.89945    ,  1.01063    ])
Iter time: 245.613795042
Iter time: 478.328958035
Iter time: 825.777921915
50      , -23657.1    , array([ 0.586726   ,  0.0322037  ,  3.0889     ,  0.150892   ,  10.3648    ,  7.84086    ,  0.219097   ,  0.266181   ,  0.577745   ,  0.372871   ,  2.92581    ,  1.01076    ])
Iter time: 284.85996604
Iter time: 556.36649394
Iter time: 959.012091875
51      , -23501.6    , array([ 0.587081   ,  0.025337   ,  2.80755    ,  0.147925   ,  10.412     ,  8.27616    ,  0.215676   ,  0.259001   ,  0.582585   ,  0.3744     ,  2.81545    ,  1.01055    ])
Iter time: 262.712573051
Iter time: 510.268084049
Iter time: 882.187944889
52      , -23459.7    , array([ 0.582164   ,  0.0307969  ,  2.92535    ,  0.150783   ,  10.4625    ,  8.40258    ,  0.222758   ,  0.266576   ,  0.57983    ,  0.372968   ,  2.97722    ,  1.01022    ])
Iter time: 263.923901081
Iter time: 513.120109081
Iter time: 889.631484985
53      , -22847.7    , array([ 0.571391   ,  0.0318358  ,  2.47822    ,  0.151131   ,  10.755     ,  8.60462    ,  0.233903   ,  0.269448   ,  0.568835   ,  0.372641   ,  3.056      ,  1.00996    ])
Iter time: 261.393811941
Iter time: 508.618094921
Iter time: 875.612145901
54      , -23262.9    , array([ 0.584989   ,  0.034323   ,  2.5126     ,  0.145439   ,  10.7545    ,  8.5242     ,  0.213508   ,  0.258329   ,  0.575793   ,  0.367566   ,  2.96782    ,  1.01044    ])
Iter time: 265.164177895
Iter time: 516.202823162
Iter time: 892.391324043
55      , -23050.6    , array([ 0.574655   ,  0.0319468  ,  2.51846    ,  0.148742   ,  10.7949    ,  8.61608    ,  0.22475    ,  0.265748   ,  0.571148   ,  0.368926   ,  3.01771    ,  1.01051    ])
Iter time: 272.152577877
Iter time: 527.998286009
Iter time: 909.679152966
56      , -22833.3    , array([ 0.589587   ,  0.0311362  ,  2.38151    ,  0.148976   ,  10.9551    ,  8.75048    ,  0.228855   ,  0.268102   ,  0.566351   ,  0.367175   ,  3.08087    ,  1.01054    ])
Iter time: 279.409692049
Iter time: 544.380925894
Iter time: 938.731912851
57      , -21991.2    , array([ 0.59086    ,  0.0315164  ,  1.8555     ,  0.148387   ,  11.5325    ,  9.1663     ,  0.242254   ,  0.272282   ,  0.549559   ,  0.362817   ,  3.22403    ,  1.01062    ])
Iter time: 261.889045
Iter time: 509.673768997
Iter time: 879.061604977
58      , -22513.1    , array([ 0.574475   ,  0.0345863  ,  2.19338    ,  0.148936   ,  11.0995    ,  8.80103    ,  0.235403   ,  0.268663   ,  0.5817     ,  0.367915   ,  3.14569    ,  1.01092    ])
Iter time: 258.471652031
Iter time: 502.474835157
Iter time: 870.652034998
59      , -22446.5    , array([ 0.576526   ,  0.0334917  ,  2.11029    ,  0.15612    ,  11.0026    ,  8.87095    ,  0.24115    ,  0.251577   ,  0.562715   ,  0.36865    ,  3.09623    ,  1.01063    ])
Iter time: 277.976140976
Iter time: 542.088404894
Iter time: 934.947536945
60      , -22307      , array([ 0.575302   ,  0.0339661  ,  2.00108    ,  0.137909   ,  10.8381    ,  8.85418    ,  0.248917   ,  0.258893   ,  0.559841   ,  0.372101   ,  3.12721    ,  1.01061    ])
Iter time: 282.513576031
Iter time: 550.01889205
Iter time: 952.069894075
61      , -22064.9    , array([ 0.566371   ,  0.0310058  ,  1.97058    ,  0.148533   ,  11.4722    ,  9.26155    ,  0.252501   ,  0.270656   ,  0.551565   ,  0.361411   ,  2.74023    ,  1.01068    ])
Iter time: 267.427745104
Iter time: 521.362612963
Iter time: 900.466966867
62      , -21983.4    , array([ 0.571234   ,  0.0331017  ,  1.83359    ,  0.145965   ,  12.5692    ,  8.72761    ,  0.248967   ,  0.262115   ,  0.554812   ,  0.373032   ,  3.06976    ,  1.01054    ])
Iter time: 269.251713991
Iter time: 521.730543852
Iter time: 902.767797947
63      , -21116.3    , array([ 0.562179   ,  0.0343413  ,  1.3788     ,  0.143647   ,  14.5015    ,  8.7852     ,  0.267631   ,  0.260634   ,  0.539136   ,  0.376652   ,  3.15545    ,  1.0105     ])
Iter time: 267.6692729
Iter time: 519.797549009
Iter time: 899.82324791
64      , -21607      , array([ 0.567034   ,  0.0323544  ,  1.61639    ,  0.144861   ,  11.8908    ,  8.55002    ,  0.256727   ,  0.261318   ,  0.550351   ,  0.353492   ,  3.11964    ,  1.0105     ])
Iter time: 296.135390997
Iter time: 575.836656094
Iter time: 994.779352903
65      , -21404.3    , array([ 0.566462   ,  0.0320349  ,  1.50191    ,  0.143659   ,  12.3585    ,  9.72592    ,  0.260429   ,  0.259508   ,  0.552203   ,  0.361528   ,  3.12477    ,  1.01032    ])
Iter time: 264.023699045
Iter time: 512.900022984
Iter time: 887.041157007
66      , -21196.1    , array([ 0.562756   ,  0.0423402  ,  1.48881    ,  0.145828   ,  12.659     ,  9.46562    ,  0.273005   ,  0.266788   ,  0.542748   ,  0.357959   ,  3.30415    ,  1.01049    ])
Iter time: 272.952140093
Iter time: 530.741419077
Iter time: 917.427031994
67      , -20916.9    , array([ 0.557758   ,  0.0352462  ,  1.2397     ,  0.147876   ,  11.9452    ,  9.34352    ,  0.250601   ,  0.269113   ,  0.531664   ,  0.371957   ,  3.33065    ,  1.01046    ])
Iter time: 276.88854599
Iter time: 538.565779209
Iter time: 932.843698978
68      , -19895.6    , array([ 0.543216   ,  0.0370452  ,  0.796901   ,  0.14889    ,  12.3072    ,  9.77843    ,  0.25605    ,  0.274755   ,  0.505979   ,  0.378099   ,  3.5937     ,  1.01041    ])
Iter time: 282.095856905
Iter time: 549.220551014
Iter time: 948.754303217
69      , -20499.4    , array([ 0.553769   ,  0.0331838  ,  1.22238    ,  0.148894   ,  12.7827    ,  9.56722    ,  0.290417   ,  0.271727   ,  0.53047    ,  0.365992   ,  3.31472    ,  1.01059    ])
Iter time: 280.781699896
Iter time: 546.320729017
Iter time: 945.252022028
70      , -20325.6    , array([ 0.56026    ,  0.0358785  ,  1.08112    ,  0.145613   ,  13.0989    ,  9.63184    ,  0.287932   ,  0.265123   ,  0.52824    ,  0.364158   ,  3.31133    ,  1.01053    ])
Iter time: 287.198723078
Iter time: 558.551463842
Iter time: 965.986409903
71      , -20149      , array([ 0.561616   ,  0.0367281  ,  0.95681    ,  0.142425   ,  13.5866    ,  9.82766    ,  0.286415   ,  0.260779   ,  0.523883   ,  0.359146   ,  3.31386    ,  1.01118    ])
Iter time: 291.555805922
Iter time: 567.50232482
Iter time: 982.868247032
72      , -20074.7    , array([ 0.556497   ,  0.0341476  ,  0.941465   ,  0.143452   ,  13.6161    ,  9.78666    ,  0.294047   ,  0.260245   ,  0.503435   ,  0.3623     ,  3.24744    ,  1.01026    ])
Iter time: 302.610957861
Iter time: 588.997931004
Iter time: 1018.30725908
73      , -19760.4    , array([ 0.551259   ,  0.0353777  ,  0.855367   ,  0.134933   ,  14.2327    ,  9.86981    ,  0.296686   ,  0.279494   ,  0.510854   ,  0.360533   ,  3.32565    ,  1.01048    ])
Iter time: 332.937455177
Iter time: 644.477014065
Iter time: 1114.26298404
74      , -18755.9    , array([ 0.539045   ,  0.0363601  ,  0.544575   ,  0.125443   ,  16.1875    ,  10.4107    ,  0.329081   ,  0.294593   ,  0.486744   ,  0.356542   ,  3.44665    ,  1.01041    ])
Iter time: 287.85312295
Iter time: 753.878823042
Iter time: 1122.37356496
75      , -19315.6    , array([ 0.546471   ,  0.0352818  ,  0.726155   ,  0.150358   ,  15.4478    ,  10.159     ,  0.301119   ,  0.277506   ,  0.501642   ,  0.354655   ,  3.3465     ,  1.01047    ])
Iter time: 450.93332386
Iter time: 558.306148052
Iter time: 962.135344028
76      , -19210.4    , array([ 0.551789   ,  0.0394917  ,  0.624364   ,  0.139888   ,  15.3359    ,  9.86306    ,  0.305685   ,  0.266554   ,  0.501181   ,  0.363999   ,  3.94848    ,  1.01036    ])
Iter time: 292.006352186
Iter time: 569.445393085
Iter time: 982.018998146
77      , -18877.8    , array([ 0.522923   ,  0.0403403  ,  0.553011   ,  0.138656   ,  15.998     ,  10.088     ,  0.331209   ,  0.264025   ,  0.495344   ,  0.362784   ,  3.47127    ,  1.01038    ])
Iter time: 311.65686202
Iter time: 607.128253937
Iter time: 1047.24432302
78      , -18753.8    , array([ 0.537589   ,  0.0407672  ,  0.530902   ,  0.140998   ,  16.3025    ,  11.1174    ,  0.32609    ,  0.275575   ,  0.486026   ,  0.373968   ,  3.65186    ,  1.01049    ])
Iter time: 344.648811102
Iter time: 668.391113997
Iter time: 1153.40970898
79      , -17918.3    , array([ 0.523445   ,  0.0457615  ,  0.304263   ,  0.139105   ,  19.0886    ,  12.6772    ,  0.367511   ,  0.282992   ,  0.456741   ,  0.384647   ,  3.95111    ,  1.01048    ])
Iter time: 286.488091946
Iter time: 555.011248827
Iter time: 1268.148669
80      , -18385.1    , array([ 0.531096   ,  0.0436952  ,  0.437875   ,  0.141417   ,  16.8642    ,  10.2146    ,  0.340449   ,  0.281533   ,  0.469313   ,  0.369453   ,  3.79127    ,  1.01069    ])
Iter time: 322.853492022
Iter time: 644.143195152
Iter time: 1084.80573606
81      , -18297.5    , array([ 0.529459   ,  0.0332342  ,  0.360224   ,  0.138602   ,  17.2701    ,  10.6296    ,  0.336938   ,  0.276316   ,  0.466058   ,  0.375108   ,  3.66857    ,  1.01055    ])
Iter time: 330.904693842
Iter time: 642.825968981
Iter time: 1108.45489192
82      , -17976.3    , array([ 0.524732   ,  0.0407519  ,  0.310997   ,  0.139871   ,  15.5213    ,  11.8225    ,  0.357152   ,  0.285609   ,  0.457928   ,  0.356246   ,  3.93913    ,  1.01055    ])
Iter time: 324.351933956
Iter time: 629.614250183
Iter time: 1087.48621082
83      , -18171.6    , array([ 0.52794    ,  0.0436424  ,  0.279238   ,  0.133543   ,  18.1872    ,  11.2459    ,  0.340674   ,  0.276233   ,  0.45414    ,  0.364978   ,  3.8593     ,  1.01046    ])
Iter time: 331.421113014
Iter time: 642.916574955
Iter time: 1109.29847312
84      , -17960      , array([ 0.516682   ,  0.0417042  ,  0.251956   ,  0.134597   ,  18.7462    ,  11.4626    ,  0.353384   ,  0.285058   ,  0.444713   ,  0.366953   ,  3.96311    ,  1.0105     ])
Iter time: 304.190706015
Iter time: 576.475494146
Iter time: 995.898857832
86      , -19300.3    , array([ 0.54779    ,  0.0378924  ,  0.668447   ,  0.140873   ,  14.7883    ,  10.2272    ,  0.304919   ,  0.268746   ,  0.500472   ,  0.36266    ,  3.49071    ,  1.01082    ])
Iter time: 298.660510063
Iter time: 580.542947054
Iter time: 1003.57451415
88      , -19239.4    , array([ 0.544929   ,  0.0366958  ,  0.65367    ,  0.141273   ,  14.8554    ,  10.2246    ,  0.309422   ,  0.268831   ,  0.490488   ,  0.364264   ,  3.46597    ,  1.01038    ])
Iter time: 292.077955008
Iter time: 567.933927059
Iter time: 982.088998079
90      , -19158.6    , array([ 0.538458   ,  0.0382059  ,  0.596449   ,  0.143612   ,  14.2345    ,  10.2393    ,  0.291026   ,  0.275973   ,  0.491089   ,  0.371544   ,  3.64058    ,  1.01046    ])
Iter time: 297.87561202
Iter time: 579.559654951
Iter time: 1002.59511089
92      , -18877.9    , array([ 0.539737   ,  0.0374094  ,  0.56471    ,  0.144043   ,  15.8933    ,  10.4401    ,  0.315153   ,  0.277287   ,  0.488546   ,  0.360539   ,  3.52549    ,  1.01049    ])
Iter time: 325.328579187
Iter time: 633.087282181
Iter time: 1091.157552
93      , -17933.9    , array([ 0.517497   ,  0.0414324  ,  0.280523   ,  0.135672   ,  18.2988    ,  11.2941    ,  0.358769   ,  0.28714    ,  0.450515   ,  0.370061   ,  3.95821    ,  1.01013    ])
Iter time: 304.861330986
Iter time: 592.262022018
Iter time: 1023.52203918
95      , -18777.4    , array([ 0.537484   ,  0.0383246  ,  0.513606   ,  0.139517   ,  15.7688    ,  10.5263    ,  0.321887   ,  0.274025   ,  0.480892   ,  0.365542   ,  3.60927    ,  1.01042    ])
Iter time: 345.85473609
Iter time: 672.015069962
Iter time: 1156.34448004
96      , -17768.7    , array([ 0.507118   ,  0.0403648  ,  0.252483   ,  0.135649   ,  18.3541    ,  12.0368    ,  0.369976   ,  0.29405    ,  0.440504   ,  0.369933   ,  3.52447    ,  1.01056    ])
Iter time: 304.429556131
Iter time: 591.515262842
Iter time: 1022.24731016
99      , -18665.5    , array([ 0.532367   ,  0.0391459  ,  0.469513   ,  0.140318   ,  15.6182    ,  10.6339    ,  0.315989   ,  0.278697   ,  0.478188   ,  0.369175   ,  3.68027    ,  1.01046    ])
Iter time: 344.140354156
Iter time: 667.721313
Iter time: 1151.41723704
100     , -17835      , array([ 0.512111   ,  0.0433302  ,  0.234562   ,  0.129922   ,  18.4232    ,  11.718     ,  0.373673   ,  0.285915   ,  0.442201   ,  0.374688   ,  3.95428    ,  1.01044    ])
Iter time: 306.827435017
Iter time: 596.352607965
Iter time: 1032.94091702
102     , -18478.3    , array([ 0.523875   ,  0.0404209  ,  0.43288    ,  0.137352   ,  16.643     ,  10.6293    ,  0.338834   ,  0.273562   ,  0.477563   ,  0.365648   ,  3.61971    ,  1.01042    ])
Iter time: 345.50743103
Iter time: 670.363549948
Iter time: 1158.27363896
103     , -17711.2    , array([ 0.510284   ,  0.043184   ,  0.217268   ,  0.132344   ,  19.1824    ,  11.9352    ,  0.376492   ,  0.293102   ,  0.440311   ,  0.371571   ,  3.94918    ,  1.01053    ])
Iter time: 327.450011015
Iter time: 636.418698072
Iter time: 1101.03072405
106     , -18351.5    , array([ 0.530108   ,  0.038737   ,  0.410495   ,  0.130851   ,  16.8981    ,  10.864     ,  0.34037    ,  0.288883   ,  0.47129    ,  0.363117   ,  3.6278     ,  1.01045    ])
Iter time: 315.461733103
Iter time: 612.918381929
Iter time: 1056.9433012
108     , -18320.9    , array([ 0.526722   ,  0.0401759  ,  0.379029   ,  0.137989   ,  16.6528    ,  10.9896    ,  0.334565   ,  0.281402   ,  0.466847   ,  0.36924    ,  3.74649    ,  1.01047    ])
Iter time: 316.856096029
Iter time: 617.935030937
Iter time: 1062.25573993
110     , -18232.1    , array([ 0.522621   ,  0.0408146  ,  0.361933   ,  0.136549   ,  17.1909    ,  11.0025    ,  0.346266   ,  0.279125   ,  0.466101   ,  0.367622   ,  3.72087    ,  1.01045    ])
Iter time: 383.504081011
Iter time: 745.302111149
Iter time: 1285.43326807
111     , -17821.7    , array([ 0.510454   ,  0.0384309  ,  0.2026     ,  0.129553   ,  18.7567    ,  12.8563    ,  0.36884    ,  0.287696   ,  0.44045    ,  0.369454   ,  3.8467     ,  1.01024    ])
Iter time: 332.269368887
Iter time: 642.52106595
Iter time: 1109.72347093
113     , -18139.8    , array([ 0.524543   ,  0.0398288  ,  0.339526   ,  0.133029   ,  17.4115    ,  11.2364    ,  0.348459   ,  0.286683   ,  0.461593   ,  0.366536   ,  3.73121    ,  1.01045    ])
Iter time: 359.637787104
Iter time: 697.090437889
Iter time: 1205.87688208
114     , -17709.9    , array([ 0.511109   ,  0.0416818  ,  0.204286   ,  0.131745   ,  19.472     ,  12.3353    ,  0.382973   ,  0.288526   ,  0.436986   ,  0.37028    ,  3.9282     ,  1.01042    ])
Iter time: 329.841396093
Iter time: 640.199457169
Iter time: 1104.84407997
117     , -18091.4    , array([ 0.523361   ,  0.0372279  ,  0.309208   ,  0.136415   ,  17.7233    ,  11.194     ,  0.349144   ,  0.281102   ,  0.457578   ,  0.372223   ,  3.76219    ,  1.01049    ])
Iter time: 328.44205904
Iter time: 639.366942883
Iter time: 1105.47553992
119     , -18053      , array([ 0.520001   ,  0.0410979  ,  0.307914   ,  0.135395   ,  17.7051    ,  11.3969    ,  0.354066   ,  0.28261    ,  0.457247   ,  0.368681   ,  3.79065    ,  1.01045    ])
Iter time: 359.117689133
Iter time: 697.863687992
Iter time: 1200.09581113
120     , -17621.9    , array([ 0.505781   ,  0.0388499  ,  0.249782   ,  0.135273   ,  18.2004    ,  12.4202    ,  0.387231   ,  0.297528   ,  0.443555   ,  0.375202   ,  3.85265    ,  1.01041    ])
