==========================================
SLURM_JOB_ID = 18981490
SLURM_NODELIST = c8-72
==========================================
Module slurm/17.11.5 loaded 
Module openmpi/3.0.1 loaded 
Module gcc/7.3.0 loaded 
Module python/2.7.6 loaded 
Module numpy/1.11.1 loaded 
Module dadi/1.7.0 loaded 
Module matplotlib/2.0 loaded 
Module scipy/0.18.0 loaded 
Beginning. Call:
/home/hemstrow/monarch/github/F-H_2018/DADI/demographic_models/run_3d_mods.py /home/hemstrow/monarch/github/F-H_2018/Data/dadi_inputs/ dadi_snps_10kgap.txt 1st_folded_optim_10kgap_snps_dadi_out.txt lgrowth_p3 10 [NAM,GUA,HAW] True 3 [0.1,0.1,0.5,1,5,5,.1,.1,.1,.1,2] [1,1,5,10,20,20,10,10,10,10,4] [1e-3,1e-3,1e-3,1e-3,0.01,0.01,0.01,0.01,0.01,0.01,1] [150,15,15] fmin

Ready to begin run. Parameters:

Model:
lgrowth_p3
Maxiters:
10
Pops:
['NAM', 'GUA', 'HAW']
Projection:
[150, 15, 15]
Number of segregating sites in projected sfs:
9454.98941724
Folding spectra:
True
Level of parm folding:
3
Optimizer:
fmin
p0:
[ 0.03596966  0.01298952  0.69833656  0.24324228  5.01307447  0.85412558
  0.3207598   0.03241499  0.08026834  0.20758344  3.96      ]
Upper Bounds:
[1.0, 1.0, 5.0, 10.0, 20.0, 20.0, 10.0, 10.0, 10.0, 10.0, 4.0]
Lower Bounds:
[0.001, 0.001, 0.001, 0.001, 0.01, 0.01, 0.01, 0.01, 0.01, 0.01, 1.0]

Beginning optimization ************************************************
optimize_log_fmin.
Iter time: 71.9901301861
Iter time: 138.868906021
Iter time: 237.922999859
1       , -21445.7    , array([ 0.0359697  ,  0.0129895  ,  0.698337   ,  0.243242   ,  5.01307    ,  0.854126   ,  0.32076    ,  0.032415   ,  0.0802683  ,  0.207583   ,  3.96       ])
Iter time: 73.8954088688
Iter time: 139.536111116
Iter time: 238.823470831
2       , -21432      , array([ 0.0304602  ,  0.0129895  ,  0.698337   ,  0.243242   ,  5.01307    ,  0.854126   ,  0.32076    ,  0.032415   ,  0.0802683  ,  0.207583   ,  3.96       ])
Iter time: 86.5727529526
Iter time: 167.163038969
Iter time: 286.707988024
3       , -21591.8    , array([ 0.0359697  ,  0.0104538  ,  0.698337   ,  0.243242   ,  5.01307    ,  0.854126   ,  0.32076    ,  0.032415   ,  0.0802683  ,  0.207583   ,  3.96       ])
Iter time: 71.9191319942
Iter time: 138.376300097
Iter time: 237.471759081
4       , -21426.1    , array([ 0.0359697  ,  0.0129895  ,  0.685911   ,  0.243242   ,  5.01307    ,  0.854126   ,  0.32076    ,  0.032415   ,  0.0802683  ,  0.207583   ,  3.96       ])
Iter time: 72.5259809494
Iter time: 139.513293982
Iter time: 239.605043173
5       , -21495.7    , array([ 0.0359697  ,  0.0129895  ,  0.698337   ,  0.226642   ,  5.01307    ,  0.854126   ,  0.32076    ,  0.032415   ,  0.0802683  ,  0.207583   ,  3.96       ])
Iter time: 72.2019271851
Iter time: 138.787668943
Iter time: 238.059726954
6       , -21535      , array([ 0.0359697  ,  0.0129895  ,  0.698337   ,  0.243242   ,  5.43387    ,  0.854126   ,  0.32076    ,  0.032415   ,  0.0802683  ,  0.207583   ,  3.96       ])
Iter time: 71.7990009785
Iter time: 138.092679977
Iter time: 237.021353006
7       , -21455.3    , array([ 0.0359697  ,  0.0129895  ,  0.698337   ,  0.243242   ,  5.01307    ,  0.847418   ,  0.32076    ,  0.032415   ,  0.0802683  ,  0.207583   ,  3.96       ])
Iter time: 71.9456779957
Iter time: 138.402229071
Iter time: 237.628185034
8       , -21561.2    , array([ 0.0359697  ,  0.0129895  ,  0.698337   ,  0.243242   ,  5.01307    ,  0.854126   ,  0.303032   ,  0.032415   ,  0.0802683  ,  0.207583   ,  3.96       ])
Iter time: 71.8979029655
Iter time: 138.500216007
Iter time: 238.75168395
9       , -21620      , array([ 0.0359697  ,  0.0129895  ,  0.698337   ,  0.243242   ,  5.01307    ,  0.854126   ,  0.32076    ,  0.0273076  ,  0.0802683  ,  0.207583   ,  3.96       ])
Iter time: 72.4124851227
Iter time: 138.349745035
Iter time: 237.502342939
10      , -21529.4    , array([ 0.0359697  ,  0.0129895  ,  0.698337   ,  0.243242   ,  5.01307    ,  0.854126   ,  0.32076    ,  0.032415   ,  0.0707573  ,  0.207583   ,  3.96       ])
Iter time: 71.9796049595
Iter time: 138.438194036
Iter time: 237.471201897
11      , -21448.9    , array([ 0.0359697  ,  0.0129895  ,  0.698337   ,  0.243242   ,  5.01307    ,  0.854126   ,  0.32076    ,  0.032415   ,  0.0802683  ,  0.19189    ,  3.96       ])
Iter time: 78.2219929695
Iter time: 150.629292965
Iter time: 258.657638073
13      , -21693.4    , array([ 0.0348986  ,  0.0124866  ,  0.696061   ,  0.240136   ,  5.08708    ,  0.852902   ,  0.317461   ,  0.0314201  ,  0.0784487  ,  0.204638   ,  3.69667    ])
Iter time: 75.7972609997
Iter time: 145.28988719
Iter time: 249.982161999
14      , -21597.3    , array([ 0.0351634  ,  0.0126105  ,  0.696629   ,  0.240909   ,  5.06848    ,  0.853208   ,  0.318283   ,  0.0316659  ,  0.0788997  ,  0.20537    ,  3.82607    ])
Iter time: 75.2930779457
Iter time: 144.875537157
Iter time: 248.926389933
15      , -21372.8    , array([ 0.0347551  ,  0.0124195  ,  0.695751   ,  0.239716   ,  5.09726    ,  0.852735   ,  0.317014   ,  0.0383144  ,  0.0782038  ,  0.204239   ,  3.9353     ])
Iter time: 77.0294837952
Iter time: 148.134987116
Iter time: 254.252133131
16      , -21235.1    , array([ 0.0341633  ,  0.012144   ,  0.694462   ,  0.237972   ,  5.13988    ,  0.852041   ,  0.315158   ,  0.0453839  ,  0.0771915  ,  0.202587   ,  3.92302    ])
Iter time: 74.7977459431
Iter time: 143.748760939
Iter time: 246.620167017
18      , -21533.6    , array([ 0.0352139  ,  0.0126342  ,  0.696737   ,  0.241056   ,  5.06495    ,  0.853266   ,  0.318439   ,  0.0325321  ,  0.0789857  ,  0.20551    ,  3.8908     ])
Iter time: 61.5501019955
Iter time: 117.975963116
Iter time: 203.272670031
19      , -21351.5    , array([ 0.03444    ,  0.0158638  ,  0.695067   ,  0.238789   ,  5.11981    ,  0.852367   ,  0.316028   ,  0.034483   ,  0.0776653  ,  0.203362   ,  3.9406     ])
Iter time: 71.7759101391
Iter time: 137.372159004
Iter time: 235.448947906
20      , -21327      , array([ 0.034169   ,  0.0132395  ,  0.694474   ,  0.237989   ,  5.13946    ,  0.852048   ,  0.33708    ,  0.0348729  ,  0.0772012  ,  0.202603   ,  3.93708    ])
Iter time: 71.0448141098
Iter time: 136.685753107
Iter time: 234.553426981
21      , -21312.8    , array([ 0.0338514  ,  0.0132855  ,  0.693774   ,  0.237046   ,  4.69369    ,  0.851671   ,  0.321337   ,  0.0353394  ,  0.0766563  ,  0.201711   ,  3.93293    ])
Iter time: 72.969547987
Iter time: 140.365653992
Iter time: 240.804980993
23      , -21469.7    , array([ 0.034991   ,  0.0129124  ,  0.696259   ,  0.240406   ,  5.04012    ,  0.853009   ,  0.319873   ,  0.0333074  ,  0.0786061  ,  0.204893   ,  3.92044    ])
Iter time: 70.8441691399
Iter time: 136.143174887
Iter time: 233.664788961
24      , -21271.7    , array([ 0.0334412  ,  0.013393   ,  0.692862   ,  0.23582    ,  5.02265    ,  0.851179   ,  0.321704   ,  0.0360529  ,  0.0881583  ,  0.200551   ,  3.93345    ])
Iter time: 70.0882608891
Iter time: 134.162218094
Iter time: 230.652481079
25      , -21265.9    , array([ 0.033001   ,  0.0134677  ,  0.691871   ,  0.254926   ,  5.02439    ,  0.850644   ,  0.321877   ,  0.0367569  ,  0.0790485  ,  0.199299   ,  3.92864    ])
Iter time: 69.1373000145
Iter time: 132.660393953
Iter time: 228.144928932
26      , -21254.9    , array([ 0.0335647  ,  0.0136522  ,  0.693138   ,  0.242907   ,  4.9946     ,  0.851327   ,  0.323136   ,  0.0364187  ,  0.0808025  ,  0.200901   ,  3.96979    ])
Iter time: 69.7549510002
Iter time: 133.834769964
Iter time: 229.46718502
27      , -21231      , array([ 0.0322433  ,  0.0136945  ,  0.690138   ,  0.240014   ,  5.01817    ,  0.857661   ,  0.322675   ,  0.0382222  ,  0.0792247  ,  0.197122   ,  3.9319     ])
Iter time: 68.681417942
Iter time: 131.818123102
Iter time: 225.791738033
28      , -21116.2    , array([ 0.0305274  ,  0.0140612  ,  0.686075   ,  0.238416   ,  5.02072    ,  0.862829   ,  0.323637   ,  0.041505   ,  0.078708   ,  0.19209    ,  3.91793    ])
Iter time: 69.4026470184
Iter time: 133.312705994
Iter time: 226.794454813
29      , -21174.7    , array([ 0.0312957  ,  0.0138933  ,  0.687919   ,  0.239141   ,  5.01956    ,  0.852496   ,  0.323199   ,  0.0399793  ,  0.0789425  ,  0.213283   ,  3.92427    ])
Iter time: 68.4889128208
Iter time: 131.308251143
Iter time: 224.998607874
30      , -21127.5    , array([ 0.0305137  ,  0.0140643  ,  0.686041   ,  0.238403   ,  5.02074    ,  0.8522     ,  0.323645   ,  0.0415333  ,  0.0787037  ,  0.198132   ,  3.91781    ])
Iter time: 67.3477959633
Iter time: 129.289504051
Iter time: 221.755396128
31      , -21083.5    , array([ 0.0360442  ,  0.014269   ,  0.683829   ,  0.237534   ,  5.02214    ,  0.851851   ,  0.324172   ,  0.043448   ,  0.0784226  ,  0.196461   ,  3.91019    ])
Iter time: 64.9218301773
Iter time: 124.82327199
Iter time: 146673.121465
32      , -20898.7    , array([ 0.0392091  ,  0.0149553  ,  0.676689   ,  0.23473    ,  5.02667    ,  0.850716   ,  0.325892   ,  0.0503015  ,  0.0775157  ,  0.191125   ,  3.88552    ])
Iter time: 115.300198078
Iter time: 193.567209959
Iter time: 218.527779102
33      , -20990.3    , array([ 0.0310057  ,  0.0146394  ,  0.694505   ,  0.236      ,  5.02461    ,  0.851231   ,  0.325109   ,  0.0470616  ,  0.0779266  ,  0.193532   ,  3.89671    ])
Iter time: 79.0773260593
Iter time: 152.477519035
Iter time: 261.070616007
34      , -21017.7    , array([ 0.0317702  ,  0.0118131  ,  0.685256   ,  0.239888   ,  4.9031     ,  0.852781   ,  0.33168    ,  0.0468128  ,  0.0805875  ,  0.195779   ,  3.90793    ])
Iter time: 69.0451378822
Iter time: 132.664463043
Iter time: 227.456449986
35      , -20967.9    , array([ 0.0316012  ,  0.0138643  ,  0.684176   ,  0.241043   ,  4.84272    ,  0.853234   ,  0.310054   ,  0.0488351  ,  0.0817073  ,  0.195291   ,  3.90614    ])
Iter time: 69.1634120941
Iter time: 132.715300083
Iter time: 227.412490845
36      , -20919.7    , array([ 0.0315013  ,  0.0139239  ,  0.683134   ,  0.242739   ,  5.33287    ,  0.853896   ,  0.323138   ,  0.0511094  ,  0.0832484  ,  0.195005   ,  3.90541    ])
Iter time: 69.0477640629
Iter time: 132.592645884
Iter time: 227.150169849
37      , -20882.1    , array([ 0.031543   ,  0.0139101  ,  0.682278   ,  0.245287   ,  5.03819    ,  0.854885   ,  0.32303    ,  0.0533798  ,  0.0716367  ,  0.195135   ,  3.89981    ])
Iter time: 68.2920911312
Iter time: 130.785814047
Iter time: 224.080353022
38      , -20650.8    , array([ 0.0306347  ,  0.0141761  ,  0.677046   ,  0.250162   ,  5.04597    ,  0.856744   ,  0.323694   ,  0.0649525  ,  0.0645761  ,  0.192482   ,  3.88311    ])
Iter time: 69.5987939835
Iter time: 133.612663031
Iter time: 228.785018921
39      , -20793.1    , array([ 0.0315343  ,  0.0139625  ,  0.680569   ,  0.226127   ,  5.04037    ,  0.856535   ,  0.323188   ,  0.0580677  ,  0.0770082  ,  0.195123   ,  3.89632    ])
Iter time: 70.5659389496
Iter time: 135.449277878
Iter time: 232.112946033
40      , -20704.6    , array([ 0.0306549  ,  0.0138302  ,  0.677069   ,  0.234247   ,  5.07885    ,  0.856796   ,  0.321938   ,  0.063795   ,  0.0746807  ,  0.192542   ,  3.84286    ])
Iter time: 62.5050280094
Iter time: 119.773684978
Iter time: 204.931216002
41      , -20664      , array([ 0.0295303  ,  0.0159197  ,  0.672669   ,  0.23842    ,  4.92459    ,  0.856945   ,  0.331367   ,  0.0544625  ,  0.0777057  ,  0.189182   ,  3.87411    ])
Iter time: 68.3253991604
Iter time: 131.094709873
Iter time: 224.729982138
42      , -20605.3    , array([ 0.0318975  ,  0.014264   ,  0.676305   ,  0.237124   ,  5.02515    ,  0.857299   ,  0.324592   ,  0.0653997  ,  0.0757643  ,  0.175819   ,  3.86382    ])
Iter time: 68.2421970367
Iter time: 130.595505953
Iter time: 223.700875044
43      , -20291.4    , array([ 0.0322027  ,  0.014453   ,  0.670572   ,  0.236121   ,  5.02794    ,  0.85971    ,  0.325291   ,  0.0836461  ,  0.0742235  ,  0.159632   ,  3.83394    ])
Iter time: 68.7939801216
Iter time: 132.081943035
Iter time: 224.948855162
44      , -20499.9    , array([ 0.0330371  ,  0.0141606  ,  0.675349   ,  0.237443   ,  5.02528    ,  0.858966   ,  0.324444   ,  0.0714983  ,  0.0751886  ,  0.181973   ,  3.855      ])
Iter time: 68.5181410313
Iter time: 131.599368095
Iter time: 225.781599045
45      , -20388.7    , array([ 0.0335     ,  0.0141819  ,  0.673385   ,  0.237253   ,  5.02613    ,  0.847692   ,  0.3246     ,  0.0789834  ,  0.0745618  ,  0.185859   ,  3.84355    ])
Iter time: 58.6103878021
Iter time: 111.638442993
Iter time: 191.219819069
46      , -20391.8    , array([ 0.0325013  ,  0.0174511  ,  0.67205    ,  0.235324   ,  5.16994    ,  0.856748   ,  0.315487   ,  0.0770151  ,  0.071801   ,  0.180642   ,  3.84176    ])
Iter time: 67.4843821526
Iter time: 129.352933884
Iter time: 220.843145847
47      , -20297.6    , array([ 0.0335892  ,  0.0145391  ,  0.65915    ,  0.239076   ,  5.07114    ,  0.859316   ,  0.320111   ,  0.083785   ,  0.0731557  ,  0.180463   ,  3.84288    ])
Iter time: 64.55509305
Iter time: 123.762971878
Iter time: 211.984863043
48      , -20180.1    , array([ 0.0333238  ,  0.0154852  ,  0.664582   ,  0.233725   ,  5.30589    ,  0.858408   ,  0.337608   ,  0.0890688  ,  0.0683823  ,  0.176288   ,  3.82224    ])
Iter time: 62.4890890121
Iter time: 119.783217192
Iter time: 204.873126984
49      , -19720.4    , array([ 0.03422    ,  0.0163653  ,  0.654997   ,  0.23015    ,  5.55383    ,  0.861007   ,  0.352289   ,  0.120288   ,  0.0625583  ,  0.167492   ,  3.78097    ])
Iter time: 63.3763208389
Iter time: 121.556212902
Iter time: 208.241214991
50      , -20011.1    , array([ 0.0339365  ,  0.0158786  ,  0.660526   ,  0.229856   ,  4.85391    ,  0.859036   ,  0.329065   ,  0.0994356  ,  0.0637186  ,  0.171732   ,  3.80052    ])
Iter time: 67.2620151043
Iter time: 128.73752594
Iter time: 220.172908068
51      , -19860.6    , array([ 0.0265585  ,  0.0149453  ,  0.663892   ,  0.236794   ,  5.11694    ,  0.863775   ,  0.32686    ,  0.11436    ,  0.0660353  ,  0.171843   ,  3.80464    ])
Iter time: 62.2885460854
Iter time: 119.319442034
Iter time: 204.227677107
52      , -19816.5    , array([ 0.0320072  ,  0.0162073  ,  0.657136   ,  0.247872   ,  5.11705    ,  0.859221   ,  0.330273   ,  0.112056   ,  0.0646383  ,  0.164478   ,  3.77771    ])
Iter time: 60.1050930023
Iter time: 115.032780886
Iter time: 196.803984165
53      , -19759.3    , array([ 0.0331849  ,  0.016841   ,  0.656954   ,  0.241751   ,  5.0852     ,  0.859399   ,  0.3331     ,  0.112997   ,  0.0649255  ,  0.161976   ,  3.81837    ])
Iter time: 67.2727558613
Iter time: 129.204548836
Iter time: 221.50005579
54      , -19562.2    , array([ 0.0351872  ,  0.014781   ,  0.658416   ,  0.23812    ,  5.27519    ,  0.859697   ,  0.323928   ,  0.151142   ,  0.0603924  ,  0.160265   ,  3.77761    ])
Iter time: 70.0623707771
Iter time: 134.560208082
Iter time: 230.447538137
55      , -18883      , array([ 0.0384099  ,  0.0142426  ,  0.651403   ,  0.23797    ,  5.45973    ,  0.861076   ,  0.320271   ,  0.251785   ,  0.0532411  ,  0.147508   ,  3.73026    ])
Iter time: 62.1005880833
Iter time: 119.032410145
Iter time: 203.756079197
56      , -19330.7    , array([ 0.0353426  ,  0.0166132  ,  0.649582   ,  0.224891   ,  5.22259    ,  0.860687   ,  0.330966   ,  0.162134   ,  0.0701653  ,  0.150077   ,  3.74143    ])
Iter time: 60.3147208691
Iter time: 115.597957134
Iter time: 197.667285919
57      , -19239.9    , array([ 0.033177   ,  0.0171214  ,  0.646625   ,  0.23461    ,  5.28095    ,  0.858774   ,  0.331398   ,  0.170933   ,  0.059509   ,  0.153278   ,  3.74828    ])
Iter time: 71.8996710777
Iter time: 137.506162882
Iter time: 235.558068991
58      , -19158.6    , array([ 0.0338504  ,  0.0138449  ,  0.645258   ,  0.236591   ,  5.15304    ,  0.861367   ,  0.343869   ,  0.183443   ,  0.060225   ,  0.149864   ,  3.74439    ])
Iter time: 61.3901560307
Iter time: 117.540314913
Iter time: 201.114654064
59      , -18902.2    , array([ 0.0329035  ,  0.0169622  ,  0.639004   ,  0.234549   ,  5.32458    ,  0.873106   ,  0.337739   ,  0.208487   ,  0.0557866  ,  0.140067   ,  3.7249     ])
Iter time: 61.3551139832
Iter time: 117.817974091
Iter time: 201.046038866
60      , -18730.3    , array([ 0.0326932  ,  0.0170157  ,  0.64913    ,  0.231952   ,  5.32432    ,  0.863792   ,  0.345828   ,  0.23197    ,  0.0541245  ,  0.137759   ,  3.70449    ])
Iter time: 58.694904089
Iter time: 112.31479001
Iter time: 191.701704979
61      , -17832.7    , array([ 0.0322543  ,  0.0184079  ,  0.644177   ,  0.22847    ,  5.45561    ,  0.866038   ,  0.359452   ,  0.385981   ,  0.0465551  ,  0.120362   ,  3.63717    ])
Iter time: 59.3256649971
Iter time: 113.341717005
Iter time: 193.76179409
62      , -18245.5    , array([ 0.0341107  ,  0.0178866  ,  0.633431   ,  0.233452   ,  5.45036    ,  0.864548   ,  0.346557   ,  0.306833   ,  0.0490082  ,  0.147942   ,  3.67772    ])
Iter time: 62.8163919449
Iter time: 120.335260868
Iter time: 205.965049982
63      , -18259.9    , array([ 0.0323982  ,  0.0166372  ,  0.638186   ,  0.240494   ,  5.766      ,  0.866233   ,  0.345823   ,  0.316796   ,  0.0544274  ,  0.13384    ,  3.68798    ])
Iter time: 58.4513709545
Iter time: 112.023746014
Iter time: 191.729082108
64      , -18129.8    , array([ 0.0429218  ,  0.018024   ,  0.630407   ,  0.234106   ,  5.58967    ,  0.861926   ,  0.351744   ,  0.331516   ,  0.050704   ,  0.127812   ,  3.66318    ])
Iter time: 62.2280070782
Iter time: 119.282752037
Iter time: 204.306079865
65      , -17837.3    , array([ 0.0375667  ,  0.0169448  ,  0.632099   ,  0.221333   ,  5.68005    ,  0.86699    ,  0.352119   ,  0.412089   ,  0.0495629  ,  0.12755    ,  3.66871    ])
Iter time: 64.9810400009
Iter time: 124.713748932
Iter time: 213.195827007
66      , -17505.5    , array([ 0.0370599  ,  0.0163254  ,  0.627855   ,  0.223324   ,  5.83176    ,  0.868197   ,  0.352673   ,  0.517047   ,  0.0469798  ,  0.124013   ,  3.60334    ])
Iter time: 67.5935821533
Iter time: 129.582811117
Iter time: 222.153291941
67      , -16235.2    , array([ 0.039164   ,  0.0160735  ,  0.613793   ,  0.214644   ,  6.24519    ,  0.872629   ,  0.362887   ,  1.10602    ,  0.0399631  ,  0.108512   ,  3.50041    ])
Iter time: 63.3895449638
Iter time: 121.738497019
Iter time: 207.997402191
68      , -16924.6    , array([ 0.0368316  ,  0.0167451  ,  0.622336   ,  0.231625   ,  5.4548     ,  0.868691   ,  0.335265   ,  0.727046   ,  0.0449423  ,  0.110828   ,  3.58833    ])
Iter time: 64.0938079357
Iter time: 122.744876146
Iter time: 210.000831127
69      , -16881      , array([ 0.0359302  ,  0.016519   ,  0.622654   ,  0.238317   ,  5.84684    ,  0.870477   ,  0.357703   ,  0.708596   ,  0.0369523  ,  0.117055   ,  3.59881    ])
Iter time: 66.5782940388
Iter time: 127.859281063
Iter time: 218.75226903
70      , -16558.5    , array([ 0.0388344  ,  0.0159246  ,  0.62122    ,  0.229096   ,  5.89024    ,  0.874566   ,  0.362233   ,  0.870429   ,  0.0399536  ,  0.109127   ,  3.56575    ])
Iter time: 55.6860339642
Iter time: 106.39820981
Iter time: 181.863661051
71      , -16183.9    , array([ 0.0390245  ,  0.0202008  ,  0.618253   ,  0.225852   ,  6.185      ,  0.874348   ,  0.352414   ,  1.07649    ,  0.0366402  ,  0.105358   ,  3.53787    ])
Iter time: 52.4993910789
Iter time: 100.046123028
Iter time: 170.86678791
72      , -14770.9    , array([ 0.0419009  ,  0.0244009  ,  0.605178   ,  0.220666   ,  6.77607    ,  0.880912   ,  0.356766   ,  2.60775    ,  0.0285791  ,  0.0883394  ,  3.43892    ])
Iter time: 62.0001499653
Iter time: 118.681061029
Iter time: 202.760128975
73      , -15668.6    , array([ 0.0419514  ,  0.0176153  ,  0.618162   ,  0.225305   ,  6.25393    ,  0.86399    ,  0.362404   ,  1.49941    ,  0.035026   ,  0.103666   ,  3.5051     ])
Iter time: 53.8149681091
Iter time: 102.613777161
Iter time: 175.200289011
74      , -15151.8    , array([ 0.0365181  ,  0.0218054  ,  0.600648   ,  0.219869   ,  6.25159    ,  0.876598   ,  0.390855   ,  1.71735    ,  0.0340101  ,  0.0923215  ,  3.46067    ])
Iter time: 57.8029980659
Iter time: 110.764604092
Iter time: 189.611078024
75      , -15218.2    , array([ 0.0442469  ,  0.0196081  ,  0.606366   ,  0.214044   ,  6.0072     ,  0.873266   ,  0.370123   ,  1.856      ,  0.0305428  ,  0.095106   ,  3.46009    ])
Iter time: 62.7225987911
Iter time: 120.583798885
Iter time: 205.830419064
76      , -14730.7    , array([ 0.0440613  ,  0.0185457  ,  0.606087   ,  0.217047   ,  6.46849    ,  0.876566   ,  0.373783   ,  2.65814    ,  0.0311257  ,  0.079399   ,  3.43147    ])
Iter time: 98.5863759518
Iter time: 190.608374834
Iter time: 326.61029911
77      , -13541.5    , array([ 0.0500773  ,  0.0188843  ,  0.592862   ,  0.209282   ,  7.0468     ,  0.882637   ,  0.388188   ,  7.82378    ,  0.0248052  ,  0.058167   ,  3.31459    ])
Iter time: 72.6748478413
Iter time: 139.282637119
Iter time: 238.301826
78      , -14084.6    , array([ 0.0360118  ,  0.018561   ,  0.602233   ,  0.212075   ,  6.5786     ,  0.883036   ,  0.374931   ,  4.37115    ,  0.0264174  ,  0.0796474  ,  3.38302    ])
Iter time: 76.8397920132
Iter time: 147.471510887
Iter time: 252.676553011
79      , -13816.1    , array([ 0.0408302  ,  0.0200729  ,  0.595359   ,  0.222578   ,  6.64912    ,  0.88081    ,  0.378831   ,  5.40235    ,  0.0241042  ,  0.0732625  ,  3.3285     ])
Iter time: 113.156229019
Iter time: 218.895106077
Iter time: 375.392451048
80      , -13463.9    , array([ 0.0496381  ,  0.0187707  ,  0.575885   ,  0.214602   ,  7.17621    ,  0.884494   ,  0.374663   ,  9.31912    ,  0.0227669  ,  0.0709369  ,  3.30366    ])
Iter time: 97.5502800941
Iter time: 187.837957144
Iter time: 322.311188936
82      , -13372      , array([ 0.0458927  ,  0.0210675  ,  0.587747   ,  0.208762   ,  7.54426    ,  0.884688   ,  0.409889   ,  7.86682    ,  0.0208409  ,  0.0710361  ,  3.29868    ])
Iter time: 61.823551178
Iter time: 118.2185812
Iter time: 202.35712719
85      , -15653.9    , array([ 0.0388644  ,  0.0178102  ,  0.612052   ,  0.227548   ,  6.19571    ,  0.874203   ,  0.366407   ,  1.45231    ,  0.0327648  ,  0.0996247  ,  3.50484    ])
Iter time: 62.7611269951
Iter time: 120.182684183
Iter time: 205.827373981
87      , -15458.5    , array([ 0.040406   ,  0.017576   ,  0.610934   ,  0.223034   ,  6.23297    ,  0.876237   ,  0.368912   ,  1.64752    ,  0.0337636  ,  0.0957946  ,  3.48597    ])
Iter time: 112.061001062
Iter time: 216.110652924
Iter time: 371.927551031
88      , -13332.9    , array([ 0.0453867  ,  0.0237951  ,  0.587619   ,  0.221185   ,  6.96329    ,  0.883889   ,  0.390159   ,  9.45282    ,  0.0197567  ,  0.0637055  ,  3.31551    ])
Iter time: 117.425632954
Iter time: 226.192393064
Iter time: 389.757773876
90      , -13280.6    , array([ 0.0429818  ,  0.0229326  ,  0.578115   ,  0.210012   ,  7.09073    ,  0.896431   ,  0.395955   ,  9.74524    ,  0.0203128  ,  0.0610337  ,  3.27777    ])
Iter time: 61.1878769398
Iter time: 117.066118002
Iter time: 200.255818129
93      , -14733      , array([ 0.0408105  ,  0.0191386  ,  0.603319   ,  0.22167    ,  6.46279    ,  0.878129   ,  0.373872   ,  2.56913    ,  0.0289272  ,  0.0870587  ,  3.43622    ])
Iter time: 62.2250349522
Iter time: 119.22553587
Iter time: 203.842639923
95      , -14616.5    , array([ 0.0416308  ,  0.0190861  ,  0.602424   ,  0.219399   ,  6.49287    ,  0.879236   ,  0.375375   ,  2.79218    ,  0.0291591  ,  0.0849986  ,  3.42472    ])
Iter time: 61.018034935
Iter time: 116.846958876
Iter time: 200.043769121
97      , -14487.4    , array([ 0.0434441  ,  0.0201346  ,  0.59999    ,  0.215174   ,  6.39676    ,  0.878016   ,  0.376232   ,  3.01911    ,  0.0276751  ,  0.0842611  ,  3.41039    ])
Iter time: 59.3570821285
Iter time: 113.468153
Iter time: 193.989284039
99      , -14419.8    , array([ 0.0397806  ,  0.021156   ,  0.597125   ,  0.217868   ,  6.5324     ,  0.879754   ,  0.385956   ,  2.97959    ,  0.0289314  ,  0.0826744  ,  3.40841    ])
Iter time: 61.6409850121
Iter time: 118.194353104
Iter time: 202.360507011
101     , -14264.4    , array([ 0.0425113  ,  0.022235   ,  0.599007   ,  0.218136   ,  6.78959    ,  0.881863   ,  0.370062   ,  3.69395    ,  0.0265358  ,  0.0806285  ,  3.39631    ])
Iter time: 65.9066162109
Iter time: 125.740923166
Iter time: 215.360381126
103     , -14219.1    , array([ 0.0420324  ,  0.0198267  ,  0.597892   ,  0.218472   ,  6.64566    ,  0.880639   ,  0.378653   ,  3.72752    ,  0.0265924  ,  0.0797633  ,  3.39317    ])
Iter time: 66.9689209461
Iter time: 128.394419909
Iter time: 219.566163063
105     , -14152.9    , array([ 0.0424713  ,  0.0198337  ,  0.597243   ,  0.217308   ,  6.66816    ,  0.881258   ,  0.379564   ,  3.93733    ,  0.0265872  ,  0.0785864  ,  3.38607    ])
Iter time: 67.2757918835
Iter time: 128.937201023
Iter time: 220.781276941
107     , -14083.3    , array([ 0.0433417  ,  0.0203573  ,  0.595911   ,  0.215302   ,  6.63113    ,  0.880794   ,  0.380149   ,  4.14392    ,  0.0258546  ,  0.0779972  ,  3.37787    ])
Iter time: 66.951113224
Iter time: 128.194209099
Iter time: 219.448611021
109     , -14035.2    , array([ 0.041636   ,  0.0208308  ,  0.594431   ,  0.216529   ,  6.70564    ,  0.881712   ,  0.384765   ,  4.1789     ,  0.0263002  ,  0.0770551  ,  3.37551    ])
Iter time: 115.421828985
Iter time: 222.900525093
Iter time: 382.995820999
110     , -13295.8    , array([ 0.0445026  ,  0.0186968  ,  0.583766   ,  0.212016   ,  6.96289    ,  0.885463   ,  0.400414   ,  9.51009    ,  0.0215061  ,  0.0634446  ,  3.28672    ])
Iter time: 73.1364200115
Iter time: 140.465315819
Iter time: 240.602694988
112     , -13897.3    , array([ 0.0428689  ,  0.0200525  ,  0.59396    ,  0.216461   ,  6.77404    ,  0.882368   ,  0.382754   ,  4.90477    ,  0.0249624  ,  0.0747487  ,  3.36214    ])
Iter time: 74.5462388992
Iter time: 143.05865407
Iter time: 244.979358912
114     , -13858.3    , array([ 0.0431103  ,  0.020066   ,  0.593489   ,  0.215845   ,  6.79036    ,  0.882728   ,  0.38336    ,  5.09151    ,  0.0248885  ,  0.0740266  ,  3.35754    ])
Iter time: 78.0212678909
Iter time: 149.750726938
Iter time: 256.609462976
116     , -13822.1    , array([ 0.0400229  ,  0.0194805  ,  0.595567   ,  0.213401   ,  6.75432    ,  0.883605   ,  0.381398   ,  5.402      ,  0.0247418  ,  0.0742771  ,  3.35487    ])
Iter time: 75.8011460304
Iter time: 145.48849082
Iter time: 249.390162945
118     , -13807.7    , array([ 0.0437488  ,  0.0203605  ,  0.592417   ,  0.214932   ,  6.78691    ,  0.88261    ,  0.3841     ,  5.32349    ,  0.0244279  ,  0.0733405  ,  3.35128    ])
Iter time: 76.3329999447
Iter time: 146.317687035
Iter time: 250.96051693
120     , -13775.3    , array([ 0.0429758  ,  0.0205746  ,  0.59159    ,  0.215471   ,  6.82867    ,  0.883111   ,  0.386395   ,  5.40506    ,  0.0245549  ,  0.0727327  ,  3.34901    ])
Iter time: 80.5113689899
Iter time: 154.824223042
Iter time: 265.339013815
122     , -13713.2    , array([ 0.0436124  ,  0.0202102  ,  0.591248   ,  0.215393   ,  6.86592    ,  0.883473   ,  0.38555    ,  5.88161    ,  0.0239044  ,  0.071547   ,  3.34178    ])
Iter time: 81.7598598003
Iter time: 157.05547905
Iter time: 269.347558022
124     , -13689.7    , array([ 0.0437581  ,  0.0202236  ,  0.590911   ,  0.215066   ,  6.87764    ,  0.883687   ,  0.385955   ,  6.03195    ,  0.0238253  ,  0.0710904  ,  3.33877    ])
Iter time: 114.893242121
Iter time: 221.928195953
Iter time: 381.294322014
125     , -13306.3    , array([ 0.0500966  ,  0.0214717  ,  0.580383   ,  0.215484   ,  7.20808    ,  0.885705   ,  0.396726   ,  9.6448     ,  0.0208805  ,  0.0622515  ,  3.28284    ])
Iter time: 84.725399971
Iter time: 162.897950888
Iter time: 279.434013844
127     , -13641.3    , array([ 0.0431576  ,  0.0203236  ,  0.590946   ,  0.21815    ,  6.83638    ,  0.882953   ,  0.384682   ,  6.41128    ,  0.0232544  ,  0.0700611  ,  3.32149    ])
Iter time: 84.6169500351
Iter time: 162.791157007
Iter time: 279.305827141
129     , -13628.3    , array([ 0.0446458  ,  0.020467   ,  0.589417   ,  0.214515   ,  6.90913    ,  0.88387    ,  0.387374   ,  6.41833    ,  0.0233577  ,  0.0699528  ,  3.33149    ])
Iter time: 85.487210989
Iter time: 164.301303148
Iter time: 281.862112045
131     , -13607.2    , array([ 0.0443264  ,  0.0205694  ,  0.588907   ,  0.21474    ,  6.93404    ,  0.884155   ,  0.388574   ,  6.51802    ,  0.0233652  ,  0.069539   ,  3.32956    ])
Iter time: 88.3231489658
Iter time: 170.231450081
Iter time: 291.75
133     , -13576.4    , array([ 0.0446865  ,  0.0204028  ,  0.588631   ,  0.214671   ,  6.95605    ,  0.884367   ,  0.388287   ,  6.83112    ,  0.0230297  ,  0.0688807  ,  3.32541    ])
Iter time: 89.505202055
Iter time: 172.389711142
Iter time: 295.448081017
135     , -13561.2    , array([ 0.0448038  ,  0.0204178  ,  0.58836    ,  0.214491   ,  6.96557    ,  0.884505   ,  0.388597   ,  6.95711    ,  0.0229561  ,  0.0685621  ,  3.32331    ])
Iter time: 91.5039610863
Iter time: 176.595937014
Iter time: 302.457172871
137     , -13536.6    , array([ 0.0445711  ,  0.0204725  ,  0.58826    ,  0.215857   ,  6.95056    ,  0.884208   ,  0.388134   ,  7.19921    ,  0.0226661  ,  0.067997   ,  3.31478    ])
Iter time: 91.8954930305
Iter time: 176.909376144
Iter time: 303.687250853
139     , -13526      , array([ 0.0453296  ,  0.0205448  ,  0.587446   ,  0.214112   ,  6.98934    ,  0.884683   ,  0.389525   ,  7.24086    ,  0.0226854  ,  0.0678569  ,  3.31901    ])
Iter time: 92.6488230228
Iter time: 178.463268995
Iter time: 306.318377018
141     , -13512.6    , array([ 0.0452131  ,  0.0205951  ,  0.587126   ,  0.214196   ,  7.00446    ,  0.88485    ,  0.390172   ,  7.33185    ,  0.0226586  ,  0.0675807  ,  3.31757    ])
Iter time: 94.6039400101
Iter time: 182.58762002
Iter time: 312.747583866
143     , -13496.2    , array([ 0.0454206  ,  0.0205202  ,  0.586919   ,  0.21414    ,  7.01778    ,  0.884978   ,  0.390113   ,  7.53005    ,  0.0224787  ,  0.0672018  ,  3.31515    ])
Iter time: 95.5122978687
Iter time: 184.028506041
Iter time: 316.029011011
145     , -13486.2    , array([ 0.0455084  ,  0.0205324  ,  0.586719   ,  0.214034   ,  7.02497    ,  0.885068   ,  0.390338   ,  7.62655    ,  0.0224213  ,  0.0669852  ,  3.31373    ])
Iter time: 107.240832806
Iter time: 206.635205984
Iter time: 355.022880077
146     , -13290.9    , array([ 0.0419318  ,  0.0229218  ,  0.576314   ,  0.218853   ,  7.11912    ,  0.889081   ,  0.396423   ,  8.8925     ,  0.0189814  ,  0.0755468  ,  3.29363    ])
Iter time: 97.132600069
Iter time: 187.221202135
Iter time: 321.842303991
148     , -13461.1    , array([ 0.0450679  ,  0.0207445  ,  0.585845   ,  0.215068   ,  7.02405    ,  0.885252   ,  0.390578   ,  7.82389    ,  0.0219991  ,  0.06746    ,  3.30847    ])
Iter time: 97.6026670933
Iter time: 188.091598034
Iter time: 323.272608995
150     , -13452.8    , array([ 0.0454378  ,  0.0207903  ,  0.585367   ,  0.21424    ,  7.04521    ,  0.885515   ,  0.391326   ,  7.87415    ,  0.0219777  ,  0.0673725  ,  3.3101     ])
Iter time: 98.3289768696
Iter time: 189.517397881
Iter time: 325.575865984
152     , -13444.2    , array([ 0.0453897  ,  0.0208246  ,  0.585127   ,  0.214285   ,  7.05468    ,  0.885629   ,  0.391703   ,  7.94921    ,  0.0219343  ,  0.0672258  ,  3.30905    ])
Iter time: 119.206485987
Iter time: 229.639944077
Iter time: 393.982415199
153     , -13273.1    , array([ 0.0457079  ,  0.0216652  ,  0.579055   ,  0.214633   ,  7.20069    ,  0.88796    ,  0.396685   ,  9.96206    ,  0.0199674  ,  0.0665498  ,  3.2849     ])
Iter time: 101.013328075
Iter time: 194.722583055
Iter time: 334.458129883
156     , -13419.3    , array([ 0.0455453  ,  0.0208577  ,  0.584494   ,  0.214237   ,  7.07462    ,  0.885899   ,  0.392146   ,  8.22668    ,  0.0216803  ,  0.0669102  ,  3.30554    ])
Iter time: 100.111972094
Iter time: 192.704627991
Iter time: 330.834972858
157     , -13246.9    , array([ 0.0412078  ,  0.0243798  ,  0.590331   ,  0.214213   ,  7.05511    ,  0.889229   ,  0.417705   ,  8.26078    ,  0.0191326  ,  0.0623055  ,  3.29143    ])
Iter time: 94.531193018
Iter time: 181.735294104
Iter time: 311.804198027
158     , -13145      , array([ 0.0375458  ,  0.0277847  ,  0.59769    ,  0.214019   ,  6.99533    ,  0.891606   ,  0.441047   ,  7.77757    ,  0.0175392  ,  0.058392   ,  3.28534    ])
Iter time: 117.264288187
Iter time: 226.214712858
Iter time: 388.780776024
159     , -13199.7    , array([ 0.0439044  ,  0.0232638  ,  0.582411   ,  0.213559   ,  7.20258    ,  0.889624   ,  0.409636   ,  9.8289     ,  0.0190013  ,  0.0638195  ,  3.28246    ])
Iter time: 102.349992037
Iter time: 197.348488092
Iter time: 338.864263058
161     , -13375.2    , array([ 0.0448875  ,  0.0214805  ,  0.584611   ,  0.214245   ,  7.08601    ,  0.886661   ,  0.396459   ,  8.39385    ,  0.0210579  ,  0.0663242  ,  3.3015     ])
Iter time: 102.966413975
Iter time: 198.41000104
Iter time: 340.784645081
163     , -13368      , array([ 0.044841   ,  0.0215286  ,  0.584468   ,  0.214266   ,  7.0922     ,  0.886765   ,  0.396868   ,  8.45465    ,  0.0209982  ,  0.0662113  ,  3.30063    ])
Iter time: 117.77888298
Iter time: 227.216005087
Iter time: 390.810952902
164     , -13172      , array([ 0.0429647  ,  0.0238859  ,  0.583122   ,  0.214262   ,  7.1889     ,  0.890069   ,  0.413207   ,  9.87798    ,  0.0185305  ,  0.0634357  ,  3.27812    ])
Iter time: 118.877196074
Iter time: 229.388427973
Iter time: 394.09807992
165     , -13177.4    , array([ 0.0432488  ,  0.0236453  ,  0.582734   ,  0.214257   ,  7.19618    ,  0.889925   ,  0.411798   ,  9.97212    ,  0.0186398  ,  0.0634802  ,  3.27788    ])
Iter time: 104.35302496
Iter time: 200.504052877
Iter time: 345.183689833
167     , -13310.1    , array([ 0.0448462  ,  0.0219045  ,  0.585478   ,  0.211739   ,  7.32406    ,  0.886726   ,  0.407048   ,  8.57567    ,  0.0202171  ,  0.0675456  ,  3.29323    ])
Iter time: 107.277213812
Iter time: 206.938313007
Iter time: 355.319301128
169     , -13307.8    , array([ 0.0443295  ,  0.0221603  ,  0.583888   ,  0.214396   ,  7.11163    ,  0.887764   ,  0.400992   ,  8.89604    ,  0.0202583  ,  0.0652706  ,  3.29387    ])
Iter time: 111.678927898
Iter time: 214.975564957
Iter time: 369.017543077
170     , -13164.5    , array([ 0.042134   ,  0.0215856  ,  0.578361   ,  0.206892   ,  7.33101    ,  0.894379   ,  0.422835   ,  9.16729    ,  0.0194229  ,  0.0652747  ,  3.25508    ])
Iter time: 108.140336037
Iter time: 208.399820089
Iter time: 358.496649027
172     , -13271.6    , array([ 0.0441592  ,  0.0222659  ,  0.583899   ,  0.212602   ,  7.23418    ,  0.888268   ,  0.407312   ,  8.96193    ,  0.0198644  ,  0.0658952  ,  3.28745    ])
Iter time: 118.130466938
Iter time: 227.898072004
Iter time: 391.907541037
173     , -13158.5    , array([ 0.0426224  ,  0.0231362  ,  0.580765   ,  0.212222   ,  7.20168    ,  0.891959   ,  0.415447   ,  9.87316    ,  0.0187375  ,  0.0634244  ,  3.26837    ])
Iter time: 110.734792948
Iter time: 213.489269018
Iter time: 366.135965109
174     , -13133.1    , array([ 0.036624   ,  0.0242046  ,  0.584343   ,  0.210566   ,  7.10416    ,  0.895177   ,  0.423449   ,  9.1455     ,  0.0178248  ,  0.0667264  ,  3.27671    ])
Iter time: 109.264319181
Iter time: 209.438683987
Iter time: 359.171038866
175     , -13049.5    , array([ 0.0313144  ,  0.0256988  ,  0.586334   ,  0.20815    ,  7.05276    ,  0.89995    ,  0.437478   ,  8.90562    ,  0.0164689  ,  0.0690831  ,  3.27365    ])
Iter time: 110.965163946
Iter time: 213.696905851
Iter time: 368.367236137
176     , -13103.7    , array([ 0.0386754  ,  0.0294519  ,  0.58142    ,  0.213296   ,  7.3715     ,  0.898068   ,  0.426357   ,  9.16495    ,  0.0164866  ,  0.066493   ,  3.27048    ])
Iter time: 118.495656013
Iter time: 228.410005093
Iter time: 393.956274986
177     , -13066.2    , array([ 0.0404477  ,  0.0251435  ,  0.589884   ,  0.205668   ,  7.25553    ,  0.89605    ,  0.436388   ,  9.8554     ,  0.0182069  ,  0.05456    ,  3.25943    ])
Iter time: 108.191571951
Iter time: 208.258443832
Iter time: 357.50819397
178     , -13040.3    , array([ 0.039026   ,  0.0255558  ,  0.590205   ,  0.213512   ,  7.31508    ,  0.888635   ,  0.444695   ,  9.01142    ,  0.0166783  ,  0.0661709  ,  3.27187    ])
Iter time: 104.087097168
Iter time: 200.184339046
Iter time: 342.898767948
179     , -12924.1    , array([ 0.0371868  ,  0.0269779  ,  0.596344   ,  0.215284   ,  7.4299     ,  0.884763   ,  0.47127    ,  8.6655     ,  0.0151128  ,  0.0688994  ,  3.26892    ])
Iter time: 104.494858027
Iter time: 200.878712177
Iter time: 344.927758932
180     , -12988.8    , array([ 0.0353472  ,  0.0281512  ,  0.592407   ,  0.209031   ,  7.24453    ,  0.896524   ,  0.458002   ,  8.59461    ,  0.016129   ,  0.0610703  ,  3.26186    ])
Iter time: 114.821861982
Iter time: 221.083902121
Iter time: 380.404742002
181     , -12938.1    , array([ 0.0351358  ,  0.0285851  ,  0.58904    ,  0.210379   ,  7.21287    ,  0.897722   ,  0.455667   ,  9.48133    ,  0.01561    ,  0.0608301  ,  3.25472    ])
Iter time: 104.714071989
Iter time: 201.281224966
Iter time: 345.172485113
182     , -12961.7    , array([ 0.0339368  ,  0.028403   ,  0.591762   ,  0.208865   ,  7.2464     ,  0.897831   ,  0.46194    ,  8.58862    ,  0.015746   ,  0.0622631  ,  3.25464    ])
Iter time: 100.88715291
Iter time: 194.475304842
Iter time: 332.202147007
183     , -12949.2    , array([ 0.0329655  ,  0.0288919  ,  0.593089   ,  0.207223   ,  7.26201    ,  0.898972   ,  0.469216   ,  8.23848    ,  0.0155665  ,  0.0623759  ,  3.25496    ])
Iter time: 99.0414731503
Iter time: 190.046005964
Iter time: 326.427791834
184     , -12915.8    , array([ 0.0316229  ,  0.0296076  ,  0.594524   ,  0.205963   ,  7.28276    ,  0.900454   ,  0.478549   ,  8.04703    ,  0.0151699  ,  0.0622288  ,  3.25054    ])
Iter time: 91.1246788502
Iter time: 174.573848963
Iter time: 298.328788996
185     , -12805.4    , array([ 0.0271298  ,  0.0329636  ,  0.600308   ,  0.201935   ,  7.33015    ,  0.905692   ,  0.514998   ,  7.26306    ,  0.0137256  ,  0.061634   ,  3.23684    ])
Iter time: 101.988656044
Iter time: 196.080607891
Iter time: 335.718984842
186     , -12856.3    , array([ 0.029766   ,  0.0353845  ,  0.60349    ,  0.212361   ,  7.14143    ,  0.898166   ,  0.484723   ,  8.31145    ,  0.0135875  ,  0.0598479  ,  3.27021    ])
Iter time: 93.1245191097
Iter time: 178.19254899
Iter time: 305.155326128
187     , -12817.1    , array([ 0.0275655  ,  0.0356643  ,  0.605201   ,  0.207053   ,  7.25859    ,  0.901739   ,  0.507371   ,  7.47938    ,  0.0132852  ,  0.0609472  ,  3.25724    ])
Iter time: 116.014008999
Iter time: 222.868417025
Iter time: 383.093047142
188     , -12753.9    , array([ 0.0295831  ,  0.0310766  ,  0.589401   ,  0.204082   ,  7.52306    ,  0.903951   ,  0.490252   ,  9.42737    ,  0.0134938  ,  0.0667173  ,  3.23536    ])
Iter time: 99.2730951309
Iter time: 190.294424057
Iter time: 325.897377014
190     , -12741.4    , array([ 0.0273533  ,  0.0296051  ,  0.607397   ,  0.203137   ,  7.16562    ,  0.898513   ,  0.520184   ,  8.04143    ,  0.0138419  ,  0.0586249  ,  3.24368    ])
Iter time: 94.4141681194
Iter time: 180.315504074
Iter time: 307.996271133
191     , -12583.9    , array([ 0.0230037  ,  0.0296819  ,  0.620817   ,  0.198241   ,  7.06485    ,  0.898736   ,  0.574577   ,  7.53243    ,  0.0126831  ,  0.0550473  ,  3.23037    ])
Iter time: 89.6569890976
Iter time: 171.401686907
Iter time: 292.235207081
192     , -12700.3    , array([ 0.0236041  ,  0.0357402  ,  0.604271   ,  0.209267   ,  7.24499    ,  0.901027   ,  0.534295   ,  7.12138    ,  0.0117366  ,  0.0715625  ,  3.24938    ])
Iter time: 93.6044371128
Iter time: 179.31795001
Iter time: 306.605648041
193     , -12636.4    , array([ 0.0289613  ,  0.0371291  ,  0.61127    ,  0.206973   ,  7.48982    ,  0.897317   ,  0.552692   ,  7.56693    ,  0.0122001  ,  0.0568817  ,  3.2309     ])
Iter time: 95.6835300922
Iter time: 182.930343866
Iter time: 312.720244884
194     , -12631.9    , array([ 0.0247441  ,  0.0356441  ,  0.608461   ,  0.205731   ,  7.33583    ,  0.900891   ,  0.546275   ,  7.66129    ,  0.0118407  ,  0.0635191  ,  3.23695    ])
Iter time: 93.9316749573
Iter time: 179.461194038
Iter time: 306.775410175
195     , -12601      , array([ 0.0243338  ,  0.0368173  ,  0.612215   ,  0.205329   ,  7.35031    ,  0.900136   ,  0.558385   ,  7.50901    ,  0.0115161  ,  0.0625288  ,  3.24092    ])
Iter time: 96.3195540905
Iter time: 183.778765202
Iter time: 314.028991938
196     , -12548.9    , array([ 0.0237055  ,  0.0378251  ,  0.61438    ,  0.20661    ,  7.35064    ,  0.899205   ,  0.567395   ,  7.69729    ,  0.0110277  ,  0.0624435  ,  3.23806    ])
Iter time: 82.5933799744
Iter time: 156.846144915
Iter time: 267.956975937
198     , -12530.5    , array([ 0.0207055  ,  0.0402285  ,  0.623358   ,  0.202843   ,  7.42623    ,  0.900728   ,  0.608031   ,  6.43955    ,  0.0103237  ,  0.0643359  ,  3.23528    ])
Iter time: 99.117978096
Iter time: 190.188063145
Iter time: 325.776536942
201     , -12794.3    , array([ 0.0308386  ,  0.0308006  ,  0.602343   ,  0.210316   ,  7.37396    ,  0.892689   ,  0.503858   ,  8.11834    ,  0.0136132  ,  0.0654482  ,  3.2554     ])
Iter time: 88.1904528141
Iter time: 167.90495801
Iter time: 286.239666939
202     , -12501.7    , array([ 0.0221144  ,  0.0340766  ,  0.613141   ,  0.198437   ,  7.54366    ,  0.902211   ,  0.602916   ,  6.93025    ,  0.0110702  ,  0.065641   ,  3.21125    ])
Iter time: 95.2369961739
Iter time: 181.704338074
Iter time: 310.363405943
204     , -12466.5    , array([ 0.0229419  ,  0.0335305  ,  0.612859   ,  0.201958   ,  7.47407    ,  0.898722   ,  0.594359   ,  7.59519    ,  0.0109528  ,  0.0653323  ,  3.21572    ])
Iter time: 98.0175609589
Iter time: 187.330518007
Iter time: 320.004353046
206     , -12419.2    , array([ 0.0226105  ,  0.0363903  ,  0.620182   ,  0.20708    ,  7.42731    ,  0.893543   ,  0.601015   ,  7.88525    ,  0.0101752  ,  0.0652924  ,  3.23213    ])
Iter time: 96.9775679111
Iter time: 185.116729021
Iter time: 317.097925901
209     , -12681.8    , array([ 0.0272496  ,  0.0329099  ,  0.607046   ,  0.207237   ,  7.37868    ,  0.896176   ,  0.533713   ,  7.82785    ,  0.012517   ,  0.0644277  ,  3.24387    ])
Iter time: 103.687243223
Iter time: 198.575581074
Iter time: 340.066921949
211     , -12653.8    , array([ 0.0265896  ,  0.0331433  ,  0.601294   ,  0.204285   ,  7.44634    ,  0.901457   ,  0.528494   ,  8.36438    ,  0.0124196  ,  0.0649462  ,  3.23425    ])
Iter time: 98.8907120228
Iter time: 189.143311024
Iter time: 323.493532896
212     , -12432.6    , array([ 0.0247275  ,  0.0344826  ,  0.622165   ,  0.198946   ,  7.53547    ,  0.896993   ,  0.606288   ,  7.96329    ,  0.0112482  ,  0.0548772  ,  3.21427    ])
Iter time: 92.2001590729
Iter time: 175.695144176
Iter time: 299.443103075
213     , -12411.9    , array([ 0.0210445  ,  0.0377673  ,  0.622098   ,  0.199409   ,  7.42728    ,  0.901999   ,  0.621182   ,  7.26723    ,  0.0103438  ,  0.0592019  ,  3.21437    ])
Iter time: 84.3839039803
Iter time: 160.352131128
Iter time: 273.263789177
215     , -12411.5    , array([ 0.0206689  ,  0.0384026  ,  0.631944   ,  0.201403   ,  7.35636    ,  0.896813   ,  0.646021   ,  6.62941    ,  0.0100841  ,  0.0577487  ,  3.22031    ])
Iter time: 92.9955470562
Iter time: 177.753694057
Iter time: 303.82849288
218     , -12567.3    , array([ 0.02566    ,  0.0364512  ,  0.614773   ,  0.204642   ,  7.4393     ,  0.898201   ,  0.572326   ,  7.46149    ,  0.0115839  ,  0.0590621  ,  3.2286     ])
Iter time: 88.9816088676
Iter time: 169.369608879
Iter time: 288.715037107
219     , -12368.7    , array([ 0.0210277  ,  0.0360744  ,  0.62947    ,  0.198807   ,  7.4618     ,  0.896796   ,  0.648448   ,  7.03195    ,  0.0101764  ,  0.0584307  ,  3.2142     ])
Iter time: 89.7298460007
Iter time: 170.793046951
Iter time: 291.222054005
221     , -12355.3    , array([ 0.020822   ,  0.0347957  ,  0.62878    ,  0.198031   ,  7.4675     ,  0.896941   ,  0.651868   ,  7.08943    ,  0.0102306  ,  0.058629   ,  3.20543    ])
Iter time: 92.6922659874
Iter time: 177.104465961
Iter time: 302.266398907
224     , -12517.7    , array([ 0.0226524  ,  0.0328306  ,  0.620989   ,  0.199927   ,  7.25297    ,  0.898555   ,  0.59216    ,  7.39298    ,  0.0116191  ,  0.0578976  ,  3.22561    ])
Iter time: 92.2049920559
Iter time: 175.925400019
Iter time: 301.257099867
226     , -12506.9    , array([ 0.0237894  ,  0.0362095  ,  0.618241   ,  0.202914   ,  7.43412    ,  0.898304   ,  0.591915   ,  7.355      ,  0.0111057  ,  0.0599175  ,  3.22459    ])
Iter time: 86.4323780537
Iter time: 164.159702063
Iter time: 281.647505045
227     , -12356.4    , array([ 0.0205329  ,  0.0339344  ,  0.629884   ,  0.19529    ,  7.52353    ,  0.897444   ,  0.665586   ,  6.77252    ,  0.0102931  ,  0.0587287  ,  3.20079    ])
Iter time: 101.401417971
Iter time: 193.756247997
Iter time: 331.381006956
228     , -12335.6    , array([ 0.0234721  ,  0.0309351  ,  0.621988   ,  0.197549   ,  7.4646     ,  0.895332   ,  0.631401   ,  8.16983    ,  0.0109891  ,  0.056064   ,  3.19729    ])
Iter time: 112.75545907
Iter time: 216.017976046
Iter time: 370.665301085
229     , -12249.7    , array([ 0.0249911  ,  0.0271276  ,  0.621305   ,  0.194954   ,  7.48386    ,  0.892646   ,  0.643421   ,  9.20221    ,  0.0113376  ,  0.0523358  ,  3.17847    ])
Iter time: 92.8926680088
Iter time: 177.328415155
Iter time: 302.705798864
231     , -12460.3    , array([ 0.0224469  ,  0.033738   ,  0.621845   ,  0.199824   ,  7.35902    ,  0.898021   ,  0.608018   ,  7.39603    ,  0.0111122  ,  0.0586977  ,  3.21876    ])
Iter time: 93.9013559818
Iter time: 178.956624031
Iter time: 305.308112144
232     , -12296.4    , array([ 0.0205791  ,  0.0327728  ,  0.627857   ,  0.19603    ,  7.48544    ,  0.896621   ,  0.661679   ,  7.45094    ,  0.0101709  ,  0.0588822  ,  3.19826    ])
Iter time: 99.4272959232
Iter time: 189.84835887
Iter time: 324.54163003
233     , -12265.8    , array([ 0.0218502  ,  0.0345781  ,  0.635815   ,  0.200009   ,  7.36637    ,  0.891729   ,  0.660683   ,  8.01246    ,  0.0100476  ,  0.0526966  ,  3.20918    ])
Iter time: 94.5981309414
Iter time: 180.476452112
Iter time: 308.103698969
235     , -12413.8    , array([ 0.022407   ,  0.0339736  ,  0.619625   ,  0.200497   ,  7.45935    ,  0.897519   ,  0.615425   ,  7.54143    ,  0.0107057  ,  0.0613847  ,  3.21267    ])
Iter time: 93.4409029484
Iter time: 178.285451889
Iter time: 305.014810801
237     , -12408.8    , array([ 0.0221622  ,  0.0340893  ,  0.62405    ,  0.199465   ,  7.40627    ,  0.897147   ,  0.622799   ,  7.44849    ,  0.010765   ,  0.0583029  ,  3.21391    ])
Iter time: 96.2643220425
Iter time: 183.807408094
Iter time: 313.976375818
239     , -12393.7    , array([ 0.0231453  ,  0.0344455  ,  0.624296   ,  0.19905    ,  7.48865    ,  0.89664    ,  0.622673   ,  7.70541    ,  0.0108091  ,  0.056529   ,  3.21165    ])
Iter time: 89.3770411015
Iter time: 169.938022852
Iter time: 289.90547514
240     , -12301.5    , array([ 0.0208462  ,  0.0322112  ,  0.633512   ,  0.190158   ,  7.46811    ,  0.899605   ,  0.684844   ,  7.02038    ,  0.0107207  ,  0.0505893  ,  3.18243    ])
Iter time: 91.4938251972
Iter time: 174.143806934
Iter time: 297.000861168
241     , -12277.6    , array([ 0.0207611  ,  0.03417    ,  0.636642   ,  0.194521   ,  7.43762    ,  0.895997   ,  0.681932   ,  7.24551    ,  0.0101921  ,  0.0519503  ,  3.19621    ])
Iter time: 93.8339810371
Iter time: 178.943487883
Iter time: 305.498478174
242     , -12257.3    , array([ 0.0220508  ,  0.0301833  ,  0.636781   ,  0.194702   ,  7.47163    ,  0.890466   ,  0.687171   ,  7.5148     ,  0.0105203  ,  0.0526012  ,  3.19123    ])
Iter time: 104.490036011
Iter time: 199.924516916
Iter time: 341.490320206
243     , -12232      , array([ 0.0227173  ,  0.0284122  ,  0.627729   ,  0.191591   ,  7.56502    ,  0.89446    ,  0.66821    ,  8.42772    ,  0.0108747  ,  0.0530172  ,  3.18009    ])
Iter time: 116.564280987
Iter time: 223.615067959
Iter time: 382.57873702
244     , -12153.2    , array([ 0.0238164  ,  0.0244386  ,  0.625632   ,  0.186865   ,  7.67155    ,  0.893286   ,  0.679589   ,  9.50227    ,  0.011293   ,  0.0507989  ,  3.16017    ])
Iter time: 97.9239029884
Iter time: 186.85000205
Iter time: 319.256330013
245     , -12183.1    , array([ 0.0214657  ,  0.0301278  ,  0.635963   ,  0.191171   ,  7.56226    ,  0.893426   ,  0.704211   ,  7.84054    ,  0.0102759  ,  0.0512141  ,  3.17667    ])
Iter time: 95.7688910961
Iter time: 182.401216984
Iter time: 311.222510099
246     , -12164.7    , array([ 0.0202743  ,  0.029099   ,  0.637855   ,  0.190168   ,  7.49239    ,  0.893347   ,  0.720291   ,  7.6031     ,  0.0101403  ,  0.0518814  ,  3.17258    ])
Iter time: 104.821080923
Iter time: 200.420060873
Iter time: 342.468008995
247     , -12150      , array([ 0.0221685  ,  0.0267204  ,  0.634137   ,  0.188869   ,  7.52495    ,  0.892566   ,  0.705001   ,  8.4504     ,  0.0107638  ,  0.0491196  ,  3.16256    ])
Iter time: 114.080520868
Iter time: 218.713824034
Iter time: 374.200863123
248     , -12050.1    , array([ 0.0227619  ,  0.0229967  ,  0.636483   ,  0.184088   ,  7.55673    ,  0.890459   ,  0.7351     ,  9.26357    ,  0.0110702  ,  0.0450362  ,  3.13706    ])
Iter time: 113.695647001
Iter time: 217.744956017
Iter time: 372.83224988
249     , -12112.9    , array([ 0.0231322  ,  0.0264654  ,  0.634922   ,  0.190216   ,  7.46919    ,  0.890655   ,  0.699365   ,  9.28828    ,  0.0107836  ,  0.0465676  ,  3.16423    ])
Iter time: 114.113981962
Iter time: 218.7300179
Iter time: 374.578166008
250     , -12067.4    , array([ 0.0232515  ,  0.0245576  ,  0.637162   ,  0.186215   ,  7.52553    ,  0.890016   ,  0.723273   ,  9.31977    ,  0.0109538  ,  0.0447337  ,  3.15222    ])
Iter time: 120.149529934
Iter time: 230.328963041
Iter time: 394.559299946
251     , -12086.6    , array([ 0.0236903  ,  0.0252512  ,  0.633064   ,  0.193188   ,  7.53541    ,  0.885654   ,  0.695315   ,  9.90897    ,  0.010494   ,  0.0506961  ,  3.16949    ])
Iter time: 119.338408947
Iter time: 229.181483984
Iter time: 392.110697031
252     , -12045      , array([ 0.02462    ,  0.0236694  ,  0.639725   ,  0.186903   ,  7.52706    ,  0.886614   ,  0.726174   ,  9.83309    ,  0.0111243  ,  0.0423867  ,  3.14863    ])
Iter time: 99.3669579029
Iter time: 189.654397011
Iter time: 324.286312103
255     , -12208.5    , array([ 0.0217856  ,  0.0303389  ,  0.63534    ,  0.19261    ,  7.47591    ,  0.89337    ,  0.689499   ,  7.98524    ,  0.0104536  ,  0.0504756  ,  3.18259    ])
Iter time: 119.25683403
Iter time: 228.664984941
Iter time: 391.508224964
256     , -12027.4    , array([ 0.0239049  ,  0.0204918  ,  0.632187   ,  0.180618   ,  7.68597    ,  0.890071   ,  0.741361   ,  9.66005    ,  0.0115242  ,  0.0452862  ,  3.12464    ])
Iter time: 102.193547964
Iter time: 195.393270016
Iter time: 332.717813015
259     , -12186.1    , array([ 0.0225316  ,  0.0278506  ,  0.635179   ,  0.191714   ,  7.50765    ,  0.890665   ,  0.695884   ,  8.22436    ,  0.0106839  ,  0.0503476  ,  3.17586    ])
Iter time: 107.214735985
Iter time: 204.882892847
Iter time: 350.113437176
260     , -11994.1    , array([ 0.0208138  ,  0.0244607  ,  0.6487     ,  0.182233   ,  7.6087     ,  0.888726   ,  0.782908   ,  8.62605    ,  0.010272   ,  0.0440623  ,  3.14229    ])
Iter time: 105.016866922
Iter time: 200.337216854
Iter time: 343.030395985
263     , -12150      , array([ 0.0222442  ,  0.0276833  ,  0.635699   ,  0.190058   ,  7.5169     ,  0.891815   ,  0.703601   ,  8.46435    ,  0.0106129  ,  0.04893    ,  3.1696     ])
Iter time: 120.405234098
Iter time: 231.008180141
Iter time: 395.97120595
264     , -11999.7    , array([ 0.0228417  ,  0.0228857  ,  0.637031   ,  0.183166   ,  7.61061    ,  0.890068   ,  0.742288   ,  9.83938    ,  0.0108527  ,  0.0444532  ,  3.13647    ])
Iter time: 105.140923023
Iter time: 200.686834097
Iter time: 343.53045392
266     , -12127      , array([ 0.0221299  ,  0.0272368  ,  0.636082   ,  0.188904   ,  7.5628     ,  0.891742   ,  0.713129   ,  8.48542    ,  0.0105452  ,  0.0489069  ,  3.16454    ])
Iter time: 104.267568111
Iter time: 199.261081934
Iter time: 340.535032034
268     , -12115.6    , array([ 0.0215928  ,  0.0266873  ,  0.636947   ,  0.188351   ,  7.53098    ,  0.89163    ,  0.720897   ,  8.39776    ,  0.0104941  ,  0.0490926  ,  3.16214    ])
Iter time: 108.850811005
Iter time: 208.153195143
Iter time: 356.053188086
269     , -11989.9    , array([ 0.0218135  ,  0.024908   ,  0.648733   ,  0.186505   ,  7.44427    ,  0.88626    ,  0.774267   ,  8.85292    ,  0.0103055  ,  0.042217   ,  3.14366    ])
Iter time: 108.753684998
Iter time: 208.710205078
Iter time: 356.14477396
272     , -12101.1    , array([ 0.0224969  ,  0.0260093  ,  0.636975   ,  0.188203   ,  7.53362    ,  0.890537   ,  0.717525   ,  8.829      ,  0.0106858  ,  0.0472835  ,  3.15956    ])
Iter time: 109.161777973
Iter time: 208.839916945
Iter time: 357.448642969
274     , -12088.6    , array([ 0.0224558  ,  0.0257446  ,  0.637208   ,  0.187599   ,  7.55526    ,  0.890446   ,  0.722568   ,  8.85594    ,  0.0106581  ,  0.0471999  ,  3.15681    ])
Iter time: 108.943572998
Iter time: 208.633418083
Iter time: 356.545445919
276     , -12081.7    , array([ 0.0222212  ,  0.025442   ,  0.637653   ,  0.18729    ,  7.54046    ,  0.890336   ,  0.72657    ,  8.83138    ,  0.0106397  ,  0.047205   ,  3.15537    ])
Iter time: 113.611623049
Iter time: 217.525981903
Iter time: 372.280476093
277     , -11986.1    , array([ 0.022442   ,  0.0220699  ,  0.642316   ,  0.181823   ,  7.64476    ,  0.887378   ,  0.772097   ,  9.20171    ,  0.0107648  ,  0.0443516  ,  3.13149    ])
Iter time: 114.32446909
Iter time: 218.746001959
Iter time: 374.393734932
278     , -11932.1    , array([ 0.0221047  ,  0.020154   ,  0.646046   ,  0.177767   ,  7.73409    ,  0.885744   ,  0.811253   ,  9.15873    ,  0.0107553  ,  0.0432835  ,  3.11524    ])
Iter time: 119.748176813
Iter time: 228.78122592
Iter time: 391.758934975
279     , -11962.4    , array([ 0.023002   ,  0.0214394  ,  0.641894   ,  0.181872   ,  7.61565    ,  0.886626   ,  0.769544   ,  9.74514    ,  0.0108761  ,  0.0429837  ,  3.12807    ])
Iter time: 121.020059109
Iter time: 231.91148901
Iter time: 397.133836031
280     , -11952.2    , array([ 0.0231451  ,  0.020951   ,  0.642515   ,  0.181432   ,  7.60484    ,  0.886024   ,  0.772974   ,  9.88598    ,  0.0109446  ,  0.0423335  ,  3.12559    ])
Iter time: 111.330745935
Iter time: 212.946613073
Iter time: 364.223003864
281     , -11947.6    , array([ 0.0218463  ,  0.0206475  ,  0.648466   ,  0.174183   ,  7.63761    ,  0.890885   ,  0.818885   ,  8.83167    ,  0.011201   ,  0.0381431  ,  3.10519    ])
Iter time: 121.891706944
Iter time: 233.715526819
Iter time: 400.391165972
282     , -11912.7    , array([ 0.0232187  ,  0.0197293  ,  0.64577    ,  0.177314   ,  7.65028    ,  0.886299   ,  0.800888   ,  9.90935    ,  0.0111514  ,  0.0394068  ,  3.11002    ])
Iter time: 117.983434916
Iter time: 226.164494991
Iter time: 387.147037029
284     , -11902.2    , array([ 0.0221841  ,  0.0196422  ,  0.647847   ,  0.176756   ,  7.6884     ,  0.885944   ,  0.819589   ,  9.49537    ,  0.0108669  ,  0.0406362  ,  3.10551    ])
Iter time: 120.947896957
Iter time: 231.652045012
Iter time: 396.22230196
285     , -11833.1    , array([ 0.0216689  ,  0.0175668  ,  0.653256   ,  0.172208   ,  7.77114    ,  0.883915   ,  0.872454   ,  9.5844     ,  0.0108237  ,  0.0387304  ,  3.08241    ])
Iter time: 118.57692194
Iter time: 227.322985888
Iter time: 390.186337948
286     , -11874.5    , array([ 0.0224595  ,  0.0199729  ,  0.651612   ,  0.176644   ,  7.6957     ,  0.884316   ,  0.831914   ,  9.6123     ,  0.0107087  ,  0.0392713  ,  3.11056    ])
Iter time: 114.853394985
Iter time: 219.706651926
Iter time: 377.111824036
287     , -11864.6    , array([ 0.0204206  ,  0.0188153  ,  0.650484   ,  0.172206   ,  7.75723    ,  0.887732   ,  0.863213   ,  9.01826    ,  0.0105831  ,  0.0411508  ,  3.09228    ])
Iter time: 112.618751049
Iter time: 215.365865946
Iter time: 368.123849154
288     , -11840.7    , array([ 0.0204375  ,  0.0213982  ,  0.661663   ,  0.17666    ,  7.6096     ,  0.883862   ,  0.869252   ,  9.06577    ,  0.0100589  ,  0.0378514  ,  3.11013    ])
Iter time: 111.62607193
Iter time: 213.310198069
Iter time: 365.059298038
289     , -11853.5    , array([ 0.0209607  ,  0.0189273  ,  0.661178   ,  0.173061   ,  7.68476    ,  0.88274    ,  0.893451   ,  8.769      ,  0.0105348  ,  0.0374499  ,  3.09366    ])
Iter time: 111.554247856
Iter time: 212.812551022
Iter time: 364.115193129
291     , -11946.8    , array([ 0.0213475  ,  0.0223015  ,  0.649408   ,  0.179703   ,  7.63158    ,  0.887288   ,  0.803292   ,  8.95798    ,  0.0104922  ,  0.0420884  ,  3.12639    ])
Iter time: 125.118307114
Iter time: 239.66087985
Iter time: 410.353837013
292     , -11822.8    , array([ 0.0218906  ,  0.016268   ,  0.651627   ,  0.16724    ,  7.90635    ,  0.885631   ,  0.883257   ,  9.79627    ,  0.0111816  ,  0.0382635  ,  3.07476    ])
Iter time: 114.709756851
Iter time: 219.433320999
Iter time: 373.496925116
294     , -11827.7    , array([ 0.0205735  ,  0.0179748  ,  0.660374   ,  0.168905   ,  7.78123    ,  0.885085   ,  0.911227   ,  8.90785    ,  0.0106485  ,  0.0367945  ,  3.08044    ])
Iter time: 112.289840221
Iter time: 214.645519018
Iter time: 366.629211903
295     , -11822.1    , array([ 0.0200131  ,  0.0178885  ,  0.663032   ,  0.167126   ,  7.82485    ,  0.885516   ,  0.934734   ,  8.61617    ,  0.0105292  ,  0.0364192  ,  3.07474    ])
Iter time: 110.283006191
Iter time: 210.424288988
Iter time: 359.362535954
296     , -11794      , array([ 0.0186098  ,  0.0165295  ,  0.673535   ,  0.160402   ,  7.93723    ,  0.885263   ,  1.0279     ,  8.0438     ,  0.0103274  ,  0.0337795  ,  3.04963    ])
Iter time: 120.075624943
Iter time: 229.836521149
Iter time: 393.9214499
297     , -11773.3    , array([ 0.0205937  ,  0.0174319  ,  0.661494   ,  0.171492   ,  7.84598    ,  0.879671   ,  0.919561   ,  9.48228    ,  0.0101374  ,  0.0395371  ,  3.08479    ])
Iter time: 123.468180895
Iter time: 235.802634001
Iter time: 403.552442074
299     , -11757.8    , array([ 0.0209375  ,  0.0154322  ,  0.662753   ,  0.164817   ,  7.89184    ,  0.881854   ,  0.960737   ,  9.44577    ,  0.0107547  ,  0.0354259  ,  3.05642    ])
Iter time: 132.437601089
Iter time: 253.764421225
Iter time: 434.761104822
300     , -11696.3    , array([ 0.0207355  ,  0.0128373  ,  0.669527   ,  0.157843   ,  8.02529    ,  0.879149   ,  1.05068    ,  9.69953    ,  0.0108884  ,  0.0325013  ,  3.02202    ])
Iter time: 122.566930056
Iter time: 233.918323994
Iter time: 399.46664381
301     , -11723.3    , array([ 0.0199866  ,  0.015732   ,  0.670541   ,  0.16305    ,  7.83974    ,  0.882191   ,  0.997108   ,  9.33559    ,  0.0105151  ,  0.0326993  ,  3.05046    ])
Iter time: 116.693969011
Iter time: 222.484241009
Iter time: 380.658628941
302     , -11736.4    , array([ 0.0185161  ,  0.0154226  ,  0.675433   ,  0.160992   ,  7.96096    ,  0.880894   ,  1.05107    ,  8.53536    ,  0.0100338  ,  0.0347181  ,  3.04486    ])
Iter time: 119.764631987
Iter time: 228.750993967
Iter time: 390.517884016
303     , -11743.6    , array([ 0.0184817  ,  0.0145349  ,  0.673762   ,  0.1589     ,  7.96288    ,  0.882247   ,  1.05581    ,  8.61107    ,  0.0103257  ,  0.034066   ,  3.03254    ])
Iter time: 122.014458895
Iter time: 233.544488192
Iter time: 399.328982115
304     , -11709.3    , array([ 0.0199617  ,  0.0147217  ,  0.679259   ,  0.160629   ,  7.9374     ,  0.877863   ,  1.05548    ,  9.10151    ,  0.0104016  ,  0.0314122  ,  3.03966    ])
Iter time: 127.350385904
Iter time: 244.025268078
Iter time: 416.957251072
305     , -11689      , array([ 0.0192754  ,  0.013981   ,  0.671559   ,  0.157684   ,  8.05951    ,  0.881938   ,  1.05114    ,  9.42378    ,  0.0104252  ,  0.0334307  ,  3.0286     ])
Iter time: 137.804363966
Iter time: 264.352210999
Iter time: 451.909618139
306     , -11630.6    , array([ 0.0184843  ,  0.0120162  ,  0.676811   ,  0.150516   ,  8.25368    ,  0.881537   ,  1.14013    ,  9.76928    ,  0.0103708  ,  0.0315859  ,  2.99659    ])
Iter time: 138.420162916
Iter time: 263.624764919
Iter time: 451.563235998
307     , -11715.4    , array([ 0.0194111  ,  0.0111348  ,  0.673834   ,  0.150039   ,  8.26024    ,  0.880398   ,  1.13502    ,  9.24       ,  0.0109792  ,  0.0320055  ,  2.99226    ])
Iter time: 127.64074707
Iter time: 243.980490923
Iter time: 416.707195044
308     , -11689.2    , array([ 0.0179453  ,  0.0124844  ,  0.686366   ,  0.150108   ,  8.17879    ,  0.879707   ,  1.18626    ,  8.68204    ,  0.0102299  ,  0.0302131  ,  3.00292    ])
Iter time: 136.794203997
Iter time: 261.876825094
Iter time: 447.519618034
309     , -11657.6    , array([ 0.018437   ,  0.0114187  ,  0.68375    ,  0.149796   ,  8.24252    ,  0.87757    ,  1.19159    ,  9.29794    ,  0.0103227  ,  0.0306833  ,  2.99094    ])
Iter time: 124.796756983
Iter time: 238.325382948
Iter time: 407.58491993
311     , -11754.2    , array([ 0.0204875  ,  0.0150228  ,  0.663165   ,  0.162286   ,  7.97236    ,  0.883106   ,  0.972506   ,  9.41976    ,  0.0107881  ,  0.0354981  ,  3.05116    ])
Iter time: 117.797186136
Iter time: 225.250046015
Iter time: 385.968341112
313     , -11746.3    , array([ 0.0189727  ,  0.0150774  ,  0.673745   ,  0.159018   ,  7.98952    ,  0.882824   ,  1.04648    ,  8.5972     ,  0.0103884  ,  0.0334287  ,  3.03874    ])
Iter time: 139.019237041
Iter time: 265.803399086
Iter time: 455.851444006
314     , -11706.9    , array([ 0.0178987  ,  0.0105677  ,  0.688945   ,  0.142942   ,  8.27046    ,  0.881688   ,  1.26372    ,  8.74692    ,  0.0108199  ,  0.0268481  ,  2.96391    ])
Iter time: 132.370929003
Iter time: 254.28305006
Iter time: 432.856906176
315     , -11677.5    , array([ 0.0175549  ,  0.0115027  ,  0.691992   ,  0.147605   ,  8.19386    ,  0.878002   ,  1.2532     ,  8.68714    ,  0.0101727  ,  0.0284224  ,  2.98081    ])
Iter time: 141.474236965
Iter time: 271.315985918
Iter time: 462.873486996
316     , -11648.2    , array([ 0.0186908  ,  0.0109108  ,  0.684442   ,  0.148612   ,  8.21389    ,  0.877407   ,  1.20342    ,  9.53633    ,  0.0105238  ,  0.0293046  ,  2.98255    ])
Iter time: 143.365386009
Iter time: 274.213355064
Iter time: 469.506365061
317     , -11632.3    , array([ 0.0192265  ,  0.010743   ,  0.686384   ,  0.146923   ,  8.28801    ,  0.877103   ,  1.2215     ,  9.69929    ,  0.0106244  ,  0.0279799  ,  2.97962    ])
Iter time: 124.120963097
Iter time: 237.33529377
Iter time: 406.748907089
319     , -11700.8    , array([ 0.0187145  ,  0.013656   ,  0.67823    ,  0.156189   ,  8.05671    ,  0.88011    ,  1.10002    ,  8.8835     ,  0.0102782  ,  0.0324198  ,  3.02237    ])
Iter time: 153.464131117
Iter time: 294.22318387
Iter time: 502.154062986
320     , -11696.4    , array([ 0.0176883  ,  0.00905786 ,  0.693137   ,  0.139727   ,  8.52223    ,  0.876096   ,  1.3532     ,  9.07465    ,  0.0104985  ,  0.0279842  ,  2.94551    ])
Iter time: 136.178729057
Iter time: 261.235499144
Iter time: 446.573225021
322     , -11691.5    , array([ 0.0190237  ,  0.0114214  ,  0.678649   ,  0.150002   ,  8.22861    ,  0.879572   ,  1.15744    ,  9.21451    ,  0.0107186  ,  0.0309261  ,  2.99275    ])
Iter time: 157.265759945
Iter time: 300.344496965
Iter time: 513.253605127
323     , -11676.3    , array([ 0.0172618  ,  0.00890236 ,  0.687651   ,  0.138276   ,  8.52094    ,  0.879942   ,  1.3422     ,  9.29836    ,  0.0105846  ,  0.0283477  ,  2.93921    ])
Iter time: 136.961195946
Iter time: 262.153040886
Iter time: 448.349627018
324     , -11633.4    , array([ 0.0191251  ,  0.0120211  ,  0.677751   ,  0.154451   ,  8.22228    ,  0.875809   ,  1.13338    ,  9.78346    ,  0.0101348  ,  0.0334961  ,  3.00974    ])
Iter time: 157.243785858
Iter time: 301.225706816
Iter time: 515.52838397
325     , -11641.3    , array([ 0.0183636  ,  0.00908927 ,  0.68837    ,  0.141064   ,  8.4717     ,  0.876598   ,  1.30913    ,  9.80355    ,  0.0106417  ,  0.0279047  ,  2.94928    ])
Iter time: 130.622143984
Iter time: 249.744325876
Iter time: 427.672722101
326     , -11663.2    , array([ 0.0195619  ,  0.013712   ,  0.672721   ,  0.157958   ,  8.00028    ,  0.880707   ,  1.05781    ,  9.73281    ,  0.0104441  ,  0.032311   ,  3.02694    ])
Iter time: 135.525715113
Iter time: 259.264777899
Iter time: 443.952516079
328     , -11668.9    , array([ 0.0195876  ,  0.0119969  ,  0.676304   ,  0.153138   ,  8.13923    ,  0.878844   ,  1.12153    ,  9.54905    ,  0.0106576  ,  0.0312536  ,  3.00415    ])
Iter time: 141.388247967
Iter time: 270.963399887
Iter time: 462.044749975
329     , -11607.3    , array([ 0.0180928  ,  0.0111044  ,  0.687245   ,  0.147712   ,  8.26462    ,  0.877376   ,  1.23117    ,  9.65344    ,  0.0101419  ,  0.0292622  ,  2.9821     ])
Iter time: 133.658196926
Iter time: 255.946557999
Iter time: 436.961496115
332     , -11664.6    , array([ 0.0182532  ,  0.0117944  ,  0.684687   ,  0.14937    ,  8.21652    ,  0.878984   ,  1.19201    ,  9.09271    ,  0.0103236  ,  0.030104   ,  2.99421    ])
Iter time: 136.510354042
Iter time: 264.616180182
Iter time: 446.579643965
334     , -11657.9    , array([ 0.0180856  ,  0.011334   ,  0.687156   ,  0.148199   ,  8.22512    ,  0.878176   ,  1.22239    ,  9.11426    ,  0.0103015  ,  0.0292747  ,  2.98378    ])
Iter time: 128.118863821
Iter time: 244.63162899
Iter time: 419.720659971
335     , -11664.8    , array([ 0.0202825  ,  0.0146388  ,  0.67701    ,  0.162145   ,  7.94903    ,  0.876443   ,  1.04135    ,  9.7982     ,  0.0102311  ,  0.0322602  ,  3.04338    ])
Iter time: 139.832746983
Iter time: 267.707407951
Iter time: 458.302633047
336     , -11611.6    , array([ 0.0179879  ,  0.0112631  ,  0.6885     ,  0.147939   ,  8.28613    ,  0.877101   ,  1.22955    ,  9.58576    ,  0.0100859  ,  0.0294299  ,  2.98462    ])
Iter time: 158.677042007
Iter time: 302.640440941
Iter time: 517.491899967
337     , -11671.1    , array([ 0.0169965  ,  0.00880077 ,  0.689889   ,  0.137411   ,  8.5487     ,  0.879624   ,  1.36483    ,  9.30485    ,  0.010479   ,  0.0280396  ,  2.93572    ])
Iter time: 132.935173988
Iter time: 254.156071186
Iter time: 434.456895113
338     , -11642.7    , array([ 0.0194058  ,  0.0128902  ,  0.680207   ,  0.155573   ,  8.09489    ,  0.877237   ,  1.11421    ,  9.67246    ,  0.0102926  ,  0.031149   ,  3.0161     ])
Iter time: 136.046998024
Iter time: 260.919205904
Iter time: 445.401802063
340     , -11648.9    , array([ 0.0184607  ,  0.0116171  ,  0.683849   ,  0.149595   ,  8.22438    ,  0.878428   ,  1.18843    ,  9.34395    ,  0.0103375  ,  0.0301367  ,  2.99263    ])
Iter time: 153.448451042
Iter time: 293.556045055
Iter time: 500.919521809
341     , -11649.8    , array([ 0.0176332  ,  0.00926508 ,  0.695531   ,  0.140702   ,  8.5136     ,  0.874637   ,  1.35559    ,  9.40327    ,  0.0102406  ,  0.0278151  ,  2.94946    ])
Iter time: 138.503407001
Iter time: 263.002511024
Iter time: 453.251616001
343     , -11644.6    , array([ 0.0183063  ,  0.0111996  ,  0.685969   ,  0.148289   ,  8.25194    ,  0.87776    ,  1.21557    ,  9.35096    ,  0.0103189  ,  0.0295559  ,  2.9843     ])
Iter time: 145.58257699
Iter time: 278.544896126
Iter time: 476.114708185
344     , -11604.2    , array([ 0.0185991  ,  0.0106878  ,  0.686225   ,  0.146705   ,  8.31707    ,  0.877153   ,  1.23071    ,  9.90933    ,  0.0103492  ,  0.0288227  ,  2.97749    ])
Iter time: 132.750718117
Iter time: 254.362292051
Iter time: 434.086877823
346     , -11650.5    , array([ 0.0196364  ,  0.0135187  ,  0.672952   ,  0.157377   ,  8.01813    ,  0.880555   ,  1.06296    ,  9.89216    ,  0.0104522  ,  0.0320012  ,  3.02455    ])
Iter time: 146.257089853
Iter time: 279.894275904
Iter time: 478.548223019
347     , -11633.5    , array([ 0.018114   ,  0.0101829  ,  0.689816   ,  0.144698   ,  8.38693    ,  0.876113   ,  1.27564    ,  9.52318    ,  0.0102931  ,  0.0288073  ,  2.96806    ])
Iter time: 146.859861135
Iter time: 281.392167807
Iter time: 481.242053032
348     , -11605.1    , array([ 0.0186916  ,  0.0105264  ,  0.68553    ,  0.147129   ,  8.32968    ,  0.876333   ,  1.22819    ,  9.98941    ,  0.0103461  ,  0.0292948  ,  2.97646    ])
Iter time: 142.869421959
Iter time: 272.89585495
Iter time: 466.594056129
349     , -11597.2    , array([ 0.0184616  ,  0.0111351  ,  0.685134   ,  0.147832   ,  8.36158    ,  0.877158   ,  1.21739    ,  9.87085    ,  0.0101315  ,  0.0301247  ,  2.98542    ])
Iter time: 140.600926161
Iter time: 268.513200998
Iter time: 459.722585201
352     , -11631.3    , array([ 0.0184477  ,  0.0111077  ,  0.68534    ,  0.148234   ,  8.27462    ,  0.877494   ,  1.21306    ,  9.54839    ,  0.0103138  ,  0.0296595  ,  2.98419    ])
Iter time: 156.483777046
Iter time: 300.20886302
Iter time: 513.827963114
353     , -11618.5    , array([ 0.0176455  ,  0.00916391 ,  0.690189   ,  0.139904   ,  8.53891    ,  0.877265   ,  1.3357     ,  9.80509    ,  0.0103286  ,  0.0281871  ,  2.9467     ])
Iter time: 149.74499917
Iter time: 286.367825031
Iter time: 489.806117058
355     , -11625.8    , array([ 0.0184007  ,  0.00994285 ,  0.686856   ,  0.144207   ,  8.39546    ,  0.876955   ,  1.2649     ,  9.77107    ,  0.0104606  ,  0.0287681  ,  2.96508    ])
Iter time: 144.527467012
Iter time: 277.288696051
Iter time: 473.467396021
357     , -11623.4    , array([ 0.0182882  ,  0.0105126  ,  0.687442   ,  0.14603    ,  8.35374    ,  0.87675    ,  1.24814    ,  9.64159    ,  0.0102954  ,  0.0292278  ,  2.97437    ])
Iter time: 153.512774944
Iter time: 292.978888035
Iter time: 501.873697996
358     , -11613.2    , array([ 0.0176815  ,  0.00956251 ,  0.694271   ,  0.139196   ,  8.44458    ,  0.879142   ,  1.33917    ,  9.71369    ,  0.0104931  ,  0.0256109  ,  2.94558    ])
Iter time: 144.479573011
Iter time: 276.707647085
Iter time: 472.752928972
360     , -11622.3    , array([ 0.0187317  ,  0.0106756  ,  0.686529   ,  0.146414   ,  8.31739    ,  0.877381   ,  1.23187    ,  9.72453    ,  0.0104613  ,  0.0285122  ,  2.977      ])
Iter time: 150.221949816
Iter time: 288.160731077
Iter time: 493.903174162
361     , -11594      , array([ 0.018104   ,  0.0100593  ,  0.688227   ,  0.143293   ,  8.42766    ,  0.877804   ,  1.27588    ,  9.98866    ,  0.0103144  ,  0.0282589  ,  2.9633     ])
Iter time: 157.740455866
Iter time: 302.568403006
Iter time: 517.417747974
363     , -11612.4    , array([ 0.0179999  ,  0.00900304 ,  0.699023   ,  0.139865   ,  8.48115    ,  0.873105   ,  1.38554    ,  9.80231    ,  0.0102475  ,  0.0260038  ,  2.94504    ])
Iter time: 145.00574708
Iter time: 278.431156158
Iter time: 472.138003111
364     , -11589.3    , array([ 0.0180095  ,  0.0106857  ,  0.691003   ,  0.145175   ,  8.35333    ,  0.876965   ,  1.26972    ,  9.8062     ,  0.0101216  ,  0.0280312  ,  2.97268    ])
Iter time: 149.856339931
Iter time: 286.587755919
Iter time: 490.677675962
366     , -11585.1    , array([ 0.0180697  ,  0.0101366  ,  0.691062   ,  0.143209   ,  8.39497    ,  0.877208   ,  1.2908     ,  9.96853    ,  0.0102522  ,  0.0273813  ,  2.96309    ])
Iter time: 151.494957924
Iter time: 289.753691912
Iter time: 496.314292908
368     , -11581.4    , array([ 0.0175268  ,  0.00988826 ,  0.69281    ,  0.14226    ,  8.4459     ,  0.876546   ,  1.319      ,  9.92815    ,  0.0100526  ,  0.0278628  ,  2.95795    ])
Iter time: 139.540647984
Iter time: 267.527142048
Iter time: 457.188621044
370     , -11588      , array([ 0.0185829  ,  0.0116799  ,  0.689611   ,  0.149332   ,  8.21043    ,  0.876531   ,  1.21368    ,  9.86892    ,  0.0101319  ,  0.0281249  ,  2.99044    ])
Iter time: 149.654232025
Iter time: 285.405962944
Iter time: 489.075509071
372     , -11603      , array([ 0.0179341  ,  0.0100372  ,  0.69187    ,  0.142297   ,  8.398      ,  0.877901   ,  1.29996    ,  9.78218    ,  0.0103441  ,  0.0269678  ,  2.95904    ])
Iter time: 136.517398834
Iter time: 261.451114893
Iter time: 447.013902903
373     , -11608.2    , array([ 0.0183702  ,  0.0125751  ,  0.678793   ,  0.151771   ,  8.20947    ,  0.881109   ,  1.13604    ,  9.89652    ,  0.0101645  ,  0.0312157  ,  3.00294    ])
Iter time: 142.312422991
Iter time: 272.441823959
Iter time: 467.727205992
375     , -11602.8    , array([ 0.0181031  ,  0.0110022  ,  0.688222   ,  0.146984   ,  8.3116     ,  0.877281   ,  1.23755    ,  9.73074    ,  0.0101493  ,  0.0290342  ,  2.98006    ])
Iter time: 158.665511847
Iter time: 303.484961987
Iter time: 519.077239037
376     , -11611.2    , array([ 0.0180208  ,  0.00896476 ,  0.698971   ,  0.1397     ,  8.48588    ,  0.873137   ,  1.38718    ,  9.8291     ,  0.0102592  ,  0.0259399  ,  2.94423    ])
Iter time: 140.38764286
Iter time: 268.971565008
Iter time: 460.642247915
377     , -11598      , array([ 0.0182822  ,  0.0115549  ,  0.683782   ,  0.148659   ,  8.27772    ,  0.879109   ,  1.1942     ,  9.87962    ,  0.0101881  ,  0.0298038  ,  2.98815    ])
Iter time: 143.668411016
Iter time: 274.897174835
Iter time: 470.933909893
379     , -11600.5    , array([ 0.0181523  ,  0.0108779  ,  0.687868   ,  0.1467     ,  8.30608    ,  0.877324   ,  1.24147    ,  9.76781    ,  0.0101789  ,  0.0288803  ,  2.97804    ])
Iter time: 143.969857216
Iter time: 275.887889862
Iter time: 471.741942883
380     , -11582.8    , array([ 0.0176504  ,  0.0108518  ,  0.691895   ,  0.144198   ,  8.36151    ,  0.878391   ,  1.27851    ,  9.73899    ,  0.0100576  ,  0.0276614  ,  2.9718     ])
Iter time: 145.599185944
Iter time: 277.85168004
Iter time: 474.270817995
381     , -11579.7    , array([ 0.0175701  ,  0.0107176  ,  0.692228   ,  0.144163   ,  8.38232    ,  0.877795   ,  1.28476    ,  9.78679    ,  0.0100025  ,  0.027905   ,  2.96975    ])
Iter time: 147.009516954
Iter time: 281.50412488
Iter time: 481.164521933
384     , -11595.8    , array([ 0.0179887  ,  0.0103956  ,  0.69056    ,  0.14394    ,  8.37307    ,  0.877683   ,  1.27784    ,  9.81518    ,  0.0102432  ,  0.0276982  ,  2.96681    ])
Iter time: 148.187158823
Iter time: 283.62052393
Iter time: 485.197994947
385     , -11575.4    , array([ 0.0179636  ,  0.0104282  ,  0.69071    ,  0.143683   ,  8.39621    ,  0.877721   ,  1.28237    ,  9.98293    ,  0.0101544  ,  0.0276366  ,  2.96672    ])
Iter time: 148.01964879
Iter time: 282.966658115
Iter time: 484.407539129
387     , -11573.3    , array([ 0.0178809  ,  0.0104666  ,  0.691584   ,  0.143418   ,  8.41831    ,  0.87775    ,  1.28587    ,  9.98451    ,  0.0101204  ,  0.0275625  ,  2.96668    ])
Iter time: 153.012151957
Iter time: 292.202688932
Iter time: 501.189728022
389     , -11581.1    , array([ 0.0176823  ,  0.00967772 ,  0.697154   ,  0.140608   ,  8.47305    ,  0.875721   ,  1.35487    ,  9.89049    ,  0.010099   ,  0.0263314  ,  2.95276    ])
Iter time: 152.583919048
Iter time: 291.784192085
Iter time: 498.891968012
390     , -11575.1    , array([ 0.0173737  ,  0.00978976 ,  0.697982   ,  0.140111   ,  8.40829    ,  0.877408   ,  1.35517    ,  9.90285    ,  0.0101495  ,  0.0254212  ,  2.94957    ])
Iter time: 148.339385986
Iter time: 283.579833984
Iter time: 486.019677877
391     , -11566.6    , array([ 0.017718   ,  0.0103723  ,  0.693844   ,  0.143197   ,  8.40317    ,  0.876834   ,  1.30493    ,  9.97514    ,  0.010022   ,  0.0272203  ,  2.96493    ])
Iter time: 149.517575026
Iter time: 285.526591063
Iter time: 488.279655933
394     , -11586.2    , array([ 0.0179604  ,  0.0102346  ,  0.690466   ,  0.143426   ,  8.40675    ,  0.877487   ,  1.28489    ,  9.94102    ,  0.0102095  ,  0.0278083  ,  2.96466    ])
Iter time: 146.044980049
Iter time: 280.02955699
Iter time: 479.112423897
396     , -11583.8    , array([ 0.0179112  ,  0.0105278  ,  0.691832   ,  0.144285   ,  8.37201    ,  0.877091   ,  1.28248    ,  9.85593    ,  0.0101176  ,  0.027686   ,  2.96898    ])
Iter time: 159.593708992
Iter time: 305.237718821
Iter time: 522.574447155
397     , -11583.8    , array([ 0.016962   ,  0.00903853 ,  0.696136   ,  0.136847   ,  8.60546    ,  0.878006   ,  1.39645    ,  9.94064    ,  0.0100926  ,  0.0265109  ,  2.9365     ])
Iter time: 149.322493076
Iter time: 285.537533998
Iter time: 489.272348166
399     , -11581.8    , array([ 0.0178105  ,  0.0101968  ,  0.691922   ,  0.142884   ,  8.41512    ,  0.877401   ,  1.29825    ,  9.92284    ,  0.0101554  ,  0.0274962  ,  2.96272    ])
Iter time: 149.363334179
Iter time: 286.422581911
Iter time: 489.491342068
401     , -11581.3    , array([ 0.0178529  ,  0.0101507  ,  0.69226    ,  0.142762   ,  8.41014    ,  0.877271   ,  1.30157    ,  9.93448    ,  0.0101723  ,  0.0272895  ,  2.96192    ])
Iter time: 153.30191493
Iter time: 292.756037951
Iter time: 501.351956129
402     , -11572.2    , array([ 0.0173601  ,  0.00974934 ,  0.695168   ,  0.140101   ,  8.486      ,  0.877607   ,  1.34673    ,  9.95974    ,  0.0100782  ,  0.0266486  ,  2.95125    ])
Iter time: 140.247332811
Iter time: 268.891447067
Iter time: 459.823970079
403     , -11582.4    , array([ 0.018409   ,  0.0115131  ,  0.690696   ,  0.148349   ,  8.23483    ,  0.876621   ,  1.22868    ,  9.8783     ,  0.0101005  ,  0.027856   ,  2.98661    ])
Iter time: 146.036737919
Iter time: 279.920621157
Iter time: 478.831023932
405     , -11579.3    , array([ 0.0176944  ,  0.0105497  ,  0.692598   ,  0.143523   ,  8.38394    ,  0.877771   ,  1.29176    ,  9.83018    ,  0.010079   ,  0.0274259  ,  2.96729    ])
