==========================================
SLURM_JOB_ID = 18981450
SLURM_NODELIST = c8-65
==========================================
Module slurm/17.11.5 loaded 
Module openmpi/3.0.1 loaded 
Module gcc/7.3.0 loaded 
Module python/2.7.6 loaded 
Module numpy/1.11.1 loaded 
Module dadi/1.7.0 loaded 
Module matplotlib/2.0 loaded 
Module scipy/0.18.0 loaded 
Beginning. Call:
/home/hemstrow/monarch/github/F-H_2018/DADI/demographic_models/run_3d_mods.py /home/hemstrow/monarch/github/F-H_2018/Data/dadi_inputs/ dadi_snps_10kgap.txt 1st_folded_optim_10kgap_snps_dadi_out.txt cgrowth 10 [NAM,GUA,HAW] True 3 [0.1,0.1,0.5,0.5,5,5,.1,.1,.1,.1] [1,1,5,5,20,20,10,10,10,10] [.001,.001,.001,.001,.01,.01,.01,.01,.01,.01] [150,15,15] fmin

Ready to begin run. Parameters:

Model:
cgrowth
Maxiters:
10
Pops:
['NAM', 'GUA', 'HAW']
Projection:
[150, 15, 15]
Number of segregating sites in projected sfs:
9454.98941724
Folding spectra:
True
Level of parm folding:
3
Optimizer:
fmin
p0:
[  3.69200620e-01   9.81598160e-02   4.40121422e-01   1.22811855e-01
   1.98000000e+01   3.70186893e+00   2.42780253e-01   1.05626075e-01
   1.29293513e-02   3.00351964e-02]
Upper Bounds:
[1.0, 1.0, 5.0, 5.0, 20.0, 20.0, 10.0, 10.0, 10.0, 10.0]
Lower Bounds:
[0.001, 0.001, 0.001, 0.001, 0.01, 0.01, 0.01, 0.01, 0.01, 0.01]

Beginning optimization ************************************************
optimize_log_fmin.
Iter time: 112.179489851
Iter time: 216.727527142
Iter time: 373.333240032
1       , -24008      , array([ 0.369201   ,  0.0981598  ,  0.440121   ,  0.122812   ,  19.8       ,  3.70187    ,  0.24278    ,  0.105626   ,  0.0129294  ,  0.0300352  ])
Iter time: 112.260810852
Iter time: 216.692806005
Iter time: 372.762006044
2       , -24006.8    , array([ 0.351257   ,  0.0981598  ,  0.440121   ,  0.122812   ,  19.8       ,  3.70187    ,  0.24278    ,  0.105626   ,  0.0129294  ,  0.0300352  ])
Iter time: 119.181745052
Iter time: 229.855377913
Iter time: 395.546072006
3       , -24012.7    , array([ 0.369201   ,  0.0874038  ,  0.440121   ,  0.122812   ,  19.8       ,  3.70187    ,  0.24278    ,  0.105626   ,  0.0129294  ,  0.0300352  ])
Iter time: 112.664314985
Iter time: 217.037930012
Iter time: 372.865952969
4       , -23986.7    , array([ 0.369201   ,  0.0981598  ,  0.422426   ,  0.122812   ,  19.8       ,  3.70187    ,  0.24278    ,  0.105626   ,  0.0129294  ,  0.0300352  ])
Iter time: 118.103819847
Iter time: 227.58063817
Iter time: 392.580973864
5       , -24181.5    , array([ 0.369201   ,  0.0981598  ,  0.440121   ,  0.110587   ,  19.8       ,  3.70187    ,  0.24278    ,  0.105626   ,  0.0129294  ,  0.0300352  ])
Iter time: 119.812857866
Iter time: 230.96142292
Iter time: 398.430472136
7       , -24106.7    , array([ 0.369201   ,  0.0981598  ,  0.440121   ,  0.122812   ,  19.8       ,  3.95223    ,  0.24278    ,  0.105626   ,  0.0129294  ,  0.0300352  ])
Iter time: 112.091310024
Iter time: 216.978997231
Iter time: 372.541039944
8       , -24257.3    , array([ 0.369201   ,  0.0981598  ,  0.440121   ,  0.122812   ,  19.8       ,  3.70187    ,  0.22619    ,  0.105626   ,  0.0129294  ,  0.0300352  ])
Iter time: 112.389983892
Iter time: 216.535151958
Iter time: 373.429500818
9       , -24261.8    , array([ 0.369201   ,  0.0981598  ,  0.440121   ,  0.122812   ,  19.8       ,  3.70187    ,  0.24278    ,  0.0943973  ,  0.0129294  ,  0.0300352  ])
Iter time: 112.516226053
Iter time: 216.551687956
Iter time: 372.698346138
10      , -24049.6    , array([ 0.369201   ,  0.0981598  ,  0.440121   ,  0.122812   ,  19.8       ,  3.70187    ,  0.24278    ,  0.105626   ,  0.0104029  ,  0.0300352  ])
Iter time: 112.473045111
Iter time: 216.536450148
Iter time: 372.879441977
11      , -24024.1    , array([ 0.369201   ,  0.0981598  ,  0.440121   ,  0.122812   ,  19.8       ,  3.70187    ,  0.24278    ,  0.105626   ,  0.0129294  ,  0.0252065  ])
Iter time: 115.790857077
Iter time: 224.173676968
Iter time: 385.309956074
12      , -24154      , array([ 0.36554    ,  0.0959076  ,  0.436524   ,  0.120263   ,  17.0542    ,  3.75064    ,  0.239368   ,  0.103278   ,  0.0123792  ,  0.0290006  ])
Iter time: 116.796339035
Iter time: 225.647371054
Iter time: 388.269818068
13      , -23887.1    , array([ 0.364812   ,  0.0954634  ,  0.435808   ,  0.11976    ,  19.2176    ,  3.76047    ,  0.238691   ,  0.11766    ,  0.012272   ,  0.028798   ])
Iter time: 119.021278858
Iter time: 231.234385014
Iter time: 396.149996042
14      , -23685.7    , array([ 0.362638   ,  0.0941431  ,  0.433667   ,  0.118262   ,  18.9328    ,  3.79012    ,  0.236672   ,  0.131361   ,  0.011956   ,  0.0281986  ])
Iter time: 118.478216887
Iter time: 228.480496883
Iter time: 393.956457853
15      , -23796.5    , array([ 0.363506   ,  0.094669   ,  0.434522   ,  0.118859   ,  19.0462    ,  3.77823    ,  0.258529   ,  0.109839   ,  0.0120814  ,  0.0284369  ])
Iter time: 112.71040988
Iter time: 217.801846027
Iter time: 374.584327936
16      , -23791.2    , array([ 0.362378   ,  0.0939859  ,  0.433411   ,  0.133917   ,  18.8989    ,  3.79369    ,  0.24391    ,  0.110702   ,  0.0119186  ,  0.0281275  ])
Iter time: 115.132431984
Iter time: 222.619984865
Iter time: 384.142310858
18      , -24052.5    , array([ 0.365498   ,  0.0958818  ,  0.436483   ,  0.121629   ,  18.2567    ,  3.75121    ,  0.241575   ,  0.106046   ,  0.012373   ,  0.0289888  ])
Iter time: 109.870207787
Iter time: 212.219600916
Iter time: 364.421671867
19      , -23779.7    , array([ 0.36102    ,  0.0931677  ,  0.432073   ,  0.12297    ,  18.9806    ,  3.5245     ,  0.244585   ,  0.112338   ,  0.011725   ,  0.0277585  ])
Iter time: 114.540210009
Iter time: 221.720165014
Iter time: 380.92873311
21      , -23984.4    , array([ 0.365068   ,  0.095619   ,  0.436059   ,  0.122325   ,  18.8495    ,  3.73007    ,  0.242776   ,  0.107789   ,  0.0123095  ,  0.0288689  ])
Iter time: 116.461629868
Iter time: 146776.869771
Iter time: 408.795505047
22      , -23763.5    , array([ 0.359321   ,  0.0921495  ,  0.430398   ,  0.123142   ,  18.9415    ,  3.72189    ,  0.245191   ,  0.114103   ,  0.01491    ,  0.0273017  ])
Iter time: 117.02024889
Iter time: 225.95340991
Iter time: 388.804311037
23      , -23738.2    , array([ 0.357377   ,  0.0909924  ,  0.428479   ,  0.123208   ,  18.7743    ,  3.72591    ,  0.245676   ,  0.115878   ,  0.0123434  ,  0.0330555  ])
Iter time: 109.992542028
Iter time: 212.517703056
Iter time: 365.362579107
24      , -23695.9    , array([ 0.355058   ,  0.103016   ,  0.426188   ,  0.123287   ,  18.5756    ,  3.73073    ,  0.246259   ,  0.118045   ,  0.0122295  ,  0.028278   ])
Iter time: 116.056349993
Iter time: 224.514453888
Iter time: 386.489125013
25      , -23636.8    , array([ 0.352296   ,  0.0926176  ,  0.423455   ,  0.123383   ,  18.34      ,  3.73653    ,  0.246961   ,  0.120698   ,  0.0120941  ,  0.0279391  ])
Iter time: 118.346668005
Iter time: 228.636275053
Iter time: 394.402961969
26      , -23445.7    , array([ 0.344136   ,  0.089965   ,  0.415359   ,  0.123669   ,  17.6509    ,  3.75399    ,  0.249079   ,  0.129023   ,  0.011697   ,  0.0269465  ])
Iter time: 117.653172016
Iter time: 226.619704962
Iter time: 390.487792969
27      , -23524.1    , array([ 0.368778   ,  0.0910168  ,  0.418579   ,  0.123555   ,  17.9233    ,  3.747      ,  0.248229   ,  0.125626   ,  0.0118542  ,  0.0273392  ])
Iter time: 118.34531188
Iter time: 228.794999838
Iter time: 394.006236076
28      , -23448.4    , array([ 0.350775   ,  0.0896519  ,  0.435315   ,  0.123704   ,  17.5699    ,  3.75609    ,  0.249334   ,  0.13006    ,  0.0116502  ,  0.0268298  ])
Iter time: 116.666419029
Iter time: 225.514047861
Iter time: 388.299437046
29      , -23346.9    , array([ 0.351924   ,  0.0908556  ,  0.421562   ,  0.124474   ,  18.1983    ,  3.73288    ,  0.250671   ,  0.132329   ,  0.0121028  ,  0.0275077  ])
Iter time: 117.779690027
Iter time: 227.708636045
Iter time: 391.94224596
30      , -23019.4    , array([ 0.345531   ,  0.0885637  ,  0.414495   ,  0.125563   ,  17.8812    ,  3.73428    ,  0.254714   ,  0.146621   ,  0.0120008  ,  0.0268514  ])
Iter time: 112.983688831
Iter time: 218.520568848
Iter time: 375.745942116
31      , -23387.7    , array([ 0.349869   ,  0.0905519  ,  0.419079   ,  0.129518   ,  17.7844    ,  3.67668    ,  0.234697   ,  0.137581   ,  0.0123149  ,  0.0276071  ])
Iter time: 118.618508101
Iter time: 229.794030905
Iter time: 394.842169046
32      , -23309.5    , array([ 0.348501   ,  0.0905336  ,  0.417337   ,  0.114189   ,  17.7064    ,  3.63882    ,  0.246856   ,  0.142574   ,  0.012565   ,  0.0278066  ])
Iter time: 123.819165945
Iter time: 239.36584115
Iter time: 412.328114033
33      , -23201.9    , array([ 0.347351   ,  0.0908064  ,  0.415734   ,  0.122526   ,  17.3869    ,  3.94183    ,  0.24663    ,  0.147357   ,  0.0129505  ,  0.028186   ])
Iter time: 117.055865049
Iter time: 225.412037134
Iter time: 388.284316063
35      , -23609.1    , array([ 0.356107   ,  0.0919969  ,  0.426359   ,  0.122914   ,  18.4706    ,  3.73532    ,  0.24547    ,  0.122723   ,  0.0134595  ,  0.0276786  ])
Iter time: 117.563650846
Iter time: 227.493083
Iter time: 391.345434904
36      , -23115.5    , array([ 0.348274   ,  0.0929084  ,  0.415912   ,  0.122108   ,  17.2231    ,  3.77372    ,  0.245782   ,  0.152089   ,  0.0121686  ,  0.0229898  ])
Iter time: 126.773412943
Iter time: 245.206903934
Iter time: 424.28837204
37      , -23042.4    , array([ 0.349199   ,  0.0803872  ,  0.416112   ,  0.121795   ,  17.1461    ,  3.77748    ,  0.245104   ,  0.157059   ,  0.0122698  ,  0.0257839  ])
Iter time: 118.382626057
Iter time: 228.988711834
Iter time: 394.498002052
38      , -22942.3    , array([ 0.339328   ,  0.0852278  ,  0.405569   ,  0.12772    ,  16.4924    ,  3.71581    ,  0.256825   ,  0.146273   ,  0.0126156  ,  0.0253976  ])
Iter time: 118.327115059
Iter time: 228.873594999
Iter time: 394.039505959
39      , -22575.7    , array([ 0.328241   ,  0.0810919  ,  0.39221    ,  0.132728   ,  15.3929    ,  3.67921    ,  0.267536   ,  0.154352   ,  0.012959   ,  0.0241032  ])
Iter time: 121.25928092
Iter time: 234.362972975
Iter time: 403.570108891
40      , -22788.9    , array([ 0.339965   ,  0.0850428  ,  0.40569    ,  0.124789   ,  16.3       ,  3.75893    ,  0.25192    ,  0.163915   ,  0.0111218  ,  0.0251688  ])
Iter time: 121.594549894
Iter time: 234.661442995
Iter time: 404.801769018
41      , -22733      , array([ 0.322986   ,  0.0847993  ,  0.410655   ,  0.124389   ,  16.4817    ,  3.7496     ,  0.249856   ,  0.168878   ,  0.0124678  ,  0.0250632  ])
Iter time: 120.874101877
Iter time: 233.625004053
Iter time: 402.070412159
42      , -22670.5    , array([ 0.334004   ,  0.0851375  ,  0.390287   ,  0.124376   ,  16.5996    ,  3.73923    ,  0.248853   ,  0.171869   ,  0.0128594  ,  0.0251935  ])
Iter time: 121.815749168
Iter time: 235.215582132
Iter time: 404.96388793
43      , -22509.9    , array([ 0.338419   ,  0.0839105  ,  0.403977   ,  0.124553   ,  16.3218    ,  3.73838    ,  0.249063   ,  0.183476   ,  0.0130531  ,  0.0247492  ])
Iter time: 123.135470152
Iter time: 238.212942839
Iter time: 410.604972124
44      , -22021.1    , array([ 0.335597   ,  0.0810378  ,  0.398403   ,  0.124997   ,  15.6953    ,  3.7306     ,  0.249056   ,  0.218794   ,  0.013789   ,  0.0237187  ])
Iter time: 129.367000818
Iter time: 250.483402014
Iter time: 430.92821002
45      , -22297.8    , array([ 0.330112   ,  0.0815361  ,  0.39636    ,  0.118086   ,  15.7994    ,  3.82811    ,  0.267482   ,  0.188792   ,  0.0126817  ,  0.0234345  ])
Iter time: 125.455777168
Iter time: 243.079968929
Iter time: 418.187134027
46      , -22170.2    , array([ 0.327834   ,  0.0798631  ,  0.393931   ,  0.13484    ,  15.5115    ,  3.90736    ,  0.258422   ,  0.192703   ,  0.0124522  ,  0.0224838  ])
Iter time: 120.322587013
Iter time: 232.74625802
Iter time: 401.180111885
47      , -22090.6    , array([ 0.325137   ,  0.0776043  ,  0.391212   ,  0.128096   ,  15.44      ,  3.60068    ,  0.261086   ,  0.196726   ,  0.0119871  ,  0.0212008  ])
Iter time: 127.74494195
Iter time: 247.932695866
Iter time: 425.909774065
48      , -21967.3    , array([ 0.319848   ,  0.0731667  ,  0.386286   ,  0.129771   ,  15.2498    ,  3.72594    ,  0.265172   ,  0.200672   ,  0.012719   ,  0.0255749  ])
Iter time: 134.100795984
Iter time: 258.680916071
Iter time: 445.492594957
49      , -21386.3    , array([ 0.306517   ,  0.0649295  ,  0.372273   ,  0.13378    ,  14.3496    ,  3.70228    ,  0.275434   ,  0.230506   ,  0.0130035  ,  0.0269745  ])
Iter time: 119.340598106
Iter time: 231.227616072
Iter time: 397.340029001
50      , -21714.3    , array([ 0.310791   ,  0.0810274  ,  0.377598   ,  0.13257    ,  14.7824    ,  3.70729    ,  0.272182   ,  0.20982    ,  0.0127615  ,  0.0230103  ])
Iter time: 128.932779074
Iter time: 249.402914047
Iter time: 429.876724005
51      , -21442.9    , array([ 0.307504   ,  0.0722502  ,  0.372069   ,  0.129995   ,  13.6453    ,  3.74474    ,  0.265411   ,  0.24146    ,  0.0132089  ,  0.0214237  ])
Iter time: 126.934731007
Iter time: 245.427856922
Iter time: 422.714622021
52      , -21429.9    , array([ 0.306328   ,  0.0728278  ,  0.373623   ,  0.131875   ,  14.4462    ,  3.71737    ,  0.271169   ,  0.233381   ,  0.0147517  ,  0.0221312  ])
Iter time: 128.086225986
Iter time: 247.264189005
Iter time: 426.1251688
53      , -21226.6    , array([ 0.319034   ,  0.0708473  ,  0.362195   ,  0.133855   ,  13.9151    ,  3.72019    ,  0.277922   ,  0.241663   ,  0.0136093  ,  0.0216783  ])
Iter time: 131.462174892
Iter time: 254.378235102
Iter time: 438.641160011
54      , -20466.1    , array([ 0.317076   ,  0.0647574  ,  0.340154   ,  0.138855   ,  12.7859    ,  3.70557    ,  0.293117   ,  0.289088   ,  0.0142187  ,  0.0201614  ])
Iter time: 130.792271852
Iter time: 253.150748014
Iter time: 436.561449051
55      , -20845.7    , array([ 0.305317   ,  0.066808   ,  0.37076    ,  0.136849   ,  13.1135    ,  3.72377    ,  0.28833    ,  0.263483   ,  0.0134627  ,  0.0206262  ])
Iter time: 136.06524086
Iter time: 263.332506895
Iter time: 453.45881319
56      , -20526.3    , array([ 0.306212   ,  0.0674749  ,  0.364816   ,  0.129025   ,  13.6955    ,  3.79364    ,  0.27224    ,  0.326501   ,  0.0134615  ,  0.0208979  ])
Iter time: 126.098767042
Iter time: 244.035829067
Iter time: 421.552044153
57      , -20532.1    , array([ 0.299933   ,  0.0646142  ,  0.355058   ,  0.147615   ,  12.9671    ,  3.63949    ,  0.273256   ,  0.297848   ,  0.0139211  ,  0.0210073  ])
Iter time: 129.555293798
Iter time: 250.637873173
Iter time: 433.963304043
58      , -20331.2    , array([ 0.296692   ,  0.0632307  ,  0.349901   ,  0.131636   ,  12.7429    ,  3.51538    ,  0.286012   ,  0.318355   ,  0.0144974  ,  0.0216001  ])
Iter time: 131.713257074
Iter time: 255.054706097
Iter time: 440.360918999
59      , -19426      , array([ 0.282249   ,  0.0562625  ,  0.329768   ,  0.130062   ,  11.5498    ,  3.33439    ,  0.300893   ,  0.409189   ,  0.0156427  ,  0.0211713  ])
Iter time: 137.754634142
Iter time: 266.568517208
Iter time: 459.487381935
60      , -19832.8    , array([ 0.290809   ,  0.0610176  ,  0.340496   ,  0.13899    ,  12.0798    ,  3.75662    ,  0.291243   ,  0.361035   ,  0.0158833  ,  0.0229009  ])
Iter time: 138.058024883
Iter time: 267.632429123
Iter time: 461.748172998
61      , -19519.3    , array([ 0.273788   ,  0.0552086  ,  0.324011   ,  0.145491   ,  11.2771    ,  3.63085    ,  0.315018   ,  0.358823   ,  0.0142038  ,  0.0203267  ])
Iter time: 146.855751038
Iter time: 284.625459909
Iter time: 492.072079897
62      , -19347.9    , array([ 0.288239   ,  0.0511372  ,  0.331557   ,  0.139755   ,  11.3426    ,  3.63848    ,  0.296802   ,  0.416557   ,  0.0156796  ,  0.0204392  ])
Iter time: 164.950187922
Iter time: 319.999111891
Iter time: 552.589453936
63      , -18176.5    , array([ 0.277585   ,  0.0406247  ,  0.310686   ,  0.143493   ,  9.9356     ,  3.60456    ,  0.309934   ,  0.586932   ,  0.01738    ,  0.0192635  ])
Iter time: 142.625874996
Iter time: 275.475311995
Iter time: 474.732414007
64      , -18992.1    , array([ 0.285417   ,  0.0511117  ,  0.324567   ,  0.145367   ,  11.5322    ,  3.57471    ,  0.313962   ,  0.43234    ,  0.0160032  ,  0.0214912  ])
Iter time: 148.092686892
Iter time: 287.223045111
Iter time: 495.501381874
65      , -18507.7    , array([ 0.28249    ,  0.0472397  ,  0.314245   ,  0.146114   ,  10.413     ,  3.57296    ,  0.316434   ,  0.506008   ,  0.0145648  ,  0.0206824  ])
Iter time: 143.08195591
Iter time: 277.483077049
Iter time: 478.705691099
66      , -17988      , array([ 0.277744   ,  0.0497204  ,  0.304875   ,  0.146595   ,  9.83189    ,  3.5621     ,  0.320302   ,  0.599563   ,  0.0169019  ,  0.016091   ])
Iter time: 148.878172874
Iter time: 288.805399895
Iter time: 499.365772963
67      , -16430.9    , array([ 0.264386   ,  0.0435092  ,  0.2759     ,  0.153456   ,  8.13834    ,  3.49401    ,  0.345407   ,  0.966966   ,  0.0192697  ,  0.0124278  ])
Iter time: 150.644796848
Iter time: 291.629223108
Iter time: 503.27174592
68      , -17647.2    , array([ 0.270922   ,  0.0443506  ,  0.288551   ,  0.146629   ,  9.7796     ,  3.49672    ,  0.317231   ,  0.680293   ,  0.0175393  ,  0.0190156  ])
Iter time: 161.14226985
Iter time: 312.492471933
Iter time: 540.451426983
69      , -17366.7    , array([ 0.270231   ,  0.0425319  ,  0.289068   ,  0.135752   ,  9.34748    ,  3.54918    ,  0.34487    ,  0.709895   ,  0.0177638  ,  0.0183024  ])
Iter time: 156.29915309
Iter time: 303.33433485
Iter time: 523.834839106
70      , -16824.3    , array([ 0.258155   ,  0.0371377  ,  0.268541   ,  0.156899   ,  8.1994     ,  3.3599     ,  0.362924   ,  0.756425   ,  0.019418   ,  0.0179167  ])
Iter time: 166.794167042
Iter time: 323.622812986
Iter time: 559.533725023
71      , -16217.5    , array([ 0.239267   ,  0.0346236  ,  0.274711   ,  0.149398   ,  8.03598    ,  3.37303    ,  0.351788   ,  1.03554    ,  0.0195663  ,  0.0181379  ])
Iter time: 191.667559862
Iter time: 372.10095191
Iter time: 642.230112076
72      , -14543.3    , array([ 0.207847   ,  0.0253171  ,  0.246874   ,  0.154966   ,  6.37079    ,  3.21813    ,  0.385391   ,  1.95992    ,  0.0229527  ,  0.0172037  ])
Iter time: 169.958212852
Iter time: 329.850949049
Iter time: 569.294504166
73      , -15730.8    , array([ 0.24393    ,  0.0308175  ,  0.257343   ,  0.152536   ,  7.48405    ,  3.22582    ,  0.374452   ,  1.16302    ,  0.0188541  ,  0.0150803  ])
Iter time: 176.278752089
Iter time: 341.466487885
Iter time: 589.788553953
74      , -15386.5    , array([ 0.25318    ,  0.0303113  ,  0.258259   ,  0.147106   ,  7.38565    ,  3.25954    ,  0.358368   ,  1.48046    ,  0.0223122  ,  0.0160053  ])
Iter time: 198.457423925
Iter time: 385.462534189
Iter time: 666.237948895
75      , -14733.4    , array([ 0.240309   ,  0.0262827  ,  0.241644   ,  0.168658   ,  6.59433    ,  3.53326    ,  0.38854    ,  1.67899    ,  0.0217512  ,  0.0145306  ])
Iter time: 196.23890686
Iter time: 380.727043152
Iter time: 657.332510948
76      , -14401.8    , array([ 0.229605   ,  0.0253278  ,  0.231449   ,  0.155454   ,  5.9059     ,  3.28805    ,  0.388581   ,  2.08445    ,  0.022607   ,  0.0132366  ])
Iter time: 267.141888142
Iter time: 521.051355839
Iter time: 897.825941086
77      , -12883.5    , array([ 0.205937   ,  0.0178294  ,  0.195448   ,  0.160757   ,  4.22642    ,  3.15346    ,  0.432298   ,  4.57692    ,  0.0268697  ,  0.0103881  ])
Iter time: 211.9175179
Iter time: 411.799978018
Iter time: 709.383106947
78      , -13748.2    , array([ 0.217774   ,  0.0225516  ,  0.217392   ,  0.157642   ,  5.46136    ,  3.20851    ,  0.41037    ,  2.76658    ,  0.0280761  ,  0.0119846  ])
Iter time: 206.565705061
Iter time: 399.672862768
Iter time: 693.077075005
79      , -13246.1    , array([ 0.211122   ,  0.0233116  ,  0.204726   ,  0.163569   ,  5.07815    ,  3.1072     ,  0.44317    ,  3.25224    ,  0.025897   ,  0.0117022  ])
Iter time: 243.663122892
Iter time: 473.77311492
Iter time: 819.815836191
80      , -12898.3    , array([ 0.205789   ,  0.0187757  ,  0.205809   ,  0.16361    ,  4.52538    ,  3.12825    ,  0.462917   ,  3.83683    ,  0.0277418  ,  0.0107578  ])
Iter time: 271.494986057
Iter time: 528.045550823
Iter time: 912.26018095
81      , -12558      , array([ 0.195376   ,  0.0166249  ,  0.191946   ,  0.18344    ,  4.09519    ,  3.00517    ,  0.45164    ,  5.15264    ,  0.0299453  ,  0.01005    ])
Iter time: 173.284876108
Iter time: 336.719844103
Iter time: 580.812205076
84      , -15313.4    , array([ 0.240182   ,  0.0301872  ,  0.24732    ,  0.158586   ,  6.87951    ,  3.29412    ,  0.382621   ,  1.32389    ,  0.0216259  ,  0.0151441  ])
Iter time: 322.922014952
Iter time: 626.046705961
Iter time: 1082.41662192
85      , -12260.4    , array([ 0.185278   ,  0.0128626  ,  0.183977   ,  0.168534   ,  3.95854    ,  2.95029    ,  0.480839   ,  5.91226    ,  0.0308061  ,  0.0137161  ])
Iter time: 336.913947105
Iter time: 656.043115139
Iter time: 1133.46455097
87      , -12229.8    , array([ 0.190068   ,  0.0152482  ,  0.184438   ,  0.172966   ,  3.78978    ,  3.13902    ,  0.46629    ,  6.80475    ,  0.0347336  ,  0.0110913  ])
Iter time: 195.196162939
Iter time: 380.325429916
Iter time: 654.342860937
90      , -14278.4    , array([ 0.230161   ,  0.0247678  ,  0.233243   ,  0.155835   ,  6.06587    ,  3.21454    ,  0.392097   ,  2.20252    ,  0.0244298  ,  0.0141259  ])
Iter time: 404.229543209
Iter time: 788.340384007
Iter time: 1366.36064506
91      , -11940.4    , array([ 0.180729   ,  0.0130415  ,  0.177327   ,  0.171245   ,  3.51808    ,  3.03597    ,  0.483364   ,  8.9793     ,  0.0339009  ,  0.0101215  ])
Iter time: 216.505759001
Iter time: 421.812752008
Iter time: 728.688800097
94      , -13772.7    , array([ 0.220592   ,  0.0220499  ,  0.221501   ,  0.166842   ,  5.5196     ,  3.31744    ,  0.413257   ,  2.61642    ,  0.0248127  ,  0.0131723  ])
Iter time: 215.561297894
Iter time: 418.963487864
Iter time: 722.764307022
96      , -13658.1    , array([ 0.205764   ,  0.021492   ,  0.222675   ,  0.160518   ,  5.38648    ,  3.17086    ,  0.413018   ,  2.86798    ,  0.0255883  ,  0.0141427  ])
Iter time: 219.7857728
Iter time: 427.233574867
Iter time: 738.331147909
98      , -13514.7    , array([ 0.215318   ,  0.0211073  ,  0.215939   ,  0.161205   ,  5.22487    ,  3.16692    ,  0.41768    ,  3.0807     ,  0.0264601  ,  0.0128161  ])
Iter time: 332.045696974
Iter time: 645.799818039
Iter time: 1115.19933701
99      , -12094.6    , array([ 0.183048   ,  0.0145465  ,  0.179523   ,  0.165538   ,  3.62945    ,  2.90721    ,  0.480057   ,  7.33229    ,  0.03353    ,  0.0102082  ])
Iter time: 377.359889984
Iter time: 735.428048134
Iter time: 1268.1891129
100     , -11870.8    , array([ 0.179086   ,  0.0130288  ,  0.176047   ,  0.176919   ,  3.3803     ,  2.94722    ,  0.49884    ,  8.42681    ,  0.0307037  ,  0.0108656  ])
Iter time: 244.390935183
Iter time: 474.856038094
Iter time: 820.089636087
103     , -13031.7    , array([ 0.200187   ,  0.0187193  ,  0.206277   ,  0.164527   ,  4.70001    ,  3.11121    ,  0.436384   ,  3.9273     ,  0.0276605  ,  0.0125375  ])
Iter time: 249.678475857
Iter time: 485.566308975
Iter time: 837.516973019
105     , -12946.6    , array([ 0.204037   ,  0.01844    ,  0.202669   ,  0.165047   ,  4.60453    ,  3.10652    ,  0.439802   ,  4.12005    ,  0.0281902  ,  0.0119219  ])
Iter time: 450.942374945
Iter time: 874.330745935
Iter time: 1511.44833779
106     , -11870.6    , array([ 0.175864   ,  0.0106229  ,  0.176374   ,  0.174884   ,  3.17967    ,  2.98835    ,  0.483178   ,  9.78755    ,  0.0354268  ,  0.0105493  ])
Iter time: 275.270051003
Iter time: 535.611614943
Iter time: 924.70373106
109     , -12648.8    , array([ 0.195134   ,  0.0166839  ,  0.196439   ,  0.167323   ,  4.26173    ,  3.07284    ,  0.451664   ,  4.92709    ,  0.0293055  ,  0.0117012  ])
Iter time: 279.920147181
Iter time: 544.256425858
Iter time: 941.114693165
111     , -12596.8    , array([ 0.196563   ,  0.0164763  ,  0.194409   ,  0.167702   ,  4.20193    ,  3.06885    ,  0.454033   ,  5.09189    ,  0.0296422  ,  0.0113996  ])
Iter time: 278.302016973
Iter time: 541.373749971
Iter time: 934.86446619
113     , -12552.4    , array([ 0.196953   ,  0.0165173  ,  0.195352   ,  0.167177   ,  4.15024    ,  3.07661    ,  0.465361   ,  4.98378    ,  0.0295031  ,  0.0108602  ])
Iter time: 407.485744953
Iter time: 792.063748121
Iter time: 1370.01327085
114     , -11722.7    , array([ 0.170999   ,  0.0116625  ,  0.175903   ,  0.182946   ,  3.41531    ,  2.88908    ,  0.513774   ,  9.31354    ,  0.0373301  ,  0.0116742  ])
Iter time: 427.900918961
Iter time: 831.703583956
Iter time: 1438.01880908
116     , -11747.3    , array([ 0.175762   ,  0.0116019  ,  0.171192   ,  0.178932   ,  3.24031    ,  2.92854    ,  0.504581   ,  9.8266     ,  0.0359249  ,  0.0103593  ])
Iter time: 313.00680685
Iter time: 609.636085033
Iter time: 1056.2912941
118     , -12310.5    , array([ 0.18973    ,  0.0148772  ,  0.187618   ,  0.170899   ,  3.90054    ,  3.02705    ,  0.468029   ,  6.15126    ,  0.0313123  ,  0.0111495  ])
Iter time: 310.735223055
Iter time: 606.621870995
Iter time: 1044.88141298
120     , -12283.8    , array([ 0.188879   ,  0.0148613  ,  0.186213   ,  0.178106   ,  3.84131    ,  2.99657    ,  0.467626   ,  6.2429     ,  0.0315423  ,  0.0105233  ])
Iter time: 315.572679996
Iter time: 615.399731159
Iter time: 1061.24078393
122     , -12262.4    , array([ 0.189244   ,  0.0147351  ,  0.187409   ,  0.170567   ,  3.85211    ,  3.02798    ,  0.474792   ,  6.20929    ,  0.0314134  ,  0.010922   ])
Iter time: 428.061510801
Iter time: 830.211626053
Iter time: 1435.64426088
123     , -11762      , array([ 0.174181   ,  0.0115927  ,  0.172247   ,  0.17714    ,  3.2692     ,  2.93409    ,  0.502813   ,  9.7477     ,  0.035751   ,  0.0107766  ])
Iter time: 341.535021782
Iter time: 662.669744015
Iter time: 1145.79684615
125     , -12115.1    , array([ 0.184551   ,  0.0137978  ,  0.18225    ,  0.175989   ,  3.67392    ,  2.98523    ,  0.478019   ,  7.10944    ,  0.0326902  ,  0.0107529  ])
Iter time: 344.417042017
Iter time: 670.338625908
Iter time: 1159.28346205
127     , -12096      , array([ 0.184498   ,  0.0136941  ,  0.18258    ,  0.172493   ,  3.67038    ,  2.9987     ,  0.48183    ,  7.13844    ,  0.0326884  ,  0.0109462  ])
Iter time: 347.796094179
Iter time: 677.443662167
Iter time: 1168.80021191
129     , -12084.2    , array([ 0.182516   ,  0.0128345  ,  0.180831   ,  0.171661   ,  3.7067     ,  2.96239    ,  0.484939   ,  7.03155    ,  0.032467   ,  0.0121291  ])
Iter time: 358.936836004
Iter time: 698.009272099
Iter time: 1211.33979702
131     , -12070.4    , array([ 0.184486   ,  0.0138542  ,  0.180879   ,  0.173838   ,  3.62281    ,  3.04684    ,  0.478483   ,  7.55601    ,  0.0343584  ,  0.0109559  ])
Iter time: 361.91692996
Iter time: 704.140918016
Iter time: 1217.09932995
133     , -12013.2    , array([ 0.181785   ,  0.0131816  ,  0.179735   ,  0.175243   ,  3.5645     ,  2.9743     ,  0.484487   ,  7.74689    ,  0.0334155  ,  0.0107976  ])
Iter time: 364.906708956
Iter time: 709.536926985
Iter time: 1226.77504706
135     , -11999.5    , array([ 0.181624   ,  0.0131069  ,  0.179756   ,  0.173631   ,  3.55757    ,  2.97979    ,  0.486548   ,  7.79448    ,  0.0334513  ,  0.0108867  ])
Iter time: 360.887720108
Iter time: 701.916861057
Iter time: 1211.70382094
137     , -11994.1    , array([ 0.180839   ,  0.0134385  ,  0.178257   ,  0.170501   ,  3.53415    ,  2.9376     ,  0.485979   ,  7.92378    ,  0.0338752  ,  0.0105472  ])
Iter time: 368.945342064
Iter time: 717.817373991
Iter time: 1362.77362204
139     , -11984.1    , array([ 0.180492   ,  0.012652   ,  0.178777   ,  0.173567   ,  3.56306    ,  2.9641     ,  0.488496   ,  7.80607    ,  0.0334048  ,  0.0114168  ])
Iter time: 385.616641998
Iter time: 731.461532116
Iter time: 1265.22586513
141     , -11975.8    , array([ 0.181265   ,  0.0130855  ,  0.178696   ,  0.17465    ,  3.51958    ,  3.00192    ,  0.485736   ,  8.10513    ,  0.0343157  ,  0.0108729  ])
Iter time: 432.453146935
Iter time: 840.235550165
Iter time: 1453.27662301
142     , -11763.9    , array([ 0.174392   ,  0.0115715  ,  0.1732     ,  0.175571   ,  3.27169    ,  2.94655    ,  0.502122   ,  9.8459     ,  0.0353401  ,  0.0107987  ])
Iter time: 383.670004129
Iter time: 746.760221958
Iter time: 1290.611588
144     , -11927      , array([ 0.179463   ,  0.012644   ,  0.177758   ,  0.174613   ,  3.47097    ,  2.96841    ,  0.490648   ,  8.34762    ,  0.033998   ,  0.0108379  ])
Iter time: 382.893234015
Iter time: 743.303002119
Iter time: 1283.94701385
146     , -11921.2    , array([ 0.179007   ,  0.012764   ,  0.176991   ,  0.173239   ,  3.4564     ,  2.94886    ,  0.490595   ,  8.43853    ,  0.0342189  ,  0.0106821  ])
Iter time: 386.344561815
Iter time: 751.582762957
Iter time: 1299.32829809
148     , -11913.2    , array([ 0.178761   ,  0.0123903  ,  0.17716    ,  0.174773   ,  3.46524    ,  2.96137    ,  0.491969   ,  8.40831    ,  0.0340214  ,  0.0110768  ])
Iter time: 391.393043041
Iter time: 761.103917122
Iter time: 1315.11511898
150     , -11907.1    , array([ 0.179019   ,  0.0125664  ,  0.177043   ,  0.175324   ,  3.44135    ,  2.97817    ,  0.490891   ,  8.58361    ,  0.0344673  ,  0.0108199  ])
Iter time: 407.177028894
Iter time: 799.291177988
Iter time: 1367.87380695
151     , -11738      , array([ 0.172629   ,  0.0110844  ,  0.17345    ,  0.18174    ,  3.20417    ,  2.86441    ,  0.510748   ,  9.12014    ,  0.0354708  ,  0.0116075  ])
Iter time: 435.281978846
Iter time: 846.250360012
Iter time: 1464.83192396
152     , -11720.4    , array([ 0.172501   ,  0.0111358  ,  0.172182   ,  0.179666   ,  3.19612    ,  2.90878    ,  0.507222   ,  9.98549    ,  0.0356708  ,  0.01099    ])
Iter time: 396.958353996
Iter time: 774.033710003
Iter time: 1335.92106795
155     , -11859      , array([ 0.177142   ,  0.0122231  ,  0.175724   ,  0.175489   ,  3.37972    ,  2.94163    ,  0.495539   ,  8.8516     ,  0.0345921  ,  0.0108126  ])
Iter time: 401.022230864
Iter time: 778.331699133
Iter time: 1345.16979814
157     , -11852.4    , array([ 0.176941   ,  0.0120347  ,  0.175737   ,  0.1763     ,  3.37981    ,  2.94688    ,  0.496411   ,  8.85846    ,  0.0345208  ,  0.0109973  ])
Iter time: 402.97565794
Iter time: 785.322107077
Iter time: 1356.97070479
159     , -11847      , array([ 0.176965   ,  0.0120937  ,  0.175614   ,  0.176627   ,  3.3651     ,  2.95367    ,  0.496144   ,  8.96444    ,  0.034749   ,  0.0108778  ])
Iter time: 398.13281703
Iter time: 775.982550859
Iter time: 1336.67918706
161     , -11827.6    , array([ 0.176892   ,  0.0122685  ,  0.175097   ,  0.177414   ,  3.33437    ,  2.9386     ,  0.50001    ,  8.9097     ,  0.0330006  ,  0.0109014  ])
Iter time: 380.389447927
Iter time: 739.038251877
Iter time: 1276.53279209
162     , -11697.3    , array([ 0.173797   ,  0.0129305  ,  0.171709   ,  0.181509   ,  3.4347     ,  2.86317    ,  0.52343    ,  8.89792    ,  0.0350115  ,  0.0114145  ])
Iter time: 349.086427927
Iter time: 682.103672028
Iter time: 1177.81374907
163     , -11613.6    , array([ 0.172772   ,  0.0142659  ,  0.169423   ,  0.184915   ,  3.56979    ,  2.80256    ,  0.544796   ,  8.48391    ,  0.0348057  ,  0.0118733  ])
Iter time: 419.801981211
Iter time: 815.808628082
Iter time: 1408.14562106
164     , -11661.5    , array([ 0.171683   ,  0.0115905  ,  0.171091   ,  0.182786   ,  3.26695    ,  2.88061    ,  0.52014    ,  9.75564    ,  0.0359005  ,  0.0113469  ])
Iter time: 420.462168932
Iter time: 818.103181124
Iter time: 1416.89470911
165     , -11631      , array([ 0.170845   ,  0.0116837  ,  0.170164   ,  0.183265   ,  3.24475    ,  2.86243    ,  0.524096   ,  9.938      ,  0.0362577  ,  0.0112263  ])
Iter time: 407.92928195
Iter time: 791.780017853
Iter time: 1369.12466002
167     , -11781.7    , array([ 0.1751     ,  0.0119546  ,  0.173991   ,  0.17851    ,  3.33217    ,  2.92431    ,  0.504438   ,  9.21859    ,  0.035137   ,  0.0110113  ])
Iter time: 404.860122204
Iter time: 787.906587839
Iter time: 1361.92819786
169     , -11769.7    , array([ 0.174975   ,  0.0120251  ,  0.17368    ,  0.178962   ,  3.3168     ,  2.91613    ,  0.506622   ,  9.20608    ,  0.0343492  ,  0.0110287  ])
Iter time: 416.939314842
Iter time: 801.508954048
Iter time: 1406.75228786
170     , -11644      , array([ 0.171056   ,  0.0116344  ,  0.170514   ,  0.182654   ,  3.2638     ,  2.86208    ,  0.522814   ,  9.81273    ,  0.0362149  ,  0.0113093  ])
Iter time: 422.573999882
Iter time: 821.455295801
Iter time: 1421.20341396
171     , -11631.2    , array([ 0.170405   ,  0.0114901  ,  0.170192   ,  0.182937   ,  3.26837    ,  2.85939    ,  0.523846   ,  9.95229    ,  0.0374395  ,  0.0113482  ])
Iter time: 393.754380941
Iter time: 765.970737934
Iter time: 1323.79985404
172     , -11610.1    , array([ 0.170186   ,  0.0119237  ,  0.170067   ,  0.18801    ,  3.31277    ,  2.81292    ,  0.533037   ,  9.32558    ,  0.0368122  ,  0.0117056  ])
Iter time: 375.960001945
Iter time: 732.372220993
Iter time: 1267.07814693
173     , -11535.8    , array([ 0.168121   ,  0.0121037  ,  0.168522   ,  0.194557   ,  3.33351    ,  2.7484     ,  0.5492     ,  9.07582    ,  0.0375711  ,  0.0121872  ])
Iter time: 388.185597181
Iter time: 756.091964006
Iter time: 1305.35963297
174     , -11567      , array([ 0.169189   ,  0.012005   ,  0.170262   ,  0.189873   ,  3.32824    ,  2.78817    ,  0.541782   ,  9.28593    ,  0.0367523  ,  0.0120218  ])
