==========================================
SLURM_JOB_ID = 18981463
SLURM_NODELIST = c8-66
==========================================
Module slurm/17.11.5 loaded 
Module openmpi/3.0.1 loaded 
Module gcc/7.3.0 loaded 
Module python/2.7.6 loaded 
Module numpy/1.11.1 loaded 
Module dadi/1.7.0 loaded 
Module matplotlib/2.0 loaded 
Module scipy/0.18.0 loaded 
Beginning. Call:
/home/hemstrow/monarch/github/F-H_2018/DADI/demographic_models/run_3d_mods.py /home/hemstrow/monarch/github/F-H_2018/Data/dadi_inputs/ dadi_snps_10kgap.txt 1st_folded_optim_10kgap_snps_dadi_out.txt lgrowth_both 10 [NAM,HAW,GUA] True 3 [0.1,0.1,1,1,5,5,.1,.1,.1,.1,2,2] [1,1,10,10,20,20,10,10,10,10,4,4] [1e-3,1e-3,1e-3,1e-3,0.01,0.01,0.01,0.01,0.01,0.01,1,1] [150,15,15] fmin

Ready to begin run. Parameters:

Model:
lgrowth_both
Maxiters:
10
Pops:
['NAM', 'HAW', 'GUA']
Projection:
[150, 15, 15]
Number of segregating sites in projected sfs:
9454.98941724
Folding spectra:
True
Level of parm folding:
3
Optimizer:
fmin
p0:
[  0.47330825   0.01922552   0.17813249   1.33456967   6.52824039
  13.51524786   0.10769264   0.05616373   0.25539151   0.51115689   3.96
   1.01      ]
Upper Bounds:
[1.0, 1.0, 10.0, 10.0, 20.0, 20.0, 10.0, 10.0, 10.0, 10.0, 4.0, 4.0]
Lower Bounds:
[0.001, 0.001, 0.001, 0.001, 0.01, 0.01, 0.01, 0.01, 0.01, 0.01, 1.0, 1.0]

Beginning optimization ************************************************
optimize_log_fmin.
Iter time: 358.22992301
Iter time: 696.593546867
Iter time: 1201.10372305
1       , -26594.6    , array([ 0.473308   ,  0.0192255  ,  0.178132   ,  1.33457    ,  6.52824    ,  13.5152    ,  0.107693   ,  0.0561637  ,  0.255392   ,  0.511157   ,  3.96       ,  1.01       ])
Iter time: 357.609050035
Iter time: 695.741612911
Iter time: 1205.803864
2       , -26594.6    , array([ 0.455933   ,  0.0192255  ,  0.178132   ,  1.33457    ,  6.52824    ,  13.5152    ,  0.107693   ,  0.0561637  ,  0.255392   ,  0.511157   ,  3.96       ,  1.01       ])
Iter time: 390.299578905
Iter time: 759.466267824
Iter time: 1312.829633
3       , -26592.9    , array([ 0.473308   ,  0.0157787  ,  0.178132   ,  1.33457    ,  6.52824    ,  13.5152    ,  0.107693   ,  0.0561637  ,  0.255392   ,  0.511157   ,  3.96       ,  1.01       ])
Iter time: 376.524096966
Iter time: 733.239699125
Iter time: 1262.48246193
4       , -26714.5    , array([ 0.473308   ,  0.0192255  ,  0.163411   ,  1.33457    ,  6.52824    ,  13.5152    ,  0.107693   ,  0.0561637  ,  0.255392   ,  0.511157   ,  3.96       ,  1.01       ])
Iter time: 357.80802989
Iter time: 696.232144117
Iter time: 1201.44312191
5       , -26624.7    , array([ 0.473308   ,  0.0192255  ,  0.178132   ,  1.35397    ,  6.52824    ,  13.5152    ,  0.107693   ,  0.0561637  ,  0.255392   ,  0.511157   ,  3.96       ,  1.01       ])
Iter time: 357.636951923
Iter time: 695.840454102
Iter time: 147776.378961
6       , -26654.1    , array([ 0.473308   ,  0.0192255  ,  0.178132   ,  1.33457    ,  7.17028    ,  13.5152    ,  0.107693   ,  0.0561637  ,  0.255392   ,  0.511157   ,  3.96       ,  1.01       ])
Iter time: 392.37906003
Iter time: 762.958734035
Iter time: 1316.06678295
7       , -26822.3    , array([ 0.473308   ,  0.0192255  ,  0.178132   ,  1.33457    ,  6.52824    ,  15.3945    ,  0.107693   ,  0.0561637  ,  0.255392   ,  0.511157   ,  3.96       ,  1.01       ])
Iter time: 357.384091139
Iter time: 695.176230907
Iter time: 1201.56560302
8       , -26860.4    , array([ 0.473308   ,  0.0192255  ,  0.178132   ,  1.33457    ,  6.52824    ,  13.5152    ,  0.0963375  ,  0.0561637  ,  0.255392   ,  0.511157   ,  3.96       ,  1.01       ])
Iter time: 357.244158983
Iter time: 695.557641029
Iter time: 1201.22152901
9       , -26841.9    , array([ 0.473308   ,  0.0192255  ,  0.178132   ,  1.33457    ,  6.52824    ,  13.5152    ,  0.107693   ,  0.0486327  ,  0.255392   ,  0.511157   ,  3.96       ,  1.01       ])
Iter time: 357.410877943
Iter time: 695.489272833
Iter time: 1203.17050385
10      , -26629      , array([ 0.473308   ,  0.0192255  ,  0.178132   ,  1.33457    ,  6.52824    ,  13.5152    ,  0.107693   ,  0.0561637  ,  0.238543   ,  0.511157   ,  3.96       ,  1.01       ])
Iter time: 357.414911985
Iter time: 697.509809971
Iter time: 1201.8309319
11      , -26613.4    , array([ 0.473308   ,  0.0192255  ,  0.178132   ,  1.33457    ,  6.52824    ,  13.5152    ,  0.107693   ,  0.0561637  ,  0.255392   ,  0.49429    ,  3.96       ,  1.01       ])
Iter time: 358.205353975
Iter time: 698.383112907
Iter time: 1200.96762705
13      , -26594.1    , array([ 0.473308   ,  0.0192255  ,  0.178132   ,  1.33457    ,  6.52824    ,  13.5152    ,  0.107693   ,  0.0561637  ,  0.255392   ,  0.511157   ,  3.96       ,  1.0105     ])
Iter time: 370.811776876
Iter time: 722.13087821
Iter time: 1249.68683481
14      , -26765.8    , array([ 0.470367   ,  0.0186027  ,  0.17559    ,  1.33778    ,  6.63111    ,  13.8117    ,  0.105711   ,  0.0548321  ,  0.252503   ,  0.508306   ,  3.69667    ,  1.01008    ])
Iter time: 373.196672201
Iter time: 728.136018991
Iter time: 1253.83260989
15      , -26468.2    , array([ 0.469879   ,  0.0185009  ,  0.17517    ,  1.33832    ,  6.64841    ,  13.8618    ,  0.120014   ,  0.0546132  ,  0.252025   ,  0.507833   ,  3.91484    ,  1.0101     ])
Iter time: 381.210144043
Iter time: 742.679687023
Iter time: 1281.19675088
16      , -26251      , array([ 0.468173   ,  0.0181489  ,  0.173707   ,  1.3402     ,  6.70932    ,  14.0383    ,  0.133953   ,  0.0538541  ,  0.250358   ,  0.506179   ,  3.89246    ,  1.01015    ])
Iter time: 377.073235989
Iter time: 733.68246007
Iter time: 1269.34101605
17      , -26380.9    , array([ 0.469025   ,  0.0183241  ,  0.174437   ,  1.33926    ,  6.6788     ,  13.9498    ,  0.111336   ,  0.0641515  ,  0.25119    ,  0.507005   ,  3.90363    ,  1.01012    ])
Iter time: 344.685272932
Iter time: 668.934798956
Iter time: 1155.629637
18      , -26346.9    , array([ 0.468315   ,  0.018178   ,  0.173828   ,  1.34004    ,  6.70422    ,  12.0474    ,  0.111955   ,  0.0567943  ,  0.250497   ,  0.506316   ,  3.89432    ,  1.01014    ])
Iter time: 367.184928894
Iter time: 714.639018059
Iter time: 1242.09604597
20      , -26658.9    , array([ 0.4705     ,  0.0186306  ,  0.175705   ,  1.33764    ,  6.6264     ,  13.6369    ,  0.107996   ,  0.0557306  ,  0.252633   ,  0.508435   ,  3.81838    ,  1.01008    ])
Iter time: 352.301273823
Iter time: 684.700028896
Iter time: 1186.06116199
21      , -26385.5    , array([ 0.46751    ,  0.0180136  ,  0.191471   ,  1.34093    ,  6.73322    ,  13.4335    ,  0.113084   ,  0.0570544  ,  0.249711   ,  0.505536   ,  3.9045     ,  1.01017    ])
Iter time: 366.47855401
Iter time: 709.474484921
Iter time: 1225.15048885
23      , -26591.6    , array([ 0.470325   ,  0.018594   ,  0.176926   ,  1.33783    ,  6.63259    ,  13.5469    ,  0.109379   ,  0.0562222  ,  0.252462   ,  0.508266   ,  3.87845    ,  1.01008    ])
Iter time: 367.259145975
Iter time: 714.52704215
Iter time: 1235.77349591
24      , -26389.9    , array([ 0.466522   ,  0.0178133  ,  0.177979   ,  1.34203    ,  6.06734    ,  13.4051    ,  0.114251   ,  0.057288   ,  0.248749   ,  0.504577   ,  3.90548    ,  1.01019    ])
Iter time: 369.596132994
Iter time: 718.769695997
Iter time: 1240.68539596
25      , -26366      , array([ 0.4654     ,  0.0175882  ,  0.177953   ,  1.34327    ,  6.58322    ,  13.3869    ,  0.115382   ,  0.0574776  ,  0.268184   ,  0.503488   ,  3.89646    ,  1.01023    ])
Iter time: 371.563426018
Iter time: 724.501353025
Iter time: 1248.72376394
26      , -26331.8    , array([ 0.464095   ,  0.0173292  ,  0.177924   ,  1.32228    ,  6.59242    ,  13.3656    ,  0.116716   ,  0.0576995  ,  0.252541   ,  0.502221   ,  3.88597    ,  1.01026    ])
Iter time: 373.627002954
Iter time: 729.105895996
Iter time: 1257.28742504
27      , -26298.5    , array([ 0.462577   ,  0.0170319  ,  0.177889   ,  1.33943    ,  6.60318    ,  13.3408    ,  0.118291   ,  0.0579596  ,  0.252069   ,  0.520738   ,  3.87377    ,  1.01031    ])
Iter time: 376.722074032
Iter time: 736.070940971
Iter time: 1266.53947401
28      , -26264.6    , array([ 0.460812   ,  0.0166914  ,  0.177848   ,  1.34025    ,  6.61576    ,  13.312     ,  0.120157   ,  0.0582644  ,  0.251519   ,  0.505117   ,  3.85958    ,  1.01036    ])
Iter time: 380.759607077
Iter time: 742.014157772
Iter time: 1278.88742805
29      , -26208.3    , array([ 0.479223   ,  0.0163028  ,  0.177801   ,  1.34119    ,  6.63045    ,  13.2784    ,  0.12237    ,  0.0586221  ,  0.250879   ,  0.504117   ,  3.84309    ,  1.01042    ])
Iter time: 394.381104946
Iter time: 767.182729959
Iter time: 1326.40593815
30      , -26011.4    , array([ 0.49131    ,  0.0150126  ,  0.177635   ,  1.34452    ,  6.68216    ,  13.1615    ,  0.130443   ,  0.0598913  ,  0.248653   ,  0.500633   ,  3.78594    ,  1.01063    ])
Iter time: 387.110781193
Iter time: 754.048418045
Iter time: 1305.69998503
31      , -26110.2    , array([ 0.464512   ,  0.0156444  ,  0.177718   ,  1.34285    ,  6.65626    ,  13.2198    ,  0.126342   ,  0.0592533  ,  0.249764   ,  0.502372   ,  3.81441    ,  1.00994    ])
Iter time: 353.158349037
Iter time: 687.782955885
Iter time: 1187.7817452
32      , -26028.9    , array([ 0.463061   ,  0.0190347  ,  0.177649   ,  1.34424    ,  6.67784    ,  13.1712    ,  0.12975    ,  0.0597845  ,  0.248838   ,  0.500923   ,  3.79067    ,  1.01043    ])
Iter time: 377.174145937
Iter time: 733.000717163
Iter time: 1266.75807595
33      , -25939.2    , array([ 0.464791   ,  0.0162159  ,  0.178982   ,  1.34203    ,  6.58023    ,  13.079     ,  0.131438   ,  0.0603369  ,  0.25112    ,  0.502551   ,  3.85564    ,  1.0104     ])
Iter time: 384.59314394
Iter time: 748.022460938
Iter time: 1292.47421002
34      , -25607      , array([ 0.462048   ,  0.0151434  ,  0.180019   ,  1.34414    ,  6.55421    ,  12.8512    ,  0.144084   ,  0.0625059  ,  0.250451   ,  0.499718   ,  3.84428    ,  1.01056    ])
Iter time: 375.627632141
Iter time: 732.341555119
Iter time: 1262.18952203
35      , -26005      , array([ 0.467829   ,  0.0164746  ,  0.178262   ,  1.33819    ,  7.2864     ,  13.1246    ,  0.130795   ,  0.060081   ,  0.255158   ,  0.50541    ,  3.81889    ,  1.01035    ])
Iter time: 395.526520967
Iter time: 769.934303045
Iter time: 1332.20942283
36      , -25953.6    , array([ 0.466893   ,  0.0160508  ,  0.163738   ,  1.33882    ,  6.65279    ,  13.0462    ,  0.135387   ,  0.0608489  ,  0.25509    ,  0.504431   ,  3.80575    ,  1.01041    ])
Iter time: 376.096160173
Iter time: 729.677336931
Iter time: 1263.16699409
37      , -25849.1    , array([ 0.465031   ,  0.0154343  ,  0.177841   ,  1.34042    ,  6.70264    ,  12.424     ,  0.14207    ,  0.0536426  ,  0.254241   ,  0.502542   ,  3.79052    ,  1.01051    ])
Iter time: 382.307201862
Iter time: 744.089082003
Iter time: 1284.48529387
38      , -25816.2    , array([ 0.468591   ,  0.0157337  ,  0.174309   ,  1.33594    ,  6.82036    ,  12.7863    ,  0.141925   ,  0.0591861  ,  0.23602    ,  0.505894   ,  3.78009    ,  1.01045    ])
Iter time: 416.667848825
Iter time: 810.562088013
Iter time: 1401.90499115
39      , -25702.5    , array([ 0.46572    ,  0.0148612  ,  0.178527   ,  1.33848    ,  6.71645    ,  14.3497    ,  0.152168   ,  0.0603114  ,  0.250191   ,  0.502998   ,  3.76346    ,  1.01058    ])
Iter time: 393.632460117
Iter time: 767.420027018
Iter time: 1323.70802307
40      , -25647.4    , array([ 0.470229   ,  0.015195   ,  0.174516   ,  1.35922    ,  6.8516     ,  13.0885    ,  0.152559   ,  0.0598048  ,  0.24778    ,  0.50723    ,  3.75146    ,  1.01052    ])
Iter time: 394.869183064
Iter time: 769.333363056
Iter time: 1327.28913903
41      , -25563.1    , array([ 0.473064   ,  0.015169   ,  0.173995   ,  1.3451     ,  6.88267    ,  13.0711    ,  0.157046   ,  0.0598483  ,  0.247535   ,  0.487055   ,  3.7432     ,  1.01051    ])
Iter time: 406.523526907
Iter time: 791.182083845
Iter time: 1364.3948338
42      , -25167.8    , array([ 0.478396   ,  0.0143154  ,  0.17208    ,  1.34794    ,  7.02683    ,  12.9383    ,  0.180952   ,  0.0608157  ,  0.245299   ,  0.471039   ,  3.67958    ,  1.01061    ])
Iter time: 396.251568079
Iter time: 770.878294945
Iter time: 1330.36900592
43      , -25417.4    , array([ 0.477848   ,  0.0150872  ,  0.173081   ,  1.34556    ,  6.93896    ,  13.0374    ,  0.165527   ,  0.059962   ,  0.247042   ,  0.496306   ,  3.72718    ,  1.0105     ])
Iter time: 399.927560806
Iter time: 779.859416008
Iter time: 1344.92790508
44      , -25319.3    , array([ 0.471942   ,  0.0134548  ,  0.177101   ,  1.34651    ,  6.88068    ,  12.2114    ,  0.15381    ,  0.0660445  ,  0.247637   ,  0.493642   ,  3.66907    ,  1.01077    ])
Iter time: 390.102425098
Iter time: 760.428325176
Iter time: 1311.44353414
45      , -25305.1    , array([ 0.476922   ,  0.0152215  ,  0.173003   ,  1.34445    ,  6.97396    ,  12.7971    ,  0.168511   ,  0.0611219  ,  0.247873   ,  0.495931   ,  3.71997    ,  1.01112    ])
Iter time: 441.397186995
Iter time: 859.026318073
Iter time: 1488.572402
46      , -25266.9    , array([ 0.480773   ,  0.0120528  ,  0.172307   ,  1.3431     ,  7.00188    ,  12.7828    ,  0.171391   ,  0.0608026  ,  0.248634   ,  0.496537   ,  3.73154    ,  1.01074    ])
Iter time: 398.459393978
Iter time: 774.18423605
Iter time: 1333.38536096
47      , -25154.3    , array([ 0.451496   ,  0.0147328  ,  0.171448   ,  1.34259    ,  7.05207    ,  12.7301    ,  0.178417   ,  0.0608471  ,  0.248815   ,  0.496144   ,  3.7272     ,  1.01056    ])
Iter time: 398.333533049
Iter time: 774.650009871
Iter time: 1340.83543801
48      , -24697.1    , array([ 0.432815   ,  0.0145949  ,  0.168435   ,  1.34162    ,  7.24463    ,  12.5198    ,  0.208663   ,  0.0613307  ,  0.248897   ,  0.493915   ,  3.69818    ,  1.01052    ])
Iter time: 421.673873186
Iter time: 820.878682852
Iter time: 1418.73410702
49      , -24961.9    , array([ 0.468049   ,  0.0131569  ,  0.169239   ,  1.34951    ,  6.46107    ,  12.6659    ,  0.192342   ,  0.0608635  ,  0.241471   ,  0.489574   ,  3.67532    ,  1.01086    ])
Iter time: 407.236443996
Iter time: 792.999220848
Iter time: 1368.98329091
50      , -24833.4    , array([ 0.469181   ,  0.0130642  ,  0.185268   ,  1.35066    ,  7.04202    ,  12.6793    ,  0.197017   ,  0.0600978  ,  0.239336   ,  0.488086   ,  3.66663    ,  1.01087    ])
Iter time: 431.217357874
Iter time: 841.05202198
Iter time: 1449.40431094
51      , -24748.7    , array([ 0.471757   ,  0.0132138  ,  0.171742   ,  1.35076    ,  7.04742    ,  13.3595    ,  0.198265   ,  0.0694746  ,  0.23773    ,  0.487543   ,  3.66103    ,  1.01084    ])
Iter time: 433.439643145
Iter time: 843.640447855
Iter time: 1459.18446088
52      , -24596.5    , array([ 0.468699   ,  0.0125907  ,  0.174791   ,  1.35778    ,  6.96369    ,  13.0762    ,  0.209839   ,  0.0646722  ,  0.25639    ,  0.48134    ,  3.6516     ,  1.01096    ])
Iter time: 464.676280975
Iter time: 904.142316103
Iter time: 1561.72167301
53      , -23926.4    , array([ 0.468753   ,  0.0112631  ,  0.175032   ,  1.36884    ,  7.03649    ,  13.2235    ,  0.255152   ,  0.0676031  ,  0.267226   ,  0.469514   ,  3.589      ,  1.01122    ])
Iter time: 406.705065012
Iter time: 791.025466204
Iter time: 1365.87907195
54      , -24461.9    , array([ 0.472099   ,  0.012728   ,  0.170099   ,  1.36028    ,  7.1265     ,  11.4939    ,  0.213322   ,  0.0646843  ,  0.244538   ,  0.478585   ,  3.63885    ,  1.01094    ])
Iter time: 433.178395987
Iter time: 840.674249172
Iter time: 1449.88742304
55      , -24306.6    , array([ 0.467881   ,  0.0120862  ,  0.173266   ,  1.33971    ,  7.03187    ,  12.3316    ,  0.225003   ,  0.0660905  ,  0.246377   ,  0.470016   ,  3.63199    ,  1.01107    ])
Iter time: 471.098938942
Iter time: 986.866653919
Iter time: 1520.34887314
56      , -24081.5    , array([ 0.477162   ,  0.0116801  ,  0.166904   ,  1.35399    ,  7.43763    ,  12.4732    ,  0.256608   ,  0.063825   ,  0.243084   ,  0.472233   ,  3.5109     ,  1.01111    ])
Iter time: 452.264096022
Iter time: 878.645675182
Iter time: 1516.27671003
57      , -24104.9    , array([ 0.461274   ,  0.0112339  ,  0.172546   ,  1.35396    ,  7.10696    ,  12.2047    ,  0.240299   ,  0.0672288  ,  0.245775   ,  0.471556   ,  3.5853     ,  1.01128    ])
Iter time: 452.238451004
Iter time: 877.138192892
Iter time: 1514.52139902
58      , -23926.9    , array([ 0.465271   ,  0.0122238  ,  0.167898   ,  1.35426    ,  7.20592    ,  13.0291    ,  0.278568   ,  0.0612182  ,  0.244876   ,  0.470498   ,  3.6281     ,  1.01109    ])
Iter time: 479.678988934
Iter time: 932.066118002
Iter time: 1594.09608388
59      , -23765.2    , array([ 0.458518   ,  0.0104172  ,  0.17102    ,  1.35798    ,  7.14841    ,  12.47      ,  0.276485   ,  0.0661659  ,  0.244148   ,  0.464235   ,  3.56356    ,  1.01074    ])
Iter time: 513.742795944
Iter time: 1005.46178102
Iter time: 1946.68937206
60      , -22970.8    , array([ 0.449585   ,  0.00861785 ,  0.170037   ,  1.36479    ,  7.23725    ,  12.3096    ,  0.354156   ,  0.068842   ,  0.242307   ,  0.449155   ,  3.48784    ,  1.01056    ])
Iter time: 784.360645056
Iter time: 1409.7633729
Iter time: 1438.21317315
61      , -23422.6    , array([ 0.449789   ,  0.0124405  ,  0.171331   ,  1.36298    ,  7.15925    ,  12.4058    ,  0.306794   ,  0.0679044  ,  0.242358   ,  0.455983   ,  3.51275    ,  1.01109    ])
Iter time: 475.463498116
Iter time: 925.105540991
Iter time: 1598.40672302
62      , -23251.6    , array([ 0.447403   ,  0.0102321  ,  0.171433   ,  1.3606     ,  7.15606    ,  12.1711    ,  0.317311   ,  0.0691488  ,  0.24516    ,  0.478071   ,  3.53491    ,  1.0113     ])
Iter time: 463.406827927
Iter time: 901.857055902
Iter time: 1557.69798493
63      , -23134.5    , array([ 0.453867   ,  0.0106761  ,  0.174685   ,  1.36087    ,  7.91634    ,  12.3506    ,  0.324495   ,  0.0705799  ,  0.249676   ,  0.458152   ,  3.51611    ,  1.01113    ])
Iter time: 488.201869011
Iter time: 949.72291398
Iter time: 1642.39288282
64      , -22997.6    , array([ 0.450275   ,  0.0103961  ,  0.158015   ,  1.36142    ,  7.40632    ,  12.2836    ,  0.344269   ,  0.0734204  ,  0.253685   ,  0.454726   ,  3.49991    ,  1.01115    ])
Iter time: 477.151711941
Iter time: 927.224752903
Iter time: 1602.59447193
65      , -22743.7    , array([ 0.444351   ,  0.00987573 ,  0.168109   ,  1.3631     ,  7.46216    ,  11.4961    ,  0.375055   ,  0.0640985  ,  0.258179   ,  0.449976   ,  3.47906    ,  1.01124    ])
Iter time: 511.206919909
Iter time: 992.780843973
Iter time: 1714.95723605
66      , -21684.2    , array([ 0.431251   ,  0.00853769 ,  0.166321   ,  1.36931    ,  7.6786     ,  10.6643    ,  0.515845   ,  0.0615684  ,  0.269054   ,  0.432292   ,  3.3915     ,  1.01144    ])
Iter time: 545.603331089
Iter time: 1062.77156997
Iter time: 1835.99191403
67      , -22360.4    , array([ 0.484039   ,  0.00817686 ,  0.171049   ,  1.37707    ,  7.32976    ,  11.9436    ,  0.41439    ,  0.0726568  ,  0.249817   ,  0.434415   ,  3.39479    ,  1.01171    ])
Iter time: 546.67326808
Iter time: 1065.79019618
Iter time: 1841.17924881
68      , -22179      , array([ 0.445614   ,  0.00870958 ,  0.169534   ,  1.36095    ,  7.48627    ,  13.0931    ,  0.452774   ,  0.0702373  ,  0.255176   ,  0.441153   ,  3.41044    ,  1.01143    ])
Iter time: 537.135643005
Iter time: 1046.22671485
Iter time: 1805.77842593
69      , -22025.3    , array([ 0.445991   ,  0.00868462 ,  0.165832   ,  1.38548    ,  7.6666     ,  12.3262    ,  0.48233    ,  0.0694436  ,  0.254758   ,  0.444476   ,  3.38123    ,  1.01135    ])
Iter time: 531.521186113
Iter time: 1031.80616307
Iter time: 1781.24678302
70      , -21871.5    , array([ 0.449846   ,  0.00895117 ,  0.165426   ,  1.37616    ,  7.68203    ,  12.4749    ,  0.507237   ,  0.0686377  ,  0.256914   ,  0.438679   ,  3.39196    ,  1.01115    ])
Iter time: 547.949413061
Iter time: 1067.669981
Iter time: 1846.12920308
71      , -21561.4    , array([ 0.430616   ,  0.0082358  ,  0.170765   ,  1.37987    ,  7.38016    ,  12.2067    ,  0.53213    ,  0.0731794  ,  0.262165   ,  0.432701   ,  3.44401    ,  1.01132    ])
Iter time: 614.871035099
Iter time: 1198.39804006
Iter time: 2069.45025086
72      , -20367.3    , array([ 0.409075   ,  0.00691569 ,  0.172729   ,  1.393      ,  7.35159    ,  12.0755    ,  0.766288   ,  0.0783589  ,  0.272261   ,  0.414194   ,  3.41104    ,  1.01143    ])
Iter time: 591.52681303
Iter time: 1152.6634469
Iter time: 1994.62079
73      , -21150.8    , array([ 0.432248   ,  0.00715677 ,  0.170558   ,  1.38609    ,  7.64293    ,  11.5388    ,  0.580229   ,  0.0795     ,  0.264885   ,  0.425169   ,  3.29867    ,  1.0114     ])
