==========================================
SLURM_JOB_ID = 18981492
SLURM_NODELIST = c8-72
==========================================
Module slurm/17.11.5 loaded 
Module openmpi/3.0.1 loaded 
Module gcc/7.3.0 loaded 
Module python/2.7.6 loaded 
Module numpy/1.11.1 loaded 
Module dadi/1.7.0 loaded 
Module matplotlib/2.0 loaded 
Module scipy/0.18.0 loaded 
Beginning. Call:
/home/hemstrow/monarch/github/F-H_2018/DADI/demographic_models/run_3d_mods.py /home/hemstrow/monarch/github/F-H_2018/Data/dadi_inputs/ dadi_snps_10kgap.txt 1st_folded_optim_10kgap_snps_dadi_out.txt lgrowth_p3 10 [NAM,GUA,HAW] True 3 [0.1,0.1,0.5,1,5,5,.1,.1,.1,.1,2] [1,1,5,10,20,20,10,10,10,10,4] [1e-3,1e-3,1e-3,1e-3,0.01,0.01,0.01,0.01,0.01,0.01,1] [150,15,15] fmin

Ready to begin run. Parameters:

Model:
lgrowth_p3
Maxiters:
10
Pops:
['NAM', 'GUA', 'HAW']
Projection:
[150, 15, 15]
Number of segregating sites in projected sfs:
9454.98941724
Folding spectra:
True
Level of parm folding:
3
Optimizer:
fmin
p0:
[  0.51528748   0.02998212   0.09829861   0.5292082   19.17882481
  17.96765893   0.28452112   0.08782003   0.02854319   0.03269089   1.01      ]
Upper Bounds:
[1.0, 1.0, 5.0, 10.0, 20.0, 20.0, 10.0, 10.0, 10.0, 10.0, 4.0]
Lower Bounds:
[0.001, 0.001, 0.001, 0.001, 0.01, 0.01, 0.01, 0.01, 0.01, 0.01, 1.0]

Beginning optimization ************************************************
optimize_log_fmin.
Iter time: 477.16313386
Iter time: 930.646878958
Iter time: 1600.07800913
1       , -24545.5    , array([ 0.515287   ,  0.0299821  ,  0.0982986  ,  0.529208   ,  19.1788    ,  17.9677    ,  0.284521   ,  0.08782    ,  0.0285432  ,  0.0326909  ,  1.01       ])
Iter time: 480.969180107
Iter time: 935.418186903
Iter time: 1610.54390311
2       , -24545.3    , array([ 0.498485   ,  0.0299821  ,  0.0982986  ,  0.529208   ,  19.1788    ,  17.9677    ,  0.284521   ,  0.08782    ,  0.0285432  ,  0.0326909  ,  1.01       ])
Iter time: 495.098525047
Iter time: 963.624918938
Iter time: 1662.93973398
3       , -24545.4    , array([ 0.515287   ,  0.0251597  ,  0.0982986  ,  0.529208   ,  19.1788    ,  17.9677    ,  0.284521   ,  0.08782    ,  0.0285432  ,  0.0326909  ,  1.01       ])
Iter time: 513.281188011
Iter time: 998.173204899
Iter time: 1725.06743407
4       , -24633      , array([ 0.515287   ,  0.0299821  ,  0.0875336  ,  0.529208   ,  19.1788    ,  17.9677    ,  0.284521   ,  0.08782    ,  0.0285432  ,  0.0326909  ,  1.01       ])
Iter time: 476.96937108
Iter time: 147501.578706
Iter time: 1626.8029511
5       , -24558.2    , array([ 0.515287   ,  0.0299821  ,  0.0982986  ,  0.512635   ,  19.1788    ,  17.9677    ,  0.284521   ,  0.08782    ,  0.0285432  ,  0.0326909  ,  1.01       ])
Iter time: 476.692267179
Iter time: 926.983178854
Iter time: 1600.17683601
8       , -24713.8    , array([ 0.515287   ,  0.0299821  ,  0.0982986  ,  0.529208   ,  19.1788    ,  17.9677    ,  0.26719    ,  0.08782    ,  0.0285432  ,  0.0326909  ,  1.01       ])
Iter time: 476.550364971
Iter time: 926.622806072
Iter time: 1600.21558499
9       , -25026.6    , array([ 0.515287   ,  0.0299821  ,  0.0982986  ,  0.529208   ,  19.1788    ,  17.9677    ,  0.284521   ,  0.077763   ,  0.0285432  ,  0.0326909  ,  1.01       ])
Iter time: 476.654130936
Iter time: 927.284787893
Iter time: 1600.87501788
10      , -24661.1    , array([ 0.515287   ,  0.0299821  ,  0.0982986  ,  0.529208   ,  19.1788    ,  17.9677    ,  0.284521   ,  0.08782    ,  0.0238934  ,  0.0326909  ,  1.01       ])
Iter time: 476.594476938
Iter time: 927.945351124
Iter time: 1602.52512193
11      , -24562.8    , array([ 0.515287   ,  0.0299821  ,  0.0982986  ,  0.529208   ,  19.1788    ,  17.9677    ,  0.284521   ,  0.08782    ,  0.0285432  ,  0.0275517  ,  1.01       ])
Iter time: 476.706993103
Iter time: 926.896729946
Iter time: 1600.50259209
12      , -24545.6    , array([ 0.515287   ,  0.0299821  ,  0.0982986  ,  0.529208   ,  19.1788    ,  17.9677    ,  0.284521   ,  0.08782    ,  0.0285432  ,  0.0326909  ,  1.0105     ])
Iter time: 440.679192066
Iter time: 855.527233124
Iter time: 1477.05304289
13      , -24558.3    , array([ 0.512191   ,  0.0290413  ,  0.0962473  ,  0.526155   ,  19.7008    ,  15.5513    ,  0.281288   ,  0.0858994  ,  0.0276351  ,  0.0316899  ,  1.01009    ])
Iter time: 470.261023045
Iter time: 914.789479971
Iter time: 1579.6441052
14      , -24710      , array([ 0.51163    ,  0.0288734  ,  0.095879   ,  0.525602   ,  16.6265    ,  17.502     ,  0.280705   ,  0.0855547  ,  0.0274732  ,  0.0315113  ,  1.01011    ])
Iter time: 478.847660065
Iter time: 930.563721895
Iter time: 1606.19399405
15      , -24163      , array([ 0.510968   ,  0.0286763  ,  0.0954455  ,  0.524949   ,  18.7787    ,  17.4186    ,  0.280016   ,  0.0983115  ,  0.027283   ,  0.0313014  ,  1.01013    ])
Iter time: 479.917932987
Iter time: 933.133452892
Iter time: 1609.61654305
16      , -23718.7    , array([ 0.508821   ,  0.0280448  ,  0.0940502  ,  0.522833   ,  18.5818    ,  17.1504    ,  0.277791   ,  0.11054    ,  0.0266739  ,  0.030629   ,  1.01019    ])
Iter time: 479.075528145
Iter time: 931.874998808
Iter time: 1609.04720807
17      , -24310.4    , array([ 0.509796   ,  0.0283301  ,  0.0946819  ,  0.523794   ,  18.671     ,  17.2718    ,  0.300296   ,  0.0907721  ,  0.026949   ,  0.0309328  ,  1.01016    ])
Iter time: 474.81200099
Iter time: 925.23049593
Iter time: 1593.23014903
19      , -24592.7    , array([ 0.511998   ,  0.0289836  ,  0.0961208  ,  0.525966   ,  17.8315    ,  17.5485    ,  0.282845   ,  0.0876349  ,  0.0275794  ,  0.0316285  ,  1.0101     ])
Iter time: 480.14962101
Iter time: 933.862998962
Iter time: 1612.02195096
20      , -24267.5    , array([ 0.50887    ,  0.0280591  ,  0.0940818  ,  0.522881   ,  18.8181    ,  17.1565    ,  0.285178   ,  0.0917191  ,  0.0329288  ,  0.0306442  ,  1.01019    ])
Iter time: 442.029232979
Iter time: 859.792457104
Iter time: 1484.00985813
21      , -24241.2    , array([ 0.507712   ,  0.0277229  ,  0.107047   ,  0.521739   ,  18.7532    ,  17.013     ,  0.285298   ,  0.0924464  ,  0.0282903  ,  0.0302861  ,  1.01022    ])
Iter time: 473.38862896
Iter time: 921.149168015
Iter time: 1588.94444108
23      , -24498.1    , array([ 0.511546   ,  0.0288485  ,  0.0969329  ,  0.52552    ,  18.4316    ,  17.4915    ,  0.283987   ,  0.0890768  ,  0.0280272  ,  0.0314848  ,  1.01011    ])
Iter time: 468.258697987
Iter time: 911.292509079
Iter time: 1570.92419195
24      , -24229      , array([ 0.506266   ,  0.0273077  ,  0.0969614  ,  0.520312   ,  18.7896    ,  16.835     ,  0.285648   ,  0.0935907  ,  0.0283274  ,  0.0365287  ,  1.01027    ])
Iter time: 512.438674927
Iter time: 996.545772076
Iter time: 1720.76449704
25      , -24134.3    , array([ 0.50825    ,  0.0278786  ,  0.099161   ,  0.522269   ,  18.1349    ,  19.7333    ,  0.28974    ,  0.0971869  ,  0.0293901  ,  0.0325897  ,  1.01021    ])
Iter time: 479.318435907
Iter time: 932.175276995
Iter time: 1609.08829403
26      , -24100.5    , array([ 0.503934   ,  0.026649   ,  0.0972461  ,  0.537862   ,  18.4399    ,  17.3731    ,  0.287397   ,  0.0968293  ,  0.0286067  ,  0.0315741  ,  1.01034    ])
Iter time: 480.259788036
Iter time: 933.783401966
Iter time: 1612.71277404
27      , -24030.6    , array([ 0.501897   ,  0.026084   ,  0.0970559  ,  0.522556   ,  18.3086    ,  17.2671    ,  0.287923   ,  0.0985639  ,  0.0286183  ,  0.0313752  ,  1.00981    ])
Iter time: 481.42316103
Iter time: 938.350795984
Iter time: 1615.53539109
28      , -23937.4    , array([ 0.4995     ,  0.0254318  ,  0.0968317  ,  0.521356   ,  18.1547    ,  17.1427    ,  0.288545   ,  0.100654   ,  0.028632   ,  0.0311417  ,  1.01027    ])
Iter time: 460.611314058
Iter time: 895.471894979
Iter time: 1545.60840487
29      , -23827.1    , array([ 0.496682   ,  0.0303657  ,  0.0965673  ,  0.51994    ,  17.9744    ,  16.9968    ,  0.289283   ,  0.103182   ,  0.0286481  ,  0.030868   ,  1.01032    ])
Iter time: 474.797847986
Iter time: 919.91597414
Iter time: 1588.39371991
30      , -23696.5    , array([ 0.513085   ,  0.0255405  ,  0.0962559  ,  0.518273   ,  17.7637    ,  16.826     ,  0.290158   ,  0.10625    ,  0.0286673  ,  0.0305477  ,  1.01038    ])
Iter time: 471.91686511
Iter time: 917.617910147
Iter time: 1584.24582887
31      , -23274.6    , array([ 0.520545   ,  0.023573   ,  0.0952505  ,  0.51289    ,  17.0958    ,  16.2827    ,  0.293018   ,  0.116869   ,  0.0287295  ,  0.0295293  ,  1.01057    ])
Iter time: 477.295951843
Iter time: 928.523491859
Iter time: 1603.28373718
32      , -23518.1    , array([ 0.501572   ,  0.0255872  ,  0.0973017  ,  0.519607   ,  18.2328    ,  17.0605    ,  0.292363   ,  0.110053   ,  0.0293267  ,  0.0313502  ,  1.01035    ])
Iter time: 471.768244982
Iter time: 917.767011881
Iter time: 1584.15414
33      , -23566.6    , array([ 0.501808   ,  0.0255774  ,  0.100111   ,  0.520559   ,  17.9214    ,  17.2389    ,  0.275142   ,  0.111847   ,  0.0309725  ,  0.0319875  ,  1.01034    ])
Iter time: 469.588974953
Iter time: 912.719422102
Iter time: 1576.30320597
34      , -23442.4    , array([ 0.501445   ,  0.0253933  ,  0.101893   ,  0.521046   ,  17.6242    ,  17.3699    ,  0.287846   ,  0.114758   ,  0.0250673  ,  0.0325416  ,  1.01034    ])
Iter time: 514.641026974
Iter time: 1000.60784197
Iter time: 1726.83851409
35      , -23345.1    , array([ 0.501456   ,  0.0252942  ,  0.0887525  ,  0.522061   ,  17.4867    ,  17.5826    ,  0.288191   ,  0.11842    ,  0.0285427  ,  0.0333593  ,  1.01032    ])
Iter time: 494.340559006
Iter time: 962.160645008
Iter time: 1660.22045016
36      , -23186.9    , array([ 0.502016   ,  0.0253238  ,  0.096421   ,  0.523812   ,  17.2263    ,  17.9095    ,  0.288302   ,  0.122085   ,  0.0285446  ,  0.0272057  ,  1.01029    ])
Iter time: 508.937217951
Iter time: 991.408827782
Iter time: 1706.57693815
37      , -22641.1    , array([ 0.499905   ,  0.0243865  ,  0.096152   ,  0.525571   ,  16.4941    ,  18.4722    ,  0.289638   ,  0.139436   ,  0.0286539  ,  0.0234786  ,  1.0103     ])
Iter time: 452.67157197
Iter time: 880.125329018
Iter time: 1521.97693801
38      , -23055.1    , array([ 0.498554   ,  0.0242089  ,  0.0937554  ,  0.522447   ,  17.543     ,  15.0967    ,  0.284212   ,  0.125542   ,  0.0273859  ,  0.028729   ,  1.01036    ])
Iter time: 477.037249804
Iter time: 927.785801888
Iter time: 1602.0505209
39      , -22873.4    , array([ 0.501843   ,  0.0248875  ,  0.0949683  ,  0.504626   ,  17.0972    ,  16.7153    ,  0.28595    ,  0.132098   ,  0.0279135  ,  0.0291483  ,  1.01024    ])
Iter time: 476.296980858
Iter time: 925.21342206
Iter time: 1597.76141405
40      , -22732.2    , array([ 0.50387    ,  0.0252104  ,  0.0947789  ,  0.51612    ,  17.0067    ,  16.7189    ,  0.285071   ,  0.13687    ,  0.0277761  ,  0.0289431  ,  1.01085    ])
Iter time: 473.382171869
Iter time: 920.705251932
Iter time: 1590.101403
41      , -22604.4    , array([ 0.507091   ,  0.0258159  ,  0.094629   ,  0.51636    ,  16.9484    ,  16.7637    ,  0.283829   ,  0.141731   ,  0.02761    ,  0.0287745  ,  1.01049    ])
Iter time: 469.633736849
Iter time: 913.733314037
Iter time: 1578.20262504
42      , -21935.4    , array([ 0.510929   ,  0.0260101  ,  0.0935465  ,  0.51388    ,  16.3757    ,  16.5774    ,  0.2815     ,  0.168183   ,  0.0271128  ,  0.0276592  ,  1.0106     ])
Iter time: 502.886904001
Iter time: 977.931025982
Iter time: 1694.08252907
43      , -22367.4    , array([ 0.512597   ,  0.0210211  ,  0.0943413  ,  0.516663   ,  16.8309    ,  16.831     ,  0.281705   ,  0.151103   ,  0.0273194  ,  0.028456   ,  1.01049    ])
Iter time: 483.805723906
Iter time: 942.564913988
Iter time: 1626.74317908
44      , -22247.9    , array([ 0.50104    ,  0.0215985  ,  0.0969207  ,  0.512697   ,  15.9904    ,  16.6233    ,  0.294107   ,  0.149292   ,  0.0294693  ,  0.0282969  ,  1.01067    ])
Iter time: 491.258064985
Iter time: 957.712829828
Iter time: 1651.78148198
45      , -22135.4    , array([ 0.507901   ,  0.0229651  ,  0.0905188  ,  0.513514   ,  16.2396    ,  16.429     ,  0.300559   ,  0.155501   ,  0.0251508  ,  0.0264979  ,  1.01059    ])
Iter time: 488.04334116
Iter time: 950.301628828
Iter time: 1639.80660796
46      , -21940.3    , array([ 0.5093     ,  0.0225095  ,  0.0919163  ,  0.513353   ,  15.6298    ,  16.4873    ,  0.284281   ,  0.168288   ,  0.0258307  ,  0.0262224  ,  1.01061    ])
Iter time: 499.911458969
Iter time: 972.853500843
Iter time: 1679.83467817
47      , -21785.1    , array([ 0.51087    ,  0.0221896  ,  0.086145   ,  0.510552   ,  15.8202    ,  16.0409    ,  0.288088   ,  0.173023   ,  0.0303851  ,  0.0242899  ,  1.01068    ])
Iter time: 516.002119064
Iter time: 1005.05404282
Iter time: 1734.09502006
48      , -21016.2    , array([ 0.515649   ,  0.0207428  ,  0.0792086  ,  0.505384   ,  14.9886    ,  15.415     ,  0.288209   ,  0.212453   ,  0.0334532  ,  0.0209855  ,  1.01086    ])
Iter time: 462.582181931
Iter time: 896.365954161
Iter time: 1545.60950685
49      , -21444.8    , array([ 0.513459   ,  0.0214873  ,  0.0968751  ,  0.506561   ,  15.504     ,  15.4722    ,  0.287746   ,  0.186472   ,  0.0274668  ,  0.0217795  ,  1.01079    ])
Iter time: 494.651763916
Iter time: 964.309644938
Iter time: 1664.87508202
50      , -21159      , array([ 0.493399   ,  0.0226712  ,  0.0905444  ,  0.514455   ,  15.5791    ,  16.553     ,  0.282074   ,  0.205699   ,  0.0270661  ,  0.0232795  ,  1.01058    ])
