==========================================
SLURM_JOB_ID = 18981448
SLURM_NODELIST = c8-65
==========================================
Module slurm/17.11.5 loaded 
Module openmpi/3.0.1 loaded 
Module gcc/7.3.0 loaded 
Module python/2.7.6 loaded 
Module numpy/1.11.1 loaded 
Module dadi/1.7.0 loaded 
Module matplotlib/2.0 loaded 
Module scipy/0.18.0 loaded 
Beginning. Call:
/home/hemstrow/monarch/github/F-H_2018/DADI/demographic_models/run_3d_mods.py /home/hemstrow/monarch/github/F-H_2018/Data/dadi_inputs/ dadi_snps_10kgap.txt 1st_folded_optim_10kgap_snps_dadi_out.txt cgrowth 10 [NAM,HAW,GUA] True 3 [0.1,0.1,0.5,0.5,5,5,.1,.1,.1,.1] [1,1,5,5,20,20,10,10,10,10] [.001,.001,.001,.001,.01,.01,.01,.01,.01,.01] [150,15,15] fmin

Ready to begin run. Parameters:

Model:
cgrowth
Maxiters:
10
Pops:
['NAM', 'HAW', 'GUA']
Projection:
[150, 15, 15]
Number of segregating sites in projected sfs:
9454.98941724
Folding spectra:
True
Level of parm folding:
3
Optimizer:
fmin
p0:
[ 0.5446139   0.02078401  1.44765643  0.73556639  3.64275021  2.90266435
  0.03670194  0.11859002  0.4897836   0.05312419]
Upper Bounds:
[1.0, 1.0, 5.0, 5.0, 20.0, 20.0, 10.0, 10.0, 10.0, 10.0]
Lower Bounds:
[0.001, 0.001, 0.001, 0.001, 0.01, 0.01, 0.01, 0.01, 0.01, 0.01]

Beginning optimization ************************************************
optimize_log_fmin.
Iter time: 123.713480949
Iter time: 241.477039099
Iter time: 416.37729311
1       , -22961.3    , array([ 0.544614   ,  0.020784   ,  1.44766    ,  0.735566   ,  3.64275    ,  2.90266    ,  0.0367019  ,  0.11859    ,  0.489784   ,  0.0531242  ])
Iter time: 123.635546923
Iter time: 240.705536127
Iter time: 415.871614218
2       , -22956.2    , array([ 0.528315   ,  0.020784   ,  1.44766    ,  0.735566   ,  3.64275    ,  2.90266    ,  0.0367019  ,  0.11859    ,  0.489784   ,  0.0531242  ])
Iter time: 142.708054066
Iter time: 277.726438999
Iter time: 480.437361002
3       , -22952.5    , array([ 0.544614   ,  0.0171244  ,  1.44766    ,  0.735566   ,  3.64275    ,  2.90266    ,  0.0367019  ,  0.11859    ,  0.489784   ,  0.0531242  ])
Iter time: 123.953376055
Iter time: 240.50189209
Iter time: 415.876488924
4       , -22973.1    , array([ 0.544614   ,  0.020784   ,  1.47468    ,  0.735566   ,  3.64275    ,  2.90266    ,  0.0367019  ,  0.11859    ,  0.489784   ,  0.0531242  ])
Iter time: 124.094906092
Iter time: 242.060784817
Iter time: 418.588387966
5       , -22954.2    , array([ 0.544614   ,  0.020784   ,  1.44766    ,  0.724358   ,  3.64275    ,  2.90266    ,  0.0367019  ,  0.11859    ,  0.489784   ,  0.0531242  ])
Iter time: 123.893671036
Iter time: 240.835896015
Iter time: 416.097332954
6       , -23093.1    , array([ 0.544614   ,  0.020784   ,  1.44766    ,  0.735566   ,  3.88598    ,  2.90266    ,  0.0367019  ,  0.11859    ,  0.489784   ,  0.0531242  ])
Iter time: 130.438097
Iter time: 254.658342123
Iter time: 438.248914003
7       , -23065      , array([ 0.544614   ,  0.020784   ,  1.44766    ,  0.735566   ,  3.64275    ,  3.06152    ,  0.0367019  ,  0.11859    ,  0.489784   ,  0.0531242  ])
Iter time: 123.579176903
Iter time: 240.514684916
Iter time: 417.297827959
8       , -23233.9    , array([ 0.544614   ,  0.020784   ,  1.44766    ,  0.735566   ,  3.64275    ,  2.90266    ,  0.0311117  ,  0.11859    ,  0.489784   ,  0.0531242  ])
Iter time: 123.866466045
Iter time: 240.575797081
Iter time: 415.901618958
9       , -23018.6    , array([ 0.544614   ,  0.020784   ,  1.44766    ,  0.735566   ,  3.64275    ,  2.90266    ,  0.0367019  ,  0.106598   ,  0.489784   ,  0.0531242  ])
Iter time: 123.865082979
Iter time: 240.565574884
Iter time: 417.452375889
10      , -22972      , array([ 0.544614   ,  0.020784   ,  1.44766    ,  0.735566   ,  3.64275    ,  2.90266    ,  0.0367019  ,  0.11859    ,  0.472612   ,  0.0531242  ])
Iter time: 124.251596212
Iter time: 241.032307863
Iter time: 416.654124975
11      , -23000.9    , array([ 0.544614   ,  0.020784   ,  1.44766    ,  0.735566   ,  3.64275    ,  2.90266    ,  0.0367019  ,  0.11859    ,  0.489784   ,  0.045873   ])
Iter time: 128.58307004
Iter time: 250.998069048
Iter time: 433.023566008
12      , -22744.2    , array([ 0.541314   ,  0.0199943  ,  1.45302    ,  0.733311   ,  3.69015    ,  2.93376    ,  0.0432967  ,  0.116088   ,  0.4863     ,  0.0515876  ])
Iter time: 131.164970875
Iter time: 255.415115118
Iter time: 441.197339058
13      , -22482.7    , array([ 0.539672   ,  0.0196108  ,  1.45571    ,  0.732186   ,  3.71408    ,  2.94943    ,  0.0510764  ,  0.114857   ,  0.484568   ,  0.050836   ])
Iter time: 130.069479942
Iter time: 253.337841988
Iter time: 437.501909971
14      , -22782.9    , array([ 0.540328   ,  0.0197633  ,  1.45464    ,  0.732636   ,  3.42801    ,  2.94316    ,  0.0392099  ,  0.115348   ,  0.48526    ,  0.0511353  ])
Iter time: 123.303726912
Iter time: 240.198271036
Iter time: 415.717068911
15      , -22750.4    , array([ 0.539475   ,  0.0195653  ,  1.45604    ,  0.732051   ,  3.61274    ,  2.76853    ,  0.0397316  ,  0.114711   ,  0.48436    ,  0.0507466  ])
Iter time: 130.292665958
Iter time: 253.401724815
Iter time: 437.846432924
16      , -22741.4    , array([ 0.538454   ,  0.0193302  ,  1.45772    ,  0.73135    ,  3.60676    ,  2.89254    ,  0.040367   ,  0.1295     ,  0.483283   ,  0.050284   ])
Iter time: 131.413314819
Iter time: 146764.458643
Iter time: 508.49379921
17      , -22707.2    , array([ 0.53723    ,  0.0190519  ,  1.45974    ,  0.730509   ,  3.59961    ,  2.89052    ,  0.0411428  ,  0.118473   ,  0.481993   ,  0.0593116  ])
Iter time: 133.147681952
Iter time: 258.886842966
Iter time: 447.668704033
18      , -22682      , array([ 0.535765   ,  0.0187232  ,  1.43007    ,  0.729502   ,  3.59104    ,  2.88809    ,  0.0420934  ,  0.118449   ,  0.480449   ,  0.0523569  ])
Iter time: 135.327754974
Iter time: 263.04540205
Iter time: 455.136949778
19      , -22623.6    , array([ 0.534013   ,  0.0183363  ,  1.45321    ,  0.728295   ,  3.58079    ,  2.88519    ,  0.0432633  ,  0.118421   ,  0.499547   ,  0.0522048  ])
Iter time: 138.028590918
Iter time: 267.700549126
Iter time: 463.174047947
20      , -22566.6    , array([ 0.531917   ,  0.0178825  ,  1.45432    ,  0.726849   ,  3.56852    ,  2.8817     ,  0.0447101  ,  0.118387   ,  0.483939   ,  0.0520228  ])
Iter time: 140.499193907
Iter time: 273.459728956
Iter time: 472.840370178
21      , -22492.9    , array([ 0.549073   ,  0.0173527  ,  1.45566    ,  0.725118   ,  3.55386    ,  2.87753    ,  0.0465102  ,  0.118347   ,  0.482779   ,  0.0518053  ])
Iter time: 143.964753151
Iter time: 279.489743948
Iter time: 483.494195938
22      , -22400.9    , array([ 0.53351    ,  0.0167376  ,  1.45726    ,  0.736494   ,  3.53634    ,  2.87253    ,  0.0487664  ,  0.118298   ,  0.48139    ,  0.0515455  ])
Iter time: 154.805037975
Iter time: 301.877583027
Iter time: 521.383573055
23      , -22117.1    , array([ 0.528044   ,  0.0150202  ,  1.46209    ,  0.742638   ,  3.48431    ,  2.85758    ,  0.0562129  ,  0.118153   ,  0.477247   ,  0.0507738  ])
Iter time: 127.112074852
Iter time: 247.401015043
Iter time: 426.270296812
24      , -22232.8    , array([ 0.530223   ,  0.0197888  ,  1.46016    ,  0.72666    ,  3.50503    ,  2.86355    ,  0.0531068  ,  0.118211   ,  0.4789     ,  0.051081   ])
Iter time: 138.368453979
Iter time: 269.851522923
Iter time: 466.145959854
25      , -22295.8    , array([ 0.532415   ,  0.017151   ,  1.45426    ,  0.728373   ,  3.74118    ,  2.80871    ,  0.0528195  ,  0.122131   ,  0.482091   ,  0.0530565  ])
Iter time: 149.502242804
Iter time: 290.475014925
Iter time: 502.263798952
26      , -22234.6    , array([ 0.531853   ,  0.0168742  ,  1.4525     ,  0.728221   ,  3.57478    ,  2.99449    ,  0.0551804  ,  0.124359   ,  0.482533   ,  0.053941   ])
Iter time: 145.456562996
Iter time: 283.218298912
Iter time: 489.32740593
27      , -22139.3    , array([ 0.53155    ,  0.0166214  ,  1.44979    ,  0.728294   ,  3.57433    ,  2.88603    ,  0.0578159  ,  0.109267   ,  0.483458   ,  0.055207   ])
Iter time: 146.992616892
Iter time: 286.01886487
Iter time: 494.15119791
28      , -22047.1    , array([ 0.531629   ,  0.0164102  ,  1.4458     ,  0.728689   ,  3.57639    ,  2.88715    ,  0.0607199  ,  0.117521   ,  0.485047   ,  0.0461376  ])
Iter time: 155.406944036
Iter time: 302.473981857
Iter time: 522.546521187
29      , -21685.4    , array([ 0.528851   ,  0.01523    ,  1.43888    ,  0.727781   ,  3.56484    ,  2.88547    ,  0.0737649  ,  0.117049   ,  0.486581   ,  0.0406924  ])
Iter time: 149.617765188
Iter time: 292.078597069
Iter time: 504.575167894
30      , -21883.3    , array([ 0.531699   ,  0.0160227  ,  1.47761    ,  0.729351   ,  3.57968    ,  2.88905    ,  0.0663952  ,  0.117265   ,  0.48784    ,  0.0496969  ])
Iter time: 150.392318964
Iter time: 292.756753922
Iter time: 508.399235964
31      , -21792.2    , array([ 0.532981   ,  0.0159254  ,  1.45894    ,  0.730771   ,  3.5897     ,  2.89273    ,  0.0703778  ,  0.117063   ,  0.46697    ,  0.0493533  ])
Iter time: 150.518797874
Iter time: 292.874634027
Iter time: 508.286438942
32      , -21688.3    , array([ 0.535295   ,  0.0159553  ,  1.45874    ,  0.733013   ,  3.60631    ,  2.89844    ,  0.0745685  ,  0.116834   ,  0.478602   ,  0.0490069  ])
Iter time: 149.060456038
Iter time: 291.13479805
Iter time: 503.150367975
33      , -21597.7    , array([ 0.515941   ,  0.0161686  ,  1.45802    ,  0.736356   ,  3.63181    ,  2.90686    ,  0.0787796  ,  0.116573   ,  0.478919   ,  0.0486691  ])
Iter time: 153.625890017
Iter time: 299.086296797
Iter time: 517.169453859
34      , -21106.7    , array([ 0.500132   ,  0.0156072  ,  1.4592     ,  0.74204    ,  3.67143    ,  2.92163    ,  0.102529   ,  0.115696   ,  0.477001   ,  0.047173   ])
Iter time: 165.30179286
Iter time: 321.69948101
Iter time: 555.880002975
35      , -21361.2    , array([ 0.517      ,  0.0136682  ,  1.45866    ,  0.731201   ,  3.46713    ,  2.83062    ,  0.0824645  ,  0.12029    ,  0.475652   ,  0.0488608  ])
Iter time: 162.10422802
Iter time: 315.583506823
Iter time: 545.587626934
36      , -21355.3    , array([ 0.520977   ,  0.0149349  ,  1.46101    ,  0.735598   ,  3.39003    ,  2.97707    ,  0.0871741  ,  0.112783   ,  0.476812   ,  0.0460509  ])
Iter time: 152.717413902
Iter time: 297.537992001
Iter time: 515.542266846
37      , -21228      , array([ 0.519377   ,  0.0148137  ,  1.46448    ,  0.737237   ,  3.51038    ,  2.78912    ,  0.091436   ,  0.108619   ,  0.47524    ,  0.0438855  ])
Iter time: 188.11271596
Iter time: 365.143168926
Iter time: 631.114984989
38      , -21001.8    , array([ 0.518824   ,  0.0119211  ,  1.45766    ,  0.740958   ,  3.58132    ,  2.90133    ,  0.105912   ,  0.11235    ,  0.478111   ,  0.0449565  ])
Iter time: 229.241874933
Iter time: 446.521446943
Iter time: 771.570919037
39      , -20308.7    , array([ 0.513216   ,  0.00925258 ,  1.45642    ,  0.748213   ,  3.62009    ,  2.92041    ,  0.14957    ,  0.109529   ,  0.477717   ,  0.0421754  ])
Iter time: 178.441221952
Iter time: 347.146402121
Iter time: 600.161091089
40      , -20743.1    , array([ 0.513909   ,  0.0126237  ,  1.46943    ,  0.743296   ,  3.52084    ,  2.88555    ,  0.117654   ,  0.121605   ,  0.472473   ,  0.0394159  ])
Iter time: 172.258491039
Iter time: 335.053784132
Iter time: 579.4617908
41      , -20441.3    , array([ 0.514522   ,  0.0134921  ,  1.45853    ,  0.729069   ,  3.61934    ,  2.91997    ,  0.140273   ,  0.113109   ,  0.477661   ,  0.0407411  ])
Iter time: 183.210683823
Iter time: 356.987420082
Iter time: 617.36768198
42      , -20436.1    , array([ 0.507639   ,  0.0122205  ,  1.43946    ,  0.742294   ,  3.53069    ,  2.89431    ,  0.137924   ,  0.113145   ,  0.465322   ,  0.0400022  ])
Iter time: 190.071712971
Iter time: 369.695493937
Iter time: 640.178972006
43      , -20249.7    , array([ 0.501508   ,  0.011661   ,  1.45397    ,  0.743173   ,  3.50918    ,  2.89094    ,  0.148861   ,  0.112571   ,  0.485774   ,  0.0386233  ])
Iter time: 213.700676918
Iter time: 416.701311111
Iter time: 721.569911003
44      , -19396.4    , array([ 0.486475   ,  0.00997838 ,  1.4515     ,  0.749452   ,  3.46959    ,  2.89005    ,  0.216499   ,  0.11039    ,  0.495458   ,  0.0341677  ])
Iter time: 203.922129869
Iter time: 397.571850061
Iter time: 686.971639872
45      , -19899.9    , array([ 0.48988    ,  0.0105962  ,  1.45272    ,  0.744193   ,  3.46612    ,  2.88357    ,  0.173877   ,  0.11152    ,  0.477261   ,  0.0361893  ])
Iter time: 208.295150995
Iter time: 405.87662816
Iter time: 701.762790918
46      , -19528      , array([ 0.488316   ,  0.010324   ,  1.47559    ,  0.752894   ,  3.48681    ,  2.89616    ,  0.208654   ,  0.110243   ,  0.467623   ,  0.0425734  ])
Iter time: 204.949743986
Iter time: 399.266423941
Iter time: 690.145740986
47      , -19437.3    , array([ 0.493839   ,  0.0108758  ,  1.45894    ,  0.753767   ,  3.58913    ,  2.96582    ,  0.224719   ,  0.105418   ,  0.476741   ,  0.0344926  ])
Iter time: 219.060037136
Iter time: 426.82552886
Iter time: 737.65741992
48      , -19050.4    , array([ 0.484854   ,  0.00934165 ,  1.45618    ,  0.752926   ,  3.7129     ,  2.81779    ,  0.256904   ,  0.110926   ,  0.475567   ,  0.0345419  ])
Iter time: 255.712541103
Iter time: 498.419659138
Iter time: 861.389268875
49      , -17704.9    , array([ 0.467743   ,  0.00738812 ,  1.45378    ,  0.761743   ,  3.88569    ,  2.74138    ,  0.441025   ,  0.110009   ,  0.474946   ,  0.0299158  ])
Iter time: 258.124326944
Iter time: 503.609724998
Iter time: 870.10761714
50      , -18435.6    , array([ 0.476269   ,  0.00819475 ,  1.4506     ,  0.756183   ,  3.6592     ,  2.99731    ,  0.335514   ,  0.115472   ,  0.477081   ,  0.0335721  ])
Iter time: 285.966013193
Iter time: 556.859759092
Iter time: 963.685911894
51      , -18084.8    , array([ 0.489783   ,  0.00683779 ,  1.45413    ,  0.75413    ,  3.49635    ,  2.87604    ,  0.379275   ,  0.108367   ,  0.475335   ,  0.0291785  ])
Iter time: 269.358932972
Iter time: 524.643887997
Iter time: 910.850032091
52      , -17888.8    , array([ 0.472091   ,  0.00747828 ,  1.44098    ,  0.755037   ,  3.64081    ,  2.91008    ,  0.417697   ,  0.100752   ,  0.480472   ,  0.0328825  ])
Iter time: 306.388648033
Iter time: 596.991464138
Iter time: 1031.49341106
53      , -17752.3    , array([ 0.463482   ,  0.00621804 ,  1.44825    ,  0.775178   ,  3.54591    ,  2.87383    ,  0.435787   ,  0.105842   ,  0.475811   ,  0.0304782  ])
Iter time: 318.680891037
Iter time: 620.33750701
Iter time: 1073.21048212
54      , -17142.2    , array([ 0.461293   ,  0.00599728 ,  1.46923    ,  0.767997   ,  3.63807    ,  2.89518    ,  0.557872   ,  0.104406   ,  0.49061    ,  0.0293981  ])
Iter time: 427.47768116
Iter time: 832.164014101
Iter time: 1438.44858694
55      , -15460.5    , array([ 0.439732   ,  0.00420133 ,  1.48434    ,  0.781181   ,  3.69298    ,  2.89562    ,  1.12197    ,  0.100292   ,  0.503766   ,  0.0252022  ])
Iter time: 287.819576979
Iter time: 559.8880229
Iter time: 968.156874895
56      , -16333      , array([ 0.442394   ,  0.00676405 ,  1.45764    ,  0.768521   ,  3.5624     ,  2.86443    ,  0.769765   ,  0.105968   ,  0.482982   ,  0.0251547  ])
Iter time: 348.949796915
Iter time: 678.068913937
Iter time: 1173.93717003
57      , -16008.3    , array([ 0.454112   ,  0.0053992  ,  1.46234    ,  0.777659   ,  3.74109    ,  2.89715    ,  0.891627   ,  0.103019   ,  0.484597   ,  0.0272588  ])
Iter time: 380.066164017
Iter time: 735.891299963
Iter time: 1273.79758215
58      , -15706.3    , array([ 0.448998   ,  0.00486777 ,  1.43709    ,  0.773663   ,  3.77162    ,  2.88476    ,  0.993459   ,  0.102809   ,  0.498125   ,  0.0211945  ])
Iter time: 437.572559834
Iter time: 854.06241703
Iter time: 1473.09218287
59      , -15171      , array([ 0.435604   ,  0.00393448 ,  1.44911    ,  0.776804   ,  3.70062    ,  2.80143    ,  1.24176    ,  0.106978   ,  0.492904   ,  0.023732   ])
Iter time: 661.220366001
Iter time: 1287.28217387
Iter time: 2225.87799001
60      , -13565.3    , array([ 0.409114   ,  0.00236647 ,  1.44422    ,  0.788585   ,  3.75765    ,  2.72269    ,  2.91902    ,  0.107766   ,  0.50119    ,  0.0196851  ])
Iter time: 532.314439058
Iter time: 1038.84293103
Iter time: 1788.1293118
61      , -14165.6    , array([ 0.427144   ,  0.00321587 ,  1.45507    ,  0.789271   ,  3.88967    ,  2.84079    ,  2.1686     ,  0.101669   ,  0.475375   ,  0.021456   ])
Iter time: 501.520458937
Iter time: 976.428941011
Iter time: 1686.46598101
62      , -14219.6    , array([ 0.4269     ,  0.0032477  ,  1.45687    ,  0.788974   ,  3.73345    ,  2.7099     ,  2.03244    ,  0.0947506  ,  0.493333   ,  0.0199664  ])
Iter time: 510.153431177
Iter time: 991.986340046
Iter time: 1713.25558305
63      , -13883.6    , array([ 0.403868   ,  0.00335373 ,  1.45388    ,  0.798301   ,  3.95896    ,  2.79076    ,  2.51528    ,  0.0982884  ,  0.498839   ,  0.0212942  ])
Iter time: 617.905122995
Iter time: 1203.817384
Iter time: 2077.27198982
64      , -13466.4    , array([ 0.406125   ,  0.00261208 ,  1.46976    ,  0.806277   ,  3.86611    ,  2.73512    ,  3.27058    ,  0.105194   ,  0.497224   ,  0.0173229  ])
WARNING:Inference:Model is masked in some entries where data is not.
WARNING:Inference:Number of affected entries is 128. Sum of data in those entries is 0.055064:
Iter time: 1011.17551613
Iter time: 1963.6567409
Iter time: 3384.0486939
0.0550640038365 9454.98941724
65      , -12578.5    , array([ 0.376684   ,  0.00154376 ,  1.48436    ,  0.833186   ,  3.98394    ,  2.65162    ,  9.15179    ,  0.107489   ,  0.505817   ,  0.0125733  ])
Iter time: 707.342211962
Iter time: 1373.94860911
Iter time: 2378.63680601
66      , -12849.2    , array([ 0.396864   ,  0.0023775  ,  1.4696     ,  0.796744   ,  4.06314    ,  2.7254     ,  5.76313    ,  0.100445   ,  0.508272   ,  0.0156562  ])
WARNING:Inference:Model is masked in some entries where data is not.
WARNING:Inference:Number of affected entries is 148. Sum of data in those entries is 0.0550742:
Iter time: 1069.69849896
Iter time: 2076.24134111
Iter time: 3595.57707787
0.0550742019457 9454.98941724
67      , -12646      , array([ 0.380535   ,  0.00159499 ,  1.46719    ,  0.818115   ,  3.74111    ,  2.85374    ,  9.52158    ,  0.0948982  ,  0.516151   ,  0.0140131  ])
WARNING:Numerics:Extrapolation may have failed. Check resulting frequency spectrum for unexpected results.
WARNING:Inference:Model is masked in some entries where data is not.
WARNING:Inference:Number of affected entries is 121. Sum of data in those entries is 0.055064:
Iter time: 1171.44642901
Iter time: 2276.93840313
Iter time: 3952.02148604
0.0550640038365 9454.98941724
68      , -12596.5    , array([ 0.3904     ,  0.00130495 ,  1.46521    ,  0.821105   ,  4.12076    ,  2.7291     ,  9.02161    ,  0.0963669  ,  0.514352   ,  0.0148251  ])
Iter time: 466.696103096
Iter time: 909.901616812
Iter time: 1570.36062193
70      , -14559.5    , array([ 0.43115    ,  0.0037306  ,  1.46203    ,  0.788113   ,  3.80433    ,  2.83761    ,  1.72091    ,  0.101692   ,  0.492926   ,  0.0222552  ])
Iter time: 492.154049873
Iter time: 958.745455027
Iter time: 1655.15830398
72      , -14382.8    , array([ 0.427847   ,  0.00349543 ,  1.45059    ,  0.786814   ,  3.82147    ,  2.8292     ,  1.86711    ,  0.101532   ,  0.499497   ,  0.0196721  ])
Iter time: 527.835216999
Iter time: 1027.36715603
Iter time: 1775.1756978
74      , -14239      , array([ 0.42283    ,  0.00321762 ,  1.47255    ,  0.790911   ,  3.78789    ,  2.83124    ,  2.03538    ,  0.100344   ,  0.502104   ,  0.0211875  ])
WARNING:Inference:Model is masked in some entries where data is not.
WARNING:Inference:Number of affected entries is 81. Sum of data in those entries is 0.0211868:
Iter time: 992.663585901
Iter time: 1929.12528086
Iter time: 3465.26297688
0.0211867814962 9454.98941724
75      , -12624.8    , array([ 0.381912   ,  0.0015803  ,  1.46179    ,  0.814192   ,  3.96444    ,  2.69943    ,  8.19299    ,  0.0988507  ,  0.509961   ,  0.0141168  ])
Iter time: 593.086270809
Iter time: 1154.76934481
Iter time: 1995.7665441
77      , -13672      , array([ 0.414311   ,  0.0027999  ,  1.4568     ,  0.795257   ,  3.85947    ,  2.7917     ,  2.85101    ,  0.10076    ,  0.500952   ,  0.0183659  ])
WARNING:Inference:Model is masked in some entries where data is not.
WARNING:Inference:Number of affected entries is 160. Sum of data in those entries is 0.0550985:
Iter time: 1046.15411496
Iter time: 2035.72554207
Iter time: 3511.44683814
0.0550985104742 9454.98941724
78      , -12563.4    , array([ 0.379135   ,  0.00152038 ,  1.45045    ,  0.817777   ,  4.02605    ,  2.6727     ,  9.96042    ,  0.0997263  ,  0.502489   ,  0.0134851  ])
Iter time: 626.352882147
Iter time: 1217.92100406
Iter time: 2098.32925916
81      , -13467.1    , array([ 0.410985   ,  0.00258035 ,  1.45884    ,  0.797996   ,  3.83277    ,  2.7284     ,  3.27532    ,  0.0976062  ,  0.498253   ,  0.018014   ])
Iter time: 650.46517396
Iter time: 1266.30321097
Iter time: 2179.65359092
83      , -13426.1    , array([ 0.410311   ,  0.00253956 ,  1.45813    ,  0.798585   ,  3.90925    ,  2.78788    ,  3.45372    ,  0.100901   ,  0.490251   ,  0.0185114  ])
Iter time: 643.979303122
Iter time: 1257.11532497
Iter time: 2165.261168
85      , -13294.2    , array([ 0.399291   ,  0.00255761 ,  1.45775    ,  0.803154   ,  3.94143    ,  2.76308    ,  3.77899    ,  0.0993394  ,  0.501768   ,  0.0183128  ])
Iter time: 697.075777054
Iter time: 1361.07362986
Iter time: 2344.70174003
87      , -13194.4    , array([ 0.403674   ,  0.00232636 ,  1.45926    ,  0.802018   ,  3.89568    ,  2.76212    ,  4.08038    ,  0.100509   ,  0.502871   ,  0.0170046  ])
Iter time: 740.948937893
Iter time: 1439.73274708
Iter time: 2483.00344205
89      , -13129.7    , array([ 0.400866   ,  0.0021369  ,  1.45369    ,  0.799321   ,  3.85089    ,  2.72973    ,  4.19849    ,  0.103583   ,  0.503074   ,  0.0174763  ])
Iter time: 725.173440933
Iter time: 1414.59765291
Iter time: 2438.82825804
91      , -13084.1    , array([ 0.401281   ,  0.00221044 ,  1.46078    ,  0.804143   ,  3.89011    ,  2.73266    ,  4.50291    ,  0.098873   ,  0.501839   ,  0.0166928  ])
Iter time: 745.294808865
Iter time: 1449.74004102
Iter time: 2499.35171413
93      , -13057.9    , array([ 0.400506   ,  0.00217774 ,  1.46055    ,  0.804719   ,  3.92777    ,  2.75952    ,  4.68566    ,  0.100426   ,  0.498375   ,  0.0168344  ])
Iter time: 749.055022955
Iter time: 1456.51748514
Iter time: 2514.10746717
95      , -12993.8    , array([ 0.395151   ,  0.00216796 ,  1.4605     ,  0.807096   ,  3.94321    ,  2.74705    ,  4.95433    ,  0.0997     ,  0.504024   ,  0.0166735  ])
Iter time: 780.988770008
Iter time: 1520.48019814
Iter time: 2620.63919497
97      , -12945.3    , array([ 0.39689    ,  0.00206035 ,  1.46132    ,  0.80678    ,  3.92264    ,  2.74582    ,  5.1983     ,  0.100245   ,  0.504636   ,  0.0160511  ])
Iter time: 804.732419014
Iter time: 1564.97738099
Iter time: 2703.41477299
99      , -12908.7    , array([ 0.39531    ,  0.00197108 ,  1.45891    ,  0.805796   ,  3.90362    ,  2.73047    ,  5.32962    ,  0.1016     ,  0.504816   ,  0.0162032  ])
