==========================================
SLURM_JOB_ID = 18981516
SLURM_NODELIST = c8-74
==========================================
Module slurm/17.11.5 loaded 
Module openmpi/3.0.1 loaded 
Module gcc/7.3.0 loaded 
Module python/2.7.6 loaded 
Module numpy/1.11.1 loaded 
Module dadi/1.7.0 loaded 
Module matplotlib/2.0 loaded 
Module scipy/0.18.0 loaded 
Beginning. Call:
/home/hemstrow/monarch/github/F-H_2018/DADI/demographic_models/run_3d_mods.py /home/hemstrow/monarch/github/F-H_2018/Data/dadi_inputs/ dadi_snps_10kgap.txt 1st_folded_optim_10kgap_snps_dadi_out.txt lgrowth_p2 10 [NAM,GUA,HAW] True 3 [0.1,0.1,0.5,1,5,5,.1,.1,.1,.1,2] [1,1,5,10,20,20,10,10,10,10,4] [1e-3,1e-3,1e-3,1e-3,0.01,0.01,0.01,0.01,0.01,0.01,1] [150,15,15] fmin

Ready to begin run. Parameters:

Model:
lgrowth_p2
Maxiters:
10
Pops:
['NAM', 'GUA', 'HAW']
Projection:
[150, 15, 15]
Number of segregating sites in projected sfs:
9454.98941724
Folding spectra:
True
Level of parm folding:
3
Optimizer:
fmin
p0:
[  0.29157386   0.04461578   2.636714     0.41949222  19.8          7.788764
   0.04828835   0.12807683   0.12350327   0.05499647   3.96      ]
Upper Bounds:
[1.0, 1.0, 5.0, 10.0, 20.0, 20.0, 10.0, 10.0, 10.0, 10.0, 4.0]
Lower Bounds:
[0.001, 0.001, 0.001, 0.001, 0.01, 0.01, 0.01, 0.01, 0.01, 0.01, 1.0]

Beginning optimization ************************************************
optimize_log_fmin.
Iter time: 191.317267895
Iter time: 383.738614082
Iter time: 633.976769924
1       , -27151.4    , array([ 0.291574   ,  0.0446158  ,  2.63671    ,  0.419492   ,  19.8       ,  7.78876    ,  0.0482884  ,  0.128077   ,  0.123503   ,  0.0549965  ,  3.96       ])
Iter time: 194.120206118
Iter time: 367.884088993
Iter time: 637.266739845
2       , -27151.4    , array([ 0.274149   ,  0.0446158  ,  2.63671    ,  0.419492   ,  19.8       ,  7.78876    ,  0.0482884  ,  0.128077   ,  0.123503   ,  0.0549965  ,  3.96       ])
Iter time: 214.541607857
Iter time: 409.646333933
Iter time: 699.126945972
3       , -27133.4    , array([ 0.291574   ,  0.0381912  ,  2.63671    ,  0.419492   ,  19.8       ,  7.78876    ,  0.0482884  ,  0.128077   ,  0.123503   ,  0.0549965  ,  3.96       ])
Iter time: 189.996189117
Iter time: 377.440843105
Iter time: 623.030651808
4       , -27178.3    , array([ 0.291574   ,  0.0446158  ,  2.76768    ,  0.419492   ,  19.8       ,  7.78876    ,  0.0482884  ,  0.128077   ,  0.123503   ,  0.0549965  ,  3.96       ])
Iter time: 193.240526915
Iter time: 378.255115986
Iter time: 644.059355974
5       , -27155.3    , array([ 0.291574   ,  0.0446158  ,  2.63671    ,  0.401661   ,  19.8       ,  7.78876    ,  0.0482884  ,  0.128077   ,  0.123503   ,  0.0549965  ,  3.96       ])
Iter time: 219.281630039
Iter time: 409.349938869
Iter time: 711.219105005
7       , -27244.4    , array([ 0.291574   ,  0.0446158  ,  2.63671    ,  0.419492   ,  19.8       ,  8.63062    ,  0.0482884  ,  0.128077   ,  0.123503   ,  0.0549965  ,  3.96       ])
Iter time: 191.033446789
Iter time: 375.559387922
Iter time: 637.391299963
8       , -27550.2    , array([ 0.291574   ,  0.0446158  ,  2.63671    ,  0.419492   ,  19.8       ,  7.78876    ,  0.0414987  ,  0.128077   ,  0.123503   ,  0.0549965  ,  3.96       ])
Iter time: 194.234833956
Iter time: 371.138972044
Iter time: 630.798214912
9       , -27370.6    , array([ 0.291574   ,  0.0446158  ,  2.63671    ,  0.419492   ,  19.8       ,  7.78876    ,  0.0482884  ,  0.11557    ,  0.123503   ,  0.0549965  ,  3.96       ])
Iter time: 190.752351046
Iter time: 360.925027132
Iter time: 635.375622034
10      , -27181.7    , array([ 0.291574   ,  0.0446158  ,  2.63671    ,  0.419492   ,  19.8       ,  7.78876    ,  0.0482884  ,  0.128077   ,  0.11124    ,  0.0549965  ,  3.96       ])
Iter time: 193.915673018
Iter time: 381.052235842
Iter time: 634.426233053
11      , -27235.6    , array([ 0.291574   ,  0.0446158  ,  2.63671    ,  0.419492   ,  19.8       ,  7.78876    ,  0.0482884  ,  0.128077   ,  0.123503   ,  0.047572   ,  3.96       ])
Iter time: 203.55241704
Iter time: 391.225813866
Iter time: 147236.249113
15      , -27140.4    , array([ 0.282727   ,  0.0412787  ,  2.63671    ,  0.419492   ,  19.8       ,  7.78876    ,  0.0482884  ,  0.128077   ,  0.123503   ,  0.0549965  ,  3.96       ])
Iter time: 197.649804115
Iter time: 382.567774057
Iter time: 658.277275085
16      , -27140.4    , array([ 0.291574   ,  0.0412787  ,  2.63671    ,  0.419492   ,  19.8       ,  7.78876    ,  0.0482884  ,  0.128077   ,  0.123503   ,  0.0549965  ,  3.96       ])
Iter time: 204.252418041
Iter time: 382.721189022
Iter time: 658.824329853
17      , -27141.9    , array([ 0.291574   ,  0.0412787  ,  2.63671    ,  0.41048    ,  19.8       ,  7.78876    ,  0.0482884  ,  0.128077   ,  0.123503   ,  0.0549965  ,  3.96       ])
Iter time: 196.585302114
Iter time: 382.383988142
Iter time: 663.70440197
18      , -27155      , array([ 0.291574   ,  0.0412787  ,  2.7014     ,  0.419492   ,  19.8       ,  7.78876    ,  0.0482884  ,  0.128077   ,  0.123503   ,  0.0549965  ,  3.96       ])
Iter time: 201.012066126
Iter time: 393.954854012
Iter time: 670.528110981
19      , -27155.9    , array([ 0.291574   ,  0.0412787  ,  2.63671    ,  0.419492   ,  19.8       ,  7.78876    ,  0.0482884  ,  0.128077   ,  0.117212   ,  0.0549965  ,  3.96       ])
Iter time: 206.047378063
Iter time: 387.309406042
Iter time: 661.834831953
20      , -27183.7    , array([ 0.291574   ,  0.0412787  ,  2.63671    ,  0.419492   ,  19.8       ,  7.78876    ,  0.0482884  ,  0.128077   ,  0.123503   ,  0.0511497  ,  3.96       ])
Iter time: 208.331048965
Iter time: 413.682007074
Iter time: 701.832357883
21      , -27189.4    , array([ 0.291574   ,  0.0412787  ,  2.63671    ,  0.419492   ,  19.8       ,  8.19889    ,  0.0482884  ,  0.128077   ,  0.123503   ,  0.0549965  ,  3.96       ])
Iter time: 201.101670027
Iter time: 385.2307899
Iter time: 672.384708881
22      , -27250.6    , array([ 0.291574   ,  0.0412787  ,  2.63671    ,  0.419492   ,  19.8       ,  7.78876    ,  0.0482884  ,  0.121663   ,  0.123503   ,  0.0549965  ,  3.96       ])
Iter time: 204.446043968
Iter time: 391.938405991
Iter time: 673.316099167
23      , -27343.4    , array([ 0.291574   ,  0.0412787  ,  2.63671    ,  0.419492   ,  19.8       ,  7.78876    ,  0.044765   ,  0.128077   ,  0.123503   ,  0.0549965  ,  3.96       ])
Iter time: 208.988929033
Iter time: 401.304002047
Iter time: 693.969286919
28      , -27136.6    , array([ 0.287116   ,  0.0397049  ,  2.63671    ,  0.419492   ,  19.8       ,  7.78876    ,  0.0482884  ,  0.128077   ,  0.123503   ,  0.0549965  ,  3.96       ])
Iter time: 205.216692924
Iter time: 398.251626968
Iter time: 688.509455919
29      , -27136.6    , array([ 0.291574   ,  0.0397049  ,  2.63671    ,  0.419492   ,  19.8       ,  7.78876    ,  0.0482884  ,  0.128077   ,  0.123503   ,  0.0549965  ,  3.96       ])
Iter time: 208.494774103
Iter time: 401.723628044
Iter time: 692.89386797
30      , -27138.7    , array([ 0.291574   ,  0.0397049  ,  2.63671    ,  0.414962   ,  19.8       ,  7.78876    ,  0.0482884  ,  0.128077   ,  0.123503   ,  0.0549965  ,  3.96       ])
Iter time: 208.984467983
Iter time: 395.063787937
Iter time: 689.95685792
31      , -27144.1    , array([ 0.291574   ,  0.0397049  ,  2.66886    ,  0.419492   ,  19.8       ,  7.78876    ,  0.0482884  ,  0.128077   ,  0.123503   ,  0.0549965  ,  3.96       ])
Iter time: 209.120255947
Iter time: 407.76353097
Iter time: 695.339353085
32      , -27144.4    , array([ 0.291574   ,  0.0397049  ,  2.63671    ,  0.419492   ,  19.8       ,  7.78876    ,  0.0482884  ,  0.128077   ,  0.120316   ,  0.0549965  ,  3.96       ])
Iter time: 210.17395401
Iter time: 397.529644012
Iter time: 694.066217899
33      , -27158.5    , array([ 0.291574   ,  0.0397049  ,  2.63671    ,  0.419492   ,  19.8       ,  7.78876    ,  0.0482884  ,  0.128077   ,  0.123503   ,  0.0530382  ,  3.96       ])
Iter time: 212.933251143
Iter time: 414.884983778
Iter time: 696.719011068
34      , -27161.1    , array([ 0.291574   ,  0.0397049  ,  2.63671    ,  0.419492   ,  19.8       ,  7.9912     ,  0.0482884  ,  0.128077   ,  0.123503   ,  0.0549965  ,  3.96       ])
Iter time: 207.273617029
Iter time: 410.077707052
Iter time: 692.539847136
35      , -27191.8    , array([ 0.291574   ,  0.0397049  ,  2.63671    ,  0.419492   ,  19.8       ,  7.78876    ,  0.0482884  ,  0.124829   ,  0.123503   ,  0.0549965  ,  3.96       ])
Iter time: 208.256577969
Iter time: 401.038080215
Iter time: 690.054029942
36      , -27238.9    , array([ 0.291574   ,  0.0397049  ,  2.63671    ,  0.419492   ,  19.8       ,  7.78876    ,  0.0464933  ,  0.128077   ,  0.123503   ,  0.0549965  ,  3.96       ])
Iter time: 212.378149986
Iter time: 404.833451033
Iter time: 715.924566031
39      , -27188      , array([ 0.290758   ,  0.0394253  ,  2.64253    ,  0.418665   ,  19.9348    ,  7.82518    ,  0.0479569  ,  0.12748    ,  0.122918   ,  0.0546351  ,  3.89246    ])
Iter time: 212.57527709
Iter time: 407.70970583
Iter time: 697.665091991
40      , -27115.3    , array([ 0.29061    ,  0.0393747  ,  2.64359    ,  0.418515   ,  19.0982    ,  7.83183    ,  0.0478969  ,  0.127372   ,  0.122811   ,  0.0545697  ,  3.94763    ])
Iter time: 211.001760006
Iter time: 405.936901808
Iter time: 701.689434052
41      , -27069.4    , array([ 0.29013    ,  0.0392106  ,  2.64703    ,  0.418027   ,  18.4099    ,  7.85344    ,  0.0477023  ,  0.127021   ,  0.122467   ,  0.0543575  ,  3.94146    ])
Iter time: 208.491602898
Iter time: 406.592375994
Iter time: 701.289998055
42      , -27052.1    , array([ 0.290348   ,  0.0392851  ,  2.64547    ,  0.418248   ,  19.5638    ,  7.84361    ,  0.0499789  ,  0.12718    ,  0.122623   ,  0.0544539  ,  3.94427    ])
Iter time: 215.535228014
Iter time: 406.060659885
Iter time: 700.556293964
43      , -26957.4    , array([ 0.289737   ,  0.0390768  ,  2.64986    ,  0.417628   ,  19.4468    ,  7.87118    ,  0.0518184  ,  0.126734   ,  0.122186   ,  0.0541846  ,  3.93642    ])
Iter time: 208.741177082
Iter time: 403.632791996
Iter time: 694.615312099
44      , -27057.6    , array([ 0.290015   ,  0.0391713  ,  2.64786    ,  0.41791    ,  19.4999    ,  7.85864    ,  0.0487423  ,  0.13085    ,  0.122385   ,  0.0543068  ,  3.93999    ])
Iter time: 208.765879154
Iter time: 412.278554916
Iter time: 698.976293802
46      , -27151.1    , array([ 0.290742   ,  0.0394197  ,  2.64265    ,  0.418648   ,  19.7717    ,  7.82592    ,  0.0482707  ,  0.127793   ,  0.122906   ,  0.0546279  ,  3.92328    ])
Iter time: 207.290869951
Iter time: 397.544946909
Iter time: 678.395275116
47      , -27062.1    , array([ 0.289729   ,  0.0390741  ,  2.64991    ,  0.41762    ,  19.4168    ,  7.63643    ,  0.0488832  ,  0.128086   ,  0.12218    ,  0.054181   ,  3.94201    ])
Iter time: 212.847219944
Iter time: 411.571877956
Iter time: 688.004194021
48      , -27047      , array([ 0.289395   ,  0.0389605  ,  2.65232    ,  0.41728    ,  19.3479    ,  7.80682    ,  0.0489921  ,  0.128087   ,  0.121941   ,  0.0563997  ,  3.93875    ])
Iter time: 207.32525301
Iter time: 400.028155088
Iter time: 682.018440008
49      , -27036.5    , array([ 0.289978   ,  0.0391589  ,  2.64812    ,  0.417873   ,  19.2994    ,  7.7663     ,  0.0491424  ,  0.128425   ,  0.122358   ,  0.0550772  ,  3.97846    ])
Iter time: 205.405938864
Iter time: 400.377912998
Iter time: 695.50275588
50      , -27024.3    , array([ 0.288862   ,  0.0387798  ,  2.65617    ,  0.416739   ,  19.1823    ,  7.79925    ,  0.0492813  ,  0.128204   ,  0.125375   ,  0.0547226  ,  3.9449     ])
Iter time: 215.045072079
Iter time: 412.124691963
Iter time: 711.280231953
51      , -27003      , array([ 0.288372   ,  0.0386139  ,  2.6219     ,  0.41624    ,  19.0721    ,  7.80116    ,  0.049464   ,  0.128227   ,  0.122474   ,  0.054673   ,  3.94216    ])
Iter time: 217.040410995
Iter time: 409.819198132
Iter time: 702.387109995
52      , -26988      , array([ 0.287793   ,  0.0384188  ,  2.65115    ,  0.42102    ,  18.9426    ,  7.80342    ,  0.0496808  ,  0.128255   ,  0.122288   ,  0.0546144  ,  3.93892    ])
Iter time: 215.519593
Iter time: 417.27373004
Iter time: 704.357652903
53      , -26958.7    , array([ 0.287111   ,  0.0381895  ,  2.65378    ,  0.416748   ,  18.7908    ,  7.80608    ,  0.0499382  ,  0.128287   ,  0.122068   ,  0.0545452  ,  3.9351     ])
Iter time: 211.275783062
Iter time: 408.326235056
Iter time: 717.436856031
54      , -26928.9    , array([ 0.291568   ,  0.0379202  ,  2.65689    ,  0.416251   ,  18.6129    ,  7.80924    ,  0.0502442  ,  0.128326   ,  0.121809   ,  0.0544635  ,  3.93059    ])
Iter time: 216.245733976
Iter time: 419.798645973
Iter time: 724.126182079
55      , -26823.7    , array([ 0.293819   ,  0.0370582  ,  2.66704    ,  0.41464    ,  18.0463    ,  7.81949    ,  0.0512517  ,  0.12845    ,  0.120971   ,  0.054199   ,  3.91597    ])
Iter time: 209.222215891
Iter time: 404.530362129
Iter time: 676.770480871
56      , -26874.7    , array([ 0.287511   ,  0.039208   ,  2.66242    ,  0.415371   ,  18.3017    ,  7.81483    ,  0.0507913  ,  0.128393   ,  0.121351   ,  0.0543191  ,  3.92261    ])
Iter time: 215.393744946
Iter time: 409.045301199
Iter time: 720.218775988
57      , -26890.3    , array([ 0.288467   ,  0.0381882  ,  2.65484    ,  0.416345   ,  19.6624    ,  7.74352    ,  0.0520051  ,  0.129714   ,  0.122174   ,  0.0549505  ,  3.93762    ])
Iter time: 219.580811024
Iter time: 423.811055899
Iter time: 724.765865088
58      , -26878      , array([ 0.288636   ,  0.0381621  ,  2.65285    ,  0.416519   ,  18.6855    ,  7.98377    ,  0.0513233  ,  0.128932   ,  0.12246    ,  0.055271   ,  3.93628    ])
Iter time: 211.889878988
Iter time: 415.241212845
Iter time: 703.041560888
59      , -26849.4    , array([ 0.288102   ,  0.0378871  ,  2.65582    ,  0.415978   ,  18.4622    ,  7.78035    ,  0.0519569  ,  0.12587    ,  0.122269   ,  0.0553197  ,  3.93763    ])
Iter time: 214.672825813
Iter time: 418.027014971
Iter time: 713.324669123
60      , -26820.6    , array([ 0.288484   ,  0.0378992  ,  2.65199    ,  0.416369   ,  18.4493    ,  7.82715    ,  0.0522471  ,  0.128176   ,  0.122774   ,  0.05308    ,  3.93867    ])
Iter time: 217.803251028
Iter time: 415.570061922
Iter time: 716.263763905
61      , -26709      , array([ 0.28803    ,  0.0373795  ,  2.65182    ,  0.415914   ,  18.0158    ,  7.83734    ,  0.0539548  ,  0.128221   ,  0.123193   ,  0.0514942  ,  3.93863    ])
Iter time: 217.220829964
Iter time: 415.395682812
Iter time: 737.142032146
62      , -26774.4    , array([ 0.287552   ,  0.0373897  ,  2.65687    ,  0.415423   ,  18.2657    ,  7.88103    ,  0.0529796  ,  0.127802   ,  0.122507   ,  0.0536938  ,  3.89223    ])
Iter time: 221.80250001
Iter time: 416.157860041
Iter time: 719.180882215
63      , -26742.3    , array([ 0.288424   ,  0.0375054  ,  2.64895    ,  0.416315   ,  18.2143    ,  7.86262    ,  0.05353    ,  0.127949   ,  0.119057   ,  0.0538556  ,  3.91576    ])
Iter time: 211.918959141
Iter time: 416.308051109
Iter time: 721.294487
64      , -26715.1    , array([ 0.288924   ,  0.0374676  ,  2.68858    ,  0.416827   ,  18.1669    ,  7.87192    ,  0.0541038  ,  0.127876   ,  0.121252   ,  0.053757   ,  3.91369    ])
Iter time: 216.369791031
Iter time: 421.465502024
Iter time: 734.442050934
65      , -26684.6    , array([ 0.289711   ,  0.0374866  ,  2.66571    ,  0.411346   ,  18.1526    ,  7.88216    ,  0.0547095  ,  0.12778    ,  0.121248   ,  0.0536601  ,  3.91233    ])
Iter time: 219.903173923
Iter time: 429.24663496
Iter time: 733.796177864
66      , -26536.9    , array([ 0.290674   ,  0.037029   ,  2.67302    ,  0.406592   ,  17.77      ,  7.92184    ,  0.0574116  ,  0.127543   ,  0.120732   ,  0.0531893  ,  3.89911    ])
Iter time: 218.141317129
Iter time: 416.837990999
Iter time: 726.106109142
67      , -26632.5    , array([ 0.291051   ,  0.0375007  ,  2.66656    ,  0.413702   ,  18.1144    ,  7.90059    ,  0.0558252  ,  0.127612   ,  0.121224   ,  0.0534829  ,  3.9096     ])
Iter time: 223.590291977
Iter time: 430.638208866
Iter time: 729.598666906
68      , -26577.9    , array([ 0.288651   ,  0.0363759  ,  2.67357    ,  0.412122   ,  17.2789    ,  7.84057    ,  0.0545331  ,  0.129338   ,  0.120933   ,  0.0537114  ,  3.90343    ])
Iter time: 221.850970984
Iter time: 424.474722862
Iter time: 728.583992958
69      , -26589.1    , array([ 0.289956   ,  0.0368947  ,  2.67196    ,  0.412626   ,  16.6925    ,  7.98789    ,  0.0548083  ,  0.1263     ,  0.12072    ,  0.0527436  ,  3.89605    ])
Iter time: 212.890151978
Iter time: 411.129066944
Iter time: 709.830078125
70      , -26546.8    , array([ 0.290026   ,  0.0366939  ,  2.67745    ,  0.41175    ,  17.2087    ,  7.74824    ,  0.0562037  ,  0.126592   ,  0.120125   ,  0.0519933  ,  3.89011    ])
Iter time: 227.790374994
Iter time: 434.410363913
Iter time: 743.349730015
71      , -26487.7    , array([ 0.291622   ,  0.0352874  ,  2.67056    ,  0.412231   ,  17.374     ,  7.90343    ,  0.0578478  ,  0.126796   ,  0.121      ,  0.0524852  ,  3.89776    ])
Iter time: 233.807261944
Iter time: 449.198999882
Iter time: 778.580408812
72      , -26296.8    , array([ 0.2937     ,  0.0334766  ,  2.67463    ,  0.41067    ,  16.928     ,  7.94811    ,  0.0617356  ,  0.126005   ,  0.120825   ,  0.0515917  ,  3.8854     ])
Iter time: 219.207220078
Iter time: 431.40800786
Iter time: 741.250399828
73      , -26415.8    , array([ 0.292044   ,  0.035705   ,  2.68064    ,  0.41067    ,  16.9535    ,  7.96932    ,  0.0583512  ,  0.129364   ,  0.119832   ,  0.0508862  ,  3.87348    ])
Iter time: 223.691963911
Iter time: 432.132064104
Iter time: 745.179034948
74      , -26362.8    , array([ 0.286046   ,  0.0362576  ,  2.67183    ,  0.411276   ,  17.1483    ,  7.95683    ,  0.0605659  ,  0.126928   ,  0.12091    ,  0.0513463  ,  3.88719    ])
Iter time: 227.222581148
Iter time: 437.156765938
Iter time: 749.607472897
75      , -26342.6    , array([ 0.292002   ,  0.0357358  ,  2.6848     ,  0.409752   ,  16.7489    ,  7.90846    ,  0.0600337  ,  0.127413   ,  0.11911    ,  0.0514098  ,  3.90998    ])
Iter time: 227.832583904
Iter time: 439.507122993
Iter time: 758.868844032
76      , -26303.2    , array([ 0.291772   ,  0.0353139  ,  2.69941    ,  0.407695   ,  16.542     ,  7.93535    ,  0.0606682  ,  0.127169   ,  0.122571   ,  0.0508241  ,  3.88544    ])
Iter time: 238.836683989
Iter time: 442.579581976
Iter time: 761.096722126
77      , -26259.3    , array([ 0.291787   ,  0.0349711  ,  2.66156    ,  0.405557   ,  16.305     ,  7.93754    ,  0.0612876  ,  0.127114   ,  0.120589   ,  0.0504005  ,  3.88237    ])
Iter time: 233.992645979
Iter time: 456.100756168
Iter time: 788.627915859
78      , -26034.8    , array([ 0.293229   ,  0.0337859  ,  2.64816    ,  0.400037   ,  15.4468    ,  7.97056    ,  0.0652296  ,  0.126735   ,  0.12026    ,  0.0488016  ,  3.86681    ])
Iter time: 233.652362108
Iter time: 449.063003063
Iter time: 777.686209917
79      , -26144.5    , array([ 0.293646   ,  0.0344152  ,  2.69778    ,  0.403581   ,  15.9882    ,  7.99704    ,  0.0636143  ,  0.126503   ,  0.11817    ,  0.052104   ,  3.84491    ])
Iter time: 235.947813988
Iter time: 452.264698982
Iter time: 781.182042122
80      , -26129.5    , array([ 0.291067   ,  0.0337725  ,  2.68855    ,  0.403916   ,  15.5443    ,  7.95054    ,  0.0629605  ,  0.126905   ,  0.119534   ,  0.0499289  ,  3.86173    ])
Iter time: 237.476418018
Iter time: 454.045222044
Iter time: 786.942296028
81      , -26067.3    , array([ 0.29237    ,  0.0337798  ,  2.68615    ,  0.403401   ,  16.6512    ,  7.85696    ,  0.065766   ,  0.128334   ,  0.119817   ,  0.0501264  ,  3.86892    ])
Iter time: 236.789035082
Iter time: 462.802282095
Iter time: 795.967583895
82      , -25993.6    , array([ 0.294376   ,  0.0338035  ,  2.68682    ,  0.402327   ,  15.9783    ,  8.00762    ,  0.0683875  ,  0.125143   ,  0.119405   ,  0.0486089  ,  3.85538    ])
Iter time: 249.916157007
Iter time: 474.173957109
Iter time: 834.673027992
83      , -25699.4    , array([ 0.297281   ,  0.0325863  ,  2.69347    ,  0.397517   ,  15.3651    ,  8.09248    ,  0.0765835  ,  0.123096   ,  0.118648   ,  0.0462424  ,  3.83158    ])
Iter time: 247.823122025
Iter time: 482.493652821
Iter time: 816.908765078
84      , -25879.1    , array([ 0.2943     ,  0.0327949  ,  2.68583    ,  0.400123   ,  15.7163    ,  8.16734    ,  0.0701945  ,  0.127209   ,  0.119938   ,  0.0491562  ,  3.85794    ])
Iter time: 247.683334827
Iter time: 477.652437925
Iter time: 832.297380924
85      , -25779.5    , array([ 0.294306   ,  0.0317885  ,  2.69263    ,  0.404019   ,  14.8838    ,  8.03281    ,  0.0712757  ,  0.1262     ,  0.119192   ,  0.0473669  ,  3.84161    ])
Iter time: 245.865291119
Iter time: 474.907009125
Iter time: 813.92712307
86      , -25775.7    , array([ 0.293337   ,  0.0322781  ,  2.68716    ,  0.398821   ,  15.2356    ,  7.99648    ,  0.0727261  ,  0.123865   ,  0.119971   ,  0.0488698  ,  3.86122    ])
Iter time: 250.409969091
Iter time: 491.679137945
Iter time: 832.717053175
87      , -25727.5    , array([ 0.300862   ,  0.0311213  ,  2.69882    ,  0.396014   ,  14.7421    ,  8.01628    ,  0.0724367  ,  0.125682   ,  0.118732   ,  0.0479985  ,  3.84292    ])
Iter time: 259.053158998
Iter time: 495.48576498
Iter time: 853.620265007
88      , -25630      , array([ 0.296331   ,  0.0307919  ,  2.68833    ,  0.39503    ,  14.7474    ,  8.08519    ,  0.0756174  ,  0.124893   ,  0.120457   ,  0.0473445  ,  3.80852    ])
Iter time: 276.506360054
Iter time: 526.196985006
Iter time: 919.482604027
89      , -25282.2    , array([ 0.29852    ,  0.0285827  ,  2.6901     ,  0.387868   ,  13.8383    ,  8.17503    ,  0.0848663  ,  0.123651   ,  0.121136   ,  0.0454341  ,  3.75878    ])
Iter time: 261.567137003
Iter time: 511.177936077
Iter time: 880.631513834
90      , -25486.2    , array([ 0.2978     ,  0.0299845  ,  2.67209    ,  0.39344    ,  14.4552    ,  8.10151    ,  0.0795355  ,  0.124496   ,  0.116806   ,  0.0469239  ,  3.80954    ])
Iter time: 255.372266054
Iter time: 492.073513985
Iter time: 856.154647112
91      , -25358.9    , array([ 0.296592   ,  0.0310028  ,  2.69638    ,  0.387557   ,  13.7258    ,  8.11666    ,  0.0818447  ,  0.125371   ,  0.117767   ,  0.0454355  ,  3.79595    ])
Iter time: 266.602470875
Iter time: 506.306777
Iter time: 889.734405994
92      , -25345.5    , array([ 0.297185   ,  0.0295901  ,  2.673      ,  0.391471   ,  14.1349    ,  8.0888     ,  0.0831512  ,  0.124673   ,  0.120337   ,  0.0438824  ,  3.827      ])
Iter time: 271.301495075
Iter time: 511.269427061
Iter time: 880.197917938
93      , -25207.9    , array([ 0.300954   ,  0.029437   ,  2.67935    ,  0.388927   ,  14.2895    ,  8.16165    ,  0.0883729  ,  0.123878   ,  0.119109   ,  0.0447318  ,  3.80408    ])
Iter time: 286.654729843
Iter time: 542.61237216
Iter time: 963.81754899
94      , -24736.7    , array([ 0.306023   ,  0.0274827  ,  2.67476    ,  0.381642   ,  13.7006    ,  8.2693     ,  0.104699   ,  0.122392   ,  0.118898   ,  0.0423398  ,  3.77558    ])
Iter time: 280.803094864
Iter time: 537.424915075
Iter time: 932.715914011
95      , -25071      , array([ 0.30211    ,  0.0283472  ,  2.67967    ,  0.385517   ,  12.8749    ,  8.33604    ,  0.0920668  ,  0.121446   ,  0.118661   ,  0.0432086  ,  3.78019    ])
Iter time: 284.028167963
Iter time: 544.746731043
Iter time: 953.215459108
96      , -24904.6    , array([ 0.302863   ,  0.0274519  ,  2.72397    ,  0.386155   ,  13.4267    ,  8.28448    ,  0.0988257  ,  0.12203    ,  0.117938   ,  0.0434102  ,  3.76671    ])
Iter time: 282.532426834
Iter time: 541.241455078
Iter time: 927.239813089
97      , -24894.4    , array([ 0.303339   ,  0.0273816  ,  2.69265    ,  0.383585   ,  12.824     ,  8.10584    ,  0.0977291  ,  0.12066    ,  0.117893   ,  0.0421339  ,  3.75898    ])
Iter time: 283.197980881
Iter time: 543.85155201
Iter time: 936.558214188
98      , -24817.1    , array([ 0.305005   ,  0.0274924  ,  2.68586    ,  0.376318   ,  13.1795    ,  8.25516    ,  0.101932   ,  0.120636   ,  0.118395   ,  0.0428046  ,  3.76006    ])
Iter time: 294.777680874
Iter time: 566.580389023
Iter time: 970.151725054
99      , -24659.5    , array([ 0.30819    ,  0.0262967  ,  2.69109    ,  0.377219   ,  12.5402    ,  8.3408     ,  0.106223   ,  0.122322   ,  0.117344   ,  0.0405007  ,  3.72295    ])
Iter time: 322.207319021
Iter time: 624.005522013
Iter time: 1084.43462491
100     , -24121.5    , array([ 0.315896   ,  0.0237354  ,  2.69306    ,  0.36686    ,  11.377     ,  8.51848    ,  0.128376   ,  0.121558   ,  0.116053   ,  0.03687    ,  3.65568    ])
Iter time: 295.805047989
Iter time: 593.512568951
Iter time: 1114.16795897
101     , -24397.3    , array([ 0.303158   ,  0.0259632  ,  2.67842    ,  0.374648   ,  12.3636    ,  8.41264    ,  0.118341   ,  0.119825   ,  0.118077   ,  0.0393049  ,  3.70686    ])
Iter time: 333.387135983
Iter time: 623.175873995
Iter time: 1067.77912402
102     , -24232.4    , array([ 0.307903   ,  0.0237925  ,  2.681      ,  0.369231   ,  11.4027    ,  8.39241    ,  0.12115    ,  0.121744   ,  0.118057   ,  0.0396094  ,  3.69552    ])
Iter time: 307.320716143
Iter time: 604.985582829
Iter time: 1038.33171582
103     , -24189.4    , array([ 0.309237   ,  0.0247922  ,  2.70409    ,  0.368775   ,  11.6088    ,  8.43701    ,  0.12593    ,  0.119887   ,  0.120152   ,  0.0378498  ,  3.69642    ])
Iter time: 331.774276972
Iter time: 644.094568014
Iter time: 1116.84975696
104     , -24088.1    , array([ 0.312862   ,  0.0230228  ,  2.68112    ,  0.371006   ,  11.859     ,  8.48074    ,  0.13235    ,  0.118086   ,  0.119606   ,  0.0378128  ,  3.69178    ])
Iter time: 377.286376953
Iter time: 740.751230001
Iter time: 1267.93488717
105     , -23462.8    , array([ 0.321328   ,  0.0198398  ,  2.67352    ,  0.362998   ,  11.0231    ,  8.66886    ,  0.168302   ,  0.114603   ,  0.120537   ,  0.0344954  ,  3.64077    ])
Iter time: 354.178426981
Iter time: 666.098175049
Iter time: 1158.501302
106     , -23796      , array([ 0.316703   ,  0.0224309  ,  2.70468    ,  0.362289   ,  11.0067    ,  8.61778    ,  0.148089   ,  0.116942   ,  0.117087   ,  0.0374747  ,  3.62876    ])
Iter time: 342.229221106
Iter time: 675.548942089
Iter time: 1168.66826892
107     , -23580.7    , array([ 0.318695   ,  0.0222205  ,  2.69013    ,  0.361147   ,  10.7843    ,  8.60904    ,  0.160552   ,  0.116719   ,  0.115597   ,  0.0349493  ,  3.67105    ])
Iter time: 348.997082949
Iter time: 672.351967096
Iter time: 1440.54412794
108     , -23490.6    , array([ 0.317983   ,  0.0214347  ,  2.7025     ,  0.359061   ,  11.2238    ,  8.49238    ,  0.163742   ,  0.117983   ,  0.117449   ,  0.0353589  ,  3.63087    ])
Iter time: 367.546642065
Iter time: 698.016431093
Iter time: 1200.33370805
109     , -23427.1    , array([ 0.320014   ,  0.0211601  ,  2.65473    ,  0.353758   ,  10.4175    ,  8.58383    ,  0.167211   ,  0.1167     ,  0.11808    ,  0.0339062  ,  3.61961    ])
Iter time: 410.576695919
Iter time: 784.010524988
Iter time: 1359.34341383
110     , -22745.2    , array([ 0.328951   ,  0.0185776  ,  2.62078    ,  0.338593   ,  9.17611    ,  8.73753    ,  0.217501   ,  0.114123   ,  0.118151   ,  0.0299656  ,  3.54824    ])
Iter time: 393.241338015
Iter time: 762.454046965
Iter time: 1343.32683611
111     , -23041.7    , array([ 0.324256   ,  0.0197697  ,  2.67244    ,  0.34814    ,  10.263     ,  8.89353    ,  0.19556    ,  0.116836   ,  0.118172   ,  0.0328343  ,  3.58921    ])
Iter time: 409.817823887
Iter time: 805.552929878
Iter time: 1359.08186603
112     , -22829.8    , array([ 0.326094   ,  0.0185442  ,  2.67676    ,  0.349876   ,  9.54225    ,  8.85173    ,  0.211079   ,  0.116181   ,  0.117631   ,  0.0307986  ,  3.55797    ])
Iter time: 441.22708106
Iter time: 856.220798016
Iter time: 1479.9990871
113     , -22620.6    , array([ 0.328785   ,  0.0172702  ,  2.68823    ,  0.339587   ,  8.59505    ,  8.94662    ,  0.233439   ,  0.113436   ,  0.116905   ,  0.0293861  ,  3.5053     ])
Iter time: 554.182224989
Iter time: 1056.9326601
Iter time: 1823.60075998
114     , -21771.8    , array([ 0.340793   ,  0.0136904  ,  2.69499    ,  0.320331   ,  6.80772    ,  9.30581    ,  0.348568   ,  0.109207   ,  0.115921   ,  0.0244816  ,  3.3775     ])
Iter time: 462.348336935
Iter time: 890.24456501
Iter time: 1541.27198005
115     , -22417.9    , array([ 0.339029   ,  0.0162728  ,  2.68757    ,  0.336214   ,  8.54532    ,  8.95701    ,  0.251351   ,  0.113928   ,  0.117324   ,  0.0290443  ,  3.51039    ])
Iter time: 459.255427837
Iter time: 905.316159964
Iter time: 1545.64811707
116     , -22240.7    , array([ 0.3397     ,  0.0165724  ,  2.68617    ,  0.335385   ,  8.79201    ,  9.08552    ,  0.280364   ,  0.110787   ,  0.117211   ,  0.0272403  ,  3.48841    ])
Iter time: 510.866554022
Iter time: 999.22594595
Iter time: 1685.92022586
117     , -21981.1    , array([ 0.344063   ,  0.0147811  ,  2.66002    ,  0.330055   ,  8.21034    ,  9.16       ,  0.311973   ,  0.1109     ,  0.11465    ,  0.0268518  ,  3.45102    ])
Iter time: 532.746525049
Iter time: 1030.52462602
Iter time: 1760.33498096
118     , -21704      , array([ 0.342081   ,  0.0141653  ,  2.66492    ,  0.325462   ,  7.89525    ,  9.19295    ,  0.359648   ,  0.107566   ,  0.118437   ,  0.0260212  ,  3.45312    ])
Iter time: 665.99301815
Iter time: 1297.08783412
Iter time: 2234.50457382
119     , -20840.5    , array([ 0.355977   ,  0.0109431  ,  2.65096    ,  0.306548   ,  6.57712    ,  9.54996    ,  0.60197    ,  0.101186   ,  0.119648   ,  0.0218602  ,  3.35609    ])
Iter time: 563.882301092
Iter time: 1097.0418241
Iter time: 1870.7072401
120     , -21430.3    , array([ 0.34854    ,  0.0131553  ,  2.64382    ,  0.319708   ,  7.43152    ,  9.25832    ,  0.402324   ,  0.108908   ,  0.117854   ,  0.0232114  ,  3.42968    ])
Iter time: 609.052793026
Iter time: 1179.41951704
Iter time: 2044.45976996
121     , -21274      , array([ 0.352044   ,  0.0120727  ,  2.64974    ,  0.31369    ,  7.08827    ,  9.39104    ,  0.43855    ,  0.107751   ,  0.119793   ,  0.0231039  ,  3.34851    ])
