==========================================
SLURM_JOB_ID = 18981468
SLURM_NODELIST = c8-68
==========================================
Module slurm/17.11.5 loaded 
Module openmpi/3.0.1 loaded 
Module gcc/7.3.0 loaded 
Module python/2.7.6 loaded 
Module numpy/1.11.1 loaded 
Module dadi/1.7.0 loaded 
Module matplotlib/2.0 loaded 
Module scipy/0.18.0 loaded 
Beginning. Call:
/home/hemstrow/monarch/github/F-H_2018/DADI/demographic_models/run_3d_mods.py /home/hemstrow/monarch/github/F-H_2018/Data/dadi_inputs/ dadi_snps_10kgap.txt 1st_folded_optim_10kgap_snps_dadi_out.txt lgrowth_both 10 [NAM,HAW,GUA] True 3 [0.1,0.1,1,1,5,5,.1,.1,.1,.1,2,2] [1,1,10,10,20,20,10,10,10,10,4,4] [1e-3,1e-3,1e-3,1e-3,0.01,0.01,0.01,0.01,0.01,0.01,1,1] [150,15,15] fmin

Ready to begin run. Parameters:

Model:
lgrowth_both
Maxiters:
10
Pops:
['NAM', 'HAW', 'GUA']
Projection:
[150, 15, 15]
Number of segregating sites in projected sfs:
9454.98941724
Folding spectra:
True
Level of parm folding:
3
Optimizer:
fmin
p0:
[  0.73819104   0.06364458   4.1548402    0.85319601   4.81503291
  19.63191341   0.10159376   0.56756856   0.45841043   0.0549647    3.96
   1.01      ]
Upper Bounds:
[1.0, 1.0, 10.0, 10.0, 20.0, 20.0, 10.0, 10.0, 10.0, 10.0, 4.0, 4.0]
Lower Bounds:
[0.001, 0.001, 0.001, 0.001, 0.01, 0.01, 0.01, 0.01, 0.01, 0.01, 1.0, 1.0]

Beginning optimization ************************************************
optimize_log_fmin.
Iter time: 281.185750961
Iter time: 547.998825073
Iter time: 949.120493889
1       , -25520.3    , array([ 0.738191   ,  0.0636446  ,  4.15484    ,  0.853196   ,  4.81503    ,  19.6319    ,  0.101594   ,  0.567569   ,  0.45841    ,  0.0549647  ,  3.96       ,  1.01       ])
Iter time: 280.844866991
Iter time: 547.451932907
Iter time: 946.81570816
2       , -25520.3    , array([ 0.727072   ,  0.0636446  ,  4.15484    ,  0.853196   ,  4.81503    ,  19.6319    ,  0.101594   ,  0.567569   ,  0.45841    ,  0.0549647  ,  3.96       ,  1.01       ])
Iter time: 287.010441065
Iter time: 559.422188997
Iter time: 974.933698177
3       , -25520.4    , array([ 0.738191   ,  0.0554561  ,  4.15484    ,  0.853196   ,  4.81503    ,  19.6319    ,  0.101594   ,  0.567569   ,  0.45841    ,  0.0549647  ,  3.96       ,  1.01       ])
Iter time: 288.271623135
Iter time: 552.515681982
Iter time: 948.744756937
4       , -25750.8    , array([ 0.738191   ,  0.0636446  ,  4.46151    ,  0.853196   ,  4.81503    ,  19.6319    ,  0.101594   ,  0.567569   ,  0.45841    ,  0.0549647  ,  3.96       ,  1.01       ])
Iter time: 283.051883936
Iter time: 547.994646072
Iter time: 1031.95409489
5       , -25511.7    , array([ 0.738191   ,  0.0636446  ,  4.15484    ,  0.84645    ,  4.81503    ,  19.6319    ,  0.101594   ,  0.567569   ,  0.45841    ,  0.0549647  ,  3.96       ,  1.01       ])
Iter time: 281.05524683
Iter time: 547.586788893
Iter time: 947.358170033
6       , -25532.7    , array([ 0.738191   ,  0.0636446  ,  4.15484    ,  0.853196   ,  5.2087     ,  19.6319    ,  0.101594   ,  0.567569   ,  0.45841    ,  0.0549647  ,  3.96       ,  1.01       ])
Iter time: 280.885697126
Iter time: 547.804759979
Iter time: 947.406251192
8       , -25923.9    , array([ 0.738191   ,  0.0636446  ,  4.15484    ,  0.853196   ,  4.81503    ,  19.6319    ,  0.0906172  ,  0.567569   ,  0.45841    ,  0.0549647  ,  3.96       ,  1.01       ])
Iter time: 277.350646973
Iter time: 147115.599557
Iter time: 935.240897179
9       , -25540.7    , array([ 0.738191   ,  0.0636446  ,  4.15484    ,  0.853196   ,  4.81503    ,  19.6319    ,  0.101594   ,  0.551721   ,  0.45841    ,  0.0549647  ,  3.96       ,  1.01       ])
Iter time: 276.839066982
Iter time: 540.087747812
Iter time: 933.075997114
10      , -25505.9    , array([ 0.738191   ,  0.0636446  ,  4.15484    ,  0.853196   ,  4.81503    ,  19.6319    ,  0.101594   ,  0.567569   ,  0.440877   ,  0.0549647  ,  3.96       ,  1.01       ])
Iter time: 281.062308073
Iter time: 547.981202126
Iter time: 946.797595024
11      , -25603.1    , array([ 0.738191   ,  0.0636446  ,  4.15484    ,  0.853196   ,  4.81503    ,  19.6319    ,  0.101594   ,  0.567569   ,  0.45841    ,  0.0475432  ,  3.96       ,  1.01       ])
Iter time: 281.218029022
Iter time: 548.027789831
Iter time: 946.829303026
13      , -25519.2    , array([ 0.738191   ,  0.0636446  ,  4.15484    ,  0.853196   ,  4.81503    ,  19.6319    ,  0.101594   ,  0.567569   ,  0.45841    ,  0.0549647  ,  3.96       ,  1.0105     ])
Iter time: 279.012989044
Iter time: 543.559420824
Iter time: 940.481726885
16      , -25508      , array([ 0.738191   ,  0.0636446  ,  4.15484    ,  0.849816   ,  4.81503    ,  19.6319    ,  0.101594   ,  0.567569   ,  0.449558   ,  0.0549647  ,  3.96       ,  1.01       ])
Iter time: 278.9521029
Iter time: 543.549088955
Iter time: 941.706768036
17      , -25513.1    , array([ 0.738191   ,  0.0636446  ,  4.15484    ,  0.853196   ,  4.81503    ,  19.6319    ,  0.101594   ,  0.567569   ,  0.449558   ,  0.0549647  ,  3.96       ,  1.01025    ])
Iter time: 278.957827091
Iter time: 543.539527178
Iter time: 939.980251789
18      , -25512.7    , array([ 0.73261    ,  0.0636446  ,  4.15484    ,  0.853196   ,  4.81503    ,  19.6319    ,  0.101594   ,  0.567569   ,  0.449558   ,  0.0549647  ,  3.96       ,  1.01       ])
Iter time: 278.869879007
Iter time: 544.005609989
Iter time: 940.120085001
19      , -25512.7    , array([ 0.738191   ,  0.0636446  ,  4.15484    ,  0.853196   ,  4.81503    ,  19.6319    ,  0.101594   ,  0.567569   ,  0.449558   ,  0.0549647  ,  3.96       ,  1.01       ])
Iter time: 281.80376792
Iter time: 549.486578941
Iter time: 949.703480005
20      , -25512.9    , array([ 0.738191   ,  0.0594094  ,  4.15484    ,  0.853196   ,  4.81503    ,  19.6319    ,  0.101594   ,  0.567569   ,  0.449558   ,  0.0549647  ,  3.96       ,  1.01       ])
Iter time: 279.151982069
Iter time: 543.440233946
Iter time: 940.115032196
21      , -25518.8    , array([ 0.738191   ,  0.0636446  ,  4.15484    ,  0.853196   ,  5.008      ,  19.6319    ,  0.101594   ,  0.567569   ,  0.449558   ,  0.0549647  ,  3.96       ,  1.01       ])
Iter time: 276.994674206
Iter time: 539.715174913
Iter time: 933.532635927
22      , -25523.8    , array([ 0.738191   ,  0.0636446  ,  4.15484    ,  0.853196   ,  4.81503    ,  19.6319    ,  0.101594   ,  0.559589   ,  0.449558   ,  0.0549647  ,  3.96       ,  1.01       ])
Iter time: 278.930794954
Iter time: 543.493916035
Iter time: 944.031903028
23      , -25555.8    , array([ 0.738191   ,  0.0636446  ,  4.15484    ,  0.853196   ,  4.81503    ,  19.6319    ,  0.101594   ,  0.567569   ,  0.449558   ,  0.0511194  ,  3.96       ,  1.01       ])
Iter time: 278.857144117
Iter time: 544.041613817
Iter time: 940.025188923
24      , -25627      , array([ 0.738191   ,  0.0636446  ,  4.30545    ,  0.853196   ,  4.81503    ,  19.6319    ,  0.101594   ,  0.567569   ,  0.449558   ,  0.0549647  ,  3.96       ,  1.01       ])
Iter time: 278.912820101
Iter time: 543.387794971
Iter time: 942.338129044
25      , -25716      , array([ 0.738191   ,  0.0636446  ,  4.15484    ,  0.853196   ,  4.81503    ,  19.6319    ,  0.0959486  ,  0.567569   ,  0.449558   ,  0.0549647  ,  3.96       ,  1.01       ])
Iter time: 281.900996923
Iter time: 550.357064009
Iter time: 952.049431086
28      , -25581.1    , array([ 0.737258   ,  0.0629183  ,  4.17957    ,  0.852632   ,  4.84667    ,  19.877     ,  0.10063    ,  0.566231   ,  0.448099   ,  0.0543043  ,  3.82607    ,  1.01004    ])
Iter time: 260.745600939
Iter time: 508.52284193
Iter time: 879.117620945
29      , -25543.1    , array([ 0.737103   ,  0.0627981  ,  4.18371    ,  0.852538   ,  4.85196    ,  18.2615    ,  0.100471   ,  0.566008   ,  0.447857   ,  0.054195   ,  3.93736    ,  1.01005    ])
Iter time: 275.961379051
Iter time: 538.201824188
Iter time: 930.508816957
30      , -25349.9    , array([ 0.736921   ,  0.0626581  ,  4.18854    ,  0.852428   ,  4.85815    ,  19.4367    ,  0.107202   ,  0.565748   ,  0.447574   ,  0.0540678  ,  3.9336     ,  1.01006    ])
Iter time: 275.085169077
Iter time: 535.457691908
Iter time: 925.93512702
31      , -25163.3    , array([ 0.736287   ,  0.0621706  ,  4.20549    ,  0.852044   ,  4.87985    ,  19.3398    ,  0.113314   ,  0.56484    ,  0.446585   ,  0.0536248  ,  3.92046    ,  1.01009    ])
Iter time: 275.904740095
Iter time: 536.715718031
Iter time: 928.637115002
32      , -25367.9    , array([ 0.736604   ,  0.0624139  ,  4.02623    ,  0.852236   ,  4.86898    ,  19.3882    ,  0.103104   ,  0.565294   ,  0.447079   ,  0.0538458  ,  3.92702    ,  1.01007    ])
Iter time: 279.169770002
Iter time: 544.493218899
Iter time: 941.562603951
34      , -25529.9    , array([ 0.7373     ,  0.0629511  ,  4.16503    ,  0.852657   ,  4.84523    ,  19.672     ,  0.101587   ,  0.566291   ,  0.448166   ,  0.0543341  ,  3.88855    ,  1.01004    ])
Iter time: 274.42297101
Iter time: 535.075961113
Iter time: 924.71470499
35      , -25396.4    , array([ 0.736347   ,  0.0622165  ,  4.14795    ,  0.852081   ,  4.87779    ,  19.3145    ,  0.103521   ,  0.564926   ,  0.446678   ,  0.0584051  ,  3.93215    ,  1.01008    ])
Iter time: 269.303653002
Iter time: 524.517320156
Iter time: 907.722271919
37      , -25505      , array([ 0.737154   ,  0.0628379  ,  4.16603    ,  0.852569   ,  4.85021    ,  18.9014    ,  0.101633   ,  0.566082   ,  0.447937   ,  0.0545874  ,  3.94149    ,  1.01005    ])
Iter time: 278.258919954
Iter time: 541.991630077
Iter time: 937.196271896
39      , -25496.2    , array([ 0.737247   ,  0.0629097  ,  4.15676    ,  0.852625   ,  4.84705    ,  19.5852    ,  0.102198   ,  0.566215   ,  0.448082   ,  0.054668   ,  3.91919    ,  1.01004    ])
Iter time: 277.390264034
Iter time: 540.115082979
Iter time: 933.931196928
40      , -25396.4    , array([ 0.73604    ,  0.0619814  ,  4.14251    ,  0.851895   ,  4.88834    ,  19.3587    ,  0.104149   ,  0.573889   ,  0.4462     ,  0.0549937  ,  3.93336    ,  1.0101     ])
Iter time: 275.061656952
Iter time: 535.913086176
Iter time: 926.683274984
41      , -25379.7    , array([ 0.735682   ,  0.0617084  ,  4.14046    ,  0.851678   ,  4.68108    ,  19.3136    ,  0.104581   ,  0.566866   ,  0.445642   ,  0.0549986  ,  3.92894    ,  1.01011    ])
Iter time: 275.497315884
Iter time: 534.795546055
Iter time: 924.682459116
42      , -25364.6    , array([ 0.735265   ,  0.0613915  ,  4.13806    ,  0.851425   ,  4.84584    ,  19.261     ,  0.105087   ,  0.566748   ,  0.444993   ,  0.0550042  ,  3.92378    ,  1.00984    ])
Iter time: 270.398729086
Iter time: 528.782217026
Iter time: 911.246945143
43      , -25338.7    , array([ 0.734778   ,  0.0661286  ,  4.13527    ,  0.851131   ,  4.85099    ,  19.1999    ,  0.105681   ,  0.566612   ,  0.444237   ,  0.0550108  ,  3.91778    ,  1.01006    ])
Iter time: 271.855318069
Iter time: 529.378273964
Iter time: 916.88241601
44      , -25311.1    , array([ 0.734211   ,  0.0621234  ,  4.13202    ,  0.850787   ,  4.85701    ,  19.1288    ,  0.106378   ,  0.566453   ,  0.443356   ,  0.0550185  ,  3.91079    ,  1.01007    ])
Iter time: 270.672023773
Iter time: 527.416435957
Iter time: 913.519419909
45      , -25276.4    , array([ 0.740073   ,  0.0618734  ,  4.12823    ,  0.850386   ,  4.86404    ,  19.0462    ,  0.107197   ,  0.566267   ,  0.442331   ,  0.0550275  ,  3.90264    ,  1.01009    ])
Iter time: 269.283117056
Iter time: 525.153128862
Iter time: 907.585722923
46      , -25242.8    , array([ 0.73479    ,  0.061583   ,  4.12381    ,  0.853863   ,  4.87226    ,  18.9503    ,  0.108161   ,  0.56605    ,  0.441137   ,  0.0550379  ,  3.89317    ,  1.0101     ])
Iter time: 269.753803015
Iter time: 525.733360052
Iter time: 909.985638857
47      , -25201.9    , array([ 0.734224   ,  0.061246   ,  4.11867    ,  0.850592   ,  4.88187    ,  18.839     ,  0.109296   ,  0.565797   ,  0.449868   ,  0.0550501  ,  3.88214    ,  1.01012    ])
Iter time: 278.679347038
Iter time: 541.076767921
Iter time: 935.417080164
48      , -25148.4    , array([ 0.734769   ,  0.0617675  ,  4.09978    ,  0.850888   ,  4.85172    ,  19.5563    ,  0.110586   ,  0.567236   ,  0.443095   ,  0.0555086  ,  3.89052    ,  1.01008    ])
Iter time: 282.045907974
Iter time: 550.60733223
Iter time: 950.698273182
49      , -24967.8    , array([ 0.73358    ,  0.0612392  ,  4.06706    ,  0.850049   ,  4.85247    ,  19.8922    ,  0.115353   ,  0.567814   ,  0.440693   ,  0.0559751  ,  3.86529    ,  1.0101     ])
Iter time: 269.303035975
Iter time: 525.127449036
Iter time: 907.689037085
50      , -25073.9    , array([ 0.734066   ,  0.0614209  ,  4.09401    ,  0.850403   ,  4.85579    ,  18.9225    ,  0.112216   ,  0.567369   ,  0.441726   ,  0.0556455  ,  3.90364    ,  1.01009    ])
Iter time: 269.025407076
Iter time: 524.307012081
Iter time: 907.056418896
51      , -25119.5    , array([ 0.734941   ,  0.0622465  ,  4.10004    ,  0.850883   ,  4.80941    ,  19.0713    ,  0.111492   ,  0.558717   ,  0.442845   ,  0.0554247  ,  3.88466    ,  1.01004    ])
Iter time: 270.952815056
Iter time: 527.907495975
Iter time: 912.778760195
52      , -25067.7    , array([ 0.734401   ,  0.0620162  ,  4.08674    ,  0.850498   ,  4.80848    ,  19.0747    ,  0.113563   ,  0.566537   ,  0.441735   ,  0.0517338  ,  3.87799    ,  1.01005    ])
Iter time: 269.720746994
Iter time: 525.426757097
Iter time: 911.15111208
53      , -25035.3    , array([ 0.734851   ,  0.0625787  ,  4.08524    ,  0.850704   ,  5.03302    ,  19.0361    ,  0.113967   ,  0.564545   ,  0.442113   ,  0.0543806  ,  3.87273    ,  1.01001    ])
Iter time: 268.496034145
Iter time: 523.683303118
Iter time: 905.597754955
54      , -24993.1    , array([ 0.73364    ,  0.0618986  ,  4.21134    ,  0.849892   ,  4.86558    ,  18.9049    ,  0.117545   ,  0.565989   ,  0.439872   ,  0.0556363  ,  3.86564    ,  1.01004    ])
Iter time: 268.096619129
Iter time: 522.789518118
Iter time: 903.627626896
55      , -24932.9    , array([ 0.734705   ,  0.0630158  ,  4.10953    ,  0.850446   ,  4.89214    ,  18.9707    ,  0.1175     ,  0.56441    ,  0.441083   ,  0.0545685  ,  3.85921    ,  1.0103     ])
Iter time: 265.124686003
Iter time: 517.058618069
Iter time: 893.647305965
56      , -24713.8    , array([ 0.734426   ,  0.063844   ,  4.09533    ,  0.849956   ,  4.91545    ,  18.8272    ,  0.124246   ,  0.563244   ,  0.439141   ,  0.0543519  ,  3.82733    ,  1.01053    ])
Iter time: 271.495144129
Iter time: 529.617218971
Iter time: 915.660618067
57      , -24853.6    , array([ 0.735133   ,  0.0581598  ,  4.10565    ,  0.850545   ,  4.8977     ,  18.969     ,  0.120035   ,  0.563986   ,  0.440985   ,  0.0544525  ,  3.85011    ,  1.01016    ])
Iter time: 269.926800966
Iter time: 526.185981989
Iter time: 909.060834885
58      , -24805      , array([ 0.735855   ,  0.061233   ,  4.1045     ,  0.850848   ,  4.89844    ,  19.0129    ,  0.121673   ,  0.563734   ,  0.441466   ,  0.0543511  ,  3.84696    ,  1.01016    ])
Iter time: 270.906311989
Iter time: 527.875106096
Iter time: 912.456465006
59      , -24758.4    , array([ 0.729331   ,  0.0613739  ,  4.10432    ,  0.851326   ,  4.8971     ,  19.0898    ,  0.123319   ,  0.563498   ,  0.442346   ,  0.0542303  ,  3.84576    ,  1.01016    ])
Iter time: 272.731070995
Iter time: 531.163043976
Iter time: 922.655309916
60      , -24711.5    , array([ 0.733663   ,  0.0616284  ,  4.10548    ,  0.847439   ,  4.89299    ,  19.2099    ,  0.124922   ,  0.563289   ,  0.443744   ,  0.0540866  ,  3.84726    ,  1.01016    ])
Iter time: 274.156647921
Iter time: 534.375838041
Iter time: 923.798140049
61      , -24437.2    , array([ 0.7331     ,  0.061651   ,  4.09634    ,  0.844244   ,  4.90339    ,  19.341     ,  0.134252   ,  0.561913   ,  0.445053   ,  0.0536171  ,  3.82451    ,  1.01019    ])
Iter time: 272.450623035
Iter time: 531.471393108
Iter time: 920.229495049
62      , -24625      , array([ 0.73404    ,  0.0620356  ,  4.10689    ,  0.849637   ,  4.88695    ,  19.4083    ,  0.127935   ,  0.562894   ,  0.434353   ,  0.0538374  ,  3.84858    ,  1.01015    ])
Iter time: 267.381793022
Iter time: 521.050446033
Iter time: 900.762839079
63      , -24583.2    , array([ 0.731611   ,  0.0610909  ,  4.00623    ,  0.847788   ,  4.89016    ,  18.9168    ,  0.125921   ,  0.563523   ,  0.435525   ,  0.0553049  ,  3.79923    ,  1.01019    ])
Iter time: 273.414382935
Iter time: 532.885908842
Iter time: 919.436933041
64      , -24529      , array([ 0.732396   ,  0.0608261  ,  4.09344    ,  0.848429   ,  4.97556    ,  19.1571    ,  0.130601   ,  0.570513   ,  0.437985   ,  0.0534896  ,  3.82006    ,  1.01026    ])
Iter time: 273.486931086
Iter time: 533.691656113
Iter time: 921.688469172
65      , -24480.5    , array([ 0.732991   ,  0.0615438  ,  4.09938    ,  0.84858    ,  4.9481     ,  19.3474    ,  0.133081   ,  0.56233    ,  0.438473   ,  0.0529276  ,  3.78779    ,  1.01024    ])
Iter time: 272.166703224
Iter time: 530.122434855
Iter time: 917.480340004
66      , -24394.5    , array([ 0.732422   ,  0.0608754  ,  4.10879    ,  0.848166   ,  5.02067    ,  19.2386    ,  0.135024   ,  0.562457   ,  0.437922   ,  0.0571465  ,  3.79792    ,  1.01032    ])
Iter time: 272.669050932
Iter time: 531.716741085
Iter time: 919.734241009
67      , -24053.7    , array([ 0.731435   ,  0.0603128  ,  4.11986    ,  0.847002   ,  5.13025    ,  19.3211    ,  0.147231   ,  0.560428   ,  0.436028   ,  0.0600617  ,  3.75851    ,  1.01045    ])
Iter time: 274.212342024
Iter time: 535.081144094
Iter time: 922.57215786
68      , -24261.1    , array([ 0.731405   ,  0.0599585  ,  4.11608    ,  0.847344   ,  4.812      ,  19.3254    ,  0.140413   ,  0.563754   ,  0.436538   ,  0.0552729  ,  3.78415    ,  1.01043    ])
Iter time: 276.178353786
Iter time: 538.006381989
Iter time: 930.991415977
69      , -24180.8    , array([ 0.732241   ,  0.0602964  ,  3.97764    ,  0.84773    ,  4.96842    ,  19.531     ,  0.140232   ,  0.561946   ,  0.438206   ,  0.0539664  ,  3.77766    ,  1.01047    ])
Iter time: 261.618628025
Iter time: 510.026439905
Iter time: 881.755146027
70      , -24073.7    , array([ 0.732077   ,  0.0607883  ,  4.10352    ,  0.847188   ,  5.00149    ,  18.505     ,  0.147625   ,  0.55917    ,  0.436977   ,  0.0533141  ,  3.76359    ,  1.01047    ])
Iter time: 270.643188
Iter time: 526.838412046
Iter time: 910.691514015
71      , -24058.8    , array([ 0.730024   ,  0.0644801  ,  4.06459    ,  0.846136   ,  4.97264    ,  19.3257    ,  0.146845   ,  0.562162   ,  0.436024   ,  0.0546122  ,  3.76414    ,  1.01046    ])
Iter time: 271.893303156
Iter time: 529.536481142
Iter time: 916.834652901
72      , -23983      , array([ 0.728341   ,  0.0617736  ,  4.05911    ,  0.845052   ,  4.98437    ,  19.3336    ,  0.14948    ,  0.562151   ,  0.434649   ,  0.0547578  ,  3.75359    ,  1.01051    ])
Iter time: 272.63918519
Iter time: 531.729632854
Iter time: 918.773983955
73      , -23562.7    , array([ 0.724613   ,  0.0620457  ,  4.0366     ,  0.842168   ,  5.0279     ,  19.4959    ,  0.165683   ,  0.561361   ,  0.43128    ,  0.0549623  ,  3.70775    ,  1.01068    ])
Iter time: 270.942245007
Iter time: 528.081443071
Iter time: 913.118479013
74      , -23830.7    , array([ 0.734062   ,  0.0617438  ,  4.04804    ,  0.843056   ,  5.00768    ,  19.3234    ,  0.154924   ,  0.562031   ,  0.431958   ,  0.0550025  ,  3.73195    ,  1.01059    ])
Iter time: 277.863790035
Iter time: 541.981390953
Iter time: 937.771728992
75      , -23722.6    , array([ 0.728909   ,  0.0590249  ,  4.04909    ,  0.843268   ,  5.00447    ,  19.678     ,  0.159529   ,  0.562081   ,  0.433916   ,  0.0549884  ,  3.73419    ,  1.01023    ])
Iter time: 271.478506088
Iter time: 528.929627895
Iter time: 915.246709108
76      , -23670.3    , array([ 0.72844    ,  0.060244   ,  4.02817    ,  0.842528   ,  5.05364    ,  19.1328    ,  0.160734   ,  0.562296   ,  0.438625   ,  0.0557099  ,  3.69493    ,  1.01063    ])
Iter time: 278.15196991
Iter time: 541.412569046
Iter time: 934.215075016
77      , -23543.5    , array([ 0.73033    ,  0.0610335  ,  4.13313    ,  0.84349    ,  5.07808    ,  19.6671    ,  0.170087   ,  0.561464   ,  0.437962   ,  0.0542978  ,  3.72561    ,  1.01066    ])
Iter time: 272.870691061
Iter time: 531.504122019
Iter time: 919.706253052
79      , -23446.7    , array([ 0.729203   ,  0.0613339  ,  4.05159    ,  0.842033   ,  5.0079     ,  19.5056    ,  0.171373   ,  0.553109   ,  0.435498   ,  0.0562809  ,  3.68987    ,  1.01065    ])
Iter time: 272.572458029
Iter time: 531.507921934
Iter time: 919.09818697
80      , -22899.3    , array([ 0.727612   ,  0.0615895  ,  4.03082    ,  0.838852   ,  5.02415    ,  19.6823    ,  0.196309   ,  0.544608   ,  0.43426    ,  0.0577307  ,  3.62645    ,  1.01085    ])
Iter time: 272.090037823
Iter time: 723.921371937
Iter time: 1072.21096492
81      , -23235.6    , array([ 0.727718   ,  0.0606261  ,  4.03436    ,  0.840267   ,  5.04852    ,  19.3691    ,  0.179436   ,  0.558171   ,  0.434314   ,  0.0577079  ,  3.6944     ,  1.01078    ])
Iter time: 434.914371967
Iter time: 527.460909843
Iter time: 911.855792999
82      , -23077.8    , array([ 0.726717   ,  0.0603519  ,  4.02711    ,  0.843918   ,  5.11937    ,  19.3801    ,  0.186682   ,  0.557963   ,  0.426154   ,  0.0576682  ,  3.63789    ,  1.01093    ])
Iter time: 270.540224075
Iter time: 527.331126213
Iter time: 912.725287199
83      , -23054.1    , array([ 0.72762    ,  0.0621232  ,  3.99322    ,  0.840262   ,  5.27071    ,  19.4049    ,  0.187167   ,  0.555185   ,  0.432727   ,  0.0563376  ,  3.6526     ,  1.01077    ])
Iter time: 267.458029985
Iter time: 520.770072937
Iter time: 900.30507803
84      , -22947.3    , array([ 0.726024   ,  0.0620831  ,  4.13491    ,  0.838643   ,  5.15528    ,  19.18      ,  0.196647   ,  0.555849   ,  0.430177   ,  0.0581166  ,  3.63841    ,  1.01078    ])
Iter time: 266.989424944
Iter time: 519.995504141
Iter time: 899.722550154
86      , -23774.3    , array([ 0.730347   ,  0.061039   ,  4.08074    ,  0.844822   ,  5.0375     ,  18.9534    ,  0.158454   ,  0.558891   ,  0.435288   ,  0.0548387  ,  3.73012    ,  1.01056    ])
Iter time: 273.612778187
Iter time: 533.199976921
Iter time: 921.738593102
87      , -22835.8    , array([ 0.727275   ,  0.0577291  ,  4.05427    ,  0.838587   ,  5.18816    ,  19.4367    ,  0.199498   ,  0.554545   ,  0.43108    ,  0.058301   ,  3.62546    ,  1.01086    ])
Iter time: 275.713286877
Iter time: 846.401558161
Iter time: 938.209412098
88      , -22224.5    , array([ 0.725905   ,  0.0546235  ,  4.04913    ,  0.834838   ,  5.29939    ,  19.4925    ,  0.232529   ,  0.550775   ,  0.428629   ,  0.0602378  ,  3.55805    ,  1.01105    ])
Iter time: 279.482703209
Iter time: 529.561165094
Iter time: 917.703056097
89      , -22521.4    , array([ 0.724954   ,  0.0607071  ,  3.98835    ,  0.835713   ,  5.05603    ,  19.4699    ,  0.214723   ,  0.554652   ,  0.429849   ,  0.0530371  ,  3.59787    ,  1.01097    ])
Iter time: 273.471857071
Iter time: 533.187348843
Iter time: 921.06051898
90      , -22540      , array([ 0.720859   ,  0.059133   ,  4.04907    ,  0.838401   ,  5.18809    ,  19.4922    ,  0.215468   ,  0.551853   ,  0.433545   ,  0.0575654  ,  3.60145    ,  1.01089    ])
Iter time: 278.590534925
Iter time: 543.15338707
Iter time: 942.126964092
91      , -22390.9    , array([ 0.722947   ,  0.0595003  ,  4.01142    ,  0.835585   ,  5.18276    ,  19.9658    ,  0.221742   ,  0.553782   ,  0.42994    ,  0.0582061  ,  3.5822     ,  1.01098    ])
Iter time: 267.492204905
Iter time: 521.871666908
Iter time: 905.775505066
92      , -22225.2    , array([ 0.723383   ,  0.061613   ,  4.03649    ,  0.835849   ,  5.24749    ,  19.2772    ,  0.232673   ,  0.549276   ,  0.430639   ,  0.0586005  ,  3.5536     ,  1.01143    ])
Iter time: 274.454875946
Iter time: 539.307176828
Iter time: 922.605898857
93      , -22031.1    , array([ 0.723009   ,  0.0605927  ,  4.05885    ,  0.835474   ,  5.22914    ,  19.8513    ,  0.245612   ,  0.546926   ,  0.424712   ,  0.0583313  ,  3.56808    ,  1.01117    ])
Iter time: 272.393743992
Iter time: 530.235684872
Iter time: 916.699832201
95      , -21890.3    , array([ 0.726559   ,  0.0586013  ,  4.05407    ,  0.834719   ,  5.29039    ,  19.5404    ,  0.254435   ,  0.545463   ,  0.430842   ,  0.0597139  ,  3.53307    ,  1.01119    ])
Iter time: 271.864229202
Iter time: 530.128116131
Iter time: 917.194884062
96      , -21072.9    , array([ 0.727534   ,  0.0569514  ,  4.06284    ,  0.83102    ,  5.42674    ,  19.5627    ,  0.315301   ,  0.537684   ,  0.430623   ,  0.0622417  ,  3.44883    ,  1.01145    ])
Iter time: 266.793250084
Iter time: 520.456794977
Iter time: 902.742573977
97      , -21513.9    , array([ 0.720411   ,  0.0588898  ,  3.94808    ,  0.831345   ,  5.29642    ,  19.353     ,  0.274701   ,  0.541444   ,  0.423076   ,  0.061836   ,  3.47118    ,  1.01135    ])
Iter time: 270.759953022
Iter time: 528.333261013
Iter time: 913.79761982
98      , -21513.9    , array([ 0.721781   ,  0.0589991  ,  4.0302     ,  0.833051   ,  5.37016    ,  19.6482    ,  0.279541   ,  0.541884   ,  0.424769   ,  0.0588558  ,  3.46434    ,  1.01132    ])
Iter time: 272.803018808
Iter time: 532.218894005
Iter time: 919.861294031
99      , -21410.6    , array([ 0.721956   ,  0.0590437  ,  4.03797    ,  0.827657   ,  5.33822    ,  19.6819    ,  0.287394   ,  0.53945    ,  0.432667   ,  0.0590968  ,  3.48961    ,  1.01123    ])
Iter time: 273.558184862
Iter time: 534.068192959
Iter time: 923.826858044
100     , -21169.9    , array([ 0.72012    ,  0.0568762  ,  4.07981    ,  0.829166   ,  5.19595    ,  19.7033    ,  0.307886   ,  0.539558   ,  0.426086   ,  0.0609765  ,  3.4492     ,  1.01147    ])
Iter time: 269.74481988
Iter time: 526.308640957
Iter time: 909.751252174
102     , -22450.1    , array([ 0.724695   ,  0.0605268  ,  4.08301    ,  0.836271   ,  5.19579    ,  19.3876    ,  0.221366   ,  0.550883   ,  0.429614   ,  0.0584803  ,  3.58567    ,  1.01098    ])
Iter time: 272.07625699
Iter time: 530.35859108
Iter time: 917.145869017
103     , -20955.7    , array([ 0.718667   ,  0.0563738  ,  4.04138    ,  0.828563   ,  5.48873    ,  19.464     ,  0.32272    ,  0.548363   ,  0.423147   ,  0.0601125  ,  3.43681    ,  1.01153    ])
Iter time: 272.229254961
Iter time: 532.831033945
Iter time: 918.963901997
104     , -20021.9    , array([ 0.714236   ,  0.053934   ,  4.04668    ,  0.823465   ,  5.7369     ,  19.3558    ,  0.41378    ,  0.55025    ,  0.417697   ,  0.06134    ,  3.34575    ,  1.01188    ])
Iter time: 270.951787949
Iter time: 528.286916018
Iter time: 915.398571968
105     , -20888.1    , array([ 0.724286   ,  0.0578219  ,  4.02277    ,  0.826529   ,  5.40512    ,  19.6308    ,  0.327803   ,  0.540901   ,  0.421222   ,  0.0609266  ,  3.41845    ,  1.01166    ])
Iter time: 272.048057079
Iter time: 531.204293966
Iter time: 918.829519033
106     , -20649.5    , array([ 0.720083   ,  0.0558674  ,  4.08986    ,  0.827662   ,  5.60835    ,  19.6802    ,  0.352972   ,  0.535925   ,  0.423411   ,  0.0676747  ,  3.3928     ,  1.01169    ])
Iter time: 275.307948828
Iter time: 536.461385012
Iter time: 926.335348845
107     , -20420      , array([ 0.719575   ,  0.0552907  ,  3.99616    ,  0.825684   ,  5.52744    ,  19.8132    ,  0.370066   ,  0.537122   ,  0.422617   ,  0.0628878  ,  3.37312    ,  1.0118     ])
Iter time: 266.080009937
Iter time: 518.391751051
Iter time: 899.527384996
108     , -20158.7    , array([ 0.720752   ,  0.0555609  ,  4.0649     ,  0.824722   ,  5.60113    ,  19.2148    ,  0.402359   ,  0.531596   ,  0.421089   ,  0.064004   ,  3.34271    ,  1.01194    ])
Iter time: 276.425516129
Iter time: 539.266090155
Iter time: 932.854140997
109     , -19982.9    , array([ 0.719881   ,  0.0527391  ,  4.04438    ,  0.822622   ,  5.5925     ,  19.8905    ,  0.420108   ,  0.533043   ,  0.418837   ,  0.0645147  ,  3.33543    ,  1.01157    ])
Iter time: 268.870443106
Iter time: 523.592713118
Iter time: 904.591706038
111     , -19623.3    , array([ 0.716385   ,  0.0591404  ,  4.03097    ,  0.821597   ,  5.58764    ,  19.7371    ,  0.46392    ,  0.528701   ,  0.419184   ,  0.0634827  ,  3.29558    ,  1.01203    ])
Iter time: 265.932846069
Iter time: 516.138682842
Iter time: 891.950037956
112     , -18428.9    , array([ 0.711672   ,  0.061537   ,  4.02192    ,  0.815056   ,  5.73759    ,  19.8605    ,  0.655278   ,  0.517998   ,  0.414539   ,  0.0651702  ,  3.1717     ,  1.01252    ])
Iter time: 269.735396147
Iter time: 524.616074085
Iter time: 907.149989128
113     , -19223      , array([ 0.717362   ,  0.0534518  ,  4.01519    ,  0.817594   ,  5.75096    ,  19.3819    ,  0.51725    ,  0.527621   ,  0.421343   ,  0.0667802  ,  3.22244    ,  1.01215    ])
Iter time: 271.415578842
Iter time: 529.213943005
Iter time: 913.316137075
114     , -19326.5    , array([ 0.717847   ,  0.0539996  ,  4.04122    ,  0.817416   ,  5.66424    ,  19.5378    ,  0.503556   ,  0.530168   ,  0.420719   ,  0.0675933  ,  3.27915    ,  1.01213    ])
Iter time: 275.761934996
Iter time: 537.489766121
Iter time: 930.425145864
115     , -18967.9    , array([ 0.718785   ,  0.0533238  ,  4.14134    ,  0.81679    ,  5.80774    ,  19.8671    ,  0.566888   ,  0.528741   ,  0.42201    ,  0.0652972  ,  3.24179    ,  1.01224    ])
Iter time: 271.171787977
Iter time: 527.840144873
Iter time: 912.163012981
116     , -18696.6    , array([ 0.716721   ,  0.0522892  ,  4.06624    ,  0.818624   ,  5.84379    ,  19.5657    ,  0.606806   ,  0.528925   ,  0.410943   ,  0.0694695  ,  3.18532    ,  1.01252    ])
Iter time: 269.69036293
Iter time: 525.170703173
Iter time: 907.034260988
117     , -18524.2    , array([ 0.717982   ,  0.0535265  ,  4.02231    ,  0.815393   ,  6.12253    ,  19.5217    ,  0.63423    ,  0.527068   ,  0.414781   ,  0.0688072  ,  3.18016    ,  1.01245    ])
Iter time: 270.295225859
Iter time: 526.432057858
Iter time: 908.499361992
118     , -18213.2    , array([ 0.709102   ,  0.052906   ,  4.03237    ,  0.811005   ,  5.98121    ,  19.6551    ,  0.695822   ,  0.52715    ,  0.407855   ,  0.0685447  ,  3.13781    ,  1.01265    ])
Iter time: 312.168714046
Iter time: 608.04638505
Iter time: 1052.63518691
119     , -16964      , array([ 0.700062   ,  0.0509924  ,  4.01723    ,  0.801179   ,  6.27935    ,  19.7015    ,  1.03368    ,  0.52196    ,  0.396926   ,  0.0719317  ,  2.99298    ,  1.01325    ])
Iter time: 271.751205921
Iter time: 529.443888903
Iter time: 912.756234884
120     , -17746.9    , array([ 0.708255   ,  0.0510293  ,  4.0716     ,  0.811188   ,  6.15707    ,  19.5987    ,  0.810475   ,  0.52091    ,  0.412849   ,  0.0719892  ,  3.09633    ,  1.0127     ])
