==========================================
SLURM_JOB_ID = 18981451
SLURM_NODELIST = c8-65
==========================================
Module slurm/17.11.5 loaded 
Module openmpi/3.0.1 loaded 
Module gcc/7.3.0 loaded 
Module python/2.7.6 loaded 
Module numpy/1.11.1 loaded 
Module dadi/1.7.0 loaded 
Module matplotlib/2.0 loaded 
Module scipy/0.18.0 loaded 
Beginning. Call:
/home/hemstrow/monarch/github/F-H_2018/DADI/demographic_models/run_3d_mods.py /home/hemstrow/monarch/github/F-H_2018/Data/dadi_inputs/ dadi_snps_10kgap.txt 1st_folded_optim_10kgap_snps_dadi_out.txt cgrowth 10 [NAM,GUA,HAW] True 3 [0.1,0.1,0.5,0.5,5,5,.1,.1,.1,.1] [1,1,5,5,20,20,10,10,10,10] [.001,.001,.001,.001,.01,.01,.01,.01,.01,.01] [150,15,15] fmin

Ready to begin run. Parameters:

Model:
cgrowth
Maxiters:
10
Pops:
['NAM', 'GUA', 'HAW']
Projection:
[150, 15, 15]
Number of segregating sites in projected sfs:
9454.98941724
Folding spectra:
True
Level of parm folding:
3
Optimizer:
fmin
p0:
[ 0.14054135  0.02334557  0.07716908  0.18637642  0.69576244  0.73648908
  0.01805057  0.10333398  0.25904954  0.04461076]
Upper Bounds:
[1.0, 1.0, 5.0, 5.0, 20.0, 20.0, 10.0, 10.0, 10.0, 10.0]
Lower Bounds:
[0.001, 0.001, 0.001, 0.001, 0.01, 0.01, 0.01, 0.01, 0.01, 0.01]

Beginning optimization ************************************************
optimize_log_fmin.
Iter time: 46.8045680523
Iter time: 90.9440391064
Iter time: 157.213666916
1       , -19315.7    , array([ 0.140541   ,  0.0233456  ,  0.0771691  ,  0.186376   ,  0.695762   ,  0.736489   ,  0.0180506  ,  0.103334   ,  0.25905    ,  0.0446108  ])
Iter time: 46.9232039452
Iter time: 91.1537110806
Iter time: 157.574706078
2       , -19318.2    , array([ 0.127407   ,  0.0233456  ,  0.0771691  ,  0.186376   ,  0.695762   ,  0.736489   ,  0.0180506  ,  0.103334   ,  0.25905    ,  0.0446108  ])
Iter time: 52.3939740658
Iter time: 101.564306021
Iter time: 175.498484135
3       , -19339      , array([ 0.140541   ,  0.0193471  ,  0.0771691  ,  0.186376   ,  0.695762   ,  0.736489   ,  0.0180506  ,  0.103334   ,  0.25905    ,  0.0446108  ])
Iter time: 48.3916010857
Iter time: 93.80412817
Iter time: 161.53021884
4       , -19411.4    , array([ 0.140541   ,  0.0233456  ,  0.0678915  ,  0.186376   ,  0.695762   ,  0.736489   ,  0.0180506  ,  0.103334   ,  0.25905    ,  0.0446108  ])
Iter time: 47.6529130936
Iter time: 92.325979948
Iter time: 159.876346111
5       , -19398.7    , array([ 0.140541   ,  0.0233456  ,  0.0771691  ,  0.17136    ,  0.695762   ,  0.736489   ,  0.0180506  ,  0.103334   ,  0.25905    ,  0.0446108  ])
Iter time: 46.8833768368
Iter time: 90.8796341419
Iter time: 157.318749189
6       , -19296.6    , array([ 0.140541   ,  0.0233456  ,  0.0771691  ,  0.186376   ,  0.683257   ,  0.736489   ,  0.0180506  ,  0.103334   ,  0.25905    ,  0.0446108  ])
Iter time: 46.0659918785
Iter time: 89.6862490177
Iter time: 154.550452948
7       , -19299.3    , array([ 0.140541   ,  0.0233456  ,  0.0771691  ,  0.186376   ,  0.695762   ,  0.725312   ,  0.0180506  ,  0.103334   ,  0.25905    ,  0.0446108  ])
Iter time: 46.863931179
Iter time: 90.8885540962
Iter time: 157.310992002
8       , -19427.4    , array([ 0.140541   ,  0.0233456  ,  0.0771691  ,  0.186376   ,  0.695762   ,  0.736489   ,  0.0147678  ,  0.103334   ,  0.25905    ,  0.0446108  ])
Iter time: 46.9343409538
Iter time: 90.9798491001
Iter time: 156.957792997
9       , -19481.6    , array([ 0.140541   ,  0.0233456  ,  0.0771691  ,  0.186376   ,  0.695762   ,  0.736489   ,  0.0180506  ,  0.0922476  ,  0.25905    ,  0.0446108  ])
Iter time: 46.8643980026
Iter time: 90.845895052
Iter time: 156.894567966
10      , -19341.5    , array([ 0.140541   ,  0.0233456  ,  0.0771691  ,  0.186376   ,  0.695762   ,  0.736489   ,  0.0180506  ,  0.103334   ,  0.242132   ,  0.0446108  ])
Iter time: 46.874284029
Iter time: 90.8876459599
Iter time: 156.894878149
11      , -19368.9    , array([ 0.140541   ,  0.0233456  ,  0.0771691  ,  0.186376   ,  0.695762   ,  0.736489   ,  0.0180506  ,  0.103334   ,  0.25905    ,  0.0381867  ])
Iter time: 48.1191840172
Iter time: 93.5671231747
Iter time: 161.776618958
12      , -19219.3    , array([ 0.13781    ,  0.0224847  ,  0.0752173  ,  0.183271   ,  0.693243   ,  0.73424    ,  0.0173403  ,  0.115753   ,  0.255574   ,  0.0432448  ])
Iter time: 48.8416728973
Iter time: 94.7075610161
Iter time: 163.59809494
13      , -19083.9    , array([ 0.136465   ,  0.0220662  ,  0.07426    ,  0.181738   ,  0.691987   ,  0.733118   ,  0.0169957  ,  0.129664   ,  0.253854   ,  0.0425776  ])
Iter time: 48.4551229477
Iter time: 94.1755208969
Iter time: 162.654605865
14      , -19200.5    , array([ 0.137002   ,  0.0222326  ,  0.0746415  ,  0.18235    ,  0.692489   ,  0.733566   ,  0.021799   ,  0.108133   ,  0.25454    ,  0.0428432  ])
Iter time: 47.5602741241
Iter time: 92.1925010681
Iter time: 159.659984112
15      , -19188.1    , array([ 0.136304   ,  0.0220165  ,  0.0864651  ,  0.181555   ,  0.691836   ,  0.732983   ,  0.0185204  ,  0.109119   ,  0.253648   ,  0.0424982  ])
Iter time: 47.8063900471
Iter time: 92.7582011223
Iter time: 160.22908783
16      , -19156.3    , array([ 0.135472   ,  0.0217599  ,  0.0778202  ,  0.19976    ,  0.691054   ,  0.732284   ,  0.0186158  ,  0.110315   ,  0.252581   ,  0.0420879  ])
Iter time: 48.7972750664
Iter time: 94.6544458866
Iter time: 163.538441181
17      , -19136.4    , array([ 0.134481   ,  0.021456   ,  0.0779511  ,  0.186231   ,  0.690116   ,  0.731446   ,  0.0187309  ,  0.111766   ,  0.251307   ,  0.0501342  ])
Iter time: 49.1776640415
Iter time: 95.5278978348
Iter time: 164.942458868
18      , -19126.3    , array([ 0.1333     ,  0.0210968  ,  0.0781085  ,  0.186202   ,  0.688992   ,  0.730442   ,  0.01887    ,  0.113534   ,  0.270874   ,  0.0439284  ])
Iter time: 43.573718071
Iter time: 84.7396819592
Iter time: 146.296612024
19      , -19085.6    , array([ 0.131898   ,  0.0259016  ,  0.0782977  ,  0.186167   ,  0.687646   ,  0.729238   ,  0.0190383  ,  0.115691   ,  0.255454   ,  0.0437932  ])
Iter time: 47.7298660278
Iter time: 92.8051218987
Iter time: 160.261828899
20      , -19060.3    , array([ 0.146506   ,  0.021916   ,  0.0785254  ,  0.186126   ,  0.686034   ,  0.727797   ,  0.0192423  ,  0.118335   ,  0.254741   ,  0.0436314  ])
Iter time: 48.1798400879
Iter time: 93.7342379093
Iter time: 161.841536999
21      , -18930.6    , array([ 0.157104   ,  0.0212344  ,  0.0792125  ,  0.186      ,  0.681221   ,  0.723489   ,  0.0198673  ,  0.126633   ,  0.252613   ,  0.0431499  ])
Iter time: 48.2534580231
Iter time: 93.6179449558
Iter time: 161.58281517
22      , -18985.5    , array([ 0.135807   ,  0.0215045  ,  0.078937   ,  0.18605    ,  0.683142   ,  0.725209   ,  0.0196149  ,  0.123246   ,  0.253462   ,  0.0433419  ])
Iter time: 49.3716199398
Iter time: 96.1063549519
Iter time: 165.602238894
23      , -18938.6    , array([ 0.134879   ,  0.021154   ,  0.0792954  ,  0.185985   ,  0.680646   ,  0.736364   ,  0.0199437  ,  0.127667   ,  0.252359   ,  0.0430924  ])
Iter time: 49.2413468361
Iter time: 95.453881979
Iter time: 164.957191944
24      , -18868.7    , array([ 0.133775   ,  0.0207411  ,  0.0797276  ,  0.185907   ,  0.692573   ,  0.725164   ,  0.0203455  ,  0.133182   ,  0.251042   ,  0.042795   ])
Iter time: 50.4466359615
Iter time: 97.9811961651
Iter time: 169.23172307
25      , -18651.4    , array([ 0.130515   ,  0.0195499  ,  0.0810385  ,  0.185673   ,  0.697278   ,  0.719566   ,  0.0216002  ,  0.151199   ,  0.247131   ,  0.0419151  ])
Iter time: 47.8176310062
Iter time: 92.8444240093
Iter time: 160.280552149
26      , -18851.8    , array([ 0.135906   ,  0.0212263  ,  0.0837942  ,  0.190699   ,  0.684282   ,  0.725252   ,  0.0168162  ,  0.136097   ,  0.253984   ,  0.0443658  ])
Iter time: 49.0992529392
Iter time: 95.1947770119
Iter time: 164.336876154
27      , -18802      , array([ 0.136521   ,  0.0212786  ,  0.0718833  ,  0.193426   ,  0.683425   ,  0.724292   ,  0.0194147  ,  0.14096    ,  0.254945   ,  0.0451123  ])
Iter time: 48.9413001537
Iter time: 94.6813559532
Iter time: 163.69301796
28      , -18764.4    , array([ 0.137572   ,  0.0214334  ,  0.078611   ,  0.174669   ,  0.682682   ,  0.723394   ,  0.0194782  ,  0.146439   ,  0.256499   ,  0.0461888  ])
Iter time: 47.8465828896
Iter time: 92.6837928295
Iter time: 160.196041107
29      , -18704.9    , array([ 0.139218   ,  0.0217325  ,  0.0786115  ,  0.184971   ,  0.682131   ,  0.722621   ,  0.0195105  ,  0.152562   ,  0.258856   ,  0.0381452  ])
Iter time: 47.1739168167
Iter time: 91.4418859482
Iter time: 158.578488111
30      , -18628      , array([ 0.141676   ,  0.0222341  ,  0.0785539  ,  0.184755   ,  0.681877   ,  0.722058   ,  0.0194963  ,  0.15933    ,  0.237988   ,  0.0423222  ])
Iter time: 46.0362939835
Iter time: 89.4505620003
Iter time: 154.862630844
31      , -18369.2    , array([ 0.146059   ,  0.0228255  ,  0.0787775  ,  0.184036   ,  0.678347   ,  0.717903   ,  0.0198173  ,  0.188749   ,  0.223074   ,  0.0415413  ])
Iter time: 54.2044210434
Iter time: 105.156821966
Iter time: 181.478572845
32      , -18528      , array([ 0.146133   ,  0.0176574  ,  0.0784598  ,  0.184364   ,  0.681354   ,  0.720988   ,  0.0194796  ,  0.17244    ,  0.245605   ,  0.042007   ])
Iter time: 49.180398941
Iter time: 95.4868888855
Iter time: 164.754215956
33      , -18423.7    , array([ 0.143189   ,  0.0198229  ,  0.0836411  ,  0.1894     ,  0.674986   ,  0.714783   ,  0.0224243  ,  0.162886   ,  0.245525   ,  0.0430899  ])
Iter time: 49.7431719303
Iter time: 96.804432869
Iter time: 167.270262957
34      , -18405.1    , array([ 0.145414   ,  0.0200121  ,  0.0796017  ,  0.185672   ,  0.682085   ,  0.720489   ,  0.0199571  ,  0.181198   ,  0.244345   ,  0.0422807  ])
Iter time: 48.7729082108
Iter time: 94.6584169865
Iter time: 163.392798901
35      , -18345.4    , array([ 0.148633   ,  0.0201191  ,  0.0793031  ,  0.185674   ,  0.684876   ,  0.706488   ,  0.0196307  ,  0.187612   ,  0.243834   ,  0.042364   ])
Iter time: 48.4290668964
Iter time: 94.3095030785
Iter time: 162.531292915
36      , -18041.6    , array([ 0.156026   ,  0.0196208  ,  0.0793069  ,  0.185519   ,  0.687001   ,  0.692007   ,  0.0194761  ,  0.227433   ,  0.239681   ,  0.0420044  ])
Iter time: 49.9858219624
Iter time: 96.8614590168
Iter time: 167.28257513
37      , -18170.1    , array([ 0.127431   ,  0.0197286  ,  0.0794049  ,  0.185563   ,  0.685455   ,  0.712691   ,  0.019628   ,  0.212645   ,  0.241042   ,  0.0420805  ])
Iter time: 50.8067641258
Iter time: 98.5665111542
Iter time: 170.423913002
38      , -18115.9    , array([ 0.145422   ,  0.0194494  ,  0.0742598  ,  0.180005   ,  0.682622   ,  0.708478   ,  0.0239175  ,  0.216329   ,  0.237247   ,  0.0404966  ])
Iter time: 50.2247579098
Iter time: 97.6524560452
Iter time: 168.764733076
39      , -18036.5    , array([ 0.146607   ,  0.019056   ,  0.0871294  ,  0.174933   ,  0.683317   ,  0.706292   ,  0.0215989  ,  0.227547   ,  0.232976   ,  0.038976   ])
Iter time: 51.5949389935
Iter time: 100.058907032
Iter time: 172.799563885
40      , -17652.3    , array([ 0.151926   ,  0.0180333  ,  0.0959253  ,  0.166361   ,  0.683263   ,  0.697461   ,  0.0227815  ,  0.289108   ,  0.222711   ,  0.0362283  ])
Iter time: 50.8062841892
Iter time: 98.3814299107
Iter time: 169.962257147
41      , -17842.1    , array([ 0.148404   ,  0.018276   ,  0.0829086  ,  0.19184    ,  0.684177   ,  0.702024   ,  0.0222137  ,  0.250952   ,  0.225114   ,  0.0362625  ])
Iter time: 52.5763049126
Iter time: 101.782871008
Iter time: 175.860414028
42      , -17726.3    , array([ 0.148536   ,  0.0174107  ,  0.0837953  ,  0.182481   ,  0.685141   ,  0.698722   ,  0.0227599  ,  0.26609    ,  0.21692    ,  0.0434668  ])
Iter time: 49.8719768524
Iter time: 146556.086893
Iter time: 240.735414982
43      , -17590.2    , array([ 0.162593   ,  0.0189111  ,  0.0818314  ,  0.181162   ,  0.667907   ,  0.697575   ,  0.0207742  ,  0.300625   ,  0.221362   ,  0.039846   ])
Iter time: 91.4771828651
Iter time: 96.3926401138
Iter time: 167.305851936
44      , -17040.1    , array([ 0.181478   ,  0.0185995  ,  0.0822308  ,  0.178948   ,  0.653688   ,  0.686833   ,  0.0203731  ,  0.423901   ,  0.209503   ,  0.0388501  ])
Iter time: 45.8759942055
Iter time: 89.2831728458
Iter time: 153.998996973
45      , -17426.3    , array([ 0.151645   ,  0.0211567  ,  0.0853182  ,  0.181363   ,  0.677874   ,  0.689475   ,  0.0232432  ,  0.315543   ,  0.215767   ,  0.0391424  ])
Iter time: 49.7718529701
Iter time: 96.4109950066
Iter time: 166.884561062
46      , -17314.9    , array([ 0.156549   ,  0.0190926  ,  0.0803514  ,  0.175016   ,  0.684853   ,  0.690464   ,  0.0203364  ,  0.381284   ,  0.210331   ,  0.0374325  ])
Iter time: 48.867317915
Iter time: 95.021337986
Iter time: 164.177217007
47      , -17124.9    , array([ 0.156446   ,  0.0187349  ,  0.0845872  ,  0.176433   ,  0.678275   ,  0.67919    ,  0.0229366  ,  0.39774    ,  0.205105   ,  0.0372309  ])
Iter time: 54.0314121246
Iter time: 105.128880978
Iter time: 181.548649788
48      , -16918.4    , array([ 0.15791    ,  0.0157896  ,  0.0866973  ,  0.176506   ,  0.681998   ,  0.67412    ,  0.0237838  ,  0.44321    ,  0.22092    ,  0.0370723  ])
Iter time: 58.9875490665
Iter time: 114.840829134
Iter time: 198.371440887
49      , -16186.7    , array([ 0.164191   ,  0.0131325  ,  0.0909509  ,  0.172857   ,  0.683831   ,  0.653241   ,  0.0260555  ,  0.67916    ,  0.21985    ,  0.0350215  ])
Iter time: 51.3983700275
Iter time: 99.8469538689
Iter time: 172.346421957
50      , -16716.3    , array([ 0.190403   ,  0.0168401  ,  0.0883796  ,  0.172587   ,  0.674606   ,  0.667324   ,  0.0254129  ,  0.496253   ,  0.200724   ,  0.0352776  ])
Iter time: 50.7136371136
Iter time: 98.7422361374
Iter time: 170.382640123
51      , -16495.8    , array([ 0.176088   ,  0.0165967  ,  0.0978511  ,  0.176425   ,  0.675807   ,  0.663305   ,  0.0211096  ,  0.575919   ,  0.197229   ,  0.0356597  ])
Iter time: 53.8031640053
Iter time: 104.293264866
Iter time: 180.086724043
52      , -16250.3    , array([ 0.168139   ,  0.0159102  ,  0.0955563  ,  0.169469   ,  0.669297   ,  0.673363   ,  0.0263445  ,  0.659667   ,  0.187761   ,  0.033272   ])
Iter time: 51.882032156
Iter time: 100.878832102
Iter time: 173.734666109
53      , -16137.7    , array([ 0.181244   ,  0.0166138  ,  0.0940379  ,  0.159871   ,  0.66911    ,  0.658245   ,  0.0238994  ,  0.725325   ,  0.192787   ,  0.0378826  ])
Iter time: 52.6692068577
Iter time: 102.54364109
Iter time: 177.052035093
54      , -15284.1    , array([ 0.200296   ,  0.0158403  ,  0.100151   ,  0.145944   ,  0.661701   ,  0.63739    ,  0.0247897  ,  1.23311    ,  0.178408   ,  0.0387196  ])
Iter time: 49.8341388702
Iter time: 96.9336168766
Iter time: 167.952052116
55      , -15772.5    , array([ 0.192241   ,  0.0171129  ,  0.0964205  ,  0.160726   ,  0.663534   ,  0.649315   ,  0.0237277  ,  0.929586   ,  0.1924     ,  0.0308812  ])
Iter time: 50.3782551289
Iter time: 97.8915431499
Iter time: 169.001168966
56      , -15468.7    , array([ 0.197011   ,  0.0163498  ,  0.0843146  ,  0.175089   ,  0.66147    ,  0.64125    ,  0.023899   ,  1.0807     ,  0.181992   ,  0.0358867  ])
Iter time: 58.3239409924
Iter time: 113.444376945
Iter time: 196.055830956
57      , -15304.3    , array([ 0.207982   ,  0.0132359  ,  0.094573   ,  0.15948    ,  0.66347    ,  0.639337   ,  0.0235549  ,  1.26659    ,  0.181562   ,  0.0326431  ])
Iter time: 55.6373288631
Iter time: 108.276391983
Iter time: 187.249611855
58      , -15028.2    , array([ 0.213244   ,  0.0136306  ,  0.103746   ,  0.162218   ,  0.652555   ,  0.628674   ,  0.0277247  ,  1.33267    ,  0.180855   ,  0.0332123  ])
Iter time: 60.6113379002
Iter time: 117.880305052
Iter time: 204.14666605
59      , -13949.1    , array([ 0.248881   ,  0.011517   ,  0.117885   ,  0.156174   ,  0.636981   ,  0.599884   ,  0.0323716  ,  2.4915     ,  0.167704   ,  0.0312841  ])
Iter time: 58.6832191944
Iter time: 114.234717846
Iter time: 197.414650202
60      , -14587.8    , array([ 0.234148   ,  0.0126027  ,  0.105315   ,  0.157038   ,  0.650658   ,  0.623435   ,  0.0263352  ,  1.84393    ,  0.178144   ,  0.0322499  ])
Iter time: 60.6784911156
Iter time: 118.250689983
Iter time: 203.806691885
61      , -14205.3    , array([ 0.212404   ,  0.0117438  ,  0.113828   ,  0.150839   ,  0.674504   ,  0.604671   ,  0.0312109  ,  2.32154    ,  0.168839   ,  0.029776   ])
Iter time: 60.4852468967
Iter time: 117.608387947
Iter time: 203.671990871
62      , -14042.8    , array([ 0.206924   ,  0.0120686  ,  0.111407   ,  0.152241   ,  0.65357    ,  0.610197   ,  0.0260711  ,  2.69992    ,  0.170231   ,  0.0316981  ])
Iter time: 63.5738010406
Iter time: 123.492832899
Iter time: 213.263592958
63      , -13776.1    , array([ 0.231085   ,  0.0114896  ,  0.103269   ,  0.144602   ,  0.648057   ,  0.603732   ,  0.0327392  ,  3.16877    ,  0.168221   ,  0.0306285  ])
Iter time: 82.5707890987
Iter time: 160.682693005
Iter time: 277.166600943
64      , -12695.1    , array([ 0.264724   ,  0.00955979 ,  0.106089   ,  0.130912   ,  0.634612   ,  0.575983   ,  0.040772   ,  7.43285    ,  0.155358   ,  0.0283857  ])
Iter time: 66.4794650078
Iter time: 128.992685795
Iter time: 223.029261112
65      , -13325.8    , array([ 0.265008   ,  0.0108245  ,  0.107983   ,  0.142962   ,  0.647433   ,  0.576421   ,  0.0286281  ,  4.49049    ,  0.170134   ,  0.0318001  ])
Iter time: 67.9029819965
Iter time: 132.022748947
Iter time: 227.944674015
66      , -12910.3    , array([ 0.298647   ,  0.0126168  ,  0.117414   ,  0.134938   ,  0.626779   ,  0.579495   ,  0.029496   ,  6.36372    ,  0.138039   ,  0.029634   ])
Iter time: 80.5240750313
Iter time: 157.075534105
Iter time: 271.134783983
67      , -12734.1    , array([ 0.278564   ,  0.00910959 ,  0.115204   ,  0.140134   ,  0.638632   ,  0.569884   ,  0.0338304  ,  6.83089    ,  0.1476     ,  0.0333312  ])
Iter time: 90.7471289635
Iter time: 176.477811098
Iter time: 305.775484085
68      , -12517.5    , array([ 0.291319   ,  0.00848215 ,  0.140232   ,  0.123035   ,  0.636138   ,  0.563594   ,  0.0360055  ,  8.49604    ,  0.149638   ,  0.0282615  ])
Iter time: 60.1833479404
Iter time: 116.763565063
Iter time: 201.580425024
71      , -14396.3    , array([ 0.22701    ,  0.0122101  ,  0.103425   ,  0.151022   ,  0.654655   ,  0.616063   ,  0.0268499  ,  2.15465    ,  0.17143    ,  0.0320109  ])
Iter time: 57.3315520287
Iter time: 111.734679937
Iter time: 192.882699966
73      , -14339.8    , array([ 0.224175   ,  0.0131848  ,  0.106602   ,  0.144718   ,  0.653432   ,  0.614079   ,  0.0276548  ,  2.18615    ,  0.169596   ,  0.0345331  ])
Iter time: 83.7539918423
Iter time: 162.894995928
Iter time: 281.652776957
74      , -12549.6    , array([ 0.26652    ,  0.0096431  ,  0.122553   ,  0.129009   ,  0.640463   ,  0.559733   ,  0.0364964  ,  8.42859    ,  0.144475   ,  0.0298192  ])
Iter time: 88.2540881634
Iter time: 171.498277903
Iter time: 297.311123133
75      , -12385.7    , array([ 0.283866   ,  0.00949427 ,  0.129101   ,  0.129987   ,  0.633769   ,  0.555671   ,  0.0380633  ,  9.47542    ,  0.145083   ,  0.0296187  ])
Iter time: 62.5482439995
Iter time: 121.766463041
Iter time: 210.636294842
78      , -13671.9    , array([ 0.241384   ,  0.0117206  ,  0.112055   ,  0.141633   ,  0.647773   ,  0.59642    ,  0.0302123  ,  3.38205    ,  0.162272   ,  0.0323594  ])
Iter time: 64.6305379868
Iter time: 125.78648901
Iter time: 217.17814517
80      , -13586.5    , array([ 0.236469   ,  0.0110605  ,  0.115699   ,  0.144143   ,  0.656805   ,  0.591427   ,  0.0320439  ,  3.55139    ,  0.161589   ,  0.0301733  ])
Iter time: 65.1238849163
Iter time: 126.803544998
Iter time: 219.29204011
82      , -13493.3    , array([ 0.234961   ,  0.0111637  ,  0.114679   ,  0.144416   ,  0.646692   ,  0.593196   ,  0.0295905  ,  3.88274    ,  0.161832   ,  0.0310552  ])
Iter time: 65.3834910393
Iter time: 127.010118008
Iter time: 219.661221981
84      , -13418.9    , array([ 0.256943   ,  0.0108886  ,  0.117803   ,  0.145698   ,  0.638916   ,  0.587833   ,  0.0328249  ,  3.81352    ,  0.16034    ,  0.0308405  ])
Iter time: 67.2346560955
Iter time: 130.627985001
Iter time: 226.829873085
86      , -13284.1    , array([ 0.253835   ,  0.010944   ,  0.115141   ,  0.138946   ,  0.643861   ,  0.585708   ,  0.031843   ,  4.46985    ,  0.157627   ,  0.0312907  ])
Iter time: 68.439314127
Iter time: 133.176328897
Iter time: 230.300438166
88      , -13230.6    , array([ 0.25213    ,  0.0106258  ,  0.11697    ,  0.139915   ,  0.64769    ,  0.582968   ,  0.0327838  ,  4.63337    ,  0.1571     ,  0.0302702  ])
Iter time: 90.4168241024
Iter time: 175.924941063
Iter time: 304.234918833
89      , -12374.5    , array([ 0.311943   ,  0.00924257 ,  0.122426   ,  0.126912   ,  0.631004   ,  0.554712   ,  0.0388055  ,  9.75006    ,  0.143298   ,  0.0295434  ])
Iter time: 70.1794819832
Iter time: 136.366544008
Iter time: 235.829550982
92      , -13080.3    , array([ 0.266317   ,  0.010431   ,  0.118373   ,  0.139479   ,  0.63846    ,  0.579008   ,  0.0336316  ,  5.07672    ,  0.155384   ,  0.0304983  ])
Iter time: 71.5050749779
Iter time: 138.757633924
Iter time: 239.968712091
94      , -13030.9    , array([ 0.27053    ,  0.0103811  ,  0.113854   ,  0.137993   ,  0.642253   ,  0.573488   ,  0.0316621  ,  5.54283    ,  0.159335   ,  0.0309046  ])
Iter time: 71.8434550762
Iter time: 139.992156029
Iter time: 241.848767042
96      , -12996.5    , array([ 0.265611   ,  0.0104107  ,  0.117501   ,  0.135994   ,  0.640399   ,  0.57748    ,  0.0333831  ,  5.58989    ,  0.15345    ,  0.030637   ])
Iter time: 72.9233570099
Iter time: 141.71588707
Iter time: 245.042585135
98      , -12960.8    , array([ 0.265407   ,  0.0102477  ,  0.118457   ,  0.136274   ,  0.641937   ,  0.575856   ,  0.0339033  ,  5.74488    ,  0.153013   ,  0.0301514  ])
Iter time: 74.2219381332
Iter time: 144.13340497
Iter time: 249.186410904
100     , -12884.1    , array([ 0.272726   ,  0.0101443  ,  0.11917    ,  0.135903   ,  0.637519   ,  0.57374    ,  0.0343528  ,  6.05074    ,  0.152058   ,  0.0302475  ])
Iter time: 90.8333790302
Iter time: 176.190760851
Iter time: 306.078899145
101     , -12390.2    , array([ 0.288797   ,  0.00933252 ,  0.127577   ,  0.126682   ,  0.630025   ,  0.563643   ,  0.0395272  ,  9.54885    ,  0.137674   ,  0.0289946  ])
Iter time: 76.130614996
Iter time: 148.133976936
Iter time: 256.129451036
103     , -12806.3    , array([ 0.273617   ,  0.0100676  ,  0.119491   ,  0.133618   ,  0.63773    ,  0.572301   ,  0.034657   ,  6.55013    ,  0.14994    ,  0.0302003  ])
Iter time: 76.7983980179
Iter time: 149.585376978
Iter time: 258.508267879
105     , -12782.2    , array([ 0.273929   ,  0.00997962 ,  0.120029   ,  0.133623   ,  0.638285   ,  0.571318   ,  0.0349644  ,  6.68401    ,  0.149575   ,  0.0299625  ])
Iter time: 101.073888063
Iter time: 196.949971914
Iter time: 340.533890963
106     , -12312.4    , array([ 0.263064   ,  0.00714313 ,  0.126536   ,  0.126976   ,  0.64497    ,  0.552841   ,  0.0456068  ,  9.59711    ,  0.157379   ,  0.0299821  ])
Iter time: 79.3317580223
Iter time: 154.405440092
Iter time: 266.949083805
109     , -12709.8    , array([ 0.275985   ,  0.00964283 ,  0.120884   ,  0.132924   ,  0.637034   ,  0.568806   ,  0.0360025  ,  7.03694    ,  0.149965   ,  0.0300135  ])
Iter time: 80.860378027
Iter time: 157.391167879
Iter time: 271.503288984
111     , -12668.9    , array([ 0.276554   ,  0.0095856  ,  0.121117   ,  0.131767   ,  0.637104   ,  0.567918   ,  0.0362305  ,  7.34786    ,  0.148918   ,  0.0299808  ])
Iter time: 81.5930571556
Iter time: 158.152832031
Iter time: 273.567990065
113     , -12652      , array([ 0.276844   ,  0.00952442 ,  0.121444   ,  0.131678   ,  0.637322   ,  0.567261   ,  0.0364556  ,  7.4578     ,  0.148704   ,  0.0298634  ])
Iter time: 83.2658209801
Iter time: 162.337198019
Iter time: 280.069321871
115     , -12625.9    , array([ 0.27909    ,  0.00912007 ,  0.119292   ,  0.134428   ,  0.63743    ,  0.566418   ,  0.0359938  ,  7.57247    ,  0.147774   ,  0.0313249  ])
Iter time: 82.9137539864
Iter time: 161.356621981
Iter time: 279.314703941
117     , -12609      , array([ 0.27795    ,  0.00935709 ,  0.122117   ,  0.130998   ,  0.636652   ,  0.565763   ,  0.0371308  ,  7.71407    ,  0.148843   ,  0.0297887  ])
Iter time: 92.2148020267
Iter time: 178.913099051
Iter time: 309.555508137
118     , -12331.3    , array([ 0.29891    ,  0.00858705 ,  0.147542   ,  0.12733    ,  0.638342   ,  0.54783    ,  0.035301   ,  9.69253    ,  0.139278   ,  0.0310931  ])
Iter time: 84.4919309616
Iter time: 163.82901907
Iter time: 283.267638922
120     , -12567.9    , array([ 0.280002   ,  0.00926817 ,  0.124318   ,  0.130208   ,  0.636851   ,  0.5638     ,  0.0370263  ,  8.00742    ,  0.147511   ,  0.0298988  ])
Iter time: 84.6876549721
Iter time: 164.747560024
Iter time: 284.846165895
122     , -12555.7    , array([ 0.280308   ,  0.00922596 ,  0.124632   ,  0.130091   ,  0.636937   ,  0.563301   ,  0.03717    ,  8.09583    ,  0.147345   ,  0.029842   ])
Iter time: 85.8573009968
Iter time: 166.911401987
Iter time: 288.499346018
124     , -12539.8    , array([ 0.281504   ,  0.0090332  ,  0.123793   ,  0.131227   ,  0.636966   ,  0.562727   ,  0.0369932  ,  8.18514    ,  0.146863   ,  0.0304895  ])
Iter time: 85.682945013
Iter time: 166.878486872
Iter time: 288.585386992
126     , -12528.1    , array([ 0.281107   ,  0.00913373 ,  0.125336   ,  0.129553   ,  0.636592   ,  0.56225    ,  0.037566   ,  8.28583    ,  0.147295   ,  0.029767   ])
Iter time: 94.3297610283
Iter time: 183.900782108
Iter time: 318.167105913
127     , -12333.3    , array([ 0.28889    ,  0.00855161 ,  0.133328   ,  0.125948   ,  0.636164   ,  0.553459   ,  0.0391253  ,  9.95986    ,  0.143992   ,  0.0295666  ])
Iter time: 87.182970047
Iter time: 169.871176958
Iter time: 293.641107082
129     , -12488.9    , array([ 0.282778   ,  0.00902855 ,  0.127099   ,  0.128863   ,  0.636683   ,  0.560454   ,  0.0377095  ,  8.59146    ,  0.146372   ,  0.0297732  ])
Iter time: 97.4251730442
Iter time: 189.538412094
Iter time: 327.728147984
130     , -12290.9    , array([ 0.308978   ,  0.00798938 ,  0.138087   ,  0.126269   ,  0.631674   ,  0.555661   ,  0.0403656  ,  9.90037    ,  0.146725   ,  0.0295815  ])
Iter time: 88.4720909595
Iter time: 172.253882885
Iter time: 297.821547985
133     , -12465.6    , array([ 0.285548   ,  0.00884987 ,  0.127597   ,  0.129168   ,  0.636244   ,  0.559851   ,  0.0378461  ,  8.72963    ,  0.146221   ,  0.0300467  ])
Iter time: 88.9322128296
Iter time: 172.680347919
Iter time: 298.501183033
135     , -12456.8    , array([ 0.28557    ,  0.00888494 ,  0.128504   ,  0.128323   ,  0.63604    ,  0.559494   ,  0.0381521  ,  8.80611    ,  0.146382   ,  0.0297025  ])
Iter time: 90.956017971
Iter time: 177.158862114
Iter time: 306.193574905
137     , -12448.2    , array([ 0.290421   ,  0.00858205 ,  0.135334   ,  0.125316   ,  0.635808   ,  0.559958   ,  0.0374596  ,  8.93311    ,  0.14738    ,  0.0290137  ])
Iter time: 89.7068219185
Iter time: 174.534124136
Iter time: 301.766607046
139     , -12432.9    , array([ 0.286514   ,  0.00883172 ,  0.129246   ,  0.128071   ,  0.636037   ,  0.558371   ,  0.038323   ,  9.00066    ,  0.145813   ,  0.0297411  ])
Iter time: 90.3036577702
Iter time: 175.827831984
Iter time: 304.008141994
141     , -12419.9    , array([ 0.287963   ,  0.008743   ,  0.129583   ,  0.128168   ,  0.635807   ,  0.557996   ,  0.0384164  ,  9.08663    ,  0.145717   ,  0.0298621  ])
Iter time: 90.3783149719
Iter time: 176.369633913
Iter time: 304.254254103
143     , -12413.8    , array([ 0.288094   ,  0.00875325 ,  0.130097   ,  0.12774    ,  0.635693   ,  0.557744   ,  0.0385847  ,  9.14067    ,  0.145764   ,  0.0296986  ])
Iter time: 91.6922011375
Iter time: 178.775595903
Iter time: 308.01322794
145     , -12407.8    , array([ 0.290414   ,  0.00861126 ,  0.133246   ,  0.126355   ,  0.635572   ,  0.557864   ,  0.0382895  ,  9.21692    ,  0.146179   ,  0.0293864  ])
Iter time: 90.942168951
Iter time: 177.195072889
Iter time: 306.222311974
147     , -12399.1    , array([ 0.288649   ,  0.00872459 ,  0.130413   ,  0.127651   ,  0.635663   ,  0.557048   ,  0.0387266  ,  9.2627     ,  0.145418   ,  0.0297347  ])
Iter time: 91.3770329952
Iter time: 178.04510808
Iter time: 307.979883194
149     , -12391.6    , array([ 0.289412   ,  0.00867974 ,  0.130624   ,  0.127673   ,  0.635541   ,  0.556814   ,  0.0387894  ,  9.31576    ,  0.145355   ,  0.0297888  ])
Iter time: 91.4881188869
Iter time: 177.992723942
Iter time: 307.797205925
151     , -12387.6    , array([ 0.289544   ,  0.00868116 ,  0.13091    ,  0.127456   ,  0.635476   ,  0.556641   ,  0.0388845  ,  9.35229    ,  0.145359   ,  0.0297116  ])
Iter time: 93.6847150326
Iter time: 182.383862972
Iter time: 315.519234896
152     , -12313.3    , array([ 0.291415   ,  0.00862202 ,  0.129767   ,  0.12822    ,  0.634928   ,  0.552985   ,  0.0402287  ,  9.96315    ,  0.143578   ,  0.0301328  ])
Iter time: 92.1438949108
Iter time: 179.252251863
Iter time: 309.254090071
154     , -12375      , array([ 0.289917   ,  0.00866532 ,  0.130921   ,  0.127496   ,  0.635419   ,  0.556029   ,  0.0390603  ,  9.45578    ,  0.145053   ,  0.0297658  ])
Iter time: 92.4531610012
Iter time: 179.289448023
Iter time: 310.025171995
156     , -12370.5    , array([ 0.290326   ,  0.0086423  ,  0.131041   ,  0.127498   ,  0.635352   ,  0.555873   ,  0.0391055  ,  9.4899     ,  0.145006   ,  0.0297917  ])
Iter time: 95.9441280365
Iter time: 186.630506039
Iter time: 322.691093922
157     , -12305.8    , array([ 0.294018   ,  0.00781324 ,  0.136188   ,  0.128131   ,  0.641425   ,  0.544846   ,  0.0392372  ,  9.7751     ,  0.153583   ,  0.0307831  ])
Iter time: 92.4704461098
Iter time: 179.97972703
Iter time: 311.183892965
159     , -12363.3    , array([ 0.290691   ,  0.00856464 ,  0.13162    ,  0.127464   ,  0.635884   ,  0.554807   ,  0.0391501  ,  9.52658    ,  0.145785   ,  0.0298462  ])
Iter time: 100.607698917
Iter time: 195.901587963
Iter time: 338.757943869
160     , -12289.1    , array([ 0.301475   ,  0.00736662 ,  0.136174   ,  0.124517   ,  0.63925    ,  0.550129   ,  0.0410505  ,  9.94906    ,  0.147495   ,  0.0303953  ])
Iter time: 93.3002519608
Iter time: 181.681499004
Iter time: 314.282248974
163     , -12351.7    , array([ 0.291794   ,  0.00844401 ,  0.132012   ,  0.127209   ,  0.636153   ,  0.554163   ,  0.0393915  ,  9.60612    ,  0.145789   ,  0.0299162  ])
Iter time: 100.917553186
Iter time: 196.144410849
Iter time: 340.352674007
164     , -12283.8    , array([ 0.272825   ,  0.00719424 ,  0.146932   ,  0.126991   ,  0.643869   ,  0.549797   ,  0.0407896  ,  9.73865    ,  0.150349   ,  0.0306774  ])
Iter time: 106.988866091
Iter time: 208.64398694
Iter time: 360.06677103
165     , -12246.3    , array([ 0.255145   ,  0.00634718 ,  0.160968   ,  0.127031   ,  0.6504     ,  0.547355   ,  0.0418193  ,  9.73295    ,  0.154003   ,  0.0312607  ])
Iter time: 94.7542729378
Iter time: 183.792927027
Iter time: 317.61637187
167     , -12341.7    , array([ 0.289153   ,  0.00826621 ,  0.133942   ,  0.127201   ,  0.637123   ,  0.553631   ,  0.0395764  ,  9.62845    ,  0.146331   ,  0.0300201  ])
Iter time: 94.6350719929
Iter time: 184.182578087
Iter time: 318.270327806
169     , -12337.1    , array([ 0.289258   ,  0.00821441 ,  0.134355   ,  0.127171   ,  0.637451   ,  0.553041   ,  0.0396204  ,  9.65217    ,  0.146751   ,  0.0300563  ])
Iter time: 100.520796061
Iter time: 195.85630703
Iter time: 338.299442053
170     , -12268.9    , array([ 0.283428   ,  0.00731045 ,  0.142984   ,  0.126543   ,  0.642167   ,  0.548189   ,  0.0408612  ,  9.96537    ,  0.149879   ,  0.0306524  ])
Iter time: 96.1582159996
Iter time: 186.64607501
Iter time: 322.633523941
172     , -12321.9    , array([ 0.288078   ,  0.00800956 ,  0.136098   ,  0.127005   ,  0.638389   ,  0.552125   ,  0.0399108  ,  9.72267    ,  0.14725    ,  0.0301822  ])
Iter time: 96.4627101421
Iter time: 187.425688982
Iter time: 323.348309994
174     , -12318.9    , array([ 0.288071   ,  0.00797434 ,  0.136396   ,  0.126982   ,  0.6386     ,  0.551785   ,  0.0399476  ,  9.73818    ,  0.147486   ,  0.0302068  ])
Iter time: 101.964200974
Iter time: 198.271599054
Iter time: 342.900011063
175     , -12267.3    , array([ 0.28474    ,  0.00691048 ,  0.144462   ,  0.127853   ,  0.643851   ,  0.54729    ,  0.0416363  ,  9.64834    ,  0.153315   ,  0.0313043  ])
Iter time: 106.58742094
Iter time: 207.501394987
Iter time: 358.828227997
176     , -12246.6    , array([ 0.272535   ,  0.00658939 ,  0.129994   ,  0.126568   ,  0.642757   ,  0.552804   ,  0.0476958  ,  9.90541    ,  0.161578   ,  0.0298077  ])
Iter time: 104.39053607
Iter time: 202.678941965
Iter time: 351.521681786
177     , -12248.9    , array([ 0.279664   ,  0.00679404 ,  0.139637   ,  0.126804   ,  0.643587   ,  0.548639   ,  0.0437174  ,  9.91154    ,  0.155695   ,  0.0306307  ])
Iter time: 105.840979099
Iter time: 205.732186079
Iter time: 355.866671085
178     , -12237.7    , array([ 0.278018   ,  0.00660889 ,  0.139989   ,  0.126792   ,  0.644376   ,  0.548349   ,  0.0444721  ,  9.93073    ,  0.157139   ,  0.0306912  ])
Iter time: 112.570222139
Iter time: 218.744524956
Iter time: 377.554201841
180     , -12232.5    , array([ 0.272254   ,  0.00579587 ,  0.149388   ,  0.125287   ,  0.65002    ,  0.546239   ,  0.0450559  ,  9.70018    ,  0.164356   ,  0.0308797  ])
Iter time: 125.252457142
Iter time: 243.117464066
Iter time: 422.204857826
181     , -12197.4    , array([ 0.263151   ,  0.00475197 ,  0.160284   ,  0.123846   ,  0.6577     ,  0.542897   ,  0.0476826  ,  9.5713     ,  0.175846   ,  0.0312601  ])
Iter time: 102.938657999
Iter time: 199.604635954
Iter time: 345.68661809
183     , -12285.5    , array([ 0.272213   ,  0.00696266 ,  0.134311   ,  0.126702   ,  0.644328   ,  0.550719   ,  0.0441625  ,  9.71193    ,  0.156351   ,  0.0303051  ])
Iter time: 114.778712988
Iter time: 223.426494122
Iter time: 386.617027998
184     , -12206.7    , array([ 0.265734   ,  0.00576079 ,  0.148822   ,  0.12447    ,  0.64654    ,  0.553576   ,  0.0477229  ,  9.86865    ,  0.157659   ,  0.0303855  ])
Iter time: 117.579368114
Iter time: 229.086538076
Iter time: 395.90524888
185     , -12205      , array([ 0.245356   ,  0.00527708 ,  0.148991   ,  0.125943   ,  0.659582   ,  0.542393   ,  0.0479685  ,  9.73754    ,  0.167418   ,  0.0317899  ])
Iter time: 117.415596962
Iter time: 227.451280117
Iter time: 393.369459867
186     , -12191      , array([ 0.241314   ,  0.00535382 ,  0.153827   ,  0.128008   ,  0.655859   ,  0.546298   ,  0.0486606  ,  9.64832    ,  0.170818   ,  0.0312175  ])
Iter time: 127.203498125
Iter time: 248.393540859
Iter time: 428.169989109
187     , -12141.5    , array([ 0.215898   ,  0.00456417 ,  0.163494   ,  0.12979    ,  0.664324   ,  0.544392   ,  0.0529795  ,  9.50137    ,  0.183829   ,  0.0316369  ])
Iter time: 119.705216885
Iter time: 232.258876085
Iter time: 403.243669033
188     , -12172.4    , array([ 0.255148   ,  0.00520564 ,  0.162215   ,  0.126407   ,  0.65468    ,  0.544453   ,  0.0469087  ,  9.84066    ,  0.166445   ,  0.031581   ])
Iter time: 127.046833992
Iter time: 247.441299915
Iter time: 427.747556925
189     , -12160.8    , array([ 0.239954   ,  0.00463245 ,  0.15627    ,  0.126539   ,  0.659423   ,  0.546219   ,  0.0521175  ,  9.56627    ,  0.177312   ,  0.0314101  ])
Iter time: 130.221380949
Iter time: 253.765769005
Iter time: 438.630152941
190     , -12138.4    , array([ 0.230812   ,  0.00452384 ,  0.157122   ,  0.124984   ,  0.66085    ,  0.546901   ,  0.0534965  ,  9.86374    ,  0.178453   ,  0.0307767  ])
Iter time: 149.25259614
Iter time: 291.113721848
Iter time: 502.199903965
191     , -12067.1    , array([ 0.207809   ,  0.00366022 ,  0.163862   ,  0.123574   ,  0.669517   ,  0.546707   ,  0.060639   ,  9.97323    ,  0.192528   ,  0.0305163  ])
Iter time: 137.867697001
Iter time: 267.99329114
Iter time: 463.78104496
192     , -12129.7    , array([ 0.221451   ,  0.00406596 ,  0.167835   ,  0.125368   ,  0.666364   ,  0.545172   ,  0.0543954  ,  9.61373    ,  0.183349   ,  0.03143    ])
Iter time: 141.938629866
Iter time: 276.135493994
Iter time: 477.715368032
193     , -12131.7    , array([ 0.218002   ,  0.00380636 ,  0.189737   ,  0.125363   ,  0.672055   ,  0.539562   ,  0.0511862  ,  9.56235    ,  0.181197   ,  0.032642   ])
Iter time: 149.642194033
Iter time: 291.543864965
Iter time: 503.568874121
194     , -12072.3    , array([ 0.225648   ,  0.00356747 ,  0.15835    ,  0.124576   ,  0.668522   ,  0.543373   ,  0.0607871  ,  9.69743    ,  0.196394   ,  0.0313951  ])
Iter time: 165.058988094
Iter time: 321.476676941
Iter time: 555.92061305
195     , -12067.5    , array([ 0.198617   ,  0.00302872 ,  0.186626   ,  0.124372   ,  0.679755   ,  0.5414     ,  0.060848   ,  9.45921    ,  0.201253   ,  0.032123   ])
Iter time: 161.858072042
Iter time: 314.219619036
Iter time: 544.876914978
196     , -12067.4    , array([ 0.196046   ,  0.00305535 ,  0.183677   ,  0.126672   ,  0.684302   ,  0.533907   ,  0.0595265  ,  9.43838    ,  0.210626   ,  0.032809   ])
Iter time: 167.432971954
Iter time: 325.480857134
Iter time: 563.179527044
197     , -12042.1    , array([ 0.203011   ,  0.00299007 ,  0.191312   ,  0.125335   ,  0.675725   ,  0.543199   ,  0.0618346  ,  9.50596    ,  0.207669   ,  0.0315582  ])
Iter time: 202.820152998
Iter time: 395.128924131
Iter time: 685.217534065
198     , -11969      , array([ 0.184664   ,  0.00225074 ,  0.216788   ,  0.125032   ,  0.683944   ,  0.543603   ,  0.0702052  ,  9.39225    ,  0.231289   ,  0.0314429  ])
Iter time: 172.90099597
Iter time: 335.159257889
Iter time: 578.91415596
199     , -11989      , array([ 0.176339   ,  0.00285952 ,  0.188905   ,  0.127701   ,  0.682982   ,  0.542836   ,  0.0672094  ,  9.6346     ,  0.208855   ,  0.0321305  ])
Iter time: 197.917732
Iter time: 385.832703114
Iter time: 666.699872971
200     , -11972.2    , array([ 0.168916   ,  0.00231556 ,  0.192429   ,  0.125369   ,  0.691966   ,  0.540963   ,  0.0734128  ,  9.33131    ,  0.230898   ,  0.0319139  ])
Iter time: 200.70045805
Iter time: 390.458333969
Iter time: 675.451016903
201     , -11965.1    , array([ 0.167434   ,  0.0022651  ,  0.208241   ,  0.125006   ,  0.693639   ,  0.538172   ,  0.0707619  ,  9.55134    ,  0.228501   ,  0.0321899  ])
Iter time: 257.784497976
Iter time: 501.726037025
Iter time: 867.884425879
202     , -11876.4    , array([ 0.139862   ,  0.0015839  ,  0.240387   ,  0.124247   ,  0.711408   ,  0.534194   ,  0.0824531  ,  9.54388    ,  0.259396   ,  0.032587   ])
Iter time: 232.938003063
Iter time: 452.155912161
Iter time: 781.522925138
203     , -11929.6    , array([ 0.170613   ,  0.00186042 ,  0.214992   ,  0.120815   ,  0.698016   ,  0.53794    ,  0.0760493  ,  9.62516    ,  0.236115   ,  0.0321487  ])
Iter time: 226.658107996
Iter time: 440.894603968
Iter time: 764.955276012
204     , -11868.1    , array([ 0.160883   ,  0.00193323 ,  0.189944   ,  0.12416    ,  0.695237   ,  0.542429   ,  0.0851997  ,  9.57631    ,  0.252569   ,  0.0310641  ])
Iter time: 291.659970999
Iter time: 567.852486134
Iter time: 981.747712135
205     , -11705.9    , array([ 0.138209   ,  0.00137775 ,  0.190048   ,  0.123563   ,  0.707125   ,  0.543867   ,  0.109921   ,  9.5833     ,  0.298191   ,  0.030304   ])
Iter time: 275.514770031
Iter time: 536.167979956
Iter time: 927.254014969
206     , -11807.6    , array([ 0.144127   ,  0.00145757 ,  0.220136   ,  0.123796   ,  0.709551   ,  0.53659    ,  0.0922853  ,  9.5191     ,  0.275103   ,  0.0320274  ])
Iter time: 285.574814081
Iter time: 555.789187193
Iter time: 961.159062147
207     , -11840.3    , array([ 0.129317   ,  0.00138895 ,  0.249212   ,  0.124426   ,  0.715735   ,  0.537016   ,  0.0897733  ,  9.40198    ,  0.27474    ,  0.0321911  ])
Iter time: 285.772454023
Iter time: 554.354295015
Iter time: 958.76578784
208     , -11766.6    , array([ 0.134833   ,  0.00139983 ,  0.224046   ,  0.124642   ,  0.711206   ,  0.538097   ,  0.0969378  ,  9.62706    ,  0.285326   ,  0.031475   ])
Iter time: 328.787142992
Iter time: 640.198544979
Iter time: 1107.30605102
209     , -11700      , array([ 0.126749   ,  0.00118707 ,  0.236869   ,  0.121983   ,  0.71195    ,  0.546502   ,  0.109241   ,  9.68657    ,  0.289694   ,  0.0305621  ])
Iter time: 190.728494883
Iter time: 370.28323698
Iter time: 640.256264925
212     , -11959.2    , array([ 0.176572   ,  0.00249566 ,  0.188313   ,  0.123859   ,  0.685708   ,  0.543417   ,  0.0720164  ,  9.75106    ,  0.222578   ,  0.031088   ])
Iter time: 206.891876221
Iter time: 402.267161846
Iter time: 695.343034029
214     , -11921.7    , array([ 0.162664   ,  0.00219091 ,  0.20216    ,  0.125718   ,  0.692708   ,  0.541519   ,  0.07608    ,  9.58984    ,  0.232562   ,  0.031847   ])
Iter time: 321.620463133
Iter time: 626.360756874
Iter time: 1087.34156609
215     , -11728.1    , array([ 0.13229    ,  0.0012035  ,  0.245648   ,  0.122251   ,  0.713493   ,  0.53956    ,  0.101754   ,  9.81769    ,  0.290852   ,  0.031209   ])
Iter time: 345.003448009
Iter time: 669.540529966
Iter time: 1157.40720701
216     , -11661.4    , array([ 0.113199   ,  0.00109245 ,  0.223565   ,  0.122031   ,  0.727993   ,  0.536139   ,  0.114601   ,  9.8408     ,  0.303976   ,  0.0316292  ])
Iter time: 229.940858841
Iter time: 448.084000111
Iter time: 773.454679966
219     , -11876.6    , array([ 0.156266   ,  0.00189817 ,  0.205365   ,  0.123599   ,  0.69768    ,  0.54127    ,  0.0822609  ,  9.68668    ,  0.24675    ,  0.0313382  ])
Iter time: 336.66477704
Iter time: 655.954306126
Iter time: 1133.62085915
220     , -11634      , array([ 0.110146   ,  0.00112487 ,  0.231175   ,  0.12649    ,  0.721836   ,  0.540991   ,  0.117933   ,  9.63254    ,  0.319719   ,  0.0308837  ])
Iter time: 246.158267021
Iter time: 478.842427969
Iter time: 828.949017048
223     , -11842.1    , array([ 0.146445   ,  0.00172192 ,  0.213723   ,  0.124703   ,  0.70266    ,  0.540464   ,  0.0867633  ,  9.61146    ,  0.256835   ,  0.0316294  ])
Iter time: 260.881933928
Iter time: 506.363163948
Iter time: 879.163007021
225     , -11816.9    , array([ 0.143071   ,  0.00159497 ,  0.21584    ,  0.123702   ,  0.705428   ,  0.540299   ,  0.0904596  ,  9.6561     ,  0.265084   ,  0.0313902  ])
Iter time: 338.880274057
Iter time: 659.980061769
Iter time: 1141.33241606
226     , -11615.2    , array([ 0.123239   ,  0.0011356  ,  0.209512   ,  0.123258   ,  0.713917   ,  0.545755   ,  0.122257   ,  9.73079    ,  0.314006   ,  0.0301115  ])
Iter time: 274.017154932
Iter time: 532.49891901
Iter time: 920.736287117
229     , -11785.6    , array([ 0.137469   ,  0.00148835 ,  0.218788   ,  0.124154   ,  0.708206   ,  0.540467   ,  0.0949479  ,  9.6301     ,  0.273474   ,  0.0313994  ])
Iter time: 324.172010183
Iter time: 629.610434055
Iter time: 1090.50637317
230     , -11605.6    , array([ 0.130352   ,  0.00120812 ,  0.196117   ,  0.12274    ,  0.710356   ,  0.544643   ,  0.121615   ,  9.94966    ,  0.308345   ,  0.0300336  ])
Iter time: 284.13193202
Iter time: 553.062036991
Iter time: 956.225873947
233     , -11759.8    , array([ 0.135659   ,  0.00141757 ,  0.217398   ,  0.123593   ,  0.709471   ,  0.540774   ,  0.0986707  ,  9.6785     ,  0.279875   ,  0.0311726  ])
Iter time: 352.749228001
Iter time: 686.313505888
Iter time: 1187.44336605
234     , -11576.5    , array([ 0.113418   ,  0.00108298 ,  0.217262   ,  0.123132   ,  0.717529   ,  0.546798   ,  0.12721    ,  9.91917    ,  0.318483   ,  0.0297601  ])
Iter time: 296.211812019
Iter time: 575.576495886
Iter time: 994.845119953
237     , -11731.2    , array([ 0.131305   ,  0.00134589 ,  0.218665   ,  0.123757   ,  0.711327   ,  0.541383   ,  0.102922   ,  9.68781    ,  0.28669    ,  0.0310517  ])
Iter time: 362.606256008
Iter time: 704.32884407
Iter time: 1219.46221495
238     , -11570.2    , array([ 0.116044   ,  0.00104989 ,  0.212138   ,  0.121921   ,  0.717758   ,  0.547204   ,  0.129949   ,  9.87853    ,  0.316875   ,  0.0298783  ])
Iter time: 305.788856983
Iter time: 596.786525011
Iter time: 1028.97346091
241     , -11706.7    , array([ 0.129252   ,  0.00129139 ,  0.217438   ,  0.123349   ,  0.712382   ,  0.542022   ,  0.106694   ,  9.72512    ,  0.291901   ,  0.0308529  ])
Iter time: 369.446376085
Iter time: 717.728389978
Iter time: 1240.25928903
242     , -11564.3    , array([ 0.115134   ,  0.00101986 ,  0.216053   ,  0.122377   ,  0.719518   ,  0.545299   ,  0.130257   ,  9.86442    ,  0.324465   ,  0.0299913  ])
Iter time: 348.010555029
Iter time: 677.422081947
Iter time: 1171.43347716
244     , -11541.4    , array([ 0.111146   ,  0.00110337 ,  0.187445   ,  0.12391    ,  0.718542   ,  0.5483     ,  0.138422   ,  9.74316    ,  0.326894   ,  0.0296037  ])
Iter time: 362.250025988
Iter time: 705.037928104
Iter time: 1219.52229404
245     , -11451.8    , array([ 0.101877   ,  0.00105648 ,  0.16374    ,  0.124747   ,  0.72108    ,  0.552722   ,  0.161449   ,  9.70611    ,  0.346557   ,  0.0288322  ])
Iter time: 322.926750898
Iter time: 627.313794851
Iter time: 1218.10645103
247     , -11657.7    , array([ 0.12371    ,  0.0012077  ,  0.212964   ,  0.123283   ,  0.714628   ,  0.543497   ,  0.114882   ,  9.75174    ,  0.302597   ,  0.0305199  ])
Iter time: 317.831568003
Iter time: 617.092899084
Iter time: 1067.18297005
249     , -11653.9    , array([ 0.127218   ,  0.00123924 ,  0.200236   ,  0.123376   ,  0.712363   ,  0.544403   ,  0.116865   ,  9.68882    ,  0.306064   ,  0.0302579  ])
Iter time: 357.334023952
Iter time: 694.69928813
Iter time: 1206.37729096
250     , -11500.7    , array([ 0.108268   ,  0.00105572 ,  0.181693   ,  0.124689   ,  0.723457   ,  0.542964   ,  0.143234   ,  9.9061     ,  0.344426   ,  0.0298061  ])
Iter time: 343.204515934
Iter time: 668.822324991
Iter time: 1158.67554498
251     , -11503.7    , array([ 0.120152   ,  0.00113934 ,  0.184684   ,  0.125179   ,  0.706631   ,  0.554861   ,  0.142762   ,  9.76376    ,  0.336548   ,  0.0284606  ])
Iter time: 371.705779076
Iter time: 723.248304129
Iter time: 1251.77234006
252     , -11472.3    , array([ 0.109303   ,  0.00101866 ,  0.188431   ,  0.124286   ,  0.718227   ,  0.549618   ,  0.148737   ,  9.85535    ,  0.345349   ,  0.0290858  ])
Iter time: 333.462823153
Iter time: 649.622714043
Iter time: 1123.09612203
254     , -11601.7    , array([ 0.120709   ,  0.00116097 ,  0.199671   ,  0.123625   ,  0.714684   ,  0.545735   ,  0.125097   ,  9.75426    ,  0.316453   ,  0.0299659  ])
Iter time: 343.705688953
Iter time: 669.995778084
Iter time: 1160.90049911
256     , -11588.6    , array([ 0.112833   ,  0.00110784 ,  0.212978   ,  0.125032   ,  0.719062   ,  0.54426    ,  0.126038   ,  9.73199    ,  0.323269   ,  0.0302286  ])
Iter time: 366.296186924
Iter time: 710.110237122
Iter time: 1232.59714103
257     , -11469.3    , array([ 0.106512   ,  0.00104313 ,  0.184362   ,  0.124279   ,  0.719723   ,  0.549046   ,  0.149319   ,  9.93546    ,  0.342222   ,  0.0290949  ])
Iter time: 339.449084044
Iter time: 661.496145964
Iter time: 1145.74737906
259     , -11567.8    , array([ 0.120979   ,  0.0011383  ,  0.19572    ,  0.12333    ,  0.714045   ,  0.546239   ,  0.129508   ,  9.89025    ,  0.31959    ,  0.0297681  ])
Iter time: 344.747545004
Iter time: 671.651496172
Iter time: 1163.77191687
261     , -11563.8    , array([ 0.116431   ,  0.00111476 ,  0.197288   ,  0.123759   ,  0.716185   ,  0.546811   ,  0.131577   ,  9.79943    ,  0.323925   ,  0.0297247  ])
Iter time: 369.557062864
Iter time: 720.648048162
Iter time: 1244.6284101
262     , -11459.1    , array([ 0.112483   ,  0.00103551 ,  0.175709   ,  0.122512   ,  0.715746   ,  0.55206    ,  0.153269   ,  9.9727     ,  0.340226   ,  0.0286642  ])
Iter time: 363.164294958
Iter time: 707.520249844
Iter time: 1223.99572301
263     , -11452.7    , array([ 0.111719   ,  0.00104984 ,  0.165085   ,  0.124277   ,  0.716918   ,  0.55055    ,  0.157624   ,  9.79505    ,  0.349931   ,  0.0288977  ])
Iter time: 355.202825069
Iter time: 689.648028851
Iter time: 1193.74525309
264     , -11436      , array([ 0.108364   ,  0.00108291 ,  0.160802   ,  0.125993   ,  0.716522   ,  0.550814   ,  0.160378   ,  9.81866    ,  0.358756   ,  0.0285918  ])
Iter time: 351.715548038
Iter time: 683.205220938
Iter time: 1179.803128
265     , -11378.3    , array([ 0.104717   ,  0.0010998  ,  0.14       ,  0.12808    ,  0.715904   ,  0.552627   ,  0.178169   ,  9.78887    ,  0.381729   ,  0.0279695  ])
Iter time: 349.611056089
Iter time: 681.170193195
Iter time: 1176.74192905
267     , -11523.8    , array([ 0.115637   ,  0.0010998  ,  0.186969   ,  0.123868   ,  0.715684   ,  0.547939   ,  0.138933   ,  9.86429    ,  0.33119    ,  0.0294051  ])
Iter time: 346.022837162
Iter time: 674.545970917
Iter time: 1166.60787797
268     , -11403.7    , array([ 0.106205   ,  0.001124   ,  0.143447   ,  0.126783   ,  0.714377   ,  0.554561   ,  0.172752   ,  9.81245    ,  0.364531   ,  0.0280204  ])
Iter time: 370.306554079
Iter time: 722.368604898
Iter time: 1248.62673187
269     , -11358.4    , array([ 0.103108   ,  0.00103    ,  0.147389   ,  0.125974   ,  0.717339   ,  0.554585   ,  0.18059    ,  9.88015    ,  0.373866   ,  0.0279398  ])
Iter time: 371.203254938
Iter time: 721.255146027
Iter time: 1247.18469787
271     , -11363.6    , array([ 0.101462   ,  0.00103041 ,  0.148299   ,  0.126288   ,  0.718173   ,  0.55478    ,  0.180238   ,  9.81833    ,  0.374638   ,  0.0279563  ])
Iter time: 354.524487019
Iter time: 688.106045961
Iter time: 1188.99146891
273     , -11466      , array([ 0.113121   ,  0.00109579 ,  0.173451   ,  0.125181   ,  0.712337   ,  0.553098   ,  0.152065   ,  9.80518    ,  0.346157   ,  0.0285404  ])
Iter time: 368.029643059
Iter time: 715.181952953
Iter time: 1236.84866595
274     , -11351.8    , array([ 0.105688   ,  0.00105995 ,  0.144703   ,  0.125777   ,  0.710557   ,  0.561922   ,  0.185374   ,  9.76777    ,  0.368418   ,  0.0272443  ])
Iter time: 373.518507957
Iter time: 726.319093943
Iter time: 1257.85758996
275     , -11278.1    , array([ 0.104421   ,  0.00106207 ,  0.129136   ,  0.126324   ,  0.704194   ,  0.571648   ,  0.210888   ,  9.69933    ,  0.381033   ,  0.0260471  ])
Iter time: 354.05180192
Iter time: 691.262953997
Iter time: 1189.66233492
276     , -11353.7    , array([ 0.103734   ,  0.00110771 ,  0.129373   ,  0.126596   ,  0.712913   ,  0.559499   ,  0.191426   ,  9.78678    ,  0.37473    ,  0.0273096  ])
Iter time: 357.341164112
Iter time: 696.293681145
Iter time: 1204.88992405
277     , -11333.9    , array([ 0.105892   ,  0.0010948  ,  0.123185   ,  0.127071   ,  0.710079   ,  0.562198   ,  0.200394   ,  9.67864    ,  0.385081   ,  0.0269574  ])
Iter time: 370.814646006
Iter time: 724.293195009
Iter time: 1247.70173883
278     , -11304.2    , array([ 0.0983968  ,  0.00104201 ,  0.122273   ,  0.126535   ,  0.716986   ,  0.559904   ,  0.207941   ,  9.7818     ,  0.388903   ,  0.0271694  ])
Iter time: 354.737905979
Iter time: 689.66133213
Iter time: 1197.03794694
279     , -11287.7    , array([ 0.096342   ,  0.00110404 ,  0.112258   ,  0.130129   ,  0.713819   ,  0.562541   ,  0.219286   ,  9.58038    ,  0.406408   ,  0.0267638  ])
Iter time: 358.61037302
Iter time: 698.303276062
Iter time: 1210.99936104
280     , -11254.3    , array([ 0.0941706  ,  0.00109999 ,  0.110613   ,  0.129467   ,  0.712034   ,  0.56652    ,  0.227782   ,  9.711      ,  0.40714    ,  0.0261434  ])
