==========================================
SLURM_JOB_ID = 18981459
SLURM_NODELIST = c8-66
==========================================
Module slurm/17.11.5 loaded 
Module openmpi/3.0.1 loaded 
Module gcc/7.3.0 loaded 
Module python/2.7.6 loaded 
Module numpy/1.11.1 loaded 
Module dadi/1.7.0 loaded 
Module matplotlib/2.0 loaded 
Module scipy/0.18.0 loaded 
Beginning. Call:
/home/hemstrow/monarch/github/F-H_2018/DADI/demographic_models/run_3d_mods.py /home/hemstrow/monarch/github/F-H_2018/Data/dadi_inputs/ dadi_snps_10kgap.txt 1st_folded_optim_10kgap_snps_dadi_out.txt cgrowth 10 [NAM,GUA,HAW] True 3 [0.1,0.1,0.5,0.5,5,5,.1,.1,.1,.1] [1,1,5,5,20,20,10,10,10,10] [.001,.001,.001,.001,.01,.01,.01,.01,.01,.01] [150,15,15] fmin

Ready to begin run. Parameters:

Model:
cgrowth
Maxiters:
10
Pops:
['NAM', 'GUA', 'HAW']
Projection:
[150, 15, 15]
Number of segregating sites in projected sfs:
9454.98941724
Folding spectra:
True
Level of parm folding:
3
Optimizer:
fmin
p0:
[  6.08803373e-01   9.54949703e-02   7.41978486e-02   4.06929342e-01
   3.98718718e+00   1.90420209e+01   1.98160054e-01   4.97633262e-01
   4.48339643e-01   1.55032607e-02]
Upper Bounds:
[1.0, 1.0, 5.0, 5.0, 20.0, 20.0, 10.0, 10.0, 10.0, 10.0]
Lower Bounds:
[0.001, 0.001, 0.001, 0.001, 0.01, 0.01, 0.01, 0.01, 0.01, 0.01]

Beginning optimization ************************************************
optimize_log_fmin.
Iter time: 506.681555986
Iter time: 982.837002993
Iter time: 1700.00661993
1       , -19040.6    , array([ 0.608803   ,  0.095495   ,  0.0741978  ,  0.406929   ,  3.98719    ,  19.042     ,  0.19816    ,  0.497633   ,  0.44834    ,  0.0155033  ])
Iter time: 506.362059116
Iter time: 986.253029823
Iter time: 1703.91951513
2       , -19040.7    , array([ 0.593883   ,  0.095495   ,  0.0741978  ,  0.406929   ,  3.98719    ,  19.042     ,  0.19816    ,  0.497633   ,  0.44834    ,  0.0155033  ])
Iter time: 527.806768894
Iter time: 1026.57021093
Iter time: 1771.68577695
3       , -19040.5    , array([ 0.608803   ,  0.084914   ,  0.0741978  ,  0.406929   ,  3.98719    ,  19.042     ,  0.19816    ,  0.497633   ,  0.44834    ,  0.0155033  ])
Iter time: 539.262502909
Iter time: 1047.71706104
Iter time: 148268.429242
4       , -19147.3    , array([ 0.608803   ,  0.095495   ,  0.0651495  ,  0.406929   ,  3.98719    ,  19.042     ,  0.19816    ,  0.497633   ,  0.44834    ,  0.0155033  ])
Iter time: 623.364646912
Iter time: 986.960609913
Iter time: 1711.43275785
5       , -19051.2    , array([ 0.608803   ,  0.095495   ,  0.0741978  ,  0.389041   ,  3.98719    ,  19.042     ,  0.19816    ,  0.497633   ,  0.44834    ,  0.0155033  ])
Iter time: 508.225827932
Iter time: 986.031192064
Iter time: 1708.73577404
6       , -19042.9    , array([ 0.608803   ,  0.095495   ,  0.0741978  ,  0.406929   ,  4.27268    ,  19.042     ,  0.19816    ,  0.497633   ,  0.44834    ,  0.0155033  ])
Iter time: 504.988909006
Iter time: 985.00198102
Iter time: 1700.70391893
8       , -19390.9    , array([ 0.608803   ,  0.095495   ,  0.0741978  ,  0.406929   ,  3.98719    ,  19.042     ,  0.182754   ,  0.497633   ,  0.44834    ,  0.0155033  ])
Iter time: 506.528756142
Iter time: 983.154200077
Iter time: 1704.61144996
9       , -19108.3    , array([ 0.608803   ,  0.095495   ,  0.0741978  ,  0.406929   ,  3.98719    ,  19.042     ,  0.19816    ,  0.480568   ,  0.44834    ,  0.0155033  ])
Iter time: 506.657034159
Iter time: 983.109289169
Iter time: 1700.04527307
10      , -19058.8    , array([ 0.608803   ,  0.095495   ,  0.0741978  ,  0.406929   ,  3.98719    ,  19.042     ,  0.19816    ,  0.497633   ,  0.430713   ,  0.0155033  ])
Iter time: 507.855829
Iter time: 982.935534
Iter time: 1699.575665
11      , -19068.5    , array([ 0.608803   ,  0.095495   ,  0.0741978  ,  0.406929   ,  3.98719    ,  19.042     ,  0.19816    ,  0.497633   ,  0.44834    ,  0.0125876  ])
Iter time: 449.522172928
Iter time: 875.967880011
Iter time: 1509.76735306
12      , -19128.7    , array([ 0.60579    ,  0.0932782  ,  0.0722928  ,  0.403287   ,  4.04272    ,  16.4334    ,  0.194978   ,  0.494172   ,  0.444757   ,  0.0148706  ])
Iter time: 504.339574099
Iter time: 981.421181917
Iter time: 1698.02801514
13      , -18762.7    , array([ 0.605189   ,  0.0928411  ,  0.0719177  ,  0.402562   ,  4.05391    ,  18.4891    ,  0.21417    ,  0.493483   ,  0.444044   ,  0.0147472  ])
Iter time: 503.374633074
Iter time: 984.522750139
Iter time: 1696.1177671
14      , -18460.3    , array([ 0.603389   ,  0.0915419  ,  0.0708041  ,  0.400397   ,  4.0877     ,  18.2187    ,  0.231849   ,  0.491421   ,  0.441912   ,  0.014383   ])
Iter time: 471.103914022
Iter time: 914.371150017
Iter time: 1585.41878605
15      , -18864.6    , array([ 0.604108   ,  0.0920594  ,  0.083281   ,  0.401262   ,  4.07415    ,  18.3264    ,  0.203821   ,  0.492245   ,  0.442764   ,  0.0145276  ])
Iter time: 475.921196222
Iter time: 924.545469999
Iter time: 1598.5341351
17      , -19054      , array([ 0.606036   ,  0.0934581  ,  0.073491   ,  0.403584   ,  4.03813    ,  17.6169    ,  0.198391   ,  0.494455   ,  0.44505    ,  0.0149215  ])
Iter time: 498.610230923
Iter time: 966.089549065
Iter time: 1670.47813082
18      , -18833.5    , array([ 0.603223   ,  0.0914225  ,  0.07508    ,  0.400196   ,  4.09084    ,  18.4412    ,  0.205685   ,  0.512237   ,  0.441715   ,  0.0143498  ])
Iter time: 494.427294016
Iter time: 964.879901886
Iter time: 1663.7936461
19      , -18824.3    , array([ 0.602113   ,  0.0906291  ,  0.0752577  ,  0.398863   ,  4.11189    ,  18.3234    ,  0.207223   ,  0.49754    ,  0.440402   ,  0.0181428  ])
Iter time: 492.644984007
Iter time: 958.842426062
Iter time: 1656.9995389
20      , -18789.4    , array([ 0.600784   ,  0.0896861  ,  0.0754715  ,  0.397269   ,  4.1373     ,  18.1829    ,  0.209085   ,  0.497522   ,  0.46047    ,  0.0152013  ])
Iter time: 527.558120012
Iter time: 1027.11604214
Iter time: 1775.3621521
21      , -18738.8    , array([ 0.602477   ,  0.0908888  ,  0.0766036  ,  0.399301   ,  4.10497    ,  19.7786    ,  0.211046   ,  0.501339   ,  0.448682   ,  0.0158528  ])
Iter time: 497.653804064
Iter time: 969.733890057
Iter time: 1676.08313894
22      , -18685.7    , array([ 0.598487   ,  0.088075   ,  0.0763597  ,  0.41639    ,  4.1817     ,  18.4377    ,  0.213971   ,  0.498877   ,  0.445458   ,  0.0153261  ])
Iter time: 497.299124956
Iter time: 970.841720819
Iter time: 1675.13804197
23      , -18622.2    , array([ 0.596445   ,  0.0866616  ,  0.0767995  ,  0.399919   ,  3.88553    ,  18.3192    ,  0.217282   ,  0.499126   ,  0.444884   ,  0.0152909  ])
Iter time: 495.76099205
Iter time: 965.647414923
Iter time: 1668.38963199
24      , -18542.1    , array([ 0.611956   ,  0.0849956  ,  0.0773307  ,  0.398532   ,  4.14228    ,  18.1779    ,  0.221322   ,  0.499426   ,  0.444196   ,  0.0152488  ])
Iter time: 498.500897884
Iter time: 964.703727007
Iter time: 1667.86138582
25      , -18444.7    , array([ 0.597576   ,  0.0830385  ,  0.077973   ,  0.396873   ,  4.17402    ,  18.0099    ,  0.22627    ,  0.499785   ,  0.443371   ,  0.0151984  ])
Iter time: 491.844785929
Iter time: 958.379463911
Iter time: 1655.48515701
26      , -18157.4    , array([ 0.59204    ,  0.0774335  ,  0.079932   ,  0.391939   ,  4.27069    ,  17.515     ,  0.241787   ,  0.500864   ,  0.440908   ,  0.0150482  ])
Iter time: 467.573779106
Iter time: 912.481263161
Iter time: 1573.64158607
27      , -18271.8    , array([ 0.594248   ,  0.0916791  ,  0.0791426  ,  0.393905   ,  4.23176    ,  17.7113    ,  0.235456   ,  0.500432   ,  0.441892   ,  0.0151081  ])
Iter time: 524.138591051
Iter time: 1020.99573016
Iter time: 1765.36957002
28      , -18324.3    , array([ 0.596898   ,  0.0844932  ,  0.0697956  ,  0.397994   ,  4.17299    ,  18.2777    ,  0.235619   ,  0.507582   ,  0.44728    ,  0.0162496  ])
Iter time: 501.667927027
Iter time: 975.741104126
Iter time: 1693.14699006
29      , -18255.8    , array([ 0.596516   ,  0.0837512  ,  0.0762976  ,  0.398613   ,  4.17252    ,  18.1315    ,  0.239916   ,  0.486882   ,  0.449466   ,  0.0168652  ])
Iter time: 504.802973032
Iter time: 984.248417854
Iter time: 1701.09081483
30      , -18141.8    , array([ 0.5965     ,  0.0831613  ,  0.0763266  ,  0.399895   ,  4.16333    ,  18.2097    ,  0.245214   ,  0.499097   ,  0.452647   ,  0.0131459  ])
Iter time: 509.700015783
Iter time: 992.829661131
Iter time: 1717.72113395
31      , -17805.1    , array([ 0.593713   ,  0.0796614  ,  0.0768668  ,  0.400412   ,  4.18929    ,  18.1532    ,  0.266747   ,  0.499877   ,  0.458896   ,  0.0111901  ])
Iter time: 510.693814039
Iter time: 993.919948816
Iter time: 1717.00979114
32      , -17992.8    , array([ 0.596406   ,  0.0820669  ,  0.0763898  ,  0.402132   ,  4.14811    ,  18.3444    ,  0.255162   ,  0.499588   ,  0.432623   ,  0.0147571  ])
Iter time: 474.291781902
Iter time: 921.674731016
Iter time: 1597.85504603
33      , -17899.6    , array([ 0.593526   ,  0.0793441  ,  0.0752187  ,  0.400653   ,  4.18953    ,  16.6125    ,  0.262573   ,  0.495437   ,  0.440765   ,  0.0139494  ])
Iter time: 497.369220972
Iter time: 967.423165083
Iter time: 1670.60332203
34      , -17795      , array([ 0.596489   ,  0.0801871  ,  0.0752322  ,  0.38126    ,  4.1142     ,  17.4529    ,  0.269805   ,  0.497193   ,  0.443016   ,  0.0141598  ])
Iter time: 497.954600096
Iter time: 968.850912094
Iter time: 1670.75267506
35      , -17379.4    , array([ 0.595493   ,  0.0765122  ,  0.0746747  ,  0.364823   ,  4.08086    ,  16.9804    ,  0.302969   ,  0.496353   ,  0.4418     ,  0.0136103  ])
Iter time: 497.154713869
Iter time: 966.822067976
Iter time: 1672.42022586
36      , -17609.9    , array([ 0.598341   ,  0.0794897  ,  0.0743827  ,  0.389736   ,  4.47145    ,  17.3012    ,  0.28396    ,  0.496391   ,  0.442971   ,  0.0138657  ])
Iter time: 498.172430038
Iter time: 971.067779064
Iter time: 1675.9083159
37      , -17507      , array([ 0.580556   ,  0.0799695  ,  0.0732998  ,  0.389351   ,  4.25893    ,  17.2641    ,  0.293024   ,  0.49549    ,  0.443412   ,  0.0136421  ])
Iter time: 493.836766005
Iter time: 959.585304976
Iter time: 1659.3775239
38      , -17395.2    , array([ 0.584273   ,  0.0722706  ,  0.080613   ,  0.385376   ,  4.35137    ,  17.0411    ,  0.293131   ,  0.504391   ,  0.446005   ,  0.014311   ])
Iter time: 469.212346077
Iter time: 908.265105009
Iter time: 1570.75963402
39      , -17345.4    , array([ 0.588107   ,  0.0758906  ,  0.0841687  ,  0.385213   ,  4.29826    ,  16.7498    ,  0.301319   ,  0.487717   ,  0.440401   ,  0.0123494  ])
Iter time: 443.845059156
Iter time: 865.139214993
Iter time: 1497.82858109
40      , -16896.8    , array([ 0.58376    ,  0.0719235  ,  0.0924298  ,  0.378977   ,  4.3623     ,  16.0344    ,  0.340749   ,  0.478078   ,  0.437001   ,  0.0107658  ])
Iter time: 516.885159016
Iter time: 1005.25486112
Iter time: 1744.7162559
41      , -17126.7    , array([ 0.58863    ,  0.0666284  ,  0.0765684  ,  0.386215   ,  4.2644     ,  16.945     ,  0.324663   ,  0.490184   ,  0.44478    ,  0.0124121  ])
Iter time: 484.170232058
Iter time: 940.946986914
Iter time: 1629.5206809
42      , -16917.5    , array([ 0.584834   ,  0.0696743  ,  0.0794798  ,  0.37925    ,  4.34383    ,  16.3297    ,  0.3385     ,  0.504508   ,  0.436369   ,  0.0104577  ])
Iter time: 490.226253033
Iter time: 1090.95613098
Iter time: 11389.0400391
43      , -16785.9    , array([ 0.587814   ,  0.0737842  ,  0.0757799  ,  0.383177   ,  4.25841    ,  16.6693    ,  0.359261   ,  0.491135   ,  0.44392    ,  0.0108976  ])
Iter time: 452.269619942
Iter time: 881.795782089
Iter time: 1927.8110621
45      , -16698.2    , array([ 0.581819   ,  0.0681527  ,  0.0791667  ,  0.369875   ,  4.40732    ,  15.6137    ,  0.364539   ,  0.490713   ,  0.454759   ,  0.0104587  ])
Iter time: 865.468813896
Iter time: 1381.01277494
Iter time: 1704.93654299
47      , -16554.7    , array([ 0.582318   ,  0.0683802  ,  0.0812261  ,  0.365354   ,  4.4082     ,  17.029     ,  0.378277   ,  0.493877   ,  0.449158   ,  0.010445   ])
Iter time: 469.436764002
Iter time: 915.85550499
Iter time: 1579.13541389
49      , -16429.8    , array([ 0.579882   ,  0.0660592  ,  0.0803663  ,  0.358935   ,  4.4536     ,  15.3857    ,  0.399303   ,  0.488309   ,  0.429565   ,  0.0128425  ])
Iter time: 452.213016033
Iter time: 880.215255976
Iter time: 1521.49306703
50      , -15852.6    , array([ 0.573088   ,  0.0601557  ,  0.0821754  ,  0.339837   ,  4.59194    ,  14.1644    ,  0.488545   ,  0.482625   ,  0.41561    ,  0.0137581  ])
Iter time: 474.874027967
Iter time: 924.535092831
Iter time: 1601.04584098
51      , -16239.3    , array([ 0.570457   ,  0.0626129  ,  0.0847217  ,  0.3588     ,  4.19481    ,  15.5102    ,  0.418094   ,  0.48898    ,  0.43937    ,  0.0103482  ])
Iter time: 489.141729832
Iter time: 952.662556887
Iter time: 1652.39288807
53      , -17128.7    , array([ 0.58188    ,  0.0741981  ,  0.0768356  ,  0.380016   ,  4.29152    ,  16.7271    ,  0.323447   ,  0.493752   ,  0.442085   ,  0.0126078  ])
Iter time: 488.830096006
Iter time: 948.588705063
Iter time: 1638.31637383
55      , -17060.9    , array([ 0.583621   ,  0.070629   ,  0.0803844  ,  0.377807   ,  4.33484    ,  16.6032    ,  0.325102   ,  0.497637   ,  0.443181   ,  0.0128317  ])
Iter time: 488.429132938
Iter time: 949.982338905
Iter time: 1643.10447288
57      , -17038.5    , array([ 0.588605   ,  0.0723819  ,  0.0776526  ,  0.368237   ,  4.21063    ,  16.555     ,  0.331679   ,  0.493719   ,  0.441155   ,  0.0124768  ])
Iter time: 474.025631905
Iter time: 926.889940023
Iter time: 1598.13573813
58      , -16302.8    , array([ 0.58305    ,  0.0628802  ,  0.0850417  ,  0.361251   ,  4.38148    ,  15.5419    ,  0.409693   ,  0.488455   ,  0.438758   ,  0.0103545  ])
Iter time: 439.545558214
Iter time: 855.26339817
Iter time: 1481.91278696
59      , -16151.6    , array([ 0.575267   ,  0.0692178  ,  0.0871489  ,  0.350734   ,  4.43329    ,  15.0791    ,  0.427596   ,  0.491662   ,  0.434912   ,  0.0101434  ])
Iter time: 480.364295959
Iter time: 932.57607007
Iter time: 1613.33118916
61      , -16790.7    , array([ 0.582345   ,  0.0691867  ,  0.0813614  ,  0.371511   ,  4.3463     ,  16.2129    ,  0.352839   ,  0.49397    ,  0.441081   ,  0.0118589  ])
Iter time: 480.786480904
Iter time: 936.174875021
Iter time: 1613.42406106
63      , -16768.2    , array([ 0.584514   ,  0.0698821  ,  0.0801537  ,  0.366938   ,  4.29038    ,  16.1724    ,  0.357495   ,  0.492034   ,  0.440068   ,  0.0116641  ])
Iter time: 458.058500051
Iter time: 889.920500994
Iter time: 1541.23459792
64      , -16102.8    , array([ 0.576038   ,  0.0653716  ,  0.0862698  ,  0.350208   ,  4.38876    ,  15.2553    ,  0.44343    ,  0.474219   ,  0.442359   ,  0.011621   ])
Iter time: 502.490920067
Iter time: 979.593338013
Iter time: 1687.3096981
65      , -15969.8    , array([ 0.575562   ,  0.062129   ,  0.0731665  ,  0.34497    ,  4.37546    ,  15.3822    ,  0.46433    ,  0.499626   ,  0.442798   ,  0.0114623  ])
