==========================================
SLURM_JOB_ID = 18981445
SLURM_NODELIST = c8-65
==========================================
Module slurm/17.11.5 loaded 
Module openmpi/3.0.1 loaded 
Module gcc/7.3.0 loaded 
Module python/2.7.6 loaded 
Module numpy/1.11.1 loaded 
Module dadi/1.7.0 loaded 
Module matplotlib/2.0 loaded 
Module scipy/0.18.0 loaded 
Beginning. Call:
/home/hemstrow/monarch/github/F-H_2018/DADI/demographic_models/run_3d_mods.py /home/hemstrow/monarch/github/F-H_2018/Data/dadi_inputs/ dadi_snps_10kgap.txt 1st_folded_optim_10kgap_snps_dadi_out.txt cgrowth 10 [NAM,HAW,GUA] True 3 [0.1,0.1,0.5,0.5,5,5,.1,.1,.1,.1] [1,1,5,5,20,20,10,10,10,10] [.001,.001,.001,.001,.01,.01,.01,.01,.01,.01] [150,15,15] fmin

Ready to begin run. Parameters:

Model:
cgrowth
Maxiters:
10
Pops:
['NAM', 'HAW', 'GUA']
Projection:
[150, 15, 15]
Number of segregating sites in projected sfs:
9454.98941724
Folding spectra:
True
Level of parm folding:
3
Optimizer:
fmin
p0:
[  0.6138747    0.09002898   0.4923589    0.37801      9.76053883
  15.01867023   0.05104413   0.1358664    0.03334619   0.40470353]
Upper Bounds:
[1.0, 1.0, 5.0, 5.0, 20.0, 20.0, 10.0, 10.0, 10.0, 10.0]
Lower Bounds:
[0.001, 0.001, 0.001, 0.001, 0.01, 0.01, 0.01, 0.01, 0.01, 0.01]

Beginning optimization ************************************************
optimize_log_fmin.
Iter time: 285.965354204
Iter time: 559.954308987
Iter time: 960.874511003
1       , -23930      , array([ 0.613875   ,  0.090029   ,  0.492359   ,  0.37801    ,  9.76054    ,  15.0187    ,  0.0510441  ,  0.135866   ,  0.0333462  ,  0.404704   ])
Iter time: 285.763051987
Iter time: 556.22001195
Iter time: 961.272585154
2       , -23929.9    , array([ 0.599078   ,  0.090029   ,  0.492359   ,  0.37801    ,  9.76054    ,  15.0187    ,  0.0510441  ,  0.135866   ,  0.0333462  ,  0.404704   ])
Iter time: 307.770793915
Iter time: 600.87666297
Iter time: 1035.59406304
3       , -23928      , array([ 0.613875   ,  0.0798181  ,  0.492359   ,  0.37801    ,  9.76054    ,  15.0187    ,  0.0510441  ,  0.135866   ,  0.0333462  ,  0.404704   ])
Iter time: 286.328065157
Iter time: 556.096070051
Iter time: 961.324108124
4       , -23941.1    , array([ 0.613875   ,  0.090029   ,  0.475221   ,  0.37801    ,  9.76054    ,  15.0187    ,  0.0510441  ,  0.135866   ,  0.0333462  ,  0.404704   ])
Iter time: 291.563882113
Iter time: 570.078010082
Iter time: 980.978475094
5       , -23935.5    , array([ 0.613875   ,  0.090029   ,  0.492359   ,  0.360063   ,  9.76054    ,  15.0187    ,  0.0510441  ,  0.135866   ,  0.0333462  ,  0.404704   ])
Iter time: 286.639862061
Iter time: 556.280604124
Iter time: 961.706507206
6       , -24001.4    , array([ 0.613875   ,  0.090029   ,  0.492359   ,  0.37801    ,  10.9382    ,  15.0187    ,  0.0510441  ,  0.135866   ,  0.0333462  ,  0.404704   ])
Iter time: 327.25997591
Iter time: 640.025053978
Iter time: 1100.18520498
7       , -23937.1    , array([ 0.613875   ,  0.090029   ,  0.492359   ,  0.37801    ,  9.76054    ,  17.1974    ,  0.0510441  ,  0.135866   ,  0.0333462  ,  0.404704   ])
Iter time: 146860.157869
Iter time: 556.13591218
Iter time: 964.259569883
8       , -24135.2    , array([ 0.613875   ,  0.090029   ,  0.492359   ,  0.37801    ,  9.76054    ,  15.0187    ,  0.0439889  ,  0.135866   ,  0.0333462  ,  0.404704   ])
Iter time: 287.551821947
Iter time: 555.852495193
Iter time: 961.250659943
9       , -24333.4    , array([ 0.613875   ,  0.090029   ,  0.492359   ,  0.37801    ,  9.76054    ,  15.0187    ,  0.0510441  ,  0.122961   ,  0.0333462  ,  0.404704   ])
Iter time: 286.255285978
Iter time: 555.957506895
Iter time: 964.505191088
10      , -23921      , array([ 0.613875   ,  0.090029   ,  0.492359   ,  0.37801    ,  9.76054    ,  15.0187    ,  0.0510441  ,  0.135866   ,  0.0281319  ,  0.404704   ])
Iter time: 288.309825182
Iter time: 557.107493877
Iter time: 962.687773943
11      , -24017.1    , array([ 0.613875   ,  0.090029   ,  0.492359   ,  0.37801    ,  9.76054    ,  15.0187    ,  0.0510441  ,  0.135866   ,  0.0333462  ,  0.386807   ])
Iter time: 299.045861959
Iter time: 583.150197983
Iter time: 1005.77862597
12      , -23591.1    , array([ 0.610887   ,  0.0878873  ,  0.488883   ,  0.37435    ,  9.98547    ,  15.4311    ,  0.0495479  ,  0.150126   ,  0.0322312  ,  0.401059   ])
Iter time: 307.326801062
Iter time: 595.656469107
Iter time: 1028.74219084
13      , -23207.3    , array([ 0.609398   ,  0.0868356  ,  0.487154   ,  0.372534   ,  10.0999    ,  15.6416    ,  0.0488163  ,  0.165883   ,  0.0316878  ,  0.399249   ])
Iter time: 302.97814393
Iter time: 589.826375008
Iter time: 1020.25181508
14      , -23603.4    , array([ 0.609993   ,  0.0872548  ,  0.487845   ,  0.373259   ,  10.054     ,  15.5571    ,  0.0587046  ,  0.1414     ,  0.031904   ,  0.399972   ])
Iter time: 307.316118956
Iter time: 597.159458876
Iter time: 1033.62520289
15      , -23648.6    , array([ 0.609219   ,  0.0867103  ,  0.486947   ,  0.372317   ,  10.1137    ,  15.667     ,  0.0520253  ,  0.142534   ,  0.0316232  ,  0.421289   ])
Iter time: 311.20144105
Iter time: 605.358788013
Iter time: 1048.26591802
16      , -23610.1    , array([ 0.608293   ,  0.0860614  ,  0.485871   ,  0.371188   ,  8.8844     ,  15.8       ,  0.0522238  ,  0.143906   ,  0.0312894  ,  0.405906   ])
Iter time: 316.53597188
Iter time: 617.052499056
Iter time: 1064.94462705
17      , -23590.3    , array([ 0.607182   ,  0.0852891  ,  0.505629   ,  0.369839   ,  9.77086    ,  15.9611    ,  0.052463   ,  0.14557    ,  0.0308936  ,  0.406147   ])
Iter time: 274.883505821
Iter time: 535.092741013
Iter time: 925.596446991
18      , -23539.6    , array([ 0.605853   ,  0.0843715  ,  0.490633   ,  0.368226   ,  9.77293    ,  13.7326    ,  0.0527515  ,  0.147592   ,  0.0304251  ,  0.406436   ])
Iter time: 305.299427032
Iter time: 593.805491924
Iter time: 1026.92632389
19      , -23449      , array([ 0.604261   ,  0.0832834  ,  0.490288   ,  0.388317   ,  9.77541    ,  15.4457    ,  0.0530998  ,  0.150056   ,  0.0298724  ,  0.406784   ])
Iter time: 315.881486893
Iter time: 612.930982113
Iter time: 1061.05689692
20      , -23353.9    , array([ 0.602356   ,  0.0819962  ,  0.489875   ,  0.371876   ,  9.77839    ,  15.5325    ,  0.0535207  ,  0.153067   ,  0.0292223  ,  0.407201   ])
Iter time: 321.313885927
Iter time: 625.685795069
Iter time: 1080.5371089
21      , -23237.1    , array([ 0.617907   ,  0.0804778  ,  0.48938    ,  0.370661   ,  9.78196    ,  15.6374    ,  0.0540303  ,  0.15676    ,  0.0284608  ,  0.407703   ])
Iter time: 301.287490845
Iter time: 584.989074945
Iter time: 1012.96181893
22      , -23098.9    , array([ 0.603804   ,  0.0909226  ,  0.488786   ,  0.369208   ,  9.78625    ,  15.7642    ,  0.0546482  ,  0.16131    ,  0.0275733  ,  0.408305   ])
Iter time: 297.297874928
Iter time: 580.139077902
Iter time: 1001.38836193
23      , -22677.8    , array([ 0.598831   ,  0.0970414  ,  0.48701    ,  0.364885   ,  9.79913    ,  16.1507    ,  0.0565445  ,  0.175766   ,  0.0250732  ,  0.410118   ])
Iter time: 327.146208048
Iter time: 638.863391876
Iter time: 1097.97204185
24      , -22858.1    , array([ 0.600815   ,  0.0818287  ,  0.487719   ,  0.366608   ,  9.79397    ,  15.995     ,  0.0557782  ,  0.169835   ,  0.0319402  ,  0.409392   ])
Iter time: 307.612560987
Iter time: 600.152291059
Iter time: 1036.94228292
25      , -22989.5    , array([ 0.603727   ,  0.0839817  ,  0.493297   ,  0.371066   ,  9.39146    ,  15.3967    ,  0.0554939  ,  0.167665   ,  0.0284706  ,  0.391028   ])
Iter time: 303.192445993
Iter time: 591.15042901
Iter time: 1018.87102103
26      , -22891.9    , array([ 0.603736   ,  0.0842019  ,  0.49589    ,  0.372169   ,  10.8102    ,  15.1883    ,  0.0559586  ,  0.17122    ,  0.0282361  ,  0.402827   ])
Iter time: 311.222954035
Iter time: 605.81731391
Iter time: 1045.95555902
27      , -22746.2    , array([ 0.600813   ,  0.0824608  ,  0.495503   ,  0.369887   ,  9.69229    ,  15.3517    ,  0.0493063  ,  0.181052   ,  0.0270239  ,  0.409385   ])
Iter time: 297.140036106
Iter time: 578.334388018
Iter time: 998.029877901
28      , -22612.8    , array([ 0.602323   ,  0.0837943  ,  0.476144   ,  0.373318   ,  9.95701    ,  14.8471    ,  0.0544918  ,  0.183708   ,  0.0271708  ,  0.403802   ])
Iter time: 287.275032043
Iter time: 559.114278078
Iter time: 965.998635054
29      , -22140.3    , array([ 0.599908   ,  0.0830567  ,  0.462053   ,  0.37507    ,  10.0514    ,  14.3195    ,  0.0555354  ,  0.206375   ,  0.0254812  ,  0.402635   ])
Iter time: 346.603163958
Iter time: 672.947940111
Iter time: 1162.19020295
30      , -22343.9    , array([ 0.602455   ,  0.0844399  ,  0.484843   ,  0.376337   ,  10.011     ,  17.4015    ,  0.0547541  ,  0.193756   ,  0.0266278  ,  0.402757   ])
Iter time: 318.308886051
Iter time: 619.408890963
Iter time: 1076.12240314
31      , -22237      , array([ 0.603681   ,  0.0857794  ,  0.484101   ,  0.354637   ,  10.0562    ,  15.8448    ,  0.0547297  ,  0.200569   ,  0.026504   ,  0.401613   ])
Iter time: 309.385421991
Iter time: 601.202142
Iter time: 1043.66937995
32      , -22113.6    , array([ 0.605856   ,  0.0879156  ,  0.483362   ,  0.366817   ,  10.1097    ,  15.8191    ,  0.0545424  ,  0.207545   ,  0.0265697  ,  0.400094   ])
Iter time: 306.194681883
Iter time: 596.718204021
Iter time: 1030.68913579
33      , -21515.1    , array([ 0.607613   ,  0.0910336  ,  0.480138   ,  0.364313   ,  10.2795    ,  15.9643    ,  0.0550605  ,  0.241673   ,  0.0253351  ,  0.396587   ])
Iter time: 300.102794886
Iter time: 585.137630939
Iter time: 1009.78847885
34      , -21888.9    , array([ 0.588627   ,  0.0918097  ,  0.48201    ,  0.36675    ,  10.2068    ,  15.7781    ,  0.0542325  ,  0.220982   ,  0.0266531  ,  0.397399   ])
Iter time: 314.004392862
Iter time: 611.728457928
Iter time: 1057.74420691
35      , -21660.3    , array([ 0.592721   ,  0.0860408  ,  0.483185   ,  0.363765   ,  9.90633    ,  15.8014    ,  0.0613015  ,  0.221159   ,  0.0231247  ,  0.405436   ])
Iter time: 312.903017044
Iter time: 610.521380186
Iter time: 1054.17895198
36      , -21582.1    , array([ 0.596091   ,  0.0893968  ,  0.475196   ,  0.363756   ,  10.7679    ,  16.1362    ,  0.0550092  ,  0.231267   ,  0.0246891  ,  0.416967   ])
Iter time: 320.084553003
Iter time: 624.553604126
Iter time: 1077.35374403
37      , -21459.4    , array([ 0.594565   ,  0.090237   ,  0.468697   ,  0.361023   ,  9.34735    ,  16.5568    ,  0.054366   ,  0.2405     ,  0.0242347  ,  0.407556   ])
Iter time: 329.96976018
Iter time: 642.594285965
Iter time: 1106.76545787
38      , -20806.6    , array([ 0.590031   ,  0.0934148  ,  0.455665   ,  0.355576   ,  8.6919     ,  17.2867    ,  0.0535868  ,  0.285033   ,  0.022452   ,  0.409942   ])
Iter time: 298.16585207
Iter time: 582.103315115
Iter time: 1002.18267584
39      , -21086.4    , array([ 0.595295   ,  0.0953461  ,  0.470114   ,  0.364267   ,  10.0739    ,  15.968     ,  0.0541064  ,  0.268916   ,  0.0199659  ,  0.401129   ])
Iter time: 309.812237024
Iter time: 603.87451601
Iter time: 1042.02718592
40      , -20859.1    , array([ 0.594199   ,  0.0974029  ,  0.457887   ,  0.359933   ,  10.2585    ,  16.7685    ,  0.0623563  ,  0.273024   ,  0.0222119  ,  0.399504   ])
Iter time: 327.470768929
Iter time: 636.120419025
Iter time: 1098.92069197
41      , -20613.4    , array([ 0.595241   ,  0.0828296  ,  0.460162   ,  0.363873   ,  10.24      ,  16.0591    ,  0.0554485  ,  0.30713    ,  0.0233669  ,  0.396704   ])
Iter time: 341.770970106
Iter time: 667.738396883
Iter time: 1152.17529202
42      , -19753.6    , array([ 0.593454   ,  0.0765244  ,  0.447299   ,  0.363368   ,  10.4678    ,  16.0135    ,  0.0549085  ,  0.40599    ,  0.0225578  ,  0.390163   ])
Iter time: 281.046279907
Iter time: 546.946366072
Iter time: 946.784149885
43      , -20391.7    , array([ 0.589882   ,  0.0933351  ,  0.454828   ,  0.350333   ,  10.1131    ,  14.659     ,  0.057294   ,  0.32304    ,  0.0212846  ,  0.401396   ])
Iter time: 296.92226696
Iter time: 578.5045681
Iter time: 1005.64500713
44      , -20150.9    , array([ 0.585968   ,  0.093442   ,  0.449877   ,  0.370864   ,  10.079     ,  15.8507    ,  0.0578468  ,  0.343277   ,  0.0204664  ,  0.402496   ])
Iter time: 331.472831964
Iter time: 645.133238077
Iter time: 1115.83126688
45      , -19888.3    , array([ 0.586887   ,  0.0988062  ,  0.468834   ,  0.349869   ,  10.0894    ,  17.8991    ,  0.0574744  ,  0.36936    ,  0.020375   ,  0.401447   ])
Iter time: 323.305866003
Iter time: 630.615112066
Iter time: 1089.49677205
46      , -19715.4    , array([ 0.597781   ,  0.0907088  ,  0.446938   ,  0.354451   ,  9.91285    ,  16.6594    ,  0.0595426  ,  0.382268   ,  0.0184603  ,  0.407562   ])
Iter time: 337.139901876
Iter time: 653.549572945
Iter time: 1129.13084316
47      , -18831.7    , array([ 0.602411   ,  0.0901633  ,  0.430372   ,  0.348457   ,  9.76909    ,  17.1183    ,  0.0623895  ,  0.502775   ,  0.0153633  ,  0.41274    ])
Iter time: 313.68994689
Iter time: 612.294487953
Iter time: 1055.33390999
48      , -19405.3    , array([ 0.59558    ,  0.0977009  ,  0.435648   ,  0.354299   ,  10.185     ,  16.9033    ,  0.0528621  ,  0.450148   ,  0.0196062  ,  0.400911   ])
Iter time: 315.471587896
Iter time: 612.066997051
Iter time: 1058.27097917
49      , -19129.5    , array([ 0.592111   ,  0.0957186  ,  0.435341   ,  0.352446   ,  9.26638    ,  16.707     ,  0.0584415  ,  0.491805   ,  0.0175364  ,  0.386775   ])
Iter time: 323.875232935
Iter time: 632.004021883
Iter time: 1093.14287686
50      , -18745.5    , array([ 0.577889   ,  0.0949458  ,  0.422502   ,  0.349584   ,  9.50728    ,  17.0412    ,  0.0590872  ,  0.54249    ,  0.0158769  ,  0.404618   ])
Iter time: 333.892594099
Iter time: 650.843830109
Iter time: 1126.03617787
51      , -17753.9    , array([ 0.563576   ,  0.0969645  ,  0.396333   ,  0.342445   ,  9.1432     ,  17.6066    ,  0.0612096  ,  0.812782   ,  0.0125687  ,  0.408694   ])
Iter time: 340.822911024
Iter time: 662.190222979
Iter time: 1143.81737804
52      , -18437.9    , array([ 0.583423   ,  0.0909571  ,  0.417026   ,  0.345336   ,  9.5151     ,  17.3735    ,  0.061631   ,  0.60824    ,  0.0183654  ,  0.401535   ])
Iter time: 332.808175802
Iter time: 648.017246008
Iter time: 1117.17472315
53      , -18233.3    , array([ 0.582363   ,  0.0878254  ,  0.420232   ,  0.346611   ,  9.20435    ,  16.6617    ,  0.053352   ,  0.703177   ,  0.0158923  ,  0.403577   ])
Iter time: 315.290582895
Iter time: 615.069396973
Iter time: 1060.68899298
54      , -17870.9    , array([ 0.584944   ,  0.0904518  ,  0.415499   ,  0.349071   ,  10.9884    ,  16.0437    ,  0.0620286  ,  0.806873   ,  0.0146725  ,  0.392072   ])
Iter time: 378.748697042
Iter time: 739.994790077
Iter time: 1275.68968296
55      , -17769      , array([ 0.584109   ,  0.0899627  ,  0.408803   ,  0.35404    ,  9.6023     ,  19.2642    ,  0.0589437  ,  0.854977   ,  0.0143675  ,  0.398541   ])
Iter time: 378.571468115
Iter time: 737.811199188
Iter time: 1274.59029984
56      , -17523.8    , array([ 0.587637   ,  0.0891804  ,  0.405462   ,  0.331349   ,  9.54191    ,  18.5246    ,  0.0586002  ,  0.965668   ,  0.0139211  ,  0.396668   ])
Iter time: 354.980277061
Iter time: 692.277508974
Iter time: 1194.38032794
58      , -17341.6    , array([ 0.586867   ,  0.0826275  ,  0.37793    ,  0.347433   ,  9.42633    ,  16.5177    ,  0.0592091  ,  1.08767    ,  0.0129579  ,  0.396753   ])
Iter time: 433.685966969
Iter time: 843.536931992
Iter time: 1458.54293704
59      , -16624.2    , array([ 0.586856   ,  0.0755605  ,  0.339319   ,  0.346222   ,  9.11132    ,  15.8676    ,  0.060096   ,  1.86647    ,  0.0103336  ,  0.394426   ])
Iter time: 373.533606052
Iter time: 727.493874073
Iter time: 1259.61771202
60      , -16840.2    , array([ 0.579076   ,  0.106416   ,  0.374831   ,  0.331308   ,  8.83681    ,  18.429     ,  0.0631051  ,  1.34256    ,  0.0100121  ,  0.409116   ])
Iter time: 417.843930006
Iter time: 814.239192963
Iter time: 1406.04046488
61      , -16683.7    , array([ 0.573775   ,  0.0847873  ,  0.373454   ,  0.33526    ,  8.82787    ,  17.7631    ,  0.0679116  ,  1.50664    ,  0.0100706  ,  0.399764   ])
Iter time: 458.654741049
Iter time: 893.089220047
Iter time: 1540.87141109
62      , -16466.4    , array([ 0.573518   ,  0.0844695  ,  0.36243    ,  0.333669   ,  9.60943    ,  18.1935    ,  0.0633011  ,  1.7251     ,  0.010077   ,  0.417122   ])
Iter time: 517.519979954
Iter time: 1006.41220212
Iter time: 1742.55659509
64      , -16466.7    , array([ 0.558197   ,  0.0885117  ,  0.354231   ,  0.334575   ,  9.08495    ,  17.9741    ,  0.0594677  ,  2.15935    ,  0.0105719  ,  0.391708   ])
Iter time: 347.245558023
Iter time: 808.868963957
Iter time: 1169.76444292
66      , -17719.2    , array([ 0.580366   ,  0.090019   ,  0.40024    ,  0.342842   ,  9.44597    ,  17.4867    ,  0.0611606  ,  0.848152   ,  0.0148822  ,  0.401313   ])
Iter time: 346.768311024
Iter time: 676.465703011
Iter time: 1170.629493
68      , -17617.5    , array([ 0.579739   ,  0.0885649  ,  0.400797   ,  0.343287   ,  9.30248    ,  17.1662    ,  0.0572946  ,  0.920532   ,  0.0137986  ,  0.402219   ])
Iter time: 341.628027916
Iter time: 666.192265987
Iter time: 1150.94660807
70      , -17448      , array([ 0.580763   ,  0.0897847  ,  0.397817   ,  0.344215   ,  10.0798    ,  16.9019    ,  0.0615333  ,  0.992593   ,  0.0132178  ,  0.396951   ])
Iter time: 375.043645144
Iter time: 727.864743948
Iter time: 1258.40672493
72      , -17388.4    , array([ 0.580182   ,  0.0895328  ,  0.394061   ,  0.346169   ,  9.44554    ,  18.4       ,  0.0601128  ,  1.02941    ,  0.0130253  ,  0.400133   ])
Iter time: 492.033364773
Iter time: 956.706506968
Iter time: 1651.11793399
73      , -16512.2    , array([ 0.592704   ,  0.0805868  ,  0.363635   ,  0.335271   ,  9.50352    ,  17.6979    ,  0.0611789  ,  1.98146    ,  0.0111737  ,  0.393217   ])
Iter time: 365.311327934
Iter time: 710.45350194
Iter time: 1225.21490884
75      , -17275.6    , array([ 0.579769   ,  0.0887121  ,  0.387935   ,  0.340454   ,  9.38644    ,  17.5798    ,  0.0611784  ,  1.08244    ,  0.0130913  ,  0.400689   ])
Iter time: 366.661330938
Iter time: 713.776664019
Iter time: 1240.03644991
77      , -17218.6    , array([ 0.579458   ,  0.088      ,  0.387573   ,  0.340534   ,  9.31906    ,  17.4387    ,  0.0594077  ,  1.13685    ,  0.0125725  ,  0.401064   ])
Iter time: 383.188595057
Iter time: 746.317901134
Iter time: 1290.64992213
79      , -17162.4    , array([ 0.582983   ,  0.0882464  ,  0.388943   ,  0.335018   ,  9.42708    ,  18.0609    ,  0.0601219  ,  1.17393    ,  0.0125641  ,  0.398507   ])
Iter time: 368.715928078
Iter time: 717.835206985
Iter time: 1240.82756805
81      , -17116.8    , array([ 0.579673   ,  0.0884684  ,  0.384824   ,  0.340998   ,  9.65678    ,  17.309     ,  0.0615368  ,  1.20021    ,  0.0122116  ,  0.398727   ])
Iter time: 385.376850128
Iter time: 751.809211969
Iter time: 1303.33007002
83      , -17077.8    , array([ 0.579358   ,  0.0882914  ,  0.382549   ,  0.341708   ,  9.35835    ,  18.0047    ,  0.0608935  ,  1.23168    ,  0.0120833  ,  0.400251   ])
Iter time: 383.381834984
Iter time: 745.881624937
Iter time: 1288.62641716
85      , -17016.7    , array([ 0.579131   ,  0.0878649  ,  0.379299   ,  0.338938   ,  9.32763    ,  17.6199    ,  0.0614165  ,  1.27119    ,  0.0120654  ,  0.400507   ])
Iter time: 385.603957891
Iter time: 750.225340128
Iter time: 1298.744102
87      , -16982.6    , array([ 0.578959   ,  0.0875049  ,  0.378713   ,  0.338898   ,  9.29452    ,  17.5581    ,  0.060622   ,  1.31005    ,  0.0117996  ,  0.400667   ])
Iter time: 395.558322191
Iter time: 771.500286102
Iter time: 1332.17366815
89      , -16948      , array([ 0.580517   ,  0.0875903  ,  0.378877   ,  0.336336   ,  9.34162    ,  17.8434    ,  0.0610105  ,  1.33856    ,  0.0117587  ,  0.399495   ])
Iter time: 389.769765139
Iter time: 756.949258089
Iter time: 1310.05465698
91      , -16919.6    , array([ 0.578909   ,  0.0876567  ,  0.376572   ,  0.339091   ,  9.43907    ,  17.4946    ,  0.0616977  ,  1.36086    ,  0.0115707  ,  0.399644   ])
Iter time: 399.610975981
Iter time: 776.731374025
Iter time: 1343.34885311
93      , -16894.3    , array([ 0.578729   ,  0.0875374  ,  0.375162   ,  0.339312   ,  9.29606    ,  17.8171    ,  0.0614147  ,  1.38548    ,  0.0114848  ,  0.400377   ])
Iter time: 398.65882206
Iter time: 778.162841082
Iter time: 1348.16478014
95      , -16859.8    , array([ 0.578595   ,  0.0873094  ,  0.37336    ,  0.337953   ,  9.27922    ,  17.6355    ,  0.0616778  ,  1.4136     ,  0.0114481  ,  0.400498   ])
Iter time: 401.206274986
Iter time: 781.786647081
Iter time: 1350.80897093
97      , -16838.5    , array([ 0.578491   ,  0.0871206  ,  0.372806   ,  0.337886   ,  9.26197    ,  17.6084    ,  0.0613305  ,  1.44051    ,  0.0113042  ,  0.40057    ])
Iter time: 406.618185997
Iter time: 792.828840971
Iter time: 1374.78408098
99      , -16816.9    , array([ 0.579168   ,  0.0871397  ,  0.372585   ,  0.336684   ,  9.28143    ,  17.7391    ,  0.0615428  ,  1.46146    ,  0.0112623  ,  0.400037   ])
Iter time: 471.892328024
Iter time: 918.362689972
Iter time: 1589.48305392
100     , -16482.1    , array([ 0.576788   ,  0.0856353  ,  0.355741   ,  0.33451    ,  8.97892    ,  17.8268    ,  0.0624326  ,  1.89779    ,  0.010002   ,  0.401598   ])
Iter time: 413.425699949
Iter time: 868.60642004
Iter time: 1504.68155384
102     , -16765.1    , array([ 0.578191   ,  0.086992   ,  0.369573   ,  0.337809   ,  9.23494    ,  17.7388    ,  0.0617893  ,  1.51582    ,  0.0110388  ,  0.400559   ])
Iter time: 414.652013063
Iter time: 806.894245863
Iter time: 1393.92990589
104     , -16744.1    , array([ 0.578104   ,  0.0868628  ,  0.368497   ,  0.337125   ,  9.22436    ,  17.6534    ,  0.0619271  ,  1.53648    ,  0.0110011  ,  0.400623   ])
Iter time: 516.191708088
Iter time: 1006.5524509
Iter time: 1744.139781
105     , -16484.6    , array([ 0.57596    ,  0.0673862  ,  0.351694   ,  0.342553   ,  9.59745    ,  16.7996    ,  0.0610329  ,  2.13424    ,  0.0113746  ,  0.390907   ])
Iter time: 514.07472086
Iter time: 1005.018152
Iter time: 1733.08625889
106     , -16393.7    , array([ 0.576037   ,  0.0781894  ,  0.349505   ,  0.336808   ,  9.22228    ,  17.4178    ,  0.0627379  ,  2.15182    ,  0.010087   ,  0.397303   ])
