==========================================
SLURM_JOB_ID = 18981500
SLURM_NODELIST = c8-73
==========================================
Module slurm/17.11.5 loaded 
Module openmpi/3.0.1 loaded 
Module gcc/7.3.0 loaded 
Module python/2.7.6 loaded 
Module numpy/1.11.1 loaded 
Module dadi/1.7.0 loaded 
Module matplotlib/2.0 loaded 
Module scipy/0.18.0 loaded 
Beginning. Call:
/home/hemstrow/monarch/github/F-H_2018/DADI/demographic_models/run_3d_mods.py /home/hemstrow/monarch/github/F-H_2018/Data/dadi_inputs/ dadi_snps_10kgap.txt 1st_folded_optim_10kgap_snps_dadi_out.txt lgrowth_p2 10 [NAM,HAW,GUA] True 3 [0.1,0.1,0.5,1,5,5,.1,.1,.1,.1,2] [1,1,5,10,20,20,10,10,10,10,4] [1e-3,1e-3,1e-3,1e-3,0.01,0.01,0.01,0.01,0.01,0.01,1] [150,15,15] fmin

Ready to begin run. Parameters:

Model:
lgrowth_p2
Maxiters:
10
Pops:
['NAM', 'HAW', 'GUA']
Projection:
[150, 15, 15]
Number of segregating sites in projected sfs:
9454.98941724
Folding spectra:
True
Level of parm folding:
3
Optimizer:
fmin
p0:
[  0.24633435   0.02569145   0.33249299   1.28794132  11.15914965
   4.32075305   0.04391111   0.05801352   0.36690506   0.79235756   1.01      ]
Upper Bounds:
[1.0, 1.0, 5.0, 10.0, 20.0, 20.0, 10.0, 10.0, 10.0, 10.0, 4.0]
Lower Bounds:
[0.001, 0.001, 0.001, 0.001, 0.01, 0.01, 0.01, 0.01, 0.01, 0.01, 1.0]

Beginning optimization ************************************************
optimize_log_fmin.
Iter time: 195.842634201
Iter time: 383.01935792
Iter time: 658.111783981
1       , -24802.1    , array([ 0.246334   ,  0.0256915  ,  0.332493   ,  1.28794    ,  11.1591    ,  4.32075    ,  0.0439111  ,  0.0580135  ,  0.366905   ,  0.792358   ,  1.01       ])
Iter time: 195.771718979
Iter time: 381.728069782
Iter time: 658.680971861
2       , -24802.1    , array([ 0.229668   ,  0.0256915  ,  0.332493   ,  1.28794    ,  11.1591    ,  4.32075    ,  0.0439111  ,  0.0580135  ,  0.366905   ,  0.792358   ,  1.01       ])
Iter time: 222.550269842
Iter time: 433.386008978
Iter time: 750.859441042
3       , -24799.4    , array([ 0.246334   ,  0.0213933  ,  0.332493   ,  1.28794    ,  11.1591    ,  4.32075    ,  0.0439111  ,  0.0580135  ,  0.366905   ,  0.792358   ,  1.01       ])
Iter time: 199.063642979
Iter time: 389.1963799
Iter time: 669.319073915
4       , -24812.5    , array([ 0.246334   ,  0.0256915  ,  0.314682   ,  1.28794    ,  11.1591    ,  4.32075    ,  0.0439111  ,  0.0580135  ,  0.366905   ,  0.792358   ,  1.01       ])
Iter time: 196.447464943
Iter time: 381.201000929
Iter time: 658.496986866
5       , -24808.1    , array([ 0.246334   ,  0.0256915  ,  0.332493   ,  1.30434    ,  11.1591    ,  4.32075    ,  0.0439111  ,  0.0580135  ,  0.366905   ,  0.792358   ,  1.01       ])
Iter time: 196.347479105
Iter time: 382.099728107
Iter time: 658.632467985
6       , -25124.8    , array([ 0.246334   ,  0.0256915  ,  0.332493   ,  1.28794    ,  12.5896    ,  4.32075    ,  0.0439111  ,  0.0580135  ,  0.366905   ,  0.792358   ,  1.01       ])
Iter time: 211.873745203
Iter time: 411.047313929
Iter time: 708.818937063
7       , -24871.4    , array([ 0.246334   ,  0.0256915  ,  0.332493   ,  1.28794    ,  11.1591    ,  4.64876    ,  0.0439111  ,  0.0580135  ,  0.366905   ,  0.792358   ,  1.01       ])
Iter time: 195.521214008
Iter time: 380.945436001
Iter time: 658.303891182
8       , -25092.1    , array([ 0.246334   ,  0.0256915  ,  0.332493   ,  1.28794    ,  11.1591    ,  4.32075    ,  0.0375581  ,  0.0580135  ,  0.366905   ,  0.792358   ,  1.01       ])
Iter time: 196.364281893
Iter time: 381.690853119
Iter time: 658.087138891
9       , -24984.6    , array([ 0.246334   ,  0.0256915  ,  0.332493   ,  1.28794    ,  11.1591    ,  4.32075    ,  0.0439111  ,  0.0503159  ,  0.366905   ,  0.792358   ,  1.01       ])
Iter time: 195.587250948
Iter time: 380.865355015
Iter time: 658.451029778
10      , -24809.7    , array([ 0.246334   ,  0.0256915  ,  0.332493   ,  1.28794    ,  11.1591    ,  4.32075    ,  0.0439111  ,  0.0580135  ,  0.348965   ,  0.792358   ,  1.01       ])
Iter time: 195.946151018
Iter time: 146955.65786
Iter time: 660.498866796
11      , -24812.5    , array([ 0.246334   ,  0.0256915  ,  0.332493   ,  1.28794    ,  11.1591    ,  4.32075    ,  0.0439111  ,  0.0580135  ,  0.366905   ,  0.78319    ,  1.01       ])
Iter time: 195.941785812
Iter time: 381.510746956
Iter time: 659.052428961
12      , -24802.1    , array([ 0.246334   ,  0.0256915  ,  0.332493   ,  1.28794    ,  11.1591    ,  4.32075    ,  0.0439111  ,  0.0580135  ,  0.366905   ,  0.792358   ,  1.0105     ])
Iter time: 204.263459206
Iter time: 397.082906008
Iter time: 687.398799181
13      , -24591.8    , array([ 0.243217   ,  0.0248503  ,  0.329181   ,  1.29091    ,  9.89121    ,  4.37862    ,  0.042681   ,  0.0565312  ,  0.363576   ,  0.790683   ,  1.01009    ])
Iter time: 207.730787992
Iter time: 405.772940874
Iter time: 703.450602055
14      , -24337.7    , array([ 0.241673   ,  0.0244402  ,  0.327538   ,  1.29239    ,  8.76734    ,  4.40784    ,  0.0420789  ,  0.0558044  ,  0.361923   ,  0.789847   ,  1.01014    ])
Iter time: 206.423015118
Iter time: 402.021833181
Iter time: 698.069332123
15      , -24462.7    , array([ 0.242373   ,  0.0246258  ,  0.328284   ,  1.29172    ,  10.6803    ,  4.39454    ,  0.0509425  ,  0.0561336  ,  0.362673   ,  0.790227   ,  1.01012    ])
Iter time: 207.816271067
Iter time: 406.635801792
Iter time: 702.797235012
16      , -24481.6    , array([ 0.24166    ,  0.0244368  ,  0.327524   ,  1.29241    ,  10.5955    ,  4.40809    ,  0.0447649  ,  0.0660216  ,  0.361909   ,  0.78984    ,  1.01014    ])
Iter time: 192.775453091
Iter time: 377.799249887
Iter time: 652.47606492
17      , -24535.5    , array([ 0.24082    ,  0.0242153  ,  0.326629   ,  1.29322    ,  10.4961    ,  4.05765    ,  0.0449219  ,  0.0586236  ,  0.361008   ,  0.789383   ,  1.01016    ])
Iter time: 206.648092985
Iter time: 404.033559799
Iter time: 700.843825817
18      , -24544.7    , array([ 0.23983    ,  0.0239562  ,  0.325574   ,  1.29418    ,  10.3798    ,  4.3161     ,  0.0451081  ,  0.0587353  ,  0.359946   ,  0.799767   ,  1.01019    ])
Iter time: 204.821654081
Iter time: 400.007520914
Iter time: 692.671178102
19      , -24498.3    , array([ 0.238666   ,  0.0236536  ,  0.346136   ,  1.29532    ,  10.2441    ,  4.31525    ,  0.0453292  ,  0.0588674  ,  0.358695   ,  0.791853   ,  1.01023    ])
Iter time: 209.699939966
Iter time: 409.82347703
Iter time: 709.997489929
20      , -24443.8    , array([ 0.237298   ,  0.0233008  ,  0.329998   ,  1.29666    ,  10.086     ,  4.31425    ,  0.045592   ,  0.059024   ,  0.379026   ,  0.791761   ,  1.01027    ])
Iter time: 213.069627047
Iter time: 416.187746048
Iter time: 717.582737923
21      , -24380.6    , array([ 0.235691   ,  0.0228907  ,  0.329547   ,  1.27899    ,  9.90223    ,  4.31307    ,  0.0459044  ,  0.0592097  ,  0.36263    ,  0.791653   ,  1.01032    ])
Iter time: 215.613932848
Iter time: 421.326524019
Iter time: 726.569582939
22      , -24311.9    , array([ 0.233806   ,  0.0224153  ,  0.329014   ,  1.29363    ,  9.68941    ,  4.31168    ,  0.0462764  ,  0.0594298  ,  0.361858   ,  0.791525   ,  1.00978    ])
Iter time: 226.086621046
Iter time: 440.299701929
Iter time: 761.09680295
23      , -24077.1    , array([ 0.227783   ,  0.0209373  ,  0.327288   ,  1.29649    ,  9.02881    ,  4.30715    ,  0.0475064  ,  0.0601508  ,  0.35936    ,  0.791109   ,  1.00942    ])
Iter time: 221.380290031
Iter time: 430.843009949
Iter time: 747.119533062
24      , -24182.9    , array([ 0.230501   ,  0.0215966  ,  0.328071   ,  1.29519    ,  9.3233     ,  4.30921    ,  0.0469433  ,  0.059822   ,  0.360493   ,  0.791298   ,  1.01018    ])
Iter time: 226.209814072
Iter time: 440.335412979
Iter time: 761.688778877
25      , -24075.1    , array([ 0.24739    ,  0.0209255  ,  0.327274   ,  1.29651    ,  9.02354    ,  4.30711    ,  0.0475167  ,  0.0601568  ,  0.35934    ,  0.791106   ,  1.01021    ])
Iter time: 243.73229599
Iter time: 473.957523108
Iter time: 819.082334995
26      , -23734.4    , array([ 0.256758   ,  0.0188851  ,  0.324695   ,  1.30082    ,  8.11428    ,  4.30031    ,  0.0494291  ,  0.061258   ,  0.355616   ,  0.790481   ,  1.01031    ])
Iter time: 202.278414965
Iter time: 394.185703039
Iter time: 680.882339954
27      , -23891.3    , array([ 0.232397   ,  0.0245663  ,  0.325864   ,  1.29886    ,  8.51563    ,  4.3034     ,  0.0485505  ,  0.060755   ,  0.357304   ,  0.790765   ,  1.01027    ])
Iter time: 216.984054804
Iter time: 423.343574047
Iter time: 729.999557018
28      , -24009.6    , array([ 0.237337   ,  0.0220387  ,  0.332844   ,  1.29344    ,  8.83133    ,  4.30573    ,  0.0478983  ,  0.0603784  ,  0.363724   ,  0.781828   ,  1.01009    ])
Iter time: 238.470459938
Iter time: 462.925270081
Iter time: 804.318687201
29      , -23946.3    , array([ 0.235737   ,  0.0214326  ,  0.332908   ,  1.29445    ,  8.46355    ,  4.62967    ,  0.0486612  ,  0.0608186  ,  0.363149   ,  0.790729   ,  1.0101     ])
Iter time: 230.77148509
Iter time: 449.762466908
Iter time: 778.750746012
30      , -23867.5    , array([ 0.237331   ,  0.0215518  ,  0.311928   ,  1.29219    ,  8.37587    ,  4.40932    ,  0.0488499  ,  0.0609269  ,  0.366311   ,  0.788058   ,  1.01002    ])
Iter time: 231.382251978
Iter time: 452.375696898
Iter time: 784.108752012
31      , -23769.6    , array([ 0.233621   ,  0.02039    ,  0.326742   ,  1.29506    ,  7.75928    ,  4.31668    ,  0.0502574  ,  0.0535374  ,  0.363857   ,  0.789743   ,  1.01009    ])
Iter time: 239.235538006
Iter time: 466.028105974
Iter time: 807.191618919
32      , -23643.4    , array([ 0.231381   ,  0.0195509  ,  0.325707   ,  1.29636    ,  7.26321    ,  4.31594    ,  0.0440543  ,  0.0624282  ,  0.363306   ,  0.789268   ,  1.0101     ])
Iter time: 257.800614119
Iter time: 502.494560003
Iter time: 868.461776018
33      , -23241.7    , array([ 0.226074   ,  0.0174203  ,  0.324427   ,  1.29869    ,  5.98965    ,  4.27717    ,  0.0409678  ,  0.0658355  ,  0.363622   ,  0.78879    ,  1.01009    ])
Iter time: 242.910461903
Iter time: 473.921361923
Iter time: 815.067546129
34      , -23487.5    , array([ 0.234257   ,  0.0195984  ,  0.323014   ,  1.29178    ,  6.99594    ,  4.38936    ,  0.0482765  ,  0.0605618  ,  0.345018   ,  0.7872     ,  1.00992    ])
Iter time: 244.85381484
Iter time: 476.999389887
Iter time: 824.561338186
35      , -23394.9    , array([ 0.235593   ,  0.0193941  ,  0.322281   ,  1.31201    ,  6.68954    ,  4.40457    ,  0.0483891  ,  0.0606203  ,  0.357369   ,  0.786501   ,  1.0098     ])
Iter time: 258.389786959
Iter time: 503.116622925
Iter time: 872.021736145
36      , -23238      , array([ 0.2287     ,  0.0174166  ,  0.323305   ,  1.30196    ,  7.19288    ,  4.30929    ,  0.0541466  ,  0.0652948  ,  0.357244   ,  0.787691   ,  1.00992    ])
Iter time: 289.112561941
Iter time: 562.949697971
Iter time: 972.837099075
37      , -22715.6    , array([ 0.222477   ,  0.0147026  ,  0.321209   ,  1.30677    ,  6.51509    ,  4.26085    ,  0.0614222  ,  0.0706291  ,  0.354927   ,  0.786615   ,  1.0098     ])
Iter time: 254.247077942
Iter time: 496.287190914
Iter time: 860.271576166
38      , -23151.3    , array([ 0.238244   ,  0.0183789  ,  0.321541   ,  1.30125    ,  6.33725    ,  4.3989     ,  0.050967   ,  0.0627768  ,  0.357647   ,  0.785398   ,  1.00981    ])
Iter time: 253.893989086
Iter time: 494.696892977
Iter time: 854.981242895
39      , -23088.3    , array([ 0.243064   ,  0.0185137  ,  0.321274   ,  1.30082    ,  6.13606    ,  4.4179     ,  0.0510109  ,  0.0629206  ,  0.358463   ,  0.784552   ,  1.01064    ])
Iter time: 273.004459143
Iter time: 532.922907829
Iter time: 918.054884911
40      , -22993.8    , array([ 0.234292   ,  0.0170399  ,  0.313886   ,  1.30523    ,  5.8714     ,  4.44006    ,  0.051176   ,  0.0631552  ,  0.353225   ,  0.794368   ,  1.01007    ])
Iter time: 254.878289938
Iter time: 496.502172947
Iter time: 858.352260828
41      , -22854.9    , array([ 0.235619   ,  0.0168061  ,  0.310487   ,  1.30618    ,  5.73246    ,  4.09811    ,  0.0508373  ,  0.0631293  ,  0.352007   ,  0.786082   ,  1.01004    ])
Iter time: 313.823955059
Iter time: 613.19233799
Iter time: 1057.21563292
42      , -22762.8    , array([ 0.239604   ,  0.0136844  ,  0.314422   ,  1.30308    ,  5.30184    ,  4.36981    ,  0.0513814  ,  0.0636375  ,  0.356796   ,  0.785197   ,  1.00984    ])
Iter time: 292.280596018
Iter time: 568.074483871
Iter time: 982.570446014
43      , -22590.4    , array([ 0.235031   ,  0.014362   ,  0.328946   ,  1.31181    ,  4.96025    ,  4.25787    ,  0.0515378  ,  0.0639621  ,  0.346361   ,  0.787373   ,  1.01005    ])
Iter time: 329.958173037
Iter time: 645.811953068
Iter time: 1121.48345208
44      , -22051.3    , array([ 0.23389    ,  0.0117242  ,  0.3378     ,  1.32172    ,  3.81716    ,  4.18411    ,  0.0529367  ,  0.065536   ,  0.336796   ,  0.787031   ,  1.01007    ])
Iter time: 310.98899889
Iter time: 606.253093958
Iter time: 1049.27590704
45      , -22344.6    , array([ 0.238812   ,  0.0137273  ,  0.315937   ,  1.31375    ,  4.70649    ,  4.32465    ,  0.0505697  ,  0.0755166  ,  0.343831   ,  0.785202   ,  1.00998    ])
Iter time: 308.329606056
Iter time: 601.814883947
Iter time: 1040.54251814
46      , -22202.1    , array([ 0.21445    ,  0.0139861  ,  0.316353   ,  1.3103     ,  4.07624    ,  4.34557    ,  0.0516308  ,  0.0685584  ,  0.349651   ,  0.783514   ,  1.0097     ])
Iter time: 323.127440929
Iter time: 631.532279015
Iter time: 1088.44300413
47      , -22154.4    , array([ 0.231302   ,  0.0126752  ,  0.316797   ,  1.32288    ,  4.2856     ,  4.24966    ,  0.0535131  ,  0.070928   ,  0.361265   ,  0.786109   ,  1.01005    ])
Iter time: 334.636115074
Iter time: 652.910292864
Iter time: 1131.59482384
48      , -22017.7    , array([ 0.229223   ,  0.0118555  ,  0.316528   ,  1.30445    ,  4.13333    ,  4.2075     ,  0.0543746  ,  0.0729119  ,  0.349468   ,  0.786736   ,  1.01022    ])
Iter time: 394.354669809
Iter time: 771.202312946
Iter time: 1334.782161
49      , -21418.5    , array([ 0.226103   ,  0.00926922 ,  0.31369    ,  1.30068    ,  3.24902    ,  4.11229    ,  0.0576395  ,  0.0799629  ,  0.345584   ,  0.786854   ,  1.01043    ])
Iter time: 345.538524866
Iter time: 675.857164145
Iter time: 1169.94315195
50      , -21805.7    , array([ 0.23888    ,  0.0117683  ,  0.312516   ,  1.31819    ,  4.13043    ,  4.30197    ,  0.0683378  ,  0.0695516  ,  0.340296   ,  0.784103   ,  1.00998    ])
Iter time: 369.294192076
Iter time: 722.268313885
Iter time: 1249.18034101
51      , -21690.1    , array([ 0.226787   ,  0.010286   ,  0.313693   ,  1.31869    ,  3.61156    ,  4.16602    ,  0.0579392  ,  0.0743122  ,  0.342867   ,  0.787253   ,  1.0103     ])
Iter time: 397.023728848
Iter time: 772.715365887
Iter time: 1335.8213861
52      , -21507.7    , array([ 0.219507   ,  0.00917625 ,  0.312593   ,  1.32241    ,  3.38729    ,  4.10406    ,  0.0592455  ,  0.0764198  ,  0.339331   ,  0.788595   ,  1.00941    ])
Iter time: 394.726471901
Iter time: 769.344011068
Iter time: 1330.95463896
53      , -21333.8    , array([ 0.225042   ,  0.00890879 ,  0.319711   ,  1.32108    ,  3.20307    ,  4.02556    ,  0.0606476  ,  0.0788213  ,  0.341859   ,  0.777818   ,  1.00987    ])
Iter time: 479.319584131
Iter time: 936.431044817
Iter time: 1618.09448791
54      , -20623.3    , array([ 0.220554   ,  0.0064416  ,  0.322665   ,  1.32907    ,  2.3658     ,  3.83305    ,  0.0660218  ,  0.0880564  ,  0.336313   ,  0.769673   ,  1.00977    ])
Iter time: 476.742155075
Iter time: 929.366025925
Iter time: 1611.87359595
55      , -21125.1    , array([ 0.221102   ,  0.00758747 ,  0.325481   ,  1.32428    ,  2.79308    ,  4.30875    ,  0.0640228  ,  0.0837722  ,  0.340209   ,  0.783008   ,  1.00984    ])
Iter time: 413.741232872
Iter time: 808.215373993
Iter time: 1397.57526112
56      , -20874.1    , array([ 0.214271   ,  0.00837085 ,  0.323434   ,  1.33134    ,  2.68775    ,  4.03052    ,  0.0659295  ,  0.0873624  ,  0.33275    ,  0.783492   ,  1.01004    ])
Iter time: 481.588538885
Iter time: 941.648458958
Iter time: 1631.64113402
57      , -20770.5    , array([ 0.229195   ,  0.00703272 ,  0.316997   ,  1.33209    ,  1.862      ,  4.09204    ,  0.0558666  ,  0.0818169  ,  0.330601   ,  0.781514   ,  1.01012    ])
Iter time: 489.088871002
Iter time: 954.103683949
Iter time: 1649.03476095
58      , -20677.5    , array([ 0.211928   ,  0.00666991 ,  0.322482   ,  1.32835    ,  2.17762    ,  3.99135    ,  0.0690961  ,  0.0776447  ,  0.338844   ,  0.78225    ,  1.00996    ])
Iter time: 537.607223988
Iter time: 1049.31757879
Iter time: 1818.39644384
59      , -20503.2    , array([ 0.235497   ,  0.00572193 ,  0.323184   ,  1.33517    ,  2.24344    ,  3.91119    ,  0.071358   ,  0.0874824  ,  0.331308   ,  0.783705   ,  1.0103     ])
Iter time: 719.921774864
Iter time: 1406.91050196
Iter time: 2434.87605
60      , -19762.1    , array([ 0.246784   ,  0.00365988 ,  0.326655   ,  1.34778    ,  1.66434    ,  3.71057    ,  0.0838898  ,  0.0988214  ,  0.322501   ,  0.783801   ,  1.01061    ])
Iter time: 589.941336155
Iter time: 1153.35441089
Iter time: 1996.04336715
61      , -20184.8    , array([ 0.220926   ,  0.00503726 ,  0.324534   ,  1.32696    ,  1.79671    ,  3.90203    ,  0.0747121  ,  0.0898156  ,  0.314107   ,  0.780702   ,  1.01005    ])
Iter time: 638.605845928
Iter time: 1249.32238197
Iter time: 2161.96812391
62      , -19925.7    , array([ 0.216229   ,  0.00467047 ,  0.302148   ,  1.32907    ,  1.75892    ,  3.91319    ,  0.0804082  ,  0.102938   ,  0.332681   ,  0.778643   ,  1.01002    ])
Iter time: 687.878604174
Iter time: 1343.61717105
Iter time: 2322.40031004
63      , -19855.6    , array([ 0.207911   ,  0.00393329 ,  0.324594   ,  1.33463    ,  1.39182    ,  3.74099    ,  0.0641564  ,  0.104161   ,  0.327908   ,  0.780558   ,  1.01012    ])
Iter time: 714.10562396
Iter time: 1401.59705997
Iter time: 2426.41833496
64      , -19660.6    , array([ 0.215564   ,  0.00377846 ,  0.325392   ,  1.33704    ,  1.33841    ,  3.78823    ,  0.0770863  ,  0.103661   ,  0.322821   ,  0.776229   ,  1.00976    ])
Iter time: 1021.42398691
Iter time: 1990.96910381
Iter time: 3557.8646841
65      , -18872.5    , array([ 0.210163   ,  0.00229007 ,  0.331404   ,  1.34632    ,  0.814775   ,  3.61238    ,  0.0889159  ,  0.122432   ,  0.313241   ,  0.770775   ,  1.0095     ])
Iter time: 790.339153051
Iter time: 1539.72209287
Iter time: 2678.06009388
66      , -19377.2    , array([ 0.22096    ,  0.00329074 ,  0.330024   ,  1.33764    ,  1.10134    ,  3.75722    ,  0.0811621  ,  0.109821   ,  0.321474   ,  0.771694   ,  1.01067    ])
Iter time: 908.113073111
Iter time: 1778.24336886
Iter time: 3072.9207418
67      , -19130.7    , array([ 0.213618   ,  0.00269863 ,  0.331919   ,  1.36692    ,  0.943184   ,  3.68864    ,  0.0887796  ,  0.111188   ,  0.311534   ,  0.77067    ,  1.00969    ])
Iter time: 844.764161825
Iter time: 1639.48120093
Iter time: 2841.41206598
68      , -18954.7    , array([ 0.217086   ,  0.00273188 ,  0.321037   ,  1.35032    ,  0.900619   ,  3.42239    ,  0.0848227  ,  0.111738   ,  0.311431   ,  0.772223   ,  1.01026    ])
Iter time: 1108.26873398
Iter time: 2162.45637202
Iter time: 3742.09525394
69      , -18932.4    , array([ 0.224539   ,  0.00202008 ,  0.322632   ,  1.34662    ,  0.767183   ,  3.55143    ,  0.0862311  ,  0.11205    ,  0.314601   ,  0.769716   ,  1.0101     ])
Iter time: 1103.437886
Iter time: 2155.85840893
Iter time: 3725.20982313
70      , -18536.8    , array([ 0.209136   ,  0.00191652 ,  0.33024    ,  1.34853    ,  0.942524   ,  3.40908    ,  0.11012    ,  0.126684   ,  0.313803   ,  0.769533   ,  1.01001    ])
Iter time: 1713.69359207
Iter time: 3341.00551391
Iter time: 5797.86412191
71      , -17499.1    , array([ 0.199774   ,  0.00100048 ,  0.337068   ,  1.35682    ,  0.670577   ,  3.11161    ,  0.154605   ,  0.157638   ,  0.305726   ,  0.763612   ,  1.00996    ])
Iter time: 1396.26498199
Iter time: 2708.88101292
Iter time: 4649.23004484
72      , -18187.8    , array([ 0.22376    ,  0.00143125 ,  0.327244   ,  1.35755    ,  0.650557   ,  3.34039    ,  0.103077   ,  0.151835   ,  0.300497   ,  0.765445   ,  1.01017    ])
