==========================================
SLURM_JOB_ID = 18981497
SLURM_NODELIST = c8-72
==========================================
Module slurm/17.11.5 loaded 
Module openmpi/3.0.1 loaded 
Module gcc/7.3.0 loaded 
Module python/2.7.6 loaded 
Module numpy/1.11.1 loaded 
Module dadi/1.7.0 loaded 
Module matplotlib/2.0 loaded 
Module scipy/0.18.0 loaded 
Beginning. Call:
/home/hemstrow/monarch/github/F-H_2018/DADI/demographic_models/run_3d_mods.py /home/hemstrow/monarch/github/F-H_2018/Data/dadi_inputs/ dadi_snps_10kgap.txt 1st_folded_optim_10kgap_snps_dadi_out.txt lgrowth_p3 10 [NAM,GUA,HAW] True 3 [0.1,0.1,0.5,1,5,5,.1,.1,.1,.1,2] [1,1,5,10,20,20,10,10,10,10,4] [1e-3,1e-3,1e-3,1e-3,0.01,0.01,0.01,0.01,0.01,0.01,1] [150,15,15] fmin

Ready to begin run. Parameters:

Model:
lgrowth_p3
Maxiters:
10
Pops:
['NAM', 'GUA', 'HAW']
Projection:
[150, 15, 15]
Number of segregating sites in projected sfs:
9454.98941724
Folding spectra:
True
Level of parm folding:
3
Optimizer:
fmin
p0:
[ 0.01906946  0.18756257  1.98627809  0.46318614  3.47392276  2.03556297
  0.18402132  0.75655654  0.09130141  0.30162216  1.01      ]
Upper Bounds:
[1.0, 1.0, 5.0, 10.0, 20.0, 20.0, 10.0, 10.0, 10.0, 10.0, 4.0]
Lower Bounds:
[0.001, 0.001, 0.001, 0.001, 0.01, 0.01, 0.01, 0.01, 0.01, 0.01, 1.0]

Beginning optimization ************************************************
optimize_log_fmin.
Iter time: 28.83492589
Iter time: 54.1360301971
Iter time: 91.2850239277
1       , -18004.6    , array([ 0.0190695  ,  0.187563   ,  1.98628    ,  0.463186   ,  3.47392    ,  2.03556    ,  0.184021   ,  0.756557   ,  0.0913014  ,  0.301622   ,  1.01       ])
Iter time: 29.6556339264
Iter time: 55.1694638729
Iter time: 92.8909111023
2       , -17971.5    , array([ 0.0156443  ,  0.187563   ,  1.98628    ,  0.463186   ,  3.47392    ,  2.03556    ,  0.184021   ,  0.756557   ,  0.0913014  ,  0.301622   ,  1.01       ])
Iter time: 29.7724261284
Iter time: 55.8737959862
Iter time: 94.3928489685
3       , -18016.5    , array([ 0.0190695  ,  0.172506   ,  1.98628    ,  0.463186   ,  3.47392    ,  2.03556    ,  0.184021   ,  0.756557   ,  0.0913014  ,  0.301622   ,  1.01       ])
Iter time: 28.7764298916
Iter time: 53.9312210083
Iter time: 91.2415030003
4       , -18063.8    , array([ 0.0190695  ,  0.187563   ,  2.05562    ,  0.463186   ,  3.47392    ,  2.03556    ,  0.184021   ,  0.756557   ,  0.0913014  ,  0.301622   ,  1.01       ])
Iter time: 28.9206218719
Iter time: 54.1749358177
Iter time: 91.562335968
5       , -18021.8    , array([ 0.0190695  ,  0.187563   ,  1.98628    ,  0.445701   ,  3.47392    ,  2.03556    ,  0.184021   ,  0.756557   ,  0.0913014  ,  0.301622   ,  1.01       ])
Iter time: 29.0002257824
Iter time: 54.2478778362
Iter time: 91.5884289742
6       , -18105.7    , array([ 0.0190695  ,  0.187563   ,  1.98628    ,  0.463186   ,  3.6971     ,  2.03556    ,  0.184021   ,  0.756557   ,  0.0913014  ,  0.301622   ,  1.01       ])
Iter time: 29.6852989197
Iter time: 55.6247169971
Iter time: 94.0132300854
7       , -18027.1    , array([ 0.0190695  ,  0.187563   ,  1.98628    ,  0.463186   ,  3.47392    ,  2.1092     ,  0.184021   ,  0.756557   ,  0.0913014  ,  0.301622   ,  1.01       ])
Iter time: 28.8131542206
Iter time: 53.9800519943
Iter time: 91.1714630127
8       , -18090.9    , array([ 0.0190695  ,  0.187563   ,  1.98628    ,  0.463186   ,  3.47392    ,  2.03556    ,  0.169088   ,  0.756557   ,  0.0913014  ,  0.301622   ,  1.01       ])
Iter time: 28.651704073
Iter time: 53.7114021778
Iter time: 90.8792438507
9       , -18027.6    , array([ 0.0190695  ,  0.187563   ,  1.98628    ,  0.463186   ,  3.47392    ,  2.03556    ,  0.184021   ,  0.746077   ,  0.0913014  ,  0.301622   ,  1.01       ])
Iter time: 28.6664311886
Iter time: 53.6959528923
Iter time: 90.7067809105
10      , -18013.7    , array([ 0.0190695  ,  0.187563   ,  1.98628    ,  0.463186   ,  3.47392    ,  2.03556    ,  0.184021   ,  0.756557   ,  0.081003   ,  0.301622   ,  1.01       ])
Iter time: 28.837927103
Iter time: 53.9475648403
Iter time: 91.1501839161
11      , -18023      , array([ 0.0190695  ,  0.187563   ,  1.98628    ,  0.463186   ,  3.47392    ,  2.03556    ,  0.184021   ,  0.756557   ,  0.0913014  ,  0.284077   ,  1.01       ])
Iter time: 28.8153409958
Iter time: 53.9453129768
Iter time: 91.1968240738
12      , -18004.5    , array([ 0.0190695  ,  0.187563   ,  1.98628    ,  0.463186   ,  3.47392    ,  2.03556    ,  0.184021   ,  0.756557   ,  0.0913014  ,  0.301622   ,  1.0105     ])
Iter time: 29.0370819569
Iter time: 54.4075109959
Iter time: 91.975176096
13      , -17942.8    , array([ 0.0183952  ,  0.18473    ,  1.99871    ,  0.459957   ,  3.26422    ,  2.04876    ,  0.181211   ,  0.75464    ,  0.0893362  ,  0.298353   ,  1.01009    ])
Iter time: 29.0395541191
Iter time: 54.5441288948
Iter time: 92.3296020031
14      , -17862.1    , array([ 0.0180671  ,  0.18333    ,  2.00495    ,  0.45835    ,  3.06717    ,  2.05539    ,  0.179822   ,  0.753684   ,  0.0883695  ,  0.296732   ,  1.01014    ])
Iter time: 29.2372369766
Iter time: 54.7755610943
Iter time: 92.611397028
15      , -17914.3    , array([ 0.0182155  ,  0.183965   ,  2.00211    ,  0.45908    ,  3.39615    ,  2.05237    ,  0.199435   ,  0.754118   ,  0.0888076  ,  0.297468   ,  1.01012    ])
Iter time: 29.3738651276
Iter time: 54.9756219387
Iter time: 93.1101648808
16      , -17916.7    , array([ 0.0180644  ,  0.183319   ,  1.92532    ,  0.458337   ,  3.3822     ,  2.05544    ,  0.18595    ,  0.753676   ,  0.0883615  ,  0.296719   ,  1.01014    ])
Iter time: 29.6331110001
Iter time: 55.4528589249
Iter time: 93.6820049286
17      , -17931.7    , array([ 0.0178875  ,  0.182558   ,  1.98128    ,  0.457461   ,  3.36578    ,  2.05908    ,  0.186303   ,  0.765672   ,  0.0878372  ,  0.295836   ,  1.01016    ])
Iter time: 28.6609151363
Iter time: 53.5529649258
Iter time: 90.4380221367
18      , -17913.9    , array([ 0.0176806  ,  0.181662   ,  1.98037    ,  0.456428   ,  3.34649    ,  1.97852    ,  0.186721   ,  0.756712   ,  0.0872217  ,  0.294796   ,  1.01019    ])
Iter time: 29.5111608505
Iter time: 55.1661539078
Iter time: 93.3202049732
19      , -17898.6    , array([ 0.0174391  ,  0.180609   ,  1.97929    ,  0.45521    ,  3.32383    ,  2.03953    ,  0.187216   ,  0.75674    ,  0.0864997  ,  0.315118   ,  1.01023    ])
Iter time: 29.4089560509
Iter time: 55.0640099049
Iter time: 92.9391160011
20      , -17879.3    , array([ 0.017158   ,  0.179373   ,  1.97803    ,  0.474887   ,  3.29724    ,  2.04025    ,  0.187803   ,  0.756774   ,  0.0856542  ,  0.29916    ,  1.01027    ])
Iter time: 28.6163239479
Iter time: 53.4693181515
Iter time: 90.1860749722
21      , -17859.6    , array([ 0.0168317  ,  0.196419   ,  1.97653    ,  0.459038   ,  3.2661     ,  2.0411     ,  0.188499   ,  0.756813   ,  0.0846656  ,  0.298714   ,  1.01032    ])
Iter time: 28.1721429825
Iter time: 52.432585001
Iter time: 88.4313921928
22      , -17785      , array([ 0.0158133  ,  0.209591   ,  1.97168    ,  0.456977   ,  3.16689    ,  2.04387    ,  0.190779   ,  0.756941   ,  0.0815309  ,  0.29727    ,  1.01048    ])
Iter time: 29.5120229721
Iter time: 55.2262301445
Iter time: 93.2372140884
23      , -17820      , array([ 0.0162683  ,  0.184335   ,  1.97388    ,  0.457913   ,  3.2116     ,  2.04261    ,  0.189739   ,  0.756883   ,  0.0955424  ,  0.297926   ,  1.0104     ])
Iter time: 29.5429840088
Iter time: 55.0995988846
Iter time: 92.911206007
24      , -17796.3    , array([ 0.0158051  ,  0.183755   ,  1.97164    ,  0.45696    ,  3.16608    ,  2.0439     ,  0.190798   ,  0.756943   ,  0.0854683  ,  0.297259   ,  1.01048    ])
Iter time: 29.6281189919
Iter time: 55.3148081303
Iter time: 93.2125990391
25      , -17759.4    , array([ 0.0152747  ,  0.183071   ,  1.96898    ,  0.455838   ,  3.11312    ,  2.04541    ,  0.192056   ,  0.757013   ,  0.0844485  ,  0.296472   ,  1.00997    ])
Iter time: 30.0429041386
Iter time: 56.004021883
Iter time: 94.4217870235
26      , -17641.1    , array([ 0.0136706  ,  0.180865   ,  1.96039    ,  0.452207   ,  2.94702    ,  2.05036    ,  0.196205   ,  0.757241   ,  0.0812175  ,  0.29393    ,  1.0097     ])
Iter time: 29.0349509716
Iter time: 54.4415388107
Iter time: 92.4656190872
27      , -17733.6    , array([ 0.018168   ,  0.181864   ,  1.96429    ,  0.453854   ,  3.02139    ,  2.04811    ,  0.194308   ,  0.757137   ,  0.0826705  ,  0.295083   ,  1.01042    ])
Iter time: 28.8021199703
Iter time: 53.7892260551
Iter time: 90.7260520458
28      , -17733.8    , array([ 0.0159346  ,  0.186721   ,  1.96617    ,  0.458873   ,  3.05786    ,  2.02275    ,  0.193402   ,  0.7466     ,  0.084989   ,  0.300714   ,  1.0103     ])
Iter time: 28.9131038189
Iter time: 54.0575339794
Iter time: 91.1286759377
29      , -17715.1    , array([ 0.0154227  ,  0.186568   ,  2.03105    ,  0.458093   ,  2.98775    ,  2.02043    ,  0.195158   ,  0.757184   ,  0.083889   ,  0.30055    ,  1.01036    ])
Iter time: 29.0114760399
Iter time: 54.1377708912
Iter time: 91.2474451065
30      , -17675.5    , array([ 0.0148389  ,  0.186388   ,  1.95826    ,  0.457173   ,  2.90696    ,  2.0177     ,  0.181246   ,  0.757298   ,  0.0826075  ,  0.300355   ,  1.01042    ])
Iter time: 29.6754410267
Iter time: 55.5193729401
Iter time: 93.5151691437
31      , -17646.7    , array([ 0.0148085  ,  0.189635   ,  1.97572    ,  0.459965   ,  2.87554    ,  2.10049    ,  0.192543   ,  0.754809   ,  0.0832824  ,  0.304109   ,  1.01039    ])
Iter time: 28.8968520164
Iter time: 53.995167017
Iter time: 91.0497670174
32      , -17609.3    , array([ 0.0145738  ,  0.192439   ,  1.97614    ,  0.462069   ,  2.81988    ,  2.0486     ,  0.193016   ,  0.75443    ,  0.0834007  ,  0.282663   ,  1.01038    ])
Iter time: 28.7699241638
Iter time: 53.555316925
Iter time: 90.1431968212
33      , -17469      , array([ 0.0133228  ,  0.198641   ,  1.97457    ,  0.465537   ,  2.59733    ,  2.05315    ,  0.195982   ,  0.753277   ,  0.0818931  ,  0.267711   ,  1.01046    ])
Iter time: 28.7959139347
Iter time: 53.7251360416
Iter time: 90.5714519024
34      , -17557.2    , array([ 0.0141466  ,  0.197393   ,  1.97678    ,  0.441323   ,  2.72193    ,  2.05022    ,  0.19391    ,  0.753761   ,  0.0835391  ,  0.291789   ,  1.01038    ])
Iter time: 29.1791110039
Iter time: 54.2321162224
Iter time: 91.1815478802
35      , -17515.7    , array([ 0.0128503  ,  0.195745   ,  1.94522    ,  0.45411    ,  2.86326    ,  2.03419    ,  0.205312   ,  0.756866   ,  0.080149   ,  0.293279   ,  1.01055    ])
Iter time: 28.638504982
Iter time: 53.382130146
Iter time: 90.3512818813
36      , -17504.4    , array([ 0.0136722  ,  0.196815   ,  1.97059    ,  0.453855   ,  2.678      ,  2.04537    ,  0.197392   ,  0.753663   ,  0.0718012  ,  0.291271   ,  1.01031    ])
Iter time: 28.4674098492
Iter time: 53.1115250587
Iter time: 89.4614470005
37      , -17475.3    , array([ 0.0137068  ,  0.199918   ,  1.97265    ,  0.454237   ,  2.63506    ,  2.04436    ,  0.197513   ,  0.75301    ,  0.0777613  ,  0.290846   ,  1.01021    ])
Iter time: 30.0370740891
Iter time: 56.1301410198
Iter time: 94.7276940346
38      , -17433.9    , array([ 0.0133482  ,  0.173775   ,  1.97278    ,  0.453724   ,  2.54778    ,  2.04447    ,  0.198783   ,  0.752298   ,  0.0808182  ,  0.289682   ,  1.01016    ])
Iter time: 31.3244488239
Iter time: 58.6230561733
Iter time: 99.0677309036
39      , -17271.2    , array([ 0.0122638  ,  0.158231   ,  1.97334    ,  0.452106   ,  2.28521    ,  2.04477    ,  0.20291    ,  0.749987   ,  0.0804642  ,  0.28596    ,  1.01       ])
Iter time: 29.6531569958
Iter time: 55.2695519924
Iter time: 93.1125559807
40      , -17397.2    , array([ 0.0126307  ,  0.189275   ,  1.97961    ,  0.450631   ,  2.50253    ,  2.06988    ,  0.197805   ,  0.763346   ,  0.0767624  ,  0.283756   ,  1.01028    ])
Iter time: 29.7481980324
Iter time: 55.0760409832
Iter time: 92.739066124
41      , -17334.9    , array([ 0.0103695  ,  0.195746   ,  1.98431    ,  0.455025   ,  2.44744    ,  2.04819    ,  0.197522   ,  0.753841   ,  0.0778584  ,  0.287122   ,  1.01014    ])
Iter time: 29.881855011
Iter time: 55.5388491154
Iter time: 93.4884419441
42      , -17292.4    , array([ 0.0113647  ,  0.192483   ,  1.91098    ,  0.450263   ,  2.38684    ,  2.08141    ,  0.197093   ,  0.753189   ,  0.0756937  ,  0.279566   ,  1.01016    ])
Iter time: 29.9567000866
Iter time: 55.7607970238
Iter time: 93.9203879833
43      , -17263.4    , array([ 0.0112526  ,  0.1938     ,  1.97323    ,  0.449922   ,  2.36681    ,  2.09605    ,  0.21548    ,  0.752331   ,  0.0756561  ,  0.276122   ,  1.01005    ])
Iter time: 31.7932970524
Iter time: 59.1157910824
Iter time: 99.490183115
44      , -17078.7    , array([ 0.00979894 ,  0.197616   ,  1.98076    ,  0.44634    ,  2.13562    ,  2.13636    ,  0.234951   ,  0.749859   ,  0.072403   ,  0.264749   ,  1.00986    ])
Iter time: 29.535312891
Iter time: 54.9609708786
Iter time: 92.2666428089
45      , -17173.7    , array([ 0.0104601  ,  0.191915   ,  1.9567     ,  0.444752   ,  2.26669    ,  2.01963    ,  0.210313   ,  0.753909   ,  0.0731571  ,  0.265928   ,  1.00998    ])
Iter time: 29.8079040051
Iter time: 55.5592479706
Iter time: 93.511054039
46      , -17109      , array([ 0.0107925  ,  0.203402   ,  1.97132    ,  0.451017   ,  2.10864    ,  2.06334    ,  0.209011   ,  0.750886   ,  0.0736049  ,  0.270174   ,  1.01072    ])
Iter time: 30.6738080978
Iter time: 56.9736990929
Iter time: 95.8388960361
47      , -17105.8    , array([ 0.00992868 ,  0.18739    ,  1.95399    ,  0.463969   ,  2.17947    ,  2.06587    ,  0.214388   ,  0.753828   ,  0.069931   ,  0.268373   ,  1.01011    ])
Iter time: 31.1459732056
Iter time: 58.2012619972
Iter time: 98.0328469276
48      , -17077.4    , array([ 0.0104294  ,  0.187474   ,  1.98732    ,  0.45267    ,  1.9716     ,  2.08802    ,  0.20408    ,  0.750187   ,  0.0711038  ,  0.262737   ,  1.00985    ])
Iter time: 34.5086760521
Iter time: 65.0007309914
Iter time: 109.454190016
49      , -16886.2    , array([ 0.00939578 ,  0.183471   ,  2.00871    ,  0.451952   ,  1.63606    ,  2.11547    ,  0.203467   ,  0.74687    ,  0.0669715  ,  0.24868    ,  1.0095     ])
Iter time: 32.8162059784
Iter time: 61.2120399475
Iter time: 102.811972141
50      , -16974.8    , array([ 0.00915626 ,  0.18409    ,  1.96858    ,  0.452578   ,  1.92734    ,  2.08936    ,  0.213442   ,  0.752135   ,  0.0783719  ,  0.257053   ,  1.00995    ])
Iter time: 34.1074869633
Iter time: 63.5160050392
Iter time: 107.529014111
51      , -16919.7    , array([ 0.00848717 ,  0.178535   ,  1.96579    ,  0.451896   ,  1.85047    ,  2.09869    ,  0.21634    ,  0.752629   ,  0.072468   ,  0.251711   ,  1.01       ])
Iter time: 35.4007821083
Iter time: 65.9622979164
Iter time: 110.905585051
52      , -16836.3    , array([ 0.00804447 ,  0.17623    ,  1.96229    ,  0.43855    ,  1.76512    ,  2.09806    ,  0.221983   ,  0.752245   ,  0.0672989  ,  0.270416   ,  1.00967    ])
Iter time: 43.2077460289
Iter time: 81.0027699471
Iter time: 136.67452693
53      , -16573      , array([ 0.00625099 ,  0.165992   ,  1.95618    ,  0.42565    ,  1.45512    ,  2.12088    ,  0.23625    ,  0.751729   ,  0.0610082  ,  0.271778   ,  1.00927    ])
Iter time: 36.7159049511
Iter time: 68.5087020397
Iter time: 115.368083954
54      , -16749.1    , array([ 0.00746662 ,  0.180589   ,  1.95305    ,  0.448383   ,  1.65999    ,  2.09032    ,  0.227155   ,  0.740255   ,  0.0688602  ,  0.253133   ,  1.00966    ])
Iter time: 36.7356069088
Iter time: 68.9564189911
Iter time: 116.676549911
55      , -16714.7    , array([ 0.00856764 ,  0.172079   ,  1.94282    ,  0.442868   ,  1.58168    ,  2.12029    ,  0.233336   ,  0.747114   ,  0.0663917  ,  0.2445     ,  1.00972    ])
Iter time: 38.4172890186
Iter time: 71.9908220768
Iter time: 121.707249165
56      , -16647.3    , array([ 0.00742597 ,  0.171467   ,  2.02343    ,  0.446205   ,  1.50492    ,  2.09349    ,  0.241133   ,  0.746661   ,  0.0666815  ,  0.245063   ,  1.00962    ])
Iter time: 43.2329471111
Iter time: 80.9574489594
Iter time: 136.342133999
57      , -16571      , array([ 0.00628163 ,  0.211652   ,  1.96844    ,  0.443327   ,  1.45689    ,  2.14015    ,  0.241687   ,  0.749243   ,  0.0606215  ,  0.232954   ,  1.00971    ])
Iter time: 60.3248701096
Iter time: 113.312853813
Iter time: 192.117166996
58      , -16300.9    , array([ 0.0044957  ,  0.244787   ,  1.966      ,  0.439001   ,  1.16326    ,  2.1895     ,  0.263772   ,  0.748871   ,  0.0526186  ,  0.210258   ,  1.00956    ])
Iter time: 48.0050988197
Iter time: 90.390004158
Iter time: 153.10858202
59      , -16519.7    , array([ 0.00631655 ,  0.182399   ,  1.9869     ,  0.449591   ,  1.30102    ,  2.19883    ,  0.242981   ,  0.744437   ,  0.0627988  ,  0.24003    ,  1.00965    ])
Iter time: 50.7154021263
Iter time: 95.407474041
Iter time: 161.465607882
60      , -16461.2    , array([ 0.00555386 ,  0.168721   ,  1.97499    ,  0.443091   ,  1.28099    ,  2.17729    ,  0.251283   ,  0.746263   ,  0.0606406  ,  0.23123    ,  1.00872    ])
Iter time: 56.5082211494
Iter time: 106.612521887
Iter time: 181.549080133
61      , -16381      , array([ 0.00543193 ,  0.179677   ,  1.99637    ,  0.427131   ,  1.12521    ,  2.19549    ,  0.252156   ,  0.741989   ,  0.0621936  ,  0.226561   ,  1.00908    ])
Iter time: 60.5916690826
Iter time: 114.330510855
Iter time: 194.524700165
62      , -16266.3    , array([ 0.00494402 ,  0.167457   ,  1.9722     ,  0.440464   ,  1.02202    ,  2.13362    ,  0.233063   ,  0.744486   ,  0.0584328  ,  0.223249   ,  1.00918    ])
Iter time: 96.0975790024
Iter time: 183.392225981
Iter time: 313.535702944
63      , -15983      , array([ 0.00351181 ,  0.15415    ,  1.96794    ,  0.437556   ,  0.707015   ,  2.13225    ,  0.232125   ,  0.741814   ,  0.0524936  ,  0.205006   ,  1.00885    ])
Iter time: 146529.620444
Iter time: 206.538563013
Iter time: 269.501940966
64      , -16197.6    , array([ 0.00444499 ,  0.174052   ,  1.9843     ,  0.431735   ,  0.943711   ,  2.18969    ,  0.260494   ,  0.74037    ,  0.0501888  ,  0.220667   ,  1.0089     ])
Iter time: 76.9566850662
Iter time: 146.363610029
Iter time: 249.326378107
65      , -16132.5    , array([ 0.00426339 ,  0.178639   ,  1.9905     ,  0.428813   ,  0.869647   ,  2.19684    ,  0.265831   ,  0.737679   ,  0.0507708  ,  0.220021   ,  1.00864    ])
Iter time: 88.0722460747
Iter time: 167.052470922
Iter time: 284.469260216
66      , -16008.4    , array([ 0.00333571 ,  0.172992   ,  1.94474    ,  0.424683   ,  0.87685    ,  2.19443    ,  0.296728   ,  0.741695   ,  0.0522398  ,  0.217799   ,  1.00898    ])
Iter time: 95.8641190529
Iter time: 182.715942144
Iter time: 313.82308507
67      , -16035.2    , array([ 0.00362554 ,  0.174384   ,  1.99861    ,  0.423858   ,  0.769524   ,  2.24053    ,  0.279015   ,  0.748588   ,  0.0483182  ,  0.208199   ,  1.00869    ])
Iter time: 120.501719952
Iter time: 229.59533906
Iter time: 392.855956078
68      , -15952.5    , array([ 0.00270227 ,  0.183451   ,  2.01951    ,  0.425727   ,  0.708468   ,  2.23113    ,  0.280598   ,  0.741981   ,  0.0473014  ,  0.209342   ,  1.00845    ])
Iter time: 251.468621016
Iter time: 483.096314907
Iter time: 828.51946187
69      , -15730.2    , array([ 0.00151762 ,  0.189415   ,  2.05899    ,  0.417407   ,  0.474157   ,  2.2887     ,  0.307706   ,  0.739428   ,  0.0399258  ,  0.193706   ,  1.00782    ])
Iter time: 159.829396963
Iter time: 306.22486186
Iter time: 524.318521023
70      , -15877.2    , array([ 0.00233591 ,  0.187469   ,  1.94521    ,  0.417448   ,  0.603567   ,  2.29661    ,  0.283833   ,  0.741118   ,  0.0429025  ,  0.200118   ,  1.00823    ])
Iter time: 175.529345036
Iter time: 338.563166857
Iter time: 579.734570026
71      , -15832.9    , array([ 0.00232025 ,  0.197984   ,  2.01003    ,  0.436062   ,  0.531931   ,  2.30001    ,  0.299527   ,  0.734222   ,  0.0439844  ,  0.170679   ,  1.00839    ])
Iter time: 198.196196795
Iter time: 380.545057058
Iter time: 653.167747974
72      , -15727.2    , array([ 0.00191392 ,  0.182882   ,  1.98312    ,  0.410554   ,  0.505644   ,  2.23669    ,  0.302521   ,  0.739554   ,  0.0400512  ,  0.181638   ,  1.00778    ])
Iter time: 429.565337896
Iter time: 829.74267602
Iter time: 1429.43619204
73      , -15500.1    , array([ 0.00105353 ,  0.183124   ,  1.98123    ,  0.392325   ,  0.315228   ,  2.25586    ,  0.337557   ,  0.737125   ,  0.0319851  ,  0.158007   ,  1.00685    ])
Iter time: 273.221408129
Iter time: 526.493607044
Iter time: 904.857722998
74      , -15650.6    , array([ 0.00160896 ,  0.200674   ,  1.99622    ,  0.407462   ,  0.39799    ,  2.27343    ,  0.308654   ,  0.736093   ,  0.0369226  ,  0.175938   ,  1.00837    ])
Iter time: 327.904401064
Iter time: 633.636896849
Iter time: 1086.67354393
75      , -15570.7    , array([ 0.0013186  ,  0.192262   ,  1.97481    ,  0.419079   ,  0.375076   ,  2.26893    ,  0.319102   ,  0.73926    ,  0.0327444  ,  0.171495   ,  1.00788    ])
Iter time: 396.727447987
Iter time: 766.093092203
Iter time: 1320.03119397
76      , -15604.1    , array([ 0.00127473 ,  0.13506    ,  2.00695    ,  0.40432    ,  0.295326   ,  2.28992    ,  0.315796   ,  0.730748   ,  0.0355049  ,  0.178071   ,  1.00709    ])
Iter time: 474.042082071
Iter time: 914.460428953
Iter time: 1574.40932703
77      , -15521.7    , array([ 0.00102734 ,  0.181388   ,  1.99255    ,  0.406249   ,  0.294717   ,  2.30844    ,  0.331162   ,  0.737382   ,  0.0349535  ,  0.163182   ,  1.00743    ])
Iter time: 126.757058859
Iter time: 242.09225297
Iter time: 415.743957043
79      , -15902.7    , array([ 0.00282931 ,  0.178283   ,  1.98955    ,  0.422736   ,  0.644721   ,  2.22742    ,  0.282228   ,  0.738263   ,  0.0453379  ,  0.201574   ,  1.00835    ])
Iter time: 143.796043158
Iter time: 275.442365885
Iter time: 471.830476999
81      , -15859.4    , array([ 0.00257985 ,  0.176325   ,  1.99319    ,  0.420236   ,  0.601614   ,  2.24886    ,  0.289292   ,  0.743233   ,  0.0441015  ,  0.195796   ,  1.00836    ])
Iter time: 141.294458866
Iter time: 270.331554174
Iter time: 462.964678049
83      , -15832.3    , array([ 0.00244585 ,  0.175772   ,  1.96835    ,  0.420444   ,  0.631295   ,  2.22808    ,  0.29799    ,  0.739873   ,  0.0455046  ,  0.199292   ,  1.00847    ])
Iter time: 149.938218832
Iter time: 287.48625493
Iter time: 492.471338987
85      , -15824.7    , array([ 0.00246866 ,  0.166917   ,  1.98007    ,  0.425995   ,  0.56396    ,  2.20069    ,  0.266572   ,  0.739844   ,  0.0453198  ,  0.193102   ,  1.00839    ])
Iter time: 459.220274925
Iter time: 891.706736088
Iter time: 1529.81422997
86      , -15541      , array([ 0.00103832 ,  0.18105    ,  1.99327    ,  0.407462   ,  0.306335   ,  2.311      ,  0.328629   ,  0.737782   ,  0.0337633  ,  0.162852   ,  1.00752    ])
Iter time: 435.831137896
Iter time: 843.965777874
Iter time: 1458.88052177
87      , -15490.9    , array([ 0.00108526 ,  0.171092   ,  2.04778    ,  0.410811   ,  0.289262   ,  2.24392    ,  0.335595   ,  0.734336   ,  0.0341593  ,  0.158004   ,  1.00751    ])
Iter time: 205.243462086
Iter time: 394.591547966
Iter time: 677.621067047
90      , -15734.5    , array([ 0.00194851 ,  0.17746    ,  1.99696    ,  0.416735   ,  0.484962   ,  2.25924    ,  0.300828   ,  0.740066   ,  0.0406145  ,  0.184781   ,  1.00807    ])
Iter time: 228.45582509
Iter time: 439.531952143
Iter time: 756.242496014
92      , -15722      , array([ 0.00183326 ,  0.187111   ,  2.00479    ,  0.423636   ,  0.4541     ,  2.28293    ,  0.306164   ,  0.735831   ,  0.0404139  ,  0.173146   ,  1.00807    ])
Iter time: 210.106079102
Iter time: 403.539646864
Iter time: 693.391193867
94      , -15710      , array([ 0.00185772 ,  0.176804   ,  1.98554    ,  0.416123   ,  0.487345   ,  2.24943    ,  0.305753   ,  0.738473   ,  0.0408853  ,  0.185905   ,  1.0081     ])
Iter time: 219.309993982
Iter time: 422.665239096
Iter time: 723.374155045
96      , -15706.4    , array([ 0.0018424  ,  0.172745   ,  1.9917     ,  0.418415   ,  0.457574   ,  2.23779    ,  0.290994   ,  0.738397   ,  0.0406116  ,  0.18268    ,  1.00804    ])
Iter time: 258.330049038
Iter time: 497.574990988
Iter time: 852.69910717
98      , -15666.5    , array([ 0.00163267 ,  0.177899   ,  1.99994    ,  0.413918   ,  0.423198   ,  2.26638    ,  0.30866    ,  0.738432   ,  0.0384455  ,  0.178607   ,  1.00789    ])
Iter time: 406.192932129
Iter time: 785.497751951
Iter time: 1353.23657513
99      , -15493.2    , array([ 0.00124968 ,  0.166006   ,  1.93809    ,  0.404311   ,  0.281748   ,  2.25447    ,  0.326131   ,  0.734004   ,  0.0329445  ,  0.151611   ,  1.00759    ])
Iter time: 279.679480076
Iter time: 539.100453854
Iter time: 924.724649191
101     , -15647.7    , array([ 0.00156149 ,  0.181164   ,  1.99813    ,  0.416288   ,  0.398657   ,  2.27592    ,  0.312325   ,  0.736188   ,  0.0379307  ,  0.17122    ,  1.00787    ])
Iter time: 271.280336142
Iter time: 522.813529015
Iter time: 898.488798141
103     , -15637.4    , array([ 0.00155951 ,  0.176299   ,  1.98909    ,  0.412587   ,  0.409238   ,  2.26036    ,  0.312417   ,  0.737404   ,  0.0380214  ,  0.176754   ,  1.00787    ])
Iter time: 279.699630976
Iter time: 540.760797977
Iter time: 926.45925808
105     , -15633.8    , array([ 0.00154134 ,  0.174424   ,  1.99205    ,  0.413458   ,  0.394534   ,  2.25553    ,  0.305769   ,  0.737321   ,  0.0377806  ,  0.174951   ,  1.00783    ])
Iter time: 495.512086868
Iter time: 958.508533955
Iter time: 1655.01254606
106     , -15485.3    , array([ 0.00100781 ,  0.173736   ,  1.98345    ,  0.40319    ,  0.269982   ,  2.27849    ,  0.333874   ,  0.733867   ,  0.0320295  ,  0.156586   ,  1.00735    ])
Iter time: 322.016299963
Iter time: 621.119026899
Iter time: 1067.97036314
109     , -15599.7    , array([ 0.00140639 ,  0.186602   ,  1.99337    ,  0.407795   ,  0.360367   ,  2.27316    ,  0.315902   ,  0.736018   ,  0.0357634  ,  0.170625   ,  1.00795    ])
Iter time: 327.592895985
Iter time: 632.06116581
Iter time: 1088.63168788
111     , -15596.6    , array([ 0.00137892 ,  0.177537   ,  1.9941     ,  0.411801   ,  0.359017   ,  2.27428    ,  0.317939   ,  0.736058   ,  0.0361515  ,  0.168295   ,  1.0077     ])
Iter time: 326.660830021
Iter time: 628.800137043
Iter time: 1081.16164398
113     , -15589.2    , array([ 0.00137036 ,  0.175193   ,  1.98981    ,  0.409932   ,  0.361592   ,  2.26712    ,  0.31824    ,  0.736604   ,  0.0361118  ,  0.170612   ,  1.00769    ])
Iter time: 332.8221488
Iter time: 644.707341909
Iter time: 1104.534796
115     , -15586.3    , array([ 0.00135509 ,  0.174294   ,  1.99119    ,  0.410204   ,  0.353632   ,  2.26523    ,  0.315408   ,  0.73653    ,  0.0359235  ,  0.169546   ,  1.00767    ])
Iter time: 380.933045864
Iter time: 734.319208145
Iter time: 1267.94631791
116     , -15489.8    , array([ 0.00112586 ,  0.235248   ,  1.97104    ,  0.410727   ,  0.351532   ,  2.25565    ,  0.33512    ,  0.74183    ,  0.0329316  ,  0.150264   ,  1.00802    ])
Iter time: 357.478203058
Iter time: 688.456988096
Iter time: 1184.28450704
118     , -15564.8    , array([ 0.00128495 ,  0.184308   ,  1.99012    ,  0.407786   ,  0.340368   ,  2.27214    ,  0.321435   ,  0.736406   ,  0.034839   ,  0.166102   ,  1.00776    ])
Iter time: 361.503871918
Iter time: 697.019145966
Iter time: 1201.71221209
120     , -15562      , array([ 0.00126826 ,  0.180082   ,  1.99031    ,  0.409601   ,  0.338907   ,  2.2726     ,  0.322631   ,  0.736442   ,  0.0349687  ,  0.164866   ,  1.00763    ])
Iter time: 361.922101021
Iter time: 699.37732482
Iter time: 1207.06775594
122     , -15556.9    , array([ 0.00125988 ,  0.179113   ,  1.98819    ,  0.408655   ,  0.33912    ,  2.26928    ,  0.322984   ,  0.736708   ,  0.0348985  ,  0.165738   ,  1.00763    ])
Iter time: 369.35750103
Iter time: 709.214064837
Iter time: 1220.55948901
124     , -15554.4    , array([ 0.0012487  ,  0.178874   ,  1.98874    ,  0.408721   ,  0.334729   ,  2.26851    ,  0.321891   ,  0.736679   ,  0.0347616  ,  0.165049   ,  1.00761    ])
Iter time: 366.844868898
Iter time: 707.716547012
Iter time: 1218.83697319
126     , -15545      , array([ 0.00122872 ,  0.187253   ,  1.98117    ,  0.412649   ,  0.342949   ,  2.27035    ,  0.323898   ,  0.737926   ,  0.0332781  ,  0.165707   ,  1.00771    ])
Iter time: 471.95578599
Iter time: 912.480801105
Iter time: 1572.47548294
127     , -15478.1    , array([ 0.00101199 ,  0.180983   ,  1.98337    ,  0.405729   ,  0.289288   ,  2.27105    ,  0.336733   ,  0.737057   ,  0.0325594  ,  0.154273   ,  1.00731    ])
Iter time: 390.761554956
Iter time: 753.17888999
Iter time: 1295.36801386
130     , -15537.1    , array([ 0.00119032 ,  0.181396   ,  1.98821    ,  0.408      ,  0.323769   ,  2.27203    ,  0.326432   ,  0.736615   ,  0.0342071  ,  0.161965   ,  1.00757    ])
Iter time: 391.317771912
Iter time: 755.938637018
Iter time: 1302.17041707
132     , -15533.5    , array([ 0.00118332 ,  0.181012   ,  1.98715    ,  0.407499   ,  0.323189   ,  2.27049    ,  0.326768   ,  0.736743   ,  0.0341417  ,  0.162223   ,  1.00756    ])
Iter time: 395.604197979
Iter time: 763.729526997
Iter time: 1314.20567799
134     , -15531.4    , array([ 0.00117518 ,  0.180989   ,  1.98736    ,  0.407476   ,  0.320578   ,  2.2702     ,  0.326438   ,  0.736732   ,  0.0340468  ,  0.161758   ,  1.00755    ])
Iter time: 398.319601059
Iter time: 765.448725939
Iter time: 1318.78001809
136     , -15526.2    , array([ 0.00116339 ,  0.184893   ,  1.98385    ,  0.409195   ,  0.323498   ,  2.27111    ,  0.32757    ,  0.737301   ,  0.033347   ,  0.161903   ,  1.00759    ])
Iter time: 389.74633193
Iter time: 752.684412956
Iter time: 1297.52455187
137     , -15471.5    , array([ 0.00119299 ,  0.184794   ,  1.97812    ,  0.404395   ,  0.306996   ,  2.22635    ,  0.333764   ,  0.735485   ,  0.0329976  ,  0.15349    ,  1.00745    ])
Iter time: 359.56901598
Iter time: 693.855297089
Iter time: 1194.08651185
138     , -15436.4    , array([ 0.00127876 ,  0.186694   ,  1.97059    ,  0.40287    ,  0.307327   ,  2.1852     ,  0.336361   ,  0.73434    ,  0.0326213  ,  0.149013   ,  1.00741    ])
Iter time: 453.732674122
Iter time: 873.337419033
Iter time: 1506.56775594
139     , -15459.1    , array([ 0.0010543  ,  0.185408   ,  1.97995    ,  0.402934   ,  0.287725   ,  2.24855    ,  0.337846   ,  0.736236   ,  0.0322896  ,  0.15201    ,  1.00737    ])
Iter time: 461.503755093
Iter time: 893.864184856
Iter time: 1537.84050512
140     , -15449      , array([ 0.00103851 ,  0.186615   ,  1.97969    ,  0.402604   ,  0.282214   ,  2.24611    ,  0.339551   ,  0.736016   ,  0.0320251  ,  0.149984   ,  1.00734    ])
Iter time: 470.07646513
Iter time: 910.035320997
Iter time: 1566.26171803
141     , -15436.6    , array([ 0.00102245 ,  0.18768    ,  1.9781     ,  0.401747   ,  0.277995   ,  2.24204    ,  0.342337   ,  0.735897   ,  0.031759   ,  0.148362   ,  1.00731    ])
Iter time: 483.052758932
Iter time: 933.790616989
Iter time: 1617.51444101
142     , -15426.3    , array([ 0.00100885 ,  0.184217   ,  1.98054    ,  0.398726   ,  0.267997   ,  2.2359     ,  0.343899   ,  0.735075   ,  0.032139   ,  0.145895   ,  1.00722    ])
Iter time: 407.087033987
Iter time: 787.114010096
Iter time: 1354.77063084
144     , -15409.9    , array([ 0.00113868 ,  0.188306   ,  1.96973    ,  0.400255   ,  0.289129   ,  2.18701    ,  0.342512   ,  0.734574   ,  0.0301975  ,  0.141833   ,  1.00735    ])
Iter time: 378.686645031
Iter time: 731.998366117
Iter time: 1256.87690091
145     , -15352.4    , array([ 0.0011988  ,  0.191863   ,  1.95841    ,  0.397291   ,  0.286375   ,  2.12871    ,  0.348332   ,  0.733175   ,  0.0280679  ,  0.13223    ,  1.00732    ])
Iter time: 437.628030062
Iter time: 845.113209009
Iter time: 1455.6396699
146     , -15408      , array([ 0.00113677 ,  0.188109   ,  1.97682    ,  0.415409   ,  0.265639   ,  2.2145     ,  0.337948   ,  0.734114   ,  0.0322253  ,  0.141811   ,  1.00802    ])
Iter time: 421.490453959
Iter time: 814.569442987
Iter time: 1404.00878
148     , -15469.2    , array([ 0.00116442 ,  0.17653    ,  1.96021    ,  0.404504   ,  0.284772   ,  2.24293    ,  0.332428   ,  0.734815   ,  0.0324894  ,  0.150191   ,  1.00753    ])
Iter time: 436.433830976
Iter time: 840.120865107
Iter time: 1446.20317101
149     , -15397.1    , array([ 0.00109867 ,  0.207141   ,  1.90428    ,  0.397554   ,  0.285588   ,  2.21888    ,  0.341541   ,  0.737009   ,  0.0297807  ,  0.138815   ,  1.00744    ])
Iter time: 500.342567921
Iter time: 970.361552
Iter time: 1670.18882895
150     , -15404.3    , array([ 0.00105435 ,  0.147205   ,  1.96606    ,  0.395286   ,  0.226289   ,  2.20075    ,  0.343208   ,  0.728699   ,  0.0303312  ,  0.143878   ,  1.00682    ])
Iter time: 391.934036016
Iter time: 757.534171104
Iter time: 1306.30386996
151     , -15369.3    , array([ 0.00118756 ,  0.193408   ,  1.95063    ,  0.401229   ,  0.285333   ,  2.16498    ,  0.34622    ,  0.73566    ,  0.0308781  ,  0.135961   ,  1.0074     ])
Iter time: 398.198012114
Iter time: 769.970243216
Iter time: 1326.6124351
152     , -15356.8    , array([ 0.00121756 ,  0.187919   ,  1.94481    ,  0.39791    ,  0.265626   ,  2.15326    ,  0.345019   ,  0.732224   ,  0.0300842  ,  0.134865   ,  1.00745    ])
Iter time: 443.734847069
Iter time: 854.028105021
Iter time: 1471.26864696
153     , -15345.9    , array([ 0.00106679 ,  0.194861   ,  1.96498    ,  0.397924   ,  0.266445   ,  2.16415    ,  0.351857   ,  0.733986   ,  0.0297303  ,  0.135846   ,  1.00722    ])
Iter time: 452.373554945
Iter time: 877.10097599
Iter time: 1507.58279014
154     , -15283.4    , array([ 0.0010211  ,  0.204729   ,  1.96737    ,  0.394674   ,  0.257729   ,  2.1258     ,  0.361993   ,  0.733572   ,  0.0284399  ,  0.129195   ,  1.00706    ])
Iter time: 411.492892981
Iter time: 795.802835941
Iter time: 1372.80251288
155     , -15323.7    , array([ 0.00117139 ,  0.188904   ,  1.94314    ,  0.397972   ,  0.258483   ,  2.13682    ,  0.350587   ,  0.732086   ,  0.0292317  ,  0.13031    ,  1.00732    ])
Iter time: 394.725121021
Iter time: 764.188124895
Iter time: 1316.00616097
156     , -15310.6    , array([ 0.00121552 ,  0.188099   ,  1.93682    ,  0.397461   ,  0.259357   ,  2.11983    ,  0.350862   ,  0.731594   ,  0.028988   ,  0.128736   ,  1.00734    ])
Iter time: 360.062478065
Iter time: 698.714164019
Iter time: 1202.23837185
157     , -15300.6    , array([ 0.00127405 ,  0.187108   ,  1.93096    ,  0.397533   ,  0.259992   ,  2.10214    ,  0.349566   ,  0.730932   ,  0.0287498  ,  0.126829   ,  1.00738    ])
Iter time: 472.591615915
Iter time: 914.485364914
Iter time: 1582.40706205
158     , -15281.9    , array([ 0.001018   ,  0.188171   ,  1.93117    ,  0.395465   ,  0.228133   ,  2.14169    ,  0.358277   ,  0.731862   ,  0.0273542  ,  0.122627   ,  1.00727    ])
Iter time: 355.007484198
Iter time: 686.559792995
Iter time: 1183.41511083
160     , -15258.8    , array([ 0.00129248 ,  0.191439   ,  1.91266    ,  0.398979   ,  0.254063   ,  2.0768     ,  0.353043   ,  0.730549   ,  0.0269627  ,  0.121354   ,  1.00747    ])
Iter time: 311.849183083
Iter time: 602.758352995
Iter time: 1037.03275204
161     , -15172.5    , array([ 0.00146292 ,  0.195156   ,  1.8796     ,  0.399105   ,  0.247371   ,  2.00155    ,  0.357705   ,  0.728297   ,  0.0246961  ,  0.110677   ,  1.00759    ])
Iter time: 371.693567038
Iter time: 719.253188133
Iter time: 1238.17362094
162     , -15237.4    , array([ 0.00120087 ,  0.188736   ,  1.89877    ,  0.380178   ,  0.253019   ,  2.05867    ,  0.362991   ,  0.730448   ,  0.0256205  ,  0.119346   ,  1.00659    ])
Iter time: 306.895679951
Iter time: 592.534346104
Iter time: 1019.23282909
163     , -15221.5    , array([ 0.00132575 ,  0.25233    ,  1.89711    ,  0.396712   ,  0.303109   ,  2.04655    ,  0.361087   ,  0.736196   ,  0.0263977  ,  0.113701   ,  1.00775    ])
Iter time: 337.111932993
Iter time: 652.555709839
Iter time: 1124.0037818
164     , -15185.3    , array([ 0.00131648 ,  0.185868   ,  1.95732    ,  0.394296   ,  0.242786   ,  2.00022    ,  0.36654    ,  0.72775    ,  0.0263026  ,  0.113648   ,  1.00719    ])
Iter time: 365.852885008
Iter time: 707.125646114
Iter time: 1224.82878518
165     , -15178.9    , array([ 0.00124097 ,  0.197632   ,  1.912      ,  0.389449   ,  0.235972   ,  2.02072    ,  0.365355   ,  0.727652   ,  0.0246388  ,  0.112313   ,  1.0072     ])
Iter time: 357.727921963
Iter time: 693.342602968
Iter time: 1192.37574291
166     , -15157.3    , array([ 0.00121459 ,  0.205278   ,  1.91179    ,  0.391166   ,  0.248082   ,  2.00838    ,  0.370465   ,  0.730235   ,  0.0243874  ,  0.109521   ,  1.0071     ])
Iter time: 346.636986971
Iter time: 669.899466038
Iter time: 1154.08598495
167     , -15055.7    , array([ 0.0012131  ,  0.214549   ,  1.89549    ,  0.387837   ,  0.239749   ,  1.93963    ,  0.383883   ,  0.729242   ,  0.0219573  ,  0.0986957  ,  1.00692    ])
Iter time: 372.798326015
Iter time: 722.929389
Iter time: 1248.24783802
168     , -15111.6    , array([ 0.00123626 ,  0.205185   ,  1.88728    ,  0.390063   ,  0.222791   ,  1.99747    ,  0.373482   ,  0.728575   ,  0.0249981  ,  0.105918   ,  1.00716    ])
Iter time: 339.743292093
Iter time: 657.48765707
Iter time: 1133.00008011
169     , -15097.8    , array([ 0.00127765 ,  0.211555   ,  1.89205    ,  0.387977   ,  0.240252   ,  1.96565    ,  0.375373   ,  0.729021   ,  0.0233297  ,  0.103504   ,  1.00713    ])
Iter time: 347.376895905
Iter time: 672.011478901
Iter time: 1157.49328709
170     , -15072.3    , array([ 0.00124248 ,  0.217048   ,  1.89018    ,  0.386773   ,  0.236135   ,  1.95438    ,  0.379712   ,  0.729044   ,  0.022615   ,  0.100695   ,  1.00707    ])
Iter time: 363.242605925
Iter time: 702.014281034
Iter time: 1208.21315193
171     , -15041.5    , array([ 0.00118    ,  0.224167   ,  1.88857    ,  0.384779   ,  0.231472   ,  1.94488    ,  0.386895   ,  0.729362   ,  0.0218287  ,  0.0980106  ,  1.00698    ])
Iter time: 363.750242949
Iter time: 704.236418009
Iter time: 1213.19636202
172     , -14909.7    , array([ 0.00113561 ,  0.245365   ,  1.86773    ,  0.378556   ,  0.218407   ,  1.87071    ,  0.407028   ,  0.728578   ,  0.0190206  ,  0.086159   ,  1.00677    ])
Iter time: 292.139590979
Iter time: 566.193540096
Iter time: 974.939501047
173     , -14989.2    , array([ 0.00150105 ,  0.21173    ,  1.83618    ,  0.384639   ,  0.22658    ,  1.87905    ,  0.381664   ,  0.725834   ,  0.0205102  ,  0.0893827  ,  1.00724    ])
Iter time: 245.379259825
Iter time: 474.209280968
Iter time: 815.999044895
174     , -14937.5    , array([ 0.00161575 ,  0.235354   ,  1.85352    ,  0.381938   ,  0.255658   ,  1.82127    ,  0.390082   ,  0.726437   ,  0.0202366  ,  0.0889086  ,  1.00702    ])
Iter time: 289.687393904
Iter time: 559.515072107
Iter time: 963.797585964
175     , -14928.2    , array([ 0.00144564 ,  0.244258   ,  1.8769     ,  0.397628   ,  0.230947   ,  1.85297    ,  0.390088   ,  0.727115   ,  0.0206989  ,  0.0865911  ,  1.00778    ])
Iter time: 341.381116867
Iter time: 661.29399085
Iter time: 1142.7859931
176     , -14916.3    , array([ 0.00133025 ,  0.181623   ,  1.87489    ,  0.381217   ,  0.183483   ,  1.83057    ,  0.397692   ,  0.719812   ,  0.0192205  ,  0.0864989  ,  1.00662    ])
Iter time: 317.554065943
Iter time: 614.011955976
Iter time: 1054.36956215
177     , -14879.5    , array([ 0.00134215 ,  0.245532   ,  1.80305    ,  0.381207   ,  0.2177     ,  1.84304    ,  0.39763    ,  0.726716   ,  0.0182205  ,  0.0823489  ,  1.00708    ])
