==========================================
SLURM_JOB_ID = 18981519
SLURM_NODELIST = c8-74
==========================================
Module slurm/17.11.5 loaded 
Module openmpi/3.0.1 loaded 
Module gcc/7.3.0 loaded 
Module python/2.7.6 loaded 
Module numpy/1.11.1 loaded 
Module dadi/1.7.0 loaded 
Module matplotlib/2.0 loaded 
Module scipy/0.18.0 loaded 
Beginning. Call:
/home/hemstrow/monarch/github/F-H_2018/DADI/demographic_models/run_3d_mods.py /home/hemstrow/monarch/github/F-H_2018/Data/dadi_inputs/ dadi_snps_10kgap.txt 1st_folded_optim_10kgap_snps_dadi_out.txt lgrowth_p2 10 [NAM,GUA,HAW] True 3 [0.1,0.1,0.5,1,5,5,.1,.1,.1,.1,2] [1,1,5,10,20,20,10,10,10,10,4] [1e-3,1e-3,1e-3,1e-3,0.01,0.01,0.01,0.01,0.01,0.01,1] [150,15,15] fmin

Ready to begin run. Parameters:

Model:
lgrowth_p2
Maxiters:
10
Pops:
['NAM', 'GUA', 'HAW']
Projection:
[150, 15, 15]
Number of segregating sites in projected sfs:
9454.98941724
Folding spectra:
True
Level of parm folding:
3
Optimizer:
fmin
p0:
[ 0.05990197  0.55045682  1.18202288  2.94104148  2.55874707  5.56022582
  0.0455743   0.42098466  0.0781144   0.07265065  3.96      ]
Upper Bounds:
[1.0, 1.0, 5.0, 10.0, 20.0, 20.0, 10.0, 10.0, 10.0, 10.0, 4.0]
Lower Bounds:
[0.001, 0.001, 0.001, 0.001, 0.01, 0.01, 0.01, 0.01, 0.01, 0.01, 1.0]

Beginning optimization ************************************************
optimize_log_fmin.
Iter time: 42.9147782326
Iter time: 84.2114038467
Iter time: 142.891125917
1       , -23840.7    , array([ 0.059902   ,  0.550457   ,  1.18202    ,  2.94104    ,  2.55875    ,  5.56023    ,  0.0455743  ,  0.420985   ,  0.0781144  ,  0.0726506  ,  3.96       ])
Iter time: 43.0842180252
Iter time: 83.9079809189
Iter time: 140.931730032
2       , -23839.3    , array([ 0.0520371  ,  0.550457   ,  1.18202    ,  2.94104    ,  2.55875    ,  5.56023    ,  0.0455743  ,  0.420985   ,  0.0781144  ,  0.0726506  ,  3.96       ])
Iter time: 44.4469320774
Iter time: 84.8449420929
Iter time: 140.939231873
3       , -23838.9    , array([ 0.059902   ,  0.534268   ,  1.18202    ,  2.94104    ,  2.55875    ,  5.56023    ,  0.0455743  ,  0.420985   ,  0.0781144  ,  0.0726506  ,  3.96       ])
Iter time: 42.5327298641
Iter time: 83.6657719612
Iter time: 143.70553112
4       , -23841.2    , array([ 0.059902   ,  0.550457   ,  1.19195    ,  2.94104    ,  2.55875    ,  5.56023    ,  0.0455743  ,  0.420985   ,  0.0781144  ,  0.0726506  ,  3.96       ])
Iter time: 43.8298039436
Iter time: 84.2692139149
Iter time: 146.291505814
5       , -24009.6    , array([ 0.059902   ,  0.550457   ,  1.18202    ,  3.10403    ,  2.55875    ,  5.56023    ,  0.0455743  ,  0.420985   ,  0.0781144  ,  0.0726506  ,  3.96       ])
Iter time: 43.4669039249
Iter time: 84.3063030243
Iter time: 144.308780909
6       , -23887.4    , array([ 0.059902   ,  0.550457   ,  1.18202    ,  2.94104    ,  2.68181    ,  5.56023    ,  0.0455743  ,  0.420985   ,  0.0781144  ,  0.0726506  ,  3.96       ])
Iter time: 47.905602932
Iter time: 92.6977570057
Iter time: 158.167279005
7       , -24011      , array([ 0.059902   ,  0.550457   ,  1.18202    ,  2.94104    ,  2.55875    ,  6.05825    ,  0.0455743  ,  0.420985   ,  0.0781144  ,  0.0726506  ,  3.96       ])
Iter time: 42.3827061653
Iter time: 85.0584788322
Iter time: 146.32710886
8       , -23975.6    , array([ 0.059902   ,  0.550457   ,  1.18202    ,  2.94104    ,  2.55875    ,  5.56023    ,  0.0390531  ,  0.420985   ,  0.0781144  ,  0.0726506  ,  3.96       ])
Iter time: 40.4535181522
Iter time: 82.1796679497
Iter time: 140.892588139
9       , -23913      , array([ 0.059902   ,  0.550457   ,  1.18202    ,  2.94104    ,  2.55875    ,  5.56023    ,  0.0455743  ,  0.403162   ,  0.0781144  ,  0.0726506  ,  3.96       ])
Iter time: 41.830935955
Iter time: 82.6594228745
Iter time: 142.27333498
10      , -23849.5    , array([ 0.059902   ,  0.550457   ,  1.18202    ,  2.94104    ,  2.55875    ,  5.56023    ,  0.0455743  ,  0.420985   ,  0.068765   ,  0.0726506  ,  3.96       ])
Iter time: 44.2905189991
Iter time: 84.6365249157
Iter time: 147.29472518
11      , -23897.4    , array([ 0.059902   ,  0.550457   ,  1.18202    ,  2.94104    ,  2.55875    ,  5.56023    ,  0.0455743  ,  0.420985   ,  0.0781144  ,  0.0637238  ,  3.96       ])
Iter time: 42.5676641464
Iter time: 84.6019339561
Iter time: 146.499110937
13      , -23959.7    , array([ 0.0583884  ,  0.547477   ,  1.18382    ,  2.97003    ,  2.5807     ,  5.64763    ,  0.0443125  ,  0.417687   ,  0.0763247  ,  0.0709393  ,  3.69667    ])
Iter time: 40.831674099
Iter time: 77.0520281792
Iter time: 133.018364906
14      , -23774.7    , array([ 0.0581174  ,  0.546937   ,  1.18415    ,  2.97533    ,  2.58471    ,  5.11764    ,  0.0440869  ,  0.41709    ,  0.0760037  ,  0.0706325  ,  3.91076    ])
Iter time: 37.4720599651
Iter time: 70.532613039
Iter time: 120.472109079
15      , -23644.2    , array([ 0.0572451  ,  0.545186   ,  1.18521    ,  2.99262    ,  2.59778    ,  4.7036     ,  0.0433615  ,  0.415156   ,  0.0749699  ,  0.0696446  ,  3.88638    ])
Iter time: 41.4511330128
Iter time: 81.9176561832
Iter time: 138.269212961
16      , -23723.9    , array([ 0.05764    ,  0.545982   ,  1.18473    ,  2.80042    ,  2.59183    ,  5.40895    ,  0.0436897  ,  0.416034   ,  0.075438   ,  0.070092   ,  3.89744    ])
Iter time: 41.6067519188
Iter time: 80.239716053
Iter time: 140.549691916
17      , -23698.2    , array([ 0.057238   ,  0.545172   ,  1.18522    ,  2.92941    ,  2.59789    ,  5.38189    ,  0.0520358  ,  0.41514    ,  0.0749614  ,  0.0696365  ,  3.88617    ])
Iter time: 43.8389899731
Iter time: 86.7047441006
Iter time: 148.839186192
19      , -23888.9    , array([ 0.0584187  ,  0.547538   ,  1.18378    ,  2.95072    ,  2.58025    ,  5.54611    ,  0.045022   ,  0.417753   ,  0.0763605  ,  0.0709736  ,  3.81677    ])
Iter time: 43.4395029545
Iter time: 83.5881149769
Iter time: 144.565868855
20      , -23718.8    , array([ 0.0567719  ,  0.544227   ,  1.1858     ,  2.92383    ,  2.60499    ,  5.33247    ,  0.0458102  ,  0.435818   ,  0.0744083  ,  0.0691081  ,  3.89548    ])
Iter time: 41.8520269394
Iter time: 80.2695178986
Iter time: 135.111057043
21      , -23697.8    , array([ 0.0562206  ,  0.543102   ,  1.18648    ,  2.92071    ,  2.61349    ,  5.29207    ,  0.0458532  ,  0.420004   ,  0.0737536  ,  0.0799599  ,  3.88386    ])
Iter time: 43.2859320641
Iter time: 81.9928779602
Iter time: 140.660561085
23      , -23835.4    , array([ 0.0581237  ,  0.54695    ,  1.18414    ,  2.93941    ,  2.58461    ,  5.47329    ,  0.0454042  ,  0.419224   ,  0.0760111  ,  0.0715641  ,  3.87197    ])
Iter time: 38.3973920345
Iter time: 78.0327510834
Iter time: 135.443240166
24      , -23663.8    , array([ 0.0555248  ,  0.54167    ,  1.18736    ,  2.91499    ,  2.48265    ,  5.23213    ,  0.0459747  ,  0.420094   ,  0.0729264  ,  0.0714757  ,  3.8803     ])
Iter time: 40.7714111805
Iter time: 81.5599820614
Iter time: 137.61398983
25      , -23669.9    , array([ 0.0547641  ,  0.540087   ,  1.18834    ,  2.91028    ,  2.58781    ,  5.17459    ,  0.0460479  ,  0.419932   ,  0.0837313  ,  0.0712641  ,  3.86598    ])
Iter time: 39.6075909138
Iter time: 76.9631860256
Iter time: 130.819307089
26      , -23646.4    , array([ 0.0538784  ,  0.538223   ,  1.17779    ,  2.90472    ,  2.59313    ,  5.10741    ,  0.0461345  ,  0.419741   ,  0.0746462  ,  0.0710148  ,  3.84912    ])
Iter time: 38.1895189285
Iter time: 75.610460043
Iter time: 127.583290815
27      , -23612.1    , array([ 0.0528502  ,  0.536028   ,  1.18691    ,  2.89816    ,  2.59943    ,  5.02913    ,  0.0462371  ,  0.419515   ,  0.0740323  ,  0.0707214  ,  3.8293     ])
Iter time: 37.3379399776
Iter time: 72.9660339355
Iter time: 124.053539991
28      , -23496.1    , array([ 0.049642   ,  0.528956   ,  1.18936    ,  2.87696    ,  2.62001    ,  4.78292    ,  0.0465721  ,  0.418783   ,  0.072072   ,  0.069776   ,  3.76558    ])
Iter time: 38.7282011509
Iter time: 72.9239430428
Iter time: 126.094630957
29      , -23551.3    , array([ 0.0603189  ,  0.532159   ,  1.18824    ,  2.88658    ,  2.61064    ,  4.89331    ,  0.0464195  ,  0.419116   ,  0.0729565  ,  0.0702042  ,  3.79441    ])
Iter time: 36.2834289074
Iter time: 69.3487510681
Iter time: 124.000485897
30      , -23498.2    , array([ 0.0524654  ,  0.547889   ,  1.18938    ,  2.87678    ,  2.62018    ,  4.78094    ,  0.0465749  ,  0.418777   ,  0.072056   ,  0.0697683  ,  3.76505    ])
Iter time: 38.0447790623
Iter time: 70.7118141651
Iter time: 120.513701916
31      , -23440.2    , array([ 0.0530731  ,  0.535353   ,  1.1882     ,  2.86714    ,  2.60042    ,  4.73891    ,  0.0469663  ,  0.420454   ,  0.0733339  ,  0.070501   ,  3.8311     ])
Iter time: 34.0894351006
Iter time: 65.8161799908
Iter time: 115.910820961
32      , -23240.6    , array([ 0.0507148  ,  0.529647   ,  1.19024    ,  2.83167    ,  2.60835    ,  4.40954    ,  0.0477673  ,  0.421071   ,  0.0720308  ,  0.0699754  ,  3.81083    ])
Iter time: 35.9815199375
Iter time: 67.8457090855
Iter time: 121.901077032
33      , -23464.8    , array([ 0.0522873  ,  0.533349   ,  1.18861    ,  3.01551    ,  2.59617    ,  4.62044    ,  0.0496076  ,  0.424606   ,  0.0732727  ,  0.07196    ,  3.79054    ])
Iter time: 34.2669539452
Iter time: 67.4965760708
Iter time: 115.834998131
34      , -23419.6    , array([ 0.0522985  ,  0.533107   ,  1.18806    ,  2.90449    ,  2.58146    ,  4.56615    ,  0.0480014  ,  0.403414   ,  0.0740793  ,  0.073523   ,  3.77366    ])
Iter time: 33.2537271976
Iter time: 64.4271171093
Iter time: 112.373194933
35      , -23369.4    , array([ 0.0510283  ,  0.530022   ,  1.18915    ,  2.89446    ,  2.58553    ,  4.39102    ,  0.0416429  ,  0.421308   ,  0.0733746  ,  0.0736892  ,  3.76255    ])
Iter time: 33.6703958511
Iter time: 61.6802620888
Iter time: 108.831671953
36      , -23307.5    , array([ 0.0510445  ,  0.529689   ,  1.18837    ,  2.89832    ,  2.56508    ,  4.31654    ,  0.0464375  ,  0.416664   ,  0.0745064  ,  0.0632295  ,  3.74313    ])
Iter time: 33.2566690445
Iter time: 61.4891219139
Iter time: 105.460353851
37      , -23287.5    , array([ 0.0517362  ,  0.530767   ,  1.18652    ,  2.90654    ,  2.58639    ,  4.27138    ,  0.046312   ,  0.416143   ,  0.0642497  ,  0.0694186  ,  3.73843    ])
Iter time: 31.7032279968
Iter time: 59.7498888969
Iter time: 105.251802921
38      , -23238.3    , array([ 0.0503759  ,  0.527263   ,  1.18734    ,  2.90031    ,  2.71608    ,  4.07142    ,  0.0464475  ,  0.415269   ,  0.0720895  ,  0.0688466  ,  3.6995     ])
Iter time: 27.6114990711
Iter time: 52.578140974
Iter time: 91.7500810623
39      , -23030.2    , array([ 0.0479833  ,  0.520204   ,  1.18733    ,  2.89299    ,  2.84091    ,  3.59153    ,  0.0466857  ,  0.412878   ,  0.0716746  ,  0.0675686  ,  3.61229    ])
Iter time: 30.692745924
Iter time: 59.3423149586
Iter time: 98.1544239521
40      , -23121.3    , array([ 0.0508329  ,  0.527365   ,  1.19875    ,  2.90842    ,  2.64387    ,  3.91219    ,  0.0463866  ,  0.414374   ,  0.0699104  ,  0.0686695  ,  3.68665    ])
Iter time: 31.8524839878
Iter time: 62.0797250271
Iter time: 104.615454912
41      , -23052.4    , array([ 0.046821   ,  0.517493   ,  1.1937     ,  2.80838    ,  2.64758    ,  4.10812    ,  0.0499619  ,  0.418808   ,  0.0687298  ,  0.0698412  ,  3.61645    ])
Iter time: 30.5616700649
Iter time: 57.8252708912
Iter time: 97.1712338924
42      , -23032.7    , array([ 0.0424349  ,  0.527474   ,  1.19165    ,  2.89705    ,  2.64129    ,  3.82526    ,  0.0472988  ,  0.414795   ,  0.0698643  ,  0.0692193  ,  3.6719     ])
Iter time: 29.0714190006
Iter time: 54.4871160984
Iter time: 95.3554890156
43      , -23001.8    , array([ 0.0469406  ,  0.508805   ,  1.19093    ,  2.91063    ,  2.6355     ,  3.75959    ,  0.0472734  ,  0.414411   ,  0.0703412  ,  0.0695517  ,  3.6837     ])
Iter time: 25.5895769596
Iter time: 49.5382359028
Iter time: 84.5834438801
44      , -22731.9    , array([ 0.0444004  ,  0.490321   ,  1.19171    ,  2.9277     ,  2.6432     ,  3.33391    ,  0.0476266  ,  0.412245   ,  0.0694992  ,  0.0694437  ,  3.64369    ])
Iter time: 27.5611810684
Iter time: 53.4083518982
Iter time: 93.2484748363
45      , -22859.2    , array([ 0.0486141  ,  0.519799   ,  1.19138    ,  2.91971    ,  2.6399     ,  3.51935    ,  0.0474691  ,  0.413221   ,  0.0698624  ,  0.0694837  ,  3.66123    ])
Iter time: 27.5249350071
Iter time: 50.6016488075
Iter time: 87.2568821907
46      , -22790.8    , array([ 0.0455474  ,  0.513112   ,  1.19263    ,  2.76926    ,  2.67225    ,  3.46719    ,  0.0442089  ,  0.405544   ,  0.0681247  ,  0.0669472  ,  3.61423    ])
Iter time: 27.6376740932
Iter time: 49.4761090279
Iter time: 88.62398386
47      , -22722.9    , array([ 0.0444075  ,  0.509788   ,  1.19402    ,  2.85029    ,  2.70442    ,  3.3371     ,  0.0450095  ,  0.427257   ,  0.0663641  ,  0.0644173  ,  3.60201    ])
Iter time: 22.6418220997
Iter time: 44.183467865
Iter time: 75.4436919689
48      , -22366.4    , array([ 0.0409204  ,  0.498514   ,  1.19702    ,  2.82357    ,  2.76807    ,  2.85285    ,  0.0435843  ,  0.439702   ,  0.0628133  ,  0.0602965  ,  3.51914    ])
Iter time: 24.5479819775
Iter time: 49.0572459698
Iter time: 80.4949789047
49      , -22596.6    , array([ 0.0437223  ,  0.507073   ,  1.19435    ,  2.8473     ,  2.73386    ,  3.20851    ,  0.0523137  ,  0.412301   ,  0.0651347  ,  0.0619702  ,  3.56899    ])
Iter time: 23.6234848499
Iter time: 44.7075378895
Iter time: 78.2415969372
50      , -22550.9    , array([ 0.0424951  ,  0.503383   ,  1.19623    ,  2.83435    ,  2.78777    ,  3.09249    ,  0.0479398  ,  0.4161     ,  0.0625965  ,  0.0719579  ,  3.55657    ])
Iter time: 23.4175698757
Iter time: 43.6025719643
Iter time: 77.4127089977
51      , -22430.5    , array([ 0.0404535  ,  0.497545   ,  1.19987    ,  2.81344    ,  2.80276    ,  2.94696    ,  0.0483725  ,  0.416612   ,  0.072246   ,  0.065972   ,  3.52889    ])
Iter time: 20.5799319744
Iter time: 39.7797510624
Iter time: 67.3302848339
52      , -22298.2    , array([ 0.0396064  ,  0.492962   ,  1.19788    ,  2.88444    ,  2.81572    ,  2.65294    ,  0.0470063  ,  0.410941   ,  0.0644766  ,  0.0647497  ,  3.41381    ])
Iter time: 16.2327649593
Iter time: 30.1131498814
Iter time: 51.5595829487
53      , -21849.3    , array([ 0.035001   ,  0.475584   ,  1.20172    ,  2.91119    ,  2.9255     ,  2.05775    ,  0.0466303  ,  0.405968   ,  0.061002   ,  0.062285   ,  3.23109    ])
Iter time: 19.899189949
Iter time: 40.0506410599
Iter time: 68.0441250801
54      , -22212.6    , array([ 0.0369223  ,  0.485878   ,  1.18991    ,  2.80881    ,  2.82949    ,  2.66053    ,  0.0484515  ,  0.416029   ,  0.0648061  ,  0.0648208  ,  3.44518    ])
Iter time: 18.3389060497
Iter time: 35.2327589989
Iter time: 58.6941599846
55      , -22102.8    , array([ 0.0383918  ,  0.489505   ,  1.19424    ,  2.90894    ,  2.85987    ,  2.34121    ,  0.0447339  ,  0.411127   ,  0.0652184  ,  0.0628747  ,  3.48121    ])
Iter time: 18.0009069443
Iter time: 33.9465241432
Iter time: 59.9196801186
56      , -21997      , array([ 0.0415957  ,  0.473763   ,  1.19677    ,  2.82201    ,  2.90842    ,  2.29962    ,  0.0467761  ,  0.414434   ,  0.0633617  ,  0.0623404  ,  3.39556    ])
Iter time: 17.4769649506
Iter time: 32.1113200188
Iter time: 55.717607975
57      , -21749.7    , array([ 0.0358428  ,  0.472285   ,  1.20286    ,  2.81323    ,  2.71563    ,  2.25856    ,  0.0474071  ,  0.416644   ,  0.0603924  ,  0.062935   ,  3.41298    ])
Iter time: 14.2011539936
Iter time: 27.9212610722
Iter time: 47.0437319279
58      , -21118.2    , array([ 0.0309783  ,  0.450007   ,  1.2107     ,  2.77418    ,  2.65508    ,  1.79105    ,  0.0477719  ,  0.41854    ,  0.0554359  ,  0.0607388  ,  3.31748    ])
Iter time: 16.4528770447
Iter time: 30.2554140091
Iter time: 52.6661810875
59      , -21683.2    , array([ 0.0325947  ,  0.460424   ,  1.20228    ,  2.76169    ,  2.92545    ,  2.03851    ,  0.0466786  ,  0.417267   ,  0.0594074  ,  0.0597219  ,  3.30753    ])
Iter time: 15.3236811161
Iter time: 28.6297249794
Iter time: 50.3277051449
60      , -21558.9    , array([ 0.032736   ,  0.457326   ,  1.20279    ,  2.91028    ,  2.938      ,  1.8787     ,  0.0506188  ,  0.427374   ,  0.0594247  ,  0.0607107  ,  3.29695    ])
Iter time: 14.4603278637
Iter time: 26.3559188843
Iter time: 46.5728209019
61      , -21444.5    , array([ 0.0317714  ,  0.47256    ,  1.20574    ,  2.74981    ,  3.02795    ,  1.76032    ,  0.0475097  ,  0.423192   ,  0.0566143  ,  0.0571153  ,  3.21137    ])
Iter time: 12.455037117
Iter time: 24.8053770065
Iter time: 45.1313099861
62      , -21349      , array([ 0.0304444  ,  0.451129   ,  1.20515    ,  2.80959    ,  2.98242    ,  1.63999    ,  0.0425022  ,  0.425144   ,  0.0588875  ,  0.063061   ,  3.21625    ])
Iter time: 12.2681541443
Iter time: 23.7269918919
Iter time: 38.8440628052
63      , -21168.4    , array([ 0.0294807  ,  0.44547    ,  1.20488    ,  2.81794    ,  2.96086    ,  1.51618    ,  0.0453758  ,  0.422914   ,  0.0605986  ,  0.0530205  ,  3.169      ])
Iter time: 11.4757268429
Iter time: 21.2481100559
Iter time: 36.7501161098
64      , -21075.8    , array([ 0.0292373  ,  0.441727   ,  1.20214    ,  2.8397     ,  2.97456    ,  1.40996    ,  0.04445    ,  0.423548   ,  0.0508531  ,  0.0555783  ,  3.132      ])
Iter time: 9.13473892212
Iter time: 15.9223628044
Iter time: 27.1728768349
65      , -20607.3    , array([ 0.0248557  ,  0.416212   ,  1.20328    ,  2.85292    ,  3.06437    ,  0.975269   ,  0.0426097  ,  0.427058   ,  0.0426647  ,  0.0510127  ,  2.95062    ])
Iter time: 9.83965301514
Iter time: 19.9357349873
Iter time: 31.150496006
66      , -20884.4    , array([ 0.0263989  ,  0.42664    ,  1.20615    ,  2.83483    ,  3.06804    ,  1.19825    ,  0.0491309  ,  0.399183   ,  0.0545177  ,  0.0589889  ,  3.04165    ])
Iter time: 9.62999987602
Iter time: 18.3252449036
Iter time: 30.7289609909
67      , -20783.3    , array([ 0.0275262  ,  0.427509   ,  1.21635    ,  2.85452    ,  3.04594    ,  1.1114     ,  0.0443074  ,  0.418739   ,  0.0512062  ,  0.0539391  ,  3.03737    ])
Iter time: 10.0586628914
Iter time: 17.8327219486
Iter time: 31.3463499546
68      , -20599.5    , array([ 0.0249187  ,  0.414021   ,  1.21598    ,  2.74681    ,  3.04833    ,  1.10298    ,  0.0479061  ,  0.425147   ,  0.0486931  ,  0.0540802  ,  2.93231    ])
Iter time: 7.84080982208
Iter time: 14.0240659714
Iter time: 23.210682869
69      , -20057      , array([ 0.0200756  ,  0.380764   ,  1.227      ,  2.66917    ,  3.14716    ,  0.757066   ,  0.0495755  ,  0.432335   ,  0.0420743  ,  0.0501556  ,  2.69123    ])
Iter time: 8.17902994156
Iter time: 15.4340229034
Iter time: 26.2706961632
70      , -20361      , array([ 0.0201461  ,  0.411115   ,  1.21893    ,  2.80291    ,  3.04074    ,  0.917535   ,  0.0463013  ,  0.42501    ,  0.0465245  ,  0.0524291  ,  2.88186    ])
Iter time: 8.64886903763
Iter time: 15.2880618572
Iter time: 146484.516251
71      , -20243.8    , array([ 0.0216543  ,  0.398836   ,  1.21706    ,  2.69838    ,  3.0443     ,  0.885337   ,  0.0463863  ,  0.437504   ,  0.0460015  ,  0.0508576  ,  2.96621    ])
Iter time: 7.34144997597
Iter time: 13.7318680286
Iter time: 22.4648621082
72      , -20186.3    , array([ 0.0215866  ,  0.401352   ,  1.21919    ,  2.83248    ,  3.06647    ,  0.767952   ,  0.0462855  ,  0.429338   ,  0.0450901  ,  0.0515133  ,  2.84084    ])
Iter time: 7.24929189682
Iter time: 13.5736329556
Iter time: 42.1869180202
73      , -20073.3    , array([ 0.0199263  ,  0.394591   ,  1.22168    ,  2.67465    ,  3.07723    ,  0.708187   ,  0.0419936  ,  0.419535   ,  0.0428703  ,  0.049183   ,  2.77384    ])
Iter time: 6.96107196808
Iter time: 12.6847889423
Iter time: 46.6532409191
74      , -19900.3    , array([ 0.0188616  ,  0.369555   ,  1.2216     ,  2.81652    ,  2.99459    ,  0.640494   ,  0.043749   ,  0.423012   ,  0.0427799  ,  0.0508769  ,  2.77292    ])
Iter time: 5.84966802597
Iter time: 9.93892598152
Iter time: 39.388977766
75      , -19368.3    , array([ 0.0145328  ,  0.326806   ,  1.22961    ,  2.85048    ,  2.97806    ,  0.386347   ,  0.0419817  ,  0.422923   ,  0.0371875  ,  0.0480181  ,  2.57668    ])
Iter time: 6.29009580612
Iter time: 11.6113169193
Iter time: 37.7849619389
76      , -19620.9    , array([ 0.0172074  ,  0.365072   ,  1.22667    ,  2.76384    ,  3.03949    ,  0.528579   ,  0.048794   ,  0.420669   ,  0.0378309  ,  0.0438524  ,  2.65932    ])
Iter time: 6.18028998375
Iter time: 10.3596060276
Iter time: 16.0181400776
77      , -19570.6    , array([ 0.0161128  ,  0.35657    ,  1.23095    ,  2.74596    ,  3.07625    ,  0.472055   ,  0.0463114  ,  0.422479   ,  0.0337447  ,  0.0503872  ,  2.61428    ])
Iter time: 5.67857813835
Iter time: 9.28143310547
Iter time: 14.7816679478
78      , -19936.6    , array([ 0.0136156  ,  0.338351   ,  1.22874    ,  2.78409    ,  3.52361    ,  0.313575   ,  0.0437409  ,  0.427621   ,  0.0337038  ,  0.0425151  ,  2.39142    ])
Iter time: 6.03976297379
Iter time: 10.0040040016
Iter time: 15.2913119793
79      , -19388.7    , array([ 0.0141653  ,  0.34215    ,  1.23754    ,  2.71559    ,  3.12707    ,  0.367322   ,  0.0416419  ,  0.454002   ,  0.0314021  ,  0.0412458  ,  2.49668    ])
Iter time: 6.08235812187
Iter time: 9.90601396561
Iter time: 14.8593108654
80      , -19216.3    , array([ 0.0120394  ,  0.327903   ,  1.23102    ,  2.6725     ,  3.16485    ,  0.323816   ,  0.0456572  ,  0.439209   ,  0.0305888  ,  0.0429596  ,  2.41266    ])
Iter time: 6.94836688042
Iter time: 10.2888770103
Iter time: 15.558562994
81      , -18714.2    , array([ 0.00796226 ,  0.287174   ,  1.23842    ,  2.5859     ,  3.22603    ,  0.174788   ,  0.0463474  ,  0.449816   ,  0.0236419  ,  0.0383388  ,  2.15029    ])
Iter time: 5.99749684334
Iter time: 9.37492394447
Iter time: 14.8575720787
82      , -19017.2    , array([ 0.0108402  ,  0.314827   ,  1.25092    ,  2.62665    ,  3.17535    ,  0.269959   ,  0.0482077  ,  0.434737   ,  0.0329761  ,  0.0431254  ,  2.34475    ])
Iter time: 5.12801909447
Iter time: 8.24119710922
Iter time: 13.0838489532
83      , -19160.1    , array([ 0.0119491  ,  0.303636   ,  1.24069    ,  2.64213    ,  3.22534    ,  0.229718   ,  0.0446907  ,  0.438634   ,  0.0284059  ,  0.0404961  ,  2.31233    ])
Iter time: 6.39824080467
Iter time: 9.48325181007
Iter time: 13.2755329609
84      , -19033      , array([ 0.00997782 ,  0.297842   ,  1.24695    ,  2.73399    ,  3.25558    ,  0.186286   ,  0.0443078  ,  0.426307   ,  0.026318   ,  0.0400535  ,  2.14712    ])
Iter time: 6.89956903458
Iter time: 10.1724398136
Iter time: 14.2459578514
85      , -18911.4    , array([ 0.00869877 ,  0.280352   ,  1.24988    ,  2.58784    ,  3.26739    ,  0.166      ,  0.0440532  ,  0.433856   ,  0.024346   ,  0.0377753  ,  2.13062    ])
Iter time: 7.21960186958
Iter time: 9.96603798866
Iter time: 13.9157569408
86      , -18820.7    , array([ 0.00810526 ,  0.267973   ,  1.25252    ,  2.72416    ,  3.29167    ,  0.138275   ,  0.0489801  ,  0.446712   ,  0.0231033  ,  0.0377116  ,  2.07988    ])
Iter time: 7.30184197426
Iter time: 11.0265910625
Iter time: 15.4156761169
87      , -18995.7    , array([ 0.00682191 ,  0.260522   ,  1.25177    ,  2.7399     ,  3.2449     ,  0.0949519  ,  0.0413982  ,  0.436071   ,  0.0211096  ,  0.0351118  ,  2.04561    ])
Iter time: 6.4203979969
Iter time: 9.54791307449
Iter time: 14.9990270138
88      , -18125.2    , array([ 0.00887097 ,  0.279571   ,  1.25422    ,  2.61917    ,  2.85513    ,  0.184486   ,  0.0464531  ,  0.44245    ,  0.0242032  ,  0.0400057  ,  2.2376     ])
Iter time: 7.81092810631
Iter time: 11.2366890907
Iter time: 15.6047818661
89      , -17227      , array([ 0.00716043 ,  0.254129   ,  1.26716    ,  2.54042    ,  2.57006    ,  0.141505   ,  0.0478717  ,  0.450056   ,  0.0205102  ,  0.0388071  ,  2.16444    ])
Iter time: 8.64120006561
Iter time: 13.1616799831
Iter time: 17.5868289471
90      , -18620.7    , array([ 0.00598494 ,  0.242591   ,  1.26377    ,  2.59824    ,  3.21045    ,  0.0861256  ,  0.0414982  ,  0.455319   ,  0.0192914  ,  0.0379333  ,  1.93825    ])
Iter time: 10.0365219116
Iter time: 14.2731711864
Iter time: 20.0143661499
91      , -18500.8    , array([ 0.00533828 ,  0.231578   ,  1.26542    ,  2.58899    ,  3.19681    ,  0.0707801  ,  0.042859   ,  0.459581   ,  0.0195367  ,  0.0313528  ,  1.86724    ])
Iter time: 10.2865920067
Iter time: 15.5827798843
Iter time: 20.1263420582
92      , -18316.5    , array([ 0.00508497 ,  0.224804   ,  1.2638     ,  2.59532    ,  3.15749    ,  0.0674267  ,  0.0479154  ,  0.428621   ,  0.0192586  ,  0.0364386  ,  1.85461    ])
Iter time: 13.7085371017
Iter time: 18.9807550907
Iter time: 26.1918818951
93      , -18564.1    , array([ 0.0040949  ,  0.219881   ,  1.2783     ,  2.43071    ,  3.35095    ,  0.0466721  ,  0.0486837  ,  0.46124    ,  0.0144287  ,  0.0297678  ,  1.69274    ])
Iter time: 13.639291048
Iter time: 19.148443222
Iter time: 26.078742981
94      , -18123.6    , array([ 0.00409917 ,  0.223172   ,  1.27378    ,  2.58291    ,  3.1156     ,  0.0587483  ,  0.0464499  ,  0.448802   ,  0.0167005  ,  0.033376   ,  1.78226    ])
Iter time: 12.5027151108
Iter time: 17.4149620533
Iter time: 24.6618330479
95      , -18078.4    , array([ 0.00417592 ,  0.215882   ,  1.2723     ,  2.47046    ,  3.0621     ,  0.0587336  ,  0.0472552  ,  0.466116   ,  0.0165948  ,  0.0326442  ,  1.85548    ])
Iter time: 17.1159920692
Iter time: 24.4812178612
Iter time: 34.6182389259
96      , -18641.5    , array([ 0.00323166 ,  0.190695   ,  1.27218    ,  2.54292    ,  3.11879    ,  0.0307135  ,  0.043275   ,  0.462906   ,  0.0116896  ,  0.0288222  ,  1.62831    ])
Iter time: 12.5373699665
Iter time: 17.620527029
Iter time: 23.3453059196
97      , -17665.9    , array([ 0.00448292 ,  0.217736   ,  1.27506    ,  2.40497    ,  3.03004    ,  0.0711216  ,  0.0508011  ,  0.466528   ,  0.0164003  ,  0.0341523  ,  1.79059    ])
Iter time: 17.6999480724
Iter time: 24.7851510048
Iter time: 34.7706871033
98      , -18093.8    , array([ 0.00311648 ,  0.193246   ,  1.28162    ,  2.51257    ,  2.9682     ,  0.0348713  ,  0.0489927  ,  0.475142   ,  0.0132345  ,  0.0311676  ,  1.66565    ])
Iter time: 20.4968349934
Iter time: 28.7712850571
Iter time: 39.5886158943
99      , -18211.7    , array([ 0.00281113 ,  0.190506   ,  1.28428    ,  2.35201    ,  2.89141    ,  0.032588   ,  0.0440666  ,  0.466673   ,  0.0126028  ,  0.030157   ,  1.63875    ])
Iter time: 25.4955918789
Iter time: 35.9489760399
Iter time: 46.303609848
100     , -18858.2    , array([ 0.00236811 ,  0.164986   ,  1.30751    ,  2.43543    ,  2.89208    ,  0.0189959  ,  0.0461444  ,  0.466563   ,  0.0109846  ,  0.0283968  ,  1.50871    ])
Iter time: 8.51468205452
Iter time: 12.5161161423
Iter time: 17.0444819927
101     , -18259.5    , array([ 0.00588    ,  0.250018   ,  1.25534    ,  2.54743    ,  3.13909    ,  0.100357   ,  0.0462966  ,  0.453946   ,  0.019519   ,  0.0355669  ,  1.96799    ])
Iter time: 8.33345293999
Iter time: 12.316740036
Iter time: 16.1358649731
102     , -17921.1    , array([ 0.00650543 ,  0.261001   ,  1.26974    ,  2.47739    ,  2.99505    ,  0.134072   ,  0.0500307  ,  0.451761   ,  0.0243864  ,  0.039245   ,  2.06217    ])
Iter time: 15.1338629723
Iter time: 22.4401237965
Iter time: 28.6078789234
103     , -17499.1    , array([ 0.00356638 ,  0.207913   ,  1.27928    ,  2.40374    ,  2.87304    ,  0.0518179  ,  0.0539771  ,  0.458635   ,  0.0154203  ,  0.0300037  ,  1.75205    ])
Iter time: 9.73199701309
Iter time: 13.4301080704
Iter time: 20.1220209599
104     , -17257.8    , array([ 0.00508315 ,  0.227065   ,  1.26492    ,  2.5642     ,  2.67664    ,  0.0974571  ,  0.0468819  ,  0.452281   ,  0.0208678  ,  0.0382889  ,  2.01877    ])
Iter time: 13.5180521011
Iter time: 19.0360600948
Iter time: 24.7995650768
105     , -17117.6    , array([ 0.00386462 ,  0.214826   ,  1.2777     ,  2.40322    ,  2.71655    ,  0.0681106  ,  0.0541291  ,  0.452594   ,  0.0155975  ,  0.0376985  ,  1.85625    ])
Iter time: 16.2402069569
Iter time: 22.6841330528
Iter time: 31.6613678932
106     , -16661.3    , array([ 0.00328821 ,  0.20691    ,  1.28388    ,  2.3154     ,  2.50419    ,  0.0668139  ,  0.0608311  ,  0.449141   ,  0.0139366  ,  0.0413379  ,  1.85077    ])
Iter time: 14.0299670696
Iter time: 19.6677610874
Iter time: 27.0608429909
107     , -16977.7    , array([ 0.00374797 ,  0.217986   ,  1.28302    ,  2.34813    ,  2.63686    ,  0.0713794  ,  0.0505642  ,  0.489429   ,  0.0149191  ,  0.0331895  ,  1.86819    ])
Iter time: 18.7975008488
Iter time: 26.3677010536
Iter time: 34.7578940392
108     , -17226      , array([ 0.00298639 ,  0.191178   ,  1.29679    ,  2.3571     ,  2.56956    ,  0.0450766  ,  0.0531781  ,  0.468493   ,  0.0140181  ,  0.0335779  ,  1.74398    ])
Iter time: 7.94901990891
Iter time: 12.1554350853
Iter time: 17.3707618713
109     , -17226.2    , array([ 0.00631566 ,  0.25106    ,  1.2698     ,  2.55394    ,  2.73045    ,  0.147252   ,  0.0578112  ,  0.456038   ,  0.0221353  ,  0.0403828  ,  2.11819    ])
Iter time: 11.3991689682
Iter time: 16.2261738777
Iter time: 22.7791349888
110     , -16547.7    , array([ 0.00468528 ,  0.218949   ,  1.27954    ,  2.32087    ,  2.4739     ,  0.0965338  ,  0.0570709  ,  0.475579   ,  0.017582   ,  0.0377744  ,  2.00975    ])
Iter time: 10.9849998951
Iter time: 14.3444161415
Iter time: 19.3630211353
111     , -15960.5    , array([ 0.00500905 ,  0.216868   ,  1.28243    ,  2.2        ,  2.20446    ,  0.123743   ,  0.0632601  ,  0.489561   ,  0.0180401  ,  0.0401864  ,  2.13417    ])
Iter time: 7.83679890633
Iter time: 12.500041008
Iter time: 18.1578111649
112     , -16835      , array([ 0.00671798 ,  0.258213   ,  1.27186    ,  2.3289     ,  2.46005    ,  0.204746   ,  0.0566826  ,  0.451663   ,  0.0234721  ,  0.0423639  ,  2.24957    ])
Iter time: 8.83392214775
Iter time: 12.703442812
Iter time: 19.3410730362
113     , -16175.7    , array([ 0.0054663  ,  0.238788   ,  1.2811     ,  2.34333    ,  2.29156    ,  0.152547   ,  0.0607428  ,  0.457779   ,  0.0199373  ,  0.0424105  ,  2.09139    ])
Iter time: 15.8163571358
Iter time: 21.6018939018
Iter time: 31.1128339767
114     , -16368.5    , array([ 0.00339959 ,  0.19434    ,  1.28576    ,  2.31326    ,  2.23154    ,  0.0684144  ,  0.059433   ,  0.473463   ,  0.0130793  ,  0.0357784  ,  1.8866     ])
Iter time: 10.0251190662
Iter time: 14.7004330158
Iter time: 21.0924789906
115     , -15917.3    , array([ 0.00469138 ,  0.228191   ,  1.28234    ,  2.36613    ,  2.08644    ,  0.128061   ,  0.0602258  ,  0.459708   ,  0.0186644  ,  0.0414627  ,  2.19347    ])
Iter time: 10.1566689014
Iter time: 15.4731118679
Iter time: 21.3332529068
116     , -15437      , array([ 0.00479921 ,  0.233606   ,  1.28599    ,  2.34694    ,  1.73136    ,  0.171841   ,  0.0655749  ,  0.456336   ,  0.0199111  ,  0.0456853  ,  2.42772    ])
Iter time: 8.23445487022
Iter time: 11.9290211201
Iter time: 18.1940891743
117     , -15962.9    , array([ 0.00622411 ,  0.244089   ,  1.27932    ,  2.35707    ,  2.00688    ,  0.218576   ,  0.058724   ,  0.467193   ,  0.0207948  ,  0.0509451  ,  2.37868    ])
Iter time: 11.1112909317
Iter time: 16.2496418953
Iter time: 24.2756459713
118     , -15647.4    , array([ 0.00453067 ,  0.226458   ,  1.29652    ,  2.17599    ,  2.04425    ,  0.134601   ,  0.0704375  ,  0.476559   ,  0.0153566  ,  0.042049   ,  2.12692    ])
Iter time: 17.2899489403
Iter time: 26.5040619373
Iter time: 36.3457701206
119     , -15860.1    , array([ 0.00295947 ,  0.198144   ,  1.29962    ,  2.13539    ,  2.04223    ,  0.0918627  ,  0.0739989  ,  0.483923   ,  0.0148235  ,  0.0420971  ,  1.97747    ])
Iter time: 18.1884319782
Iter time: 26.8566479683
Iter time: 36.7425470352
120     , -16099.9    , array([ 0.00292334 ,  0.192118   ,  1.3024     ,  2.05606    ,  1.8234     ,  0.0810202  ,  0.0640893  ,  0.482757   ,  0.0127695  ,  0.0407616  ,  1.99555    ])
Iter time: 8.8337700367
Iter time: 13.8918600082
Iter time: 21.0061161518
121     , -15622.9    , array([ 0.00615838 ,  0.25252    ,  1.27631    ,  2.1731     ,  1.82042    ,  0.294443   ,  0.0720779  ,  0.472493   ,  0.0198245  ,  0.0507812  ,  2.48386    ])
Iter time: 9.64230012894
Iter time: 14.474627018
Iter time: 22.6232750416
122     , -15252.6    , array([ 0.00537069 ,  0.227465   ,  1.28878    ,  2.1509     ,  1.65838    ,  0.240589   ,  0.0808507  ,  0.449394   ,  0.0196153  ,  0.0555057  ,  2.44196    ])
Iter time: 9.84998989105
Iter time: 17.4690310955
Iter time: 25.242374897
123     , -15039.6    , array([ 0.00642905 ,  0.232358   ,  1.29167    ,  2.05858    ,  1.31518    ,  0.441699   ,  0.102236   ,  0.430621   ,  0.0224916  ,  0.0717803  ,  2.79189    ])
Iter time: 18.1657989025
Iter time: 28.1611189842
Iter time: 39.5568079948
124     , -15792.5    , array([ 0.00297246 ,  0.18838    ,  1.30374    ,  2.12055    ,  1.58629    ,  0.096459   ,  0.080288   ,  0.482765   ,  0.0123714  ,  0.0478608  ,  2.10918    ])
Iter time: 9.79716706276
Iter time: 15.1001870632
Iter time: 23.7475650311
125     , -15057.3    , array([ 0.00596244 ,  0.231113   ,  1.29514    ,  2.09909    ,  1.43419    ,  0.316001   ,  0.0786844  ,  0.49189    ,  0.0203895  ,  0.0503728  ,  2.62532    ])
Iter time: 8.85103201866
Iter time: 14.5474088192
Iter time: 21.4281189442
126     , -15267.5    , array([ 0.00638733 ,  0.253937   ,  1.29496    ,  2.06425    ,  1.48512    ,  0.407599   ,  0.0847506  ,  0.469871   ,  0.0235526  ,  0.0619353  ,  2.73494    ])
Iter time: 14.5995759964
Iter time: 22.6815237999
Iter time: 34.2296340466
127     , -14987.3    , array([ 0.00408647 ,  0.208994   ,  1.30222    ,  1.99132    ,  1.33655    ,  0.218566   ,  0.0880999  ,  0.488279   ,  0.0159263  ,  0.0559742  ,  2.59044    ])
Iter time: 20.911178112
Iter time: 34.8809330463
Iter time: 53.7381589413
128     , -14736.7    , array([ 0.00353326 ,  0.195521   ,  1.31291    ,  1.83567    ,  1.02073    ,  0.26162    ,  0.1061     ,  0.504283   ,  0.0142344  ,  0.0643051  ,  2.88299    ])
Iter time: 7.89777994156
Iter time: 13.5189409256
Iter time: 23.3792870045
129     , -15659.1    , array([ 0.00790907 ,  0.260594   ,  1.28279    ,  2.22323    ,  1.51155    ,  0.509274   ,  0.0915145  ,  0.466703   ,  0.0253619  ,  0.0632717  ,  2.90267    ])
Iter time: 16.6644618511
Iter time: 26.5283041
Iter time: 39.2780508995
130     , -14923.3    , array([ 0.00388013 ,  0.207564   ,  1.30658    ,  1.91881    ,  1.30437    ,  0.220158   ,  0.108266   ,  0.482158   ,  0.0161465  ,  0.0526585  ,  2.52491    ])
Iter time: 17.3837118149
Iter time: 28.8072798252
Iter time: 45.8872787952
131     , -14630.5    , array([ 0.00460259 ,  0.231761   ,  1.30784    ,  2.00533    ,  1.0794     ,  0.431825   ,  0.110817   ,  0.458856   ,  0.0182406  ,  0.070119   ,  2.90153    ])
Iter time: 25.4708781242
Iter time: 47.7379491329
Iter time: 79.9794800282
132     , -14557.2    , array([ 0.00441191 ,  0.239587   ,  1.32073    ,  1.91455    ,  0.755302   ,  0.80668    ,  0.146671   ,  0.444234   ,  0.0183416  ,  0.092622   ,  3.38319    ])
Iter time: 11.4592900276
Iter time: 19.4221081734
Iter time: 31.2360870838
133     , -15572.6    , array([ 0.00837669 ,  0.262575   ,  1.29432    ,  2.0254     ,  0.972381   ,  0.863469   ,  0.107283   ,  0.457035   ,  0.0230751  ,  0.0772552  ,  3.45263    ])
Iter time: 13.4154679775
Iter time: 24.1169769764
Iter time: 39.1867139339
134     , -16949.8    , array([ 0.0100689  ,  0.293373   ,  1.28853    ,  2.02262    ,  1.14529    ,  1.22495    ,  0.104231   ,  0.453592   ,  0.0309669  ,  0.0741326  ,  3.54047    ])
Iter time: 14.0156488419
Iter time: 20.2564201355
Iter time: 32.6352438927
135     , -15166.4    , array([ 0.00403257 ,  0.210441   ,  1.29992    ,  2.09563    ,  1.46223    ,  0.18209    ,  0.0857012  ,  0.4753     ,  0.015561   ,  0.0533934  ,  2.40077    ])
Iter time: 20.6963889599
Iter time: 33.3656377792
Iter time: 51.5783588886
136     , -15435.3    , array([ 0.00334798 ,  0.203991   ,  1.31274    ,  1.90858    ,  1.19469    ,  0.19244    ,  0.0903595  ,  0.470762   ,  0.0138217  ,  0.054372   ,  2.48535    ])
Iter time: 18.4627530575
Iter time: 31.3957099915
Iter time: 54.5652899742
137     , -14727.5    , array([ 0.0055317  ,  0.230323   ,  1.30178    ,  1.90408    ,  0.80118    ,  0.777009   ,  0.122836   ,  0.460001   ,  0.0223942  ,  0.0857283  ,  3.48926    ])
Iter time: 26.68405509
Iter time: 46.3518650532
Iter time: 82.4647271633
138     , -14278.1    , array([ 0.00399098 ,  0.203126   ,  1.32716    ,  1.86134    ,  0.774971   ,  0.423737   ,  0.132259   ,  0.461705   ,  0.0177358  ,  0.0780776  ,  3.17828    ])
Iter time: 52.1317698956
Iter time: 101.948937893
Iter time: 171.946017027
139     , -13950.3    , array([ 0.00321282 ,  0.18218    ,  1.35333    ,  1.72266    ,  0.505642   ,  0.508328   ,  0.179158   ,  0.456404   ,  0.0167755  ,  0.096814   ,  3.59522    ])
Iter time: 25.1983439922
Iter time: 40.3807001114
Iter time: 58.1026852131
140     , -15962.2    , array([ 0.00246492 ,  0.182787   ,  1.31933    ,  1.93915    ,  1.2882     ,  0.131224   ,  0.0975405  ,  0.477202   ,  0.0143792  ,  0.0534714  ,  2.30338    ])
Iter time: 12.1012790203
Iter time: 20.5575561523
Iter time: 32.2687828541
141     , -14745.3    , array([ 0.00616958 ,  0.239842   ,  1.30053    ,  2.00348    ,  1.04321    ,  0.539124   ,  0.10476    ,  0.461995   ,  0.0205017  ,  0.0704654  ,  3.12036    ])
Iter time: 31.577049017
Iter time: 59.0719959736
Iter time: 97.1047837734
142     , -14199.4    , array([ 0.00450339 ,  0.206439   ,  1.3306     ,  1.62602    ,  0.65983    ,  0.811743   ,  0.173769   ,  0.479004   ,  0.016753   ,  0.0978342  ,  3.42876    ])
Iter time: 14.6602730751
Iter time: 25.692494154
Iter time: 42.325316906
143     , -15256.5    , array([ 0.00681299 ,  0.236923   ,  1.30669    ,  1.94207    ,  0.858391   ,  0.941689   ,  0.142028   ,  0.465793   ,  0.0249926  ,  0.0914695  ,  3.55104    ])
Iter time: 39.1937289238
Iter time: 72.7205369473
Iter time: 126.827502012
144     , -14004.7    , array([ 0.00361322 ,  0.187939   ,  1.3268     ,  1.77581    ,  0.625021   ,  0.517717   ,  0.166331   ,  0.465937   ,  0.0148259  ,  0.086199   ,  3.38389    ])
Iter time: 27.0114619732
Iter time: 45.2387619019
Iter time: 70.1464560032
145     , -15469      , array([ 0.00301853 ,  0.193128   ,  1.31855    ,  1.85706    ,  1.02075    ,  0.200992   ,  0.102145   ,  0.470043   ,  0.0127061  ,  0.0577402  ,  2.58346    ])
Iter time: 16.2096118927
Iter time: 27.2937579155
Iter time: 46.559484005
146     , -14502.5    , array([ 0.00555843 ,  0.225122   ,  1.30965    ,  1.92046    ,  0.896382   ,  0.640067   ,  0.130793   ,  0.466852   ,  0.0211039  ,  0.0815318  ,  3.27957    ])
Iter time: 15.3728351593
Iter time: 27.9559030533
Iter time: 42.4548289776
148     , -14767.5    , array([ 0.0043392  ,  0.212819   ,  1.30669    ,  1.98704    ,  1.14419    ,  0.29801    ,  0.10357    ,  0.471208   ,  0.0168846  ,  0.0635022  ,  2.73509    ])
Iter time: 46.0108339787
Iter time: 86.6102671623
Iter time: 144.292010069
149     , -13910.9    , array([ 0.00345109 ,  0.197443   ,  1.33427    ,  1.67431    ,  0.536435   ,  0.744786   ,  0.209305   ,  0.440205   ,  0.0159069  ,  0.118106   ,  3.72598    ])
Iter time: 59.7534210682
Iter time: 114.179709196
Iter time: 192.672892094
151     , -13802.2    , array([ 0.0028583  ,  0.190657   ,  1.34577    ,  1.64431    ,  0.496966   ,  0.585934   ,  0.183503   ,  0.504854   ,  0.0135399  ,  0.0907371  ,  3.69244    ])
Iter time: 20.9093229771
Iter time: 36.0945050716
Iter time: 56.6272039413
154     , -14498.8    , array([ 0.0040221  ,  0.20821    ,  1.31426    ,  1.86576    ,  0.982831   ,  0.349892   ,  0.124731   ,  0.475136   ,  0.0166523  ,  0.0668226  ,  2.89687    ])
Iter time: 21.4403100014
Iter time: 37.3939020634
Iter time: 59.4741721153
156     , -14393.6    , array([ 0.00423874 ,  0.210619   ,  1.31466    ,  1.89322    ,  0.914171   ,  0.410063   ,  0.123031   ,  0.469887   ,  0.0170179  ,  0.0735512  ,  3.02292    ])
Iter time: 70.6570909023
Iter time: 132.759300947
Iter time: 229.390133142
157     , -13868      , array([ 0.00259557 ,  0.176924   ,  1.34786    ,  1.60743    ,  0.499244   ,  0.561884   ,  0.209937   ,  0.476704   ,  0.0138722  ,  0.103798   ,  3.55674    ])
Iter time: 46.5241379738
Iter time: 89.2761979103
Iter time: 150.063755989
158     , -15205.8    , array([ 0.00428509 ,  0.213121   ,  1.34154    ,  1.71253    ,  0.448024   ,  1.33053    ,  0.234668   ,  0.432285   ,  0.0198866  ,  0.124088   ,  3.99941    ])
Iter time: 25.3237938881
Iter time: 46.3043448925
Iter time: 71.9007940292
159     , -14297.3    , array([ 0.00370785 ,  0.19978    ,  1.32001    ,  1.80408    ,  0.830826   ,  0.392879   ,  0.12939    ,  0.485231   ,  0.0154755  ,  0.0757907  ,  3.12883    ])
Iter time: 63.1781580448
Iter time: 116.325346947
Iter time: 195.737245083
160     , -14197.4    , array([ 0.002545   ,  0.176298   ,  1.35644    ,  1.63489    ,  0.574583   ,  0.395749   ,  0.20462    ,  0.478522   ,  0.0118191  ,  0.0910167  ,  3.23964    ])
Iter time: 49.3813679218
Iter time: 91.1164131165
Iter time: 152.709148884
161     , -14197      , array([ 0.0028872  ,  0.160288   ,  1.34348    ,  1.57993    ,  0.57992    ,  0.334897   ,  0.182063   ,  0.502251   ,  0.0133224  ,  0.0839751  ,  3.31497    ])
Iter time: 98.0989789963
Iter time: 184.032415867
Iter time: 314.106480122
162     , -14359.9    , array([ 0.00203436 ,  0.160371   ,  1.36115    ,  1.52015    ,  0.45145    ,  0.37518    ,  0.216819   ,  0.484311   ,  0.0106496  ,  0.0959113  ,  3.42639    ])
Iter time: 95.9162139893
Iter time: 184.370926142
Iter time: 316.352894068
163     , -13584.4    , array([ 0.00248373 ,  0.16536    ,  1.36504    ,  1.50751    ,  0.357432   ,  0.695091   ,  0.251401   ,  0.477525   ,  0.0124429  ,  0.124971   ,  3.99928    ])
Iter time: 35.6638610363
Iter time: 61.4001140594
Iter time: 102.339400053
166     , -14118.6    , array([ 0.00357237 ,  0.195527   ,  1.32925    ,  1.76353    ,  0.705332   ,  0.460614   ,  0.152475   ,  0.473444   ,  0.0154302  ,  0.0839832  ,  3.24875    ])
Iter time: 22.6244552135
Iter time: 42.8048830032
Iter time: 70.6530818939
167     , -14283.4    , array([ 0.00493609 ,  0.212986   ,  1.32135    ,  1.82375    ,  0.711449   ,  0.740638   ,  0.154479   ,  0.467919   ,  0.0196616  ,  0.0935909  ,  3.52347    ])
Iter time: 84.1274712086
Iter time: 155.168437958
Iter time: 270.102751017
168     , -13622.4    , array([ 0.00285288 ,  0.172974   ,  1.36278    ,  1.53976    ,  0.375833   ,  0.793688   ,  0.267339   ,  0.463957   ,  0.0141323  ,  0.123068   ,  3.94281    ])
Iter time: 117.885847092
Iter time: 227.49675107
Iter time: 378.03531599
169     , -14187.8    , array([ 0.00193968 ,  0.156225   ,  1.36906    ,  1.47699    ,  0.390814   ,  0.426349   ,  0.2474     ,  0.480379   ,  0.0104752  ,  0.104748   ,  3.57352    ])
Iter time: 114.210968971
Iter time: 213.896110773
Iter time: 360.277039051
170     , -14436.3    , array([ 0.00182416 ,  0.153215   ,  1.36661    ,  1.6279     ,  0.383112   ,  0.346024   ,  0.234528   ,  0.469507   ,  0.0112879  ,  0.101457   ,  3.69994    ])
Iter time: 42.2294268608
Iter time: 84.6900970936
Iter time: 138.566684961
171     , -13874.6    , array([ 0.0035927  ,  0.191611   ,  1.33951    ,  1.62649    ,  0.575978   ,  0.655905   ,  0.187296   ,  0.476612   ,  0.0151783  ,  0.0987276  ,  3.49463    ])
Iter time: 54.1296107769
Iter time: 105.286900997
Iter time: 174.495601892
172     , -13818.3    , array([ 0.00343668 ,  0.182147   ,  1.33752    ,  1.61755    ,  0.440146   ,  0.778036   ,  0.19599    ,  0.469638   ,  0.0167445  ,  0.110681   ,  3.97024    ])
Iter time: 54.9929969311
Iter time: 105.44706893
Iter time: 172.57503891
174     , -13950      , array([ 0.00294533 ,  0.170468   ,  1.34494    ,  1.60461    ,  0.533307   ,  0.447921   ,  0.191585   ,  0.486465   ,  0.0138331  ,  0.0929662  ,  3.4764     ])
Iter time: 23.5546030998
Iter time: 45.2946400642
Iter time: 74.8341600895
175     , -14455.2    , array([ 0.00502153 ,  0.213749   ,  1.31984    ,  1.82546    ,  0.651251   ,  0.849402   ,  0.156824   ,  0.463205   ,  0.0207158  ,  0.098953   ,  3.70071    ])
Iter time: 85.3210580349
Iter time: 159.493276119
Iter time: 267.066140175
176     , -13919.2    , array([ 0.00246041 ,  0.168962   ,  1.35659    ,  1.55731    ,  0.444033   ,  0.506527   ,  0.220751   ,  0.476027   ,  0.0124222  ,  0.103269   ,  3.6049     ])
Iter time: 47.9010910988
Iter time: 85.4492478371
Iter time: 146.665868044
178     , -13939.8    , array([ 0.00328291 ,  0.187773   ,  1.33795    ,  1.69209    ,  0.584105   ,  0.528766   ,  0.176241   ,  0.472695   ,  0.0149287  ,  0.0933407  ,  3.45348    ])
Iter time: 93.6041719913
Iter time: 177.547713995
Iter time: 302.470048904
179     , -13579.9    , array([ 0.00247546 ,  0.172997   ,  1.36901    ,  1.47137    ,  0.369775   ,  0.714425   ,  0.252133   ,  0.479289   ,  0.0140886  ,  0.126672   ,  3.99748    ])
Iter time: 76.3440718651
Iter time: 152.014964104
Iter time: 250.839004993
181     , -13632.4    , array([ 0.00265508 ,  0.176795   ,  1.34499    ,  1.4739     ,  0.431796   ,  0.77407    ,  0.249085   ,  0.493671   ,  0.0120623  ,  0.118433   ,  3.83577    ])
Iter time: 62.7359941006
Iter time: 115.535564184
Iter time: 194.553288937
183     , -13806.5    , array([ 0.00291918 ,  0.175199   ,  1.34705    ,  1.59285    ,  0.494426   ,  0.543414   ,  0.20359    ,  0.480854   ,  0.0139406  ,  0.100878   ,  3.60912    ])
Iter time: 55.9237201214
Iter time: 106.346264839
Iter time: 183.545254946
185     , -13819.8    , array([ 0.00306552 ,  0.183299   ,  1.34396    ,  1.6312     ,  0.513532   ,  0.591155   ,  0.196552   ,  0.474368   ,  0.0144371  ,  0.101438   ,  3.60442    ])
Iter time: 52.1086668968
Iter time: 95.1242179871
Iter time: 164.364290953
186     , -13960.2    , array([ 0.00346621 ,  0.192317   ,  1.34114    ,  1.60128    ,  0.471362   ,  0.886901   ,  0.213121   ,  0.475765   ,  0.016127   ,  0.117295   ,  3.92575    ])
Iter time: 77.1312010288
Iter time: 142.860145807
Iter time: 237.792531013
187     , -13779.7    , array([ 0.00268052 ,  0.17452    ,  1.35271    ,  1.56819    ,  0.450713   ,  0.582667   ,  0.218819   ,  0.475962   ,  0.0132598  ,  0.106609   ,  3.68257    ])
Iter time: 99.772742033
Iter time: 187.620215893
Iter time: 325.671023846
188     , -13711.1    , array([ 0.00236023 ,  0.160923   ,  1.36698    ,  1.47177    ,  0.37801    ,  0.576849   ,  0.2266     ,  0.521838   ,  0.0121842  ,  0.100667   ,  3.7901     ])
Iter time: 59.8173751831
Iter time: 110.597086906
Iter time: 182.657752991
190     , -13772.3    , array([ 0.00314155 ,  0.183349   ,  1.34625    ,  1.59064    ,  0.499625   ,  0.651866   ,  0.20372    ,  0.479921   ,  0.0143919  ,  0.103847   ,  3.63727    ])
Iter time: 70.579390049
Iter time: 135.927014112
Iter time: 233.496337891
192     , -13770.7    , array([ 0.00269351 ,  0.176469   ,  1.35036    ,  1.58053    ,  0.465172   ,  0.607427   ,  0.215388   ,  0.480114   ,  0.0137818  ,  0.106483   ,  3.67318    ])
Iter time: 62.8536188602
Iter time: 121.759931087
Iter time: 210.788626909
194     , -13749.1    , array([ 0.00291005 ,  0.17931    ,  1.3487     ,  1.5899     ,  0.469665   ,  0.623817   ,  0.209278   ,  0.479199   ,  0.01403    ,  0.105497   ,  3.7009     ])
Iter time: 104.293608904
Iter time: 196.400453806
Iter time: 339.569550037
195     , -13818.3    , array([ 0.00215437 ,  0.168436   ,  1.37166    ,  1.47993    ,  0.424176   ,  0.535035   ,  0.256378   ,  0.500795   ,  0.0107504  ,  0.107822   ,  3.59083    ])
Iter time: 85.6766600609
Iter time: 166.408502102
Iter time: 286.546463966
196     , -13729.2    , array([ 0.00242117 ,  0.171764   ,  1.36305    ,  1.51319    ,  0.428113   ,  0.587539   ,  0.239728   ,  0.492817   ,  0.0120099  ,  0.108529   ,  3.68214    ])
Iter time: 97.2377951145
Iter time: 188.807518005
Iter time: 319.080832005
197     , -13599.6    , array([ 0.00245149 ,  0.174486   ,  1.36489    ,  1.48893    ,  0.367849   ,  0.77699    ,  0.254249   ,  0.491304   ,  0.0125674  ,  0.119883   ,  3.96454    ])
Iter time: 111.752887011
Iter time: 205.276985884
Iter time: 347.227118015
198     , -13533.9    , array([ 0.00243477 ,  0.157777   ,  1.36969    ,  1.41653    ,  0.346488   ,  0.758547   ,  0.299311   ,  0.465639   ,  0.0127651  ,  0.140205   ,  3.9255     ])
Iter time: 96.3292469978
Iter time: 179.046362877
Iter time: 309.157944918
200     , -13561.2    , array([ 0.00255126 ,  0.169233   ,  1.36576    ,  1.45807    ,  0.364208   ,  0.800276   ,  0.265714   ,  0.491939   ,  0.012945   ,  0.125424   ,  3.98201    ])
Iter time: 72.9621801376
Iter time: 137.014457941
Iter time: 228.250994921
202     , -13692.3    , array([ 0.00283927 ,  0.176865   ,  1.3536     ,  1.54476    ,  0.4435     ,  0.673432   ,  0.22433    ,  0.482441   ,  0.0136656  ,  0.110527   ,  3.74747    ])
Iter time: 79.6678891182
Iter time: 152.003770113
Iter time: 263.059293985
204     , -13685.9    , array([ 0.00263533 ,  0.173532   ,  1.35582    ,  1.53825    ,  0.427008   ,  0.653127   ,  0.231091   ,  0.482644   ,  0.0133676  ,  0.112111   ,  3.76936    ])
Iter time: 76.1879069805
Iter time: 148.354880095
Iter time: 246.173837185
206     , -13675.9    , array([ 0.00272689 ,  0.174663   ,  1.35531    ,  1.54048    ,  0.427213   ,  0.663263   ,  0.228818   ,  0.482341   ,  0.0134578  ,  0.1119     ,  3.78671    ])
Iter time: 88.9668140411
Iter time: 172.023435116
Iter time: 287.130330801
208     , -13653      , array([ 0.00250079 ,  0.171078   ,  1.36214    ,  1.50409    ,  0.407838   ,  0.647245   ,  0.244382   ,  0.488669   ,  0.0125159  ,  0.113654   ,  3.78191    ])
Iter time: 74.219630003
Iter time: 145.894978046
Iter time: 242.775674105
209     , -13790.4    , array([ 0.00285676 ,  0.182445   ,  1.35465    ,  1.52468    ,  0.404881   ,  0.899975   ,  0.277681   ,  0.444596   ,  0.0140314  ,  0.143859   ,  3.97944    ])
Iter time: 95.6137709618
Iter time: 183.373373032
Iter time: 312.936591148
210     , -13634.5    , array([ 0.00247562 ,  0.166053   ,  1.36389    ,  1.48482    ,  0.384556   ,  0.644695   ,  0.238414   ,  0.501353   ,  0.0126218  ,  0.110065   ,  3.83657    ])
Iter time: 83.1062810421
Iter time: 156.837294102
Iter time: 258.910983086
212     , -13646.3    , array([ 0.00269839 ,  0.173585   ,  1.35766    ,  1.51846    ,  0.413847   ,  0.695199   ,  0.237874   ,  0.482899   ,  0.0133189  ,  0.115308   ,  3.81901    ])
Iter time: 86.9020459652
Iter time: 161.763033152
Iter time: 274.205842018
214     , -13639.4    , array([ 0.00260247 ,  0.171944   ,  1.35886    ,  1.51437    ,  0.405502   ,  0.686584   ,  0.24175    ,  0.483012   ,  0.0131707  ,  0.116279   ,  3.83243    ])
Iter time: 83.0692341328
Iter time: 156.039004087
Iter time: 268.670938969
216     , -13633.8    , array([ 0.00264168 ,  0.172381   ,  1.35876    ,  1.51429    ,  0.404638   ,  0.692978   ,  0.24116    ,  0.482891   ,  0.0132022  ,  0.116373   ,  3.84333    ])
Iter time: 92.9405910969
Iter time: 172.389516115
Iter time: 292.498816013
218     , -13618.1    , array([ 0.0025361  ,  0.170662   ,  1.36203    ,  1.49675    ,  0.395215   ,  0.686687   ,  0.249076   ,  0.485786   ,  0.0127627  ,  0.117407   ,  3.84371    ])
Iter time: 88.1781549454
Iter time: 161.174468994
Iter time: 277.16518116
220     , -13618.6    , array([ 0.00262698 ,  0.171775   ,  1.35999    ,  1.5029     ,  0.397283   ,  0.711272   ,  0.246252   ,  0.48304    ,  0.0131403  ,  0.118355   ,  3.86365    ])
Iter time: 97.8280198574
Iter time: 185.823348999
Iter time: 312.931506157
221     , -13552.8    , array([ 0.0025175  ,  0.168014   ,  1.366      ,  1.4591     ,  0.357364   ,  0.776286   ,  0.269722   ,  0.483356   ,  0.0127551  ,  0.127331   ,  3.9926     ])
Iter time: 92.5561070442
Iter time: 181.06143117
Iter time: 302.312321901
223     , -13600.1    , array([ 0.0025192  ,  0.168089   ,  1.36325    ,  1.48447    ,  0.381336   ,  0.691867   ,  0.248126   ,  0.491367   ,  0.0127965  ,  0.116496   ,  3.88098    ])
Iter time: 88.4756441116
Iter time: 167.891281128
Iter time: 284.443085909
225     , -13607      , array([ 0.00259671 ,  0.171065   ,  1.36089    ,  1.49777    ,  0.390113   ,  0.717255   ,  0.249874   ,  0.482617   ,  0.0130689  ,  0.119793   ,  3.88612    ])
Iter time: 85.7947850227
Iter time: 159.217969894
Iter time: 275.586371899
227     , -13602.9    , array([ 0.00260065 ,  0.172982   ,  1.3547     ,  1.47874    ,  0.401137   ,  0.755438   ,  0.253983   ,  0.487473   ,  0.0125375  ,  0.120912   ,  3.88459    ])
Iter time: 106.897199154
Iter time: 205.255466938
Iter time: 332.351177931
228     , -13589.9    , array([ 0.00223657 ,  0.165612   ,  1.36471    ,  1.41902    ,  0.373907   ,  0.678713   ,  0.24855    ,  0.503908   ,  0.0117577  ,  0.12342    ,  3.91468    ])
Iter time: 89.2846300602
Iter time: 173.209204912
Iter time: 295.425464153
230     , -13598.7    , array([ 0.00255722 ,  0.170226   ,  1.36208    ,  1.48659    ,  0.384851   ,  0.720986   ,  0.252053   ,  0.48421    ,  0.0129491  ,  0.121005   ,  3.89837    ])
Iter time: 94.5794539452
Iter time: 174.91972208
Iter time: 301.860101938
232     , -13595.5    , array([ 0.00251355 ,  0.169654   ,  1.3631     ,  1.48309    ,  0.383385   ,  0.709987   ,  0.253631   ,  0.485513   ,  0.0127702  ,  0.120685   ,  3.8908     ])
Iter time: 105.926941156
Iter time: 197.961553097
Iter time: 334.571098089
233     , -13543.6    , array([ 0.00237588 ,  0.166024   ,  1.36787    ,  1.43928    ,  0.353433   ,  0.749906   ,  0.267673   ,  0.488406   ,  0.0124405  ,  0.12864    ,  3.99239    ])
Iter time: 92.3731131554
Iter time: 172.078102827
Iter time: 300.168122053
235     , -13584.3    , array([ 0.00253115 ,  0.170421   ,  1.36013    ,  1.47167    ,  0.383726   ,  0.744088   ,  0.256904   ,  0.486529   ,  0.0126393  ,  0.12286    ,  3.91652    ])
Iter time: 95.7168209553
Iter time: 177.409421921
Iter time: 308.19767499
237     , -13583.5    , array([ 0.00249173 ,  0.168099   ,  1.36427    ,  1.47394    ,  0.374242   ,  0.714452   ,  0.254326   ,  0.488249   ,  0.012762   ,  0.120887   ,  3.91632    ])
Iter time: 96.6088140011
Iter time: 185.335653067
Iter time: 309.59006691
238     , -13548.7    , array([ 0.00248507 ,  0.160869   ,  1.36559    ,  1.43582    ,  0.367862   ,  0.689929   ,  0.267289   ,  0.478532   ,  0.0129256  ,  0.131463   ,  3.93071    ])
Iter time: 93.9884769917
Iter time: 177.316998959
Iter time: 303.366546154
240     , -13580.4    , array([ 0.00250906 ,  0.168444   ,  1.36382    ,  1.47199    ,  0.375486   ,  0.725102   ,  0.257019   ,  0.484283   ,  0.0128457  ,  0.123717   ,  3.92438    ])
Iter time: 95.481883049
Iter time: 178.458889961
Iter time: 305.738887072
242     , -13578.7    , array([ 0.00248734 ,  0.168106   ,  1.36436    ,  1.46975    ,  0.374415   ,  0.72024    ,  0.257978   ,  0.484878   ,  0.0127601  ,  0.123692   ,  3.92209    ])
Iter time: 91.0062119961
Iter time: 172.675019026
Iter time: 287.821231127
243     , -13579.8    , array([ 0.0027617  ,  0.167993   ,  1.36648    ,  1.5046     ,  0.357676   ,  0.795078   ,  0.2789     ,  0.462103   ,  0.0140333  ,  0.130272   ,  3.99436    ])
Iter time: 98.3662378788
Iter time: 180.033386946
Iter time: 313.686630964
244     , -13555.2    , array([ 0.00253531 ,  0.168734   ,  1.36641    ,  1.41579    ,  0.374209   ,  0.795549   ,  0.280991   ,  0.484733   ,  0.0135536  ,  0.129631   ,  3.909      ])
Iter time: 101.265476942
Iter time: 194.175261021
Iter time: 329.984064102
245     , -13531.3    , array([ 0.00248855 ,  0.163426   ,  1.37249    ,  1.44009    ,  0.346978   ,  0.752253   ,  0.27949    ,  0.475442   ,  0.0135136  ,  0.133151   ,  3.9902     ])
Iter time: 97.0595979691
Iter time: 184.468229055
Iter time: 312.549380064
248     , -13566.7    , array([ 0.00250059 ,  0.167277   ,  1.36566    ,  1.46329    ,  0.368268   ,  0.732827   ,  0.262175   ,  0.484002   ,  0.0129483  ,  0.124893   ,  3.93805    ])
Iter time: 103.724445105
Iter time: 189.920040131
Iter time: 329.239464045
249     , -13528.5    , array([ 0.00250833 ,  0.164292   ,  1.37061    ,  1.43217    ,  0.348518   ,  0.780723   ,  0.285226   ,  0.475293   ,  0.0134549  ,  0.134804   ,  3.99829    ])
Iter time: 102.819485903
Iter time: 194.500082016
Iter time: 335.358878851
251     , -13526.1    , array([ 0.00254849 ,  0.158474   ,  1.3657     ,  1.42576    ,  0.350111   ,  0.805281   ,  0.297347   ,  0.479516   ,  0.0121657  ,  0.133157   ,  3.92532    ])
Iter time: 108.132413864
Iter time: 202.577250004
Iter time: 351.181156158
252     , -13511.6    , array([ 0.0025858  ,  0.151676   ,  1.36404    ,  1.40348    ,  0.340675   ,  0.854955   ,  0.32291    ,  0.47963    ,  0.0113051  ,  0.136522   ,  3.88974    ])
Iter time: 111.414243221
Iter time: 212.356178045
Iter time: 361.85254693
253     , -13526.4    , array([ 0.00225718 ,  0.16019    ,  1.36779    ,  1.37674    ,  0.358763   ,  0.733209   ,  0.276066   ,  0.500727   ,  0.011743   ,  0.130585   ,  3.90948    ])
Iter time: 106.226834059
Iter time: 204.579677105
Iter time: 354.639634132
254     , -13502.6    , array([ 0.00246229 ,  0.158684   ,  1.37053    ,  1.39273    ,  0.340073   ,  0.812025   ,  0.302156   ,  0.480006   ,  0.0127211  ,  0.138894   ,  3.97918    ])
Iter time: 108.012831926
Iter time: 201.826029062
Iter time: 351.544528961
256     , -13499.4    , array([ 0.00244238 ,  0.157949   ,  1.37012    ,  1.38637    ,  0.340779   ,  0.813109   ,  0.305091   ,  0.48015    ,  0.0124959  ,  0.140243   ,  3.97054    ])
Iter time: 113.014070034
Iter time: 216.428541183
Iter time: 372.829062939
257     , -13478.3    , array([ 0.00241379 ,  0.153481   ,  1.37236    ,  1.34943    ,  0.327813   ,  0.85649    ,  0.329115   ,  0.478235   ,  0.0122757  ,  0.148612   ,  3.98689    ])
Iter time: 112.450809002
Iter time: 212.115658045
Iter time: 368.995716095
258     , -13493.9    , array([ 0.00236989 ,  0.153374   ,  1.37122    ,  1.37188    ,  0.338045   ,  0.753825   ,  0.31297    ,  0.469983   ,  0.0123789  ,  0.144023   ,  3.92759    ])
Iter time: 100.540668964
Iter time: 186.059904099
Iter time: 321.141658068
260     , -13533.8    , array([ 0.00248917 ,  0.164163   ,  1.36766    ,  1.41303    ,  0.360688   ,  0.784147   ,  0.286057   ,  0.482103   ,  0.0130447  ,  0.132628   ,  3.93263    ])
Iter time: 114.943608046
Iter time: 219.269120216
Iter time: 372.489476204
261     , -13478.5    , array([ 0.00236751 ,  0.151191   ,  1.37216    ,  1.35515    ,  0.33878    ,  0.770957   ,  0.317801   ,  0.475424   ,  0.0124084  ,  0.145684   ,  3.90977    ])
Iter time: 117.070677996
Iter time: 228.486316919
Iter time: 385.057844877
262     , -13512.9    , array([ 0.00237736 ,  0.156135   ,  1.37376    ,  1.36272    ,  0.324221   ,  0.885148   ,  0.330946   ,  0.479648   ,  0.0121541  ,  0.143765   ,  3.96748    ])
Iter time: 112.840498924
Iter time: 219.671056032
Iter time: 366.501363993
263     , -13475.1    , array([ 0.00248691 ,  0.149607   ,  1.37254    ,  1.346      ,  0.332206   ,  0.839278   ,  0.34347    ,  0.468408   ,  0.0125748  ,  0.149919   ,  3.90174    ])
Iter time: 117.24755621
Iter time: 223.481417894
Iter time: 386.467849016
264     , -13456.8    , array([ 0.00254435 ,  0.142018   ,  1.37488    ,  1.30165    ,  0.322075   ,  0.887882   ,  0.389073   ,  0.458717   ,  0.0126424  ,  0.161843   ,  3.8572     ])
Iter time: 111.658143997
Iter time: 214.643208027
Iter time: 363.633196831
265     , -13473.5    , array([ 0.00244625 ,  0.154444   ,  1.37167    ,  1.34675    ,  0.334393   ,  0.853811   ,  0.322168   ,  0.489975   ,  0.0122335  ,  0.14119    ,  3.95559    ])
Iter time: 120.829269171
Iter time: 226.468772173
Iter time: 397.358621836
266     , -13448.2    , array([ 0.00238524 ,  0.146797   ,  1.37443    ,  1.33834    ,  0.316837   ,  0.838817   ,  0.34446    ,  0.474638   ,  0.0118323  ,  0.150962   ,  3.95259    ])
Iter time: 132.788223982
Iter time: 254.777992964
Iter time: 436.429932833
267     , -13408.8    , array([ 0.00233492 ,  0.138816   ,  1.37783    ,  1.3025     ,  0.296953   ,  0.867566   ,  0.377992   ,  0.470948   ,  0.0112691  ,  0.161059   ,  3.96261    ])
Iter time: 125.604918003
Iter time: 240.984338045
Iter time: 406.89350605
268     , -13445.6    , array([ 0.00235835 ,  0.143148   ,  1.37057    ,  1.28943    ,  0.320164   ,  0.897351   ,  0.372448   ,  0.480457   ,  0.0110507  ,  0.155663   ,  3.89066    ])
Iter time: 133.257745981
Iter time: 250.664415121
Iter time: 437.221067905
269     , -13420.4    , array([ 0.00231366 ,  0.138872   ,  1.37244    ,  1.27205    ,  0.313869   ,  0.886794   ,  0.383098   ,  0.481552   ,  0.0107087  ,  0.157829   ,  3.86357    ])
Iter time: 123.438172102
Iter time: 235.092540026
Iter time: 401.586807966
270     , -13506.3    , array([ 0.00258269 ,  0.138777   ,  1.37612    ,  1.30437    ,  0.297584   ,  0.977484   ,  0.420106   ,  0.453859   ,  0.0120659  ,  0.168639   ,  3.94286    ])
Iter time: 117.466647148
Iter time: 218.457854986
Iter time: 381.707823992
271     , -13413.6    , array([ 0.00248934 ,  0.139363   ,  1.37056    ,  1.30735    ,  0.324195   ,  0.824436   ,  0.365975   ,  0.469067   ,  0.0116423  ,  0.157689   ,  3.88082    ])
Iter time: 135.216348886
Iter time: 252.526292086
Iter time: 433.937847137
272     , -13392.7    , array([ 0.00227291 ,  0.141268   ,  1.38152    ,  1.25311    ,  0.305768   ,  0.847928   ,  0.383719   ,  0.46719    ,  0.0125838  ,  0.170464   ,  3.95674    ])
Iter time: 147.643692017
Iter time: 282.53372097
Iter time: 482.789433002
273     , -13337.6    , array([ 0.00213096 ,  0.136336   ,  1.39035    ,  1.18407    ,  0.28968    ,  0.844437   ,  0.418292   ,  0.461092   ,  0.0132764  ,  0.190479   ,  3.99067    ])
Iter time: 117.809406996
Iter time: 221.69499898
Iter time: 376.487069845
274     , -13491.8    , array([ 0.00219747 ,  0.153901   ,  1.37196    ,  1.32481    ,  0.348336   ,  0.72217    ,  0.294709   ,  0.495139   ,  0.011997   ,  0.141089   ,  3.91199    ])
Iter time: 137.829331875
Iter time: 269.480856895
Iter time: 457.711517096
275     , -13371.4    , array([ 0.00225773 ,  0.133847   ,  1.37782    ,  1.22953    ,  0.306148   ,  0.85098    ,  0.407898   ,  0.470817   ,  0.0112586  ,  0.171793   ,  3.8643     ])
Iter time: 138.970579863
Iter time: 257.134145975
Iter time: 451.216130018
276     , -13397.3    , array([ 0.00232517 ,  0.135094   ,  1.37833    ,  1.2236     ,  0.302484   ,  0.937112   ,  0.413236   ,  0.481013   ,  0.0113719  ,  0.171073   ,  3.90351    ])
Iter time: 134.442586899
Iter time: 252.053030968
Iter time: 435.410890102
277     , -13499.8    , array([ 0.00253349 ,  0.131479   ,  1.37875    ,  1.2489     ,  0.286111   ,  1.02564    ,  0.466658   ,  0.454179   ,  0.0116203  ,  0.180857   ,  3.91754    ])
Iter time: 124.746990919
Iter time: 235.901196003
Iter time: 393.918075085
278     , -13441.8    , array([ 0.00227705 ,  0.14796    ,  1.37365    ,  1.30541    ,  0.331613   ,  0.788367   ,  0.330594   ,  0.484565   ,  0.0119017  ,  0.150125   ,  3.91337    ])
Iter time: 139.633869886
Iter time: 268.481849909
Iter time: 444.986753941
279     , -13403.5    , array([ 0.00233494 ,  0.133311   ,  1.37882    ,  1.21267    ,  0.293039   ,  0.964646   ,  0.435866   ,  0.474653   ,  0.0111501  ,  0.176111   ,  3.92041    ])
Iter time: 147.932789087
Iter time: 281.20499301
Iter time: 477.197128057
280     , -13342.2    , array([ 0.00227637 ,  0.128      ,  1.3798     ,  1.19437    ,  0.296731   ,  0.887291   ,  0.442938   ,  0.471218   ,  0.0110754  ,  0.178054   ,  3.83285    ])
Iter time: 156.634483099
Iter time: 298.319018126
Iter time: 512.017251968
281     , -13326.7    , array([ 0.00221697 ,  0.122933   ,  1.38197    ,  1.17091    ,  0.28464    ,  0.896322   ,  0.479453   ,  0.456676   ,  0.0109144  ,  0.195488   ,  3.8411     ])
Iter time: 179.44072485
Iter time: 354.963485956
Iter time: 596.577063084
282     , -13263.4    , array([ 0.00211052 ,  0.109677   ,  1.38715    ,  1.0918     ,  0.262613   ,  0.918364   ,  0.584895   ,  0.440885   ,  0.0103092  ,  0.230026   ,  3.7851     ])
Iter time: 166.381610155
Iter time: 306.2450881
Iter time: 527.348732948
283     , -13309.9    , array([ 0.00206026 ,  0.127552   ,  1.38097    ,  1.17337    ,  0.284761   ,  0.867233   ,  0.427551   ,  0.48429    ,  0.0101768  ,  0.181798   ,  3.92559    ])
Iter time: 157.423012972
Iter time: 300.837870121
Iter time: 514.637600183
284     , -13297.6    , array([ 0.00216881 ,  0.123919   ,  1.38723    ,  1.16434    ,  0.280422   ,  0.852772   ,  0.457982   ,  0.463045   ,  0.0114695  ,  0.194426   ,  3.89816    ])
Iter time: 167.528958082
Iter time: 320.267850876
Iter time: 556.990083933
285     , -13309.8    , array([ 0.00222644 ,  0.116085   ,  1.38659    ,  1.12642    ,  0.262611   ,  0.984617   ,  0.547466   ,  0.455344   ,  0.0105781  ,  0.211302   ,  3.87279    ])
Iter time: 160.630930901
Iter time: 309.240041971
Iter time: 536.133687019
286     , -13267.6    , array([ 0.00217595 ,  0.119717   ,  1.3904     ,  1.13069    ,  0.268606   ,  0.892146   ,  0.504117   ,  0.453554   ,  0.0117303  ,  0.211938   ,  3.92441    ])
Iter time: 192.852570057
Iter time: 371.575248957
Iter time: 638.595472097
287     , -13258.4    , array([ 0.00197352 ,  0.116045   ,  1.39596    ,  1.0715     ,  0.251307   ,  0.973497   ,  0.559343   ,  0.462787   ,  0.0108044  ,  0.223842   ,  3.91491    ])
Iter time: 234.923498154
Iter time: 466.324516058
Iter time: 800.925707102
288     , -13208      , array([ 0.00175719 ,  0.105892   ,  1.40883    ,  0.97005    ,  0.221261   ,  1.05785    ,  0.691499   ,  0.459678   ,  0.0104083  ,  0.266693   ,  3.93207    ])
Iter time: 193.171602964
Iter time: 367.289675951
Iter time: 628.939028025
289     , -13214.3    , array([ 0.00199805 ,  0.110906   ,  1.39422    ,  1.01939    ,  0.26007    ,  0.959063   ,  0.604421   ,  0.458913   ,  0.0110022  ,  0.240205   ,  3.82871    ])
Iter time: 194.761044979
Iter time: 369.057715893
Iter time: 642.158250093
290     , -13228.7    , array([ 0.00194223 ,  0.111686   ,  1.39603    ,  1.06088    ,  0.257886   ,  0.861635   ,  0.556269   ,  0.452548   ,  0.0110925  ,  0.232427   ,  3.85331    ])
Iter time: 205.707758904
Iter time: 406.018285036
Iter time: 696.867624044
291     , -13195.8    , array([ 0.0018876  ,  0.106464   ,  1.39977    ,  1.02446    ,  0.242692   ,  0.873513   ,  0.619313   ,  0.441639   ,  0.0108272  ,  0.252985   ,  3.86089    ])
Iter time: 250.993838072
Iter time: 494.301434994
Iter time: 851.170577049
292     , -13140      , array([ 0.00170074 ,  0.0945121  ,  1.41062    ,  0.937399   ,  0.217387   ,  0.84335    ,  0.75817    ,  0.423177   ,  0.0105647  ,  0.307646   ,  3.83975    ])
Iter time: 227.632651091
Iter time: 436.172939062
Iter time: 758.355226994
293     , -13142.2    , array([ 0.00184639 ,  0.100868   ,  1.4063     ,  0.97046    ,  0.225316   ,  0.960351   ,  0.702271   ,  0.442536   ,  0.0108104  ,  0.280078   ,  3.89554    ])
Iter time: 239.681686163
Iter time: 459.222134113
Iter time: 784.253038883
294     , -13130.2    , array([ 0.00176287 ,  0.101005   ,  1.40914    ,  0.96202    ,  0.221116   ,  0.934396   ,  0.703244   ,  0.437139   ,  0.0109409  ,  0.293428   ,  3.93912    ])
Iter time: 290.032099009
Iter time: 571.891058922
Iter time: 981.336970091
295     , -13032.3    , array([ 0.00155135 ,  0.089724   ,  1.42405    ,  0.863388   ,  0.190875   ,  0.958878   ,  0.886109   ,  0.421036   ,  0.0108743  ,  0.376684   ,  3.99335    ])
Iter time: 170.617611885
Iter time: 330.8684659
Iter time: 569.18203187
297     , -13269.7    , array([ 0.00203651 ,  0.122161   ,  1.39389    ,  1.11054    ,  0.267282   ,  0.881946   ,  0.499943   ,  0.455575   ,  0.0119799  ,  0.215227   ,  3.93792    ])
Iter time: 246.45656991
Iter time: 472.68837595
Iter time: 822.357344866
298     , -13114.2    , array([ 0.00183468 ,  0.0932007  ,  1.41649    ,  0.915386   ,  0.211135   ,  0.981354   ,  0.859184   ,  0.413746   ,  0.0118283  ,  0.335455   ,  3.84872    ])
Iter time: 252.981850147
Iter time: 494.995384932
Iter time: 847.909307003
299     , -13121.4    , array([ 0.00163904 ,  0.0983994  ,  1.41623    ,  0.918237   ,  0.22004    ,  0.863837   ,  0.728291   ,  0.432449   ,  0.0116131  ,  0.313918   ,  3.89678    ])
Iter time: 297.369966984
Iter time: 569.737362862
Iter time: 979.45777607
300     , -13053.5    , array([ 0.00159906 ,  0.0883939  ,  1.42091    ,  0.850797   ,  0.197176   ,  0.999734   ,  0.9472     ,  0.420004   ,  0.0107347  ,  0.372217   ,  3.87116    ])
Iter time: 296.552758932
Iter time: 574.175282955
Iter time: 984.068544149
301     , -13035.5    , array([ 0.00162969 ,  0.0845434  ,  1.41907    ,  0.849832   ,  0.195737   ,  0.98895    ,  0.974603   ,  0.420627   ,  0.0100743  ,  0.371456   ,  3.82019    ])
Iter time: 353.218078136
Iter time: 676.87616396
Iter time: 1163.48455596
302     , -12999.6    , array([ 0.00144716 ,  0.080982   ,  1.42792    ,  0.792459   ,  0.183882   ,  0.996126   ,  1.08961    ,  0.416752   ,  0.0100079  ,  0.417738   ,  3.81462    ])
Iter time: 349.811523199
Iter time: 675.696336031
Iter time: 1171.96514106
304     , -12950.4    , array([ 0.00139309 ,  0.0836527  ,  1.43882    ,  0.774241   ,  0.176277   ,  0.982095   ,  1.0516     ,  0.424361   ,  0.0113262  ,  0.428992   ,  3.96061    ])
Iter time: 365.280876875
Iter time: 710.657129049
Iter time: 1217.05022597
306     , -12974.3    , array([ 0.00142505 ,  0.0779425  ,  1.43754    ,  0.75246    ,  0.167511   ,  1.07196    ,  1.24145    ,  0.408619   ,  0.0105664  ,  0.474606   ,  3.90998    ])
Iter time: 407.806798935
Iter time: 787.819667816
Iter time: 1375.09175611
307     , -12920.2    , array([ 0.00130268 ,  0.0736151  ,  1.44743    ,  0.741029   ,  0.153336   ,  0.982746   ,  1.30229    ,  0.394536   ,  0.0105752  ,  0.51977    ,  3.95015    ])
Iter time: 378.050912857
Iter time: 724.988044977
Iter time: 1235.56175494
309     , -12950.8    , array([ 0.00140279 ,  0.0721687  ,  1.43948    ,  0.741506   ,  0.168607   ,  0.879124   ,  1.27715    ,  0.383086   ,  0.0112109  ,  0.528532   ,  3.84953    ])
Iter time: 432.468090057
Iter time: 834.092450142
Iter time: 1440.50065494
310     , -12904.2    , array([ 0.00126996 ,  0.0712888  ,  1.44821    ,  0.705803   ,  0.15707    ,  0.95294    ,  1.40201    ,  0.387624   ,  0.0108656  ,  0.56487    ,  3.87723    ])
Iter time: 580.12707305
Iter time: 1112.05935001
Iter time: 1912.84246516
311     , -12811.2    , array([ 0.00105323 ,  0.0599315  ,  1.46963    ,  0.601916   ,  0.131143   ,  0.949256   ,  1.98096    ,  0.362779   ,  0.0108933  ,  0.8022     ,  3.86811    ])
Iter time: 439.840585947
Iter time: 856.047086954
Iter time: 1469.24042797
312     , -12916.1    , array([ 0.00126367 ,  0.0700357  ,  1.45456    ,  0.67415    ,  0.148506   ,  1.10874    ,  1.54642    ,  0.394164   ,  0.0111803  ,  0.612145   ,  3.93884    ])
Iter time: 485.554123163
Iter time: 929.162600994
Iter time: 1592.23070693
313     , -12909.8    , array([ 0.00125068 ,  0.063236   ,  1.45585    ,  0.650619   ,  0.136594   ,  1.1327     ,  1.84607    ,  0.379266   ,  0.0101011  ,  0.677367   ,  3.88878    ])
Iter time: 306.912271976
Iter time: 600.640465021
Iter time: 1019.67505789
315     , -13024.4    , array([ 0.00159276 ,  0.0842445  ,  1.42794    ,  0.828195   ,  0.187571   ,  0.9917     ,  1.03343    ,  0.407727   ,  0.0112376  ,  0.406069   ,  3.87251    ])
Iter time: 482.296728849
Iter time: 937.101222992
Iter time: 1715.38416195
316     , -12828.2    , array([ 0.00119482 ,  0.0650294  ,  1.45962    ,  0.656704   ,  0.139556   ,  1.00311    ,  1.65724    ,  0.382307   ,  0.0107071  ,  0.659488   ,  3.92213    ])
Iter time: 542.322062016
Iter time: 1020.3115809
Iter time: 1745.92442584
317     , -12809.2    , array([ 0.00110804 ,  0.0648233  ,  1.46901    ,  0.627344   ,  0.132195   ,  1.01667    ,  1.77385    ,  0.375168   ,  0.0115361  ,  0.733538   ,  3.99355    ])
Iter time: 578.813000917
Iter time: 1120.94834495
Iter time: 1914.52073479
319     , -12782.5    , array([ 0.0010949  ,  0.0575749  ,  1.47218    ,  0.58266    ,  0.126804   ,  1.05977    ,  2.21342    ,  0.367026   ,  0.0108029  ,  0.816543   ,  3.82041    ])
Iter time: 369.207525015
Iter time: 718.719957113
Iter time: 1232.03544188
322     , -12947.8    , array([ 0.00141644 ,  0.076479   ,  1.43989    ,  0.754275   ,  0.167813   ,  1.00287    ,  1.24541    ,  0.39844    ,  0.0110165  ,  0.489868   ,  3.88679    ])
Iter time: 398.195688009
Iter time: 769.201500893
Iter time: 1318.523561
324     , -12932.2    , array([ 0.00134883 ,  0.0747888  ,  1.44042    ,  0.736168   ,  0.165465   ,  1.00541    ,  1.28661    ,  0.402003   ,  0.0104418  ,  0.500467   ,  3.86091    ])
Iter time: 540.654499054
Iter time: 1058.07719493
Iter time: 2077.99162698
325     , -12809.9    , array([ 0.00109806 ,  0.0607481  ,  1.46924    ,  0.619074   ,  0.132048   ,  0.94954    ,  1.87129    ,  0.366907   ,  0.0112084  ,  0.764803   ,  3.89661    ])
Iter time: 566.898936033
Iter time: 1092.08379102
Iter time: 1884.74207592
326     , -12887.8    , array([ 0.0010669  ,  0.063585   ,  1.47272    ,  0.607941   ,  0.125488   ,  1.17415    ,  1.94981    ,  0.388303   ,  0.0105636  ,  0.734496   ,  3.96655    ])
Iter time: 644.396631002
Iter time: 1242.69116211
Iter time: 2135.2037909
327     , -12787.7    , array([ 0.00102346 ,  0.0521873  ,  1.47965    ,  0.557194   ,  0.112835   ,  1.08574    ,  2.64932    ,  0.344921   ,  0.0103244  ,  0.997868   ,  3.85636    ])
Iter time: 438.370917082
Iter time: 867.487962961
Iter time: 1445.58574414
329     , -12887.3    , array([ 0.00128143 ,  0.0698615  ,  1.45125    ,  0.694236   ,  0.15109    ,  1.02131    ,  1.49212    ,  0.38788    ,  0.0108825  ,  0.584743   ,  3.89606    ])
Iter time: 444.813246965
Iter time: 879.001418829
Iter time: 1503.85831189
331     , -12877.1    , array([ 0.00124757 ,  0.0688715  ,  1.45202    ,  0.684027   ,  0.149411   ,  1.02334    ,  1.52685    ,  0.388978   ,  0.0106147  ,  0.595231   ,  3.88467    ])
Iter time: 635.063796043
Iter time: 1226.74675798
Iter time: 2121.75254822
332     , -12769.6    , array([ 0.00101413 ,  0.0539832  ,  1.48101    ,  0.537258   ,  0.118149   ,  1.1121     ,  2.59504    ,  0.358125   ,  0.0110178  ,  0.988292   ,  3.85568    ])
Iter time: 631.86350894
Iter time: 1221.14434409
Iter time: 2100.83613515
334     , -12759.9    , array([ 0.00100444 ,  0.054119   ,  1.47859    ,  0.566682   ,  0.117023   ,  0.986267   ,  2.40104    ,  0.352268   ,  0.0103937  ,  0.915517   ,  3.85178    ])
Iter time: 498.690140963
Iter time: 974.278129101
Iter time: 1673.58727503
337     , -12841.7    , array([ 0.00117526 ,  0.061955   ,  1.46221    ,  0.630174   ,  0.13325    ,  1.08151    ,  1.90873    ,  0.374672   ,  0.0104485  ,  0.721921   ,  3.89023    ])
Iter time: 509.250226974
Iter time: 978.319364071
Iter time: 1715.96232414
338     , -12846      , array([ 0.00116348 ,  0.0576727  ,  1.46258    ,  0.616827   ,  0.136127   ,  0.894699   ,  1.9898     ,  0.350531   ,  0.0110359  ,  0.803447   ,  3.80476    ])
Iter time: 486.270593166
Iter time: 954.057510853
Iter time: 1632.45219994
340     , -12838.3    , array([ 0.00118963 ,  0.0644786  ,  1.45994    ,  0.648524   ,  0.139861   ,  1.01699    ,  1.73694    ,  0.376552   ,  0.0108466  ,  0.679973   ,  3.88624    ])
Iter time: 505.992654085
Iter time: 969.957095861
Iter time: 1674.64831495
342     , -12832.3    , array([ 0.00117127 ,  0.0638286  ,  1.46068    ,  0.64218    ,  0.138665   ,  1.01771    ,  1.76736    ,  0.376528   ,  0.0107229  ,  0.690207   ,  3.88063    ])
Iter time: 582.345715046
Iter time: 1146.02142596
Iter time: 1971.81613207
343     , -12869.4    , array([ 0.00104057 ,  0.0618043  ,  1.47591    ,  0.593606   ,  0.12207    ,  1.17207    ,  2.05844    ,  0.383938   ,  0.0105767  ,  0.77552    ,  3.96399    ])
Iter time: 539.050210953
Iter time: 1038.08462596
Iter time: 1782.63898802
344     , -12807.8    , array([ 0.00113146 ,  0.058679   ,  1.4659     ,  0.610938   ,  0.132468   ,  0.957186   ,  2.00674    ,  0.3586     ,  0.0109192  ,  0.796372   ,  3.84395    ])
