==========================================
SLURM_JOB_ID = 18981510
SLURM_NODELIST = c8-73
==========================================
Module slurm/17.11.5 loaded 
Module openmpi/3.0.1 loaded 
Module gcc/7.3.0 loaded 
Module python/2.7.6 loaded 
Module numpy/1.11.1 loaded 
Module dadi/1.7.0 loaded 
Module matplotlib/2.0 loaded 
Module scipy/0.18.0 loaded 
Beginning. Call:
/home/hemstrow/monarch/github/F-H_2018/DADI/demographic_models/run_3d_mods.py /home/hemstrow/monarch/github/F-H_2018/Data/dadi_inputs/ dadi_snps_10kgap.txt 1st_folded_optim_10kgap_snps_dadi_out.txt lgrowth_p2 10 [NAM,GUA,HAW] True 3 [0.1,0.1,0.5,1,5,5,.1,.1,.1,.1,2] [1,1,5,10,20,20,10,10,10,10,4] [1e-3,1e-3,1e-3,1e-3,0.01,0.01,0.01,0.01,0.01,0.01,1] [150,15,15] fmin

Ready to begin run. Parameters:

Model:
lgrowth_p2
Maxiters:
10
Pops:
['NAM', 'GUA', 'HAW']
Projection:
[150, 15, 15]
Number of segregating sites in projected sfs:
9454.98941724
Folding spectra:
True
Level of parm folding:
3
Optimizer:
fmin
p0:
[ 0.62238467  0.07184274  1.90223842  0.34192312  5.42710344  2.4432555
  0.16425143  0.0215564   0.01314229  0.48281718  3.96      ]
Upper Bounds:
[1.0, 1.0, 5.0, 10.0, 20.0, 20.0, 10.0, 10.0, 10.0, 10.0, 4.0]
Lower Bounds:
[0.001, 0.001, 0.001, 0.001, 0.01, 0.01, 0.01, 0.01, 0.01, 0.01, 1.0]

Beginning optimization ************************************************
optimize_log_fmin.
Iter time: 39.5507159233
Iter time: 76.4458978176
Iter time: 131.656316996
1       , -23170.1    , array([ 0.622385   ,  0.0718427  ,  1.90224    ,  0.341923   ,  5.4271     ,  2.44326    ,  0.164251   ,  0.0215564  ,  0.0131423  ,  0.482817   ,  3.96       ])
Iter time: 39.5725500584
Iter time: 76.5554919243
Iter time: 131.631144047
2       , -23170.1    , array([ 0.607802   ,  0.0718427  ,  1.90224    ,  0.341923   ,  5.4271     ,  2.44326    ,  0.164251   ,  0.0215564  ,  0.0131423  ,  0.482817   ,  3.96       ])
Iter time: 42.7047708035
Iter time: 82.3629209995
Iter time: 142.08980298
3       , -23169.8    , array([ 0.622385   ,  0.0629799  ,  1.90224    ,  0.341923   ,  5.4271     ,  2.44326    ,  0.164251   ,  0.0215564  ,  0.0131423  ,  0.482817   ,  3.96       ])
Iter time: 39.3635749817
Iter time: 76.1043431759
Iter time: 131.086311102
4       , -23175.6    , array([ 0.622385   ,  0.0718427  ,  1.96439    ,  0.341923   ,  5.4271     ,  2.44326    ,  0.164251   ,  0.0215564  ,  0.0131423  ,  0.482817   ,  3.96       ])
Iter time: 40.2723889351
Iter time: 77.7775211334
Iter time: 133.938757896
5       , -23158.3    , array([ 0.622385   ,  0.0718427  ,  1.90224    ,  0.32406    ,  5.4271     ,  2.44326    ,  0.164251   ,  0.0215564  ,  0.0131423  ,  0.482817   ,  3.96       ])
Iter time: 39.634786129
Iter time: 76.5868799686
Iter time: 131.687782049
6       , -23283.4    , array([ 0.622385   ,  0.0718427  ,  1.90224    ,  0.341923   ,  5.90604    ,  2.44326    ,  0.164251   ,  0.0215564  ,  0.0131423  ,  0.482817   ,  3.96       ])
Iter time: 41.2811460495
Iter time: 79.9748289585
Iter time: 137.436458111
7       , -23256.6    , array([ 0.622385   ,  0.0718427  ,  1.90224    ,  0.341923   ,  5.4271     ,  2.55486    ,  0.164251   ,  0.0215564  ,  0.0131423  ,  0.482817   ,  3.96       ])
Iter time: 39.500617981
Iter time: 76.3781759739
Iter time: 131.507902861
8       , -23300.6    , array([ 0.622385   ,  0.0718427  ,  1.90224    ,  0.341923   ,  5.4271     ,  2.44326    ,  0.150067   ,  0.0215564  ,  0.0131423  ,  0.482817   ,  3.96       ])
Iter time: 39.4556717873
Iter time: 76.499078989
Iter time: 131.655201912
9       , -23473.7    , array([ 0.622385   ,  0.0718427  ,  1.90224    ,  0.341923   ,  5.4271     ,  2.44326    ,  0.164251   ,  0.0177932  ,  0.0131423  ,  0.482817   ,  3.96       ])
Iter time: 39.5377509594
Iter time: 76.5074670315
Iter time: 131.524311066
10      , -23205.2    , array([ 0.622385   ,  0.0718427  ,  1.90224    ,  0.341923   ,  5.4271     ,  2.44326    ,  0.164251   ,  0.0215564  ,  0.0105829  ,  0.482817   ,  3.96       ])
Iter time: 39.5857739449
Iter time: 76.4209671021
Iter time: 131.545539856
11      , -23187.1    , array([ 0.622385   ,  0.0718427  ,  1.90224    ,  0.341923   ,  5.4271     ,  2.44326    ,  0.164251   ,  0.0215564  ,  0.0131423  ,  0.465556   ,  3.96       ])
Iter time: 40.4648292065
Iter time: 78.2375941277
Iter time: 134.74415493
13      , -23295.6    , array([ 0.619707   ,  0.0701433  ,  1.91339    ,  0.338604   ,  5.5112     ,  2.46318    ,  0.161576   ,  0.0208174  ,  0.0126348  ,  0.479632   ,  3.69667    ])
Iter time: 40.6601140499
Iter time: 78.5997610092
Iter time: 135.576956034
14      , -22948.5    , array([ 0.619222   ,  0.0698387  ,  1.91543    ,  0.338003   ,  5.52663    ,  2.46682    ,  0.161095   ,  0.0259503  ,  0.0125446  ,  0.479055   ,  3.91076    ])
Iter time: 41.2717170715
Iter time: 79.9413440228
Iter time: 137.266119957
15      , -22677.3    , array([ 0.617647   ,  0.0688577  ,  1.92205    ,  0.33606    ,  5.57707    ,  2.47868    ,  0.159539   ,  0.0313391  ,  0.0122561  ,  0.477185   ,  3.88638    ])
Iter time: 40.9658360481
Iter time: 79.2142860889
Iter time: 136.436830997
16      , -23014.4    , array([ 0.618362   ,  0.0693019  ,  1.91904    ,  0.336942   ,  5.55409    ,  2.47328    ,  0.178295   ,  0.0229282  ,  0.0123864  ,  0.478034   ,  3.89744    ])
Iter time: 40.3820040226
Iter time: 78.1212608814
Iter time: 134.400886059
18      , -23214.8    , array([ 0.619977   ,  0.0703132  ,  1.91226    ,  0.338937   ,  5.50264    ,  2.46116    ,  0.163301   ,  0.0216076  ,  0.0126852  ,  0.479953   ,  3.82004    ])
Iter time: 41.187789917
Iter time: 79.733371973
Iter time: 137.042414904
19      , -22976      , array([ 0.617682   ,  0.06888    ,  1.9219     ,  0.336105   ,  5.04556    ,  2.47841    ,  0.165665   ,  0.0233444  ,  0.0122626  ,  0.477227   ,  3.90944    ])
Iter time: 39.4130048752
Iter time: 76.2019269466
Iter time: 131.139694929
20      , -22951.7    , array([ 0.616831   ,  0.0683546  ,  1.9255     ,  0.335057   ,  5.41854    ,  2.35709    ,  0.165923   ,  0.0236851  ,  0.0121091  ,  0.476218   ,  3.90032    ])
Iter time: 40.2899010181
Iter time: 77.9106609821
Iter time: 134.239624977
22      , -23147.6    , array([ 0.619646   ,  0.0701049  ,  1.91365    ,  0.338528   ,  5.45876    ,  2.45275    ,  0.164309   ,  0.0221885  ,  0.0126234  ,  0.479559   ,  3.87832    ])
Iter time: 41.1119520664
Iter time: 79.5930960178
Iter time: 137.025264025
23      , -22938.2    , array([ 0.615767   ,  0.0677023  ,  1.93001    ,  0.333751   ,  5.4091     ,  2.4472     ,  0.166415   ,  0.0242106  ,  0.0153968  ,  0.474957   ,  3.90029    ])
Iter time: 41.4672780037
Iter time: 80.1555559635
Iter time: 137.998647928
24      , -22913.2    , array([ 0.614572   ,  0.0669755  ,  1.93511    ,  0.332286   ,  5.40584    ,  2.44792    ,  0.166811   ,  0.0247272  ,  0.0127605  ,  0.494361   ,  3.88953    ])
Iter time: 41.9663009644
Iter time: 81.2635140419
Iter time: 139.851921082
25      , -22877.5    , array([ 0.613162   ,  0.0661266  ,  1.86877    ,  0.330563   ,  5.40198    ,  2.44877    ,  0.167281   ,  0.0253519  ,  0.0126922  ,  0.478739   ,  3.87685    ])
Iter time: 42.2401921749
Iter time: 81.8847429752
Iter time: 140.808872938
26      , -22829      , array([ 0.611499   ,  0.0651373  ,  1.92361    ,  0.328539   ,  5.39742    ,  2.44977    ,  0.167838   ,  0.0261106  ,  0.0126121  ,  0.478001   ,  3.86192    ])
Iter time: 42.8575899601
Iter time: 82.9639010429
Iter time: 142.666888952
27      , -22765.5    , array([ 0.626862   ,  0.0639872  ,  1.92752    ,  0.326162   ,  5.39204    ,  2.45096    ,  0.168498   ,  0.0270365  ,  0.012518   ,  0.477131   ,  3.84435    ])
Iter time: 39.9959971905
Iter time: 77.1521129608
Iter time: 133.259196043
28      , -22692.5    , array([ 0.612972   ,  0.0732026  ,  1.93215    ,  0.323375   ,  5.38569    ,  2.45236    ,  0.169282   ,  0.0281733  ,  0.0124077  ,  0.476104   ,  3.82368    ])
Iter time: 42.1278181076
Iter time: 81.485970974
Iter time: 140.305958033
29      , -22616.9    , array([ 0.611276   ,  0.0643912  ,  1.93764    ,  0.34107    ,  5.3782     ,  2.45402    ,  0.170214   ,  0.0295785  ,  0.0122787  ,  0.474894   ,  3.79941    ])
Iter time: 43.1612439156
Iter time: 83.536386013
Iter time: 143.928045988
30      , -22340.2    , array([ 0.605797   ,  0.0609605  ,  1.95559    ,  0.349907   ,  5.35391    ,  2.45942    ,  0.173275   ,  0.0346478  ,  0.0118684  ,  0.470981   ,  3.72157    ])
Iter time: 42.4616630077
Iter time: 82.2888429165
Iter time: 142.016597986
31      , -22483.4    , array([ 0.61146    ,  0.0643316  ,  1.9337     ,  0.328462   ,  5.32819    ,  2.44573    ,  0.171805   ,  0.0311612  ,  0.0126408  ,  0.476553   ,  3.85044    ])
Iter time: 42.0926170349
Iter time: 81.3870370388
Iter time: 140.258466005
32      , -22512.6    , array([ 0.61148    ,  0.0642024  ,  1.93094    ,  0.328481   ,  5.19735    ,  2.42049    ,  0.157265   ,  0.031886   ,  0.0129304  ,  0.477804   ,  3.8231     ])
Iter time: 42.1258490086
Iter time: 81.5220761299
Iter time: 140.308428049
33      , -22476.7    , array([ 0.611031   ,  0.063775   ,  1.92971    ,  0.327929   ,  5.75209    ,  2.40511    ,  0.167661   ,  0.0331442  ,  0.0131875  ,  0.478717   ,  3.79592    ])
Iter time: 44.4584817886
Iter time: 86.1692919731
Iter time: 148.210752964
34      , -22410.3    , array([ 0.610824   ,  0.06346    ,  1.92687    ,  0.32767    ,  5.41465    ,  2.5382     ,  0.167717   ,  0.0347255  ,  0.0135634  ,  0.480188   ,  3.78608    ])
Iter time: 43.209236145
Iter time: 83.7316930294
Iter time: 143.941915035
35      , -22312      , array([ 0.610983   ,  0.0633221  ,  1.92179    ,  0.327855   ,  5.4251     ,  2.46102    ,  0.167459   ,  0.0362743  ,  0.0104241  ,  0.482423   ,  3.76571    ])
Iter time: 43.2796881199
Iter time: 83.6823048592
Iter time: 144.001465082
37      , -22240.5    , array([ 0.611521   ,  0.0633597  ,  1.91433    ,  0.328498   ,  5.43189    ,  2.46269    ,  0.167179   ,  0.0380793  ,  0.0121236  ,  0.461432   ,  3.75398    ])
Iter time: 44.1353051662
Iter time: 85.3434507847
Iter time: 147.062713861
38      , -21892.2    , array([ 0.610001   ,  0.0616256  ,  1.90402    ,  0.32662    ,  5.44497    ,  2.4701     ,  0.167362   ,  0.0472548  ,  0.0118172  ,  0.4458     ,  3.68799    ])
Iter time: 42.9843671322
Iter time: 83.264277935
Iter time: 143.322115183
39      , -22096.6    , array([ 0.612351   ,  0.0633557  ,  1.98903    ,  0.32949    ,  5.44361    ,  2.46572    ,  0.166724   ,  0.0415932  ,  0.0120315  ,  0.470353   ,  3.73221    ])
Iter time: 42.8488969803
Iter time: 82.8312540054
Iter time: 142.798472166
40      , -22009.9    , array([ 0.614171   ,  0.0639945  ,  1.94411    ,  0.331695   ,  5.45665    ,  2.46762    ,  0.16597    ,  0.0439523  ,  0.0120047  ,  0.4697     ,  3.72344    ])
Iter time: 42.3017559052
Iter time: 81.8483870029
Iter time: 141.472905874
41      , -21936.1    , array([ 0.596896   ,  0.0651462  ,  1.94319    ,  0.335136   ,  5.47394    ,  2.46947    ,  0.164865   ,  0.0463677  ,  0.0120032  ,  0.469216   ,  3.71879    ])
Iter time: 46.2271249294
Iter time: 89.553645134
Iter time: 153.928375006
42      , -21870.9    , array([ 0.607479   ,  0.0557504  ,  1.94053    ,  0.340226   ,  5.49661    ,  2.47117    ,  0.163315   ,  0.048716   ,  0.0120371  ,  0.468983   ,  3.72003    ])
Iter time: 49.7663490772
Iter time: 97.1092648506
Iter time: 166.916769981
43      , -21438.6    , array([ 0.60475    ,  0.0486529  ,  1.94474    ,  0.348978   ,  5.55292    ,  2.48063    ,  0.16041    ,  0.0640602  ,  0.011856   ,  0.465463   ,  3.66926    ])
Iter time: 46.0705690384
Iter time: 89.1140501499
Iter time: 153.526405811
44      , -21675.1    , array([ 0.600573   ,  0.0556411  ,  1.9549     ,  0.329637   ,  5.30381    ,  2.44528    ,  0.17346    ,  0.0498743  ,  0.0121127  ,  0.46581    ,  3.62196    ])
Iter time: 45.9339258671
Iter time: 88.8419258595
Iter time: 152.630110025
45      , -21667.4    , array([ 0.604647   ,  0.0581429  ,  1.95027    ,  0.337458   ,  5.71232    ,  2.50872    ,  0.179132   ,  0.0531725  ,  0.0113455  ,  0.463061   ,  3.6459     ])
Iter time: 45.965159893
Iter time: 89.2410860062
Iter time: 153.59440589
46      , -21548.5    , array([ 0.603437   ,  0.0569687  ,  1.95051    ,  0.33914    ,  5.64303    ,  2.49433    ,  0.165222   ,  0.0599608  ,  0.0113795  ,  0.461858   ,  3.58427    ])
Iter time: 47.3898451328
Iter time: 91.3742179871
Iter time: 159.039947987
47      , -21385      , array([ 0.602489   ,  0.0562987  ,  1.95836    ,  0.341773   ,  5.209      ,  2.5533     ,  0.168855   ,  0.0627892  ,  0.0106193  ,  0.456784   ,  3.59802    ])
Iter time: 45.1529340744
Iter time: 86.6521680355
Iter time: 148.974545956
50      , -22135.1    , array([ 0.608401   ,  0.0613301  ,  1.93683    ,  0.331841   ,  5.43458    ,  2.50865    ,  0.168039   ,  0.0408874  ,  0.012529   ,  0.472788   ,  3.73194    ])
Iter time: 46.7833838463
Iter time: 90.4960980415
Iter time: 155.872694969
51      , -21296.9    , array([ 0.606651   ,  0.057693   ,  1.93475    ,  0.319674   ,  5.57227    ,  2.50864    ,  0.162675   ,  0.0689386  ,  0.0113978  ,  0.460408   ,  3.6379     ])
Iter time: 48.700523138
Iter time: 94.1916620731
Iter time: 162.59772706
52      , -20739.9    , array([ 0.607079   ,  0.0561256  ,  1.92441    ,  0.305551   ,  5.68477    ,  2.53363    ,  0.157621   ,  0.0972425  ,  0.0111696  ,  0.455211   ,  3.59677    ])
Iter time: 47.8503658772
Iter time: 92.5595681667
Iter time: 159.461143017
53      , -21046.9    , array([ 0.6008     ,  0.0543364  ,  1.96926    ,  0.336833   ,  5.5461     ,  2.5203     ,  0.166483   ,  0.0787779  ,  0.013141   ,  0.444768   ,  3.56538    ])
Iter time: 47.0869140625
Iter time: 90.7406289577
Iter time: 156.557408094
54      , -21030.2    , array([ 0.601973   ,  0.0548796  ,  1.95988    ,  0.333692   ,  5.55692    ,  2.47454    ,  0.165628   ,  0.0787403  ,  0.0110284  ,  0.448819   ,  3.56791    ])
Iter time: 146508.632429
Iter time: 144.48989296
Iter time: 230.842128992
55      , -20864      , array([ 0.596234   ,  0.0517557  ,  1.90333    ,  0.336847   ,  5.56851    ,  2.51925    ,  0.166734   ,  0.0869281  ,  0.0113041  ,  0.447314   ,  3.53856    ])
Iter time: 51.013053894
Iter time: 98.7822740078
Iter time: 170.328048944
56      , -20740.9    , array([ 0.591272   ,  0.0492992  ,  1.93982    ,  0.335547   ,  5.57574    ,  2.52681    ,  0.167632   ,  0.0931219  ,  0.0112062  ,  0.443977   ,  3.5142     ])
Iter time: 53.5920138359
Iter time: 103.793969154
Iter time: 178.661558867
57      , -20595.2    , array([ 0.607339   ,  0.0460347  ,  1.94013    ,  0.332177   ,  5.57678    ,  2.53548    ,  0.169266   ,  0.100202   ,  0.0110685  ,  0.439989   ,  3.48258    ])
Iter time: 60.5634388924
Iter time: 117.464807034
Iter time: 202.558861017
58      , -19876.2    , array([ 0.612628   ,  0.0386976  ,  1.9386     ,  0.330707   ,  5.62893    ,  2.56915    ,  0.171511   ,  0.147302   ,  0.0106288  ,  0.426066   ,  3.37016    ])
Iter time: 54.3448429108
Iter time: 105.445623875
Iter time: 181.493466854
59      , -20260.7    , array([ 0.594755   ,  0.0447169  ,  1.98653    ,  0.341609   ,  5.64043    ,  2.55301    ,  0.167484   ,  0.120899   ,  0.011028   ,  0.459304   ,  3.45459    ])
Iter time: 53.5377700329
Iter time: 104.028962135
Iter time: 180.014168978
60      , -20208.9    , array([ 0.603024   ,  0.0475968  ,  1.94048    ,  0.340685   ,  5.8557     ,  2.59922    ,  0.16057    ,  0.134558   ,  0.0105771  ,  0.43845    ,  3.48744    ])
Iter time: 55.383439064
Iter time: 107.276889086
Iter time: 185.25274992
61      , -19951.9    , array([ 0.598668   ,  0.0439212  ,  1.94331    ,  0.333366   ,  5.46149    ,  2.54987    ,  0.152423   ,  0.149422   ,  0.0111492  ,  0.436696   ,  3.43666    ])
Iter time: 56.9286551476
Iter time: 110.597980976
Iter time: 190.621997833
62      , -19794.8    , array([ 0.599003   ,  0.0427559  ,  1.94177    ,  0.330678   ,  5.49578    ,  2.57487    ,  0.162851   ,  0.156435   ,  0.0110746  ,  0.433396   ,  3.46913    ])
Iter time: 63.6336050034
Iter time: 123.613700151
Iter time: 212.93392396
63      , -18845.3    , array([ 0.596799   ,  0.0370404  ,  1.93741    ,  0.326526   ,  5.42361    ,  2.61611    ,  0.161678   ,  0.252677   ,  0.0109253  ,  0.419829   ,  3.41296    ])
Iter time: 54.6093690395
Iter time: 105.663945913
Iter time: 182.132004976
64      , -19437.3    , array([ 0.596266   ,  0.047642   ,  1.94619    ,  0.317494   ,  5.56109    ,  2.61424    ,  0.167977   ,  0.187919   ,  0.0104727  ,  0.422046   ,  3.34446    ])
Iter time: 59.5513238907
Iter time: 115.414899111
Iter time: 198.697957993
65      , -19109.9    , array([ 0.597375   ,  0.0399408  ,  1.93047    ,  0.319872   ,  5.99917    ,  2.55075    ,  0.159424   ,  0.234011   ,  0.0116629  ,  0.423925   ,  3.36566    ])
Iter time: 50.7712950706
Iter time: 98.4211730957
Iter time: 169.605008841
67      , -20587.7    , array([ 0.600207   ,  0.0500551  ,  1.95501    ,  0.33294    ,  5.58799    ,  2.5375     ,  0.164948   ,  0.102677   ,  0.0120277  ,  0.441438   ,  3.51316    ])
Iter time: 63.4683611393
Iter time: 122.982780933
Iter time: 212.132524014
68      , -19024.5    , array([ 0.596947   ,  0.0381007  ,  1.92113    ,  0.324423   ,  5.71022    ,  2.64977    ,  0.161135   ,  0.2387     ,  0.0111638  ,  0.426412   ,  3.34924    ])
Iter time: 62.7025871277
Iter time: 121.565042973
Iter time: 209.587976933
69      , -18872      , array([ 0.602824   ,  0.0382121  ,  1.98156    ,  0.319195   ,  5.72443    ,  2.62675    ,  0.159075   ,  0.259808   ,  0.0108669  ,  0.42414    ,  3.34343    ])
Iter time: 63.091878891
Iter time: 122.512820959
Iter time: 211.835916996
70      , -18646.5    , array([ 0.610025   ,  0.0383003  ,  1.95182    ,  0.317534   ,  5.74443    ,  2.63744    ,  0.156723   ,  0.292266   ,  0.0109007  ,  0.423792   ,  3.33625    ])
Iter time: 70.3087081909
Iter time: 137.03084898
Iter time: 236.370496988
71      , -17488.7    , array([ 0.619624   ,  0.0337585  ,  1.95785    ,  0.308894   ,  5.83068    ,  2.69455    ,  0.151538   ,  0.517776   ,  0.0107511  ,  0.414046   ,  3.25069    ])
Iter time: 72.3911981583
Iter time: 140.527797937
Iter time: 242.36523509
72      , -18063.8    , array([ 0.596356   ,  0.0306718  ,  1.97363    ,  0.349397   ,  5.66027    ,  2.65996    ,  0.165488   ,  0.379338   ,  0.0108608  ,  0.40627    ,  3.20025    ])
Iter time: 55.4853620529
Iter time: 107.618306875
Iter time: 185.040096998
74      , -19917.6    , array([ 0.600774   ,  0.0445688  ,  1.95277    ,  0.330549   ,  5.63338    ,  2.5721     ,  0.163242   ,  0.149024   ,  0.0114565  ,  0.434063   ,  3.43781    ])
Iter time: 67.8277740479
Iter time: 131.452491045
Iter time: 226.747262001
75      , -18029.2    , array([ 0.609115   ,  0.035196   ,  1.90925    ,  0.31339    ,  5.71682    ,  2.66609    ,  0.15511    ,  0.401943   ,  0.0108731  ,  0.392563   ,  3.27302    ])
Iter time: 72.1376810074
Iter time: 139.904542923
Iter time: 241.444772005
76      , -17701.9    , array([ 0.601861   ,  0.0313006  ,  1.9488     ,  0.309504   ,  5.48267    ,  2.63081    ,  0.160775   ,  0.440643   ,  0.0113937  ,  0.403051   ,  3.205      ])
Iter time: 73.1167938709
Iter time: 141.909508944
Iter time: 244.143473148
77      , -17514.9    , array([ 0.606827   ,  0.0318939  ,  1.94697    ,  0.312058   ,  5.88255    ,  2.697      ,  0.171018   ,  0.483036   ,  0.0108517  ,  0.398815   ,  3.21135    ])
Iter time: 76.8037140369
Iter time: 149.165750027
Iter time: 257.396892071
78      , -17105.7    , array([ 0.605803   ,  0.0295753  ,  1.93648    ,  0.31144    ,  5.74811    ,  2.69685    ,  0.16104    ,  0.599786   ,  0.010457   ,  0.395102   ,  3.17075    ])
Iter time: 73.0869379044
Iter time: 141.660018921
Iter time: 244.85748291
80      , -16622.7    , array([ 0.592872   ,  0.0324375  ,  1.95025    ,  0.307912   ,  5.77461    ,  2.72387    ,  0.151532   ,  0.783273   ,  0.0112381  ,  0.397034   ,  3.19872    ])
Iter time: 99.6599781513
Iter time: 193.945576906
Iter time: 335.913811922
81      , -15116.2    , array([ 0.583233   ,  0.0296981  ,  1.9561     ,  0.297111   ,  5.84886    ,  2.80469    ,  0.142433   ,  1.8062     ,  0.0115557  ,  0.383268   ,  3.1163     ])
Iter time: 90.8805239201
Iter time: 176.912595987
Iter time: 304.85158205
82      , -16287      , array([ 0.606698   ,  0.024178   ,  1.94444    ,  0.316881   ,  5.89892    ,  2.71133    ,  0.150148   ,  0.926491   ,  0.0116114  ,  0.393853   ,  3.18216    ])
Iter time: 89.4098489285
Iter time: 173.167071819
Iter time: 298.502632141
83      , -16130.1    , array([ 0.607279   ,  0.0263244  ,  1.96285    ,  0.313988   ,  5.45144    ,  2.80983    ,  0.156488   ,  0.955502   ,  0.0104181  ,  0.386896   ,  3.13005    ])
Iter time: 92.5871970654
Iter time: 179.407613993
Iter time: 310.244061947
84      , -15755.6    , array([ 0.609613   ,  0.0258016  ,  1.98011    ,  0.307748   ,  5.6792     ,  2.73383    ,  0.154005   ,  1.20542    ,  0.0107479  ,  0.377898   ,  3.10692    ])
Iter time: 103.419424057
Iter time: 201.699188948
Iter time: 347.351605892
85      , -15378.3    , array([ 0.6049     ,  0.0239535  ,  1.91947    ,  0.310719   ,  5.65694    ,  2.77789    ,  0.155083   ,  1.46392    ,  0.0110195  ,  0.372032   ,  3.07108    ])
Iter time: 120.967314005
Iter time: 234.949306011
Iter time: 405.54963398
86      , -14891.5    , array([ 0.612507   ,  0.0228284  ,  1.95989    ,  0.301015   ,  6.0166     ,  2.81978    ,  0.151435   ,  2.07168    ,  0.0109777  ,  0.367682   ,  2.95133    ])
Iter time: 250.321274996
Iter time: 484.429102898
Iter time: 837.017943859
87      , -13936.1    , array([ 0.620516   ,  0.0179215  ,  1.97122    ,  0.289016   ,  6.33699    ,  2.92748    ,  0.146559   ,  5.93201    ,  0.0110041  ,  0.344091   ,  2.74449    ])
Iter time: 120.962169886
Iter time: 235.093163013
Iter time: 405.359035969
88      , -14738.1    , array([ 0.617404   ,  0.0250023  ,  1.92349    ,  0.271772   ,  5.88464    ,  2.82205    ,  0.144717   ,  2.27502    ,  0.0110692  ,  0.36865    ,  3.06079    ])
Iter time: 149.881358147
Iter time: 291.330612898
Iter time: 503.053586006
89      , -14341.7    , array([ 0.605959   ,  0.0204751  ,  1.99104    ,  0.295248   ,  5.85716    ,  2.84481    ,  0.152466   ,  2.94255    ,  0.0110927  ,  0.377186   ,  2.95648    ])
Iter time: 174.570745945
Iter time: 339.554475069
Iter time: 588.318315029
90      , -14197.4    , array([ 0.614019   ,  0.0213133  ,  1.95825    ,  0.296403   ,  6.18111    ,  2.92425    ,  0.145681   ,  3.79084    ,  0.0105345  ,  0.362968   ,  2.97524    ])
Iter time: 214.009721994
Iter time: 416.353327036
Iter time: 720.471746922
91      , -14031.5    , array([ 0.610301   ,  0.0194388  ,  1.96216    ,  0.29124    ,  5.81303    ,  2.89474    ,  0.13302    ,  5.02951    ,  0.0110011  ,  0.360596   ,  2.92842    ])
WARNING:Inference:Model is masked in some entries where data is not.
WARNING:Inference:Number of affected entries is 102. Sum of data in those entries is 0.0574027:
Iter time: 289.964029789
Iter time: 565.440462112
Iter time: 977.187077045
0.0574027410072 9454.98941724
92      , -13821.3    , array([ 0.596051   ,  0.0166115  ,  1.95203    ,  0.291092   ,  5.86151    ,  2.93537    ,  0.146604   ,  7.09395    ,  0.0111505  ,  0.338711   ,  2.83858    ])
WARNING:Numerics:Extrapolation may have failed. Check resulting frequency spectrum for unexpected results.
WARNING:Inference:Model is masked in some entries where data is not.
WARNING:Inference:Number of affected entries is 268. Sum of data in those entries is 0.0719975:
Iter time: 377.883306026
Iter time: 735.6825459
Iter time: 1268.98676395
0.0719974720296 9454.98941724
94      , -13864.3    , array([ 0.607854   ,  0.0170732  ,  1.97644    ,  0.285187   ,  5.96686    ,  2.97842    ,  0.135618   ,  9.59631    ,  0.0115987  ,  0.34515    ,  2.85218    ])
WARNING:Numerics:Extrapolation may have failed. Check resulting frequency spectrum for unexpected results.
WARNING:Inference:Model is masked in some entries where data is not.
WARNING:Inference:Number of affected entries is 259. Sum of data in those entries is 0.07199:
Iter time: 373.654448986
Iter time: 728.05845499
Iter time: 1258.96258521
0.0719900403461 9454.98941724
95      , -13855.4    , array([ 0.607167   ,  0.0196041  ,  1.9742     ,  0.274971   ,  5.82643    ,  3.01356    ,  0.142789   ,  9.50284    ,  0.0104436  ,  0.338035   ,  2.78594    ])
Iter time: 115.141278982
Iter time: 223.778151035
Iter time: 386.175507069
97      , -14994      , array([ 0.6071     ,  0.0236212  ,  1.96157    ,  0.302609   ,  5.67039    ,  2.84307    ,  0.150743   ,  1.86911    ,  0.0107121  ,  0.373427   ,  3.03669    ])
Iter time: 120.838942051
Iter time: 234.579719067
Iter time: 405.00059104
99      , -14835.6    , array([ 0.608152   ,  0.0232918  ,  1.96933    ,  0.299358   ,  5.78722    ,  2.80935    ,  0.149396   ,  2.14165    ,  0.0108787  ,  0.36886    ,  3.0223     ])
Iter time: 130.377100945
Iter time: 253.549799919
Iter time: 438.571649075
101     , -14666.7    , array([ 0.605944   ,  0.0224136  ,  1.94121    ,  0.300291   ,  5.78185    ,  2.83335    ,  0.149664   ,  2.40131    ,  0.0110089  ,  0.365843   ,  3.00263    ])
WARNING:Numerics:Extrapolation may have failed. Check resulting frequency spectrum for unexpected results.
WARNING:Inference:Model is masked in some entries where data is not.
WARNING:Inference:Number of affected entries is 236. Sum of data in those entries is 0.575817:
Iter time: 371.332589149
Iter time: 719.116113901
Iter time: 1242.80086613
0.575817319158 9454.98941724
102     , -13753.8    , array([ 0.636117   ,  0.0140721  ,  1.96757    ,  0.284025   ,  5.9583     ,  2.98325    ,  0.147789   ,  9.04651    ,  0.0103758  ,  0.334843   ,  2.74697    ])
Iter time: 148.621404886
Iter time: 289.332685232
Iter time: 499.199988127
105     , -14419.8    , array([ 0.609392   ,  0.0214634  ,  1.96197    ,  0.295637   ,  5.79873    ,  2.874      ,  0.147754   ,  2.95297    ,  0.0108147  ,  0.363945   ,  2.96718    ])
Iter time: 155.261174917
Iter time: 302.205532074
Iter time: 522.815901995
107     , -14345.7    , array([ 0.609976   ,  0.0212342  ,  1.96551    ,  0.293877   ,  5.85869    ,  2.85987    ,  0.147019   ,  3.20742    ,  0.0108955  ,  0.361492   ,  2.95767    ])
Iter time: 158.40190196
Iter time: 307.671807051
Iter time: 531.400482178
109     , -14288.8    , array([ 0.614261   ,  0.0218373  ,  1.94441    ,  0.281007   ,  5.90661    ,  2.86806    ,  0.144802   ,  3.35781    ,  0.0109826  ,  0.361067   ,  2.97181    ])
Iter time: 165.896912813
Iter time: 322.395730972
Iter time: 556.431997061
111     , -14253.3    , array([ 0.60891    ,  0.0206515  ,  1.95349    ,  0.294493   ,  5.86048    ,  2.87539    ,  0.147035   ,  3.50272    ,  0.0109514  ,  0.359475   ,  2.94206    ])
WARNING:Numerics:Extrapolation may have failed. Check resulting frequency spectrum for unexpected results.
WARNING:Inference:Model is masked in some entries where data is not.
WARNING:Inference:Number of affected entries is 239. Sum of data in those entries is 0.575925:
Iter time: 359.627418995
Iter time: 700.212636948
Iter time: 1212.58757806
0.575925069809 9454.98941724
112     , -14476.5    , array([ 0.614311   ,  0.0167508  ,  1.9682     ,  0.281936   ,  6.0968     ,  2.96302    ,  0.1411     ,  9.11899    ,  0.0109996  ,  0.342039   ,  2.79632    ])
Iter time: 179.718944073
Iter time: 349.639865875
Iter time: 603.738772154
113     , -14149.2    , array([ 0.610618   ,  0.0201736  ,  1.96352    ,  0.29215    ,  5.87185    ,  2.896      ,  0.146062   ,  3.91454    ,  0.0108606  ,  0.358341   ,  2.92351    ])
WARNING:Numerics:Extrapolation may have failed. Check resulting frequency spectrum for unexpected results.
WARNING:Inference:Model is masked in some entries where data is not.
WARNING:Inference:Number of affected entries is 213. Sum of data in those entries is 0.503029:
Iter time: 348.033786058
Iter time: 677.47705698
Iter time: 1173.24614406
0.503029059671 9454.98941724
114     , -14630.5    , array([ 0.61384    ,  0.0167746  ,  1.96429    ,  0.28332    ,  6.03687    ,  2.98447    ,  0.141638   ,  8.70525    ,  0.0109116  ,  0.343812   ,  2.79939    ])
Iter time: 185.529541016
Iter time: 360.960871935
Iter time: 623.790900946
115     , -14115.2    , array([ 0.61094    ,  0.0200189  ,  1.96521    ,  0.291202   ,  5.90273    ,  2.89052    ,  0.145655   ,  4.11683    ,  0.0108995  ,  0.356989   ,  2.91728    ])
Iter time: 183.342331886
Iter time: 357.716560125
Iter time: 616.665474892
117     , -14093.6    , array([ 0.609152   ,  0.0196377  ,  1.97675    ,  0.291697   ,  5.90404    ,  2.88499    ,  0.14802    ,  4.00383    ,  0.010989   ,  0.363745   ,  2.91492    ])
WARNING:Numerics:Extrapolation may have failed. Check resulting frequency spectrum for unexpected results.
WARNING:Inference:Model is masked in some entries where data is not.
WARNING:Inference:Number of affected entries is 243. Sum of data in those entries is 0.575927:
Iter time: 367.411087036
Iter time: 713.544836044
Iter time: 1229.07796502
0.575927152388 9454.98941724
118     , -14247.7    , array([ 0.609541   ,  0.015934   ,  1.98685    ,  0.297568   ,  5.99586    ,  2.98778    ,  0.143187   ,  9.12625    ,  0.0107917  ,  0.341248   ,  2.76957    ])
Iter time: 202.165733099
Iter time: 393.424987078
Iter time: 679.68441987
120     , -14034.4    , array([ 0.61043    ,  0.0193971  ,  1.961      ,  0.291956   ,  5.91173    ,  2.90629    ,  0.145331   ,  4.59932    ,  0.0109117  ,  0.354382   ,  2.89729    ])
Iter time: 163.65142107
Iter time: 318.736320019
Iter time: 551.823509932
121     , -14241.9    , array([ 0.614539   ,  0.0215899  ,  1.94577    ,  0.280565   ,  5.91596    ,  2.87364    ,  0.144495   ,  3.52828    ,  0.0109753  ,  0.360132   ,  2.96354    ])
Iter time: 196.480787039
Iter time: 383.626374006
Iter time: 660.497744083
122     , -14049      , array([ 0.613286   ,  0.0200111  ,  1.95596    ,  0.284722   ,  5.93584    ,  2.90176    ,  0.144167   ,  4.4745     ,  0.0109291  ,  0.355315   ,  2.91381    ])
WARNING:Inference:Model is masked in some entries where data is not.
WARNING:Inference:Number of affected entries is 225. Sum of data in those entries is 0.56827:
Iter time: 346.240319014
Iter time: 674.373486042
Iter time: 1170.8088522
0.568270021747 9454.98941724
123     , -15319      , array([ 0.609924   ,  0.0159569  ,  1.97376    ,  0.279616   ,  5.69657    ,  2.93195    ,  0.141753   ,  8.75411    ,  0.0113188  ,  0.337272   ,  2.74822    ])
Iter time: 204.387202978
Iter time: 397.571053982
Iter time: 687.657164097
124     , -14028      , array([ 0.612993   ,  0.0198256  ,  1.96212    ,  0.292114   ,  6.05624    ,  2.92617    ,  0.144689   ,  4.67309    ,  0.0107253  ,  0.356366   ,  2.91679    ])
WARNING:Inference:Model is masked in some entries where data is not.
WARNING:Inference:Number of affected entries is 225. Sum of data in those entries is 0.56827:
Iter time: 347.58685112
Iter time: 676.204298019
Iter time: 1169.94007587
0.568270021747 9454.98941724
125     , -14894      , array([ 0.613754   ,  0.0168051  ,  1.9682     ,  0.28368    ,  6.03041    ,  2.96613    ,  0.14114    ,  8.75494    ,  0.0109539  ,  0.341284   ,  2.79568    ])
Iter time: 209.652025938
Iter time: 405.774384975
Iter time: 702.844666004
126     , -14002.4    , array([ 0.611401   ,  0.0192729  ,  1.96469    ,  0.290009   ,  5.91109    ,  2.91338    ,  0.144816   ,  4.78711    ,  0.0108838  ,  0.353998   ,  2.89102    ])
WARNING:Inference:Model is masked in some entries where data is not.
WARNING:Inference:Number of affected entries is 192. Sum of data in those entries is 0.502393:
Iter time: 341.777523994
Iter time: 666.378340006
Iter time: 1149.46913195
0.502392972515 9454.98941724
127     , -14270.5    , array([ 0.613515   ,  0.0168185  ,  1.96642    ,  0.284392   ,  6.0004     ,  2.97602    ,  0.141386   ,  8.55623    ,  0.0109119  ,  0.342053   ,  2.79705    ])
Iter time: 214.217154026
Iter time: 415.788594007
Iter time: 717.528268099
128     , -13985.5    , array([ 0.611583   ,  0.0191658  ,  1.96551    ,  0.289484   ,  5.927      ,  2.91166    ,  0.144576   ,  4.94302    ,  0.0109026  ,  0.353195   ,  2.88675    ])
WARNING:Inference:Model is masked in some entries where data is not.
WARNING:Inference:Number of affected entries is 240. Sum of data in those entries is 0.515856:
Iter time: 362.800930023
Iter time: 706.429625988
Iter time: 1219.3122189
0.515856413905 9454.98941724
129     , -14381.6    , array([ 0.615762   ,  0.0170693  ,  1.95291    ,  0.283516   ,  6.0033     ,  2.98671    ,  0.138532   ,  9.14132    ,  0.0108076  ,  0.333908   ,  2.79437    ])
Iter time: 213.732025862
Iter time: 416.202066898
Iter time: 717.385634899
130     , -13967.2    , array([ 0.610798   ,  0.0189614  ,  1.97077    ,  0.28963    ,  5.9287     ,  2.91009    ,  0.145589   ,  4.92163    ,  0.0109433  ,  0.356045   ,  2.88431    ])
WARNING:Inference:Model is masked in some entries where data is not.
WARNING:Inference:Number of affected entries is 177. Sum of data in those entries is 0.0551038:
Iter time: 334.107012987
Iter time: 650.4230721
Iter time: 1124.19602299
0.0551037903346 9454.98941724
131     , -13938.9    , array([ 0.611159   ,  0.0165875  ,  1.97638    ,  0.291365   ,  5.96984    ,  2.97101    ,  0.142489   ,  8.32262    ,  0.0108693  ,  0.341958   ,  2.79028    ])
WARNING:Inference:Model is masked in some entries where data is not.
WARNING:Inference:Number of affected entries is 237. Sum of data in those entries is 0.575837:
Iter time: 359.791935921
Iter time: 699.257735014
Iter time: 1206.1609509
0.575837452966 9454.98941724
132     , -14769      , array([ 0.614152   ,  0.0166325  ,  1.9741     ,  0.284041   ,  6.00485    ,  2.97827    ,  0.140841   ,  9.01865    ,  0.0108789  ,  0.34064    ,  2.78705    ])
Iter time: 230.827893972
Iter time: 449.445955038
Iter time: 778.276069164
133     , -13932.8    , array([ 0.611358   ,  0.0186656  ,  1.96427    ,  0.289957   ,  5.93488    ,  2.92412    ,  0.144195   ,  5.44259    ,  0.0109035  ,  0.350896   ,  2.86933    ])
WARNING:Inference:Model is masked in some entries where data is not.
WARNING:Inference:Number of affected entries is 180. Sum of data in those entries is 0.230305:
Iter time: 339.082029104
Iter time: 660.534466028
Iter time: 1139.27614594
0.230304608752 9454.98941724
134     , -13894.5    , array([ 0.614475   ,  0.0164749  ,  1.97333    ,  0.284512   ,  6.12989    ,  2.99565    ,  0.15615    ,  8.36647    ,  0.0107731  ,  0.333115   ,  2.74722    ])
Iter time: 238.526356936
Iter time: 464.123389006
Iter time: 802.731178999
136     , -13909.2    , array([ 0.612756   ,  0.018678   ,  1.96543    ,  0.28963    ,  6.01595    ,  2.93859    ,  0.144906   ,  5.65349    ,  0.0108078  ,  0.350364   ,  2.86848    ])
Iter time: 242.947941065
Iter time: 472.898859024
Iter time: 814.829226017
138     , -13895.2    , array([ 0.612021   ,  0.0183896  ,  1.96676    ,  0.288567   ,  5.94817    ,  2.9333     ,  0.144974   ,  5.76547    ,  0.0108839  ,  0.349035   ,  2.85476    ])
Iter time: 246.878775835
Iter time: 480.537441969
Iter time: 830.986618996
140     , -13885.8    , array([ 0.612132   ,  0.018304   ,  1.96722    ,  0.288264   ,  5.95713    ,  2.93343    ,  0.144872   ,  5.89973    ,  0.0108924  ,  0.348451   ,  2.85121    ])
WARNING:Numerics:Extrapolation may have failed. Check resulting frequency spectrum for unexpected results.
Iter time: 248.985692024
Iter time: 484.234017849
Iter time: 834.90226388
142     , -13874.9    , array([ 0.6118     ,  0.018177   ,  1.96969    ,  0.288275   ,  5.95929    ,  2.9337     ,  0.145346   ,  5.93566    ,  0.0109104  ,  0.349511   ,  2.84851    ])
Iter time: 242.81034708
Iter time: 472.402333975
Iter time: 816.711089849
143     , -13871.1    , array([ 0.614569   ,  0.0186119  ,  1.95966    ,  0.282008   ,  6.00835    ,  2.9373     ,  0.1483     ,  5.7904     ,  0.0108935  ,  0.34561    ,  2.8469     ])
WARNING:Inference:Model is masked in some entries where data is not.
WARNING:Inference:Number of affected entries is 159. Sum of data in those entries is 0.0551006:
Iter time: 325.501435041
Iter time: 633.123609066
Iter time: 1095.71912098
0.0551006128824 9454.98941724
144     , -13724.3    , array([ 0.604244   ,  0.0173453  ,  1.96269    ,  0.283034   ,  5.6057     ,  2.98278    ,  0.144491   ,  8.08833    ,  0.0107403  ,  0.343743   ,  2.91374    ])
WARNING:Numerics:Extrapolation may have failed. Check resulting frequency spectrum for unexpected results.
WARNING:Inference:Model is masked in some entries where data is not.
WARNING:Inference:Number of affected entries is 248. Sum of data in those entries is 0.296679:
Iter time: 377.234833956
Iter time: 732.991293192
Iter time: 1265.93014479
0.296679059105 9454.98941724
145     , -13746.4    , array([ 0.596269   ,  0.0170641  ,  1.95843    ,  0.28009    ,  5.27234    ,  3.01082    ,  0.143467   ,  9.44469    ,  0.0106108  ,  0.343569   ,  3.00224    ])
WARNING:Numerics:Extrapolation may have failed. Check resulting frequency spectrum for unexpected results.
WARNING:Inference:Model is masked in some entries where data is not.
WARNING:Inference:Number of affected entries is 261. Sum of data in those entries is 0.297248:
Iter time: 376.951039076
Iter time: 734.012086153
Iter time: 1268.32458591
0.297247531407 9454.98941724
146     , -13852.2    , array([ 0.611991   ,  0.0164331  ,  1.96935    ,  0.280879   ,  5.92373    ,  2.99702    ,  0.146914   ,  9.4741     ,  0.0108097  ,  0.335817   ,  2.79477    ])
WARNING:Numerics:Extrapolation may have failed. Check resulting frequency spectrum for unexpected results.
WARNING:Inference:Model is masked in some entries where data is not.
WARNING:Inference:Number of affected entries is 64. Sum of data in those entries is 0.0211864:
Iter time: 268.823704004
Iter time: 523.715543032
Iter time: 904.951311111
0.0211864420475 9454.98941724
148     , -13834.1    , array([ 0.61218    ,  0.0179816  ,  1.9663     ,  0.287097   ,  5.96827    ,  2.95209    ,  0.145318   ,  6.52283    ,  0.0108322  ,  0.346133   ,  2.84671    ])
WARNING:Numerics:Extrapolation may have failed. Check resulting frequency spectrum for unexpected results.
WARNING:Inference:Model is masked in some entries where data is not.
WARNING:Inference:Number of affected entries is 72. Sum of data in those entries is 0.0550596:
Iter time: 273.242032051
Iter time: 530.967102766
Iter time: 917.065786839
0.0550595820895 9454.98941724
150     , -13826.8    , array([ 0.61182    ,  0.0178241  ,  1.96694    ,  0.286504   ,  5.93547    ,  2.95029    ,  0.145367   ,  6.62417    ,  0.0108679  ,  0.345345   ,  2.83953    ])
WARNING:Numerics:Extrapolation may have failed. Check resulting frequency spectrum for unexpected results.
WARNING:Inference:Model is masked in some entries where data is not.
WARNING:Inference:Number of affected entries is 74. Sum of data in those entries is 0.0550596:
Iter time: 269.466856003
Iter time: 524.44672513
Iter time: 906.322432995
0.0550596257253 9454.98941724
151     , -13853.2    , array([ 0.608298   ,  0.0183769  ,  1.95978    ,  0.284759   ,  5.68926    ,  2.93121    ,  0.134307   ,  6.63554    ,  0.0109489  ,  0.352798   ,  2.92121    ])
WARNING:Numerics:Extrapolation may have failed. Check resulting frequency spectrum for unexpected results.
WARNING:Inference:Model is masked in some entries where data is not.
WARNING:Inference:Number of affected entries is 268. Sum of data in those entries is 0.0719975:
Iter time: 380.66499114
Iter time: 742.487308025
Iter time: 1287.06827712
0.0719974720296 9454.98941724
152     , -13801.3    , array([ 0.609929   ,  0.0165525  ,  1.96451    ,  0.280428   ,  5.80548    ,  2.99298    ,  0.142783   ,  9.61317    ,  0.0108391  ,  0.338032   ,  2.82711    ])
WARNING:Inference:Model is masked in some entries where data is not.
WARNING:Inference:Number of affected entries is 85. Sum of data in those entries is 0.0574:
Iter time: 279.910783052
Iter time: 546.172533989
Iter time: 940.631447077
0.0573999699883 9454.98941724
154     , -13812.4    , array([ 0.61133    ,  0.0177119  ,  1.96754    ,  0.285931   ,  5.91289    ,  2.95102    ,  0.144466   ,  6.83404    ,  0.0108848  ,  0.345817   ,  2.84284    ])
WARNING:Inference:Model is masked in some entries where data is not.
WARNING:Inference:Number of affected entries is 85. Sum of data in those entries is 0.0574:
Iter time: 278.258043051
Iter time: 542.074053049
Iter time: 937.745169163
0.0573999699883 9454.98941724
156     , -13809.2    , array([ 0.612565   ,  0.0178822  ,  1.96288    ,  0.282984   ,  5.93286    ,  2.95346    ,  0.145753   ,  6.80093    ,  0.010876   ,  0.343891   ,  2.84185    ])
Iter time: 262.625238895
Iter time: 512.05282402
Iter time: 884.686134815
157     , -13785.2    , array([ 0.614152   ,  0.0174359  ,  1.95339    ,  0.282346   ,  5.74577    ,  2.95649    ,  0.153307   ,  6.24545    ,  0.0100472  ,  0.33901    ,  2.81968    ])
Iter time: 257.46833396
Iter time: 500.596288919
Iter time: 864.608119011
158     , -13880.2    , array([ 0.616127   ,  0.0148647  ,  1.95184    ,  0.294249   ,  5.86937    ,  2.91188    ,  0.147501   ,  5.84348    ,  0.0110803  ,  0.346328   ,  2.89305    ])
WARNING:Inference:Model is masked in some entries where data is not.
WARNING:Inference:Number of affected entries is 181. Sum of data in those entries is 0.230315:
Iter time: 335.856180906
Iter time: 651.081488132
Iter time: 1126.20472503
0.23031456705 9454.98941724
159     , -13933.6    , array([ 0.609395   ,  0.0182936  ,  1.96859    ,  0.279668   ,  5.83714    ,  2.98781    ,  0.143953   ,  8.41507    ,  0.0105992  ,  0.340089   ,  2.81234    ])
WARNING:Inference:Model is masked in some entries where data is not.
WARNING:Inference:Number of affected entries is 192. Sum of data in those entries is 0.502393:
Iter time: 346.153905153
Iter time: 674.09551096
Iter time: 1165.02339387
0.502392972515 9454.98941724
160     , -14258.7    , array([ 0.619976   ,  0.0156232  ,  1.96513    ,  0.283529   ,  5.77931    ,  2.98302    ,  0.14613    ,  8.55401    ,  0.0105565  ,  0.339264   ,  2.82913    ])
WARNING:Inference:Model is masked in some entries where data is not.
WARNING:Inference:Number of affected entries is 102. Sum of data in those entries is 0.0574027:
Iter time: 291.062970877
Iter time: 567.372866869
Iter time: 980.248195887
0.0574027410072 9454.98941724
161     , -13741      , array([ 0.609178   ,  0.0173905  ,  1.95803    ,  0.28269    ,  5.6753     ,  2.96961    ,  0.148834   ,  7.10741    ,  0.010388   ,  0.341368   ,  2.86633    ])
WARNING:Inference:Model is masked in some entries where data is not.
WARNING:Inference:Number of affected entries is 229. Sum of data in those entries is 0.56827:
Iter time: 351.618771076
Iter time: 684.529331923
Iter time: 1183.50891805
0.568270032164 9454.98941724
162     , -14777.6    , array([ 0.60708    ,  0.0169442  ,  1.9636     ,  0.281728   ,  5.70471    ,  2.98788    ,  0.143634   ,  8.81785    ,  0.0107896  ,  0.340876   ,  2.8701     ])
WARNING:Inference:Model is masked in some entries where data is not.
WARNING:Inference:Number of affected entries is 121. Sum of data in those entries is 0.105121:
Iter time: 300.791171789
Iter time: 586.128829002
Iter time: 1012.12065911
0.105121246182 9454.98941724
163     , -13757.4    , array([ 0.60839    ,  0.0176117  ,  1.96279    ,  0.283009   ,  5.76696    ,  2.96809    ,  0.14512    ,  7.41675    ,  0.0108079  ,  0.343817   ,  2.87757    ])
WARNING:Inference:Model is masked in some entries where data is not.
WARNING:Inference:Number of affected entries is 127. Sum of data in those entries is 0.169484:
Iter time: 300.957384825
Iter time: 586.418520927
Iter time: 1012.9993329
0.169483839554 9454.98941724
164     , -13756.8    , array([ 0.607776   ,  0.0175276  ,  1.96511    ,  0.284479   ,  5.75724    ,  2.96686    ,  0.144478   ,  7.43478    ,  0.0108123  ,  0.344778   ,  2.87807    ])
WARNING:Inference:Model is masked in some entries where data is not.
WARNING:Inference:Number of affected entries is 134. Sum of data in those entries is 0.169486:
Iter time: 307.764441967
Iter time: 597.045854092
Iter time: 1034.01532698
0.169486388111 9454.98941724
165     , -13763.7    , array([ 0.600134   ,  0.0169744  ,  1.95735    ,  0.287035   ,  5.73218    ,  2.95898    ,  0.145544   ,  7.57484    ,  0.0109435  ,  0.341218   ,  2.87592    ])
WARNING:Inference:Model is masked in some entries where data is not.
WARNING:Inference:Number of affected entries is 105. Sum of data in those entries is 0.055064:
Iter time: 297.712161064
Iter time: 579.802095175
Iter time: 1134.62614417
0.0550640009942 9454.98941724
166     , -13765.5    , array([ 0.60802    ,  0.017583   ,  1.96481    ,  0.284764   ,  5.76823    ,  2.96649    ,  0.144928   ,  7.31973    ,  0.0108039  ,  0.344543   ,  2.8764     ])
WARNING:Inference:Model is masked in some entries where data is not.
WARNING:Inference:Number of affected entries is 106. Sum of data in those entries is 0.0574038:
Iter time: 296.060058117
Iter time: 574.828239918
Iter time: 992.995660067
0.057403826615 9454.98941724
167     , -13767.1    , array([ 0.608199   ,  0.0176606  ,  1.96449    ,  0.285058   ,  5.78415    ,  2.9674     ,  0.144904   ,  7.26353    ,  0.0107862  ,  0.344936   ,  2.88003    ])
WARNING:Inference:Model is masked in some entries where data is not.
WARNING:Inference:Number of affected entries is 222. Sum of data in those entries is 0.564822:
Iter time: 349.880418062
Iter time: 684.906908035
Iter time: 1176.95283008
0.564821882065 9454.98941724
168     , -14679.8    , array([ 0.608105   ,  0.016883   ,  1.96602    ,  0.281954   ,  5.76252    ,  2.98989    ,  0.145697   ,  8.75384    ,  0.010775   ,  0.339757   ,  2.85363    ])
WARNING:Inference:Model is masked in some entries where data is not.
WARNING:Inference:Number of affected entries is 105. Sum of data in those entries is 0.055064:
Iter time: 295.67908287
Iter time: 577.349480867
Iter time: 994.321465015
0.0550640009942 9454.98941724
169     , -13780.1    , array([ 0.606268   ,  0.0178537  ,  1.96123    ,  0.283895   ,  5.64732    ,  2.95689    ,  0.139306   ,  7.32601    ,  0.0108441  ,  0.348241   ,  2.91747    ])
WARNING:Numerics:Extrapolation may have failed. Check resulting frequency spectrum for unexpected results.
WARNING:Inference:Model is masked in some entries where data is not.
WARNING:Inference:Number of affected entries is 224. Sum of data in those entries is 0.56827:
Iter time: 347.302497149
Iter time: 676.727669954
Iter time: 1170.08621502
0.568269510616 9454.98941724
170     , -14441.6    , array([ 0.605704   ,  0.0184401  ,  1.96844    ,  0.278973   ,  5.715      ,  2.99813    ,  0.143637   ,  8.7671     ,  0.0105909  ,  0.340877   ,  2.84912    ])
WARNING:Inference:Model is masked in some entries where data is not.
WARNING:Inference:Number of affected entries is 85. Sum of data in those entries is 0.0574:
Iter time: 279.901839972
Iter time: 545.307307959
Iter time: 941.528542995
0.0573999699883 9454.98941724
171     , -13781.6    , array([ 0.608522   ,  0.0177456  ,  1.96296    ,  0.285255   ,  5.74824    ,  2.95907    ,  0.145992   ,  6.82815    ,  0.010672   ,  0.345035   ,  2.87832    ])
WARNING:Inference:Model is masked in some entries where data is not.
WARNING:Inference:Number of affected entries is 66. Sum of data in those entries is 0.0211864:
Iter time: 270.33338213
Iter time: 526.376502037
Iter time: 909.903982878
0.0211864420475 9454.98941724
172     , -13801.1    , array([ 0.607572   ,  0.017972   ,  1.95999    ,  0.28563    ,  5.68801    ,  2.95151    ,  0.143977   ,  6.5743     ,  0.0106678  ,  0.347142   ,  2.89946    ])
Iter time: 263.870251894
Iter time: 513.638255835
Iter time: 886.81588006
173     , -13824.2    , array([ 0.610322   ,  0.0163777  ,  1.95605    ,  0.289923   ,  5.73038    ,  2.93503    ,  0.146105   ,  6.22965    ,  0.0108675  ,  0.347149   ,  2.91332    ])
Iter time: 247.741649866
Iter time: 482.345802069
Iter time: 833.29950285
174     , -13835.2    , array([ 0.594573   ,  0.0194972  ,  1.95769    ,  0.286423   ,  5.65785    ,  2.94121    ,  0.143608   ,  6.02715    ,  0.0109607  ,  0.35026    ,  2.94959    ])
WARNING:Inference:Model is masked in some entries where data is not.
WARNING:Inference:Number of affected entries is 66. Sum of data in those entries is 0.0211864:
Iter time: 269.161643028
Iter time: 524.323493004
Iter time: 906.874210119
0.0211864420475 9454.98941724
175     , -13796.4    , array([ 0.600825   ,  0.0184468  ,  1.95955    ,  0.285697   ,  5.68798    ,  2.95161    ,  0.144234   ,  6.5785     ,  0.0108582  ,  0.347478   ,  2.919      ])
WARNING:Inference:Model is masked in some entries where data is not.
WARNING:Inference:Number of affected entries is 178. Sum of data in those entries is 0.0551038:
Iter time: 331.247622013
Iter time: 645.549912214
Iter time: 1115.18893719
0.0551037903346 9454.98941724
176     , -13844.3    , array([ 0.602258   ,  0.0190056  ,  1.96742    ,  0.27936    ,  5.69847    ,  2.99237    ,  0.143297   ,  8.35836    ,  0.0106453  ,  0.342363   ,  2.86537    ])
WARNING:Inference:Model is masked in some entries where data is not.
WARNING:Inference:Number of affected entries is 80. Sum of data in those entries is 0.05506:
Iter time: 277.391619205
Iter time: 541.136670828
Iter time: 934.658401012
0.0550599635825 9454.98941724
177     , -13791.3    , array([ 0.608296   ,  0.0169985  ,  1.95889    ,  0.287245   ,  5.72238    ,  2.94926    ,  0.145398   ,  6.70468    ,  0.0108115  ,  0.345946   ,  2.90125    ])
WARNING:Inference:Model is masked in some entries where data is not.
WARNING:Inference:Number of affected entries is 154. Sum of data in those entries is 0.119442:
Iter time: 319.892344952
Iter time: 623.127353907
Iter time: 1077.14687395
0.119442138395 9454.98941724
178     , -13738.4    , array([ 0.605115   ,  0.0171451  ,  1.96326    ,  0.283849   ,  5.7472     ,  2.97524    ,  0.145674   ,  7.9485     ,  0.010871   ,  0.342155   ,  2.87938    ])
WARNING:Inference:Model is masked in some entries where data is not.
WARNING:Inference:Number of affected entries is 163. Sum of data in those entries is 0.0551006:
Iter time: 331.843096972
Iter time: 645.796534061
Iter time: 1116.84212804
0.0551006128824 9454.98941724
179     , -13775.4    , array([ 0.612703   ,  0.0164831  ,  1.96438    ,  0.283448   ,  5.75807    ,  2.97946    ,  0.145677   ,  8.22141    ,  0.0106827  ,  0.340867   ,  2.85301    ])
WARNING:Inference:Model is masked in some entries where data is not.
WARNING:Inference:Number of affected entries is 178. Sum of data in those entries is 0.0551038:
Iter time: 334.296231031
Iter time: 651.336171865
Iter time: 1123.83395195
0.0551037903346 9454.98941724
180     , -13868.4    , array([ 0.605972   ,  0.0177876  ,  1.96605    ,  0.281239   ,  5.72993    ,  2.98736    ,  0.144562   ,  8.37141    ,  0.0107054  ,  0.341456   ,  2.86173    ])
WARNING:Inference:Model is masked in some entries where data is not.
WARNING:Inference:Number of affected entries is 102. Sum of data in those entries is 0.0574027:
Iter time: 289.955096006
Iter time: 564.625396967
Iter time: 976.847572088
0.0574027410072 9454.98941724
181     , -13770.7    , array([ 0.607714   ,  0.0171925  ,  1.96067    ,  0.285732   ,  5.72427    ,  2.95874    ,  0.145188   ,  7.08734    ,  0.0107849  ,  0.344818   ,  2.89132    ])
WARNING:Inference:Model is masked in some entries where data is not.
WARNING:Inference:Number of affected entries is 171. Sum of data in those entries is 0.0551006:
Iter time: 333.19404006
Iter time: 648.16883111
Iter time: 1117.22328186
0.0551006128824 9454.98941724
182     , -13796.7    , array([ 0.605601   ,  0.0169409  ,  1.96155    ,  0.283287   ,  5.69982    ,  2.97739    ,  0.14383    ,  8.27591    ,  0.0108662  ,  0.342319   ,  2.88689    ])
WARNING:Inference:Model is masked in some entries where data is not.
WARNING:Inference:Number of affected entries is 105. Sum of data in those entries is 0.057403:
Iter time: 292.504331112
Iter time: 568.390376091
Iter time: 982.460561037
0.05740304348 9454.98941724
183     , -13765.7    , array([ 0.607791   ,  0.0175409  ,  1.96261    ,  0.284762   ,  5.7361     ,  2.96364    ,  0.145448   ,  7.16442    ,  0.0107202  ,  0.344354   ,  2.88046    ])
WARNING:Inference:Model is masked in some entries where data is not.
WARNING:Inference:Number of affected entries is 136. Sum of data in those entries is 0.169491:
Iter time: 313.104000092
Iter time: 609.528517962
Iter time: 1053.1788311
0.169490675775 9454.98941724
184     , -13719.4    , array([ 0.60813    ,  0.0167844  ,  1.96353    ,  0.284802   ,  5.81815    ,  2.98083    ,  0.15192    ,  7.68227    ,  0.0106714  ,  0.338475   ,  2.84155    ])
WARNING:Inference:Model is masked in some entries where data is not.
WARNING:Inference:Number of affected entries is 148. Sum of data in those entries is 0.169495:
Iter time: 321.889751196
Iter time: 626.808732986
Iter time: 1083.46551704
0.169494662004 9454.98941724
185     , -13686.5    , array([ 0.609064   ,  0.0162741  ,  1.96467    ,  0.285256   ,  5.90549    ,  2.99288    ,  0.158649   ,  7.86684    ,  0.0105861  ,  0.333696   ,  2.80433    ])
WARNING:Inference:Model is masked in some entries where data is not.
WARNING:Inference:Number of affected entries is 84. Sum of data in those entries is 0.0574:
Iter time: 277.753731012
Iter time: 540.65526104
Iter time: 934.300755978
0.0573999699883 9454.98941724
186     , -13770.6    , array([ 0.601092   ,  0.0181379  ,  1.96044    ,  0.285581   ,  5.73253    ,  2.96067    ,  0.147546   ,  6.79094    ,  0.0108148  ,  0.344464   ,  2.89667    ])
WARNING:Numerics:Extrapolation may have failed. Check resulting frequency spectrum for unexpected results.
WARNING:Inference:Model is masked in some entries where data is not.
WARNING:Inference:Number of affected entries is 143. Sum of data in those entries is 0.169491:
Iter time: 315.75316
Iter time: 614.657641888
Iter time: 1060.99760914
0.169490659591 9454.98941724
187     , -13724.4    , array([ 0.60482    ,  0.0175596  ,  1.9641     ,  0.283271   ,  5.7679     ,  2.98175    ,  0.148477   ,  7.81663    ,  0.0107177  ,  0.340453   ,  2.85925    ])
WARNING:Numerics:Extrapolation may have failed. Check resulting frequency spectrum for unexpected results.
WARNING:Inference:Model is masked in some entries where data is not.
WARNING:Inference:Number of affected entries is 178. Sum of data in those entries is 0.0551038:
Iter time: 336.929509878
Iter time: 655.943259954
Iter time: 1133.77286315
0.0551037903346 9454.98941724
188     , -13878.3    , array([ 0.612171   ,  0.0165466  ,  1.965      ,  0.283003   ,  5.76603    ,  2.98366    ,  0.146272   ,  8.36913    ,  0.0106706  ,  0.340078   ,  2.84723    ])
WARNING:Numerics:Extrapolation may have failed. Check resulting frequency spectrum for unexpected results.
WARNING:Inference:Model is masked in some entries where data is not.
WARNING:Inference:Number of affected entries is 104. Sum of data in those entries is 0.057403:
Iter time: 291.503417969
Iter time: 567.456066132
Iter time: 979.815279961
0.05740304348 9454.98941724
189     , -13755.4    , array([ 0.603843   ,  0.0177262  ,  1.96158    ,  0.284934   ,  5.74089    ,  2.9664     ,  0.147226   ,  7.15513    ,  0.0107785  ,  0.343362   ,  2.88423    ])
WARNING:Inference:Model is masked in some entries where data is not.
WARNING:Inference:Number of affected entries is 138. Sum of data in those entries is 0.169491:
Iter time: 315.953094959
Iter time: 615.327571154
Iter time: 1062.65711522
0.169490659591 9454.98941724
190     , -13717.1    , array([ 0.604227   ,  0.0170052  ,  1.96042    ,  0.283499   ,  5.70678    ,  2.97671    ,  0.149371   ,  7.80325    ,  0.0106975  ,  0.339331   ,  2.86444    ])
WARNING:Inference:Model is masked in some entries where data is not.
WARNING:Inference:Number of affected entries is 158. Sum of data in those entries is 0.119448:
Iter time: 324.097645998
Iter time: 631.452286959
Iter time: 1090.61542606
0.119447692173 9454.98941724
191     , -13718.2    , array([ 0.603987   ,  0.0170249  ,  1.9619     ,  0.283565   ,  5.74923    ,  2.98287    ,  0.149533   ,  8.03501    ,  0.0107591  ,  0.338998   ,  2.86111    ])
WARNING:Numerics:Extrapolation may have failed. Check resulting frequency spectrum for unexpected results.
WARNING:Inference:Model is masked in some entries where data is not.
WARNING:Inference:Number of affected entries is 155. Sum of data in those entries is 0.119442:
Iter time: 323.448662043
Iter time: 631.425077915
Iter time: 1091.46005797
0.119442138395 9454.98941724
192     , -13706.1    , array([ 0.603029   ,  0.0168848  ,  1.95917    ,  0.283346   ,  5.71377    ,  2.98299    ,  0.150925   ,  7.99897    ,  0.0106677  ,  0.337813   ,  2.86238    ])
WARNING:Numerics:Extrapolation may have failed. Check resulting frequency spectrum for unexpected results.
WARNING:Inference:Model is masked in some entries where data is not.
WARNING:Inference:Number of affected entries is 140. Sum of data in those entries is 0.169491:
Iter time: 318.2764709
Iter time: 617.347339869
Iter time: 1065.31749701
0.169490659591 9454.98941724
193     , -13689.8    , array([ 0.611489   ,  0.0174734  ,  1.96697    ,  0.280444   ,  5.74635    ,  2.99495    ,  0.151283   ,  7.80652    ,  0.0104829  ,  0.340484   ,  2.8604     ])
WARNING:Inference:Model is masked in some entries where data is not.
WARNING:Inference:Number of affected entries is 158. Sum of data in those entries is 0.119448:
Iter time: 326.07707715
Iter time: 635.21122694
Iter time: 1098.10584807
0.119447692173 9454.98941724
194     , -13694.3    , array([ 0.603747   ,  0.016817   ,  1.96228    ,  0.283962   ,  5.70797    ,  2.99067    ,  0.152875   ,  8.04751    ,  0.0105556  ,  0.337312   ,  2.85564    ])
WARNING:Inference:Model is masked in some entries where data is not.
WARNING:Inference:Number of affected entries is 162. Sum of data in those entries is 0.0551006:
Iter time: 330.081801891
Iter time: 642.809492111
Iter time: 1113.20405197
0.0551006128824 9454.98941724
195     , -13689.8    , array([ 0.603627   ,  0.016771   ,  1.95945    ,  0.282402   ,  5.70868    ,  2.99625    ,  0.15514    ,  8.14443    ,  0.0105053  ,  0.335035   ,  2.85109    ])
