Marginal likelihood with initialization (1) = -0.7137537247
Marginal likelihood with initialization (2) = -0.7154574710
Marginal likelihood with initialization (3) = -0.7137504157
Marginal likelihood with initialization (4) = -0.7162879592
Marginal likelihood with initialization (5) = -0.7130041453
Iteration Marginal_Likelihood delta_Marginal_Likelihood Iteration_Time (secs)
0 -0.7130041453 -- 1456.281
10 -0.7129935040 0.0000106414 234.369
20 -0.7129888954 0.0000046086 234.840
30 -0.7129860845 0.0000028109 235.053
40 -0.7129836713 0.0000024132 235.200
50 -0.7129813051 0.0000023662 235.489
60 -0.7129788484 0.0000024567 235.781
70 -0.7129768601 0.0000019883 235.976
80 -0.7129735643 0.0000032958 236.114
90 -0.7129718009 0.0000017634 236.189
100 -0.7129706597 0.0000011412 236.230
110 -0.7129702728 0.0000003869 236.299
Marginal Likelihood = -0.7129702728
Total time = 4056.2559 seconds
Total iterations = 110 
